[2026-03-23T13:36:18.062Z] Pipeline "set_exp_2_exp_2_n020_c003_g004" → 2026_03_23_13_36_17_set_exp_2_exp_2_n020_c003_g004_max.sol
Set parameter WLSAccessID
Set parameter WLSSecret
Set parameter LicenseID to value 2792458
Set parameter LogFile to value "gurobi.log"
Using license file /root/gurobi.lic
Academic license 2792458 - for non-commercial use only - registered to an___@studenti.unipg.it

Gurobi Optimizer version 13.0.1 build v13.0.1rc0 (linux64 - "Ubuntu 24.04.4 LTS")
Copyright (c) 2026, Gurobi Optimization, LLC

Warning: Duplicate section found (read 'binary') - Is a variable name equal to an LP file format keyword?
Warning: Duplicate section found (read 'binary') - Is a variable name equal to an LP file format keyword?
Warning: Duplicate section found (read 'binary') - Is a variable name equal to an LP file format keyword?
Warning: Duplicate section found (read 'binary') - Is a variable name equal to an LP file format keyword?
Warning: Duplicate section found (read 'binary') - Is a variable name equal to an LP file format keyword?
Warning: Duplicate section found (read 'binary') - Is a variable name equal to an LP file format keyword?
Warning: Duplicate section found (read 'binary') - Is a variable name equal to an LP file format keyword?
Warning: Duplicate section found (read 'binary') - Is a variable name equal to an LP file format keyword?
Warning: Duplicate section found (read 'binary') - Is a variable name equal to an LP file format keyword?
Warning: Duplicate section found (read 'binary') - Is a variable name equal to an LP file format keyword?
Warning: Further warnings of this type will be omitted.
Read LP format model from file /root/bgw/data/uploads/2026_03_23_13_36_17_set_exp_2_exp_2_n020_c003_g004_max.lp
Reading time = 0.01 seconds
: 2723 rows, 293 columns, 8092 nonzeros

Using Gurobi shared library /opt/gurobi1301/linux64/lib/libgurobi.so.13.0.1

CPU model: AMD EPYC-Genoa Processor, instruction set [SSE2|AVX|AVX2|AVX512]
Thread count: 16 physical cores, 16 logical processors, using up to 16 threads

Academic license 2792458 - for non-commercial use only - registered to an___@studenti.unipg.it
Optimize a model with 2723 rows, 293 columns and 8092 nonzeros (Max)
Model fingerprint: 0x7b750424
Model has 3 linear objective coefficients
Variable types: 23 continuous, 270 integer (270 binary)
Coefficient statistics:
  Matrix range     [1e+00, 2e+01]
  Objective range  [1e+00, 1e+00]
  Bounds range     [1e+00, 1e+00]
  RHS range        [1e+00, 2e+01]

Found heuristic solution: objective 3.0000000
Presolve removed 420 rows and 88 columns
Presolve time: 0.01s
Presolved: 2303 rows, 205 columns, 7028 nonzeros
Variable types: 0 continuous, 205 integer (198 binary)
Found heuristic solution: objective 4.0000000

Root relaxation: objective 1.200000e+01, 162 iterations, 0.01 seconds (0.01 work units)

    Nodes    |    Current Node    |     Objective Bounds      |     Work
 Expl Unexpl |  Obj  Depth IntInf | Incumbent    BestBd   Gap | It/Node Time

     0     0   12.00000    0   12    4.00000   12.00000   200%     -    0s
H    0     0                       9.0000000   12.00000  33.3%     -    0s
     0     0   12.00000    0   15    9.00000   12.00000  33.3%     -    0s
     0     0   12.00000    0   14    9.00000   12.00000  33.3%     -    0s
     0     0   12.00000    0   18    9.00000   12.00000  33.3%     -    0s
     0     0   12.00000    0   10    9.00000   12.00000  33.3%     -    0s
     0     0   11.00000    0   11    9.00000   11.00000  22.2%     -    0s
     0     0   11.00000    0   11    9.00000   11.00000  22.2%     -    0s
     0     0   11.00000    0   11    9.00000   11.00000  22.2%     -    0s
     0     0   11.00000    0   10    9.00000   11.00000  22.2%     -    0s
     0     0   11.00000    0    9    9.00000   11.00000  22.2%     -    0s
     0     0   11.00000    0   13    9.00000   11.00000  22.2%     -    0s
     0     0   11.00000    0   10    9.00000   11.00000  22.2%     -    0s
     0     0   10.00000    0   10    9.00000   10.00000  11.1%     -    0s
     0     0   10.00000    0   10    9.00000   10.00000  11.1%     -    0s
     0     0   10.00000    0   10    9.00000   10.00000  11.1%     -    0s

Cutting planes:
  Cover: 1
  MIR: 7
  Inf proof: 1
  Zero half: 2
  Mod-K: 1

Explored 1 nodes (755 simplex iterations) in 0.15 seconds (0.11 work units)
Thread count was 16 (of 16 available processors)

Solution count 3: 9 4 3 

Optimal solution found (tolerance 1.00e-04)
Best objective 9.000000000000e+00, best bound 9.000000000000e+00, gap 0.0000%

Wrote result file '/root/bgw/data/results/2026_03_23_13_36_17_set_exp_2_exp_2_n020_c003_g004_max.sol'

