[2026-03-24T15:24:46.508Z] Pipeline "set_vm-3-t1_vm-3-t1_s024_g001" → 2026_03_24_15_24_46_set_vm-3-t1_vm-3-t1_s024_g001_max.sol
Set parameter Username
Set parameter LicenseID to value 2796068
Set parameter LogFile to value "gurobi.log"
Using license file /opt/gurobi/gurobi.lic
Academic license - for non-commercial use only - expires 2027-03-23

Gurobi Optimizer version 13.0.1 build v13.0.1rc0 (linux64 - "Ubuntu 24.04.4 LTS")
Copyright (c) 2026, Gurobi Optimization, LLC

Warning: Duplicate section found (read 'binary') - Is a variable name equal to an LP file format keyword?
Warning: Duplicate section found (read 'binary') - Is a variable name equal to an LP file format keyword?
Warning: Duplicate section found (read 'binary') - Is a variable name equal to an LP file format keyword?
Warning: Duplicate section found (read 'binary') - Is a variable name equal to an LP file format keyword?
Warning: Duplicate section found (read 'binary') - Is a variable name equal to an LP file format keyword?
Warning: Duplicate section found (read 'binary') - Is a variable name equal to an LP file format keyword?
Warning: Duplicate section found (read 'binary') - Is a variable name equal to an LP file format keyword?
Warning: Duplicate section found (read 'binary') - Is a variable name equal to an LP file format keyword?
Warning: Duplicate section found (read 'binary') - Is a variable name equal to an LP file format keyword?
Warning: Duplicate section found (read 'binary') - Is a variable name equal to an LP file format keyword?
Warning: Further warnings of this type will be omitted.
Read LP format model from file /root/bgw/data/uploads/2026_03_24_15_24_46_set_vm-3-t1_vm-3-t1_s024_g001_max.lp
Reading time = 0.01 seconds
: 12440 rows, 686 columns, 38005 nonzeros

Using Gurobi shared library /opt/gurobi1301/linux64/lib/libgurobi.so.13.0.1

CPU model: AMD EPYC-Genoa Processor, instruction set [SSE2|AVX|AVX2|AVX512]
Thread count: 16 physical cores, 16 logical processors, using up to 16 threads

Optimize a model with 12440 rows, 686 columns and 38005 nonzeros (Max)
Model fingerprint: 0xc5a45fda
Model has 22 linear objective coefficients
Variable types: 56 continuous, 630 integer (630 binary)
Coefficient statistics:
  Matrix range     [1e+00, 4e+01]
  Objective range  [1e+00, 1e+00]
  Bounds range     [1e+00, 1e+00]
  RHS range        [1e+00, 4e+01]

Found heuristic solution: objective 22.0000000
Presolve removed 430 rows and 100 columns
Presolve time: 0.04s
Presolved: 12010 rows, 586 columns, 36278 nonzeros
Variable types: 0 continuous, 586 integer (578 binary)

Root relaxation: objective 1.130000e+02, 532 iterations, 0.04 seconds (0.05 work units)

    Nodes    |    Current Node    |     Objective Bounds      |     Work
 Expl Unexpl |  Obj  Depth IntInf | Incumbent    BestBd   Gap | It/Node Time

     0     0  113.00000    0   32   22.00000  113.00000   414%     -    0s
H    0     0                      44.0000000  113.00000   157%     -    0s
H    0     0                      50.0000000  113.00000   126%     -    0s
H    0     0                      52.0000000  113.00000   117%     -    0s
H    0     0                      53.0000000  113.00000   113%     -    0s
H    0     0                      60.0000000  113.00000  88.3%     -    0s
H    0     0                      61.0000000  113.00000  85.2%     -    0s
     0     0  113.00000    0   33   61.00000  113.00000  85.2%     -    0s
     0     0  113.00000    0   55   61.00000  113.00000  85.2%     -    0s
     0     0  113.00000    0   32   61.00000  113.00000  85.2%     -    0s
     0     0  113.00000    0   33   61.00000  113.00000  85.2%     -    0s
     0     0  113.00000    0   31   61.00000  113.00000  85.2%     -    0s
     0     0  113.00000    0   31   61.00000  113.00000  85.2%     -    0s
     0     0  113.00000    0   31   61.00000  113.00000  85.2%     -    0s
     0     0  113.00000    0   34   61.00000  113.00000  85.2%     -    0s
     0     0  113.00000    0   31   61.00000  113.00000  85.2%     -    0s
     0     0  113.00000    0   32   61.00000  113.00000  85.2%     -    0s
     0     0  113.00000    0   32   61.00000  113.00000  85.2%     -    0s
     0     0  113.00000    0   27   61.00000  113.00000  85.2%     -    0s
     0     0  112.89063    0   35   61.00000  112.89063  85.1%     -    0s
     0     0  112.89063    0   27   61.00000  112.89063  85.1%     -    0s
     0     0  112.85417    0   27   61.00000  112.85417  85.0%     -    0s
     0     0  112.85417    0   27   61.00000  112.85417  85.0%     -    0s
     0     2  112.00000    0   27   61.00000  112.00000  83.6%     -    0s
  1281   389 infeasible   19        61.00000   94.40625  54.8%   230    5s
  3579   527 infeasible   18        61.00000   81.00000  32.8%   258   10s
  5778   202     cutoff   16        61.00000   69.33333  13.7%   278   15s

Cutting planes:
  Cover: 22
  Inf proof: 63

Explored 6345 nodes (1756961 simplex iterations) in 15.83 seconds (35.47 work units)
Thread count was 16 (of 16 available processors)

Solution count 7: 61 60 53 ... 22

Optimal solution found (tolerance 1.00e-04)
Best objective 6.100000000000e+01, best bound 6.100000000000e+01, gap 0.0000%

Wrote result file '/root/bgw/data/results/2026_03_24_15_24_46_set_vm-3-t1_vm-3-t1_s024_g001_max.sol'

