[2026-03-23T16:06:49.283Z] Pipeline "set_exp_3_exp_3_n030_c003_g003" → 2026_03_23_16_06_49_set_exp_3_exp_3_n030_c003_g003_max.sol
Set parameter WLSAccessID
Set parameter WLSSecret
Set parameter LicenseID to value 2792458
Set parameter LogFile to value "gurobi.log"
Using license file /root/gurobi.lic
Academic license 2792458 - for non-commercial use only - registered to an___@studenti.unipg.it

Gurobi Optimizer version 13.0.1 build v13.0.1rc0 (linux64 - "Ubuntu 24.04.4 LTS")
Copyright (c) 2026, Gurobi Optimization, LLC

Warning: Duplicate section found (read 'binary') - Is a variable name equal to an LP file format keyword?
Warning: Duplicate section found (read 'binary') - Is a variable name equal to an LP file format keyword?
Warning: Duplicate section found (read 'binary') - Is a variable name equal to an LP file format keyword?
Warning: Duplicate section found (read 'binary') - Is a variable name equal to an LP file format keyword?
Warning: Duplicate section found (read 'binary') - Is a variable name equal to an LP file format keyword?
Warning: Duplicate section found (read 'binary') - Is a variable name equal to an LP file format keyword?
Warning: Duplicate section found (read 'binary') - Is a variable name equal to an LP file format keyword?
Warning: Duplicate section found (read 'binary') - Is a variable name equal to an LP file format keyword?
Warning: Duplicate section found (read 'binary') - Is a variable name equal to an LP file format keyword?
Warning: Duplicate section found (read 'binary') - Is a variable name equal to an LP file format keyword?
Warning: Further warnings of this type will be omitted.
Read LP format model from file /root/bgw/data/uploads/2026_03_23_16_06_49_set_exp_3_exp_3_n030_c003_g003_max.lp
Reading time = 0.01 seconds
: 9441 rows, 704 columns, 27870 nonzeros

Using Gurobi shared library /opt/gurobi1301/linux64/lib/libgurobi.so.13.0.1

CPU model: AMD EPYC-Genoa Processor, instruction set [SSE2|AVX|AVX2|AVX512]
Thread count: 16 physical cores, 16 logical processors, using up to 16 threads

Academic license 2792458 - for non-commercial use only - registered to an___@studenti.unipg.it
Optimize a model with 9441 rows, 704 columns and 27870 nonzeros (Max)
Model fingerprint: 0xa9b83e91
Model has 11 linear objective coefficients
Variable types: 41 continuous, 663 integer (663 binary)
Coefficient statistics:
  Matrix range     [1e+00, 3e+01]
  Objective range  [1e+00, 1e+00]
  Bounds range     [1e+00, 1e+00]
  RHS range        [1e+00, 3e+01]

Found heuristic solution: objective 11.0000000
Presolve removed 1285 rows and 247 columns
Presolve time: 0.04s
Presolved: 8156 rows, 457 columns, 24684 nonzeros
Variable types: 0 continuous, 457 integer (449 binary)
Found heuristic solution: objective 15.0000000

Root relaxation: objective 5.000000e+01, 484 iterations, 0.04 seconds (0.04 work units)

    Nodes    |    Current Node    |     Objective Bounds      |     Work
 Expl Unexpl |  Obj  Depth IntInf | Incumbent    BestBd   Gap | It/Node Time

     0     0   50.00000    0   37   15.00000   50.00000   233%     -    0s
H    0     0                      21.0000000   50.00000   138%     -    0s
H    0     0                      27.0000000   50.00000  85.2%     -    0s
H    0     0                      29.0000000   50.00000  72.4%     -    0s
H    0     0                      30.0000000   50.00000  66.7%     -    0s
     0     0   50.00000    0   40   30.00000   50.00000  66.7%     -    0s
H    0     0                      31.0000000   50.00000  61.3%     -    0s
     0     0   50.00000    0   40   31.00000   50.00000  61.3%     -    0s
     0     0   50.00000    0   22   31.00000   50.00000  61.3%     -    0s
     0     0   50.00000    0   31   31.00000   50.00000  61.3%     -    0s
     0     0   50.00000    0   21   31.00000   50.00000  61.3%     -    0s
     0     0   50.00000    0   21   31.00000   50.00000  61.3%     -    0s
     0     0   49.92857    0   16   31.00000   49.92857  61.1%     -    0s
     0     0   49.92857    0   16   31.00000   49.92857  61.1%     -    0s
     0     0   49.00000    0   27   31.00000   49.00000  58.1%     -    0s
     0     0   49.00000    0   27   31.00000   49.00000  58.1%     -    0s
     0     0   49.00000    0   27   31.00000   49.00000  58.1%     -    0s
     0     0   49.00000    0   35   31.00000   49.00000  58.1%     -    0s
     0     0   49.00000    0   29   31.00000   49.00000  58.1%     -    0s
     0     0   48.00000    0   21   31.00000   48.00000  54.8%     -    0s
     0     0   48.00000    0   21   31.00000   48.00000  54.8%     -    0s
     0     0   48.00000    0   30   31.00000   48.00000  54.8%     -    0s
     0     0   48.00000    0   29   31.00000   48.00000  54.8%     -    1s
     0     0   48.00000    0   29   31.00000   48.00000  54.8%     -    1s
     0     0   48.00000    0   29   31.00000   48.00000  54.8%     -    1s
     0     2   48.00000    0   29   31.00000   48.00000  54.8%     -    1s
  3042   538   38.69702   12   70   31.00000   40.96429  32.1%   135    5s

Cutting planes:
  Cover: 47
  MIR: 10
  StrongCG: 3
  Inf proof: 62
  Zero half: 4

Explored 7080 nodes (1041143 simplex iterations) in 9.00 seconds (15.38 work units)
Thread count was 16 (of 16 available processors)

Solution count 7: 31 30 29 ... 11

Optimal solution found (tolerance 1.00e-04)
Best objective 3.100000000000e+01, best bound 3.100000000000e+01, gap 0.0000%

Wrote result file '/root/bgw/data/results/2026_03_23_16_06_49_set_exp_3_exp_3_n030_c003_g003_max.sol'

