[2026-03-24T00:33:43.069Z] Pipeline "set_set_set_s005_g003" → 2026_03_24_00_33_42_set_set_set_s005_g003_max.sol
Set parameter WLSAccessID
Set parameter WLSSecret
Set parameter LicenseID to value 2792458
Set parameter LogFile to value "gurobi.log"
Using license file /root/gurobi.lic
Academic license 2792458 - for non-commercial use only - registered to an___@studenti.unipg.it

Gurobi Optimizer version 13.0.1 build v13.0.1rc0 (linux64 - "Ubuntu 24.04.4 LTS")
Copyright (c) 2026, Gurobi Optimization, LLC

Warning: Duplicate section found (read 'binary') - Is a variable name equal to an LP file format keyword?
Warning: Duplicate section found (read 'binary') - Is a variable name equal to an LP file format keyword?
Warning: Duplicate section found (read 'binary') - Is a variable name equal to an LP file format keyword?
Warning: Duplicate section found (read 'binary') - Is a variable name equal to an LP file format keyword?
Warning: Duplicate section found (read 'binary') - Is a variable name equal to an LP file format keyword?
Warning: Duplicate section found (read 'binary') - Is a variable name equal to an LP file format keyword?
Warning: Duplicate section found (read 'binary') - Is a variable name equal to an LP file format keyword?
Warning: Duplicate section found (read 'binary') - Is a variable name equal to an LP file format keyword?
Warning: Duplicate section found (read 'binary') - Is a variable name equal to an LP file format keyword?
Warning: Duplicate section found (read 'binary') - Is a variable name equal to an LP file format keyword?
Warning: Further warnings of this type will be omitted.
Read LP format model from file /root/bgw/data/uploads/2026_03_24_00_33_42_set_set_set_s005_g003_max.lp
Reading time = 0.00 seconds
: 488 rows, 103 columns, 1319 nonzeros

Using Gurobi shared library /opt/gurobi1301/linux64/lib/libgurobi.so.13.0.1

CPU model: AMD EPYC-Genoa Processor, instruction set [SSE2|AVX|AVX2|AVX512]
Thread count: 16 physical cores, 16 logical processors, using up to 16 threads

Academic license 2792458 - for non-commercial use only - registered to an___@studenti.unipg.it
Optimize a model with 488 rows, 103 columns and 1319 nonzeros (Max)
Model fingerprint: 0x11f37cd7
Model has 10 linear objective coefficients
Variable types: 20 continuous, 83 integer (83 binary)
Coefficient statistics:
  Matrix range     [1e+00, 1e+01]
  Objective range  [1e+00, 1e+00]
  Bounds range     [1e+00, 1e+00]
  RHS range        [1e+00, 1e+01]

Found heuristic solution: objective 10.0000000
Presolve removed 205 rows and 32 columns
Presolve time: 0.00s
Presolved: 283 rows, 71 columns, 912 nonzeros
Variable types: 0 continuous, 71 integer (62 binary)
Found heuristic solution: objective 12.0000000

Root relaxation: objective 4.300000e+01, 85 iterations, 0.00 seconds (0.00 work units)

    Nodes    |    Current Node    |     Objective Bounds      |     Work
 Expl Unexpl |  Obj  Depth IntInf | Incumbent    BestBd   Gap | It/Node Time

     0     0   43.00000    0   43   12.00000   43.00000   258%     -    0s
H    0     0                      13.0000000   43.00000   231%     -    0s
H    0     0                      18.0000000   43.00000   139%     -    0s
H    0     0                      20.0000000   43.00000   115%     -    0s
H    0     0                      22.0000000   43.00000  95.5%     -    0s
     0     0   43.00000    0   44   22.00000   43.00000  95.5%     -    0s
     0     0   43.00000    0   44   22.00000   43.00000  95.5%     -    0s
     0     0   43.00000    0   43   22.00000   43.00000  95.5%     -    0s
     0     0   43.00000    0   43   22.00000   43.00000  95.5%     -    0s
H    0     0                      24.0000000   43.00000  79.2%     -    0s
H    0     0                      25.0000000   43.00000  72.0%     -    0s
H    0     0                      26.0000000   43.00000  65.4%     -    0s
     0     0   43.00000    0   43   26.00000   43.00000  65.4%     -    0s
     0     0   43.00000    0   44   26.00000   43.00000  65.4%     -    0s
     0     0   43.00000    0   42   26.00000   43.00000  65.4%     -    0s
     0     0   43.00000    0   40   26.00000   43.00000  65.4%     -    0s
     0     0   43.00000    0   40   26.00000   43.00000  65.4%     -    0s
     0     0   42.87500    0   42   26.00000   42.87500  64.9%     -    0s
     0     0   42.87500    0   42   26.00000   42.87500  64.9%     -    0s
     0     0   42.75000    0   42   26.00000   42.75000  64.4%     -    0s
     0     0   42.50000    0   41   26.00000   42.50000  63.5%     -    0s
     0     0   42.50000    0   40   26.00000   42.50000  63.5%     -    0s
     0     0   42.00000    0   40   26.00000   42.00000  61.5%     -    0s
     0     0   42.00000    0   40   26.00000   42.00000  61.5%     -    0s
     0     2   42.00000    0   40   26.00000   42.00000  61.5%     -    0s

Cutting planes:
  Cover: 34
  Inf proof: 48
  Zero half: 1

Explored 6821 nodes (102559 simplex iterations) in 0.40 seconds (0.41 work units)
Thread count was 16 (of 16 available processors)

Solution count 9: 26 25 24 ... 10

Optimal solution found (tolerance 1.00e-04)
Best objective 2.600000000000e+01, best bound 2.600000000000e+01, gap 0.0000%

Wrote result file '/root/bgw/data/results/2026_03_24_00_33_42_set_set_set_s005_g003_max.sol'

