[2026-03-24T14:49:17.155Z] Pipeline "set_vm-3-t1_vm-3-t1_s019_g003" → 2026_03_24_14_49_17_set_vm-3-t1_vm-3-t1_s019_g003_max.sol
Set parameter Username
Set parameter LicenseID to value 2796068
Set parameter LogFile to value "gurobi.log"
Using license file /opt/gurobi/gurobi.lic
Academic license - for non-commercial use only - expires 2027-03-23

Gurobi Optimizer version 13.0.1 build v13.0.1rc0 (linux64 - "Ubuntu 24.04.4 LTS")
Copyright (c) 2026, Gurobi Optimization, LLC

Warning: Duplicate section found (read 'binary') - Is a variable name equal to an LP file format keyword?
Warning: Duplicate section found (read 'binary') - Is a variable name equal to an LP file format keyword?
Warning: Duplicate section found (read 'binary') - Is a variable name equal to an LP file format keyword?
Warning: Duplicate section found (read 'binary') - Is a variable name equal to an LP file format keyword?
Warning: Duplicate section found (read 'binary') - Is a variable name equal to an LP file format keyword?
Warning: Duplicate section found (read 'binary') - Is a variable name equal to an LP file format keyword?
Warning: Duplicate section found (read 'binary') - Is a variable name equal to an LP file format keyword?
Warning: Duplicate section found (read 'binary') - Is a variable name equal to an LP file format keyword?
Warning: Duplicate section found (read 'binary') - Is a variable name equal to an LP file format keyword?
Warning: Duplicate section found (read 'binary') - Is a variable name equal to an LP file format keyword?
Warning: Further warnings of this type will be omitted.
Read LP format model from file /root/bgw/data/uploads/2026_03_24_14_49_17_set_vm-3-t1_vm-3-t1_s019_g003_max.lp
Reading time = 0.01 seconds
: 8097 rows, 589 columns, 24447 nonzeros

Using Gurobi shared library /opt/gurobi1301/linux64/lib/libgurobi.so.13.0.1

CPU model: AMD EPYC-Genoa Processor, instruction set [SSE2|AVX|AVX2|AVX512]
Thread count: 16 physical cores, 16 logical processors, using up to 16 threads

Optimize a model with 8097 rows, 589 columns and 24447 nonzeros (Max)
Model fingerprint: 0x43bef05d
Model has 48 linear objective coefficients
Variable types: 77 continuous, 512 integer (512 binary)
Coefficient statistics:
  Matrix range     [1e+00, 3e+01]
  Objective range  [1e+00, 1e+00]
  Bounds range     [1e+00, 1e+00]
  RHS range        [1e+00, 3e+01]

Found heuristic solution: objective 48.0000000
Presolve removed 719 rows and 142 columns
Presolve time: 0.03s
Presolved: 7378 rows, 447 columns, 22446 nonzeros
Variable types: 0 continuous, 447 integer (435 binary)
Found heuristic solution: objective 55.0000000

Root relaxation: objective 2.580000e+02, 655 iterations, 0.05 seconds (0.07 work units)

    Nodes    |    Current Node    |     Objective Bounds      |     Work
 Expl Unexpl |  Obj  Depth IntInf | Incumbent    BestBd   Gap | It/Node Time

     0     0  258.00000    0   89   55.00000  258.00000   369%     -    0s
H    0     0                      75.0000000  258.00000   244%     -    0s
H    0     0                     104.0000000  258.00000   148%     -    0s
     0     0  258.00000    0   97  104.00000  258.00000   148%     -    0s
     0     0  258.00000    0   96  104.00000  258.00000   148%     -    0s
     0     0  258.00000    0   95  104.00000  258.00000   148%     -    0s
     0     0  258.00000    0   72  104.00000  258.00000   148%     -    0s
H    0     0                     109.0000000  258.00000   137%     -    0s
H    0     0                     116.0000000  258.00000   122%     -    0s
     0     0  258.00000    0   74  116.00000  258.00000   122%     -    0s
     0     0  258.00000    0   73  116.00000  258.00000   122%     -    0s
     0     0  258.00000    0   71  116.00000  258.00000   122%     -    0s
     0     0  258.00000    0   71  116.00000  258.00000   122%     -    0s
H    0     0                     125.0000000  258.00000   106%     -    0s
     0     0  258.00000    0   71  125.00000  258.00000   106%     -    0s
     0     0  258.00000    0   71  125.00000  258.00000   106%     -    0s
     0     0  258.00000    0   71  125.00000  258.00000   106%     -    0s
     0     0  258.00000    0   71  125.00000  258.00000   106%     -    0s
     0     0  257.74074    0   72  125.00000  257.74074   106%     -    0s
     0     0  257.74074    0   72  125.00000  257.74074   106%     -    1s
     0     0  256.96296    0   72  125.00000  256.96296   106%     -    1s
     0     0  256.96296    0   72  125.00000  256.96296   106%     -    1s
     0     2  256.96296    0   72  125.00000  256.96296   106%     -    1s
  1618  1057     cutoff   34       125.00000  256.91111   106%   175    5s
  3915  2068  144.92593   39   25  125.00000  251.00000   101%   175   10s
  8946  2824  202.00000   25   51  125.00000  230.25926  84.2%   155   15s
 16169  5852  139.70370   38   56  125.00000  217.03704  73.6%   146   20s
 20958  7580  214.45370   30   69  125.00000  214.45370  71.6%   147   25s
 24383  8311  188.98148   43   63  125.00000  214.45370  71.6%   151   30s
 29083  9214  167.33333   43   73  125.00000  214.45370  71.6%   159   35s
 35136 10035  161.39174   50   65  125.00000  214.45370  71.6%   165   40s
 42503 10837  131.74074   57   26  125.00000  214.45370  71.6%   168   45s
 47462 12861  183.00000   40   53  125.00000  209.49020  67.6%   172   50s
 55232 16296  146.48148   52   48  125.00000  207.72840  66.2%   175   55s
 60189 18552 infeasible   39       125.00000  203.48148  62.8%   177   60s
 63151 20137  188.66667   44   97  125.00000  202.83333  62.3%   179   67s
 68435 22217     cutoff   54       125.00000  201.92593  61.5%   179   70s
 74824 24722  186.40741   41   70  125.00000  200.75556  60.6%   180   75s
 81073 27488  167.40278   46   66  125.00000  196.74074  57.4%   182   80s
 87713 30427 infeasible   53       125.00000  195.96296  56.8%   183   85s
 94061 33094  150.62963   49   38  125.00000  195.22222  56.2%   185   90s
 101004 35618 infeasible   46       125.00000  194.44444  55.6%   185   95s
 107868 38017 infeasible   52       125.00000  193.14815  54.5%   185  100s
 115832 41671  146.48148   54   43  125.00000  189.56790  51.7%   186  106s
 122465 44431  154.65432   50   37  125.00000  189.00000  51.2%   187  110s
 128166 47184  160.60494   46  164  125.00000  188.69753  51.0%   188  117s
 132748 48694  167.73148   47   64  125.00000  188.40741  50.7%   189  120s
 139685 51164  138.96296   49   69  125.00000  187.92593  50.3%   189  126s
 147495 53380 infeasible   53       125.00000  187.03704  49.6%   189  131s
 152344 54806  147.00000   50   56  125.00000  186.18519  48.9%   189  135s
 160215 58149     cutoff   49       125.00000  182.82384  46.3%   190  141s
 166949 61012  160.99003   46   59  125.00000  182.48148  46.0%   190  146s
 174024 63592 infeasible   46       125.00000  182.01010  45.6%   190  150s
 179018 65461  132.74074   53   55  125.00000  181.86420  45.5%   191  155s
 183469 67307  164.43162   49   84  125.00000  181.62963  45.3%   191  160s
 189980 69458  139.82222   51   59  125.00000  181.35185  45.1%   192  165s
 196308 71648  127.00000   52   76  125.00000  181.00000  44.8%   192  170s
 202692 73644  166.50617   51   30  125.00000  180.70370  44.6%   192  175s
 209783 75545  131.70370   50   60  125.00000  180.18519  44.1%   192  180s
 217300 77274  147.81096   50   77  125.00000  179.00000  43.2%   191  185s
 224761 79668  141.00000   47   65  125.00000  176.07407  40.9%   191  191s
 231082 82222  155.48148   44  104  125.00000  175.74074  40.6%   192  195s
 236829 84657  161.48148   48   48  125.00000  175.59259  40.5%   192  200s
 244380 87451  132.55556   52  104  125.00000  175.29630  40.2%   192  205s
 251534 89634  166.70370   49   73  125.00000  175.02030  40.0%   191  210s
 257848 91716  140.82716   54   27  125.00000  174.93519  39.9%   192  215s
 263717 93759  167.51235   45   76  125.00000  174.74691  39.8%   192  220s
 270087 95852  154.27160   47  128  125.00000  174.55128  39.6%   193  226s
 275126 97295     cutoff   50       125.00000  174.42357  39.5%   193  230s
 281328 99218 infeasible   46       125.00000  174.22222  39.4%   193  236s
 286085 100453  166.47151   49   35  125.00000  174.04233  39.2%   193  240s
 293236 102332  152.00000   46   67  125.00000  173.77778  39.0%   193  245s
 299951 103778  139.08108   50   49  125.00000  173.44444  38.8%   193  250s
 306784 105115  147.74074   48   64  125.00000  172.92593  38.3%   193  255s
 313141 106348  126.90535   53   82  125.00000  172.21225  37.8%   193  260s
 319594 108029 infeasible   47       125.00000  170.46866  36.4%   193  265s
 324207 109652  126.92593   52   28  125.00000  169.16667  35.3%   193  270s
 330964 112126  126.00000   57   11  125.00000  168.82716  35.1%   193  276s
 336318 113995  140.30864   53   52  125.00000  168.74074  35.0%   193  280s
 341718 116053  126.22222   54   49  125.00000  168.56790  34.9%   193  285s
 347855 117932  141.09259   46   58  125.00000  168.48148  34.8%   193  290s
 355313 120066  140.48148   52   41  125.00000  168.22222  34.6%   192  296s
 360332 121271     cutoff   52       125.00000  168.09877  34.5%   192  300s
 366398 122950  126.96296   52   31  125.00000  167.96296  34.4%   193  306s
 371364 124475  146.44444   53   44  125.00000  167.88889  34.3%   193  310s
 377971 126226  146.84877   46   51  125.00000  167.74074  34.2%   193  316s
 382290 127652  132.79753   47   34  125.00000  167.66714  34.1%   193  320s
 387122 128896  139.41235   51   43  125.00000  167.51852  34.0%   193  325s
 393404 130244  132.75309   51   34  125.00000  167.44444  34.0%   193  330s
 398509 131392 infeasible   56       125.00000  167.29012  33.8%   194  335s
 406044 132717  146.17460   47  118  125.00000  167.11681  33.7%   193  340s
 412456 133926  145.92593   50  125  125.00000  166.92593  33.5%   193  345s
 419086 134939  160.28418   45   83  125.00000  166.68471  33.3%   193  350s
 423982 135903  132.94444   52   94  125.00000  166.44444  33.2%   193  355s
 431067 136829     cutoff   54       125.00000  166.14815  32.9%   193  360s
 437565 137378  139.63889   51   92  125.00000  165.71164  32.6%   192  365s
 444080 138098     cutoff   49       125.00000  164.85522  31.9%   192  370s
 451967 140161  147.80093   49   47  125.00000  162.98519  30.4%   192  376s
 458735 142089  132.77778   46   35  125.00000  162.00000  29.6%   192  380s
 465666 144154  133.68519   56   30  125.00000  162.00000  29.6%   192  385s
 472606 146515  146.74074   52   23  125.00000  161.83333  29.5%   192  390s
 478830 148199     cutoff   52       125.00000  161.74074  29.4%   192  395s
 486673 150292  133.74074   51   52  125.00000  161.56125  29.2%   192  400s
 488989 151436  154.18519   50   34  125.00000  161.49145  29.2%   191  405s
 498420 152744  133.62963   53   63  125.00000  161.32099  29.1%   191  410s
 507167 154155  133.74074   53   69  125.00000  161.13580  28.9%   191  415s
 513452 155661 infeasible   57       125.00000  161.00000  28.8%   191  420s
 519010 156736  147.74074   47   83  125.00000  160.96296  28.8%   191  426s
 523845 157838 infeasible   53       125.00000  160.89815  28.7%   191  430s
 530490 159365     cutoff   52       125.00000  160.81481  28.7%   191  435s
 535265 160488  136.87892   49   85  125.00000  160.74074  28.6%   191  440s
 542027 161565  139.69136   50   71  125.00000  160.65808  28.5%   191  445s
 546653 162683  133.89506   53   81  125.00000  160.59259  28.5%   192  450s
 554378 163765  132.70370   54   60  125.00000  160.48148  28.4%   191  455s
 560415 164541  139.35185   47   58  125.00000  160.39506  28.3%   191  460s
 567247 165268 infeasible   46       125.00000  160.22222  28.2%   191  466s
 572298 165689  132.22222   48   63  125.00000  160.14815  28.1%   191  470s
 579143 166144  146.38272   48  151  125.00000  159.96296  28.0%   191  475s
 584877 166639     cutoff   51       125.00000  159.79259  27.8%   191  480s
 591704 167094     cutoff   57       125.00000  159.56863  27.7%   191  485s
 598438 167468  138.70370   51   59  125.00000  159.33333  27.5%   190  491s
 605037 167587  132.11681   50   51  125.00000  159.11024  27.3%   190  495s
 612040 167549  132.58025   49   95  125.00000  158.64444  26.9%   190  501s
 619151 167806     cutoff   59       125.00000  157.92593  26.3%   190  505s
 625201 168333  139.65295   49   61  125.00000  157.11111  25.7%   190  511s
 628723 169098  140.74074   51   47  125.00000  156.43210  25.1%   190  515s
 635689 170464  142.00000   47   45  125.00000  155.57407  24.5%   190  520s
 642650 171791  154.00000   47   50  125.00000  155.04701  24.0%   190  526s
 649201 173515  148.00000   49   56  125.00000  155.00000  24.0%   189  531s
 654182 174692  132.77778   51  105  125.00000  154.98272  24.0%   189  535s
 660613 176402  126.74074   52   29  125.00000  154.87037  23.9%   189  540s
 667619 177748     cutoff   56       125.00000  154.74074  23.8%   189  545s
 675390 179251     cutoff   55       125.00000  154.66667  23.7%   189  551s
 681778 180214     cutoff   52       125.00000  154.56790  23.7%   189  556s
 689266 180994     cutoff   49       125.00000  154.48148  23.6%   189  560s
 694885 181557  141.07407   49   83  125.00000  154.41077  23.5%   188  565s
 699809 182034  134.00000   50   90  125.00000  154.30864  23.4%   188  570s
 707361 182422 infeasible   50       125.00000  154.18519  23.3%   188  575s
 713589 183004 infeasible   45       125.00000  154.00000  23.2%   188  580s
 718959 183786  139.89506   55   55  125.00000  154.00000  23.2%   188  586s
 723480 184193  132.74815   52   58  125.00000  153.96296  23.2%   188  590s
 729544 185103  132.50370   51   84  125.00000  153.92593  23.1%   188  596s
 732705 185513     cutoff   53       125.00000  153.89043  23.1%   188  600s
 737969 186340 infeasible   50       125.00000  153.83333  23.1%   188  605s
 743115 186953  126.85926   52   38  125.00000  153.77778  23.0%   188  610s
 748454 187261  126.48148   53   41  125.00000  153.71635  23.0%   188  615s
 754390 187730  140.00000   51   50  125.00000  153.66667  22.9%   189  620s
 759270 188093     cutoff   51       125.00000  153.61111  22.9%   189  625s
 763150 188411  132.87302   52   33  125.00000  153.53439  22.8%   189  630s
 768723 188711     cutoff   49       125.00000  153.48148  22.8%   189  635s
 775967 188811  132.23810   52  126  125.00000  153.40741  22.7%   188  641s
 780624 188816  126.66667   54   27  125.00000  153.34815  22.7%   188  645s
 785667 188671  126.00000   54   45  125.00000  153.25926  22.6%   188  650s
 789349 188511     cutoff   57       125.00000  153.20988  22.6%   188  655s
 796237 188191     cutoff   54       125.00000  153.07407  22.5%   188  661s
 803141 188026  132.86204   47   60  125.00000  152.94239  22.4%   188  666s
 807314 187815  135.00000   52   85  125.00000  152.85185  22.3%   188  670s
 813964 187452  152.33333   48   36  125.00000  152.66667  22.1%   188  676s
 818934 187142  139.60000   50   49  125.00000  152.51852  22.0%   188  680s
 827871 186230  144.66667   50   83  125.00000  152.22222  21.8%   187  686s
 834813 185656  140.89630   52   91  125.00000  151.98148  21.6%   187  691s
 840103 185014  126.34074   52   77  125.00000  151.70370  21.4%   187  696s
 845673 184783     cutoff   53       125.00000  151.37037  21.1%   187  700s
 852181 184642  133.00000   53   30  125.00000  150.66667  20.5%   186  705s
 858772 185074     cutoff   55       125.00000  149.85185  19.9%   186  710s
 865453 185839  134.00000   48  129  125.00000  149.00000  19.2%   186  716s
 870283 186438  135.00000   52   90  125.00000  148.74074  19.0%   186  720s
 877261 186811  134.74074   53   65  125.00000  148.37546  18.7%   186  725s
 885204 188029     cutoff   53       125.00000  148.00000  18.4%   186  730s
 893273 189396  134.00000   50   31  125.00000  148.00000  18.4%   186  736s
 898461 190175 infeasible   51       125.00000  148.00000  18.4%   186  740s
 904631 190822     cutoff   51       125.00000  147.96139  18.4%   186  746s
 909507 191503  132.46296   50   36  125.00000  147.89630  18.3%   185  750s
 916626 192259  126.20602   52   58  125.00000  147.79630  18.2%   185  755s
 923473 193000 infeasible   56       125.00000  147.74074  18.2%   185  761s
 929781 193298  140.02707   45   40  125.00000  147.69801  18.2%   185  766s
 934325 193526  133.50000   53   42  125.00000  147.62963  18.1%   185  770s
 941352 193361  139.37037   56   71  125.00000  147.50000  18.0%   185  776s
 948808 193090     cutoff   55       125.00000  147.47151  18.0%   184  781s
 954793 192951  127.11852   51   38  125.00000  147.36610  17.9%   184  785s
 961640 192539     cutoff   46       125.00000  147.22222  17.8%   184  790s
 967690 192001  147.00000   54   41  125.00000  147.11420  17.7%   184  795s
 974072 192229  132.74074   51   47  125.00000  147.00000  17.6%   183  801s
 978335 192346     cutoff   52       125.00000  146.99653  17.6%   184  806s
 982660 191996     cutoff   53       125.00000  146.96296  17.6%   184  811s
 988070 191973  126.74074   50   72  125.00000  146.92593  17.5%   184  816s
 992988 192037 infeasible   47       125.00000  146.90123  17.5%   184  820s
 997866 192276  132.51852   55   53  125.00000  146.86852  17.5%   184  825s
 1002913 192508  126.00000   57   51  125.00000  146.82031  17.5%   184  830s
 1009607 192295     cutoff   57       125.00000  146.74074  17.4%   184  836s
 1014553 191951     cutoff   53       125.00000  146.71111  17.4%   184  840s
 1020974 191600  132.61966   52   56  125.00000  146.65670  17.3%   184  846s
 1023526 191375  133.74074   49   78  125.00000  146.62037  17.3%   184  850s
 1028563 190907     cutoff   48       125.00000  146.55556  17.2%   184  855s
 1036703 190242  145.39744   48   63  125.00000  146.48148  17.2%   184  861s
 1043896 189234 infeasible   47       125.00000  146.40741  17.1%   184  866s
 1047743 188742 infeasible   50       125.00000  146.36111  17.1%   183  870s
 1054461 187493  132.39506   55   38  125.00000  146.23457  17.0%   183  876s
 1059759 186471     cutoff   46       125.00000  146.14815  16.9%   183  880s
 1066850 185116 infeasible   51       125.00000  146.00000  16.8%   183  885s
 1073708 183752 infeasible   50       125.00000  145.84615  16.7%   183  890s
 1079930 182277     cutoff   51       125.00000  145.64583  16.5%   183  895s
 1087030 180793  132.03704   50   47  125.00000  145.43447  16.3%   182  901s
 1094474 178994 infeasible   48       125.00000  145.14815  16.1%   182  905s
 1100234 177591  132.18462   53   74  125.00000  144.79745  15.8%   182  910s
 1106966 176638     cutoff   54       125.00000  144.25926  15.4%   182  915s
 1112463 175939     cutoff   55       125.00000  143.60741  14.9%   182  920s
 1118615 175504     cutoff   51       125.00000  142.88066  14.3%   182  925s
 1123230 175226     cutoff   57       125.00000  142.22222  13.8%   182  930s
 1129897 175241 infeasible   56       125.00000  141.88889  13.5%   182  935s
 1135627 174905 infeasible   47       125.00000  141.67284  13.3%   182  940s
 1143451 173865     cutoff   50       125.00000  141.25103  13.0%   181  945s
 1151409 173813  132.96296   47   29  125.00000  141.00000  12.8%   181  950s
 1159394 173959  141.00000   52   53  125.00000  141.00000  12.8%   181  955s
 1167781 174223  132.44444   53   82  125.00000  141.00000  12.8%   181  960s
 1174294 174312  126.48148   50   70  125.00000  141.00000  12.8%   180  965s
 1180177 173964 infeasible   50       125.00000  140.92593  12.7%   180  970s
 1186819 173729     cutoff   55       125.00000  140.85926  12.7%   180  975s
 1193733 173236 infeasible   52       125.00000  140.75556  12.6%   180  980s
 1201293 172590 infeasible   51       125.00000  140.74074  12.6%   180  985s
 1207606 171917  132.66667   51   36  125.00000  140.66595  12.5%   180  990s
 1213177 170999 infeasible   52       125.00000  140.57407  12.5%   180  995s
 1221347 169310 infeasible   55       125.00000  140.48148  12.4%   179 1000s
 1227671 168036 infeasible   51       125.00000  140.40003  12.3%   179 1005s
 1234560 166299     cutoff   46       125.00000  140.22222  12.2%   179 1010s
 1242037 164708  126.00000   52   20  125.00000  140.00000  12.0%   179 1015s
 1248416 164026 infeasible   51       125.00000  140.00000  12.0%   179 1020s
 1253932 163137  131.93827   57   51  125.00000  139.98765  12.0%   179 1026s
 1258572 161985     cutoff   51       125.00000  139.96296  12.0%   179 1030s
 1264532 160778  132.82407   51   58  125.00000  139.92593  11.9%   179 1036s
 1269262 160172  139.84259   48   41  125.00000  139.90046  11.9%   179 1041s
 1272721 159375  126.40741   50   65  125.00000  139.87963  11.9%   179 1046s
 1277821 158358     cutoff   53       125.00000  139.83704  11.9%   179 1051s
 1282856 157401 infeasible   52       125.00000  139.77778  11.8%   179 1056s
 1288356 156178 infeasible   54       125.00000  139.74074  11.8%   179 1061s
 1293907 154694  132.62963   49  112  125.00000  139.67593  11.7%   179 1065s
 1298745 153305  132.24626   46   71  125.00000  139.61728  11.7%   179 1070s
 1303655 151693  139.36111   52   48  125.00000  139.52347  11.6%   179 1075s
 1311030 149191  138.68889   50   54  125.00000  139.44444  11.6%   179 1081s
 1316103 147176  126.37037   52   33  125.00000  139.36254  11.5%   178 1085s
 1322843 144147     cutoff   50       125.00000  139.19231  11.4%   178 1091s
 1330112 141397     cutoff   55       125.00000  139.00000  11.2%   178 1096s
 1337046 138311 infeasible   49       125.00000  138.70370  11.0%   178 1101s
 1342566 135716  134.91358   53   44  125.00000  138.44444  10.8%   178 1105s
 1346864 133937 infeasible   49       125.00000  138.22222  10.6%   178 1111s
 1351809 131710 infeasible   55       125.00000  137.73219  10.2%   178 1115s
 1358117 129603 infeasible   50       125.00000  136.92963  9.54%   177 1120s
 1363560 127786     cutoff   53       125.00000  135.88889  8.71%   178 1126s
 1368625 126249     cutoff   52       125.00000  135.00000  8.00%   178 1131s
 1373813 125214 infeasible   51       125.00000  134.91852  7.93%   178 1135s
 1380957 122769  133.60000   46   38  125.00000  134.51852  7.61%   177 1141s
 1386635 121036  134.00000   51   29  125.00000  134.07407  7.26%   177 1145s
 1395188 118930  126.48148   53   23  125.00000  134.00000  7.20%   177 1150s
 1404023 117006  134.00000   48   61  125.00000  134.00000  7.20%   177 1155s
 1410577 115724 infeasible   53       125.00000  134.00000  7.20%   177 1160s
 1417767 113561  133.37645   51   36  125.00000  133.94444  7.16%   176 1165s
 1423591 111777  133.82716   53   36  125.00000  133.88148  7.11%   176 1170s
 1430308 109250  133.74074   52   39  125.00000  133.76235  7.01%   176 1175s
 1439390 106263  132.54815   54   41  125.00000  133.67892  6.94%   176 1180s
 1448315 101455  133.48148   54   62  125.00000  133.48148  6.79%   176 1185s
 1457444 96724  132.83333   50   91  125.00000  133.20988  6.57%   175 1190s
 1465543 93388     cutoff   54       125.00000  133.00000  6.40%   175 1195s
 1472787 89520 infeasible   51       125.00000  132.98148  6.39%   175 1200s
 1479633 84578 infeasible   50       125.00000  132.90653  6.33%   175 1205s
 1488318 79119 infeasible   52       125.00000  132.74217  6.19%   175 1210s
 1496789 74073     cutoff   53       125.00000  132.56790  6.05%   175 1216s
 1503160 67392     cutoff   51       125.00000  132.40741  5.93%   174 1220s
 1513535 59519  131.80247   54   52  125.00000  131.96296  5.57%   174 1225s
 1524162 50927     cutoff   52       125.00000  130.88889  4.71%   173 1230s
 1529678 46382  127.58519   54   29  125.00000  129.62140  3.70%   173 1235s
 1535319 41984  128.00000   50   52  125.00000  128.00000  2.40%   173 1240s
 1543799 35126  127.00000   49   22  125.00000  127.24074  1.79%   173 1245s
 1557559 27164 infeasible   51       125.00000  127.00000  1.60%   172 1250s
 1566484 18642     cutoff   52       125.00000  126.84815  1.48%   172 1255s
 1582652  3356     cutoff   54       125.00000  126.00000  0.80%   171 1260s

Explored 1589259 nodes (271004399 simplex iterations) in 1262.45 seconds (2980.81 work units)
Thread count was 16 (of 16 available processors)

Solution count 10: 125 125 125 ... 48

Optimal solution found (tolerance 1.00e-04)
Best objective 1.250000000000e+02, best bound 1.250000000000e+02, gap 0.0000%

Wrote result file '/root/bgw/data/results/2026_03_24_14_49_17_set_vm-3-t1_vm-3-t1_s019_g003_max.sol'

