[2026-03-24T00:35:39.152Z] Pipeline "set_set_set_s010_g005" → 2026_03_24_00_35_38_set_set_set_s010_g005_max.sol
Set parameter WLSAccessID
Set parameter WLSSecret
Set parameter LicenseID to value 2792458
Set parameter LogFile to value "gurobi.log"
Using license file /root/gurobi.lic
Academic license 2792458 - for non-commercial use only - registered to an___@studenti.unipg.it

Gurobi Optimizer version 13.0.1 build v13.0.1rc0 (linux64 - "Ubuntu 24.04.4 LTS")
Copyright (c) 2026, Gurobi Optimization, LLC

Warning: Duplicate section found (read 'binary') - Is a variable name equal to an LP file format keyword?
Warning: Duplicate section found (read 'binary') - Is a variable name equal to an LP file format keyword?
Warning: Duplicate section found (read 'binary') - Is a variable name equal to an LP file format keyword?
Warning: Duplicate section found (read 'binary') - Is a variable name equal to an LP file format keyword?
Warning: Duplicate section found (read 'binary') - Is a variable name equal to an LP file format keyword?
Warning: Duplicate section found (read 'binary') - Is a variable name equal to an LP file format keyword?
Warning: Duplicate section found (read 'binary') - Is a variable name equal to an LP file format keyword?
Warning: Duplicate section found (read 'binary') - Is a variable name equal to an LP file format keyword?
Warning: Duplicate section found (read 'binary') - Is a variable name equal to an LP file format keyword?
Warning: Duplicate section found (read 'binary') - Is a variable name equal to an LP file format keyword?
Warning: Further warnings of this type will be omitted.
Read LP format model from file /root/bgw/data/uploads/2026_03_24_00_35_38_set_set_set_s010_g005_max.lp
Reading time = 0.00 seconds
: 1399 rows, 205 columns, 3959 nonzeros

Using Gurobi shared library /opt/gurobi1301/linux64/lib/libgurobi.so.13.0.1

CPU model: AMD EPYC-Genoa Processor, instruction set [SSE2|AVX|AVX2|AVX512]
Thread count: 16 physical cores, 16 logical processors, using up to 16 threads

Academic license 2792458 - for non-commercial use only - registered to an___@studenti.unipg.it
Optimize a model with 1399 rows, 205 columns and 3959 nonzeros (Max)
Model fingerprint: 0x140ba0e5
Model has 22 linear objective coefficients
Variable types: 37 continuous, 168 integer (168 binary)
Coefficient statistics:
  Matrix range     [1e+00, 2e+01]
  Objective range  [1e+00, 1e+00]
  Bounds range     [1e+00, 1e+00]
  RHS range        [1e+00, 2e+01]

Found heuristic solution: objective 22.0000000
Presolve removed 430 rows and 65 columns
Presolve time: 0.01s
Presolved: 969 rows, 140 columns, 3039 nonzeros
Variable types: 0 continuous, 140 integer (129 binary)
Found heuristic solution: objective 40.0000000

Root relaxation: objective 1.000000e+02, 201 iterations, 0.01 seconds (0.01 work units)

    Nodes    |    Current Node    |     Objective Bounds      |     Work
 Expl Unexpl |  Obj  Depth IntInf | Incumbent    BestBd   Gap | It/Node Time

     0     0  100.00000    0   64   40.00000  100.00000   150%     -    0s
H    0     0                      41.0000000  100.00000   144%     -    0s
H    0     0                      42.0000000  100.00000   138%     -    0s
H    0     0                      44.0000000  100.00000   127%     -    0s
H    0     0                      46.0000000  100.00000   117%     -    0s
     0     0  100.00000    0   64   46.00000  100.00000   117%     -    0s
     0     0  100.00000    0   67   46.00000  100.00000   117%     -    0s
     0     0  100.00000    0   60   46.00000  100.00000   117%     -    0s
H    0     0                      48.0000000  100.00000   108%     -    0s
     0     0  100.00000    0   63   48.00000  100.00000   108%     -    0s
     0     0  100.00000    0   61   48.00000  100.00000   108%     -    0s
H    0     0                      49.0000000  100.00000   104%     -    0s
     0     0  100.00000    0   62   49.00000  100.00000   104%     -    0s
     0     0  100.00000    0   52   49.00000  100.00000   104%     -    0s
     0     0  100.00000    0   64   49.00000  100.00000   104%     -    0s
     0     0  100.00000    0   50   49.00000  100.00000   104%     -    0s
     0     0  100.00000    0   53   49.00000  100.00000   104%     -    0s
     0     0  100.00000    0   53   49.00000  100.00000   104%     -    0s
     0     0  100.00000    0   62   49.00000  100.00000   104%     -    0s
     0     0  100.00000    0   59   49.00000  100.00000   104%     -    0s
     0     0  100.00000    0   59   49.00000  100.00000   104%     -    0s
     0     0  100.00000    0   59   49.00000  100.00000   104%     -    0s
     0     2  100.00000    0   59   49.00000  100.00000   104%     -    0s
H   28    37                      52.0000000  100.00000  92.3%  60.5    0s
H  335   271                      53.0000000   99.69231  88.1%  49.6    0s
H 1934   870                      54.0000000   93.84615  73.8%  50.7    0s
 30929  2498 infeasible   35        54.00000   62.92308  16.5%  41.3    5s

Cutting planes:
  Inf proof: 7

Explored 42860 nodes (1743417 simplex iterations) in 6.11 seconds (10.33 work units)
Thread count was 16 (of 16 available processors)

Solution count 10: 54 54 54 ... 44

Optimal solution found (tolerance 1.00e-04)
Best objective 5.400000000000e+01, best bound 5.400000000000e+01, gap 0.0000%

Wrote result file '/root/bgw/data/results/2026_03_24_00_35_38_set_set_set_s010_g005_max.sol'

