[2026-03-23T16:02:25.315Z] Pipeline "set_exp_3_exp_3_n025_c003_g002" → 2026_03_23_16_02_25_set_exp_3_exp_3_n025_c003_g002_max.sol
Set parameter WLSAccessID
Set parameter WLSSecret
Set parameter LicenseID to value 2792458
Set parameter LogFile to value "gurobi.log"
Using license file /root/gurobi.lic
Academic license 2792458 - for non-commercial use only - registered to an___@studenti.unipg.it

Gurobi Optimizer version 13.0.1 build v13.0.1rc0 (linux64 - "Ubuntu 24.04.4 LTS")
Copyright (c) 2026, Gurobi Optimization, LLC

Warning: Duplicate section found (read 'binary') - Is a variable name equal to an LP file format keyword?
Warning: Duplicate section found (read 'binary') - Is a variable name equal to an LP file format keyword?
Warning: Duplicate section found (read 'binary') - Is a variable name equal to an LP file format keyword?
Warning: Duplicate section found (read 'binary') - Is a variable name equal to an LP file format keyword?
Warning: Duplicate section found (read 'binary') - Is a variable name equal to an LP file format keyword?
Warning: Duplicate section found (read 'binary') - Is a variable name equal to an LP file format keyword?
Warning: Duplicate section found (read 'binary') - Is a variable name equal to an LP file format keyword?
Warning: Duplicate section found (read 'binary') - Is a variable name equal to an LP file format keyword?
Warning: Duplicate section found (read 'binary') - Is a variable name equal to an LP file format keyword?
Warning: Duplicate section found (read 'binary') - Is a variable name equal to an LP file format keyword?
Warning: Further warnings of this type will be omitted.
Read LP format model from file /root/bgw/data/uploads/2026_03_23_16_02_25_set_exp_3_exp_3_n025_c003_g002_max.lp
Reading time = 0.00 seconds
: 5064 rows, 429 columns, 15309 nonzeros

Using Gurobi shared library /opt/gurobi1301/linux64/lib/libgurobi.so.13.0.1

CPU model: AMD EPYC-Genoa Processor, instruction set [SSE2|AVX|AVX2|AVX512]
Thread count: 16 physical cores, 16 logical processors, using up to 16 threads

Academic license 2792458 - for non-commercial use only - registered to an___@studenti.unipg.it
Optimize a model with 5064 rows, 429 columns and 15309 nonzeros (Max)
Model fingerprint: 0xbf6b27a4
Model has 3 linear objective coefficients
Variable types: 28 continuous, 401 integer (401 binary)
Coefficient statistics:
  Matrix range     [1e+00, 3e+01]
  Objective range  [1e+00, 1e+00]
  Bounds range     [1e+00, 1e+00]
  RHS range        [1e+00, 3e+01]

Found heuristic solution: objective 3.0000000
Presolve removed 439 rows and 113 columns
Presolve time: 0.02s
Presolved: 4625 rows, 316 columns, 14029 nonzeros
Variable types: 0 continuous, 316 integer (309 binary)

Root relaxation: objective 1.200000e+01, 186 iterations, 0.01 seconds (0.01 work units)

    Nodes    |    Current Node    |     Objective Bounds      |     Work
 Expl Unexpl |  Obj  Depth IntInf | Incumbent    BestBd   Gap | It/Node Time

     0     0   12.00000    0   22    3.00000   12.00000   300%     -    0s
H    0     0                       6.0000000   12.00000   100%     -    0s
H    0     0                       8.0000000   12.00000  50.0%     -    0s
H    0     0                       9.0000000   12.00000  33.3%     -    0s
     0     0   12.00000    0   24    9.00000   12.00000  33.3%     -    0s
     0     0   12.00000    0   35    9.00000   12.00000  33.3%     -    0s
     0     0   12.00000    0   22    9.00000   12.00000  33.3%     -    0s
     0     0   12.00000    0   26    9.00000   12.00000  33.3%     -    0s
     0     0   12.00000    0   25    9.00000   12.00000  33.3%     -    0s
     0     0   12.00000    0   25    9.00000   12.00000  33.3%     -    0s
     0     0   12.00000    0   25    9.00000   12.00000  33.3%     -    0s
     0     0   11.95652    0   25    9.00000   11.95652  32.9%     -    0s
     0     0   11.95652    0   21    9.00000   11.95652  32.9%     -    0s
     0     0   11.00000    0   23    9.00000   11.00000  22.2%     -    0s
     0     0   11.00000    0   25    9.00000   11.00000  22.2%     -    0s
     0     0   11.00000    0   25    9.00000   11.00000  22.2%     -    0s
     0     0   11.00000    0   25    9.00000   11.00000  22.2%     -    0s
     0     0   11.00000    0   25    9.00000   11.00000  22.2%     -    0s
     0     0   11.00000    0   25    9.00000   11.00000  22.2%     -    0s
     0     0   11.00000    0   25    9.00000   11.00000  22.2%     -    0s
     0     0   11.00000    0   22    9.00000   11.00000  22.2%     -    0s
     0     2   11.00000    0   22    9.00000   11.00000  22.2%     -    0s

Cutting planes:
  Gomory: 1
  MIR: 1
  Zero half: 2

Explored 162 nodes (15147 simplex iterations) in 0.55 seconds (0.63 work units)
Thread count was 16 (of 16 available processors)

Solution count 4: 9 8 6 3 

Optimal solution found (tolerance 1.00e-04)
Best objective 9.000000000000e+00, best bound 9.000000000000e+00, gap 0.0000%

Wrote result file '/root/bgw/data/results/2026_03_23_16_02_25_set_exp_3_exp_3_n025_c003_g002_max.sol'

