[2026-03-24T15:10:20.220Z] Pipeline "set_vm-3-t1_vm-3-t1_s020_g002" → 2026_03_24_15_10_20_set_vm-3-t1_vm-3-t1_s020_g002_max.sol
Set parameter Username
Set parameter LicenseID to value 2796068
Set parameter LogFile to value "gurobi.log"
Using license file /opt/gurobi/gurobi.lic
Academic license - for non-commercial use only - expires 2027-03-23

Gurobi Optimizer version 13.0.1 build v13.0.1rc0 (linux64 - "Ubuntu 24.04.4 LTS")
Copyright (c) 2026, Gurobi Optimization, LLC

Warning: Duplicate section found (read 'binary') - Is a variable name equal to an LP file format keyword?
Warning: Duplicate section found (read 'binary') - Is a variable name equal to an LP file format keyword?
Warning: Duplicate section found (read 'binary') - Is a variable name equal to an LP file format keyword?
Warning: Duplicate section found (read 'binary') - Is a variable name equal to an LP file format keyword?
Warning: Duplicate section found (read 'binary') - Is a variable name equal to an LP file format keyword?
Warning: Duplicate section found (read 'binary') - Is a variable name equal to an LP file format keyword?
Warning: Duplicate section found (read 'binary') - Is a variable name equal to an LP file format keyword?
Warning: Duplicate section found (read 'binary') - Is a variable name equal to an LP file format keyword?
Warning: Duplicate section found (read 'binary') - Is a variable name equal to an LP file format keyword?
Warning: Duplicate section found (read 'binary') - Is a variable name equal to an LP file format keyword?
Warning: Further warnings of this type will be omitted.
Read LP format model from file /root/bgw/data/uploads/2026_03_24_15_10_20_set_vm-3-t1_vm-3-t1_s020_g002_max.lp
Reading time = 0.01 seconds
: 8552 rows, 549 columns, 26133 nonzeros

Using Gurobi shared library /opt/gurobi1301/linux64/lib/libgurobi.so.13.0.1

CPU model: AMD EPYC-Genoa Processor, instruction set [SSE2|AVX|AVX2|AVX512]
Thread count: 16 physical cores, 16 logical processors, using up to 16 threads

Optimize a model with 8552 rows, 549 columns and 26133 nonzeros (Max)
Model fingerprint: 0x0ebc3967
Model has 22 linear objective coefficients
Variable types: 52 continuous, 497 integer (497 binary)
Coefficient statistics:
  Matrix range     [1e+00, 3e+01]
  Objective range  [1e+00, 1e+00]
  Bounds range     [1e+00, 1e+00]
  RHS range        [1e+00, 3e+01]

Found heuristic solution: objective 22.0000000
Presolve removed 387 rows and 87 columns
Presolve time: 0.03s
Presolved: 8165 rows, 462 columns, 24738 nonzeros
Variable types: 0 continuous, 462 integer (453 binary)
Found heuristic solution: objective 29.0000000

Root relaxation: objective 1.130000e+02, 331 iterations, 0.02 seconds (0.03 work units)

    Nodes    |    Current Node    |     Objective Bounds      |     Work
 Expl Unexpl |  Obj  Depth IntInf | Incumbent    BestBd   Gap | It/Node Time

     0     0  113.00000    0   38   29.00000  113.00000   290%     -    0s
H    0     0                      39.0000000  113.00000   190%     -    0s
H    0     0                      60.0000000  113.00000  88.3%     -    0s
H    0     0                      61.0000000  113.00000  85.2%     -    0s
     0     0  113.00000    0   38   61.00000  113.00000  85.2%     -    0s
     0     0  113.00000    0   38   61.00000  113.00000  85.2%     -    0s
     0     0  113.00000    0   37   61.00000  113.00000  85.2%     -    0s
     0     0  113.00000    0   37   61.00000  113.00000  85.2%     -    0s
     0     0  113.00000    0   40   61.00000  113.00000  85.2%     -    0s
     0     0  113.00000    0   40   61.00000  113.00000  85.2%     -    0s
     0     0  113.00000    0   40   61.00000  113.00000  85.2%     -    0s
     0     0  113.00000    0   40   61.00000  113.00000  85.2%     -    0s
     0     0  113.00000    0   40   61.00000  113.00000  85.2%     -    0s
     0     0  113.00000    0   40   61.00000  113.00000  85.2%     -    0s
     0     0  113.00000    0   40   61.00000  113.00000  85.2%     -    0s
     0     0  113.00000    0   38   61.00000  113.00000  85.2%     -    0s
     0     0  113.00000    0   41   61.00000  113.00000  85.2%     -    0s
     0     0  113.00000    0   42   61.00000  113.00000  85.2%     -    0s
     0     0  113.00000    0   39   61.00000  113.00000  85.2%     -    0s
     0     0  113.00000    0   39   61.00000  113.00000  85.2%     -    0s
     0     0  113.00000    0   38   61.00000  113.00000  85.2%     -    0s
     0     2  113.00000    0   37   61.00000  113.00000  85.2%     -    0s
  1461   607   73.38095   16   67   61.00000  111.35000  82.5%   195    5s
  4732  1288   68.70000   18   36   61.00000  100.27392  64.4%   199   10s
  8121  1525   73.86429   13   41   61.00000   91.29801  49.7%   220   15s
 11183  1564 infeasible   17        61.00000   84.90653  39.2%   233   20s
 13308  1475   68.10714   15    8   61.00000   81.55102  33.7%   244   25s
 16164  1211   67.48452   14   93   61.00000   77.00000  26.2%   263   30s
 19133   638   70.76108   14  118   61.00000   72.14796  18.3%   279   36s

Cutting planes:
  Cover: 125
  MIR: 1
  Inf proof: 209
  Mod-K: 1

Explored 21167 nodes (6049631 simplex iterations) in 38.52 seconds (78.19 work units)
Thread count was 16 (of 16 available processors)

Solution count 5: 61 60 39 ... 22

Optimal solution found (tolerance 1.00e-04)
Best objective 6.100000000000e+01, best bound 6.100000000000e+01, gap 0.0000%

Wrote result file '/root/bgw/data/results/2026_03_24_15_10_20_set_vm-3-t1_vm-3-t1_s020_g002_max.sol'

