[2026-03-23T16:16:19.833Z] Pipeline "set_ds_1_ds_1_s004_g003" → 2026_03_23_16_16_19_set_ds_1_ds_1_s004_g003_max.sol
Set parameter WLSAccessID
Set parameter WLSSecret
Set parameter LicenseID to value 2792458
Set parameter LogFile to value "gurobi.log"
Using license file /root/gurobi.lic
Academic license 2792458 - for non-commercial use only - registered to an___@studenti.unipg.it

Gurobi Optimizer version 13.0.1 build v13.0.1rc0 (linux64 - "Ubuntu 24.04.4 LTS")
Copyright (c) 2026, Gurobi Optimization, LLC

Warning: Duplicate section found (read 'binary') - Is a variable name equal to an LP file format keyword?
Warning: Duplicate section found (read 'binary') - Is a variable name equal to an LP file format keyword?
Warning: Duplicate section found (read 'binary') - Is a variable name equal to an LP file format keyword?
Warning: Duplicate section found (read 'binary') - Is a variable name equal to an LP file format keyword?
Warning: Duplicate section found (read 'binary') - Is a variable name equal to an LP file format keyword?
Warning: Duplicate section found (read 'binary') - Is a variable name equal to an LP file format keyword?
Warning: Duplicate section found (read 'binary') - Is a variable name equal to an LP file format keyword?
Warning: Duplicate section found (read 'binary') - Is a variable name equal to an LP file format keyword?
Warning: Duplicate section found (read 'binary') - Is a variable name equal to an LP file format keyword?
Warning: Duplicate section found (read 'binary') - Is a variable name equal to an LP file format keyword?
Warning: Further warnings of this type will be omitted.
Read LP format model from file /root/bgw/data/uploads/2026_03_23_16_16_19_set_ds_1_ds_1_s004_g003_max.lp
Reading time = 0.00 seconds
: 1189 rows, 185 columns, 3391 nonzeros

Using Gurobi shared library /opt/gurobi1301/linux64/lib/libgurobi.so.13.0.1

CPU model: AMD EPYC-Genoa Processor, instruction set [SSE2|AVX|AVX2|AVX512]
Thread count: 16 physical cores, 16 logical processors, using up to 16 threads

Academic license 2792458 - for non-commercial use only - registered to an___@studenti.unipg.it
Optimize a model with 1189 rows, 185 columns and 3391 nonzeros (Max)
Model fingerprint: 0x98d767a2
Model has 35 linear objective coefficients
Variable types: 49 continuous, 136 integer (136 binary)
Coefficient statistics:
  Matrix range     [1e+00, 2e+01]
  Objective range  [1e+00, 1e+00]
  Bounds range     [1e+00, 1e+00]
  RHS range        [1e+00, 2e+01]

Found heuristic solution: objective 35.0000000
Presolve removed 413 rows and 66 columns
Presolve time: 0.00s
Presolved: 776 rows, 119 columns, 2416 nonzeros
Variable types: 0 continuous, 119 integer (111 binary)
Found heuristic solution: objective 65.0000000

Root relaxation: objective 1.870000e+02, 127 iterations, 0.00 seconds (0.00 work units)

    Nodes    |    Current Node    |     Objective Bounds      |     Work
 Expl Unexpl |  Obj  Depth IntInf | Incumbent    BestBd   Gap | It/Node Time

     0     0  187.00000    0   31   65.00000  187.00000   188%     -    0s
H    0     0                      66.0000000  187.00000   183%     -    0s
H    0     0                      77.0000000  187.00000   143%     -    0s
H    0     0                      79.0000000  187.00000   137%     -    0s
H    0     0                      86.0000000  187.00000   117%     -    0s
     0     0  187.00000    0   34   86.00000  187.00000   117%     -    0s
     0     0  187.00000    0   34   86.00000  187.00000   117%     -    0s
H    0     0                      88.0000000  187.00000   112%     -    0s
     0     0  187.00000    0   31   88.00000  187.00000   112%     -    0s
     0     0  187.00000    0   27   88.00000  187.00000   112%     -    0s
     0     0  187.00000    0   26   88.00000  187.00000   112%     -    0s
     0     0  187.00000    0   26   88.00000  187.00000   112%     -    0s
H    0     0                      92.0000000  187.00000   103%     -    0s
H    0     0                      94.0000000  187.00000  98.9%     -    0s
     0     0  187.00000    0   24   94.00000  187.00000  98.9%     -    0s
     0     0  187.00000    0   24   94.00000  187.00000  98.9%     -    0s
H    0     0                      96.0000000  187.00000  94.8%     -    0s
     0     0  187.00000    0   34   96.00000  187.00000  94.8%     -    0s
     0     0  187.00000    0   27   96.00000  187.00000  94.8%     -    0s
     0     0  187.00000    0   35   96.00000  187.00000  94.8%     -    0s
     0     0  187.00000    0   27   96.00000  187.00000  94.8%     -    0s
     0     0  180.00000    0   35   96.00000  180.00000  87.5%     -    0s
     0     0  180.00000    0   32   96.00000  180.00000  87.5%     -    0s
     0     0  180.00000    0   33   96.00000  180.00000  87.5%     -    0s
     0     0  180.00000    0   33   96.00000  180.00000  87.5%     -    0s
     0     0  180.00000    0   33   96.00000  180.00000  87.5%     -    0s
     0     0  180.00000    0   27   96.00000  180.00000  87.5%     -    0s
     0     2  180.00000    0   27   96.00000  180.00000  87.5%     -    0s

Cutting planes:
  Inf proof: 1

Explored 40077 nodes (833964 simplex iterations) in 2.41 seconds (3.23 work units)
Thread count was 16 (of 16 available processors)

Solution count 10: 96 96 96 ... 77

Optimal solution found (tolerance 1.00e-04)
Best objective 9.600000000000e+01, best bound 9.600000000000e+01, gap 0.0000%

Wrote result file '/root/bgw/data/results/2026_03_23_16_16_19_set_ds_1_ds_1_s004_g003_max.sol'

