[2026-03-23T15:58:54.286Z] Pipeline "set_exp_3_exp_3_n017_c005_g001" → 2026_03_23_15_58_54_set_exp_3_exp_3_n017_c005_g001_max.sol
Set parameter WLSAccessID
Set parameter WLSSecret
Set parameter LicenseID to value 2792458
Set parameter LogFile to value "gurobi.log"
Using license file /root/gurobi.lic
Academic license 2792458 - for non-commercial use only - registered to an___@studenti.unipg.it

Gurobi Optimizer version 13.0.1 build v13.0.1rc0 (linux64 - "Ubuntu 24.04.4 LTS")
Copyright (c) 2026, Gurobi Optimization, LLC

Warning: Duplicate section found (read 'binary') - Is a variable name equal to an LP file format keyword?
Warning: Duplicate section found (read 'binary') - Is a variable name equal to an LP file format keyword?
Warning: Duplicate section found (read 'binary') - Is a variable name equal to an LP file format keyword?
Warning: Duplicate section found (read 'binary') - Is a variable name equal to an LP file format keyword?
Warning: Duplicate section found (read 'binary') - Is a variable name equal to an LP file format keyword?
Warning: Duplicate section found (read 'binary') - Is a variable name equal to an LP file format keyword?
Warning: Duplicate section found (read 'binary') - Is a variable name equal to an LP file format keyword?
Warning: Duplicate section found (read 'binary') - Is a variable name equal to an LP file format keyword?
Warning: Duplicate section found (read 'binary') - Is a variable name equal to an LP file format keyword?
Warning: Duplicate section found (read 'binary') - Is a variable name equal to an LP file format keyword?
Warning: Further warnings of this type will be omitted.
Read LP format model from file /root/bgw/data/uploads/2026_03_23_15_58_54_set_exp_3_exp_3_n017_c005_g001_max.lp
Reading time = 0.01 seconds
: 1666 rows, 212 columns, 4957 nonzeros

Using Gurobi shared library /opt/gurobi1301/linux64/lib/libgurobi.so.13.0.1

CPU model: AMD EPYC-Genoa Processor, instruction set [SSE2|AVX|AVX2|AVX512]
Thread count: 16 physical cores, 16 logical processors, using up to 16 threads

Academic license 2792458 - for non-commercial use only - registered to an___@studenti.unipg.it
Optimize a model with 1666 rows, 212 columns and 4957 nonzeros (Max)
Model fingerprint: 0x3d461dc6
Model has 5 linear objective coefficients
Variable types: 22 continuous, 190 integer (190 binary)
Coefficient statistics:
  Matrix range     [1e+00, 2e+01]
  Objective range  [1e+00, 1e+00]
  Bounds range     [1e+00, 1e+00]
  RHS range        [1e+00, 2e+01]

Found heuristic solution: objective 5.0000000
Presolve removed 277 rows and 58 columns
Presolve time: 0.01s
Presolved: 1389 rows, 154 columns, 4265 nonzeros
Variable types: 0 continuous, 154 integer (147 binary)
Found heuristic solution: objective 6.0000000

Root relaxation: objective 2.000000e+01, 97 iterations, 0.01 seconds (0.00 work units)

    Nodes    |    Current Node    |     Objective Bounds      |     Work
 Expl Unexpl |  Obj  Depth IntInf | Incumbent    BestBd   Gap | It/Node Time

     0     0   20.00000    0   26    6.00000   20.00000   233%     -    0s
H    0     0                       8.0000000   20.00000   150%     -    0s
H    0     0                       9.0000000   20.00000   122%     -    0s
H    0     0                      11.0000000   20.00000  81.8%     -    0s
H    0     0                      12.0000000   20.00000  66.7%     -    0s
     0     0   20.00000    0   25   12.00000   20.00000  66.7%     -    0s
     0     0   20.00000    0   24   12.00000   20.00000  66.7%     -    0s
     0     0   20.00000    0   24   12.00000   20.00000  66.7%     -    0s
H    0     0                      13.0000000   20.00000  53.8%     -    0s
     0     0   20.00000    0   24   13.00000   20.00000  53.8%     -    0s
     0     0   20.00000    0   21   13.00000   20.00000  53.8%     -    0s
     0     0   19.80000    0   24   13.00000   19.80000  52.3%     -    0s
     0     0   19.80000    0   24   13.00000   19.80000  52.3%     -    0s
     0     0   19.00000    0   25   13.00000   19.00000  46.2%     -    0s
     0     0   19.00000    0   17   13.00000   19.00000  46.2%     -    0s
     0     0   19.00000    0   24   13.00000   19.00000  46.2%     -    0s
     0     0   19.00000    0   26   13.00000   19.00000  46.2%     -    0s
     0     0   19.00000    0   22   13.00000   19.00000  46.2%     -    0s
     0     0   19.00000    0   22   13.00000   19.00000  46.2%     -    0s
     0     0   19.00000    0   22   13.00000   19.00000  46.2%     -    0s
     0     0   18.93333    0   22   13.00000   18.93333  45.6%     -    0s
     0     0   18.93333    0   22   13.00000   18.93333  45.6%     -    0s
     0     0   18.93333    0   22   13.00000   18.93333  45.6%     -    0s
     0     0   18.93333    0   22   13.00000   18.93333  45.6%     -    0s
     0     2   18.93333    0   22   13.00000   18.93333  45.6%     -    0s

Cutting planes:
  Gomory: 2
  Cover: 1
  MIR: 4
  StrongCG: 1
  Inf proof: 5
  Zero half: 1
  Mod-K: 1

Explored 1118 nodes (48613 simplex iterations) in 0.42 seconds (0.39 work units)
Thread count was 16 (of 16 available processors)

Solution count 7: 13 12 11 ... 5

Optimal solution found (tolerance 1.00e-04)
Best objective 1.300000000000e+01, best bound 1.300000000000e+01, gap 0.0000%

Wrote result file '/root/bgw/data/results/2026_03_23_15_58_54_set_exp_3_exp_3_n017_c005_g001_max.sol'

