[2026-03-24T00:33:52.912Z] Pipeline "set_set_set_s006_g007" → 2026_03_24_00_33_52_set_set_set_s006_g007_max.sol
Set parameter WLSAccessID
Set parameter WLSSecret
Set parameter LicenseID to value 2792458
Set parameter LogFile to value "gurobi.log"
Using license file /root/gurobi.lic
Academic license 2792458 - for non-commercial use only - registered to an___@studenti.unipg.it

Gurobi Optimizer version 13.0.1 build v13.0.1rc0 (linux64 - "Ubuntu 24.04.4 LTS")
Copyright (c) 2026, Gurobi Optimization, LLC

Warning: Duplicate section found (read 'binary') - Is a variable name equal to an LP file format keyword?
Warning: Duplicate section found (read 'binary') - Is a variable name equal to an LP file format keyword?
Warning: Duplicate section found (read 'binary') - Is a variable name equal to an LP file format keyword?
Warning: Duplicate section found (read 'binary') - Is a variable name equal to an LP file format keyword?
Warning: Duplicate section found (read 'binary') - Is a variable name equal to an LP file format keyword?
Warning: Duplicate section found (read 'binary') - Is a variable name equal to an LP file format keyword?
Warning: Duplicate section found (read 'binary') - Is a variable name equal to an LP file format keyword?
Warning: Duplicate section found (read 'binary') - Is a variable name equal to an LP file format keyword?
Warning: Duplicate section found (read 'binary') - Is a variable name equal to an LP file format keyword?
Warning: Duplicate section found (read 'binary') - Is a variable name equal to an LP file format keyword?
Warning: Further warnings of this type will be omitted.
Read LP format model from file /root/bgw/data/uploads/2026_03_24_00_33_52_set_set_set_s006_g007_max.lp
Reading time = 0.00 seconds
: 577 rows, 109 columns, 1613 nonzeros

Using Gurobi shared library /opt/gurobi1301/linux64/lib/libgurobi.so.13.0.1

CPU model: AMD EPYC-Genoa Processor, instruction set [SSE2|AVX|AVX2|AVX512]
Thread count: 16 physical cores, 16 logical processors, using up to 16 threads

Academic license 2792458 - for non-commercial use only - registered to an___@studenti.unipg.it
Optimize a model with 577 rows, 109 columns and 1613 nonzeros (Max)
Model fingerprint: 0xfffe22ea
Model has 12 linear objective coefficients
Variable types: 23 continuous, 86 integer (86 binary)
Coefficient statistics:
  Matrix range     [1e+00, 1e+01]
  Objective range  [1e+00, 1e+00]
  Bounds range     [1e+00, 1e+00]
  RHS range        [1e+00, 1e+01]

Found heuristic solution: objective 12.0000000
Presolve removed 212 rows and 33 columns
Presolve time: 0.00s
Presolved: 365 rows, 76 columns, 1151 nonzeros
Variable types: 0 continuous, 76 integer (69 binary)
Found heuristic solution: objective 25.0000000

Root relaxation: objective 5.400000e+01, 54 iterations, 0.00 seconds (0.00 work units)

    Nodes    |    Current Node    |     Objective Bounds      |     Work
 Expl Unexpl |  Obj  Depth IntInf | Incumbent    BestBd   Gap | It/Node Time

     0     0   54.00000    0   25   25.00000   54.00000   116%     -    0s
H    0     0                      27.0000000   54.00000   100%     -    0s
H    0     0                      28.0000000   54.00000  92.9%     -    0s
H    0     0                      29.0000000   54.00000  86.2%     -    0s
     0     0   54.00000    0   28   29.00000   54.00000  86.2%     -    0s
     0     0   54.00000    0   26   29.00000   54.00000  86.2%     -    0s
     0     0   54.00000    0   25   29.00000   54.00000  86.2%     -    0s
H    0     0                      30.0000000   54.00000  80.0%     -    0s
H    0     0                      32.0000000   54.00000  68.8%     -    0s
     0     0   54.00000    0   27   32.00000   54.00000  68.8%     -    0s
     0     0   54.00000    0   26   32.00000   54.00000  68.8%     -    0s
     0     0   54.00000    0   24   32.00000   54.00000  68.8%     -    0s
     0     0   54.00000    0   24   32.00000   54.00000  68.8%     -    0s
     0     0   53.66667    0   27   32.00000   53.66667  67.7%     -    0s
     0     0   53.66667    0   27   32.00000   53.66667  67.7%     -    0s
     0     0   53.00000    0   27   32.00000   53.00000  65.6%     -    0s
     0     0   53.00000    0   27   32.00000   53.00000  65.6%     -    0s
     0     2   53.00000    0   27   32.00000   53.00000  65.6%     -    0s

Cutting planes:
  Cover: 13
  Inf proof: 31
  Zero half: 4

Explored 4044 nodes (67339 simplex iterations) in 0.32 seconds (0.25 work units)
Thread count was 16 (of 16 available processors)

Solution count 7: 32 30 29 ... 12

Optimal solution found (tolerance 1.00e-04)
Best objective 3.200000000000e+01, best bound 3.200000000000e+01, gap 0.0000%

Wrote result file '/root/bgw/data/results/2026_03_24_00_33_52_set_set_set_s006_g007_max.sol'

