[2026-03-23T15:59:27.012Z] Pipeline "set_exp_3_exp_3_n019_c002_g001" → 2026_03_23_15_59_26_set_exp_3_exp_3_n019_c002_g001_max.sol
Set parameter WLSAccessID
Set parameter WLSSecret
Set parameter LicenseID to value 2792458
Set parameter LogFile to value "gurobi.log"
Using license file /root/gurobi.lic
Academic license 2792458 - for non-commercial use only - registered to an___@studenti.unipg.it

Gurobi Optimizer version 13.0.1 build v13.0.1rc0 (linux64 - "Ubuntu 24.04.4 LTS")
Copyright (c) 2026, Gurobi Optimization, LLC

Warning: Duplicate section found (read 'binary') - Is a variable name equal to an LP file format keyword?
Warning: Duplicate section found (read 'binary') - Is a variable name equal to an LP file format keyword?
Warning: Duplicate section found (read 'binary') - Is a variable name equal to an LP file format keyword?
Warning: Duplicate section found (read 'binary') - Is a variable name equal to an LP file format keyword?
Warning: Duplicate section found (read 'binary') - Is a variable name equal to an LP file format keyword?
Warning: Duplicate section found (read 'binary') - Is a variable name equal to an LP file format keyword?
Warning: Duplicate section found (read 'binary') - Is a variable name equal to an LP file format keyword?
Warning: Duplicate section found (read 'binary') - Is a variable name equal to an LP file format keyword?
Warning: Duplicate section found (read 'binary') - Is a variable name equal to an LP file format keyword?
Warning: Duplicate section found (read 'binary') - Is a variable name equal to an LP file format keyword?
Warning: Further warnings of this type will be omitted.
Read LP format model from file /root/bgw/data/uploads/2026_03_23_15_59_26_set_exp_3_exp_3_n019_c002_g001_max.lp
Reading time = 0.00 seconds
: 2439 rows, 282 columns, 7154 nonzeros

Using Gurobi shared library /opt/gurobi1301/linux64/lib/libgurobi.so.13.0.1

CPU model: AMD EPYC-Genoa Processor, instruction set [SSE2|AVX|AVX2|AVX512]
Thread count: 16 physical cores, 16 logical processors, using up to 16 threads

Academic license 2792458 - for non-commercial use only - registered to an___@studenti.unipg.it
Optimize a model with 2439 rows, 282 columns and 7154 nonzeros (Max)
Model fingerprint: 0x7afc446b
Model has 6 linear objective coefficients
Variable types: 25 continuous, 257 integer (257 binary)
Coefficient statistics:
  Matrix range     [1e+00, 2e+01]
  Objective range  [1e+00, 1e+00]
  Bounds range     [1e+00, 1e+00]
  RHS range        [1e+00, 2e+01]

Found heuristic solution: objective 6.0000000
Presolve removed 477 rows and 96 columns
Presolve time: 0.01s
Presolved: 1962 rows, 186 columns, 5982 nonzeros
Variable types: 0 continuous, 186 integer (180 binary)
Found heuristic solution: objective 9.0000000

Root relaxation: objective 2.700000e+01, 88 iterations, 0.01 seconds (0.00 work units)

    Nodes    |    Current Node    |     Objective Bounds      |     Work
 Expl Unexpl |  Obj  Depth IntInf | Incumbent    BestBd   Gap | It/Node Time

     0     0   27.00000    0   14    9.00000   27.00000   200%     -    0s
H    0     0                      10.0000000   27.00000   170%     -    0s
H    0     0                      14.0000000   27.00000  92.9%     -    0s
     0     0   27.00000    0   20   14.00000   27.00000  92.9%     -    0s
H    0     0                      15.0000000   27.00000  80.0%     -    0s
H    0     0                      16.0000000   27.00000  68.8%     -    0s
     0     0   27.00000    0   19   16.00000   27.00000  68.8%     -    0s
     0     0   27.00000    0   19   16.00000   27.00000  68.8%     -    0s
H    0     0                      17.0000000   27.00000  58.8%     -    0s
     0     0   27.00000    0   19   17.00000   27.00000  58.8%     -    0s
     0     0   27.00000    0   18   17.00000   27.00000  58.8%     -    0s
     0     0   27.00000    0   18   17.00000   27.00000  58.8%     -    0s
     0     0   27.00000    0   18   17.00000   27.00000  58.8%     -    0s
     0     0   27.00000    0   19   17.00000   27.00000  58.8%     -    0s
     0     0   27.00000    0   19   17.00000   27.00000  58.8%     -    0s
     0     0   27.00000    0   20   17.00000   27.00000  58.8%     -    0s
     0     0   27.00000    0   17   17.00000   27.00000  58.8%     -    0s
     0     0   26.00000    0   19   17.00000   26.00000  52.9%     -    0s
     0     0   26.00000    0   19   17.00000   26.00000  52.9%     -    0s
     0     0   26.00000    0   18   17.00000   26.00000  52.9%     -    0s
     0     0   26.00000    0   18   17.00000   26.00000  52.9%     -    0s
     0     0   26.00000    0   17   17.00000   26.00000  52.9%     -    0s
     0     2   26.00000    0   17   17.00000   26.00000  52.9%     -    0s

Cutting planes:
  Gomory: 4
  Lift-and-project: 8
  Cover: 4
  MIR: 7
  Inf proof: 10
  Zero half: 4
  Mod-K: 2

Explored 677 nodes (24110 simplex iterations) in 0.52 seconds (0.37 work units)
Thread count was 16 (of 16 available processors)

Solution count 7: 17 16 15 ... 6

Optimal solution found (tolerance 1.00e-04)
Best objective 1.700000000000e+01, best bound 1.700000000000e+01, gap 0.0000%

Wrote result file '/root/bgw/data/results/2026_03_23_15_59_26_set_exp_3_exp_3_n019_c002_g001_max.sol'

