[2026-03-23T17:03:34.486Z] Pipeline "set_ds_1_ds_1_s009_g003" → 2026_03_23_17_03_34_set_ds_1_ds_1_s009_g003_max.sol
Set parameter WLSAccessID
Set parameter WLSSecret
Set parameter LicenseID to value 2792458
Set parameter LogFile to value "gurobi.log"
Using license file /root/gurobi.lic
Academic license 2792458 - for non-commercial use only - registered to an___@studenti.unipg.it

Gurobi Optimizer version 13.0.1 build v13.0.1rc0 (linux64 - "Ubuntu 24.04.4 LTS")
Copyright (c) 2026, Gurobi Optimization, LLC

Warning: Duplicate section found (read 'binary') - Is a variable name equal to an LP file format keyword?
Warning: Duplicate section found (read 'binary') - Is a variable name equal to an LP file format keyword?
Warning: Duplicate section found (read 'binary') - Is a variable name equal to an LP file format keyword?
Warning: Duplicate section found (read 'binary') - Is a variable name equal to an LP file format keyword?
Warning: Duplicate section found (read 'binary') - Is a variable name equal to an LP file format keyword?
Warning: Duplicate section found (read 'binary') - Is a variable name equal to an LP file format keyword?
Warning: Duplicate section found (read 'binary') - Is a variable name equal to an LP file format keyword?
Warning: Duplicate section found (read 'binary') - Is a variable name equal to an LP file format keyword?
Warning: Duplicate section found (read 'binary') - Is a variable name equal to an LP file format keyword?
Warning: Duplicate section found (read 'binary') - Is a variable name equal to an LP file format keyword?
Warning: Further warnings of this type will be omitted.
Read LP format model from file /root/bgw/data/uploads/2026_03_23_17_03_34_set_ds_1_ds_1_s009_g003_max.lp
Reading time = 0.00 seconds
: 2541 rows, 297 columns, 7473 nonzeros

Using Gurobi shared library /opt/gurobi1301/linux64/lib/libgurobi.so.13.0.1

CPU model: AMD EPYC-Genoa Processor, instruction set [SSE2|AVX|AVX2|AVX512]
Thread count: 16 physical cores, 16 logical processors, using up to 16 threads

Academic license 2792458 - for non-commercial use only - registered to an___@studenti.unipg.it
Optimize a model with 2541 rows, 297 columns and 7473 nonzeros (Max)
Model fingerprint: 0x56653f41
Model has 40 linear objective coefficients
Variable types: 59 continuous, 238 integer (238 binary)
Coefficient statistics:
  Matrix range     [1e+00, 2e+01]
  Objective range  [1e+00, 1e+00]
  Bounds range     [1e+00, 1e+00]
  RHS range        [1e+00, 2e+01]

Found heuristic solution: objective 40.0000000
Presolve removed 543 rows and 91 columns
Presolve time: 0.01s
Presolved: 1998 rows, 206 columns, 6154 nonzeros
Variable types: 0 continuous, 206 integer (196 binary)
Found heuristic solution: objective 50.0000000

Root relaxation: objective 2.100000e+02, 127 iterations, 0.01 seconds (0.01 work units)

    Nodes    |    Current Node    |     Objective Bounds      |     Work
 Expl Unexpl |  Obj  Depth IntInf | Incumbent    BestBd   Gap | It/Node Time

     0     0  210.00000    0   52   50.00000  210.00000   320%     -    0s
H    0     0                      69.0000000  210.00000   204%     -    0s
H    0     0                      79.0000000  210.00000   166%     -    0s
H    0     0                      85.0000000  210.00000   147%     -    0s
H    0     0                      86.0000000  210.00000   144%     -    0s
     0     0  210.00000    0   51   86.00000  210.00000   144%     -    0s
H    0     0                      89.0000000  210.00000   136%     -    0s
     0     0  210.00000    0   51   89.00000  210.00000   136%     -    0s
     0     0  210.00000    0   48   89.00000  210.00000   136%     -    0s
     0     0  210.00000    0   48   89.00000  210.00000   136%     -    0s
H    0     0                      91.0000000  210.00000   131%     -    0s
     0     0  210.00000    0   48   91.00000  210.00000   131%     -    0s
     0     0  210.00000    0   44   91.00000  210.00000   131%     -    0s
     0     0  210.00000    0   42   91.00000  210.00000   131%     -    0s
     0     0  210.00000    0   42   91.00000  210.00000   131%     -    0s
H    0     0                     101.0000000  210.00000   108%     -    0s
     0     0  210.00000    0   40  101.00000  210.00000   108%     -    0s
     0     0  210.00000    0   40  101.00000  210.00000   108%     -    0s
     0     0  210.00000    0   54  101.00000  210.00000   108%     -    0s
     0     0  210.00000    0   50  101.00000  210.00000   108%     -    0s
     0     0  209.58824    0   48  101.00000  209.58824   108%     -    0s
     0     0  209.58824    0   48  101.00000  209.58824   108%     -    0s
     0     0  209.41176    0   48  101.00000  209.41176   107%     -    0s
     0     0  209.41176    0   48  101.00000  209.41176   107%     -    0s
     0     2  207.00000    0   48  101.00000  207.00000   105%     -    0s
H 3419  1685                     102.0000000  191.21176  87.5%  72.0    1s
H 3470  1602                     104.0000000  191.21176  83.9%  71.9    1s
H 3831  1603                     105.0000000  191.21176  82.1%  70.0    2s
 21257  1412  117.23529   27   28  105.00000  127.23529  21.2%  50.3    5s

Cutting planes:
  Inf proof: 1

Explored 28369 nodes (1423842 simplex iterations) in 5.80 seconds (10.17 work units)
Thread count was 16 (of 16 available processors)

Solution count 10: 105 104 102 ... 86

Optimal solution found (tolerance 1.00e-04)
Best objective 1.050000000000e+02, best bound 1.050000000000e+02, gap 0.0000%

Wrote result file '/root/bgw/data/results/2026_03_23_17_03_34_set_ds_1_ds_1_s009_g003_max.sol'

