[2026-03-23T16:00:32.629Z] Pipeline "set_exp_3_exp_3_n022_c003_g001" → 2026_03_23_16_00_32_set_exp_3_exp_3_n022_c003_g001_max.sol
Set parameter WLSAccessID
Set parameter WLSSecret
Set parameter LicenseID to value 2792458
Set parameter LogFile to value "gurobi.log"
Using license file /root/gurobi.lic
Academic license 2792458 - for non-commercial use only - registered to an___@studenti.unipg.it

Gurobi Optimizer version 13.0.1 build v13.0.1rc0 (linux64 - "Ubuntu 24.04.4 LTS")
Copyright (c) 2026, Gurobi Optimization, LLC

Warning: Duplicate section found (read 'binary') - Is a variable name equal to an LP file format keyword?
Warning: Duplicate section found (read 'binary') - Is a variable name equal to an LP file format keyword?
Warning: Duplicate section found (read 'binary') - Is a variable name equal to an LP file format keyword?
Warning: Duplicate section found (read 'binary') - Is a variable name equal to an LP file format keyword?
Warning: Duplicate section found (read 'binary') - Is a variable name equal to an LP file format keyword?
Warning: Duplicate section found (read 'binary') - Is a variable name equal to an LP file format keyword?
Warning: Duplicate section found (read 'binary') - Is a variable name equal to an LP file format keyword?
Warning: Duplicate section found (read 'binary') - Is a variable name equal to an LP file format keyword?
Warning: Duplicate section found (read 'binary') - Is a variable name equal to an LP file format keyword?
Warning: Duplicate section found (read 'binary') - Is a variable name equal to an LP file format keyword?
Warning: Further warnings of this type will be omitted.
Read LP format model from file /root/bgw/data/uploads/2026_03_23_16_00_32_set_exp_3_exp_3_n022_c003_g001_max.lp
Reading time = 0.01 seconds
: 3645 rows, 368 columns, 10816 nonzeros

Using Gurobi shared library /opt/gurobi1301/linux64/lib/libgurobi.so.13.0.1

CPU model: AMD EPYC-Genoa Processor, instruction set [SSE2|AVX|AVX2|AVX512]
Thread count: 16 physical cores, 16 logical processors, using up to 16 threads

Academic license 2792458 - for non-commercial use only - registered to an___@studenti.unipg.it
Optimize a model with 3645 rows, 368 columns and 10816 nonzeros (Max)
Model fingerprint: 0x9458ba22
Model has 3 linear objective coefficients
Variable types: 25 continuous, 343 integer (343 binary)
Coefficient statistics:
  Matrix range     [1e+00, 2e+01]
  Objective range  [1e+00, 1e+00]
  Bounds range     [1e+00, 1e+00]
  RHS range        [1e+00, 2e+01]

Found heuristic solution: objective 3.0000000
Presolve removed 542 rows and 122 columns
Presolve time: 0.02s
Presolved: 3103 rows, 246 columns, 9442 nonzeros
Variable types: 0 continuous, 246 integer (239 binary)
Found heuristic solution: objective 5.0000000

Root relaxation: objective 1.200000e+01, 229 iterations, 0.01 seconds (0.01 work units)

    Nodes    |    Current Node    |     Objective Bounds      |     Work
 Expl Unexpl |  Obj  Depth IntInf | Incumbent    BestBd   Gap | It/Node Time

     0     0   12.00000    0   16    5.00000   12.00000   140%     -    0s
H    0     0                       9.0000000   12.00000  33.3%     -    0s
     0     0   12.00000    0   15    9.00000   12.00000  33.3%     -    0s
     0     0   12.00000    0   13    9.00000   12.00000  33.3%     -    0s
     0     0   12.00000    0   13    9.00000   12.00000  33.3%     -    0s
     0     0   12.00000    0   15    9.00000   12.00000  33.3%     -    0s
     0     0   12.00000    0   22    9.00000   12.00000  33.3%     -    0s
     0     0   12.00000    0   10    9.00000   12.00000  33.3%     -    0s
     0     0   12.00000    0   12    9.00000   12.00000  33.3%     -    0s
     0     0   12.00000    0   14    9.00000   12.00000  33.3%     -    0s
     0     0   12.00000    0   10    9.00000   12.00000  33.3%     -    0s
     0     0   12.00000    0   11    9.00000   12.00000  33.3%     -    0s
     0     0   12.00000    0   10    9.00000   12.00000  33.3%     -    0s
     0     0   12.00000    0   13    9.00000   12.00000  33.3%     -    0s
     0     0   12.00000    0   10    9.00000   12.00000  33.3%     -    0s
     0     0   12.00000    0   11    9.00000   12.00000  33.3%     -    0s
     0     0   12.00000    0   10    9.00000   12.00000  33.3%     -    0s
     0     0   11.90000    0   14    9.00000   11.90000  32.2%     -    0s
     0     0   11.85000    0   13    9.00000   11.85000  31.7%     -    0s
     0     0   11.85000    0   10    9.00000   11.85000  31.7%     -    0s
     0     0   11.00000    0   10    9.00000   11.00000  22.2%     -    0s
     0     0   11.00000    0   10    9.00000   11.00000  22.2%     -    0s
     0     2   11.00000    0   10    9.00000   11.00000  22.2%     -    0s

Cutting planes:
  Cover: 1
  MIR: 1
  Inf proof: 2
  Zero half: 4

Explored 90 nodes (5465 simplex iterations) in 0.31 seconds (0.28 work units)
Thread count was 16 (of 16 available processors)

Solution count 3: 9 5 3 

Optimal solution found (tolerance 1.00e-04)
Best objective 9.000000000000e+00, best bound 9.000000000000e+00, gap 0.0000%

Wrote result file '/root/bgw/data/results/2026_03_23_16_00_32_set_exp_3_exp_3_n022_c003_g001_max.sol'

