[2026-03-24T13:55:26.386Z] Pipeline "set_vm-4-t1_vm-4-t1_s001_g002" → 2026_03_24_13_55_26_set_vm-4-t1_vm-4-t1_s001_g002_max.sol
Set parameter Username
Set parameter LicenseID to value 2797659
Set parameter LogFile to value "gurobi.log"
Using license file /opt/gurobi/gurobi.lic
Academic license - for non-commercial use only - expires 2027-03-24

Gurobi Optimizer version 13.0.1 build v13.0.1rc0 (linux64 - "Ubuntu 24.04.4 LTS")
Copyright (c) 2026, Gurobi Optimization, LLC

Warning: Duplicate section found (read 'binary') - Is a variable name equal to an LP file format keyword?
Warning: Duplicate section found (read 'binary') - Is a variable name equal to an LP file format keyword?
Warning: Duplicate section found (read 'binary') - Is a variable name equal to an LP file format keyword?
Warning: Duplicate section found (read 'binary') - Is a variable name equal to an LP file format keyword?
Warning: Duplicate section found (read 'binary') - Is a variable name equal to an LP file format keyword?
Warning: Duplicate section found (read 'binary') - Is a variable name equal to an LP file format keyword?
Warning: Duplicate section found (read 'binary') - Is a variable name equal to an LP file format keyword?
Warning: Duplicate section found (read 'binary') - Is a variable name equal to an LP file format keyword?
Warning: Duplicate section found (read 'binary') - Is a variable name equal to an LP file format keyword?
Warning: Duplicate section found (read 'binary') - Is a variable name equal to an LP file format keyword?
Warning: Further warnings of this type will be omitted.
Read LP format model from file /root/bgw/data/uploads/2026_03_24_13_55_26_set_vm-4-t1_vm-4-t1_s001_g002_max.lp
Reading time = 0.01 seconds
: 9477 rows, 594 columns, 28951 nonzeros

Using Gurobi shared library /opt/gurobi1301/linux64/lib/libgurobi.so.13.0.1

CPU model: AMD EPYC-Genoa Processor, instruction set [SSE2|AVX|AVX2|AVX512]
Thread count: 16 physical cores, 16 logical processors, using up to 16 threads

Optimize a model with 9477 rows, 594 columns and 28951 nonzeros (Max)
Model fingerprint: 0x5d320ba0
Model has 32 linear objective coefficients
Variable types: 63 continuous, 531 integer (531 binary)
Coefficient statistics:
  Matrix range     [1e+00, 3e+01]
  Objective range  [1e+00, 1e+00]
  Bounds range     [1e+00, 1e+00]
  RHS range        [1e+00, 3e+01]

Found heuristic solution: objective 32.0000000
Presolve removed 438 rows and 100 columns
Presolve time: 0.03s
Presolved: 9039 rows, 494 columns, 27369 nonzeros
Variable types: 0 continuous, 494 integer (485 binary)
Found heuristic solution: objective 53.0000000

Root relaxation: objective 1.720000e+02, 500 iterations, 0.04 seconds (0.05 work units)

    Nodes    |    Current Node    |     Objective Bounds      |     Work
 Expl Unexpl |  Obj  Depth IntInf | Incumbent    BestBd   Gap | It/Node Time

     0     0  172.00000    0   45   53.00000  172.00000   225%     -    0s
H    0     0                      60.0000000  172.00000   187%     -    0s
H    0     0                      67.0000000  172.00000   157%     -    0s
H    0     0                      74.0000000  172.00000   132%     -    0s
     0     0  172.00000    0   47   74.00000  172.00000   132%     -    0s
H    0     0                      81.0000000  172.00000   112%     -    0s
     0     0  172.00000    0   46   81.00000  172.00000   112%     -    0s
     0     0  172.00000    0   43   81.00000  172.00000   112%     -    0s
     0     0  172.00000    0   31   81.00000  172.00000   112%     -    0s
     0     0  172.00000    0   38   81.00000  172.00000   112%     -    0s
     0     0  172.00000    0   53   81.00000  172.00000   112%     -    0s
     0     0  172.00000    0   43   81.00000  172.00000   112%     -    0s
H    0     0                      88.0000000  171.51724  94.9%     -    0s
     0     0  171.27586    0   42   88.00000  171.27586  94.6%     -    0s
     0     0  171.27586    0   29   88.00000  171.27586  94.6%     -    0s
     0     0  165.00000    0   38   88.00000  165.00000  87.5%     -    0s
     0     0  165.00000    0   38   88.00000  165.00000  87.5%     -    0s
     0     0  165.00000    0   38   88.00000  165.00000  87.5%     -    0s
     0     0  165.00000    0   38   88.00000  165.00000  87.5%     -    0s
     0     0  165.00000    0   51   88.00000  165.00000  87.5%     -    0s
     0     0  165.00000    0   32   88.00000  165.00000  87.5%     -    0s
     0     0  165.00000    0   32   88.00000  165.00000  87.5%     -    0s
     0     0  165.00000    0   31   88.00000  165.00000  87.5%     -    0s
     0     2  165.00000    0   31   88.00000  165.00000  87.5%     -    0s
  3671  1379  123.00000   15   73   88.00000  150.91954  71.5%   146    5s
  5861  1638  101.75862   32   25   88.00000  149.94164  70.4%   147   10s
 11506  1665  107.31034   24   54   88.00000  128.64205  46.2%   138   15s
 18570  1513  108.51724   25   79   88.00000  115.39655  31.1%   136   20s

Cutting planes:
  Inf proof: 4

Explored 25855 nodes (3653875 simplex iterations) in 24.92 seconds (61.17 work units)
Thread count was 16 (of 16 available processors)

Solution count 10: 88 88 88 ... 32

Optimal solution found (tolerance 1.00e-04)
Best objective 8.800000000000e+01, best bound 8.800000000000e+01, gap 0.0000%

Wrote result file '/root/bgw/data/results/2026_03_24_13_55_26_set_vm-4-t1_vm-4-t1_s001_g002_max.sol'

