[2026-03-24T15:42:10.062Z] Pipeline "set_vm-3-t1_vm-3-t1_s028_g001" → 2026_03_24_15_42_10_set_vm-3-t1_vm-3-t1_s028_g001_max.sol
Set parameter Username
Set parameter LicenseID to value 2796068
Set parameter LogFile to value "gurobi.log"
Using license file /opt/gurobi/gurobi.lic
Academic license - for non-commercial use only - expires 2027-03-23

Gurobi Optimizer version 13.0.1 build v13.0.1rc0 (linux64 - "Ubuntu 24.04.4 LTS")
Copyright (c) 2026, Gurobi Optimization, LLC

Warning: Duplicate section found (read 'binary') - Is a variable name equal to an LP file format keyword?
Warning: Duplicate section found (read 'binary') - Is a variable name equal to an LP file format keyword?
Warning: Duplicate section found (read 'binary') - Is a variable name equal to an LP file format keyword?
Warning: Duplicate section found (read 'binary') - Is a variable name equal to an LP file format keyword?
Warning: Duplicate section found (read 'binary') - Is a variable name equal to an LP file format keyword?
Warning: Duplicate section found (read 'binary') - Is a variable name equal to an LP file format keyword?
Warning: Duplicate section found (read 'binary') - Is a variable name equal to an LP file format keyword?
Warning: Duplicate section found (read 'binary') - Is a variable name equal to an LP file format keyword?
Warning: Duplicate section found (read 'binary') - Is a variable name equal to an LP file format keyword?
Warning: Duplicate section found (read 'binary') - Is a variable name equal to an LP file format keyword?
Warning: Further warnings of this type will be omitted.
Read LP format model from file /root/bgw/data/uploads/2026_03_24_15_42_10_set_vm-3-t1_vm-3-t1_s028_g001_max.lp
Reading time = 0.01 seconds
: 17228 rows, 816 columns, 52722 nonzeros

Using Gurobi shared library /opt/gurobi1301/linux64/lib/libgurobi.so.13.0.1

CPU model: AMD EPYC-Genoa Processor, instruction set [SSE2|AVX|AVX2|AVX512]
Thread count: 16 physical cores, 16 logical processors, using up to 16 threads

Optimize a model with 17228 rows, 816 columns and 52722 nonzeros (Max)
Model fingerprint: 0x22c504f2
Model has 10 linear objective coefficients
Variable types: 48 continuous, 768 integer (768 binary)
Coefficient statistics:
  Matrix range     [1e+00, 4e+01]
  Objective range  [1e+00, 1e+00]
  Bounds range     [1e+00, 1e+00]
  RHS range        [1e+00, 4e+01]

Found heuristic solution: objective 10.0000000
Presolve removed 325 rows and 94 columns
Presolve time: 0.05s
Presolved: 16903 rows, 722 columns, 50954 nonzeros
Variable types: 0 continuous, 722 integer (715 binary)

Root relaxation: objective 4.600000e+01, 437 iterations, 0.04 seconds (0.05 work units)

    Nodes    |    Current Node    |     Objective Bounds      |     Work
 Expl Unexpl |  Obj  Depth IntInf | Incumbent    BestBd   Gap | It/Node Time

     0     0   46.00000    0   29   10.00000   46.00000   360%     -    0s
H    0     0                      28.0000000   46.00000  64.3%     -    0s
     0     0   46.00000    0   33   28.00000   46.00000  64.3%     -    0s
     0     0   46.00000    0   33   28.00000   46.00000  64.3%     -    0s
     0     0   46.00000    0   25   28.00000   46.00000  64.3%     -    0s
     0     0   46.00000    0   25   28.00000   46.00000  64.3%     -    0s
     0     0   46.00000    0   18   28.00000   46.00000  64.3%     -    0s
     0     0   46.00000    0   17   28.00000   46.00000  64.3%     -    0s
     0     0   46.00000    0   24   28.00000   46.00000  64.3%     -    0s
     0     0   46.00000    0   24   28.00000   46.00000  64.3%     -    0s
     0     0   46.00000    0   24   28.00000   46.00000  64.3%     -    0s
     0     0   46.00000    0   24   28.00000   46.00000  64.3%     -    0s
     0     0   46.00000    0   24   28.00000   46.00000  64.3%     -    0s
     0     0   46.00000    0   24   28.00000   46.00000  64.3%     -    0s
     0     0   46.00000    0   18   28.00000   46.00000  64.3%     -    0s
     0     0   46.00000    0   25   28.00000   46.00000  64.3%     -    0s
     0     0   46.00000    0   31   28.00000   46.00000  64.3%     -    0s
     0     0   46.00000    0   24   28.00000   46.00000  64.3%     -    0s
     0     0   43.00000    0   26   28.00000   43.00000  53.6%     -    1s
     0     0   43.00000    0   24   28.00000   43.00000  53.6%     -    1s
     0     0   43.00000    0   24   28.00000   43.00000  53.6%     -    1s
     0     0   43.00000    0   24   28.00000   43.00000  53.6%     -    1s
     0     2   43.00000    0   24   28.00000   43.00000  53.6%     -    1s
  1061   194   31.00000   11   17   28.00000   39.83333  42.3%   219    5s

Cutting planes:
  Cover: 11
  MIR: 2
  StrongCG: 1
  Inf proof: 31

Explored 2366 nodes (645810 simplex iterations) in 9.64 seconds (20.21 work units)
Thread count was 16 (of 16 available processors)

Solution count 2: 28 10 

Optimal solution found (tolerance 1.00e-04)
Best objective 2.800000000000e+01, best bound 2.800000000000e+01, gap 0.0000%

Wrote result file '/root/bgw/data/results/2026_03_24_15_42_10_set_vm-3-t1_vm-3-t1_s028_g001_max.sol'

