[2026-03-24T13:56:57.876Z] Pipeline "set_vm-4-t1_vm-4-t1_s004_g002" → 2026_03_24_13_56_57_set_vm-4-t1_vm-4-t1_s004_g002_max.sol
Set parameter Username
Set parameter LicenseID to value 2797659
Set parameter LogFile to value "gurobi.log"
Using license file /opt/gurobi/gurobi.lic
Academic license - for non-commercial use only - expires 2027-03-24

Gurobi Optimizer version 13.0.1 build v13.0.1rc0 (linux64 - "Ubuntu 24.04.4 LTS")
Copyright (c) 2026, Gurobi Optimization, LLC

Warning: Duplicate section found (read 'binary') - Is a variable name equal to an LP file format keyword?
Warning: Duplicate section found (read 'binary') - Is a variable name equal to an LP file format keyword?
Warning: Duplicate section found (read 'binary') - Is a variable name equal to an LP file format keyword?
Warning: Duplicate section found (read 'binary') - Is a variable name equal to an LP file format keyword?
Warning: Duplicate section found (read 'binary') - Is a variable name equal to an LP file format keyword?
Warning: Duplicate section found (read 'binary') - Is a variable name equal to an LP file format keyword?
Warning: Duplicate section found (read 'binary') - Is a variable name equal to an LP file format keyword?
Warning: Duplicate section found (read 'binary') - Is a variable name equal to an LP file format keyword?
Warning: Duplicate section found (read 'binary') - Is a variable name equal to an LP file format keyword?
Warning: Duplicate section found (read 'binary') - Is a variable name equal to an LP file format keyword?
Warning: Further warnings of this type will be omitted.
Read LP format model from file /root/bgw/data/uploads/2026_03_24_13_56_57_set_vm-4-t1_vm-4-t1_s004_g002_max.lp
Reading time = 0.01 seconds
: 12243 rows, 653 columns, 37555 nonzeros

Using Gurobi shared library /opt/gurobi1301/linux64/lib/libgurobi.so.13.0.1

CPU model: AMD EPYC-Genoa Processor, instruction set [SSE2|AVX|AVX2|AVX512]
Thread count: 16 physical cores, 16 logical processors, using up to 16 threads

Optimize a model with 12243 rows, 653 columns and 37555 nonzeros (Max)
Model fingerprint: 0xbae5ec4d
Model has 5 linear objective coefficients
Variable types: 39 continuous, 614 integer (614 binary)
Coefficient statistics:
  Matrix range     [1e+00, 4e+01]
  Objective range  [1e+00, 1e+00]
  Bounds range     [1e+00, 1e+00]
  RHS range        [1e+00, 4e+01]

Found heuristic solution: objective 5.0000000
Presolve removed 259 rows and 82 columns
Presolve time: 0.04s
Presolved: 11984 rows, 571 columns, 36076 nonzeros
Variable types: 0 continuous, 571 integer (567 binary)

Root relaxation: objective 2.300000e+01, 215 iterations, 0.02 seconds (0.03 work units)

    Nodes    |    Current Node    |     Objective Bounds      |     Work
 Expl Unexpl |  Obj  Depth IntInf | Incumbent    BestBd   Gap | It/Node Time

     0     0   23.00000    0   10    5.00000   23.00000   360%     -    0s
H    0     0                      14.0000000   23.00000  64.3%     -    0s
     0     0   23.00000    0    9   14.00000   23.00000  64.3%     -    0s
     0     0   23.00000    0   18   14.00000   23.00000  64.3%     -    0s
     0     0   23.00000    0   11   14.00000   23.00000  64.3%     -    0s
     0     0   22.90625    0   11   14.00000   22.90625  63.6%     -    0s
     0     0   20.00000    0   11   14.00000   20.00000  42.9%     -    0s
     0     0   20.00000    0    5   14.00000   20.00000  42.9%     -    0s
     0     0   20.00000    0    4   14.00000   20.00000  42.9%     -    0s
     0     0   20.00000    0    5   14.00000   20.00000  42.9%     -    0s
     0     0   20.00000    0    9   14.00000   20.00000  42.9%     -    0s
     0     0   20.00000    0    9   14.00000   20.00000  42.9%     -    0s
     0     0   20.00000    0    7   14.00000   20.00000  42.9%     -    0s
     0     0   20.00000    0    7   14.00000   20.00000  42.9%     -    0s
     0     2   20.00000    0    7   14.00000   20.00000  42.9%     -    0s

Cutting planes:
  MIR: 4
  Zero half: 4
  Mod-K: 3

Explored 69 nodes (6623 simplex iterations) in 0.54 seconds (0.75 work units)
Thread count was 16 (of 16 available processors)

Solution count 2: 14 5 

Optimal solution found (tolerance 1.00e-04)
Best objective 1.400000000000e+01, best bound 1.400000000000e+01, gap 0.0000%

Wrote result file '/root/bgw/data/results/2026_03_24_13_56_57_set_vm-4-t1_vm-4-t1_s004_g002_max.sol'

