[2026-03-24T00:35:07.340Z] Pipeline "set_set_set_s010_g002" → 2026_03_24_00_35_07_set_set_set_s010_g002_max.sol
Set parameter WLSAccessID
Set parameter WLSSecret
Set parameter LicenseID to value 2792458
Set parameter LogFile to value "gurobi.log"
Using license file /root/gurobi.lic
Academic license 2792458 - for non-commercial use only - registered to an___@studenti.unipg.it

Gurobi Optimizer version 13.0.1 build v13.0.1rc0 (linux64 - "Ubuntu 24.04.4 LTS")
Copyright (c) 2026, Gurobi Optimization, LLC

Warning: Duplicate section found (read 'binary') - Is a variable name equal to an LP file format keyword?
Warning: Duplicate section found (read 'binary') - Is a variable name equal to an LP file format keyword?
Warning: Duplicate section found (read 'binary') - Is a variable name equal to an LP file format keyword?
Warning: Duplicate section found (read 'binary') - Is a variable name equal to an LP file format keyword?
Warning: Duplicate section found (read 'binary') - Is a variable name equal to an LP file format keyword?
Warning: Duplicate section found (read 'binary') - Is a variable name equal to an LP file format keyword?
Warning: Duplicate section found (read 'binary') - Is a variable name equal to an LP file format keyword?
Warning: Duplicate section found (read 'binary') - Is a variable name equal to an LP file format keyword?
Warning: Duplicate section found (read 'binary') - Is a variable name equal to an LP file format keyword?
Warning: Duplicate section found (read 'binary') - Is a variable name equal to an LP file format keyword?
Warning: Further warnings of this type will be omitted.
Read LP format model from file /root/bgw/data/uploads/2026_03_24_00_35_07_set_set_set_s010_g002_max.lp
Reading time = 0.00 seconds
: 1437 rows, 211 columns, 4028 nonzeros

Using Gurobi shared library /opt/gurobi1301/linux64/lib/libgurobi.so.13.0.1

CPU model: AMD EPYC-Genoa Processor, instruction set [SSE2|AVX|AVX2|AVX512]
Thread count: 16 physical cores, 16 logical processors, using up to 16 threads

Academic license 2792458 - for non-commercial use only - registered to an___@studenti.unipg.it
Optimize a model with 1437 rows, 211 columns and 4028 nonzeros (Max)
Model fingerprint: 0xbc4fc7c0
Model has 20 linear objective coefficients
Variable types: 35 continuous, 176 integer (176 binary)
Coefficient statistics:
  Matrix range     [1e+00, 2e+01]
  Objective range  [1e+00, 1e+00]
  Bounds range     [1e+00, 1e+00]
  RHS range        [1e+00, 2e+01]

Found heuristic solution: objective 20.0000000
Presolve removed 465 rows and 69 columns
Presolve time: 0.01s
Presolved: 972 rows, 142 columns, 3060 nonzeros
Variable types: 0 continuous, 142 integer (130 binary)
Found heuristic solution: objective 32.0000000

Root relaxation: objective 8.900000e+01, 177 iterations, 0.01 seconds (0.01 work units)

    Nodes    |    Current Node    |     Objective Bounds      |     Work
 Expl Unexpl |  Obj  Depth IntInf | Incumbent    BestBd   Gap | It/Node Time

     0     0   89.00000    0   60   32.00000   89.00000   178%     -    0s
H    0     0                      33.0000000   89.00000   170%     -    0s
H    0     0                      37.0000000   89.00000   141%     -    0s
H    0     0                      39.0000000   89.00000   128%     -    0s
     0     0   89.00000    0   76   39.00000   89.00000   128%     -    0s
H    0     0                      41.0000000   89.00000   117%     -    0s
     0     0   89.00000    0   74   41.00000   89.00000   117%     -    0s
     0     0   89.00000    0   68   41.00000   89.00000   117%     -    0s
H    0     0                      42.0000000   89.00000   112%     -    0s
H    0     0                      45.0000000   89.00000  97.8%     -    0s
     0     0   89.00000    0   70   45.00000   89.00000  97.8%     -    0s
     0     0   89.00000    0   69   45.00000   89.00000  97.8%     -    0s
H    0     0                      46.0000000   89.00000  93.5%     -    0s
     0     0   89.00000    0   70   46.00000   89.00000  93.5%     -    0s
     0     0   89.00000    0   68   46.00000   89.00000  93.5%     -    0s
     0     0   89.00000    0   67   46.00000   89.00000  93.5%     -    0s
     0     0   89.00000    0   67   46.00000   89.00000  93.5%     -    0s
     0     0   89.00000    0   67   46.00000   89.00000  93.5%     -    0s
     0     0   89.00000    0   67   46.00000   89.00000  93.5%     -    0s
     0     0   89.00000    0   67   46.00000   89.00000  93.5%     -    0s
     0     0   89.00000    0   67   46.00000   89.00000  93.5%     -    0s
H    0     2                      47.0000000   89.00000  89.4%     -    0s
     0     2   89.00000    0   67   47.00000   89.00000  89.4%     -    0s
H   14    16                      49.0000000   89.00000  81.6%  95.2    0s
H   41    43                      50.0000000   89.00000  78.0%  83.1    0s
H  197   194                      51.0000000   89.00000  74.5%  68.2    0s
 42312  8054 infeasible   32        51.00000   65.69231  28.8%  39.2    5s
H46757  8071                      52.0000000   65.15385  25.3%  38.9    5s

Cutting planes:
  Inf proof: 1

Explored 97315 nodes (3804628 simplex iterations) in 9.72 seconds (16.73 work units)
Thread count was 16 (of 16 available processors)

Solution count 10: 52 51 50 ... 39

Optimal solution found (tolerance 1.00e-04)
Best objective 5.200000000000e+01, best bound 5.200000000000e+01, gap 0.0000%

Wrote result file '/root/bgw/data/results/2026_03_24_00_35_07_set_set_set_s010_g002_max.sol'

