[2026-03-24T19:43:34.197Z] Pipeline "set_vm-3-t3_vm-3-t3_s011_g002" → 2026_03_24_19_43_34_set_vm-3-t3_vm-3-t3_s011_g002_max.sol
Set parameter Username
Set parameter LicenseID to value 2796068
Set parameter LogFile to value "gurobi.log"
Using license file /opt/gurobi/gurobi.lic
Academic license - for non-commercial use only - expires 2027-03-23

Gurobi Optimizer version 13.0.1 build v13.0.1rc0 (linux64 - "Ubuntu 24.04.4 LTS")
Copyright (c) 2026, Gurobi Optimization, LLC

Warning: Duplicate section found (read 'binary') - Is a variable name equal to an LP file format keyword?
Warning: Duplicate section found (read 'binary') - Is a variable name equal to an LP file format keyword?
Warning: Duplicate section found (read 'binary') - Is a variable name equal to an LP file format keyword?
Warning: Duplicate section found (read 'binary') - Is a variable name equal to an LP file format keyword?
Warning: Duplicate section found (read 'binary') - Is a variable name equal to an LP file format keyword?
Warning: Duplicate section found (read 'binary') - Is a variable name equal to an LP file format keyword?
Warning: Duplicate section found (read 'binary') - Is a variable name equal to an LP file format keyword?
Warning: Duplicate section found (read 'binary') - Is a variable name equal to an LP file format keyword?
Warning: Duplicate section found (read 'binary') - Is a variable name equal to an LP file format keyword?
Warning: Duplicate section found (read 'binary') - Is a variable name equal to an LP file format keyword?
Warning: Further warnings of this type will be omitted.
Read LP format model from file /root/bgw/data/uploads/2026_03_24_19_43_34_set_vm-3-t3_vm-3-t3_s011_g002_max.lp
Reading time = 0.00 seconds
: 3124 rows, 324 columns, 9492 nonzeros

Using Gurobi shared library /opt/gurobi1301/linux64/lib/libgurobi.so.13.0.1

CPU model: AMD EPYC-Genoa Processor, instruction set [SSE2|AVX|AVX2|AVX512]
Thread count: 16 physical cores, 16 logical processors, using up to 16 threads

Optimize a model with 3124 rows, 324 columns and 9492 nonzeros (Max)
Model fingerprint: 0x4b87e651
Model has 43 linear objective coefficients
Variable types: 64 continuous, 260 integer (260 binary)
Coefficient statistics:
  Matrix range     [1e+00, 2e+01]
  Objective range  [1e+00, 1e+00]
  Bounds range     [1e+00, 1e+00]
  RHS range        [1e+00, 2e+01]

Found heuristic solution: objective 43.0000000
Presolve removed 423 rows and 90 columns
Presolve time: 0.01s
Presolved: 2701 rows, 234 columns, 8229 nonzeros
Variable types: 0 continuous, 234 integer (227 binary)
Found heuristic solution: objective 58.0000000

Root relaxation: objective 2.710000e+02, 188 iterations, 0.01 seconds (0.01 work units)

    Nodes    |    Current Node    |     Objective Bounds      |     Work
 Expl Unexpl |  Obj  Depth IntInf | Incumbent    BestBd   Gap | It/Node Time

     0     0  271.00000    0   35   58.00000  271.00000   367%     -    0s
H    0     0                      73.0000000  271.00000   271%     -    0s
H    0     0                     104.0000000  271.00000   161%     -    0s
H    0     0                     119.0000000  271.00000   128%     -    0s
     0     0  271.00000    0   35  119.00000  271.00000   128%     -    0s
     0     0  271.00000    0   35  119.00000  271.00000   128%     -    0s
     0     0  271.00000    0   34  119.00000  271.00000   128%     -    0s
     0     0  271.00000    0   26  119.00000  271.00000   128%     -    0s
     0     0  256.00000    0   24  119.00000  256.00000   115%     -    0s
     0     0  256.00000    0   24  119.00000  256.00000   115%     -    0s
     0     0  256.00000    0   24  119.00000  256.00000   115%     -    0s
     0     0  256.00000    0   24  119.00000  256.00000   115%     -    0s
     0     0  256.00000    0   24  119.00000  256.00000   115%     -    0s
H    0     0                     120.0000000  256.00000   113%     -    0s
     0     0  255.00000    0   25  120.00000  255.00000   112%     -    0s
     0     0  255.00000    0   25  120.00000  255.00000   112%     -    0s
     0     0  251.26316    0   25  120.00000  251.26316   109%     -    0s
     0     0  251.26316    0   25  120.00000  251.26316   109%     -    0s
     0     0  238.63158    0   25  120.00000  238.63158  98.9%     -    0s
     0     0  238.63158    0   31  120.00000  238.63158  98.9%     -    0s
     0     0  238.63158    0   25  120.00000  238.63158  98.9%     -    0s
     0     0  238.63158    0   25  120.00000  238.63158  98.9%     -    0s
     0     0  238.63158    0   25  120.00000  238.63158  98.9%     -    0s
     0     2  238.63158    0   25  120.00000  238.63158  98.9%     -    0s
 16328     0 infeasible   32       120.00000  146.30526  21.9%  53.5    5s

Cutting planes:
  Inf proof: 7

Explored 16396 nodes (879041 simplex iterations) in 5.04 seconds (8.53 work units)
Thread count was 16 (of 16 available processors)

Solution count 9: 120 120 120 ... 43

Optimal solution found (tolerance 1.00e-04)
Best objective 1.200000000000e+02, best bound 1.200000000000e+02, gap 0.0000%

Wrote result file '/root/bgw/data/results/2026_03_24_19_43_34_set_vm-3-t3_vm-3-t3_s011_g002_max.sol'

