[2026-03-23T16:01:50.559Z] Pipeline "set_exp_3_exp_3_n024_c002_g002" → 2026_03_23_16_01_50_set_exp_3_exp_3_n024_c002_g002_max.sol
Set parameter WLSAccessID
Set parameter WLSSecret
Set parameter LicenseID to value 2792458
Set parameter LogFile to value "gurobi.log"
Using license file /root/gurobi.lic
Academic license 2792458 - for non-commercial use only - registered to an___@studenti.unipg.it

Gurobi Optimizer version 13.0.1 build v13.0.1rc0 (linux64 - "Ubuntu 24.04.4 LTS")
Copyright (c) 2026, Gurobi Optimization, LLC

Warning: Duplicate section found (read 'binary') - Is a variable name equal to an LP file format keyword?
Warning: Duplicate section found (read 'binary') - Is a variable name equal to an LP file format keyword?
Warning: Duplicate section found (read 'binary') - Is a variable name equal to an LP file format keyword?
Warning: Duplicate section found (read 'binary') - Is a variable name equal to an LP file format keyword?
Warning: Duplicate section found (read 'binary') - Is a variable name equal to an LP file format keyword?
Warning: Duplicate section found (read 'binary') - Is a variable name equal to an LP file format keyword?
Warning: Duplicate section found (read 'binary') - Is a variable name equal to an LP file format keyword?
Warning: Duplicate section found (read 'binary') - Is a variable name equal to an LP file format keyword?
Warning: Duplicate section found (read 'binary') - Is a variable name equal to an LP file format keyword?
Warning: Duplicate section found (read 'binary') - Is a variable name equal to an LP file format keyword?
Warning: Further warnings of this type will be omitted.
Read LP format model from file /root/bgw/data/uploads/2026_03_23_16_01_50_set_exp_3_exp_3_n024_c002_g002_max.lp
Reading time = 0.01 seconds
: 4466 rows, 388 columns, 13512 nonzeros

Using Gurobi shared library /opt/gurobi1301/linux64/lib/libgurobi.so.13.0.1

CPU model: AMD EPYC-Genoa Processor, instruction set [SSE2|AVX|AVX2|AVX512]
Thread count: 16 physical cores, 16 logical processors, using up to 16 threads

Academic license 2792458 - for non-commercial use only - registered to an___@studenti.unipg.it
Optimize a model with 4466 rows, 388 columns and 13512 nonzeros (Max)
Model fingerprint: 0x0efc7577
Model has 2 linear objective coefficients
Variable types: 26 continuous, 362 integer (362 binary)
Coefficient statistics:
  Matrix range     [1e+00, 2e+01]
  Objective range  [1e+00, 1e+00]
  Bounds range     [1e+00, 1e+00]
  RHS range        [1e+00, 3e+01]

Found heuristic solution: objective 2.0000000
Presolve removed 400 rows and 100 columns
Presolve time: 0.02s
Presolved: 4066 rows, 288 columns, 12324 nonzeros
Variable types: 0 continuous, 288 integer (282 binary)

Root relaxation: objective 8.000000e+00, 155 iterations, 0.01 seconds (0.01 work units)

    Nodes    |    Current Node    |     Objective Bounds      |     Work
 Expl Unexpl |  Obj  Depth IntInf | Incumbent    BestBd   Gap | It/Node Time

     0     0    8.00000    0   12    2.00000    8.00000   300%     -    0s
H    0     0                       6.0000000    8.00000  33.3%     -    0s
     0     0    8.00000    0    9    6.00000    8.00000  33.3%     -    0s
     0     0    8.00000    0    9    6.00000    8.00000  33.3%     -    0s
     0     0    8.00000    0   15    6.00000    8.00000  33.3%     -    0s
     0     0    8.00000    0   10    6.00000    8.00000  33.3%     -    0s
     0     0    8.00000    0    9    6.00000    8.00000  33.3%     -    0s
     0     0    8.00000    0   11    6.00000    8.00000  33.3%     -    0s
     0     0    8.00000    0   10    6.00000    8.00000  33.3%     -    0s
     0     0    7.95455    0    9    6.00000    7.95455  32.6%     -    0s
     0     0    7.00000    0    8    6.00000    7.00000  16.7%     -    0s
     0     0    7.00000    0    8    6.00000    7.00000  16.7%     -    0s
     0     0    7.00000    0    8    6.00000    7.00000  16.7%     -    0s
     0     0    7.00000    0    8    6.00000    7.00000  16.7%     -    0s
     0     2    7.00000    0    8    6.00000    7.00000  16.7%     -    0s

Cutting planes:
  Gomory: 2
  Lift-and-project: 4
  Cover: 3
  MIR: 6
  Inf proof: 1
  Mod-K: 1

Explored 42 nodes (2873 simplex iterations) in 0.31 seconds (0.21 work units)
Thread count was 16 (of 16 available processors)

Solution count 2: 6 2 

Optimal solution found (tolerance 1.00e-04)
Best objective 6.000000000000e+00, best bound 6.000000000000e+00, gap 0.0000%

Wrote result file '/root/bgw/data/results/2026_03_23_16_01_50_set_exp_3_exp_3_n024_c002_g002_max.sol'

