[2026-03-24T14:05:36.524Z] Pipeline "set_vm-4-t1_vm-4-t1_s013_g001" → 2026_03_24_14_05_36_set_vm-4-t1_vm-4-t1_s013_g001_max.sol
Set parameter Username
Set parameter LicenseID to value 2797659
Set parameter LogFile to value "gurobi.log"
Using license file /opt/gurobi/gurobi.lic
Academic license - for non-commercial use only - expires 2027-03-24

Gurobi Optimizer version 13.0.1 build v13.0.1rc0 (linux64 - "Ubuntu 24.04.4 LTS")
Copyright (c) 2026, Gurobi Optimization, LLC

Warning: Duplicate section found (read 'binary') - Is a variable name equal to an LP file format keyword?
Warning: Duplicate section found (read 'binary') - Is a variable name equal to an LP file format keyword?
Warning: Duplicate section found (read 'binary') - Is a variable name equal to an LP file format keyword?
Warning: Duplicate section found (read 'binary') - Is a variable name equal to an LP file format keyword?
Warning: Duplicate section found (read 'binary') - Is a variable name equal to an LP file format keyword?
Warning: Duplicate section found (read 'binary') - Is a variable name equal to an LP file format keyword?
Warning: Duplicate section found (read 'binary') - Is a variable name equal to an LP file format keyword?
Warning: Duplicate section found (read 'binary') - Is a variable name equal to an LP file format keyword?
Warning: Duplicate section found (read 'binary') - Is a variable name equal to an LP file format keyword?
Warning: Duplicate section found (read 'binary') - Is a variable name equal to an LP file format keyword?
Warning: Further warnings of this type will be omitted.
Read LP format model from file /root/bgw/data/uploads/2026_03_24_14_05_36_set_vm-4-t1_vm-4-t1_s013_g001_max.lp
Reading time = 0.04 seconds
: 25091 rows, 1033 columns, 76653 nonzeros

Using Gurobi shared library /opt/gurobi1301/linux64/lib/libgurobi.so.13.0.1

CPU model: AMD EPYC-Genoa Processor, instruction set [SSE2|AVX|AVX2|AVX512]
Thread count: 16 physical cores, 16 logical processors, using up to 16 threads

Optimize a model with 25091 rows, 1033 columns and 76653 nonzeros (Max)
Model fingerprint: 0x0d3b2664
Model has 10 linear objective coefficients
Variable types: 53 continuous, 980 integer (980 binary)
Coefficient statistics:
  Matrix range     [1e+00, 4e+01]
  Objective range  [1e+00, 1e+00]
  Bounds range     [1e+00, 1e+00]
  RHS range        [1e+00, 5e+01]

Found heuristic solution: objective 10.0000000
Presolve removed 378 rows and 111 columns
Presolve time: 0.08s
Presolved: 24713 rows, 922 columns, 74419 nonzeros
Variable types: 0 continuous, 922 integer (915 binary)
Found heuristic solution: objective 13.0000000
Root relaxation presolved: 12372 rows, 13263 columns, 49737 nonzeros


Root relaxation: objective 4.600000e+01, 439 iterations, 0.07 seconds (0.10 work units)

    Nodes    |    Current Node    |     Objective Bounds      |     Work
 Expl Unexpl |  Obj  Depth IntInf | Incumbent    BestBd   Gap | It/Node Time

     0     0   46.00000    0   27   13.00000   46.00000   254%     -    0s
H    0     0                      19.0000000   46.00000   142%     -    0s
H    0     0                      25.0000000   46.00000  84.0%     -    0s
H    0     0                      28.0000000   46.00000  64.3%     -    0s
     0     0   46.00000    0   27   28.00000   46.00000  64.3%     -    0s
     0     0   46.00000    0   26   28.00000   46.00000  64.3%     -    0s
     0     0   46.00000    0   26   28.00000   46.00000  64.3%     -    0s
     0     0   46.00000    0   26   28.00000   46.00000  64.3%     -    0s
     0     0   46.00000    0   26   28.00000   46.00000  64.3%     -    0s
     0     0   46.00000    0   25   28.00000   46.00000  64.3%     -    0s
     0     0   46.00000    0   24   28.00000   46.00000  64.3%     -    0s
     0     0   46.00000    0   16   28.00000   46.00000  64.3%     -    0s
     0     0   46.00000    0   16   28.00000   46.00000  64.3%     -    0s
     0     0   46.00000    0   24   28.00000   46.00000  64.3%     -    0s
     0     0   46.00000    0   17   28.00000   46.00000  64.3%     -    1s
     0     0   46.00000    0   26   28.00000   46.00000  64.3%     -    1s
     0     0   46.00000    0   24   28.00000   46.00000  64.3%     -    1s
     0     0   46.00000    0   26   28.00000   46.00000  64.3%     -    1s
     0     0   46.00000    0   25   28.00000   46.00000  64.3%     -    1s
     0     0   46.00000    0   25   28.00000   46.00000  64.3%     -    1s
     0     0   46.00000    0   16   28.00000   46.00000  64.3%     -    1s
     0     2   46.00000    0   16   28.00000   46.00000  64.3%     -    1s
   547   160 infeasible   13        28.00000   45.67073  63.1%   283    5s
  1351   153   39.71080    9  167   28.00000   39.96341  42.7%   319   10s

Cutting planes:
  Gomory: 1
  Cover: 15
  MIR: 7
  StrongCG: 1
  Inf proof: 28

Explored 2132 nodes (728903 simplex iterations) in 14.89 seconds (31.62 work units)
Thread count was 16 (of 16 available processors)

Solution count 5: 28 25 19 ... 10

Optimal solution found (tolerance 1.00e-04)
Best objective 2.800000000000e+01, best bound 2.800000000000e+01, gap 0.0000%

Wrote result file '/root/bgw/data/results/2026_03_24_14_05_36_set_vm-4-t1_vm-4-t1_s013_g001_max.sol'

