[2026-03-24T16:43:44.920Z] Pipeline "set_vm-3-t3_vm-3-t3_s008_g001" → 2026_03_24_16_43_44_set_vm-3-t3_vm-3-t3_s008_g001_max.sol
Set parameter Username
Set parameter LicenseID to value 2796068
Set parameter LogFile to value "gurobi.log"
Using license file /opt/gurobi/gurobi.lic
Academic license - for non-commercial use only - expires 2027-03-23

Gurobi Optimizer version 13.0.1 build v13.0.1rc0 (linux64 - "Ubuntu 24.04.4 LTS")
Copyright (c) 2026, Gurobi Optimization, LLC

Warning: Duplicate section found (read 'binary') - Is a variable name equal to an LP file format keyword?
Warning: Duplicate section found (read 'binary') - Is a variable name equal to an LP file format keyword?
Warning: Duplicate section found (read 'binary') - Is a variable name equal to an LP file format keyword?
Warning: Duplicate section found (read 'binary') - Is a variable name equal to an LP file format keyword?
Warning: Duplicate section found (read 'binary') - Is a variable name equal to an LP file format keyword?
Warning: Duplicate section found (read 'binary') - Is a variable name equal to an LP file format keyword?
Warning: Duplicate section found (read 'binary') - Is a variable name equal to an LP file format keyword?
Warning: Duplicate section found (read 'binary') - Is a variable name equal to an LP file format keyword?
Warning: Duplicate section found (read 'binary') - Is a variable name equal to an LP file format keyword?
Warning: Duplicate section found (read 'binary') - Is a variable name equal to an LP file format keyword?
Warning: Further warnings of this type will be omitted.
Read LP format model from file /root/bgw/data/uploads/2026_03_24_16_43_44_set_vm-3-t3_vm-3-t3_s008_g001_max.lp
Reading time = 0.00 seconds
: 2777 rows, 391 columns, 8227 nonzeros

Using Gurobi shared library /opt/gurobi1301/linux64/lib/libgurobi.so.13.0.1

CPU model: AMD EPYC-Genoa Processor, instruction set [SSE2|AVX|AVX2|AVX512]
Thread count: 16 physical cores, 16 logical processors, using up to 16 threads

Optimize a model with 2777 rows, 391 columns and 8227 nonzeros (Max)
Model fingerprint: 0xb66a9760
Model has 147 linear objective coefficients
Variable types: 165 continuous, 226 integer (226 binary)
Coefficient statistics:
  Matrix range     [1e+00, 2e+01]
  Objective range  [1e+00, 1e+00]
  Bounds range     [1e+00, 1e+00]
  RHS range        [1e+00, 2e+01]

Found heuristic solution: objective 147.0000000
Presolve removed 1060 rows and 190 columns
Presolve time: 0.01s
Presolved: 1717 rows, 201 columns, 5316 nonzeros
Variable types: 0 continuous, 201 integer (190 binary)
Found heuristic solution: objective 208.0000000

Root relaxation: objective 1.047000e+03, 178 iterations, 0.01 seconds (0.01 work units)

    Nodes    |    Current Node    |     Objective Bounds      |     Work
 Expl Unexpl |  Obj  Depth IntInf | Incumbent    BestBd   Gap | It/Node Time

     0     0 1047.00000    0   65  208.00000 1047.00000   403%     -    0s
H    0     0                     241.0000000 1047.00000   334%     -    0s
H    0     0                     259.0000000 1047.00000   304%     -    0s
H    0     0                     305.0000000 1047.00000   243%     -    0s
     0     0 1047.00000    0   64  305.00000 1047.00000   243%     -    0s
H    0     0                     320.0000000 1047.00000   227%     -    0s
H    0     0                     366.0000000 1047.00000   186%     -    0s
H    0     0                     367.0000000 1047.00000   185%     -    0s
     0     0 1047.00000    0   63  367.00000 1047.00000   185%     -    0s
     0     0 1047.00000    0   50  367.00000 1047.00000   185%     -    0s
H    0     0                     369.0000000 1047.00000   184%     -    0s
     0     0 1047.00000    0   65  369.00000 1047.00000   184%     -    0s
     0     0 1047.00000    0   52  369.00000 1047.00000   184%     -    0s
     0     0 1047.00000    0   64  369.00000 1047.00000   184%     -    0s
     0     0 1047.00000    0   49  369.00000 1047.00000   184%     -    0s
     0     0 1047.00000    0   60  369.00000 1047.00000   184%     -    0s
     0     0 1047.00000    0   63  369.00000 1047.00000   184%     -    0s
     0     0 1047.00000    0   62  369.00000 1047.00000   184%     -    0s
     0     0 1047.00000    0   64  369.00000 1047.00000   184%     -    0s
     0     0 1047.00000    0   61  369.00000 1047.00000   184%     -    0s
H    0     0                     370.0000000 1047.00000   183%     -    0s
H    0     0                     371.0000000 1047.00000   182%     -    0s
     0     0 1045.12500    0   61  371.00000 1045.12500   182%     -    0s
     0     0 1045.12500    0   49  371.00000 1045.12500   182%     -    0s
     0     0 1043.12500    0   49  371.00000 1043.12500   181%     -    0s
     0     0 1043.12500    0   49  371.00000 1043.12500   181%     -    0s
     0     2 1043.12500    0   49  371.00000 1043.12500   181%     -    0s
H   28    35                     385.0000000 1043.12500   171%  68.6    0s
H  205   185                     386.0000000 1043.12500   170%  63.2    0s
H  228   220                     402.0000000 1043.12500   159%  63.8    0s
H 2958  1847                     414.0000000 1014.06250   145%  50.9    1s
 21204  9009  845.52083   36  115  414.00000  845.52083   104%  43.5    5s
 61981 20459 infeasible   58       414.00000  837.85417   102%  42.2   11s
 105084 38725 infeasible   61       414.00000  790.56250  91.0%  41.2   15s
 153793 57031 infeasible   61       414.00000  760.32778  83.7%  40.7   20s
 203330 75757  460.00000   65   73  414.00000  737.87321  78.2%  40.4   25s
 253417 92992  477.45833   61   57  414.00000  721.28125  74.2%  40.4   30s
 295482 106916  707.12083   53   43  414.00000  709.62500  71.4%  40.3   35s
 343594 122215  488.10714   59   56  414.00000  698.68750  68.8%  40.3   40s
 393737 138072  501.15000   60   52  414.00000  688.41118  66.3%  40.1   45s
 441175 151847 infeasible   65       414.00000  679.97917  64.2%  40.0   50s
 488990 165479  560.32500   53   55  414.00000  672.56250  62.5%  40.0   55s
 534846 177730  619.50000   56   48  414.00000  665.72321  60.8%  39.9   60s
 581620 190704 infeasible   66       414.00000  659.82031  59.4%  39.8   65s
 631127 203719  431.06250   65   29  414.00000  653.96875  58.0%  39.7   70s
 685440 217519  634.06250   51   46  414.00000  647.87798  56.5%  39.6   75s
 733020 229511  477.77778   58   69  414.00000  643.26042  55.4%  39.6   80s
 779468 239833  462.56111   57   50  414.00000  638.75417  54.3%  39.6   85s
 831617 251957     cutoff   63       414.00000  633.81250  53.1%  39.4   90s
 886218 264749  420.45833   61   43  414.00000  629.32440  52.0%  39.3   95s
 940981 276448 infeasible   58       414.00000  624.87500  50.9%  39.3  100s
 996073 287755 infeasible   63       414.00000  620.48958  49.9%  39.2  105s
 1042906 297521  430.43750   66   26  414.00000  616.98438  49.0%  39.1  110s
 1099435 308918  456.70833   64   47  414.00000  612.92857  48.1%  39.0  115s
 1153161 318688  562.80972   55   76  414.00000  609.30417  47.2%  39.0  120s
 1211132 328671 infeasible   59       414.00000  605.37500  46.2%  38.8  125s
 1261633 337609  438.96875   62   58  414.00000  602.34434  45.5%  38.7  130s
 1318801 348185  454.48958   68   58  414.00000  599.04087  44.7%  38.7  135s
 1375193 357818  473.75000   59   69  414.00000  595.93750  43.9%  38.6  140s
 1424265 365365  495.66875   60   50  414.00000  593.20729  43.3%  38.5  145s
 1482067 373915  553.06250   62   41  414.00000  590.02354  42.5%  38.4  150s
 1535304 381738  458.30599   60   59  414.00000  587.15595  41.8%  38.3  155s
 1592349 390255  492.24722   57   69  414.00000  584.31250  41.1%  38.2  160s
 1647121 398046  430.53333   62   47  414.00000  581.78393  40.5%  38.1  165s
 1703471 405303  458.05469   67   50  414.00000  579.15489  39.9%  38.0  170s
 1760441 412173  512.87083   58   81  414.00000  576.54464  39.3%  37.9  175s
 1805771 417927     cutoff   68       414.00000  574.50000  38.8%  37.9  180s
 1864164 425369  544.65750   58   42  414.00000  572.00000  38.2%  37.8  185s
 1921223 432921 infeasible   58       414.00000  569.73750  37.6%  37.7  190s
 1980223 440536  487.31250   59   32  414.00000  567.56250  37.1%  37.6  195s
 2036420 447191  459.00000   59   25  414.00000  565.56250  36.6%  37.5  200s
 2092328 452783 infeasible   63       414.00000  563.44083  36.1%  37.4  205s
 2146754 457580  460.31250   67   26  414.00000  561.32813  35.6%  37.3  210s
 2196433 461937  446.12500   64   33  414.00000  559.37500  35.1%  37.3  215s
 2249238 466625  476.99107   67   34  414.00000  557.37083  34.6%  37.2  220s
 2304709 472227 infeasible   62       414.00000  555.32083  34.1%  37.1  225s
 2361684 478012     cutoff   63       414.00000  553.47917  33.7%  37.0  230s
 2415353 482859  458.59375   63   32  414.00000  551.80357  33.3%  37.0  235s
 2471881 487681 infeasible   62       414.00000  550.10625  32.9%  36.9  240s
 2525957 491663 infeasible   69       414.00000  548.52083  32.5%  36.8  245s
 2582814 495083  490.09783   61   43  414.00000  546.78125  32.1%  36.8  250s
 2644384 498577  431.25000   69   35  414.00000  544.81250  31.6%  36.7  255s
 2703414 501943  478.98438   62   49  414.00000  542.93750  31.1%  36.6  260s
 2761994 505659 infeasible   65       414.00000  541.18750  30.7%  36.5  265s
 2817837 509477  488.90000   56   43  414.00000  539.69792  30.4%  36.5  270s
 2865976 512760 infeasible   73       414.00000  538.47500  30.1%  36.4  275s
 2925332 516553  439.93750   60   44  414.00000  537.00893  29.7%  36.4  280s
 2983826 519799 infeasible   64       414.00000  535.62917  29.4%  36.3  285s
 3042115 522251     cutoff   60       414.00000  534.23214  29.0%  36.2  290s
 3093681 523794  461.09375   56   39  414.00000  532.85536  28.7%  36.1  295s
 3152289 524744 infeasible   66       414.00000  531.25000  28.3%  36.1  300s
 3209277 526149  476.30000   61   36  414.00000  529.70833  27.9%  36.0  305s
 3266557 527569  419.62500   69   50  414.00000  528.09091  27.6%  35.9  310s
 3321506 529030  500.95536   61   50  414.00000  526.62500  27.2%  35.9  315s
 3378359 530785  431.06250   65   49  414.00000  525.18750  26.9%  35.8  320s
 3425320 532492  489.50000   63   33  414.00000  524.12500  26.6%  35.8  325s
 3480391 534203  488.82708   68   19  414.00000  522.95750  26.3%  35.7  330s
 3534860 535370  421.56250   65   44  414.00000  521.84375  26.0%  35.7  335s
 3588420 535962  465.50000   60   36  414.00000  520.76875  25.8%  35.6  340s
 3642902 536298  459.79688   63   39  414.00000  519.70313  25.5%  35.6  345s
 3697129 535924  431.81250   66   31  414.00000  518.62500  25.3%  35.5  350s
 3746075 535594 infeasible   61       414.00000  517.59375  25.0%  35.5  355s
 3802059 534742 infeasible   63       414.00000  516.43333  24.7%  35.4  360s
 3857858 533468  461.14583   60   61  414.00000  515.17500  24.4%  35.4  365s
 3917881 531482     cutoff   63       414.00000  513.68750  24.1%  35.3  370s
 3974712 530037 infeasible   60       414.00000  512.29286  23.7%  35.3  375s
 4030771 529145  482.27083   63   57  414.00000  511.04167  23.4%  35.2  380s
 4072697 528997  438.93750   64   30  414.00000  510.17857  23.2%  35.2  385s
 4112891 528285 infeasible   70       414.00000  509.55833  23.1%  35.1  390s
 4169585 528415  442.16250   62   38  414.00000  508.57500  22.8%  35.1  395s
 4226458 527949 infeasible   68       414.00000  507.62500  22.6%  35.1  400s
 4282404 527430  443.40625   66   34  414.00000  506.70667  22.4%  35.0  405s
 4336859 526407 infeasible   66       414.00000  505.84375  22.2%  35.0  410s
 4393211 524949  502.56250   62   45  414.00000  504.92708  22.0%  35.0  415s
 4443013 523122 infeasible   72       414.00000  504.08088  21.8%  34.9  420s
 4504582 520469  497.72917   58   61  414.00000  503.03068  21.5%  34.9  425s
 4567931 516532 infeasible   69       414.00000  501.80104  21.2%  34.8  430s
 4617771 512995  437.52083   61   29  414.00000  500.76389  21.0%  34.8  435s
 4681135 508668 infeasible   59       414.00000  499.42188  20.6%  34.7  440s
 4745934 504179     cutoff   65       414.00000  497.91042  20.3%  34.7  445s
 4806582 500843 infeasible   58       414.00000  496.52404  19.9%  34.6  450s
 4870201 497947  442.40625   63   38  414.00000  495.25000  19.6%  34.6  455s
 4926642 495922  466.25705   59   47  414.00000  494.31250  19.4%  34.5  460s
 4981144 493892 infeasible   67       414.00000  493.40000  19.2%  34.5  465s
 5037806 491604 infeasible   60       414.00000  492.56250  19.0%  34.5  470s
 5096021 488713  427.81250   62   37  414.00000  491.71875  18.8%  34.4  475s
 5154698 485720  449.81250   59   39  414.00000  490.87500  18.6%  34.4  480s
 5218175 481419 infeasible   69       414.00000  489.96875  18.3%  34.4  485s
 5271711 477491  486.97656   67   25  414.00000  489.18750  18.2%  34.3  490s
 5337378 471974  422.50000   63   29  414.00000  488.18750  17.9%  34.3  495s
 5397324 466496  483.43750   60   34  414.00000  487.20255  17.7%  34.3  500s
 5462180 460219 infeasible   67       414.00000  486.07500  17.4%  34.2  505s
 5524244 453603  463.93750   67   33  414.00000  484.84375  17.1%  34.2  510s
 5579711 447633 infeasible   60       414.00000  483.75000  16.8%  34.1  515s
 5640465 440650  450.76786   65   30  414.00000  482.30417  16.5%  34.1  520s
 5700865 434587  416.62500   61   33  414.00000  481.03438  16.2%  34.1  525s
 5756967 429506     cutoff   62       414.00000  480.00000  15.9%  34.1  530s
 5796952 425760 infeasible   64       414.00000  479.27708  15.8%  34.1  535s
 5846317 421412     cutoff   58       414.00000  478.50543  15.6%  34.1  540s
 5891593 417211 infeasible   59       414.00000  477.87500  15.4%  34.1  545s
 5944982 411809 infeasible   64       414.00000  477.06641  15.2%  34.1  550s
 5994424 406672  446.93125   63   25  414.00000  476.40234  15.1%  34.1  555s
 6046215 401327  436.12500   65   24  414.00000  475.69583  14.9%  34.1  560s
 6102629 395269  430.95313   65   24  414.00000  474.93750  14.7%  34.1  565s
 6154716 389371 infeasible   65       414.00000  474.24219  14.6%  34.0  570s
 6208681 382757 infeasible   61       414.00000  473.45375  14.4%  34.0  575s
 6266786 375054  443.80833   70   28  414.00000  472.56250  14.1%  34.0  580s
 6323226 367469  451.52083   62   45  414.00000  471.62500  13.9%  34.0  585s
 6376738 359407 infeasible   67       414.00000  470.59167  13.7%  34.0  590s
 6428532 352208 infeasible   62       414.00000  469.56250  13.4%  33.9  595s
 6485978 343607  428.87500   67   86  414.00000  468.25446  13.1%  33.9  600s
 6545972 335480  443.09566   62   28  414.00000  466.93750  12.8%  33.9  605s
 6605192 327553  441.65625   59   45  414.00000  465.56250  12.5%  33.9  610s
 6662786 319773  434.57813   64   52  414.00000  464.43750  12.2%  33.9  615s
 6715648 313027  447.03125   65   16  414.00000  463.56250  12.0%  33.9  620s
 6772286 305094  447.62500   60   24  414.00000  462.67917  11.8%  33.9  625s
 6823658 297157  417.06250   65   24  414.00000  461.87500  11.6%  33.9  630s
 6876405 288699  456.25000   61   60  414.00000  461.11250  11.4%  33.9  635s
 6921496 280831  451.69167   61   47  414.00000  460.43333  11.2%  33.9  640s
 6972506 271291  455.50000   62   43  414.00000  459.66250  11.0%  33.9  645s
 7024502 261047  433.50000   62   23  414.00000  458.83854  10.8%  33.9  650s
 7074587 250879 infeasible   65       414.00000  457.94531  10.6%  33.9  655s
 7123087 240190 infeasible   62       414.00000  457.00000  10.4%  33.9  660s
 7182053 227751  448.40625   63   32  414.00000  455.71250  10.1%  33.9  665s
 7225610 218367 infeasible   68       414.00000  454.62500  9.81%  33.9  670s
 7277344 207130  446.05833   68   32  414.00000  453.18333  9.46%  33.9  675s
 7330186 196110     cutoff   63       414.00000  451.73438  9.11%  33.9  680s
 7375956 186131  447.93750   67   31  414.00000  450.41667  8.80%  33.9  685s
 7426025 174973  431.40625   68   16  414.00000  449.11667  8.48%  33.9  690s
 7474554 163974     cutoff   69       414.00000  448.00000  8.21%  33.9  695s
 7521577 152442  446.93750   65   26  414.00000  447.00000  7.97%  33.9  700s
 7569536 139208  437.64583   64   47  414.00000  445.85000  7.69%  34.0  705s
 7613181 126015 infeasible   62       414.00000  444.64402  7.40%  34.0  710s
 7658931 110958 infeasible   66       414.00000  443.12500  7.04%  34.0  715s
 7704702 94573     cutoff   63       414.00000  440.90625  6.50%  34.0  720s
 7750220 77534  437.47321   60   35  414.00000  437.60833  5.70%  34.0  725s
 7792027 61947 infeasible   67       414.00000  434.29167  4.90%  34.1  730s
 7831358 44924 infeasible   63       414.00000  431.41042  4.21%  34.1  735s
 7881422 12828  417.43750   60   39  414.00000  421.62500  1.84%  34.1  740s

Cutting planes:
  Gomory: 1
  Inf proof: 1
  Zero half: 2

Explored 7899449 nodes (269303202 simplex iterations) in 741.69 seconds (1255.51 work units)
Thread count was 16 (of 16 available processors)

Solution count 10: 414 402 402 ... 369

Optimal solution found (tolerance 1.00e-04)
Best objective 4.140000000000e+02, best bound 4.140000000000e+02, gap 0.0000%

Wrote result file '/root/bgw/data/results/2026_03_24_16_43_44_set_vm-3-t3_vm-3-t3_s008_g001_max.sol'

