[2026-03-23T16:06:21.248Z] Pipeline "set_exp_3_exp_3_n029_c005_g003" → 2026_03_23_16_06_21_set_exp_3_exp_3_n029_c005_g003_max.sol
Set parameter WLSAccessID
Set parameter WLSSecret
Set parameter LicenseID to value 2792458
Set parameter LogFile to value "gurobi.log"
Using license file /root/gurobi.lic
Academic license 2792458 - for non-commercial use only - registered to an___@studenti.unipg.it

Gurobi Optimizer version 13.0.1 build v13.0.1rc0 (linux64 - "Ubuntu 24.04.4 LTS")
Copyright (c) 2026, Gurobi Optimization, LLC

Warning: Duplicate section found (read 'binary') - Is a variable name equal to an LP file format keyword?
Warning: Duplicate section found (read 'binary') - Is a variable name equal to an LP file format keyword?
Warning: Duplicate section found (read 'binary') - Is a variable name equal to an LP file format keyword?
Warning: Duplicate section found (read 'binary') - Is a variable name equal to an LP file format keyword?
Warning: Duplicate section found (read 'binary') - Is a variable name equal to an LP file format keyword?
Warning: Duplicate section found (read 'binary') - Is a variable name equal to an LP file format keyword?
Warning: Duplicate section found (read 'binary') - Is a variable name equal to an LP file format keyword?
Warning: Duplicate section found (read 'binary') - Is a variable name equal to an LP file format keyword?
Warning: Duplicate section found (read 'binary') - Is a variable name equal to an LP file format keyword?
Warning: Duplicate section found (read 'binary') - Is a variable name equal to an LP file format keyword?
Warning: Further warnings of this type will be omitted.
Read LP format model from file /root/bgw/data/uploads/2026_03_23_16_06_21_set_exp_3_exp_3_n029_c005_g003_max.lp
Reading time = 0.01 seconds
: 8162 rows, 602 columns, 24425 nonzeros

Using Gurobi shared library /opt/gurobi1301/linux64/lib/libgurobi.so.13.0.1

CPU model: AMD EPYC-Genoa Processor, instruction set [SSE2|AVX|AVX2|AVX512]
Thread count: 16 physical cores, 16 logical processors, using up to 16 threads

Academic license 2792458 - for non-commercial use only - registered to an___@studenti.unipg.it
Optimize a model with 8162 rows, 602 columns and 24425 nonzeros (Max)
Model fingerprint: 0xb37b25f8
Model has 5 linear objective coefficients
Variable types: 34 continuous, 568 integer (568 binary)
Coefficient statistics:
  Matrix range     [1e+00, 3e+01]
  Objective range  [1e+00, 1e+00]
  Bounds range     [1e+00, 1e+00]
  RHS range        [1e+00, 3e+01]

Found heuristic solution: objective 5.0000000
Presolve removed 815 rows and 171 columns
Presolve time: 0.03s
Presolved: 7347 rows, 431 columns, 22327 nonzeros
Variable types: 0 continuous, 431 integer (420 binary)
Found heuristic solution: objective 6.0000000

Root relaxation: objective 2.000000e+01, 453 iterations, 0.03 seconds (0.04 work units)

    Nodes    |    Current Node    |     Objective Bounds      |     Work
 Expl Unexpl |  Obj  Depth IntInf | Incumbent    BestBd   Gap | It/Node Time

     0     0   20.00000    0   48    6.00000   20.00000   233%     -    0s
H    0     0                       9.0000000   20.00000   122%     -    0s
H    0     0                      10.0000000   20.00000   100%     -    0s
H    0     0                      11.0000000   20.00000  81.8%     -    0s
H    0     0                      12.0000000   20.00000  66.7%     -    0s
H    0     0                      13.0000000   20.00000  53.8%     -    0s
     0     0   20.00000    0   51   13.00000   20.00000  53.8%     -    0s
     0     0   20.00000    0   51   13.00000   20.00000  53.8%     -    0s
     0     0   20.00000    0   30   13.00000   20.00000  53.8%     -    0s
     0     0   20.00000    0   34   13.00000   20.00000  53.8%     -    0s
     0     0   20.00000    0   34   13.00000   20.00000  53.8%     -    0s
     0     0   20.00000    0   38   13.00000   20.00000  53.8%     -    0s
     0     0   20.00000    0   31   13.00000   20.00000  53.8%     -    0s
     0     0   20.00000    0   31   13.00000   20.00000  53.8%     -    0s
     0     0   20.00000    0   44   13.00000   20.00000  53.8%     -    0s
     0     0   20.00000    0   37   13.00000   20.00000  53.8%     -    0s
     0     0   20.00000    0   37   13.00000   20.00000  53.8%     -    0s
     0     0   20.00000    0   37   13.00000   20.00000  53.8%     -    0s
     0     0   20.00000    0   36   13.00000   20.00000  53.8%     -    0s
     0     0   20.00000    0   36   13.00000   20.00000  53.8%     -    0s
     0     0   20.00000    0   36   13.00000   20.00000  53.8%     -    0s
     0     0   20.00000    0   36   13.00000   20.00000  53.8%     -    0s
     0     2   20.00000    0   36   13.00000   20.00000  53.8%     -    0s
  2335   231 infeasible   15        13.00000   16.33880  25.7%   174    5s

Cutting planes:
  Cover: 30
  MIR: 10
  StrongCG: 1
  Inf proof: 47
  Zero half: 3

Explored 3442 nodes (647375 simplex iterations) in 6.27 seconds (11.13 work units)
Thread count was 16 (of 16 available processors)

Solution count 7: 13 12 11 ... 5

Optimal solution found (tolerance 1.00e-04)
Best objective 1.300000000000e+01, best bound 1.300000000000e+01, gap 0.0000%

Wrote result file '/root/bgw/data/results/2026_03_23_16_06_21_set_exp_3_exp_3_n029_c005_g003_max.sol'

