[2026-03-24T16:32:14.726Z] Pipeline "set_vm-3-t2_vm-3-t2_s008_g001" → 2026_03_24_16_32_14_set_vm-3-t2_vm-3-t2_s008_g001_max.sol
Set parameter Username
Set parameter LicenseID to value 2796068
Set parameter LogFile to value "gurobi.log"
Using license file /opt/gurobi/gurobi.lic
Academic license - for non-commercial use only - expires 2027-03-23

Gurobi Optimizer version 13.0.1 build v13.0.1rc0 (linux64 - "Ubuntu 24.04.4 LTS")
Copyright (c) 2026, Gurobi Optimization, LLC

Warning: Duplicate section found (read 'binary') - Is a variable name equal to an LP file format keyword?
Warning: Duplicate section found (read 'binary') - Is a variable name equal to an LP file format keyword?
Warning: Duplicate section found (read 'binary') - Is a variable name equal to an LP file format keyword?
Warning: Duplicate section found (read 'binary') - Is a variable name equal to an LP file format keyword?
Warning: Duplicate section found (read 'binary') - Is a variable name equal to an LP file format keyword?
Warning: Duplicate section found (read 'binary') - Is a variable name equal to an LP file format keyword?
Warning: Duplicate section found (read 'binary') - Is a variable name equal to an LP file format keyword?
Warning: Duplicate section found (read 'binary') - Is a variable name equal to an LP file format keyword?
Warning: Duplicate section found (read 'binary') - Is a variable name equal to an LP file format keyword?
Warning: Duplicate section found (read 'binary') - Is a variable name equal to an LP file format keyword?
Warning: Further warnings of this type will be omitted.
Read LP format model from file /root/bgw/data/uploads/2026_03_24_16_32_14_set_vm-3-t2_vm-3-t2_s008_g001_max.lp
Reading time = 0.00 seconds
: 1982 rows, 242 columns, 5938 nonzeros

Using Gurobi shared library /opt/gurobi1301/linux64/lib/libgurobi.so.13.0.1

CPU model: AMD EPYC-Genoa Processor, instruction set [SSE2|AVX|AVX2|AVX512]
Thread count: 16 physical cores, 16 logical processors, using up to 16 threads

Optimize a model with 1982 rows, 242 columns and 5938 nonzeros (Max)
Model fingerprint: 0x0f1fb50e
Model has 16 linear objective coefficients
Variable types: 34 continuous, 208 integer (208 binary)
Coefficient statistics:
  Matrix range     [1e+00, 2e+01]
  Objective range  [1e+00, 1e+00]
  Bounds range     [1e+00, 1e+00]
  RHS range        [1e+00, 2e+01]

Found heuristic solution: objective 16.0000000
Presolve removed 325 rows and 74 columns
Presolve time: 0.01s
Presolved: 1657 rows, 168 columns, 5046 nonzeros
Variable types: 0 continuous, 168 integer (163 binary)
Found heuristic solution: objective 23.0000000

Root relaxation: objective 8.600000e+01, 72 iterations, 0.00 seconds (0.00 work units)

    Nodes    |    Current Node    |     Objective Bounds      |     Work
 Expl Unexpl |  Obj  Depth IntInf | Incumbent    BestBd   Gap | It/Node Time

     0     0   86.00000    0   20   23.00000   86.00000   274%     -    0s
H    0     0                      44.0000000   86.00000  95.5%     -    0s
     0     0   86.00000    0   20   44.00000   86.00000  95.5%     -    0s
     0     0   86.00000    0   18   44.00000   86.00000  95.5%     -    0s
     0     0   86.00000    0   13   44.00000   86.00000  95.5%     -    0s
     0     0   86.00000    0   13   44.00000   86.00000  95.5%     -    0s
     0     0   86.00000    0   13   44.00000   86.00000  95.5%     -    0s
     0     0   86.00000    0   14   44.00000   86.00000  95.5%     -    0s
     0     0   86.00000    0   14   44.00000   86.00000  95.5%     -    0s
     0     0   84.25000    0   14   44.00000   84.25000  91.5%     -    0s
     0     0   84.25000    0   14   44.00000   84.25000  91.5%     -    0s
     0     0   78.56250    0   14   44.00000   78.56250  78.6%     -    0s
     0     0   78.12500    0   13   44.00000   78.12500  77.6%     -    0s
     0     0   78.12500    0   13   44.00000   78.12500  77.6%     -    0s
     0     0   71.56250    0   12   44.00000   71.56250  62.6%     -    0s
     0     0   71.56250    0   12   44.00000   71.56250  62.6%     -    0s
     0     0   71.56250    0   12   44.00000   71.56250  62.6%     -    0s
     0     0   71.56250    0   12   44.00000   71.56250  62.6%     -    0s
     0     2   71.56250    0   12   44.00000   71.56250  62.6%     -    0s

Cutting planes:
  Gomory: 5
  Cover: 2
  MIR: 3
  Inf proof: 2
  Zero half: 4
  Mod-K: 6

Explored 662 nodes (15320 simplex iterations) in 0.26 seconds (0.23 work units)
Thread count was 16 (of 16 available processors)

Solution count 3: 44 23 16 

Optimal solution found (tolerance 1.00e-04)
Best objective 4.400000000000e+01, best bound 4.400000000000e+01, gap 0.0000%

Wrote result file '/root/bgw/data/results/2026_03_24_16_32_14_set_vm-3-t2_vm-3-t2_s008_g001_max.sol'

