[2026-03-23T13:59:46.174Z] Pipeline "set_exp_2_exp_2_n035_c004_g003" → 2026_03_23_13_59_46_set_exp_2_exp_2_n035_c004_g003_max.sol
Set parameter WLSAccessID
Set parameter WLSSecret
Set parameter LicenseID to value 2792458
Set parameter LogFile to value "gurobi.log"
Using license file /root/gurobi.lic
Academic license 2792458 - for non-commercial use only - registered to an___@studenti.unipg.it

Gurobi Optimizer version 13.0.1 build v13.0.1rc0 (linux64 - "Ubuntu 24.04.4 LTS")
Copyright (c) 2026, Gurobi Optimization, LLC

Warning: Duplicate section found (read 'binary') - Is a variable name equal to an LP file format keyword?
Warning: Duplicate section found (read 'binary') - Is a variable name equal to an LP file format keyword?
Warning: Duplicate section found (read 'binary') - Is a variable name equal to an LP file format keyword?
Warning: Duplicate section found (read 'binary') - Is a variable name equal to an LP file format keyword?
Warning: Duplicate section found (read 'binary') - Is a variable name equal to an LP file format keyword?
Warning: Duplicate section found (read 'binary') - Is a variable name equal to an LP file format keyword?
Warning: Duplicate section found (read 'binary') - Is a variable name equal to an LP file format keyword?
Warning: Duplicate section found (read 'binary') - Is a variable name equal to an LP file format keyword?
Warning: Duplicate section found (read 'binary') - Is a variable name equal to an LP file format keyword?
Warning: Duplicate section found (read 'binary') - Is a variable name equal to an LP file format keyword?
Warning: Further warnings of this type will be omitted.
Read LP format model from file /root/bgw/data/uploads/2026_03_23_13_59_46_set_exp_2_exp_2_n035_c004_g003_max.lp
Reading time = 0.01 seconds
: 14537 rows, 913 columns, 43327 nonzeros

Using Gurobi shared library /opt/gurobi1301/linux64/lib/libgurobi.so.13.0.1

CPU model: AMD EPYC-Genoa Processor, instruction set [SSE2|AVX|AVX2|AVX512]
Thread count: 16 physical cores, 16 logical processors, using up to 16 threads

Academic license 2792458 - for non-commercial use only - registered to an___@studenti.unipg.it
Optimize a model with 14537 rows, 913 columns and 43327 nonzeros (Max)
Model fingerprint: 0xe7535a3c
Model has 4 linear objective coefficients
Variable types: 39 continuous, 874 integer (874 binary)
Coefficient statistics:
  Matrix range     [1e+00, 4e+01]
  Objective range  [1e+00, 1e+00]
  Bounds range     [1e+00, 1e+00]
  RHS range        [1e+00, 4e+01]

Found heuristic solution: objective 4.0000000
Presolve removed 1411 rows and 294 columns
Presolve time: 0.04s
Presolved: 13126 rows, 619 columns, 39762 nonzeros
Variable types: 0 continuous, 619 integer (607 binary)

Root relaxation: objective 1.600000e+01, 545 iterations, 0.04 seconds (0.05 work units)

    Nodes    |    Current Node    |     Objective Bounds      |     Work
 Expl Unexpl |  Obj  Depth IntInf | Incumbent    BestBd   Gap | It/Node Time

     0     0   16.00000    0   27    4.00000   16.00000   300%     -    0s
H    0     0                      12.0000000   16.00000  33.3%     -    0s
     0     0   16.00000    0   30   12.00000   16.00000  33.3%     -    0s
     0     0   16.00000    0   38   12.00000   16.00000  33.3%     -    0s
     0     0   16.00000    0   21   12.00000   16.00000  33.3%     -    0s
     0     0   16.00000    0   19   12.00000   16.00000  33.3%     -    0s
     0     0   16.00000    0   19   12.00000   16.00000  33.3%     -    0s
     0     0   16.00000    0   26   12.00000   16.00000  33.3%     -    0s
     0     0   16.00000    0   22   12.00000   16.00000  33.3%     -    0s
     0     0   16.00000    0   22   12.00000   16.00000  33.3%     -    0s
     0     0   16.00000    0   28   12.00000   16.00000  33.3%     -    0s
     0     0   16.00000    0   20   12.00000   16.00000  33.3%     -    0s
     0     0   16.00000    0   16   12.00000   16.00000  33.3%     -    0s
     0     0   16.00000    0   16   12.00000   16.00000  33.3%     -    0s
     0     0   16.00000    0   50   12.00000   16.00000  33.3%     -    0s
     0     0   16.00000    0   20   12.00000   16.00000  33.3%     -    0s
     0     0   16.00000    0   21   12.00000   16.00000  33.3%     -    0s
     0     0   16.00000    0   18   12.00000   16.00000  33.3%     -    0s
     0     0   16.00000    0   18   12.00000   16.00000  33.3%     -    0s
     0     0   16.00000    0   18   12.00000   16.00000  33.3%     -    0s
     0     0   16.00000    0   18   12.00000   16.00000  33.3%     -    0s
     0     2   16.00000    0   18   12.00000   16.00000  33.3%     -    1s

Cutting planes:
  Cover: 7
  MIR: 9
  Inf proof: 22
  Zero half: 7
  Mod-K: 4

Explored 1456 nodes (221671 simplex iterations) in 4.77 seconds (7.84 work units)
Thread count was 16 (of 16 available processors)

Solution count 2: 12 4 

Optimal solution found (tolerance 1.00e-04)
Best objective 1.200000000000e+01, best bound 1.200000000000e+01, gap 0.0000%

Wrote result file '/root/bgw/data/results/2026_03_23_13_59_46_set_exp_2_exp_2_n035_c004_g003_max.sol'

