[2026-03-24T21:50:08.220Z] Pipeline "set_vm-3-t3_vm-3-t3_s017_g001" → 2026_03_24_21_50_08_set_vm-3-t3_vm-3-t3_s017_g001_max.sol
Set parameter Username
Set parameter LicenseID to value 2796068
Set parameter LogFile to value "gurobi.log"
Using license file /opt/gurobi/gurobi.lic
Academic license - for non-commercial use only - expires 2027-03-23

Gurobi Optimizer version 13.0.1 build v13.0.1rc0 (linux64 - "Ubuntu 24.04.4 LTS")
Copyright (c) 2026, Gurobi Optimization, LLC

Warning: Duplicate section found (read 'binary') - Is a variable name equal to an LP file format keyword?
Warning: Duplicate section found (read 'binary') - Is a variable name equal to an LP file format keyword?
Warning: Duplicate section found (read 'binary') - Is a variable name equal to an LP file format keyword?
Warning: Duplicate section found (read 'binary') - Is a variable name equal to an LP file format keyword?
Warning: Duplicate section found (read 'binary') - Is a variable name equal to an LP file format keyword?
Warning: Duplicate section found (read 'binary') - Is a variable name equal to an LP file format keyword?
Warning: Duplicate section found (read 'binary') - Is a variable name equal to an LP file format keyword?
Warning: Duplicate section found (read 'binary') - Is a variable name equal to an LP file format keyword?
Warning: Duplicate section found (read 'binary') - Is a variable name equal to an LP file format keyword?
Warning: Duplicate section found (read 'binary') - Is a variable name equal to an LP file format keyword?
Warning: Further warnings of this type will be omitted.
Read LP format model from file /root/bgw/data/uploads/2026_03_24_21_50_08_set_vm-3-t3_vm-3-t3_s017_g001_max.lp
Reading time = 0.01 seconds
: 6339 rows, 480 columns, 19386 nonzeros

Using Gurobi shared library /opt/gurobi1301/linux64/lib/libgurobi.so.13.0.1

CPU model: AMD EPYC-Genoa Processor, instruction set [SSE2|AVX|AVX2|AVX512]
Thread count: 16 physical cores, 16 logical processors, using up to 16 threads

Optimize a model with 6339 rows, 480 columns and 19386 nonzeros (Max)
Model fingerprint: 0x89b67528
Model has 42 linear objective coefficients
Variable types: 69 continuous, 411 integer (411 binary)
Coefficient statistics:
  Matrix range     [1e+00, 3e+01]
  Objective range  [1e+00, 1e+00]
  Bounds range     [1e+00, 1e+00]
  RHS range        [1e+00, 3e+01]

Found heuristic solution: objective 42.0000000
Presolve removed 453 rows and 108 columns
Presolve time: 0.02s
Presolved: 5886 rows, 372 columns, 17802 nonzeros
Variable types: 0 continuous, 372 integer (366 binary)

Root relaxation: objective 2.670000e+02, 206 iterations, 0.01 seconds (0.01 work units)

    Nodes    |    Current Node    |     Objective Bounds      |     Work
 Expl Unexpl |  Obj  Depth IntInf | Incumbent    BestBd   Gap | It/Node Time

     0     0  267.00000    0   23   42.00000  267.00000   536%     -    0s
H    0     0                      87.0000000  267.00000   207%     -    0s
H    0     0                     117.0000000  267.00000   128%     -    0s
     0     0  267.00000    0   24  117.00000  267.00000   128%     -    0s
     0     0  252.00000    0   26  117.00000  252.00000   115%     -    0s
     0     0  252.00000    0   14  117.00000  252.00000   115%     -    0s
     0     0  252.00000    0   21  117.00000  252.00000   115%     -    0s
     0     0  252.00000    0   13  117.00000  252.00000   115%     -    0s
     0     0  250.80000    0   20  117.00000  250.80000   114%     -    0s
     0     0  243.90000    0   20  117.00000  243.90000   108%     -    0s
     0     0  243.90000    0   14  117.00000  243.90000   108%     -    0s
     0     0  237.00000    0   20  117.00000  237.00000   103%     -    0s
     0     0  237.00000    0   20  117.00000  237.00000   103%     -    0s
     0     0  237.00000    0   20  117.00000  237.00000   103%     -    0s
     0     0  237.00000    0   16  117.00000  237.00000   103%     -    0s
     0     0  237.00000    0   14  117.00000  237.00000   103%     -    0s
     0     0  237.00000    0   12  117.00000  237.00000   103%     -    0s
     0     0  237.00000    0   22  117.00000  237.00000   103%     -    0s
     0     0  237.00000    0   14  117.00000  237.00000   103%     -    0s
     0     0  237.00000    0   14  117.00000  237.00000   103%     -    0s
     0     0  237.00000    0   14  117.00000  237.00000   103%     -    0s
     0     2  237.00000    0   14  117.00000  237.00000   103%     -    0s

Cutting planes:
  Gomory: 3
  Cover: 29
  MIR: 6
  Inf proof: 81
  Zero half: 3
  Mod-K: 1

Explored 5271 nodes (446273 simplex iterations) in 3.12 seconds (5.67 work units)
Thread count was 16 (of 16 available processors)

Solution count 3: 117 87 42 

Optimal solution found (tolerance 1.00e-04)
Best objective 1.170000000000e+02, best bound 1.170000000000e+02, gap 0.0000%

Wrote result file '/root/bgw/data/results/2026_03_24_21_50_08_set_vm-3-t3_vm-3-t3_s017_g001_max.sol'

