[2026-03-24T00:34:11.696Z] Pipeline "set_set_set_s007_g008" → 2026_03_24_00_34_11_set_set_set_s007_g008_max.sol
Set parameter WLSAccessID
Set parameter WLSSecret
Set parameter LicenseID to value 2792458
Set parameter LogFile to value "gurobi.log"
Using license file /root/gurobi.lic
Academic license 2792458 - for non-commercial use only - registered to an___@studenti.unipg.it

Gurobi Optimizer version 13.0.1 build v13.0.1rc0 (linux64 - "Ubuntu 24.04.4 LTS")
Copyright (c) 2026, Gurobi Optimization, LLC

Warning: Duplicate section found (read 'binary') - Is a variable name equal to an LP file format keyword?
Warning: Duplicate section found (read 'binary') - Is a variable name equal to an LP file format keyword?
Warning: Duplicate section found (read 'binary') - Is a variable name equal to an LP file format keyword?
Warning: Duplicate section found (read 'binary') - Is a variable name equal to an LP file format keyword?
Warning: Duplicate section found (read 'binary') - Is a variable name equal to an LP file format keyword?
Warning: Duplicate section found (read 'binary') - Is a variable name equal to an LP file format keyword?
Warning: Duplicate section found (read 'binary') - Is a variable name equal to an LP file format keyword?
Warning: Duplicate section found (read 'binary') - Is a variable name equal to an LP file format keyword?
Warning: Duplicate section found (read 'binary') - Is a variable name equal to an LP file format keyword?
Warning: Duplicate section found (read 'binary') - Is a variable name equal to an LP file format keyword?
Warning: Further warnings of this type will be omitted.
Read LP format model from file /root/bgw/data/uploads/2026_03_24_00_34_11_set_set_set_s007_g008_max.lp
Reading time = 0.00 seconds
: 569 rows, 105 columns, 1711 nonzeros

Using Gurobi shared library /opt/gurobi1301/linux64/lib/libgurobi.so.13.0.1

CPU model: AMD EPYC-Genoa Processor, instruction set [SSE2|AVX|AVX2|AVX512]
Thread count: 16 physical cores, 16 logical processors, using up to 16 threads

Academic license 2792458 - for non-commercial use only - registered to an___@studenti.unipg.it
Optimize a model with 569 rows, 105 columns and 1711 nonzeros (Max)
Model fingerprint: 0xcc2c52be
Model has 5 linear objective coefficients
Variable types: 17 continuous, 88 integer (88 binary)
Coefficient statistics:
  Matrix range     [1e+00, 1e+01]
  Objective range  [1e+00, 1e+00]
  Bounds range     [1e+00, 1e+00]
  RHS range        [1e+00, 1e+01]

Found heuristic solution: objective 5.0000000
Presolve removed 113 rows and 29 columns
Presolve time: 0.00s
Presolved: 456 rows, 76 columns, 1404 nonzeros
Variable types: 0 continuous, 76 integer (72 binary)
Found heuristic solution: objective 8.0000000

Root relaxation: objective 2.300000e+01, 26 iterations, 0.00 seconds (0.00 work units)

    Nodes    |    Current Node    |     Objective Bounds      |     Work
 Expl Unexpl |  Obj  Depth IntInf | Incumbent    BestBd   Gap | It/Node Time

     0     0   23.00000    0    5    8.00000   23.00000   188%     -    0s
H    0     0                      11.0000000   23.00000   109%     -    0s
H    0     0                      14.0000000   23.00000  64.3%     -    0s
     0     0   23.00000    0    5   14.00000   23.00000  64.3%     -    0s
     0     0   22.70000    0    4   14.00000   22.70000  62.1%     -    0s
     0     0   20.00000    0    5   14.00000   20.00000  42.9%     -    0s
     0     0   20.00000    0    9   14.00000   20.00000  42.9%     -    0s
     0     0   20.00000    0    7   14.00000   20.00000  42.9%     -    0s
     0     0   20.00000    0    7   14.00000   20.00000  42.9%     -    0s
     0     2   20.00000    0    7   14.00000   20.00000  42.9%     -    0s

Cutting planes:
  Gomory: 2
  MIR: 4
  Zero half: 1
  Mod-K: 2

Explored 47 nodes (650 simplex iterations) in 0.08 seconds (0.03 work units)
Thread count was 16 (of 16 available processors)

Solution count 4: 14 11 8 5 

Optimal solution found (tolerance 1.00e-04)
Best objective 1.400000000000e+01, best bound 1.400000000000e+01, gap 0.0000%

Wrote result file '/root/bgw/data/results/2026_03_24_00_34_11_set_set_set_s007_g008_max.sol'

