[2026-03-24T00:36:50.449Z] Pipeline "set_set_set_s011_g003" → 2026_03_24_00_36_50_set_set_set_s011_g003_max.sol
Set parameter WLSAccessID
Set parameter WLSSecret
Set parameter LicenseID to value 2792458
Set parameter LogFile to value "gurobi.log"
Using license file /root/gurobi.lic
Academic license 2792458 - for non-commercial use only - registered to an___@studenti.unipg.it

Gurobi Optimizer version 13.0.1 build v13.0.1rc0 (linux64 - "Ubuntu 24.04.4 LTS")
Copyright (c) 2026, Gurobi Optimization, LLC

Warning: Duplicate section found (read 'binary') - Is a variable name equal to an LP file format keyword?
Warning: Duplicate section found (read 'binary') - Is a variable name equal to an LP file format keyword?
Warning: Duplicate section found (read 'binary') - Is a variable name equal to an LP file format keyword?
Warning: Duplicate section found (read 'binary') - Is a variable name equal to an LP file format keyword?
Warning: Duplicate section found (read 'binary') - Is a variable name equal to an LP file format keyword?
Warning: Duplicate section found (read 'binary') - Is a variable name equal to an LP file format keyword?
Warning: Duplicate section found (read 'binary') - Is a variable name equal to an LP file format keyword?
Warning: Duplicate section found (read 'binary') - Is a variable name equal to an LP file format keyword?
Warning: Duplicate section found (read 'binary') - Is a variable name equal to an LP file format keyword?
Warning: Duplicate section found (read 'binary') - Is a variable name equal to an LP file format keyword?
Warning: Further warnings of this type will be omitted.
Read LP format model from file /root/bgw/data/uploads/2026_03_24_00_36_50_set_set_set_s011_g003_max.lp
Reading time = 0.00 seconds
: 634 rows, 114 columns, 1854 nonzeros

Using Gurobi shared library /opt/gurobi1301/linux64/lib/libgurobi.so.13.0.1

CPU model: AMD EPYC-Genoa Processor, instruction set [SSE2|AVX|AVX2|AVX512]
Thread count: 16 physical cores, 16 logical processors, using up to 16 threads

Academic license 2792458 - for non-commercial use only - registered to an___@studenti.unipg.it
Optimize a model with 634 rows, 114 columns and 1854 nonzeros (Max)
Model fingerprint: 0x58001ba2
Model has 10 linear objective coefficients
Variable types: 22 continuous, 92 integer (92 binary)
Coefficient statistics:
  Matrix range     [1e+00, 1e+01]
  Objective range  [1e+00, 1e+00]
  Bounds range     [1e+00, 1e+00]
  RHS range        [1e+00, 1e+01]

Found heuristic solution: objective 10.0000000
Presolve removed 166 rows and 31 columns
Presolve time: 0.00s
Presolved: 468 rows, 83 columns, 1458 nonzeros
Variable types: 0 continuous, 83 integer (77 binary)
Found heuristic solution: objective 16.0000000

Root relaxation: objective 4.600000e+01, 51 iterations, 0.00 seconds (0.00 work units)

    Nodes    |    Current Node    |     Objective Bounds      |     Work
 Expl Unexpl |  Obj  Depth IntInf | Incumbent    BestBd   Gap | It/Node Time

     0     0   46.00000    0   14   16.00000   46.00000   188%     -    0s
H    0     0                      22.0000000   46.00000   109%     -    0s
H    0     0                      25.0000000   46.00000  84.0%     -    0s
     0     0   46.00000    0   18   25.00000   46.00000  84.0%     -    0s
     0     0   46.00000    0   17   25.00000   46.00000  84.0%     -    0s
     0     0   46.00000    0   17   25.00000   46.00000  84.0%     -    0s
H    0     0                      28.0000000   46.00000  64.3%     -    0s
     0     0   46.00000    0   17   28.00000   46.00000  64.3%     -    0s
     0     0   46.00000    0   17   28.00000   46.00000  64.3%     -    0s
     0     0   45.40000    0   17   28.00000   45.40000  62.1%     -    0s
     0     0   43.00000    0   19   28.00000   43.00000  53.6%     -    0s
     0     0   43.00000    0   14   28.00000   43.00000  53.6%     -    0s
     0     0   43.00000    0   18   28.00000   43.00000  53.6%     -    0s
     0     0   43.00000    0   17   28.00000   43.00000  53.6%     -    0s
     0     0   43.00000    0   20   28.00000   43.00000  53.6%     -    0s
     0     0   42.70000    0   21   28.00000   42.70000  52.5%     -    0s
     0     0   42.70000    0   17   28.00000   42.70000  52.5%     -    0s
     0     0   42.40000    0   17   28.00000   42.40000  51.4%     -    0s
     0     0   42.40000    0   17   28.00000   42.40000  51.4%     -    0s
     0     2   42.40000    0   17   28.00000   42.40000  51.4%     -    0s

Cutting planes:
  Gomory: 1
  Cover: 1
  Inf proof: 2
  Zero half: 1

Explored 690 nodes (9672 simplex iterations) in 0.21 seconds (0.12 work units)
Thread count was 16 (of 16 available processors)

Solution count 5: 28 25 22 ... 10

Optimal solution found (tolerance 1.00e-04)
Best objective 2.800000000000e+01, best bound 2.800000000000e+01, gap 0.0000%

Wrote result file '/root/bgw/data/results/2026_03_24_00_36_50_set_set_set_s011_g003_max.sol'

