[2026-03-24T00:33:50.704Z] Pipeline "set_set_set_s006_g004" → 2026_03_24_00_33_50_set_set_set_s006_g004_max.sol
Set parameter WLSAccessID
Set parameter WLSSecret
Set parameter LicenseID to value 2792458
Set parameter LogFile to value "gurobi.log"
Using license file /root/gurobi.lic
Academic license 2792458 - for non-commercial use only - registered to an___@studenti.unipg.it

Gurobi Optimizer version 13.0.1 build v13.0.1rc0 (linux64 - "Ubuntu 24.04.4 LTS")
Copyright (c) 2026, Gurobi Optimization, LLC

Warning: Duplicate section found (read 'binary') - Is a variable name equal to an LP file format keyword?
Warning: Duplicate section found (read 'binary') - Is a variable name equal to an LP file format keyword?
Warning: Duplicate section found (read 'binary') - Is a variable name equal to an LP file format keyword?
Warning: Duplicate section found (read 'binary') - Is a variable name equal to an LP file format keyword?
Warning: Duplicate section found (read 'binary') - Is a variable name equal to an LP file format keyword?
Warning: Duplicate section found (read 'binary') - Is a variable name equal to an LP file format keyword?
Warning: Duplicate section found (read 'binary') - Is a variable name equal to an LP file format keyword?
Warning: Duplicate section found (read 'binary') - Is a variable name equal to an LP file format keyword?
Warning: Duplicate section found (read 'binary') - Is a variable name equal to an LP file format keyword?
Warning: Duplicate section found (read 'binary') - Is a variable name equal to an LP file format keyword?
Warning: Further warnings of this type will be omitted.
Read LP format model from file /root/bgw/data/uploads/2026_03_24_00_33_50_set_set_set_s006_g004_max.lp
Reading time = 0.00 seconds
: 552 rows, 109 columns, 1550 nonzeros

Using Gurobi shared library /opt/gurobi1301/linux64/lib/libgurobi.so.13.0.1

CPU model: AMD EPYC-Genoa Processor, instruction set [SSE2|AVX|AVX2|AVX512]
Thread count: 16 physical cores, 16 logical processors, using up to 16 threads

Academic license 2792458 - for non-commercial use only - registered to an___@studenti.unipg.it
Optimize a model with 552 rows, 109 columns and 1550 nonzeros (Max)
Model fingerprint: 0xdb51eaae
Model has 7 linear objective coefficients
Variable types: 18 continuous, 91 integer (91 binary)
Coefficient statistics:
  Matrix range     [1e+00, 1e+01]
  Objective range  [1e+00, 1e+00]
  Bounds range     [1e+00, 1e+00]
  RHS range        [1e+00, 1e+01]

Found heuristic solution: objective 7.0000000
Presolve removed 196 rows and 38 columns
Presolve time: 0.00s
Presolved: 356 rows, 71 columns, 1116 nonzeros
Variable types: 0 continuous, 71 integer (65 binary)
Found heuristic solution: objective 10.0000000

Root relaxation: objective 3.100000e+01, 51 iterations, 0.00 seconds (0.00 work units)

    Nodes    |    Current Node    |     Objective Bounds      |     Work
 Expl Unexpl |  Obj  Depth IntInf | Incumbent    BestBd   Gap | It/Node Time

     0     0   31.00000    0   17   10.00000   31.00000   210%     -    0s
H    0     0                      13.0000000   31.00000   138%     -    0s
H    0     0                      18.0000000   31.00000  72.2%     -    0s
H    0     0                      19.0000000   31.00000  63.2%     -    0s
H    0     0                      20.0000000   31.00000  55.0%     -    0s
     0     0   31.00000    0   18   20.00000   31.00000  55.0%     -    0s
     0     0   31.00000    0   19   20.00000   31.00000  55.0%     -    0s
     0     0   31.00000    0   18   20.00000   31.00000  55.0%     -    0s
     0     0   31.00000    0   17   20.00000   31.00000  55.0%     -    0s
     0     0   31.00000    0   17   20.00000   31.00000  55.0%     -    0s
     0     0   30.66667    0   19   20.00000   30.66667  53.3%     -    0s
     0     0   30.66667    0   19   20.00000   30.66667  53.3%     -    0s
     0     0   30.00000    0   18   20.00000   30.00000  50.0%     -    0s
     0     0   30.00000    0   18   20.00000   30.00000  50.0%     -    0s
     0     0   30.00000    0   18   20.00000   30.00000  50.0%     -    0s
     0     0   30.00000    0   17   20.00000   30.00000  50.0%     -    0s
     0     2   30.00000    0   17   20.00000   30.00000  50.0%     -    0s

Cutting planes:
  Gomory: 4
  Cover: 1
  MIR: 1
  Inf proof: 2
  Mod-K: 1

Explored 565 nodes (7976 simplex iterations) in 0.15 seconds (0.07 work units)
Thread count was 16 (of 16 available processors)

Solution count 6: 20 19 18 ... 7

Optimal solution found (tolerance 1.00e-04)
Best objective 2.000000000000e+01, best bound 2.000000000000e+01, gap 0.0000%

Wrote result file '/root/bgw/data/results/2026_03_24_00_33_50_set_set_set_s006_g004_max.sol'

