[2026-03-23T13:38:36.806Z] Pipeline "set_exp_2_exp_2_n026_c006_g005" → 2026_03_23_13_38_36_set_exp_2_exp_2_n026_c006_g005_max.sol
Set parameter WLSAccessID
Set parameter WLSSecret
Set parameter LicenseID to value 2792458
Set parameter LogFile to value "gurobi.log"
Using license file /root/gurobi.lic
Academic license 2792458 - for non-commercial use only - registered to an___@studenti.unipg.it

Gurobi Optimizer version 13.0.1 build v13.0.1rc0 (linux64 - "Ubuntu 24.04.4 LTS")
Copyright (c) 2026, Gurobi Optimization, LLC

Warning: Duplicate section found (read 'binary') - Is a variable name equal to an LP file format keyword?
Warning: Duplicate section found (read 'binary') - Is a variable name equal to an LP file format keyword?
Warning: Duplicate section found (read 'binary') - Is a variable name equal to an LP file format keyword?
Warning: Duplicate section found (read 'binary') - Is a variable name equal to an LP file format keyword?
Warning: Duplicate section found (read 'binary') - Is a variable name equal to an LP file format keyword?
Warning: Duplicate section found (read 'binary') - Is a variable name equal to an LP file format keyword?
Warning: Duplicate section found (read 'binary') - Is a variable name equal to an LP file format keyword?
Warning: Duplicate section found (read 'binary') - Is a variable name equal to an LP file format keyword?
Warning: Duplicate section found (read 'binary') - Is a variable name equal to an LP file format keyword?
Warning: Duplicate section found (read 'binary') - Is a variable name equal to an LP file format keyword?
Warning: Further warnings of this type will be omitted.
Read LP format model from file /root/bgw/data/uploads/2026_03_23_13_38_36_set_exp_2_exp_2_n026_c006_g005_max.lp
Reading time = 0.01 seconds
: 5852 rows, 496 columns, 17540 nonzeros

Using Gurobi shared library /opt/gurobi1301/linux64/lib/libgurobi.so.13.0.1

CPU model: AMD EPYC-Genoa Processor, instruction set [SSE2|AVX|AVX2|AVX512]
Thread count: 16 physical cores, 16 logical processors, using up to 16 threads

Academic license 2792458 - for non-commercial use only - registered to an___@studenti.unipg.it
Optimize a model with 5852 rows, 496 columns and 17540 nonzeros (Max)
Model fingerprint: 0x981669a8
Model has 6 linear objective coefficients
Variable types: 32 continuous, 464 integer (464 binary)
Coefficient statistics:
  Matrix range     [1e+00, 3e+01]
  Objective range  [1e+00, 1e+00]
  Bounds range     [1e+00, 1e+00]
  RHS range        [1e+00, 3e+01]

Found heuristic solution: objective 6.0000000
Presolve removed 603 rows and 140 columns
Presolve time: 0.02s
Presolved: 5249 rows, 356 columns, 16046 nonzeros
Variable types: 0 continuous, 356 integer (343 binary)

Root relaxation: objective 2.400000e+01, 608 iterations, 0.05 seconds (0.06 work units)

    Nodes    |    Current Node    |     Objective Bounds      |     Work
 Expl Unexpl |  Obj  Depth IntInf | Incumbent    BestBd   Gap | It/Node Time

     0     0   24.00000    0   94    6.00000   24.00000   300%     -    0s
H    0     0                       9.0000000   24.00000   167%     -    0s
H    0     0                      13.0000000   24.00000  84.6%     -    0s
H    0     0                      14.0000000   24.00000  71.4%     -    0s
     0     0   24.00000    0   87   14.00000   24.00000  71.4%     -    0s
     0     0   24.00000    0   88   14.00000   24.00000  71.4%     -    0s
     0     0   24.00000    0   88   14.00000   24.00000  71.4%     -    0s
H    0     0                      15.0000000   24.00000  60.0%     -    0s
     0     0   24.00000    0   93   15.00000   24.00000  60.0%     -    0s
H    0     0                      16.0000000   24.00000  50.0%     -    0s
     0     0   24.00000    0  110   16.00000   24.00000  50.0%     -    0s
     0     0   24.00000    0   77   16.00000   24.00000  50.0%     -    0s
     0     0   24.00000    0   83   16.00000   24.00000  50.0%     -    0s
     0     0   24.00000    0   77   16.00000   24.00000  50.0%     -    0s
     0     0   24.00000    0   81   16.00000   24.00000  50.0%     -    0s
     0     0   24.00000    0   80   16.00000   24.00000  50.0%     -    0s
     0     0   24.00000    0   80   16.00000   24.00000  50.0%     -    0s
     0     0   24.00000    0   80   16.00000   24.00000  50.0%     -    0s
     0     0   24.00000    0   79   16.00000   24.00000  50.0%     -    0s
     0     0   24.00000    0   82   16.00000   24.00000  50.0%     -    0s
     0     0   24.00000    0   72   16.00000   24.00000  50.0%     -    0s
     0     0   24.00000    0   72   16.00000   24.00000  50.0%     -    0s
     0     0   24.00000    0   72   16.00000   24.00000  50.0%     -    0s
     0     2   24.00000    0   72   16.00000   24.00000  50.0%     -    0s
H  147   153                      17.0000000   24.00000  41.2%   275    1s
  1818   826 infeasible   20        17.00000   23.00000  35.3%   207    5s
  6449  1714   18.95833   15   72   17.00000   21.70151  27.7%   225   10s
  8088  1723   19.83333   22   60   17.00000   21.00000  23.5%   227   15s
 11609   991   19.00000   23  113   17.00000   20.00000  17.6%   239   20s
 15180   795   18.00000   25   15   17.00000   19.33333  13.7%   246   25s

Cutting planes:
  Cover: 15
  Inf proof: 35

Explored 18742 nodes (4496860 simplex iterations) in 28.76 seconds (63.49 work units)
Thread count was 16 (of 16 available processors)

Solution count 10: 17 17 17 ... 6

Optimal solution found (tolerance 1.00e-04)
Best objective 1.700000000000e+01, best bound 1.700000000000e+01, gap 0.0000%

Wrote result file '/root/bgw/data/results/2026_03_23_13_38_36_set_exp_2_exp_2_n026_c006_g005_max.sol'

