[2026-03-23T16:10:14.847Z] Pipeline "set_ds_1_ds_1_s003_g001" → 2026_03_23_16_10_14_set_ds_1_ds_1_s003_g001_max.sol
Set parameter WLSAccessID
Set parameter WLSSecret
Set parameter LicenseID to value 2792458
Set parameter LogFile to value "gurobi.log"
Using license file /root/gurobi.lic
Academic license 2792458 - for non-commercial use only - registered to an___@studenti.unipg.it

Gurobi Optimizer version 13.0.1 build v13.0.1rc0 (linux64 - "Ubuntu 24.04.4 LTS")
Copyright (c) 2026, Gurobi Optimization, LLC

Warning: Duplicate section found (read 'binary') - Is a variable name equal to an LP file format keyword?
Warning: Duplicate section found (read 'binary') - Is a variable name equal to an LP file format keyword?
Warning: Duplicate section found (read 'binary') - Is a variable name equal to an LP file format keyword?
Warning: Duplicate section found (read 'binary') - Is a variable name equal to an LP file format keyword?
Warning: Duplicate section found (read 'binary') - Is a variable name equal to an LP file format keyword?
Warning: Duplicate section found (read 'binary') - Is a variable name equal to an LP file format keyword?
Warning: Duplicate section found (read 'binary') - Is a variable name equal to an LP file format keyword?
Warning: Duplicate section found (read 'binary') - Is a variable name equal to an LP file format keyword?
Warning: Duplicate section found (read 'binary') - Is a variable name equal to an LP file format keyword?
Warning: Duplicate section found (read 'binary') - Is a variable name equal to an LP file format keyword?
Warning: Further warnings of this type will be omitted.
Read LP format model from file /root/bgw/data/uploads/2026_03_23_16_10_14_set_ds_1_ds_1_s003_g001_max.lp
Reading time = 0.00 seconds
: 1741 rows, 279 columns, 4684 nonzeros

Using Gurobi shared library /opt/gurobi1301/linux64/lib/libgurobi.so.13.0.1

CPU model: AMD EPYC-Genoa Processor, instruction set [SSE2|AVX|AVX2|AVX512]
Thread count: 16 physical cores, 16 logical processors, using up to 16 threads

Academic license 2792458 - for non-commercial use only - registered to an___@studenti.unipg.it
Optimize a model with 1741 rows, 279 columns and 4684 nonzeros (Max)
Model fingerprint: 0x35c66887
Model has 116 linear objective coefficients
Variable types: 129 continuous, 150 integer (150 binary)
Coefficient statistics:
  Matrix range     [1e+00, 1e+01]
  Objective range  [1e+00, 1e+00]
  Bounds range     [1e+00, 1e+00]
  RHS range        [1e+00, 2e+01]

Found heuristic solution: objective 116.0000000
Presolve removed 1079 rows and 150 columns
Presolve time: 0.00s
Presolved: 662 rows, 129 columns, 2106 nonzeros
Variable types: 0 continuous, 129 integer (117 binary)
Found heuristic solution: objective 255.0000000

Root relaxation: objective 7.190000e+02, 148 iterations, 0.00 seconds (0.00 work units)

    Nodes    |    Current Node    |     Objective Bounds      |     Work
 Expl Unexpl |  Obj  Depth IntInf | Incumbent    BestBd   Gap | It/Node Time

     0     0  719.00000    0   75  255.00000  719.00000   182%     -    0s
H    0     0                     258.0000000  719.00000   179%     -    0s
H    0     0                     261.0000000  719.00000   175%     -    0s
     0     0  719.00000    0   74  261.00000  719.00000   175%     -    0s
H    0     0                     264.0000000  719.00000   172%     -    0s
H    0     0                     265.0000000  719.00000   171%     -    0s
H    0     0                     272.0000000  719.00000   164%     -    0s
     0     0  719.00000    0   74  272.00000  719.00000   164%     -    0s
     0     0  719.00000    0   73  272.00000  719.00000   164%     -    0s
     0     0  719.00000    0   65  272.00000  719.00000   164%     -    0s
H    0     0                     276.0000000  719.00000   161%     -    0s
     0     0  719.00000    0   78  276.00000  719.00000   161%     -    0s
     0     0  719.00000    0   75  276.00000  719.00000   161%     -    0s
     0     0  719.00000    0   75  276.00000  719.00000   161%     -    0s
     0     0  719.00000    0   75  276.00000  719.00000   161%     -    0s
     0     0  719.00000    0   75  276.00000  719.00000   161%     -    0s
     0     0  719.00000    0   60  276.00000  719.00000   161%     -    0s
H    0     0                     286.0000000  719.00000   151%     -    0s
     0     0  719.00000    0   75  286.00000  719.00000   151%     -    0s
     0     0  719.00000    0   65  286.00000  719.00000   151%     -    0s
     0     0  719.00000    0   78  286.00000  719.00000   151%     -    0s
     0     0  719.00000    0   75  286.00000  719.00000   151%     -    0s
H    0     0                     290.0000000  718.81818   148%     -    0s
     0     0  718.81818    0   75  290.00000  718.81818   148%     -    0s
     0     0  718.81818    0   65  290.00000  718.81818   148%     -    0s
     0     2  718.00000    0   65  290.00000  718.00000   148%     -    0s
H   16    27                     294.0000000  718.00000   144%  44.5    0s
H   58    70                     295.0000000  718.00000   143%  55.1    0s
H  221   183                     308.0000000  718.00000   133%  45.8    0s
 41462 14830  330.72727   39   53  308.00000  465.45455  51.1%  25.0    5s
 104298 35402  364.54545   37   55  308.00000  417.12727  35.4%  23.9   10s
 189915 51462  360.00000   37   65  308.00000  389.36364  26.4%  22.9   15s
 276477 67578  354.00000   43   56  308.00000  375.77273  22.0%  22.0   20s
 367091 81510  313.54545   46   49  308.00000  367.00000  19.2%  21.4   25s
 459503 92480  319.36092   44   44  308.00000  360.36364  17.0%  21.0   30s
 549145 99619  310.90909   43   42  308.00000  355.12727  15.3%  20.6   35s
 624875 103315  322.54545   43   27  308.00000  351.40909  14.1%  20.4   40s
 716194 104927     cutoff   43       308.00000  347.33333  12.8%  20.2   45s
 809807 103908  320.54545   41   55  308.00000  343.63636  11.6%  20.0   50s
 892119 99573  326.36364   42   34  308.00000  340.51818  10.6%  19.9   55s
 971451 91968  327.96364   39   50  308.00000  337.45455  9.56%  19.8   60s
 1055158 79494     cutoff   44       308.00000  334.22727  8.52%  19.8   65s
 1134845 61930  319.18182   42   40  308.00000  330.54545  7.32%  19.8   70s
 1210021 37308  321.37662   43   61  308.00000  325.90909  5.81%  19.9   75s

Cutting planes:
  Gomory: 2
  Inf proof: 2

Explored 1283148 nodes (25470907 simplex iterations) in 79.39 seconds (88.31 work units)
Thread count was 16 (of 16 available processors)

Solution count 10: 308 295 294 ... 261

Optimal solution found (tolerance 1.00e-04)
Best objective 3.080000000000e+02, best bound 3.080000000000e+02, gap 0.0000%

Wrote result file '/root/bgw/data/results/2026_03_23_16_10_14_set_ds_1_ds_1_s003_g001_max.sol'

