[2026-03-23T13:36:11.552Z] Pipeline "set_exp_2_exp_2_n017_c005_g005" → 2026_03_23_13_36_11_set_exp_2_exp_2_n017_c005_g005_max.sol
Set parameter WLSAccessID
Set parameter WLSSecret
Set parameter LicenseID to value 2792458
Set parameter LogFile to value "gurobi.log"
Using license file /root/gurobi.lic
Academic license 2792458 - for non-commercial use only - registered to an___@studenti.unipg.it

Gurobi Optimizer version 13.0.1 build v13.0.1rc0 (linux64 - "Ubuntu 24.04.4 LTS")
Copyright (c) 2026, Gurobi Optimization, LLC

Warning: Duplicate section found (read 'binary') - Is a variable name equal to an LP file format keyword?
Warning: Duplicate section found (read 'binary') - Is a variable name equal to an LP file format keyword?
Warning: Duplicate section found (read 'binary') - Is a variable name equal to an LP file format keyword?
Warning: Duplicate section found (read 'binary') - Is a variable name equal to an LP file format keyword?
Warning: Duplicate section found (read 'binary') - Is a variable name equal to an LP file format keyword?
Warning: Duplicate section found (read 'binary') - Is a variable name equal to an LP file format keyword?
Warning: Duplicate section found (read 'binary') - Is a variable name equal to an LP file format keyword?
Warning: Duplicate section found (read 'binary') - Is a variable name equal to an LP file format keyword?
Warning: Duplicate section found (read 'binary') - Is a variable name equal to an LP file format keyword?
Warning: Duplicate section found (read 'binary') - Is a variable name equal to an LP file format keyword?
Warning: Further warnings of this type will be omitted.
Read LP format model from file /root/bgw/data/uploads/2026_03_23_13_36_11_set_exp_2_exp_2_n017_c005_g005_max.lp
Reading time = 0.00 seconds
: 1774 rows, 232 columns, 5173 nonzeros

Using Gurobi shared library /opt/gurobi1301/linux64/lib/libgurobi.so.13.0.1

CPU model: AMD EPYC-Genoa Processor, instruction set [SSE2|AVX|AVX2|AVX512]
Thread count: 16 physical cores, 16 logical processors, using up to 16 threads

Academic license 2792458 - for non-commercial use only - registered to an___@studenti.unipg.it
Optimize a model with 1774 rows, 232 columns and 5173 nonzeros (Max)
Model fingerprint: 0xcd9f705b
Model has 5 linear objective coefficients
Variable types: 22 continuous, 210 integer (210 binary)
Coefficient statistics:
  Matrix range     [1e+00, 2e+01]
  Objective range  [1e+00, 1e+00]
  Bounds range     [1e+00, 1e+00]
  RHS range        [1e+00, 2e+01]

Found heuristic solution: objective 5.0000000
Presolve removed 385 rows and 78 columns
Presolve time: 0.00s
Presolved: 1389 rows, 154 columns, 4265 nonzeros
Variable types: 0 continuous, 154 integer (147 binary)
Found heuristic solution: objective 7.0000000

Root relaxation: objective 2.000000e+01, 73 iterations, 0.00 seconds (0.00 work units)

    Nodes    |    Current Node    |     Objective Bounds      |     Work
 Expl Unexpl |  Obj  Depth IntInf | Incumbent    BestBd   Gap | It/Node Time

     0     0   20.00000    0   26    7.00000   20.00000   186%     -    0s
H    0     0                       9.0000000   20.00000   122%     -    0s
H    0     0                      13.0000000   20.00000  53.8%     -    0s
     0     0   20.00000    0   27   13.00000   20.00000  53.8%     -    0s
     0     0   20.00000    0   29   13.00000   20.00000  53.8%     -    0s
     0     0   20.00000    0   22   13.00000   20.00000  53.8%     -    0s
     0     0   20.00000    0   22   13.00000   20.00000  53.8%     -    0s
     0     0   20.00000    0   22   13.00000   20.00000  53.8%     -    0s
     0     0   20.00000    0   22   13.00000   20.00000  53.8%     -    0s
     0     0   19.93333    0   22   13.00000   19.93333  53.3%     -    0s
     0     0   19.93333    0   22   13.00000   19.93333  53.3%     -    0s
     0     0   19.00000    0   22   13.00000   19.00000  46.2%     -    0s
     0     0   19.00000    0   21   13.00000   19.00000  46.2%     -    0s
     0     0   19.00000    0   21   13.00000   19.00000  46.2%     -    0s
     0     0   19.00000    0   24   13.00000   19.00000  46.2%     -    0s
     0     0   19.00000    0   27   13.00000   19.00000  46.2%     -    0s
     0     0   19.00000    0   22   13.00000   19.00000  46.2%     -    0s
     0     0   18.96667    0   26   13.00000   18.96667  45.9%     -    0s
     0     0   18.96667    0   18   13.00000   18.96667  45.9%     -    0s
     0     0   18.60000    0   25   13.00000   18.60000  43.1%     -    0s
     0     0   18.60000    0   25   13.00000   18.60000  43.1%     -    0s
     0     0   18.46667    0   25   13.00000   18.46667  42.1%     -    0s
     0     0   18.46667    0   17   13.00000   18.46667  42.1%     -    0s
     0     2   18.46667    0   16   13.00000   18.46667  42.1%     -    0s

Cutting planes:
  Cover: 9
  Inf proof: 14

Explored 1068 nodes (44997 simplex iterations) in 0.42 seconds (0.45 work units)
Thread count was 16 (of 16 available processors)

Solution count 4: 13 9 7 5 

Optimal solution found (tolerance 1.00e-04)
Best objective 1.300000000000e+01, best bound 1.300000000000e+01, gap 0.0000%

Wrote result file '/root/bgw/data/results/2026_03_23_13_36_11_set_exp_2_exp_2_n017_c005_g005_max.sol'

