[2026-03-24T00:34:19.242Z] Pipeline "set_set_set_s008_g004" → 2026_03_24_00_34_19_set_set_set_s008_g004_max.sol
Set parameter WLSAccessID
Set parameter WLSSecret
Set parameter LicenseID to value 2792458
Set parameter LogFile to value "gurobi.log"
Using license file /root/gurobi.lic
Academic license 2792458 - for non-commercial use only - registered to an___@studenti.unipg.it

Gurobi Optimizer version 13.0.1 build v13.0.1rc0 (linux64 - "Ubuntu 24.04.4 LTS")
Copyright (c) 2026, Gurobi Optimization, LLC

Warning: Duplicate section found (read 'binary') - Is a variable name equal to an LP file format keyword?
Warning: Duplicate section found (read 'binary') - Is a variable name equal to an LP file format keyword?
Warning: Duplicate section found (read 'binary') - Is a variable name equal to an LP file format keyword?
Warning: Duplicate section found (read 'binary') - Is a variable name equal to an LP file format keyword?
Warning: Duplicate section found (read 'binary') - Is a variable name equal to an LP file format keyword?
Warning: Duplicate section found (read 'binary') - Is a variable name equal to an LP file format keyword?
Warning: Duplicate section found (read 'binary') - Is a variable name equal to an LP file format keyword?
Warning: Duplicate section found (read 'binary') - Is a variable name equal to an LP file format keyword?
Warning: Duplicate section found (read 'binary') - Is a variable name equal to an LP file format keyword?
Warning: Duplicate section found (read 'binary') - Is a variable name equal to an LP file format keyword?
Warning: Further warnings of this type will be omitted.
Read LP format model from file /root/bgw/data/uploads/2026_03_24_00_34_19_set_set_set_s008_g004_max.lp
Reading time = 0.00 seconds
: 922 rows, 153 columns, 2591 nonzeros

Using Gurobi shared library /opt/gurobi1301/linux64/lib/libgurobi.so.13.0.1

CPU model: AMD EPYC-Genoa Processor, instruction set [SSE2|AVX|AVX2|AVX512]
Thread count: 16 physical cores, 16 logical processors, using up to 16 threads

Academic license 2792458 - for non-commercial use only - registered to an___@studenti.unipg.it
Optimize a model with 922 rows, 153 columns and 2591 nonzeros (Max)
Model fingerprint: 0xe920dff0
Model has 13 linear objective coefficients
Variable types: 26 continuous, 127 integer (127 binary)
Coefficient statistics:
  Matrix range     [1e+00, 1e+01]
  Objective range  [1e+00, 1e+00]
  Bounds range     [1e+00, 1e+00]
  RHS range        [1e+00, 2e+01]

Found heuristic solution: objective 13.0000000
Presolve removed 307 rows and 49 columns
Presolve time: 0.01s
Presolved: 615 rows, 104 columns, 1935 nonzeros
Variable types: 0 continuous, 104 integer (95 binary)
Found heuristic solution: objective 21.0000000

Root relaxation: objective 5.800000e+01, 99 iterations, 0.01 seconds (0.00 work units)

    Nodes    |    Current Node    |     Objective Bounds      |     Work
 Expl Unexpl |  Obj  Depth IntInf | Incumbent    BestBd   Gap | It/Node Time

     0     0   58.00000    0   43   21.00000   58.00000   176%     -    0s
H    0     0                      24.0000000   58.00000   142%     -    0s
H    0     0                      25.0000000   58.00000   132%     -    0s
H    0     0                      28.0000000   58.00000   107%     -    0s
H    0     0                      29.0000000   58.00000   100%     -    0s
H    0     0                      32.0000000   58.00000  81.2%     -    0s
     0     0   58.00000    0   41   32.00000   58.00000  81.2%     -    0s
     0     0   58.00000    0   41   32.00000   58.00000  81.2%     -    0s
     0     0   58.00000    0   40   32.00000   58.00000  81.2%     -    0s
     0     0   58.00000    0   42   32.00000   58.00000  81.2%     -    0s
     0     0   58.00000    0   38   32.00000   58.00000  81.2%     -    0s
H    0     0                      33.0000000   58.00000  75.8%     -    0s
     0     0   58.00000    0   38   33.00000   58.00000  75.8%     -    0s
     0     0   58.00000    0   38   33.00000   58.00000  75.8%     -    0s
     0     0   58.00000    0   38   33.00000   58.00000  75.8%     -    0s
     0     0   58.00000    0   38   33.00000   58.00000  75.8%     -    0s
     0     0   58.00000    0   38   33.00000   58.00000  75.8%     -    0s
     0     0   58.00000    0   38   33.00000   58.00000  75.8%     -    0s
     0     0   58.00000    0   38   33.00000   58.00000  75.8%     -    0s
     0     0   58.00000    0   38   33.00000   58.00000  75.8%     -    0s
     0     2   58.00000    0   38   33.00000   58.00000  75.8%     -    0s

Cutting planes:
  Cover: 28
  Inf proof: 54
  Zero half: 2
  Mod-K: 2

Explored 5784 nodes (202582 simplex iterations) in 0.64 seconds (0.71 work units)
Thread count was 16 (of 16 available processors)

Solution count 8: 33 32 29 ... 13

Optimal solution found (tolerance 1.00e-04)
Best objective 3.300000000000e+01, best bound 3.300000000000e+01, gap 0.0000%

Wrote result file '/root/bgw/data/results/2026_03_24_00_34_19_set_set_set_s008_g004_max.sol'

