[2026-03-24T10:06:40.338Z] Pipeline "set_big_5_8_big_5_8_s002_g004" → 2026_03_24_10_06_40_set_big_5_8_big_5_8_s002_g004_max.sol
Set parameter WLSAccessID
Set parameter WLSSecret
Set parameter LicenseID to value 2792458
Set parameter LogFile to value "gurobi.log"
Using license file /root/gurobi.lic
Academic license 2792458 - for non-commercial use only - registered to an___@studenti.unipg.it

Gurobi Optimizer version 13.0.1 build v13.0.1rc0 (linux64 - "Ubuntu 24.04.4 LTS")
Copyright (c) 2026, Gurobi Optimization, LLC

Warning: Duplicate section found (read 'binary') - Is a variable name equal to an LP file format keyword?
Warning: Duplicate section found (read 'binary') - Is a variable name equal to an LP file format keyword?
Warning: Duplicate section found (read 'binary') - Is a variable name equal to an LP file format keyword?
Warning: Duplicate section found (read 'binary') - Is a variable name equal to an LP file format keyword?
Warning: Duplicate section found (read 'binary') - Is a variable name equal to an LP file format keyword?
Warning: Duplicate section found (read 'binary') - Is a variable name equal to an LP file format keyword?
Warning: Duplicate section found (read 'binary') - Is a variable name equal to an LP file format keyword?
Warning: Duplicate section found (read 'binary') - Is a variable name equal to an LP file format keyword?
Warning: Duplicate section found (read 'binary') - Is a variable name equal to an LP file format keyword?
Warning: Duplicate section found (read 'binary') - Is a variable name equal to an LP file format keyword?
Warning: Further warnings of this type will be omitted.
Read LP format model from file /root/bgw/data/uploads/2026_03_24_10_06_40_set_big_5_8_big_5_8_s002_g004_max.lp
Reading time = 0.00 seconds
: 5228 rows, 536 columns, 15776 nonzeros

Using Gurobi shared library /opt/gurobi1301/linux64/lib/libgurobi.so.13.0.1

CPU model: AMD EPYC-Genoa Processor, instruction set [SSE2|AVX|AVX2|AVX512]
Thread count: 16 physical cores, 16 logical processors, using up to 16 threads

Academic license 2792458 - for non-commercial use only - registered to an___@studenti.unipg.it
Optimize a model with 5228 rows, 536 columns and 15776 nonzeros (Max)
Model fingerprint: 0xed05601d
Model has 144 linear objective coefficients
Variable types: 168 continuous, 368 integer (368 binary)
Coefficient statistics:
  Matrix range     [1e+00, 2e+01]
  Objective range  [1e+00, 1e+00]
  Bounds range     [1e+00, 1e+00]
  RHS range        [1e+00, 3e+01]

Found heuristic solution: objective 144.0000000
Presolve removed 1097 rows and 213 columns
Presolve time: 0.02s
Presolved: 4131 rows, 323 columns, 12624 nonzeros
Variable types: 0 continuous, 323 integer (312 binary)
Found heuristic solution: objective 222.0000000

Root relaxation: objective 1.032000e+03, 562 iterations, 0.03 seconds (0.04 work units)

    Nodes    |    Current Node    |     Objective Bounds      |     Work
 Expl Unexpl |  Obj  Depth IntInf | Incumbent    BestBd   Gap | It/Node Time

     0     0 1032.00000    0   88  222.00000 1032.00000   365%     -    0s
H    0     0                     268.0000000 1032.00000   285%     -    0s
H    0     0                     317.0000000 1032.00000   226%     -    0s
H    0     0                     363.0000000 1032.00000   184%     -    0s
     0     0 1032.00000    0   82  363.00000 1032.00000   184%     -    0s
H    0     0                     377.0000000 1032.00000   174%     -    0s
     0     0 1032.00000    0   79  377.00000 1032.00000   174%     -    0s
     0     0 1032.00000    0   50  377.00000 1032.00000   174%     -    0s
H    0     0                     392.0000000 1032.00000   163%     -    0s
     0     0 1032.00000    0   60  392.00000 1032.00000   163%     -    0s
     0     0 1032.00000    0   60  392.00000 1032.00000   163%     -    0s
H    0     0                     394.0000000 1032.00000   162%     -    0s
     0     0 1032.00000    0   49  394.00000 1032.00000   162%     -    0s
     0     0 1032.00000    0   49  394.00000 1032.00000   162%     -    0s
     0     0 1032.00000    0   66  394.00000 1032.00000   162%     -    0s
     0     0 1032.00000    0   49  394.00000 1032.00000   162%     -    0s
     0     0 1029.66667    0   64  394.00000 1029.66667   161%     -    0s
     0     0 1029.66667    0   48  394.00000 1029.66667   161%     -    0s
     0     0 1027.45455    0   64  394.00000 1027.45455   161%     -    0s
     0     0 1027.45455    0   63  394.00000 1027.45455   161%     -    0s
     0     0 1017.00000    0   63  394.00000 1017.00000   158%     -    0s
     0     0 1017.00000    0   62  394.00000 1017.00000   158%     -    0s
     0     2 1017.00000    0   62  394.00000 1017.00000   158%     -    0s
  4035  2048  873.63636   18   68  394.00000  986.55682   150%  91.0    5s
H 4148  1964                     395.0000000  986.55682   150%  91.5    5s
H 4359  1923                     406.0000000  983.99621   142%  90.6    5s
H 5534  1949                     408.0000000  939.00000   130%  88.8    6s
H 6150  1956                     410.0000000  928.00909   126%  87.7    6s
 18334  7026  579.59828   30   58  410.00000  805.41818  96.4%  84.3   10s
 29282  9087  668.77273   39  122  410.00000  791.86364  93.1%  81.1   15s
 48817 11342  548.22727   40   73  410.00000  748.18182  82.5%  81.0   20s
 65945 18495 infeasible   57       410.00000  708.39177  72.8%  82.3   25s
 84398 24623  562.53636   40   49  410.00000  683.56818  66.7%  82.5   30s
 102243 31111  527.45455   41   99  410.00000  665.81818  62.4%  82.6   35s
 121191 37065  469.04545   48   32  410.00000  640.30909  56.2%  83.0   40s
 145520 44513  452.51948   50   37  410.00000  627.00000  52.9%  82.1   45s
 164819 50491  517.40909   49   74  410.00000  609.73636  48.7%  83.1   50s
 184125 56634 infeasible   57       410.00000  606.27273  47.9%  83.6   55s
 209696 63581 infeasible   56       410.00000  594.90909  45.1%  82.3   60s
 229585 68744     cutoff   56       410.00000  580.97673  41.7%  82.6   65s
 247624 74002  483.45455   56   38  410.00000  577.51337  40.9%  83.5   70s
 261780 78665  438.92857   56   76  410.00000  575.77273  40.4%  83.8   75s
 283941 84737  475.72727   44   59  410.00000  572.11364  39.5%  83.1   80s
 306811 90027 infeasible   53       410.00000  563.90909  37.5%  82.6   85s
 323810 94452 infeasible   60       410.00000  562.50000  37.2%  83.3   90s
 343720 99208  453.14935   48   50  410.00000  557.78409  36.0%  83.5   95s
 363565 104738  498.05844   44   61  410.00000  548.86364  33.9%  84.1  100s
 382365 110262  515.44848   52   78  410.00000  547.15909  33.5%  84.5  105s
 402262 115489  437.25000   54   50  410.00000  546.04545  33.2%  85.1  110s
 420597 120525  479.36364   49   89  410.00000  544.83117  32.9%  85.2  115s
 444032 125776 infeasible   50       410.00000  543.31818  32.5%  84.9  120s
 461960 130602  417.77273   53   46  410.00000  541.77273  32.1%  84.5  125s
 489336 137098 infeasible   56       410.00000  538.50000  31.3%  83.5  130s
 515325 142536  440.63636   54   29  410.00000  533.97403  30.2%  82.9  135s
 531845 146287  436.90909   52   83  410.00000  531.86364  29.7%  83.4  140s
 548547 149679     cutoff   47       410.00000  531.59091  29.7%  83.8  145s
 566616 153416  496.62987   44   43  410.00000  530.59091  29.4%  84.1  150s
 586788 157860  436.67532   49   42  410.00000  529.10390  29.0%  84.1  155s
 605180 161683  428.81818   57   49  410.00000  527.62338  28.7%  84.0  160s
 627651 166384  484.31818   46   50  410.00000  525.22727  28.1%  83.7  165s
 654034 171511 infeasible   51       410.00000  520.76407  27.0%  83.0  170s
 674742 175536  496.07143   47   77  410.00000  518.00000  26.3%  83.3  175s
 688872 178779  453.00000   55   32  410.00000  517.86364  26.3%  84.1  180s
 706187 182375  501.66299   45   53  410.00000  516.92424  26.1%  84.2  185s
 723574 185379  451.09091   51   51  410.00000  516.59091  26.0%  84.9  190s
 740989 188264  452.31818   52   53  410.00000  516.10390  25.9%  85.1  195s
 757513 191610  452.63636   48   80  410.00000  515.72727  25.8%  85.5  200s
 772498 194763  438.75974   48   29  410.00000  515.59091  25.8%  86.2  205s
 789451 198428  452.81818   49   42  410.00000  515.20238  25.7%  86.5  210s
 811177 202347  485.45455   54   31  410.00000  514.59091  25.5%  86.5  215s
 830995 206138 infeasible   52       410.00000  514.01299  25.4%  86.4  220s
 850509 209079  422.68750   54   38  410.00000  513.47273  25.2%  86.3  225s
 866940 212507  437.00000   48   32  410.00000  513.00000  25.1%  86.2  230s
 889177 216606  484.40909   47   55  410.00000  512.36364  25.0%  86.0  235s
 912101 220509  454.74026   51   32  410.00000  511.54545  24.8%  85.7  240s
 936006 224114  482.33117   48   87  410.00000  510.45455  24.5%  85.4  245s
 960253 228561  478.89091   47   88  410.00000  509.50909  24.3%  85.0  250s
 978983 230959  499.16667   45   68  410.00000  508.24675  24.0%  84.7  255s
 1001231 234902  474.24242   49   54  410.00000  506.72727  23.6%  84.3  260s
 1024663 238017  503.27922   46   55  410.00000  504.26407  23.0%  84.0  265s
 1043925 240812  469.81818   47   64  410.00000  502.90909  22.7%  84.1  270s
 1060529 243130     cutoff   57       410.00000  501.96364  22.4%  84.2  275s
 1078680 245806 infeasible   51       410.00000  501.30000  22.3%  84.4  280s
 1096727 248413 infeasible   50       410.00000  500.86364  22.2%  84.6  285s
 1115843 251128  500.10606   48  107  410.00000  500.72727  22.1%  84.7  290s
 1134060 253215 infeasible   60       410.00000  500.34848  22.0%  84.9  295s
 1154659 255465  453.04185   50   33  410.00000  499.90909  21.9%  84.9  300s
 1174151 257622 infeasible   55       410.00000  499.50000  21.8%  85.0  305s
 1190507 259672     cutoff   48       410.00000  499.16667  21.7%  85.0  310s
 1211057 262427  440.18182   50   26  410.00000  498.77273  21.7%  85.0  315s
 1229397 265653     cutoff   55       410.00000  498.59091  21.6%  85.0  320s
 1249157 268047  434.91126   53   10  410.00000  498.19697  21.5%  85.0  325s
 1271307 269861  436.07143   50   25  410.00000  497.63636  21.4%  84.9  330s
 1292461 272240  495.47727   50   42  410.00000  497.17532  21.3%  84.8  335s
 1315736 274709  452.24545   56   53  410.00000  496.68182  21.1%  84.7  340s
 1333717 277055 infeasible   47       410.00000  496.32468  21.1%  84.6  345s
 1352014 278531 infeasible   57       410.00000  495.81818  20.9%  84.5  350s
 1375440 280076     cutoff   56       410.00000  495.13636  20.8%  84.3  355s
 1398046 282646  460.20779   53   27  410.00000  494.40909  20.6%  84.2  360s
 1423952 284378  418.79545   56   43  410.00000  493.25325  20.3%  83.9  365s
 1446355 286267  483.00649   51   54  410.00000  492.14773  20.0%  83.7  370s
 1470612 287920 infeasible   49       410.00000  490.69168  19.7%  83.6  375s
 1491573 289322 infeasible   59       410.00000  489.27922  19.3%  83.5  380s
 1514441 290539  427.99351   53   50  410.00000  487.86364  19.0%  83.5  385s
 1533724 291951  424.75487   50   26  410.00000  487.04545  18.8%  83.6  390s
 1547135 293328  424.24784   56   40  410.00000  487.00000  18.8%  83.9  395s
 1562145 294901     cutoff   56       410.00000  486.90909  18.8%  84.2  400s
 1579793 296012  435.92208   54   66  410.00000  486.72727  18.7%  84.4  405s
 1598171 297704  454.32888   52   35  410.00000  486.45455  18.6%  84.5  410s
 1615706 299174     cutoff   48       410.00000  486.15909  18.6%  84.7  415s
 1635230 299947  439.24026   54   31  410.00000  485.78571  18.5%  84.7  420s
 1654041 300271  453.40909   48   33  410.00000  485.55195  18.4%  84.9  425s
 1671193 300982 infeasible   56       410.00000  485.35714  18.4%  85.0  430s
 1692435 301936  436.11472   58   72  410.00000  485.06818  18.3%  85.0  435s
 1706008 303136  439.90909   51   44  410.00000  484.93182  18.3%  85.2  440s
 1722707 304211  426.22727   56   51  410.00000  484.78571  18.2%  85.3  445s
 1738899 304986  453.22727   51   36  410.00000  484.72727  18.2%  85.5  450s
 1755728 305881  448.87662   45   37  410.00000  484.59091  18.2%  85.7  455s
 1771088 306807     cutoff   48       410.00000  484.45455  18.2%  85.9  460s
 1783862 307534  435.74589   51   26  410.00000  484.36364  18.1%  85.9  465s
 1800801 308841     cutoff   53       410.00000  484.18182  18.1%  86.0  470s
 1820215 310003  435.38961   55   31  410.00000  483.95455  18.0%  86.0  475s
 1837213 310632  420.16883   51   23  410.00000  483.70455  18.0%  86.0  480s
 1853018 311443  422.70022   54   29  410.00000  483.49351  17.9%  86.0  485s
 1872171 312517  483.04545   44   63  410.00000  483.25613  17.9%  85.9  490s
 1893865 313404 infeasible   52       410.00000  483.00000  17.8%  85.9  495s
 1912956 313773  439.09091   52   75  410.00000  482.74026  17.7%  85.9  500s
 1936676 314599  422.93958   54   34  410.00000  482.40909  17.7%  85.8  505s
 1958996 315167  465.69318   51   44  410.00000  482.13636  17.6%  85.7  510s
 1979829 315428 infeasible   49       410.00000  481.81818  17.5%  85.6  515s
 2002362 315901  463.59091   49   43  410.00000  481.50000  17.4%  85.5  520s
 2024623 316121 infeasible   52       410.00000  481.20909  17.4%  85.4  525s
 2048342 315955 infeasible   51       410.00000  480.72727  17.3%  85.3  530s
 2069699 315953 infeasible   49       410.00000  480.21429  17.1%  85.2  535s
 2092550 315839  425.09091   55   32  410.00000  479.72727  17.0%  85.0  540s
 2116511 315935 infeasible   46       410.00000  479.33117  16.9%  84.9  545s
 2141017 315356  460.18182   49   50  410.00000  478.64935  16.7%  84.7  550s
 2164674 315034  451.70909   57   29  410.00000  477.94805  16.6%  84.6  555s
 2190414 314558  432.53247   55   33  410.00000  477.18182  16.4%  84.4  560s
 2214832 314116  419.66234   52   46  410.00000  476.31818  16.2%  84.3  565s
 2234729 313710  453.42045   49   68  410.00000  475.40260  16.0%  84.2  570s
 2259408 313546  450.87662   48   36  410.00000  474.31818  15.7%  84.0  575s
 2279713 313340  456.00000   52  106  410.00000  473.31818  15.4%  84.0  580s
 2300587 313184  456.54545   56   59  410.00000  472.50000  15.2%  84.0  585s
 2319682 314105     cutoff   55       410.00000  472.18182  15.2%  84.1  590s
 2339390 314427  454.65007   49   86  410.00000  471.86364  15.1%  84.3  595s
 2352482 314240  419.91342   60   35  410.00000  471.60909  15.0%  84.4  600s
 2370748 314150 infeasible   54       410.00000  471.26446  14.9%  84.4  605s
 2388390 314313 infeasible   56       410.00000  471.00000  14.9%  84.5  610s
 2406325 314102 infeasible   50       410.00000  470.77273  14.8%  84.6  615s
 2423697 314038     cutoff   54       410.00000  470.50000  14.8%  84.7  620s
 2435163 313821  453.95455   50   44  410.00000  470.31818  14.7%  84.7  625s
 2453031 314152  460.21104   51   62  410.00000  470.10606  14.7%  84.8  630s
 2469125 314685 infeasible   54       410.00000  469.95455  14.6%  84.9  635s
 2485843 314788     cutoff   52       410.00000  469.83636  14.6%  85.0  640s
 2499255 314764     cutoff   49       410.00000  469.72727  14.6%  85.0  645s
 2516145 314752  421.02597   59   22  410.00000  469.59091  14.5%  85.1  650s
 2530886 314278     cutoff   51       410.00000  469.45455  14.5%  85.2  655s
 2548103 313507     cutoff   54       410.00000  469.22727  14.4%  85.2  660s
 2566211 312651  437.28571   59   28  410.00000  469.00866  14.4%  85.2  665s
 2584007 312102  452.30374   50   45  410.00000  468.81818  14.3%  85.3  670s
 2603905 311382  422.14610   54   46  410.00000  468.63636  14.3%  85.3  675s
 2621534 310472 infeasible   56       410.00000  468.40909  14.2%  85.3  680s
 2639719 309533 infeasible   51       410.00000  468.20455  14.2%  85.3  685s
 2657467 308843  464.32323   50   57  410.00000  468.03896  14.2%  85.4  690s
 2673506 308418  451.08807   52   64  410.00000  467.87143  14.1%  85.4  695s
 2691365 307764  433.06061   52   41  410.00000  467.72727  14.1%  85.4  700s
 2710699 307087 infeasible   54       410.00000  467.56061  14.0%  85.4  705s
 2727040 305960     cutoff   51       410.00000  467.37662  14.0%  85.4  710s
 2745613 304547 infeasible   51       410.00000  467.13939  13.9%  85.4  715s
 2764605 303409 infeasible   56       410.00000  466.90909  13.9%  85.4  720s
 2781062 302231     cutoff   52       410.00000  466.68182  13.8%  85.4  725s
 2801707 300413     cutoff   54       410.00000  466.40909  13.8%  85.3  730s
 2821325 298881 infeasible   50       410.00000  466.13636  13.7%  85.2  735s
 2842952 297030 infeasible   54       410.00000  465.86364  13.6%  85.2  740s
 2864504 295289  432.79091   48  120  410.00000  465.59091  13.6%  85.1  745s
 2884980 293395 infeasible   54       410.00000  465.27273  13.5%  85.1  750s
 2906592 291712  463.09091   52   37  410.00000  464.90909  13.4%  85.0  755s
 2928566 289410  421.40909   51   25  410.00000  464.53571  13.3%  84.9  760s
 2947208 287478  445.98106   53   42  410.00000  464.18182  13.2%  84.9  765s
 2969849 284976     cutoff   54       410.00000  463.68182  13.1%  84.8  770s
 2993167 282576 infeasible   58       410.00000  463.25541  13.0%  84.7  775s
 3014449 280088  417.95833   52   37  410.00000  462.68182  12.8%  84.6  780s
 3037563 277512  438.51515   47   44  410.00000  462.02767  12.7%  84.6  785s
 3060633 275138  454.01299   50   25  410.00000  461.40909  12.5%  84.5  790s
 3082143 272602  456.39394   51   40  410.00000  460.62987  12.3%  84.4  795s
 3104673 270558     cutoff   54       410.00000  459.77273  12.1%  84.3  800s
 3118001 269617 infeasible   51       410.00000  459.40909  12.1%  84.4  805s
 3126892 268764  417.06818   54   23  410.00000  459.04545  12.0%  84.4  810s
 3145201 267644     cutoff   50       410.00000  458.51299  11.8%  84.5  815s
 3164655 265763 infeasible   62       410.00000  457.72727  11.6%  84.5  820s
 3183428 264366  426.70887   55   18  410.00000  457.14935  11.5%  84.5  825s
 3199810 262350  435.18182   55   55  410.00000  456.70000  11.4%  84.7  830s
 3216082 260876 infeasible   54       410.00000  456.31818  11.3%  84.8  835s
 3237192 258948  433.43506   47   35  410.00000  456.00000  11.2%  84.8  840s
 3249703 258242  438.18182   45   26  410.00000  456.00000  11.2%  84.9  845s
 3264273 257350  438.64545   49   44  410.00000  456.00000  11.2%  85.1  850s
 3279692 255952  438.13636   53   49  410.00000  455.86364  11.2%  85.3  855s
 3296869 254217     cutoff   50       410.00000  455.72727  11.2%  85.4  860s
 3313943 252410     cutoff   52       410.00000  455.59091  11.1%  85.5  865s
 3334339 249911  423.70390   49   12  410.00000  455.38636  11.1%  85.5  870s
 3349139 248044  431.29545   53   46  410.00000  455.13636  11.0%  85.5  875s
 3368782 245621  454.40441   50   43  410.00000  454.84416  10.9%  85.6  880s
 3387055 242872     cutoff   53       410.00000  454.59091  10.9%  85.6  885s
 3407473 240097     cutoff   57       410.00000  454.32900  10.8%  85.7  890s
 3427378 237058     cutoff   51       410.00000  454.04545  10.7%  85.7  895s
 3442260 236096     cutoff   56       410.00000  454.00000  10.7%  85.8  900s
 3456281 234408  453.81818   53   64  410.00000  453.93182  10.7%  85.9  905s
 3474330 232311     cutoff   50       410.00000  453.81818  10.7%  86.0  910s
 3492021 230179     cutoff   61       410.00000  453.72727  10.7%  86.1  915s
 3509471 227856  431.09091   54   36  410.00000  453.59091  10.6%  86.1  920s
 3528790 225183  423.17614   49   19  410.00000  453.43182  10.6%  86.1  925s
 3545170 223013  424.63636   53    2  410.00000  453.28788  10.6%  86.2  930s
 3565500 220176 infeasible   54       410.00000  453.10909  10.5%  86.2  935s
 3585841 217990  436.36364   56    5  410.00000  453.00000  10.5%  86.2  940s
 3600894 215847 infeasible   55       410.00000  452.82143  10.4%  86.2  945s
 3620760 213203     cutoff   56       410.00000  452.61364  10.4%  86.2  950s
 3642486 209968     cutoff   52       410.00000  452.36364  10.3%  86.2  955s
 3663033 206676     cutoff   53       410.00000  452.09091  10.3%  86.1  960s
 3682350 203112 infeasible   54       410.00000  451.81818  10.2%  86.1  965s
 3706302 198314  436.31818   49   92  410.00000  451.40909  10.1%  86.0  970s
 3727931 194212  441.05844   54   37  410.00000  451.04545  10.0%  86.0  975s
 3748307 192587  419.90909   52   44  410.00000  450.95455  10.0%  85.9  980s
 3772252 188197 infeasible   52       410.00000  450.57576  9.90%  85.8  985s
 3793427 184140 infeasible   52       410.00000  450.18182  9.80%  85.8  990s
 3813669 180563  420.31818   56    1  410.00000  449.77273  9.70%  85.7  995s
 3835785 175450 infeasible   48       410.00000  449.27273  9.58%  85.6 1000s
 3859387 170245  428.29464   49   95  410.00000  448.63636  9.42%  85.6 1005s
 3882663 165055     cutoff   49       410.00000  447.92121  9.25%  85.5 1010s
 3906072 159928 infeasible   51       410.00000  447.13636  9.06%  85.4 1015s
 3929203 155109  427.77273   55   47  410.00000  446.30519  8.85%  85.3 1020s
 3948195 151288  444.51515   48   54  410.00000  445.34848  8.62%  85.3 1025s
 3967494 147104     cutoff   55       410.00000  444.36364  8.38%  85.3 1030s
 3987871 143135  420.68182   52   50  410.00000  443.27190  8.12%  85.2 1035s
 4004627 139376  418.14935   56   25  410.00000  442.39394  7.90%  85.3 1040s
 4022102 135457 infeasible   55       410.00000  441.63636  7.72%  85.4 1045s
 4042818 131004 infeasible   53       410.00000  441.00000  7.56%  85.4 1050s
 4056719 127067 infeasible   51       410.00000  440.72727  7.49%  85.5 1055s
 4065502 124764  437.67273   58   13  410.00000  440.59091  7.46%  85.5 1060s
 4084044 119811 infeasible   56       410.00000  440.04545  7.33%  85.5 1065s
 4103195 114890  431.97760   57   31  410.00000  439.54545  7.21%  85.5 1070s
 4122427 109769 infeasible   53       410.00000  439.00000  7.07%  85.5 1075s
 4140653 104604  423.51299   56   23  410.00000  438.77273  7.02%  85.6 1080s
 4161583 98484  419.78409   54   44  410.00000  438.39610  6.93%  85.6 1085s
 4181760 93138  420.62435   51   34  410.00000  438.00000  6.83%  85.6 1090s
 4199963 88206 infeasible   54       410.00000  437.47727  6.70%  85.5 1095s
 4222097 81711 infeasible   53       410.00000  436.85455  6.55%  85.5 1100s
 4243925 74926 infeasible   56       410.00000  436.04545  6.35%  85.4 1105s
 4266379 68153 infeasible   55       410.00000  435.43182  6.20%  85.4 1110s
 4289286 59658 infeasible   60       410.00000  433.90909  5.83%  85.3 1115s
 4309924 50911 infeasible   54       410.00000  431.45887  5.23%  85.2 1120s
 4328830 42592 infeasible   51       410.00000  428.38811  4.48%  85.2 1125s
 4346248 34526     cutoff   53       410.00000  425.95455  3.89%  85.3 1130s
 4368382 19588     cutoff   51       410.00000  423.00000  3.17%  85.2 1135s

Cutting planes:
  Inf proof: 4

Explored 4395918 nodes (373377454 simplex iterations) in 1138.82 seconds (2891.10 work units)
Thread count was 16 (of 16 available processors)

Solution count 10: 410 408 406 ... 377

Optimal solution found (tolerance 1.00e-04)
Best objective 4.100000000000e+02, best bound 4.100000000000e+02, gap 0.0000%

Wrote result file '/root/bgw/data/results/2026_03_24_10_06_40_set_big_5_8_big_5_8_s002_g004_max.sol'

