[2026-03-24T16:14:30.385Z] Pipeline "set_vm-3-t1_vm-3-t1_s033_g001" → 2026_03_24_16_14_30_set_vm-3-t1_vm-3-t1_s033_g001_max.sol
Set parameter Username
Set parameter LicenseID to value 2796068
Set parameter LogFile to value "gurobi.log"
Using license file /opt/gurobi/gurobi.lic
Academic license - for non-commercial use only - expires 2027-03-23

Gurobi Optimizer version 13.0.1 build v13.0.1rc0 (linux64 - "Ubuntu 24.04.4 LTS")
Copyright (c) 2026, Gurobi Optimization, LLC

Warning: Duplicate section found (read 'binary') - Is a variable name equal to an LP file format keyword?
Warning: Duplicate section found (read 'binary') - Is a variable name equal to an LP file format keyword?
Warning: Duplicate section found (read 'binary') - Is a variable name equal to an LP file format keyword?
Warning: Duplicate section found (read 'binary') - Is a variable name equal to an LP file format keyword?
Warning: Duplicate section found (read 'binary') - Is a variable name equal to an LP file format keyword?
Warning: Duplicate section found (read 'binary') - Is a variable name equal to an LP file format keyword?
Warning: Duplicate section found (read 'binary') - Is a variable name equal to an LP file format keyword?
Warning: Duplicate section found (read 'binary') - Is a variable name equal to an LP file format keyword?
Warning: Duplicate section found (read 'binary') - Is a variable name equal to an LP file format keyword?
Warning: Duplicate section found (read 'binary') - Is a variable name equal to an LP file format keyword?
Warning: Further warnings of this type will be omitted.
Read LP format model from file /root/bgw/data/uploads/2026_03_24_16_14_30_set_vm-3-t1_vm-3-t1_s033_g001_max.lp
Reading time = 0.02 seconds
: 16160 rows, 823 columns, 49237 nonzeros

Using Gurobi shared library /opt/gurobi1301/linux64/lib/libgurobi.so.13.0.1

CPU model: AMD EPYC-Genoa Processor, instruction set [SSE2|AVX|AVX2|AVX512]
Thread count: 16 physical cores, 16 logical processors, using up to 16 threads

Optimize a model with 16160 rows, 823 columns and 49237 nonzeros (Max)
Model fingerprint: 0x5adca7bc
Model has 27 linear objective coefficients
Variable types: 64 continuous, 759 integer (759 binary)
Coefficient statistics:
  Matrix range     [1e+00, 4e+01]
  Objective range  [1e+00, 1e+00]
  Bounds range     [1e+00, 1e+00]
  RHS range        [1e+00, 4e+01]

Found heuristic solution: objective 27.0000000
Presolve removed 566 rows and 125 columns
Presolve time: 0.06s
Presolved: 15594 rows, 698 columns, 47122 nonzeros
Variable types: 0 continuous, 698 integer (688 binary)
Found heuristic solution: objective 33.0000000

Root relaxation: objective 1.360000e+02, 778 iterations, 0.07 seconds (0.09 work units)

    Nodes    |    Current Node    |     Objective Bounds      |     Work
 Expl Unexpl |  Obj  Depth IntInf | Incumbent    BestBd   Gap | It/Node Time

     0     0  136.00000    0   35   33.00000  136.00000   312%     -    0s
H    0     0                      57.0000000  136.00000   139%     -    0s
H    0     0                      63.0000000  136.00000   116%     -    0s
H    0     0                      66.0000000  136.00000   106%     -    0s
H    0     0                      68.0000000  136.00000   100%     -    0s
H    0     0                      75.0000000  136.00000  81.3%     -    0s
     0     0  136.00000    0   46   75.00000  136.00000  81.3%     -    0s
     0     0  136.00000    0   59   75.00000  136.00000  81.3%     -    0s
     0     0  136.00000    0   47   75.00000  136.00000  81.3%     -    0s
     0     0  136.00000    0   83   75.00000  136.00000  81.3%     -    0s
     0     0  136.00000    0   38   75.00000  136.00000  81.3%     -    0s
     0     0  135.91429    0   59   75.00000  135.91429  81.2%     -    1s
     0     0  135.91429    0   46   75.00000  135.91429  81.2%     -    1s
     0     0  133.00000    0   48   75.00000  133.00000  77.3%     -    1s
     0     0  133.00000    0   48   75.00000  133.00000  77.3%     -    1s
     0     0  133.00000    0   48   75.00000  133.00000  77.3%     -    1s
     0     0  133.00000    0   59   75.00000  133.00000  77.3%     -    1s
     0     0  133.00000    0   37   75.00000  133.00000  77.3%     -    1s
     0     0  133.00000    0   37   75.00000  133.00000  77.3%     -    1s
     0     0  133.00000    0   37   75.00000  133.00000  77.3%     -    1s
     0     2  133.00000    0   37   75.00000  133.00000  77.3%     -    1s
   551   422   87.25714   25   66   75.00000  133.00000  77.3%   218    5s
  1748   927 infeasible   20        75.00000  132.82857  77.1%   234   10s
  2878  1348  105.39429   17   97   75.00000  129.70000  72.9%   260   15s
  3905  1652  111.24524   12   37   75.00000  128.00000  70.7%   282   20s
  4243  1779  105.80000   22   86   75.00000  128.00000  70.7%   276   25s
  5358  1723 infeasible   34        75.00000  121.48571  62.0%   263   30s
  7020  1524 infeasible   35        75.00000  111.77143  49.0%   255   35s
  9151  1280   94.54286   23   40   75.00000  105.93333  41.2%   249   40s
 10861  1559   76.14286   32   23   75.00000  102.80000  37.1%   249   45s
 12431  1757   99.67810   23   73   75.00000  101.54095  35.4%   251   50s
 14067  1914   84.89286   26   44   75.00000   98.92000  31.9%   250   55s
 16352  1999   87.52000   25   59   75.00000   96.40952  28.5%   247   60s
 18687  2040 infeasible   25        75.00000   93.48571  24.6%   248   65s
 21500  1953   80.92857   26   39   75.00000   90.77143  21.0%   248   71s
 23658  1797   76.75714   23   82   75.00000   87.42857  16.6%   251   76s
 25121  1780   77.82857   29  149   75.00000   86.00000  14.7%   255   80s
 27634  1571   80.82857   25   56   75.00000   84.77143  13.0%   259   86s
 29595  1312 infeasible   27        75.00000   83.00000  10.7%   261   90s
 31288   809   77.60000   30   31   75.00000   82.00000  9.33%   266   96s
 33262     0     cutoff   31        75.00000   80.00000  6.67%   270  100s

Cutting planes:
  Inf proof: 1

Explored 33982 nodes (9175608 simplex iterations) in 100.99 seconds (222.50 work units)
Thread count was 16 (of 16 available processors)

Solution count 10: 75 75 75 ... 27

Optimal solution found (tolerance 1.00e-04)
Best objective 7.500000000000e+01, best bound 7.500000000000e+01, gap 0.0000%

Wrote result file '/root/bgw/data/results/2026_03_24_16_14_30_set_vm-3-t1_vm-3-t1_s033_g001_max.sol'

