[2026-03-24T14:29:02.753Z] Pipeline "set_vm-3-t1_vm-3-t1_s015_g003" → 2026_03_24_14_29_02_set_vm-3-t1_vm-3-t1_s015_g003_max.sol
Set parameter Username
Set parameter LicenseID to value 2796068
Set parameter LogFile to value "gurobi.log"
Using license file /opt/gurobi/gurobi.lic
Academic license - for non-commercial use only - expires 2027-03-23

Gurobi Optimizer version 13.0.1 build v13.0.1rc0 (linux64 - "Ubuntu 24.04.4 LTS")
Copyright (c) 2026, Gurobi Optimization, LLC

Warning: Duplicate section found (read 'binary') - Is a variable name equal to an LP file format keyword?
Warning: Duplicate section found (read 'binary') - Is a variable name equal to an LP file format keyword?
Warning: Duplicate section found (read 'binary') - Is a variable name equal to an LP file format keyword?
Warning: Duplicate section found (read 'binary') - Is a variable name equal to an LP file format keyword?
Warning: Duplicate section found (read 'binary') - Is a variable name equal to an LP file format keyword?
Warning: Duplicate section found (read 'binary') - Is a variable name equal to an LP file format keyword?
Warning: Duplicate section found (read 'binary') - Is a variable name equal to an LP file format keyword?
Warning: Duplicate section found (read 'binary') - Is a variable name equal to an LP file format keyword?
Warning: Duplicate section found (read 'binary') - Is a variable name equal to an LP file format keyword?
Warning: Duplicate section found (read 'binary') - Is a variable name equal to an LP file format keyword?
Warning: Further warnings of this type will be omitted.
Read LP format model from file /root/bgw/data/uploads/2026_03_24_14_29_02_set_vm-3-t1_vm-3-t1_s015_g003_max.lp
Reading time = 0.00 seconds
: 4949 rows, 391 columns, 15138 nonzeros

Using Gurobi shared library /opt/gurobi1301/linux64/lib/libgurobi.so.13.0.1

CPU model: AMD EPYC-Genoa Processor, instruction set [SSE2|AVX|AVX2|AVX512]
Thread count: 16 physical cores, 16 logical processors, using up to 16 threads

Optimize a model with 4949 rows, 391 columns and 15138 nonzeros (Max)
Model fingerprint: 0x082bb448
Model has 20 linear objective coefficients
Variable types: 45 continuous, 346 integer (346 binary)
Coefficient statistics:
  Matrix range     [1e+00, 3e+01]
  Objective range  [1e+00, 1e+00]
  Bounds range     [1e+00, 1e+00]
  RHS range        [1e+00, 3e+01]

Found heuristic solution: objective 20.0000000
Presolve removed 317 rows and 72 columns
Presolve time: 0.02s
Presolved: 4632 rows, 319 columns, 14028 nonzeros
Variable types: 0 continuous, 319 integer (313 binary)
Found heuristic solution: objective 27.0000000

Root relaxation: objective 1.050000e+02, 176 iterations, 0.01 seconds (0.01 work units)

    Nodes    |    Current Node    |     Objective Bounds      |     Work
 Expl Unexpl |  Obj  Depth IntInf | Incumbent    BestBd   Gap | It/Node Time

     0     0  105.00000    0   26   27.00000  105.00000   289%     -    0s
H    0     0                      33.0000000  105.00000   218%     -    0s
H    0     0                      49.0000000  105.00000   114%     -    0s
H    0     0                      55.0000000  105.00000  90.9%     -    0s
     0     0  105.00000    0   24   55.00000  105.00000  90.9%     -    0s
     0     0  105.00000    0   27   55.00000  105.00000  90.9%     -    0s
     0     0  105.00000    0   14   55.00000  105.00000  90.9%     -    0s
     0     0   98.00000    0   14   55.00000   98.00000  78.2%     -    0s
     0     0   98.00000    0   14   55.00000   98.00000  78.2%     -    0s
     0     0   98.00000    0   20   55.00000   98.00000  78.2%     -    0s
     0     0   98.00000    0   22   55.00000   98.00000  78.2%     -    0s
     0     0   98.00000    0   20   55.00000   98.00000  78.2%     -    0s
     0     0   98.00000    0   13   55.00000   98.00000  78.2%     -    0s
     0     0   98.00000    0   13   55.00000   98.00000  78.2%     -    0s
     0     0   98.00000    0   20   55.00000   98.00000  78.2%     -    0s
     0     0   98.00000    0   18   55.00000   98.00000  78.2%     -    0s
     0     0   98.00000    0   14   55.00000   98.00000  78.2%     -    0s
     0     0   98.00000    0   17   55.00000   98.00000  78.2%     -    0s
     0     0   98.00000    0   20   55.00000   98.00000  78.2%     -    0s
     0     0   98.00000    0   20   55.00000   98.00000  78.2%     -    0s
     0     0   98.00000    0   20   55.00000   98.00000  78.2%     -    0s
     0     0   98.00000    0   20   55.00000   98.00000  78.2%     -    0s
     0     2   98.00000    0   20   55.00000   98.00000  78.2%     -    0s

Cutting planes:
  Cover: 17
  MIR: 4
  Inf proof: 40
  Zero half: 1
  Mod-K: 2

Explored 2594 nodes (178246 simplex iterations) in 1.32 seconds (2.40 work units)
Thread count was 16 (of 16 available processors)

Solution count 5: 55 49 33 ... 20

Optimal solution found (tolerance 1.00e-04)
Best objective 5.500000000000e+01, best bound 5.500000000000e+01, gap 0.0000%

Wrote result file '/root/bgw/data/results/2026_03_24_14_29_02_set_vm-3-t1_vm-3-t1_s015_g003_max.sol'

