[2026-03-24T16:32:20.032Z] Pipeline "set_vm-3-t2_vm-3-t2_s014_g001" → 2026_03_24_16_32_20_set_vm-3-t2_vm-3-t2_s014_g001_max.sol
Set parameter Username
Set parameter LicenseID to value 2796068
Set parameter LogFile to value "gurobi.log"
Using license file /opt/gurobi/gurobi.lic
Academic license - for non-commercial use only - expires 2027-03-23

Gurobi Optimizer version 13.0.1 build v13.0.1rc0 (linux64 - "Ubuntu 24.04.4 LTS")
Copyright (c) 2026, Gurobi Optimization, LLC

Warning: Duplicate section found (read 'binary') - Is a variable name equal to an LP file format keyword?
Warning: Duplicate section found (read 'binary') - Is a variable name equal to an LP file format keyword?
Warning: Duplicate section found (read 'binary') - Is a variable name equal to an LP file format keyword?
Warning: Duplicate section found (read 'binary') - Is a variable name equal to an LP file format keyword?
Warning: Duplicate section found (read 'binary') - Is a variable name equal to an LP file format keyword?
Warning: Duplicate section found (read 'binary') - Is a variable name equal to an LP file format keyword?
Warning: Duplicate section found (read 'binary') - Is a variable name equal to an LP file format keyword?
Warning: Duplicate section found (read 'binary') - Is a variable name equal to an LP file format keyword?
Warning: Duplicate section found (read 'binary') - Is a variable name equal to an LP file format keyword?
Warning: Duplicate section found (read 'binary') - Is a variable name equal to an LP file format keyword?
Warning: Further warnings of this type will be omitted.
Read LP format model from file /root/bgw/data/uploads/2026_03_24_16_32_20_set_vm-3-t2_vm-3-t2_s014_g001_max.lp
Reading time = 0.00 seconds
: 4336 rows, 358 columns, 13302 nonzeros

Using Gurobi shared library /opt/gurobi1301/linux64/lib/libgurobi.so.13.0.1

CPU model: AMD EPYC-Genoa Processor, instruction set [SSE2|AVX|AVX2|AVX512]
Thread count: 16 physical cores, 16 logical processors, using up to 16 threads

Optimize a model with 4336 rows, 358 columns and 13302 nonzeros (Max)
Model fingerprint: 0x2bcca81e
Model has 16 linear objective coefficients
Variable types: 40 continuous, 318 integer (318 binary)
Coefficient statistics:
  Matrix range     [1e+00, 2e+01]
  Objective range  [1e+00, 1e+00]
  Bounds range     [1e+00, 1e+00]
  RHS range        [1e+00, 3e+01]

Found heuristic solution: objective 16.0000000
Presolve removed 263 rows and 67 columns
Presolve time: 0.01s
Presolved: 4073 rows, 291 columns, 12324 nonzeros
Variable types: 0 continuous, 291 integer (286 binary)
Found heuristic solution: objective 23.0000000

Root relaxation: objective 8.600000e+01, 134 iterations, 0.01 seconds (0.01 work units)

    Nodes    |    Current Node    |     Objective Bounds      |     Work
 Expl Unexpl |  Obj  Depth IntInf | Incumbent    BestBd   Gap | It/Node Time

     0     0   86.00000    0   18   23.00000   86.00000   274%     -    0s
H    0     0                      44.0000000   86.00000  95.5%     -    0s
     0     0   86.00000    0   18   44.00000   86.00000  95.5%     -    0s
     0     0   86.00000    0   17   44.00000   86.00000  95.5%     -    0s
     0     0   86.00000    0   13   44.00000   86.00000  95.5%     -    0s
     0     0   79.00000    0   14   44.00000   79.00000  79.5%     -    0s
     0     0   79.00000    0   14   44.00000   79.00000  79.5%     -    0s
     0     0   79.00000    0   14   44.00000   79.00000  79.5%     -    0s
     0     0   79.00000    0   14   44.00000   79.00000  79.5%     -    0s
     0     0   79.00000    0   14   44.00000   79.00000  79.5%     -    0s
     0     0   79.00000    0   14   44.00000   79.00000  79.5%     -    0s
     0     0   79.00000    0   14   44.00000   79.00000  79.5%     -    0s
     0     0   79.00000    0   14   44.00000   79.00000  79.5%     -    0s
     0     0   79.00000    0   14   44.00000   79.00000  79.5%     -    0s
     0     0   79.00000    0   14   44.00000   79.00000  79.5%     -    0s
     0     0   79.00000    0   14   44.00000   79.00000  79.5%     -    0s
     0     0   78.36364    0   15   44.00000   78.36364  78.1%     -    0s
     0     0   78.36364    0   14   44.00000   78.36364  78.1%     -    0s
     0     0   78.36364    0   14   44.00000   78.36364  78.1%     -    0s
     0     0   78.36364    0   13   44.00000   78.36364  78.1%     -    0s
     0     2   78.36364    0   13   44.00000   78.36364  78.1%     -    0s

Cutting planes:
  Gomory: 7
  Cover: 1
  MIR: 5
  StrongCG: 1
  Inf proof: 3
  Mod-K: 1

Explored 609 nodes (26203 simplex iterations) in 0.44 seconds (0.56 work units)
Thread count was 16 (of 16 available processors)

Solution count 3: 44 23 16 

Optimal solution found (tolerance 1.00e-04)
Best objective 4.400000000000e+01, best bound 4.400000000000e+01, gap 0.0000%

Wrote result file '/root/bgw/data/results/2026_03_24_16_32_20_set_vm-3-t2_vm-3-t2_s014_g001_max.sol'

