[2026-03-24T16:34:27.758Z] Pipeline "set_vm-3-t3_vm-3-t3_s003_g002" → 2026_03_24_16_34_27_set_vm-3-t3_vm-3-t3_s003_g002_max.sol
Set parameter Username
Set parameter LicenseID to value 2796068
Set parameter LogFile to value "gurobi.log"
Using license file /opt/gurobi/gurobi.lic
Academic license - for non-commercial use only - expires 2027-03-23

Gurobi Optimizer version 13.0.1 build v13.0.1rc0 (linux64 - "Ubuntu 24.04.4 LTS")
Copyright (c) 2026, Gurobi Optimization, LLC

Warning: Duplicate section found (read 'binary') - Is a variable name equal to an LP file format keyword?
Warning: Duplicate section found (read 'binary') - Is a variable name equal to an LP file format keyword?
Warning: Duplicate section found (read 'binary') - Is a variable name equal to an LP file format keyword?
Warning: Duplicate section found (read 'binary') - Is a variable name equal to an LP file format keyword?
Warning: Duplicate section found (read 'binary') - Is a variable name equal to an LP file format keyword?
Warning: Duplicate section found (read 'binary') - Is a variable name equal to an LP file format keyword?
Warning: Duplicate section found (read 'binary') - Is a variable name equal to an LP file format keyword?
Warning: Duplicate section found (read 'binary') - Is a variable name equal to an LP file format keyword?
Warning: Duplicate section found (read 'binary') - Is a variable name equal to an LP file format keyword?
Warning: Duplicate section found (read 'binary') - Is a variable name equal to an LP file format keyword?
Warning: Further warnings of this type will be omitted.
Read LP format model from file /root/bgw/data/uploads/2026_03_24_16_34_27_set_vm-3-t3_vm-3-t3_s003_g002_max.lp
Reading time = 0.00 seconds
: 1192 rows, 233 columns, 3651 nonzeros

Using Gurobi shared library /opt/gurobi1301/linux64/lib/libgurobi.so.13.0.1

CPU model: AMD EPYC-Genoa Processor, instruction set [SSE2|AVX|AVX2|AVX512]
Thread count: 16 physical cores, 16 logical processors, using up to 16 threads

Optimize a model with 1192 rows, 233 columns and 3651 nonzeros (Max)
Model fingerprint: 0x06c3e6e6
Model has 99 linear objective coefficients
Variable types: 112 continuous, 121 integer (121 binary)
Coefficient statistics:
  Matrix range     [1e+00, 1e+01]
  Objective range  [1e+00, 1e+00]
  Bounds range     [1e+00, 1e+00]
  RHS range        [1e+00, 2e+01]

Found heuristic solution: objective 99.0000000
Presolve removed 571 rows and 127 columns
Presolve time: 0.00s
Presolved: 621 rows, 106 columns, 1933 nonzeros
Variable types: 0 continuous, 106 integer (99 binary)
Found heuristic solution: objective 161.0000000

Root relaxation: objective 7.500000e+02, 92 iterations, 0.00 seconds (0.00 work units)

    Nodes    |    Current Node    |     Objective Bounds      |     Work
 Expl Unexpl |  Obj  Depth IntInf | Incumbent    BestBd   Gap | It/Node Time

     0     0  750.00000    0   31  161.00000  750.00000   366%     -    0s
H    0     0                     223.0000000  750.00000   236%     -    0s
H    0     0                     285.0000000  750.00000   163%     -    0s
     0     0  750.00000    0   29  285.00000  750.00000   163%     -    0s
     0     0  750.00000    0   29  285.00000  750.00000   163%     -    0s
     0     0  750.00000    0   26  285.00000  750.00000   163%     -    0s
     0     0  719.00000    0   29  285.00000  719.00000   152%     -    0s
     0     0  719.00000    0   29  285.00000  719.00000   152%     -    0s
     0     0  719.00000    0   27  285.00000  719.00000   152%     -    0s
     0     0  719.00000    0   27  285.00000  719.00000   152%     -    0s
     0     0  719.00000    0   27  285.00000  719.00000   152%     -    0s
     0     0  719.00000    0   26  285.00000  719.00000   152%     -    0s
     0     0  711.48485    0   27  285.00000  711.48485   150%     -    0s
     0     0  711.48485    0   26  285.00000  711.48485   150%     -    0s
     0     0  699.27273    0   28  285.00000  699.27273   145%     -    0s
     0     0  699.27273    0   27  285.00000  699.27273   145%     -    0s
     0     0  692.22727    0   26  285.00000  692.22727   143%     -    0s
     0     0  692.22727    0   26  285.00000  692.22727   143%     -    0s
     0     0  692.22727    0   26  285.00000  692.22727   143%     -    0s
     0     0  688.00000    0   26  285.00000  688.00000   141%     -    0s
     0     0  688.00000    0   26  285.00000  688.00000   141%     -    0s
     0     2  688.00000    0   26  285.00000  688.00000   141%     -    0s

Cutting planes:
  Inf proof: 3

Explored 22500 nodes (394953 simplex iterations) in 1.32 seconds (1.68 work units)
Thread count was 16 (of 16 available processors)

Solution count 7: 285 285 285 ... 99

Optimal solution found (tolerance 1.00e-04)
Best objective 2.850000000000e+02, best bound 2.850000000000e+02, gap 0.0000%

Wrote result file '/root/bgw/data/results/2026_03_24_16_34_27_set_vm-3-t3_vm-3-t3_s003_g002_max.sol'

