[2026-03-23T16:25:17.884Z] Pipeline "set_ds_1_ds_1_s006_g002" → 2026_03_23_16_25_17_set_ds_1_ds_1_s006_g002_max.sol
Set parameter WLSAccessID
Set parameter WLSSecret
Set parameter LicenseID to value 2792458
Set parameter LogFile to value "gurobi.log"
Using license file /root/gurobi.lic
Academic license 2792458 - for non-commercial use only - registered to an___@studenti.unipg.it

Gurobi Optimizer version 13.0.1 build v13.0.1rc0 (linux64 - "Ubuntu 24.04.4 LTS")
Copyright (c) 2026, Gurobi Optimization, LLC

Warning: Duplicate section found (read 'binary') - Is a variable name equal to an LP file format keyword?
Warning: Duplicate section found (read 'binary') - Is a variable name equal to an LP file format keyword?
Warning: Duplicate section found (read 'binary') - Is a variable name equal to an LP file format keyword?
Warning: Duplicate section found (read 'binary') - Is a variable name equal to an LP file format keyword?
Warning: Duplicate section found (read 'binary') - Is a variable name equal to an LP file format keyword?
Warning: Duplicate section found (read 'binary') - Is a variable name equal to an LP file format keyword?
Warning: Duplicate section found (read 'binary') - Is a variable name equal to an LP file format keyword?
Warning: Duplicate section found (read 'binary') - Is a variable name equal to an LP file format keyword?
Warning: Duplicate section found (read 'binary') - Is a variable name equal to an LP file format keyword?
Warning: Duplicate section found (read 'binary') - Is a variable name equal to an LP file format keyword?
Warning: Further warnings of this type will be omitted.
Read LP format model from file /root/bgw/data/uploads/2026_03_23_16_25_17_set_ds_1_ds_1_s006_g002_max.lp
Reading time = 0.00 seconds
: 1782 rows, 244 columns, 5021 nonzeros

Using Gurobi shared library /opt/gurobi1301/linux64/lib/libgurobi.so.13.0.1

CPU model: AMD EPYC-Genoa Processor, instruction set [SSE2|AVX|AVX2|AVX512]
Thread count: 16 physical cores, 16 logical processors, using up to 16 threads

Academic license 2792458 - for non-commercial use only - registered to an___@studenti.unipg.it
Optimize a model with 1782 rows, 244 columns and 5021 nonzeros (Max)
Model fingerprint: 0x29acfccd
Model has 38 linear objective coefficients
Variable types: 54 continuous, 190 integer (190 binary)
Coefficient statistics:
  Matrix range     [1e+00, 2e+01]
  Objective range  [1e+00, 1e+00]
  Bounds range     [1e+00, 1e+00]
  RHS range        [1e+00, 2e+01]

Found heuristic solution: objective 38.0000000
Presolve removed 595 rows and 85 columns
Presolve time: 0.01s
Presolved: 1187 rows, 159 columns, 3704 nonzeros
Variable types: 0 continuous, 159 integer (148 binary)
Found heuristic solution: objective 69.0000000

Root relaxation: objective 1.890000e+02, 179 iterations, 0.01 seconds (0.01 work units)

    Nodes    |    Current Node    |     Objective Bounds      |     Work
 Expl Unexpl |  Obj  Depth IntInf | Incumbent    BestBd   Gap | It/Node Time

     0     0  189.00000    0   67   69.00000  189.00000   174%     -    0s
H    0     0                      72.0000000  189.00000   162%     -    0s
H    0     0                      79.0000000  189.00000   139%     -    0s
H    0     0                      80.0000000  189.00000   136%     -    0s
     0     0  189.00000    0   66   80.00000  189.00000   136%     -    0s
H    0     0                      81.0000000  189.00000   133%     -    0s
     0     0  189.00000    0   64   81.00000  189.00000   133%     -    0s
     0     0  189.00000    0   63   81.00000  189.00000   133%     -    0s
H    0     0                      83.0000000  189.00000   128%     -    0s
     0     0  189.00000    0   63   83.00000  189.00000   128%     -    0s
     0     0  189.00000    0   63   83.00000  189.00000   128%     -    0s
H    0     0                      88.0000000  189.00000   115%     -    0s
     0     0  189.00000    0   63   88.00000  189.00000   115%     -    0s
     0     0  189.00000    0   66   88.00000  189.00000   115%     -    0s
     0     0  189.00000    0   61   88.00000  189.00000   115%     -    0s
H    0     0                      90.0000000  189.00000   110%     -    0s
     0     0  189.00000    0   63   90.00000  189.00000   110%     -    0s
     0     0  189.00000    0   63   90.00000  189.00000   110%     -    0s
     0     0  189.00000    0   63   90.00000  189.00000   110%     -    0s
     0     0  189.00000    0   63   90.00000  189.00000   110%     -    0s
     0     0  189.00000    0   63   90.00000  189.00000   110%     -    0s
     0     0  189.00000    0   61   90.00000  189.00000   110%     -    0s
     0     2  189.00000    0   61   90.00000  189.00000   110%     -    0s
H   39    71                      91.0000000  182.00000   100%  59.8    0s
H   57    71                      93.0000000  182.00000  95.7%  53.0    0s
H  315   247                      94.0000000  182.00000  93.6%  49.1    0s
H  865   524                      96.0000000  180.73214  88.3%  51.0    0s
 24110  7150  109.64286   29   48   96.00000  135.85714  41.5%  44.8    5s
 59136 14410  106.92857   41   43   96.00000  122.64286  27.8%  42.2   10s
 102949 18502  114.42857   37   45   96.00000  115.85714  20.7%  42.3   15s
 148851 19885 infeasible   38        96.00000  111.50000  16.1%  42.2   20s
 190653 18502  104.64286   39   43   96.00000  108.71429  13.2%  42.5   25s
 232700 13882  100.45714   40   35   96.00000  105.92857  10.3%  42.7   30s
 268736  5491 infeasible   38        96.00000  102.66047  6.94%  43.5   35s

Cutting planes:
  Inf proof: 1

Explored 281244 nodes (12284491 simplex iterations) in 36.58 seconds (51.24 work units)
Thread count was 16 (of 16 available processors)

Solution count 10: 96 96 94 ... 83

Optimal solution found (tolerance 1.00e-04)
Best objective 9.600000000000e+01, best bound 9.600000000000e+01, gap 0.0000%

Wrote result file '/root/bgw/data/results/2026_03_23_16_25_17_set_ds_1_ds_1_s006_g002_max.sol'

