[2026-03-23T13:42:26.134Z] Pipeline "set_exp_2_exp_2_n029_c005_g004" → 2026_03_23_13_42_25_set_exp_2_exp_2_n029_c005_g004_max.sol
Set parameter WLSAccessID
Set parameter WLSSecret
Set parameter LicenseID to value 2792458
Set parameter LogFile to value "gurobi.log"
Using license file /root/gurobi.lic
Academic license 2792458 - for non-commercial use only - registered to an___@studenti.unipg.it

Gurobi Optimizer version 13.0.1 build v13.0.1rc0 (linux64 - "Ubuntu 24.04.4 LTS")
Copyright (c) 2026, Gurobi Optimization, LLC

Warning: Duplicate section found (read 'binary') - Is a variable name equal to an LP file format keyword?
Warning: Duplicate section found (read 'binary') - Is a variable name equal to an LP file format keyword?
Warning: Duplicate section found (read 'binary') - Is a variable name equal to an LP file format keyword?
Warning: Duplicate section found (read 'binary') - Is a variable name equal to an LP file format keyword?
Warning: Duplicate section found (read 'binary') - Is a variable name equal to an LP file format keyword?
Warning: Duplicate section found (read 'binary') - Is a variable name equal to an LP file format keyword?
Warning: Duplicate section found (read 'binary') - Is a variable name equal to an LP file format keyword?
Warning: Duplicate section found (read 'binary') - Is a variable name equal to an LP file format keyword?
Warning: Duplicate section found (read 'binary') - Is a variable name equal to an LP file format keyword?
Warning: Duplicate section found (read 'binary') - Is a variable name equal to an LP file format keyword?
Warning: Further warnings of this type will be omitted.
Read LP format model from file /root/bgw/data/uploads/2026_03_23_13_42_25_set_exp_2_exp_2_n029_c005_g004_max.lp
Reading time = 0.01 seconds
: 8042 rows, 588 columns, 24185 nonzeros

Using Gurobi shared library /opt/gurobi1301/linux64/lib/libgurobi.so.13.0.1

CPU model: AMD EPYC-Genoa Processor, instruction set [SSE2|AVX|AVX2|AVX512]
Thread count: 16 physical cores, 16 logical processors, using up to 16 threads

Academic license 2792458 - for non-commercial use only - registered to an___@studenti.unipg.it
Optimize a model with 8042 rows, 588 columns and 24185 nonzeros (Max)
Model fingerprint: 0x257be0c6
Model has 5 linear objective coefficients
Variable types: 34 continuous, 554 integer (554 binary)
Coefficient statistics:
  Matrix range     [1e+00, 3e+01]
  Objective range  [1e+00, 1e+00]
  Bounds range     [1e+00, 1e+00]
  RHS range        [1e+00, 3e+01]

Found heuristic solution: objective 5.0000000
Presolve removed 697 rows and 158 columns
Presolve time: 0.04s
Presolved: 7345 rows, 430 columns, 22321 nonzeros
Variable types: 0 continuous, 430 integer (419 binary)
Found heuristic solution: objective 6.0000000

Root relaxation: objective 2.000000e+01, 213 iterations, 0.02 seconds (0.02 work units)

    Nodes    |    Current Node    |     Objective Bounds      |     Work
 Expl Unexpl |  Obj  Depth IntInf | Incumbent    BestBd   Gap | It/Node Time

     0     0   20.00000    0   21    6.00000   20.00000   233%     -    0s
H    0     0                      14.0000000   20.00000  42.9%     -    0s
     0     0   20.00000    0   24   14.00000   20.00000  42.9%     -    0s
H    0     0                      15.0000000   20.00000  33.3%     -    0s
     0     0   20.00000    0   18   15.00000   20.00000  33.3%     -    0s
     0     0   20.00000    0   29   15.00000   20.00000  33.3%     -    0s
     0     0   20.00000    0   17   15.00000   20.00000  33.3%     -    0s
     0     0   20.00000    0   18   15.00000   20.00000  33.3%     -    0s
     0     0   20.00000    0   15   15.00000   20.00000  33.3%     -    0s
     0     0   20.00000    0   18   15.00000   20.00000  33.3%     -    0s
     0     0   20.00000    0   15   15.00000   20.00000  33.3%     -    0s
     0     0   20.00000    0   18   15.00000   20.00000  33.3%     -    0s
     0     0   20.00000    0   17   15.00000   20.00000  33.3%     -    0s
     0     0   20.00000    0   25   15.00000   20.00000  33.3%     -    0s
     0     0   20.00000    0   17   15.00000   20.00000  33.3%     -    0s
     0     0   20.00000    0   18   15.00000   20.00000  33.3%     -    0s
     0     0   20.00000    0   18   15.00000   20.00000  33.3%     -    0s
     0     0   19.96296    0   19   15.00000   19.96296  33.1%     -    0s
     0     0   19.96296    0   15   15.00000   19.96296  33.1%     -    0s
     0     0   19.00000    0   15   15.00000   19.00000  26.7%     -    0s
     0     0   19.00000    0   15   15.00000   19.00000  26.7%     -    0s
     0     2   19.00000    0   15   15.00000   19.00000  26.7%     -    0s

Cutting planes:
  Cover: 2
  Inf proof: 18
  Mod-K: 1

Explored 660 nodes (72512 simplex iterations) in 1.37 seconds (1.70 work units)
Thread count was 16 (of 16 available processors)

Solution count 4: 15 14 6 5 

Optimal solution found (tolerance 1.00e-04)
Best objective 1.500000000000e+01, best bound 1.500000000000e+01, gap 0.0000%

Wrote result file '/root/bgw/data/results/2026_03_23_13_42_25_set_exp_2_exp_2_n029_c005_g004_max.sol'

