[2026-03-23T16:00:08.886Z] Pipeline "set_exp_3_exp_3_n021_c002_g002" → 2026_03_23_16_00_08_set_exp_3_exp_3_n021_c002_g002_max.sol
Set parameter WLSAccessID
Set parameter WLSSecret
Set parameter LicenseID to value 2792458
Set parameter LogFile to value "gurobi.log"
Using license file /root/gurobi.lic
Academic license 2792458 - for non-commercial use only - registered to an___@studenti.unipg.it

Gurobi Optimizer version 13.0.1 build v13.0.1rc0 (linux64 - "Ubuntu 24.04.4 LTS")
Copyright (c) 2026, Gurobi Optimization, LLC

Warning: Duplicate section found (read 'binary') - Is a variable name equal to an LP file format keyword?
Warning: Duplicate section found (read 'binary') - Is a variable name equal to an LP file format keyword?
Warning: Duplicate section found (read 'binary') - Is a variable name equal to an LP file format keyword?
Warning: Duplicate section found (read 'binary') - Is a variable name equal to an LP file format keyword?
Warning: Duplicate section found (read 'binary') - Is a variable name equal to an LP file format keyword?
Warning: Duplicate section found (read 'binary') - Is a variable name equal to an LP file format keyword?
Warning: Duplicate section found (read 'binary') - Is a variable name equal to an LP file format keyword?
Warning: Duplicate section found (read 'binary') - Is a variable name equal to an LP file format keyword?
Warning: Duplicate section found (read 'binary') - Is a variable name equal to an LP file format keyword?
Warning: Duplicate section found (read 'binary') - Is a variable name equal to an LP file format keyword?
Warning: Further warnings of this type will be omitted.
Read LP format model from file /root/bgw/data/uploads/2026_03_23_16_00_08_set_exp_3_exp_3_n021_c002_g002_max.lp
Reading time = 0.01 seconds
: 3115 rows, 321 columns, 9293 nonzeros

Using Gurobi shared library /opt/gurobi1301/linux64/lib/libgurobi.so.13.0.1

CPU model: AMD EPYC-Genoa Processor, instruction set [SSE2|AVX|AVX2|AVX512]
Thread count: 16 physical cores, 16 logical processors, using up to 16 threads

Academic license 2792458 - for non-commercial use only - registered to an___@studenti.unipg.it
Optimize a model with 3115 rows, 321 columns and 9293 nonzeros (Max)
Model fingerprint: 0x6e30a715
Model has 2 linear objective coefficients
Variable types: 23 continuous, 298 integer (298 binary)
Coefficient statistics:
  Matrix range     [1e+00, 2e+01]
  Objective range  [1e+00, 1e+00]
  Bounds range     [1e+00, 1e+00]
  RHS range        [1e+00, 2e+01]

Found heuristic solution: objective 2.0000000
Presolve removed 437 rows and 99 columns
Presolve time: 0.02s
Presolved: 2678 rows, 222 columns, 8142 nonzeros
Variable types: 0 continuous, 222 integer (216 binary)
Found heuristic solution: objective 4.0000000

Root relaxation: objective 8.000000e+00, 65 iterations, 0.01 seconds (0.00 work units)

    Nodes    |    Current Node    |     Objective Bounds      |     Work
 Expl Unexpl |  Obj  Depth IntInf | Incumbent    BestBd   Gap | It/Node Time

     0     0    8.00000    0   10    4.00000    8.00000   100%     -    0s
H    0     0                       6.0000000    8.00000  33.3%     -    0s
     0     0    8.00000    0   12    6.00000    8.00000  33.3%     -    0s
     0     0    8.00000    0   15    6.00000    8.00000  33.3%     -    0s
     0     0    8.00000    0   10    6.00000    8.00000  33.3%     -    0s
     0     0    8.00000    0    8    6.00000    8.00000  33.3%     -    0s
     0     0    8.00000    0   12    6.00000    8.00000  33.3%     -    0s
     0     0    8.00000    0   10    6.00000    8.00000  33.3%     -    0s
     0     0    7.00000    0    9    6.00000    7.00000  16.7%     -    0s
     0     0    7.00000    0   11    6.00000    7.00000  16.7%     -    0s
     0     0    7.00000    0   11    6.00000    7.00000  16.7%     -    0s
     0     0    7.00000    0   11    6.00000    7.00000  16.7%     -    0s

Cutting planes:
  Lift-and-project: 4
  Cover: 6
  MIR: 3
  Zero half: 1

Explored 1 nodes (358 simplex iterations) in 0.18 seconds (0.09 work units)
Thread count was 16 (of 16 available processors)

Solution count 3: 6 4 2 

Optimal solution found (tolerance 1.00e-04)
Best objective 6.000000000000e+00, best bound 6.000000000000e+00, gap 0.0000%

Wrote result file '/root/bgw/data/results/2026_03_23_16_00_08_set_exp_3_exp_3_n021_c002_g002_max.sol'

