[2026-03-23T13:42:21.140Z] Pipeline "set_exp_2_exp_2_n029_c005_g002" → 2026_03_23_13_42_20_set_exp_2_exp_2_n029_c005_g002_max.sol
Set parameter WLSAccessID
Set parameter WLSSecret
Set parameter LicenseID to value 2792458
Set parameter LogFile to value "gurobi.log"
Using license file /root/gurobi.lic
Academic license 2792458 - for non-commercial use only - registered to an___@studenti.unipg.it

Gurobi Optimizer version 13.0.1 build v13.0.1rc0 (linux64 - "Ubuntu 24.04.4 LTS")
Copyright (c) 2026, Gurobi Optimization, LLC

Warning: Duplicate section found (read 'binary') - Is a variable name equal to an LP file format keyword?
Warning: Duplicate section found (read 'binary') - Is a variable name equal to an LP file format keyword?
Warning: Duplicate section found (read 'binary') - Is a variable name equal to an LP file format keyword?
Warning: Duplicate section found (read 'binary') - Is a variable name equal to an LP file format keyword?
Warning: Duplicate section found (read 'binary') - Is a variable name equal to an LP file format keyword?
Warning: Duplicate section found (read 'binary') - Is a variable name equal to an LP file format keyword?
Warning: Duplicate section found (read 'binary') - Is a variable name equal to an LP file format keyword?
Warning: Duplicate section found (read 'binary') - Is a variable name equal to an LP file format keyword?
Warning: Duplicate section found (read 'binary') - Is a variable name equal to an LP file format keyword?
Warning: Duplicate section found (read 'binary') - Is a variable name equal to an LP file format keyword?
Warning: Further warnings of this type will be omitted.
Read LP format model from file /root/bgw/data/uploads/2026_03_23_13_42_20_set_exp_2_exp_2_n029_c005_g002_max.lp
Reading time = 0.02 seconds
: 8086 rows, 601 columns, 24273 nonzeros

Using Gurobi shared library /opt/gurobi1301/linux64/lib/libgurobi.so.13.0.1

CPU model: AMD EPYC-Genoa Processor, instruction set [SSE2|AVX|AVX2|AVX512]
Thread count: 16 physical cores, 16 logical processors, using up to 16 threads

Academic license 2792458 - for non-commercial use only - registered to an___@studenti.unipg.it
Optimize a model with 8086 rows, 601 columns and 24273 nonzeros (Max)
Model fingerprint: 0x4abfa812
Model has 5 linear objective coefficients
Variable types: 34 continuous, 567 integer (567 binary)
Coefficient statistics:
  Matrix range     [1e+00, 3e+01]
  Objective range  [1e+00, 1e+00]
  Bounds range     [1e+00, 1e+00]
  RHS range        [1e+00, 3e+01]

Found heuristic solution: objective 5.0000000
Presolve removed 739 rows and 170 columns
Presolve time: 0.04s
Presolved: 7347 rows, 431 columns, 22327 nonzeros
Variable types: 0 continuous, 431 integer (420 binary)
Found heuristic solution: objective 7.0000000

Root relaxation: objective 2.000000e+01, 254 iterations, 0.02 seconds (0.02 work units)

    Nodes    |    Current Node    |     Objective Bounds      |     Work
 Expl Unexpl |  Obj  Depth IntInf | Incumbent    BestBd   Gap | It/Node Time

     0     0   20.00000    0   41    7.00000   20.00000   186%     -    0s
H    0     0                       8.0000000   20.00000   150%     -    0s
H    0     0                      12.0000000   20.00000  66.7%     -    0s
H    0     0                      13.0000000   20.00000  53.8%     -    0s
H    0     0                      14.0000000   20.00000  42.9%     -    0s
     0     0   20.00000    0   41   14.00000   20.00000  42.9%     -    0s
     0     0   20.00000    0   36   14.00000   20.00000  42.9%     -    0s
     0     0   20.00000    0   32   14.00000   20.00000  42.9%     -    0s
     0     0   20.00000    0   32   14.00000   20.00000  42.9%     -    0s
     0     0   20.00000    0   31   14.00000   20.00000  42.9%     -    0s
     0     0   20.00000    0   32   14.00000   20.00000  42.9%     -    0s
     0     0   20.00000    0   32   14.00000   20.00000  42.9%     -    0s
     0     0   19.00000    0   35   14.00000   19.00000  35.7%     -    0s
     0     0   19.00000    0   34   14.00000   19.00000  35.7%     -    0s
     0     0   19.00000    0   34   14.00000   19.00000  35.7%     -    0s
     0     0   19.00000    0   29   14.00000   19.00000  35.7%     -    0s
     0     0   19.00000    0   33   14.00000   19.00000  35.7%     -    0s
     0     0   19.00000    0   36   14.00000   19.00000  35.7%     -    0s
     0     0   19.00000    0   31   14.00000   19.00000  35.7%     -    0s
     0     0   19.00000    0   31   14.00000   19.00000  35.7%     -    0s
     0     0   19.00000    0   31   14.00000   19.00000  35.7%     -    0s
     0     2   19.00000    0   31   14.00000   19.00000  35.7%     -    0s

Cutting planes:
  Cover: 7
  Inf proof: 40

Explored 2419 nodes (299537 simplex iterations) in 2.94 seconds (5.26 work units)
Thread count was 16 (of 16 available processors)

Solution count 6: 14 13 12 ... 5

Optimal solution found (tolerance 1.00e-04)
Best objective 1.400000000000e+01, best bound 1.400000000000e+01, gap 0.0000%

Wrote result file '/root/bgw/data/results/2026_03_23_13_42_20_set_exp_2_exp_2_n029_c005_g002_max.sol'

