[2026-03-24T00:34:06.215Z] Pipeline "set_set_set_s007_g007" → 2026_03_24_00_34_06_set_set_set_s007_g007_max.sol
Set parameter WLSAccessID
Set parameter WLSSecret
Set parameter LicenseID to value 2792458
Set parameter LogFile to value "gurobi.log"
Using license file /root/gurobi.lic
Academic license 2792458 - for non-commercial use only - registered to an___@studenti.unipg.it

Gurobi Optimizer version 13.0.1 build v13.0.1rc0 (linux64 - "Ubuntu 24.04.4 LTS")
Copyright (c) 2026, Gurobi Optimization, LLC

Warning: Duplicate section found (read 'binary') - Is a variable name equal to an LP file format keyword?
Warning: Duplicate section found (read 'binary') - Is a variable name equal to an LP file format keyword?
Warning: Duplicate section found (read 'binary') - Is a variable name equal to an LP file format keyword?
Warning: Duplicate section found (read 'binary') - Is a variable name equal to an LP file format keyword?
Warning: Duplicate section found (read 'binary') - Is a variable name equal to an LP file format keyword?
Warning: Duplicate section found (read 'binary') - Is a variable name equal to an LP file format keyword?
Warning: Duplicate section found (read 'binary') - Is a variable name equal to an LP file format keyword?
Warning: Duplicate section found (read 'binary') - Is a variable name equal to an LP file format keyword?
Warning: Duplicate section found (read 'binary') - Is a variable name equal to an LP file format keyword?
Warning: Duplicate section found (read 'binary') - Is a variable name equal to an LP file format keyword?
Warning: Further warnings of this type will be omitted.
Read LP format model from file /root/bgw/data/uploads/2026_03_24_00_34_06_set_set_set_s007_g007_max.lp
Reading time = 0.00 seconds
: 851 rows, 149 columns, 2309 nonzeros

Using Gurobi shared library /opt/gurobi1301/linux64/lib/libgurobi.so.13.0.1

CPU model: AMD EPYC-Genoa Processor, instruction set [SSE2|AVX|AVX2|AVX512]
Thread count: 16 physical cores, 16 logical processors, using up to 16 threads

Academic license 2792458 - for non-commercial use only - registered to an___@studenti.unipg.it
Optimize a model with 851 rows, 149 columns and 2309 nonzeros (Max)
Model fingerprint: 0x189f1d42
Model has 19 linear objective coefficients
Variable types: 31 continuous, 118 integer (118 binary)
Coefficient statistics:
  Matrix range     [1e+00, 1e+01]
  Objective range  [1e+00, 1e+00]
  Bounds range     [1e+00, 1e+00]
  RHS range        [1e+00, 1e+01]

Found heuristic solution: objective 19.0000000
Presolve removed 352 rows and 48 columns
Presolve time: 0.00s
Presolved: 499 rows, 101 columns, 1596 nonzeros
Variable types: 0 continuous, 101 integer (90 binary)
Found heuristic solution: objective 25.0000000

Root relaxation: objective 8.500000e+01, 125 iterations, 0.00 seconds (0.00 work units)

    Nodes    |    Current Node    |     Objective Bounds      |     Work
 Expl Unexpl |  Obj  Depth IntInf | Incumbent    BestBd   Gap | It/Node Time

     0     0   85.00000    0   61   25.00000   85.00000   240%     -    0s
H    0     0                      27.0000000   85.00000   215%     -    0s
H    0     0                      38.0000000   85.00000   124%     -    0s
H    0     0                      40.0000000   85.00000   112%     -    0s
H    0     0                      41.0000000   85.00000   107%     -    0s
H    0     0                      43.0000000   85.00000  97.7%     -    0s
     0     0   85.00000    0   62   43.00000   85.00000  97.7%     -    0s
     0     0   85.00000    0   61   43.00000   85.00000  97.7%     -    0s
     0     0   85.00000    0   61   43.00000   85.00000  97.7%     -    0s
     0     0   85.00000    0   61   43.00000   85.00000  97.7%     -    0s
H    0     0                      45.0000000   85.00000  88.9%     -    0s
     0     0   85.00000    0   61   45.00000   85.00000  88.9%     -    0s
     0     0   85.00000    0   61   45.00000   85.00000  88.9%     -    0s
     0     0   85.00000    0   61   45.00000   85.00000  88.9%     -    0s
     0     0   85.00000    0   61   45.00000   85.00000  88.9%     -    0s
     0     0   85.00000    0   61   45.00000   85.00000  88.9%     -    0s
     0     0   85.00000    0   61   45.00000   85.00000  88.9%     -    0s
     0     0   85.00000    0   61   45.00000   85.00000  88.9%     -    0s
     0     0   85.00000    0   61   45.00000   85.00000  88.9%     -    0s
     0     0   85.00000    0   61   45.00000   85.00000  88.9%     -    0s
H    0     0                      47.0000000   85.00000  80.9%     -    0s
     0     2   85.00000    0   49   47.00000   85.00000  80.9%     -    0s
H   60   110                      48.0000000   85.00000  77.1%  48.7    0s
H 3037  1490                      50.0000000   80.20000  60.4%  24.6    0s
 91149   350   53.44667   38   38   50.00000   53.90000  7.80%  21.2    5s

Cutting planes:
  Gomory: 1
  Inf proof: 2

Explored 92924 nodes (1965741 simplex iterations) in 5.07 seconds (6.98 work units)
Thread count was 16 (of 16 available processors)

Solution count 10: 50 48 47 ... 25

Optimal solution found (tolerance 1.00e-04)
Best objective 5.000000000000e+01, best bound 5.000000000000e+01, gap 0.0000%

Wrote result file '/root/bgw/data/results/2026_03_24_00_34_06_set_set_set_s007_g007_max.sol'

