[2026-03-24T19:41:55.768Z] Pipeline "set_vm-3-t3_vm-3-t3_s011_g001" → 2026_03_24_19_41_55_set_vm-3-t3_vm-3-t3_s011_g001_max.sol
Set parameter Username
Set parameter LicenseID to value 2796068
Set parameter LogFile to value "gurobi.log"
Using license file /opt/gurobi/gurobi.lic
Academic license - for non-commercial use only - expires 2027-03-23

Gurobi Optimizer version 13.0.1 build v13.0.1rc0 (linux64 - "Ubuntu 24.04.4 LTS")
Copyright (c) 2026, Gurobi Optimization, LLC

Warning: Duplicate section found (read 'binary') - Is a variable name equal to an LP file format keyword?
Warning: Duplicate section found (read 'binary') - Is a variable name equal to an LP file format keyword?
Warning: Duplicate section found (read 'binary') - Is a variable name equal to an LP file format keyword?
Warning: Duplicate section found (read 'binary') - Is a variable name equal to an LP file format keyword?
Warning: Duplicate section found (read 'binary') - Is a variable name equal to an LP file format keyword?
Warning: Duplicate section found (read 'binary') - Is a variable name equal to an LP file format keyword?
Warning: Duplicate section found (read 'binary') - Is a variable name equal to an LP file format keyword?
Warning: Duplicate section found (read 'binary') - Is a variable name equal to an LP file format keyword?
Warning: Duplicate section found (read 'binary') - Is a variable name equal to an LP file format keyword?
Warning: Duplicate section found (read 'binary') - Is a variable name equal to an LP file format keyword?
Warning: Further warnings of this type will be omitted.
Read LP format model from file /root/bgw/data/uploads/2026_03_24_19_41_55_set_vm-3-t3_vm-3-t3_s011_g001_max.lp
Reading time = 0.00 seconds
: 3570 rows, 394 columns, 10567 nonzeros

Using Gurobi shared library /opt/gurobi1301/linux64/lib/libgurobi.so.13.0.1

CPU model: AMD EPYC-Genoa Processor, instruction set [SSE2|AVX|AVX2|AVX512]
Thread count: 16 physical cores, 16 logical processors, using up to 16 threads

Optimize a model with 3570 rows, 394 columns and 10567 nonzeros (Max)
Model fingerprint: 0x6c40b643
Model has 85 linear objective coefficients
Variable types: 106 continuous, 288 integer (288 binary)
Coefficient statistics:
  Matrix range     [1e+00, 2e+01]
  Objective range  [1e+00, 1e+00]
  Bounds range     [1e+00, 1e+00]
  RHS range        [1e+00, 2e+01]

Found heuristic solution: objective 85.0000000
Presolve removed 837 rows and 142 columns
Presolve time: 0.01s
Presolved: 2733 rows, 252 columns, 8397 nonzeros
Variable types: 0 continuous, 252 integer (241 binary)
Found heuristic solution: objective 146.0000000

Root relaxation: objective 5.380000e+02, 250 iterations, 0.01 seconds (0.01 work units)

    Nodes    |    Current Node    |     Objective Bounds      |     Work
 Expl Unexpl |  Obj  Depth IntInf | Incumbent    BestBd   Gap | It/Node Time

     0     0  538.00000    0   61  146.00000  538.00000   268%     -    0s
H    0     0                     159.0000000  538.00000   238%     -    0s
H    0     0                     191.0000000  538.00000   182%     -    0s
H    0     0                     206.0000000  538.00000   161%     -    0s
H    0     0                     221.0000000  538.00000   143%     -    0s
     0     0  538.00000    0   65  221.00000  538.00000   143%     -    0s
     0     0  538.00000    0   63  221.00000  538.00000   143%     -    0s
     0     0  538.00000    0   65  221.00000  538.00000   143%     -    0s
     0     0  538.00000    0   65  221.00000  538.00000   143%     -    0s
     0     0  538.00000    0   65  221.00000  538.00000   143%     -    0s
     0     0  538.00000    0   69  221.00000  538.00000   143%     -    0s
     0     0  538.00000    0   43  221.00000  538.00000   143%     -    0s
     0     0  538.00000    0   44  221.00000  538.00000   143%     -    0s
     0     0  538.00000    0   44  221.00000  538.00000   143%     -    0s
     0     0  538.00000    0   41  221.00000  538.00000   143%     -    0s
     0     0  538.00000    0   41  221.00000  538.00000   143%     -    0s
     0     0  537.21053    0   54  221.00000  537.21053   143%     -    0s
     0     0  537.21053    0   47  221.00000  537.21053   143%     -    0s
H    0     0                     222.0000000  537.21053   142%     -    0s
     0     0  523.00000    0   60  222.00000  523.00000   136%     -    0s
     0     0  523.00000    0   47  222.00000  523.00000   136%     -    0s
     0     0  523.00000    0   47  222.00000  523.00000   136%     -    0s
     0     0  523.00000    0   44  222.00000  523.00000   136%     -    0s
     0     2  523.00000    0   44  222.00000  523.00000   136%     -    0s
H  173   144                     237.0000000  523.00000   121%  69.8    0s
  9739  3027 infeasible   44       237.00000  436.63158  84.2%  72.8    5s
 32846 10332 infeasible   35       237.00000  384.64912  62.3%  69.4   10s
 52772 14661  340.78947   33   69  237.00000  364.21053  53.7%  69.0   15s
 70462 18787  266.50877   38   62  237.00000  353.42256  49.1%  70.1   20s
 94657 23137     cutoff   42       237.00000  340.63910  43.7%  71.3   25s
 118635 25717  266.89693   44   79  237.00000  327.83271  38.3%  71.7   30s
 138799 27662  310.41447   39   46  237.00000  324.89474  37.1%  73.3   35s
 162560 28647  298.81579   37   51  237.00000  313.47368  32.3%  73.4   40s
 182768 29744  294.51754   35   71  237.00000  311.37594  31.4%  75.3   45s
 200911 28398  281.31579   37   67  237.00000  308.57895  30.2%  75.5   50s
 221695 28160 infeasible   36       237.00000  298.92982  26.1%  75.8   55s
 240709 27962  281.58333   40   43  237.00000  297.25796  25.4%  77.0   60s
 261064 25252 infeasible   39       237.00000  294.76316  24.4%  77.6   65s
 276730 22433  268.78543   40   58  237.00000  285.78947  20.6%  77.6   70s
 295962 21167  282.15789   34  114  237.00000  283.42982  19.6%  78.4   75s
 313472 18493     cutoff   43       237.00000  282.00000  19.0%  79.3   80s
 332800 13664 infeasible   40       237.00000  276.21053  16.5%  79.4   85s
 351498 10753 infeasible   44       237.00000  268.81579  13.4%  80.4   90s
 369342  5514 infeasible   39       237.00000  258.67544  9.15%  81.1   95s

Cutting planes:
  Inf proof: 2

Explored 382325 nodes (31164066 simplex iterations) in 98.34 seconds (202.47 work units)
Thread count was 16 (of 16 available processors)

Solution count 10: 237 237 237 ... 146

Optimal solution found (tolerance 1.00e-04)
Best objective 2.370000000000e+02, best bound 2.370000000000e+02, gap 0.0000%

Wrote result file '/root/bgw/data/results/2026_03_24_19_41_55_set_vm-3-t3_vm-3-t3_s011_g001_max.sol'

