[2026-03-23T13:53:34.750Z] Pipeline "set_exp_2_exp_2_n032_c008_g003" → 2026_03_23_13_53_34_set_exp_2_exp_2_n032_c008_g003_max.sol
Set parameter WLSAccessID
Set parameter WLSSecret
Set parameter LicenseID to value 2792458
Set parameter LogFile to value "gurobi.log"
Using license file /root/gurobi.lic
Academic license 2792458 - for non-commercial use only - registered to an___@studenti.unipg.it

Gurobi Optimizer version 13.0.1 build v13.0.1rc0 (linux64 - "Ubuntu 24.04.4 LTS")
Copyright (c) 2026, Gurobi Optimization, LLC

Warning: Duplicate section found (read 'binary') - Is a variable name equal to an LP file format keyword?
Warning: Duplicate section found (read 'binary') - Is a variable name equal to an LP file format keyword?
Warning: Duplicate section found (read 'binary') - Is a variable name equal to an LP file format keyword?
Warning: Duplicate section found (read 'binary') - Is a variable name equal to an LP file format keyword?
Warning: Duplicate section found (read 'binary') - Is a variable name equal to an LP file format keyword?
Warning: Duplicate section found (read 'binary') - Is a variable name equal to an LP file format keyword?
Warning: Duplicate section found (read 'binary') - Is a variable name equal to an LP file format keyword?
Warning: Duplicate section found (read 'binary') - Is a variable name equal to an LP file format keyword?
Warning: Duplicate section found (read 'binary') - Is a variable name equal to an LP file format keyword?
Warning: Duplicate section found (read 'binary') - Is a variable name equal to an LP file format keyword?
Warning: Further warnings of this type will be omitted.
Read LP format model from file /root/bgw/data/uploads/2026_03_23_13_53_34_set_exp_2_exp_2_n032_c008_g003_max.lp
Reading time = 0.01 seconds
: 10816 rows, 724 columns, 32528 nonzeros

Using Gurobi shared library /opt/gurobi1301/linux64/lib/libgurobi.so.13.0.1

CPU model: AMD EPYC-Genoa Processor, instruction set [SSE2|AVX|AVX2|AVX512]
Thread count: 16 physical cores, 16 logical processors, using up to 16 threads

Academic license 2792458 - for non-commercial use only - registered to an___@studenti.unipg.it
Optimize a model with 10816 rows, 724 columns and 32528 nonzeros (Max)
Model fingerprint: 0x906d4683
Model has 8 linear objective coefficients
Variable types: 40 continuous, 684 integer (684 binary)
Coefficient statistics:
  Matrix range     [1e+00, 3e+01]
  Objective range  [1e+00, 1e+00]
  Bounds range     [1e+00, 1e+00]
  RHS range        [1e+00, 3e+01]

Found heuristic solution: objective 8.0000000
Presolve removed 837 rows and 191 columns
Presolve time: 0.05s
Presolved: 9979 rows, 533 columns, 30372 nonzeros
Variable types: 0 continuous, 533 integer (518 binary)
Found heuristic solution: objective 9.0000000

Root relaxation: objective 3.200000e+01, 1661 iterations, 0.24 seconds (0.25 work units)

    Nodes    |    Current Node    |     Objective Bounds      |     Work
 Expl Unexpl |  Obj  Depth IntInf | Incumbent    BestBd   Gap | It/Node Time

     0     0   32.00000    0   91    9.00000   32.00000   256%     -    0s
H    0     0                      15.0000000   32.00000   113%     -    0s
H    0     0                      16.0000000   32.00000   100%     -    0s
H    0     0                      17.0000000   32.00000  88.2%     -    0s
H    0     0                      19.0000000   32.00000  68.4%     -    0s
H    0     0                      20.0000000   32.00000  60.0%     -    0s
     0     0   32.00000    0  101   20.00000   32.00000  60.0%     -    0s
     0     0   32.00000    0  101   20.00000   32.00000  60.0%     -    0s
H    0     0                      21.0000000   32.00000  52.4%     -    0s
     0     0   32.00000    0   95   21.00000   32.00000  52.4%     -    0s
     0     0   32.00000    0   73   21.00000   32.00000  52.4%     -    0s
H    0     0                      22.0000000   32.00000  45.5%     -    0s
     0     0   32.00000    0   72   22.00000   32.00000  45.5%     -    1s
     0     0   32.00000    0   72   22.00000   32.00000  45.5%     -    1s
     0     0   32.00000    0   69   22.00000   32.00000  45.5%     -    1s
H    0     0                      23.0000000   32.00000  39.1%     -    1s
     0     0   32.00000    0   76   23.00000   32.00000  39.1%     -    1s
     0     0   32.00000    0   76   23.00000   32.00000  39.1%     -    1s
     0     0   32.00000    0   78   23.00000   32.00000  39.1%     -    1s
     0     0   32.00000    0   78   23.00000   32.00000  39.1%     -    1s
     0     0   32.00000    0   80   23.00000   32.00000  39.1%     -    1s
     0     0   32.00000    0   74   23.00000   32.00000  39.1%     -    1s
     0     0   32.00000    0   72   23.00000   32.00000  39.1%     -    2s
     0     0   32.00000    0   76   23.00000   32.00000  39.1%     -    2s
     0     0   32.00000    0   74   23.00000   32.00000  39.1%     -    2s
     0     0   32.00000    0   74   23.00000   32.00000  39.1%     -    2s
     0     0   32.00000    0   56   23.00000   32.00000  39.1%     -    2s
     0     2   32.00000    0   56   23.00000   32.00000  39.1%     -    2s
   449   301   27.84762   12   74   23.00000   32.00000  39.1%   267    5s
  2060   892   26.00000   18   74   23.00000   31.70000  37.8%   241   10s
  3777  1468   25.98333   16  111   23.00000   30.88333  34.3%   289   15s
  4443  1684   25.86667   34   18   23.00000   30.86731  34.2%   300   20s
  5728  1769   28.91111   26  117   23.00000   30.86731  34.2%   297   25s
  7672  1669   26.93333   29   54   23.00000   29.72786  29.3%   293   30s
  9909  1773 infeasible   30        23.00000   28.90000  25.7%   298   35s
 11920  2138 infeasible   27        23.00000   28.00000  21.7%   299   40s
 14025  2537   26.93333   29   47   23.00000   27.98667  21.7%   300   45s
 16100  2509   25.95000   31  143   23.00000   27.88095  21.2%   302   50s
 18783  2505 infeasible   29        23.00000   27.00000  17.4%   302   55s
 21600  2453   25.00000   30   77   23.00000   27.00000  17.4%   305   60s
 24883  2260 infeasible   33        23.00000   27.00000  17.4%   307   65s
 28892  1473 infeasible   33        23.00000   26.00000  13.0%   305   71s
 32151     0 infeasible   31        23.00000   25.00000  8.70%   304   75s

Cutting planes:
  Cover: 1
  Inf proof: 7

Explored 33062 nodes (9996543 simplex iterations) in 75.71 seconds (170.51 work units)
Thread count was 16 (of 16 available processors)

Solution count 10: 23 23 23 ... 16

Optimal solution found (tolerance 1.00e-04)
Best objective 2.300000000000e+01, best bound 2.300000000000e+01, gap 0.0000%

Wrote result file '/root/bgw/data/results/2026_03_23_13_53_34_set_exp_2_exp_2_n032_c008_g003_max.sol'

