[2026-03-24T14:37:29.981Z] Pipeline "set_vm-3-t1_vm-3-t1_s019_g002" → 2026_03_24_14_37_29_set_vm-3-t1_vm-3-t1_s019_g002_max.sol
Set parameter Username
Set parameter LicenseID to value 2796068
Set parameter LogFile to value "gurobi.log"
Using license file /opt/gurobi/gurobi.lic
Academic license - for non-commercial use only - expires 2027-03-23

Gurobi Optimizer version 13.0.1 build v13.0.1rc0 (linux64 - "Ubuntu 24.04.4 LTS")
Copyright (c) 2026, Gurobi Optimization, LLC

Warning: Duplicate section found (read 'binary') - Is a variable name equal to an LP file format keyword?
Warning: Duplicate section found (read 'binary') - Is a variable name equal to an LP file format keyword?
Warning: Duplicate section found (read 'binary') - Is a variable name equal to an LP file format keyword?
Warning: Duplicate section found (read 'binary') - Is a variable name equal to an LP file format keyword?
Warning: Duplicate section found (read 'binary') - Is a variable name equal to an LP file format keyword?
Warning: Duplicate section found (read 'binary') - Is a variable name equal to an LP file format keyword?
Warning: Duplicate section found (read 'binary') - Is a variable name equal to an LP file format keyword?
Warning: Duplicate section found (read 'binary') - Is a variable name equal to an LP file format keyword?
Warning: Duplicate section found (read 'binary') - Is a variable name equal to an LP file format keyword?
Warning: Duplicate section found (read 'binary') - Is a variable name equal to an LP file format keyword?
Warning: Further warnings of this type will be omitted.
Read LP format model from file /root/bgw/data/uploads/2026_03_24_14_37_29_set_vm-3-t1_vm-3-t1_s019_g002_max.lp
Reading time = 0.01 seconds
: 8120 rows, 587 columns, 24456 nonzeros

Using Gurobi shared library /opt/gurobi1301/linux64/lib/libgurobi.so.13.0.1

CPU model: AMD EPYC-Genoa Processor, instruction set [SSE2|AVX|AVX2|AVX512]
Thread count: 16 physical cores, 16 logical processors, using up to 16 threads

Optimize a model with 8120 rows, 587 columns and 24456 nonzeros (Max)
Model fingerprint: 0x5fb8908f
Model has 39 linear objective coefficients
Variable types: 68 continuous, 519 integer (519 binary)
Coefficient statistics:
  Matrix range     [1e+00, 3e+01]
  Objective range  [1e+00, 1e+00]
  Bounds range     [1e+00, 1e+00]
  RHS range        [1e+00, 3e+01]

Found heuristic solution: objective 39.0000000
Presolve removed 741 rows and 139 columns
Presolve time: 0.02s
Presolved: 7379 rows, 448 columns, 22475 nonzeros
Variable types: 0 continuous, 448 integer (435 binary)
Found heuristic solution: objective 49.0000000

Root relaxation: objective 2.030000e+02, 854 iterations, 0.08 seconds (0.11 work units)

    Nodes    |    Current Node    |     Objective Bounds      |     Work
 Expl Unexpl |  Obj  Depth IntInf | Incumbent    BestBd   Gap | It/Node Time

     0     0  203.00000    0  101   49.00000  203.00000   314%     -    0s
H    0     0                      63.0000000  203.00000   222%     -    0s
H    0     0                      78.0000000  203.00000   160%     -    0s
H    0     0                      81.0000000  203.00000   151%     -    0s
     0     0  203.00000    0  102   81.00000  203.00000   151%     -    0s
     0     0  203.00000    0  102   81.00000  203.00000   151%     -    0s
H    0     0                      82.0000000  203.00000   148%     -    0s
H    0     0                      83.0000000  203.00000   145%     -    0s
     0     0  203.00000    0  103   83.00000  203.00000   145%     -    0s
     0     0  203.00000    0   82   83.00000  203.00000   145%     -    0s
H    0     0                      89.0000000  203.00000   128%     -    0s
H    0     0                      92.0000000  203.00000   121%     -    0s
H    0     0                      95.0000000  203.00000   114%     -    0s
H    0     0                      97.0000000  203.00000   109%     -    0s
H    0     0                      99.0000000  203.00000   105%     -    0s
     0     0  203.00000    0   95   99.00000  203.00000   105%     -    0s
     0     0  203.00000    0   88   99.00000  203.00000   105%     -    0s
H    0     0                     104.0000000  203.00000  95.2%     -    0s
     0     0  203.00000    0   88  104.00000  203.00000  95.2%     -    1s
     0     0  203.00000    0   83  104.00000  203.00000  95.2%     -    1s
     0     0  203.00000    0   82  104.00000  203.00000  95.2%     -    1s
     0     0  203.00000    0   81  104.00000  203.00000  95.2%     -    1s
     0     0  203.00000    0   81  104.00000  203.00000  95.2%     -    1s
     0     0  203.00000    0   81  104.00000  203.00000  95.2%     -    1s
     0     0  203.00000    0   81  104.00000  203.00000  95.2%     -    1s
     0     0  203.00000    0   81  104.00000  203.00000  95.2%     -    1s
     0     0  203.00000    0   81  104.00000  203.00000  95.2%     -    1s
     0     0  203.00000    0   81  104.00000  203.00000  95.2%     -    1s
     0     2  203.00000    0   81  104.00000  203.00000  95.2%     -    1s
   663   521  195.74074    6   80  104.00000  203.00000  95.2%   203    5s
  3292  1773  169.51852   15   81  104.00000  201.37037  93.6%   187   10s
  4366  2016  105.74074   43   52  104.00000  201.37037  93.6%   192   15s
  7565  2216  143.09259   33   88  104.00000  185.48148  78.3%   187   20s
H 7581  2120                     105.0000000  185.48148  76.6%   187   20s
H12421  3579                     106.0000000  174.39506  64.5%   190   24s
 12462  3746  138.60847   32   92  106.00000  174.39506  64.5%   190   25s
 18384  5732  114.98148   35  128  106.00000  167.18519  57.7%   185   30s
 20703  6154  146.22222   32   93  106.00000  164.85185  55.5%   184   35s
 22573  6617  164.85185   40   88  106.00000  164.85185  55.5%   184   40s
 25818  7030  164.85185   37   85  106.00000  164.85185  55.5%   185   45s
 28806  7389  133.00000   47   75  106.00000  164.85185  55.5%   186   50s
 33762  8134 infeasible   58       106.00000  164.85185  55.5%   188   55s
 39153  8504  145.44444   47   54  106.00000  164.85185  55.5%   187   60s
 46033 10898  164.85185   40  101  106.00000  164.85185  55.5%   185   65s
 51457 13049 infeasible   53       106.00000  164.85185  55.5%   186   70s
 58584 15519  145.34259   47   63  106.00000  164.85185  55.5%   184   76s
 61581 16627  135.77778   44  139  106.00000  164.85185  55.5%   184   83s
 65235 17435  112.13148   52   64  106.00000  164.85185  55.5%   183   85s
 70991 19407     cutoff   47       106.00000  164.85185  55.5%   184   90s
 77323 21366  110.62963   48   60  106.00000  164.85185  55.5%   184   95s
 81912 22736  143.16049   45   89  106.00000  164.85185  55.5%   185  100s
 88352 24486  131.41065   50   65  106.00000  164.85185  55.5%   186  105s
 93501 25646  143.87654   42   83  106.00000  164.85185  55.5%   186  110s
 99773 27376  155.55556   44   50  106.00000  164.85185  55.5%   187  116s
 104801 28582     cutoff   49       106.00000  164.85185  55.5%   187  120s
 111490 29926  144.00529   48   88  106.00000  164.85185  55.5%   187  125s
 117664 31259     cutoff   52       106.00000  164.22222  54.9%   187  130s
 122232 32302  125.38349   49  139  106.00000  163.44444  54.2%   188  135s
 128786 33462     cutoff   49       106.00000  162.16667  53.0%   188  140s
 133447 34534  146.38066   48  102  106.00000  161.14815  52.0%   188  145s
 138651 35766  132.64815   50  103  106.00000  160.46914  51.4%   189  151s
 143259 36985  148.90741   42   81  106.00000  159.88889  50.8%   190  156s
 148556 38014  131.28241   51  111  106.00000  159.25231  50.2%   190  160s
 154700 39115 infeasible   51       106.00000  158.24074  49.3%   190  165s
 159104 39837  113.95926   54  150  106.00000  157.50926  48.6%   190  170s
 165545 40869  121.70370   53  132  106.00000  156.70370  47.8%   190  175s
 172435 41757  137.91005   50   85  106.00000  155.55247  46.7%   190  181s
 177631 42362 infeasible   53       106.00000  154.57407  45.8%   190  185s
 183957 43575  111.66667   51   69  106.00000  153.50617  44.8%   191  191s
 189004 44471 infeasible   52       106.00000  153.06173  44.4%   191  195s
 195397 45492  130.61481   48   89  106.00000  152.49817  43.9%   191  200s
 200590 46214  111.46296   47   79  106.00000  151.94444  43.3%   191  205s
 207103 47052 infeasible   51       106.00000  151.38272  42.8%   191  210s
 212385 47648     cutoff   59       106.00000  150.77778  42.2%   191  215s
 218584 48348     cutoff   54       106.00000  150.07407  41.6%   191  220s
 222885 48885  129.81599   49   61  106.00000  149.62963  41.2%   191  225s
 229628 49405  131.81481   45   60  106.00000  148.91005  40.5%   192  231s
 231493 48886     cutoff   53       106.00000  148.66420  40.2%   192  244s
 244030 49073  147.16412   48   84  106.00000  147.69231  39.3%   192  245s
 249434 49727  121.37037   51   64  106.00000  147.14815  38.8%   192  250s
 255729 50553  113.72320   49   80  106.00000  146.61111  38.3%   192  256s
 260853 51172 infeasible   48       106.00000  146.26667  38.0%   192  260s
 267485 51875     cutoff   50       106.00000  145.86574  37.6%   192  266s
 272374 52269  113.77778   51   51  106.00000  145.57407  37.3%   192  270s
 276881 52685     cutoff   50       106.00000  145.27513  37.1%   192  275s
 283663 53105  110.28241   50  144  106.00000  144.74897  36.6%   192  280s
 290460 53441  123.74074   50   71  106.00000  144.25926  36.1%   192  285s
 296856 53953  143.37037   47   50  106.00000  143.83704  35.7%   192  291s
 301512 54195  125.00412   48   71  106.00000  143.48148  35.4%   193  295s
 307444 54457 infeasible   46       106.00000  143.00000  34.9%   193  300s
 314340 54548  125.27778   49   89  106.00000  142.50000  34.4%   193  306s
 319029 54481 infeasible   53       106.00000  142.11753  34.1%   193  310s
 323695 54484  119.37037   54   85  106.00000  141.70370  33.7%   193  315s
 329614 54461  120.91111   54   48  106.00000  141.16296  33.2%   193  320s
 336532 54481  121.73611   47  121  106.00000  140.43519  32.5%   194  326s
 341546 54605 infeasible   49       106.00000  139.98148  32.1%   194  330s
 348242 54969  118.59860   53   85  106.00000  139.59259  31.7%   194  336s
 353156 55082     cutoff   49       106.00000  139.30370  31.4%   194  340s
 357771 55078     cutoff   53       106.00000  139.05926  31.2%   194  345s
 362456 55206  123.67549   46   66  106.00000  138.87407  31.0%   194  351s
 367910 55189  124.88889   56   49  106.00000  138.62963  30.8%   194  355s
 373076 55141  107.59259   51    6  106.00000  138.31852  30.5%   194  360s
 377454 54992  116.08148   49   23  106.00000  138.11111  30.3%   195  365s
 384754 54741  133.67466   48  106  106.00000  137.70370  29.9%   194  371s
 390124 54558  116.55556   53  126  106.00000  137.39506  29.6%   194  375s
 396935 54515  129.50617   50  112  106.00000  136.96296  29.2%   194  380s
 401708 54386     cutoff   54       106.00000  136.74074  29.0%   194  385s
 407649 54198  122.38272   53   66  106.00000  136.39407  28.7%   195  391s
 412720 54015 infeasible   49       106.00000  136.08519  28.4%   195  395s
 417476 53819  121.48148   47   34  106.00000  135.82222  28.1%   195  400s
 422057 53624 infeasible   45       106.00000  135.54321  27.9%   195  405s
 427096 53136  110.96296   50   53  106.00000  135.18519  27.5%   195  410s
 432208 52727     cutoff   50       106.00000  134.88272  27.2%   195  415s
 439055 51979     cutoff   50       106.00000  134.29630  26.7%   195  421s
 443151 51581 infeasible   52       106.00000  133.92593  26.3%   195  425s
 448152 51179  116.22222   57   64  106.00000  133.48148  25.9%   195  430s
 454891 51052     cutoff   50       106.00000  133.00000  25.5%   196  436s
 459642 50983 infeasible   56       106.00000  132.79630  25.3%   196  440s
 464353 50788  112.58025   52   74  106.00000  132.59259  25.1%   196  445s
 469049 50485  119.67612   50   70  106.00000  132.40741  24.9%   196  450s
 474605 49987  125.07407   47   65  106.00000  132.14497  24.7%   196  455s
 479287 49701  114.35463   54   76  106.00000  131.96296  24.5%   196  461s
 483980 49284  123.53315   49   59  106.00000  131.76580  24.3%   197  466s
 488759 49013  124.66667   47   68  106.00000  131.55556  24.1%   197  470s
 494197 48558     cutoff   49       106.00000  131.35185  23.9%   197  475s
 499842 47941 infeasible   56       106.00000  131.11111  23.7%   197  480s
 504857 47338  117.83333   50   70  106.00000  130.88889  23.5%   197  485s
 511362 46649  115.34921   51   76  106.00000  130.56777  23.2%   197  490s
 516397 45911  116.14352   49   91  106.00000  130.30159  22.9%   197  495s
 523021 45306  122.46091   49   89  106.00000  129.90370  22.6%   197  500s
 527446 44955  122.77778   50   87  106.00000  129.67620  22.3%   197  505s
 534014 44231  114.55556   49   41  106.00000  129.33626  22.0%   197  511s
 538885 43536 infeasible   47       106.00000  129.09136  21.8%   197  515s
 542834 43149  114.78738   50  117  106.00000  128.88889  21.6%   198  520s
 547645 42486  114.94815   52   50  106.00000  128.58848  21.3%   198  525s
 552743 41612  113.81481   52   58  106.00000  128.28175  21.0%   198  530s
 557326 40873     cutoff   53       106.00000  128.00000  20.8%   198  535s
 562742 39968     cutoff   58       106.00000  127.60741  20.4%   198  540s
 567909 38959  121.54815   49  117  106.00000  127.07550  19.9%   198  545s
 572931 38366     cutoff   50       106.00000  126.67061  19.5%   198  550s
 579702 37490     cutoff   54       106.00000  126.07407  18.9%   198  556s
 584877 37039  111.45542   53  110  106.00000  125.90123  18.8%   198  560s
 589338 36425  110.11111   49   43  106.00000  125.68981  18.6%   199  565s
 592656 35962  108.34568   48  104  106.00000  125.59259  18.5%   199  570s
 597856 35135     cutoff   49       106.00000  125.26475  18.2%   199  575s
 603102 34462     cutoff   48       106.00000  124.98148  17.9%   199  580s
 607754 33876     cutoff   49       106.00000  124.87037  17.8%   199  585s
 612703 33103  109.41975   51   69  106.00000  124.70370  17.6%   199  590s
 617846 32232  117.05926   54   51  106.00000  124.47504  17.4%   199  595s
 622856 31237  108.88889   59   40  106.00000  124.22778  17.2%   199  600s
 628265 30549  110.68148   50   63  106.00000  124.00000  17.0%   199  605s
 633234 29598 infeasible   53       106.00000  123.74074  16.7%   199  610s
 637849 28645 infeasible   49       106.00000  123.45503  16.5%   199  615s
 644555 27476     cutoff   57       106.00000  123.00000  16.0%   199  621s
 649177 26738  116.00000   49   75  106.00000  122.75556  15.8%   199  626s
 653806 25802 infeasible   49       106.00000  122.48148  15.5%   199  631s
 657176 25062 infeasible   54       106.00000  122.25926  15.3%   199  635s
 663399 23759  115.66667   54   57  106.00000  121.80741  14.9%   200  641s
 668091 22789  117.29630   55   57  106.00000  121.46420  14.6%   200  646s
 671518 21911  107.03704   54   53  106.00000  121.14815  14.3%   200  651s
 674783 20912  117.28889   55   95  106.00000  120.81975  14.0%   200  655s
 680523 19597  119.74074   49   64  106.00000  119.96296  13.2%   200  660s
 685158 18322  118.88395   53   64  106.00000  119.36420  12.6%   200  665s
 690416 17499  115.91975   55   59  106.00000  118.83333  12.1%   200  670s
 695689 15493     cutoff   50       106.00000  118.18107  11.5%   201  676s
 700994 14198  110.46296   58   94  106.00000  117.82840  11.2%   201  681s
 705722 12316 infeasible   49       106.00000  117.33333  10.7%   201  686s
 710946 10660 infeasible   56       106.00000  116.81944  10.2%   201  690s
 715693  8794  115.22222   53   58  106.00000  115.92593  9.36%   201  695s
 720366  6366     cutoff   54       106.00000  114.92593  8.42%   201  700s
 725529  2584 infeasible   53       106.00000  112.91111  6.52%   201  705s

Explored 731130 nodes (146861413 simplex iterations) in 707.03 seconds (1851.80 work units)
Thread count was 16 (of 16 available processors)

Solution count 10: 106 105 104 ... 95

Optimal solution found (tolerance 1.00e-04)
Best objective 1.060000000000e+02, best bound 1.060000000000e+02, gap 0.0000%

Wrote result file '/root/bgw/data/results/2026_03_24_14_37_29_set_vm-3-t1_vm-3-t1_s019_g002_max.sol'

