[2026-03-23T15:46:34.684Z] Pipeline "set_exp_2_exp_2_n035_c008_g004" → 2026_03_23_15_46_34_set_exp_2_exp_2_n035_c008_g004_max.sol
Set parameter WLSAccessID
Set parameter WLSSecret
Set parameter LicenseID to value 2792458
Set parameter LogFile to value "gurobi.log"
Using license file /root/gurobi.lic
Academic license 2792458 - for non-commercial use only - registered to an___@studenti.unipg.it

Gurobi Optimizer version 13.0.1 build v13.0.1rc0 (linux64 - "Ubuntu 24.04.4 LTS")
Copyright (c) 2026, Gurobi Optimization, LLC

Warning: Duplicate section found (read 'binary') - Is a variable name equal to an LP file format keyword?
Warning: Duplicate section found (read 'binary') - Is a variable name equal to an LP file format keyword?
Warning: Duplicate section found (read 'binary') - Is a variable name equal to an LP file format keyword?
Warning: Duplicate section found (read 'binary') - Is a variable name equal to an LP file format keyword?
Warning: Duplicate section found (read 'binary') - Is a variable name equal to an LP file format keyword?
Warning: Duplicate section found (read 'binary') - Is a variable name equal to an LP file format keyword?
Warning: Duplicate section found (read 'binary') - Is a variable name equal to an LP file format keyword?
Warning: Duplicate section found (read 'binary') - Is a variable name equal to an LP file format keyword?
Warning: Duplicate section found (read 'binary') - Is a variable name equal to an LP file format keyword?
Warning: Duplicate section found (read 'binary') - Is a variable name equal to an LP file format keyword?
Warning: Further warnings of this type will be omitted.
Read LP format model from file /root/bgw/data/uploads/2026_03_23_15_46_34_set_exp_2_exp_2_n035_c008_g004_max.lp
Reading time = 0.02 seconds
: 14744 rows, 946 columns, 43801 nonzeros

Using Gurobi shared library /opt/gurobi1301/linux64/lib/libgurobi.so.13.0.1

CPU model: AMD EPYC-Genoa Processor, instruction set [SSE2|AVX|AVX2|AVX512]
Thread count: 16 physical cores, 16 logical processors, using up to 16 threads

Academic license 2792458 - for non-commercial use only - registered to an___@studenti.unipg.it
Optimize a model with 14744 rows, 946 columns and 43801 nonzeros (Max)
Model fingerprint: 0xd77f7cf4
Model has 23 linear objective coefficients
Variable types: 58 continuous, 888 integer (888 binary)
Coefficient statistics:
  Matrix range     [1e+00, 4e+01]
  Objective range  [1e+00, 1e+00]
  Bounds range     [1e+00, 1e+00]
  RHS range        [1e+00, 4e+01]

Found heuristic solution: objective 23.0000000
Presolve removed 1584 rows and 308 columns
Presolve time: 0.08s
Presolved: 13160 rows, 638 columns, 39992 nonzeros
Variable types: 0 continuous, 638 integer (622 binary)
Found heuristic solution: objective 42.0000000

Root relaxation: objective 1.140000e+02, 1711 iterations, 0.27 seconds (0.29 work units)

    Nodes    |    Current Node    |     Objective Bounds      |     Work
 Expl Unexpl |  Obj  Depth IntInf | Incumbent    BestBd   Gap | It/Node Time

     0     0  114.00000    0  102   42.00000  114.00000   171%     -    0s
H    0     0                      55.0000000  114.00000   107%     -    0s
H    0     0                      56.0000000  114.00000   104%     -    0s
     0     0  114.00000    0  111   56.00000  114.00000   104%     -    0s
     0     0  114.00000    0  109   56.00000  114.00000   104%     -    0s
H    0     0                      62.0000000  114.00000  83.9%     -    0s
     0     0  114.00000    0   92   62.00000  114.00000  83.9%     -    0s
     0     0  114.00000    0   65   62.00000  114.00000  83.9%     -    1s
H    0     0                      63.0000000  114.00000  81.0%     -    1s
     0     0  114.00000    0   65   63.00000  114.00000  81.0%     -    1s
     0     0  114.00000    0   64   63.00000  114.00000  81.0%     -    1s
     0     0  114.00000    0   65   63.00000  114.00000  81.0%     -    1s
     0     0  114.00000    0   65   63.00000  114.00000  81.0%     -    1s
     0     0  114.00000    0   69   63.00000  114.00000  81.0%     -    1s
     0     0  114.00000    0   67   63.00000  114.00000  81.0%     -    1s
     0     0  114.00000    0   74   63.00000  114.00000  81.0%     -    2s
     0     0  114.00000    0   66   63.00000  114.00000  81.0%     -    2s
     0     0  114.00000    0   81   63.00000  114.00000  81.0%     -    2s
     0     0  114.00000    0   71   63.00000  114.00000  81.0%     -    2s
     0     0  114.00000    0   71   63.00000  114.00000  81.0%     -    2s
     0     0  114.00000    0   70   63.00000  114.00000  81.0%     -    2s
     0     2  114.00000    0   69   63.00000  114.00000  81.0%     -    3s
   103   108  111.94949    8   66   63.00000  114.00000  81.0%   365    5s
   512   324   67.84848   23  173   63.00000  114.00000  81.0%   325   10s
  1111   555   80.51515   17  208   63.00000  113.93939  80.9%   313   15s
  1767   787   83.73787   14  156   63.00000  112.96970  79.3%   353   20s
  2536  1017   89.61460   16  214   63.00000  111.97980  77.7%   388   25s
  3461  1323 infeasible   22        63.00000  110.96970  76.1%   403   30s
  4211  1489   78.54289   19   70   63.00000  110.65368  75.6%   412   35s
  4494  1590   69.78788   25  100   63.00000  110.65368  75.6%   403   40s
  5342  1537   76.69697   23  164   63.00000   98.57576  56.5%   380   45s
  6771  1402 infeasible   24        63.00000   90.15152  43.1%   357   50s
  8681   968   66.00000   27   72   63.00000   79.48485  26.2%   343   55s
* 9714  1038              43      64.0000000   73.50000  14.8%   345   58s
 10246  1056   68.87879   27   61   64.00000   70.00000  9.38%   344   60s
 11849  1097 infeasible   28        64.00000   69.00000  7.81%   350   65s
 13615   909 infeasible   34        64.00000   68.90909  7.67%   354   70s
 15211   593 infeasible   27        64.00000   67.96970  6.20%   360   75s
 16579    48 infeasible   32        64.00000   67.00000  4.69%   365   80s

Cutting planes:
  Inf proof: 5

Explored 17106 nodes (6253561 simplex iterations) in 81.87 seconds (160.51 work units)
Thread count was 16 (of 16 available processors)

Solution count 10: 64 63 63 ... 23

Optimal solution found (tolerance 1.00e-04)
Best objective 6.400000000000e+01, best bound 6.400000000000e+01, gap 0.0000%

Wrote result file '/root/bgw/data/results/2026_03_23_15_46_34_set_exp_2_exp_2_n035_c008_g004_max.sol'

