[2026-03-24T16:16:12.020Z] Pipeline "set_vm-3-t1_vm-3-t1_s033_g003" → 2026_03_24_16_16_12_set_vm-3-t1_vm-3-t1_s033_g003_max.sol
Set parameter Username
Set parameter LicenseID to value 2796068
Set parameter LogFile to value "gurobi.log"
Using license file /opt/gurobi/gurobi.lic
Academic license - for non-commercial use only - expires 2027-03-23

Gurobi Optimizer version 13.0.1 build v13.0.1rc0 (linux64 - "Ubuntu 24.04.4 LTS")
Copyright (c) 2026, Gurobi Optimization, LLC

Warning: Duplicate section found (read 'binary') - Is a variable name equal to an LP file format keyword?
Warning: Duplicate section found (read 'binary') - Is a variable name equal to an LP file format keyword?
Warning: Duplicate section found (read 'binary') - Is a variable name equal to an LP file format keyword?
Warning: Duplicate section found (read 'binary') - Is a variable name equal to an LP file format keyword?
Warning: Duplicate section found (read 'binary') - Is a variable name equal to an LP file format keyword?
Warning: Duplicate section found (read 'binary') - Is a variable name equal to an LP file format keyword?
Warning: Duplicate section found (read 'binary') - Is a variable name equal to an LP file format keyword?
Warning: Duplicate section found (read 'binary') - Is a variable name equal to an LP file format keyword?
Warning: Duplicate section found (read 'binary') - Is a variable name equal to an LP file format keyword?
Warning: Duplicate section found (read 'binary') - Is a variable name equal to an LP file format keyword?
Warning: Further warnings of this type will be omitted.
Read LP format model from file /root/bgw/data/uploads/2026_03_24_16_16_12_set_vm-3-t1_vm-3-t1_s033_g003_max.lp
Reading time = 0.00 seconds
: 3458 rows, 374 columns, 10139 nonzeros

Using Gurobi shared library /opt/gurobi1301/linux64/lib/libgurobi.so.13.0.1

CPU model: AMD EPYC-Genoa Processor, instruction set [SSE2|AVX|AVX2|AVX512]
Thread count: 16 physical cores, 16 logical processors, using up to 16 threads

Optimize a model with 3458 rows, 374 columns and 10139 nonzeros (Max)
Model fingerprint: 0xa10fcc9c
Model has 49 linear objective coefficients
Variable types: 70 continuous, 304 integer (304 binary)
Coefficient statistics:
  Matrix range     [1e+00, 2e+01]
  Objective range  [1e+00, 1e+00]
  Bounds range     [1e+00, 1e+00]
  RHS range        [1e+00, 2e+01]

Found heuristic solution: objective 49.0000000
Presolve removed 729 rows and 124 columns
Presolve time: 0.01s
Presolved: 2729 rows, 250 columns, 8385 nonzeros
Variable types: 0 continuous, 250 integer (239 binary)
Found heuristic solution: objective 85.0000000

Root relaxation: objective 2.620000e+02, 307 iterations, 0.02 seconds (0.02 work units)

    Nodes    |    Current Node    |     Objective Bounds      |     Work
 Expl Unexpl |  Obj  Depth IntInf | Incumbent    BestBd   Gap | It/Node Time

     0     0  262.00000    0   62   85.00000  262.00000   208%     -    0s
H    0     0                      91.0000000  262.00000   188%     -    0s
H    0     0                      98.0000000  262.00000   167%     -    0s
H    0     0                     105.0000000  262.00000   150%     -    0s
H    0     0                     106.0000000  262.00000   147%     -    0s
H    0     0                     113.0000000  262.00000   132%     -    0s
     0     0  262.00000    0   62  113.00000  262.00000   132%     -    0s
     0     0  261.26316    0   64  113.00000  261.26316   131%     -    0s
     0     0  261.26316    0   63  113.00000  261.26316   131%     -    0s
H    0     0                     114.0000000  255.00000   124%     -    0s
     0     0  255.00000    0   71  114.00000  255.00000   124%     -    0s
     0     0  255.00000    0   64  114.00000  255.00000   124%     -    0s
     0     0  255.00000    0   65  114.00000  255.00000   124%     -    0s
     0     0  255.00000    0   67  114.00000  255.00000   124%     -    0s
     0     0  255.00000    0   62  114.00000  255.00000   124%     -    0s
H    0     0                     119.0000000  254.00000   113%     -    0s
     0     0  254.00000    0   70  119.00000  254.00000   113%     -    0s
     0     0  254.00000    0   62  119.00000  254.00000   113%     -    0s
     0     0  253.10526    0   65  119.00000  253.10526   113%     -    0s
     0     0  253.10526    0   65  119.00000  253.10526   113%     -    0s
     0     0  252.42105    0   65  119.00000  252.42105   112%     -    0s
     0     0  252.42105    0   61  119.00000  252.42105   112%     -    0s
     0     2  252.42105    0   61  119.00000  252.42105   112%     -    0s
H   11    14                     120.0000000  252.42105   110%  74.7    0s
H  212   211                     126.0000000  252.42105   100%  99.3    0s
H  955   677                     127.0000000  252.42105  98.8%  72.0    0s
  9171  3064  188.94737   32   58  127.00000  238.07895  87.5%  73.0    5s
 25699  9572  128.40789   61   16  127.00000  224.05263  76.4%  74.3   10s
 41089 12285  178.00000   47   85  127.00000  215.94737  70.0%  78.5   15s
 62846 20726  168.36842   48   42  127.00000  203.42105  60.2%  79.9   21s
 79593 27585 infeasible   53       127.00000  197.38346  55.4%  79.9   25s
 104326 38052 infeasible   61       127.00000  191.26316  50.6%  80.2   30s
 124699 45864  169.59430   47   50  127.00000  189.47368  49.2%  80.6   35s
 147669 54975  156.07237   50   52  127.00000  184.63158  45.4%  80.6   40s
 170161 63944  148.92982   47   45  127.00000  183.52632  44.5%  80.7   45s
 193556 71544 infeasible   45       127.00000  182.13684  43.4%  80.2   50s
 215677 78419  161.78947   48   28  127.00000  178.00000  40.2%  79.6   55s
 236963 86619  149.34211   52   42  127.00000  177.26316  39.6%  79.7   60s
 259731 94684  169.96382   46   78  127.00000  176.63158  39.1%  79.7   65s
 283350 102038  148.48684   52   37  127.00000  175.86640  38.5%  79.3   70s
 306983 108255 infeasible   54       127.00000  174.73684  37.6%  79.0   75s
 332189 113799  141.52632   51   41  127.00000  171.92763  35.4%  78.0   80s
 353461 121933  170.21053   52   41  127.00000  170.63158  34.4%  78.1   85s
 377668 129904  138.23684   57   11  127.00000  169.94737  33.8%  78.0   90s
 399431 136481     cutoff   53       127.00000  169.71930  33.6%  77.9   95s
 423931 143025 infeasible   55       127.00000  169.15789  33.2%  77.5  100s
 447396 148479     cutoff   50       127.00000  168.59982  32.8%  77.1  105s
 474438 153704  147.44737   47   55  127.00000  167.68421  32.0%  76.4  110s
 499777 157834  162.64035   48   54  127.00000  166.47368  31.1%  75.7  115s
 527923 163931  155.00459   52   31  127.00000  164.00000  29.1%  75.3  120s
 548992 170352  143.00000   52   26  127.00000  163.63158  28.8%  75.4  125s
 573467 177103  133.89474   57   23  127.00000  163.15789  28.5%  75.2  130s
 595422 182422  156.26316   54   33  127.00000  162.89474  28.3%  75.2  135s
 619020 187917  147.31579   56   50  127.00000  162.69737  28.1%  75.1  140s
 643081 192896  141.55263   60   64  127.00000  162.35526  27.8%  74.9  145s
 669999 197494 infeasible   50       127.00000  161.96842  27.5%  74.5  150s
 696159 201374  155.54737   48   48  127.00000  161.51267  27.2%  74.1  155s
 721576 204257 infeasible   54       127.00000  161.05263  26.8%  73.6  160s
 751057 206822     cutoff   55       127.00000  160.23684  26.2%  73.0  165s
 779054 208956  141.00000   59   28  127.00000  158.97953  25.2%  72.5  170s
 803302 211209  157.00000   49   38  127.00000  157.26316  23.8%  72.2  175s
 828016 218047  141.21053   56   33  127.00000  156.99708  23.6%  72.2  180s
 852649 223441  134.84211   57   58  127.00000  156.50877  23.2%  72.1  185s
 881370 227853  141.88158   55   26  127.00000  156.04421  22.9%  71.9  190s
 905897 232312  134.47368   59   21  127.00000  155.89474  22.8%  71.9  195s
 933266 236106  148.31579   53   29  127.00000  155.79778  22.7%  71.7  200s
 955341 239607 infeasible   54       127.00000  155.55789  22.5%  71.7  205s
 982751 242399     cutoff   58       127.00000  155.30939  22.3%  71.4  210s
 1012352 244615  134.47368   51   48  127.00000  155.01754  22.1%  71.1  215s
 1038677 246558 infeasible   55       127.00000  154.78947  21.9%  70.7  220s
 1069714 248148  147.21053   52   46  127.00000  154.42105  21.6%  70.3  225s
 1101266 248633  140.26316   48   85  127.00000  153.98246  21.2%  69.9  230s
 1133352 248270  133.44947   55   28  127.00000  153.38158  20.8%  69.4  235s
 1160195 247516 infeasible   45       127.00000  152.68421  20.2%  68.9  240s
 1196195 245762 infeasible   56       127.00000  151.08396  19.0%  68.4  245s
 1226050 248224     cutoff   59       127.00000  150.00000  18.1%  68.2  250s
 1254854 252444  142.26316   52   50  127.00000  149.78582  17.9%  68.3  255s
 1284820 254813 infeasible   56       127.00000  149.41053  17.6%  68.2  260s
 1318183 255612  133.90789   55   20  127.00000  149.00000  17.3%  68.0  265s
 1342357 257210 infeasible   56       127.00000  148.90526  17.2%  68.1  270s
 1369895 257383  137.00000   50   32  127.00000  148.83158  17.2%  68.1  275s
 1397530 257753  141.57895   52   59  127.00000  148.63158  17.0%  68.1  280s
 1424339 257307  134.08271   50   40  127.00000  148.44737  16.9%  67.9  285s
 1447514 256554  134.10526   53   24  127.00000  148.21053  16.7%  67.8  290s
 1476573 254475  146.77193   52   49  127.00000  148.00000  16.5%  67.6  295s
 1504211 252334  147.65984   50   56  127.00000  147.78947  16.4%  67.4  300s
 1532966 249512  133.08421   57   39  127.00000  147.52632  16.2%  67.2  305s
 1561099 245758  133.54386   55   20  127.00000  147.21053  15.9%  67.0  310s
 1592315 240814 infeasible   55       127.00000  146.76692  15.6%  66.6  315s
 1625459 234650 infeasible   48       127.00000  146.07018  15.0%  66.3  320s
 1654801 229046  132.94737   52   45  127.00000  144.99415  14.2%  66.1  325s
 1683029 225044  134.78947   52   17  127.00000  143.41053  12.9%  66.0  330s
 1709503 224561 infeasible   54       127.00000  143.00000  12.6%  66.1  335s
 1729978 223683 infeasible   61       127.00000  142.82798  12.5%  66.3  340s
 1757967 220821 infeasible   54       127.00000  142.46316  12.2%  66.3  345s
 1790811 216006  140.05263   46   58  127.00000  142.00000  11.8%  66.1  350s
 1813855 212309 infeasible   58       127.00000  141.89474  11.7%  66.2  355s
 1840944 207352     cutoff   61       127.00000  141.79386  11.6%  66.3  360s
 1867150 203210 infeasible   50       127.00000  141.60526  11.5%  66.3  365s
 1895180 197270 infeasible   54       127.00000  141.39474  11.3%  66.3  370s
 1922085 190395  140.47368   56   39  127.00000  141.12281  11.1%  66.1  375s
 1949291 184281 infeasible   60       127.00000  140.89474  10.9%  66.0  380s
 1978075 176477 infeasible   56       127.00000  140.64211  10.7%  65.8  385s
 2011115 165794 infeasible   59       127.00000  140.14035  10.3%  65.6  390s
 2047688 152118 infeasible   55       127.00000  139.26316  9.66%  65.2  395s
 2075851 140293     cutoff   55       127.00000  137.45614  8.23%  65.2  400s
 2101728 132295 infeasible   55       127.00000  136.00000  7.09%  65.3  405s
 2121490 127150 infeasible   52       127.00000  135.85965  6.98%  65.6  410s
 2152919 114511 infeasible   56       127.00000  135.21053  6.46%  65.5  415s
 2176209 101937 infeasible   58       127.00000  134.88158  6.21%  65.7  420s
 2204687 85424 infeasible   52       127.00000  134.51822  5.92%  65.7  425s
 2238538 63328 infeasible   57       127.00000  133.83459  5.38%  65.4  430s
 2279486 33429 infeasible   55       127.00000  132.15311  4.06%  64.9  435s
 2313326  4173 infeasible   51       127.00000  128.50877  1.19%  64.7  440s

Explored 2321107 nodes (150046465 simplex iterations) in 441.11 seconds (847.50 work units)
Thread count was 16 (of 16 available processors)

Solution count 10: 127 127 127 ... 106

Optimal solution found (tolerance 1.00e-04)
Best objective 1.270000000000e+02, best bound 1.270000000000e+02, gap 0.0000%

Wrote result file '/root/bgw/data/results/2026_03_24_16_16_12_set_vm-3-t1_vm-3-t1_s033_g003_max.sol'

