[2026-03-24T20:24:38.508Z] Pipeline "set_vm-4-t1_vm-4-t1_s032_g003" → 2026_03_24_20_24_38_set_vm-4-t1_vm-4-t1_s032_g003_max.sol
Set parameter Username
Set parameter LicenseID to value 2797659
Set parameter LogFile to value "gurobi.log"
Using license file /opt/gurobi/gurobi.lic
Academic license - for non-commercial use only - expires 2027-03-24

Gurobi Optimizer version 13.0.1 build v13.0.1rc0 (linux64 - "Ubuntu 24.04.4 LTS")
Copyright (c) 2026, Gurobi Optimization, LLC

Warning: Duplicate section found (read 'binary') - Is a variable name equal to an LP file format keyword?
Warning: Duplicate section found (read 'binary') - Is a variable name equal to an LP file format keyword?
Warning: Duplicate section found (read 'binary') - Is a variable name equal to an LP file format keyword?
Warning: Duplicate section found (read 'binary') - Is a variable name equal to an LP file format keyword?
Warning: Duplicate section found (read 'binary') - Is a variable name equal to an LP file format keyword?
Warning: Duplicate section found (read 'binary') - Is a variable name equal to an LP file format keyword?
Warning: Duplicate section found (read 'binary') - Is a variable name equal to an LP file format keyword?
Warning: Duplicate section found (read 'binary') - Is a variable name equal to an LP file format keyword?
Warning: Duplicate section found (read 'binary') - Is a variable name equal to an LP file format keyword?
Warning: Duplicate section found (read 'binary') - Is a variable name equal to an LP file format keyword?
Warning: Further warnings of this type will be omitted.
Read LP format model from file /root/bgw/data/uploads/2026_03_24_20_24_38_set_vm-4-t1_vm-4-t1_s032_g003_max.lp
Reading time = 0.06 seconds
: 44872 rows, 1507 columns, 136652 nonzeros

Using Gurobi shared library /opt/gurobi1301/linux64/lib/libgurobi.so.13.0.1

CPU model: AMD EPYC-Genoa Processor, instruction set [SSE2|AVX|AVX2|AVX512]
Thread count: 16 physical cores, 16 logical processors, using up to 16 threads

Optimize a model with 44872 rows, 1507 columns and 136652 nonzeros (Max)
Model fingerprint: 0x5ce74daa
Model has 32 linear objective coefficients
Variable types: 84 continuous, 1423 integer (1423 binary)
Coefficient statistics:
  Matrix range     [1e+00, 5e+01]
  Objective range  [1e+00, 1e+00]
  Bounds range     [1e+00, 1e+00]
  RHS range        [1e+00, 5e+01]

Found heuristic solution: objective 32.0000000
Presolve removed 626 rows and 154 columns
Presolve time: 0.29s
Presolved: 44246 rows, 1353 columns, 133130 nonzeros
Variable types: 0 continuous, 1353 integer (1345 binary)
Root relaxation presolved: 22146 rows, 23453 columns, 88930 nonzeros


Root relaxation: objective 1.720000e+02, 813 iterations, 0.27 seconds (0.25 work units)

    Nodes    |    Current Node    |     Objective Bounds      |     Work
 Expl Unexpl |  Obj  Depth IntInf | Incumbent    BestBd   Gap | It/Node Time

     0     0  172.00000    0   40   32.00000  172.00000   438%     -    0s
H    0     0                      46.0000000  172.00000   274%     -    0s
H    0     0                      74.0000000  172.00000   132%     -    0s
H    0     0                      81.0000000  172.00000   112%     -    0s
H    0     0                      88.0000000  172.00000  95.5%     -    1s
     0     0  172.00000    0   40   88.00000  172.00000  95.5%     -    1s
     0     0  172.00000    0   38   88.00000  172.00000  95.5%     -    1s
     0     0  172.00000    0   32   88.00000  172.00000  95.5%     -    1s
     0     0  172.00000    0   34   88.00000  172.00000  95.5%     -    1s
     0     0  172.00000    0   32   88.00000  172.00000  95.5%     -    1s
     0     0  172.00000    0   48   88.00000  172.00000  95.5%     -    2s
     0     0  172.00000    0   31   88.00000  172.00000  95.5%     -    2s
     0     0  165.00000    0   34   88.00000  165.00000  87.5%     -    3s
     0     0  165.00000    0   34   88.00000  165.00000  87.5%     -    3s
     0     0  165.00000    0   27   88.00000  165.00000  87.5%     -    3s
     0     0  165.00000    0   32   88.00000  165.00000  87.5%     -    3s
     0     0  165.00000    0   31   88.00000  165.00000  87.5%     -    3s
     0     0  164.72000    0   44   88.00000  164.72000  87.2%     -    4s
     0     0  164.72000    0   32   88.00000  164.72000  87.2%     -    4s
     0     0  161.22000    0   34   88.00000  161.22000  83.2%     -    4s
     0     0  158.00000    0   34   88.00000  158.00000  79.5%     -    4s
     0     0  158.00000    0   34   88.00000  158.00000  79.5%     -    4s
     0     0  158.00000    0   34   88.00000  158.00000  79.5%     -    4s
     0     0  158.00000    0   31   88.00000  158.00000  79.5%     -    5s
     0     2  158.00000    0   31   88.00000  158.00000  79.5%     -    5s
   145   126  129.02000   14  109   88.00000  158.00000  79.5%   421   10s
   281   218 infeasible   19        88.00000  158.00000  79.5%   418   15s
   559   308   95.00000   19  127   88.00000  158.00000  79.5%   364   21s
   681   341  150.79000    8   81   88.00000  158.00000  79.5%   377   25s
   979   443  136.30275   11   98   88.00000  158.00000  79.5%   383   30s
  1269   539  115.86000   15   26   88.00000  158.00000  79.5%   390   36s
  1463   617  101.44000   18   40   88.00000  158.00000  79.5%   391   40s
  1555   640 infeasible   19        88.00000  158.00000  79.5%   393   45s
  1816   738 infeasible   19        88.00000  158.00000  79.5%   409   50s
  2118   767 infeasible   17        88.00000  157.72000  79.2%   397   56s
  2177   805 infeasible   16        88.00000  157.02000  78.4%   404   60s
  2503   896  121.60000   16   74   88.00000  155.90000  77.2%   397   65s
  3011  1048 infeasible   19        88.00000  150.55200  71.1%   402   70s
  3553  1163     cutoff   23        88.00000  150.10750  70.6%   397   79s
  3729  1167  115.46800   12  163   88.00000  150.10750  70.6%   402   82s
  3785  1202  102.00000   14   76   88.00000  150.10750  70.6%   407   86s
  3865  1214  102.00000   15   75   88.00000  149.76196  70.2%   409   90s
  4215  1332  101.86000   16   40   88.00000  148.42647  68.7%   418   97s
  4344  1367  101.86000   17   66   88.00000  144.39210  64.1%   427  100s
  4759  1454  129.68038   11  139   88.00000  143.79000  63.4%   429  105s
  5139  1494  115.86000   14   34   88.00000  143.58000  63.2%   435  110s
  5156  1510  143.58000   14  165   88.00000  143.58000  63.2%   437  115s
  5190  1544  143.58000   17   36   88.00000  143.58000  63.2%   438  120s
  5272  1563  136.72000   20   65   88.00000  143.58000  63.2%   440  127s
  5325  1580  129.44000   22   25   88.00000  143.58000  63.2%   446  130s
  5384  1608  122.68500   23   28   88.00000  143.58000  63.2%   450  137s
  5416  1618  115.86000   24   25   88.00000  143.58000  63.2%   451  140s
  5520  1618  108.72000   26   23   88.00000  143.58000  63.2%   452  146s
  5574  1612  101.86000   28  127   88.00000  143.58000  63.2%   458  150s
  5651  1595 infeasible   30        88.00000  143.58000  63.2%   458  157s
  5682  1583 infeasible   31        88.00000  143.58000  63.2%   462  161s
  5708  1583 infeasible   31        88.00000  143.58000  63.2%   462  166s
  5765  1589  122.16000   26   24   88.00000  143.58000  63.2%   464  170s
  5806  1596     cutoff   31        88.00000  143.58000  63.2%   464  176s
  5851  1595  108.44000   29   16   88.00000  143.58000  63.2%   467  180s
  5910  1601  143.58000   18   41   88.00000  143.58000  63.2%   470  185s
  5971  1602  122.44000   27   76   88.00000  143.58000  63.2%   469  190s
  6075  1582  108.90667   27   29   88.00000  143.58000  63.2%   479  199s
  6145  1565  101.72000   30   18   88.00000  143.58000  63.2%   482  202s
  6164  1573     cutoff   31        88.00000  143.58000  63.2%   485  205s
  6243  1573  101.10400   29   23   88.00000  143.58000  63.2%   487  211s
  6284  1565  143.58000   18   35   88.00000  143.58000  63.2%   491  216s
  6404  1573  129.46800   26   36   88.00000  143.58000  63.2%   499  224s
  6493  1555 infeasible   33        88.00000  143.58000  63.2%   501  229s
  6577  1561 infeasible   31        88.00000  143.58000  63.2%   506  234s
  6690  1528  129.86000   21   28   88.00000  143.58000  63.2%   509  241s
  6716  1529 infeasible   21        88.00000  143.58000  63.2%   514  245s
  6770  1526 infeasible   18        88.00000  143.58000  63.2%   518  252s
  6816  1538  129.86000   21   29   88.00000  143.58000  63.2%   529  258s
  6928  1509  122.30000   23   37   88.00000  143.58000  63.2%   532  262s
  7019  1514  123.00000   22   27   88.00000  143.58000  63.2%   538  267s
  7140  1499  115.72000   24   23   88.00000  143.58000  63.2%   543  275s
  7239  1487  122.30000   23   33   88.00000  143.58000  63.2%   554  282s
  7328  1466  116.00000   21   89   88.00000  143.58000  63.2%   559  290s
  7430  1466  102.00000   26   30   88.00000  143.16000  62.7%   567  296s
  7543  1437  102.00000   28   21   88.00000  143.16000  62.7%   576  308s
  7657  1407 infeasible   29        88.00000  143.09000  62.6%   585  312s
  7699  1418  100.04000   27    5   88.00000  143.09000  62.6%   590  318s
  7797  1421  115.02000   25   25   88.00000  143.09000  62.6%   595  325s
  7963  1391     cutoff   28        88.00000  143.09000  62.6%   598  332s
  8141  1350  108.58000   27   26   88.00000  137.00000  55.7%   602  339s
  8283  1343  108.62667   30   16   88.00000  136.72000  55.4%   611  347s
  8443  1296  101.72000   28   27   88.00000  136.72000  55.4%   618  356s
  8611  1259  101.72000   29   15   88.00000  136.72000  55.4%   626  365s
  8827  1230  108.86000   25  173   88.00000  136.44000  55.0%   630  372s
  9072  1163  101.89500   29   60   88.00000  136.30000  54.9%   631  382s
  9275  1133 infeasible   30        88.00000  136.04800  54.6%   631  391s
  9483  1070  108.58000   24   32   88.00000  136.02000  54.6%   636  400s
  9598  1089 infeasible   26        88.00000  135.32000  53.8%   642  411s
  9822  1103  109.00000   25   20   88.00000  130.00000  47.7%   648  423s
  9993  1151  102.00000   30  163   88.00000  130.00000  47.7%   658  433s
 10232  1184   95.00000   31   25   88.00000  130.00000  47.7%   664  444s
 10494  1205  101.94400   29   52   88.00000  129.72000  47.4%   669  457s
 10770  1231  101.86000   27   27   88.00000  129.72000  47.4%   675  468s
 10968  1238     cutoff   26        88.00000  129.72000  47.4%   685  479s
 11042  1265  108.72000   27   19   88.00000  129.58000  47.3%   688  493s
 11384  1285  108.95917   26   30   88.00000  129.44000  47.1%   689  510s
 11805  1309 infeasible   28        88.00000  129.30000  46.9%   689  523s
 12132  1315     cutoff   29        88.00000  128.74000  46.3%   694  540s
 12331  1340 infeasible   31        88.00000  127.79500  45.2%   702  553s
 12605  1384 infeasible   32        88.00000  123.00000  39.8%   714  568s
 12918  1401 infeasible   26        88.00000  123.00000  39.8%   723  581s
 13010  1427  121.46000   25   28   88.00000  123.00000  39.8%   726  599s
 13273  1472  102.00000   27   37   88.00000  122.93000  39.7%   735  614s
 13537  1521  101.86000   29   41   88.00000  122.86000  39.6%   749  632s
 13926  1539  108.90667   25   25   88.00000  122.86000  39.6%   757  649s
 14328  1549  102.00000   27   29   88.00000  122.86000  39.6%   763  667s
 14824  1524 infeasible   30        88.00000  122.72000  39.5%   765  685s
 15478  1470 infeasible   30        88.00000  122.72000  39.5%   760  707s
 16227  1464     cutoff   27        88.00000  122.58000  39.3%   751  728s
 16719  1470  102.00000   27   79   88.00000  122.16000  38.8%   760  747s
 17146  1452  108.30000   27   28   88.00000  116.00000  31.8%   770  766s
 17610  1462  108.86000   26   21   88.00000  116.00000  31.8%   781  789s
 18114  1443 infeasible   27        88.00000  116.00000  31.8%   790  813s
 18672  1446     cutoff   29        88.00000  115.93000  31.7%   800  837s
 19271  1419  108.58000   29   20   88.00000  115.86000  31.7%   807  860s
 19820  1337     cutoff   30        88.00000  115.81333  31.6%   816  886s
 20625  1128  108.58000   29   24   88.00000  115.72000  31.5%   814  916s
 21649  1066 infeasible   30        88.00000  115.44000  31.2%   806  945s
 22334   989  101.30000   30   17   88.00000  109.00000  23.9%   815  972s
 22882   909  102.00000   28   42   88.00000  109.00000  23.9%   828 1001s
 23527   728  101.64533   27   23   88.00000  108.91600  23.8%   838 1032s
 24281   481 infeasible   29        88.00000  108.86000  23.7%   844 1065s
 25134   385 infeasible   28        88.00000  102.00000  15.9%   849 1093s
 25565    27 infeasible   29        88.00000  102.00000  15.9%   868 1122s
 26213     0 infeasible   34        88.00000   98.29000  11.7%   874 1128s

Cutting planes:
  Inf proof: 3

Explored 26246 nodes (22977885 simplex iterations) in 1128.08 seconds (1862.43 work units)
Thread count was 16 (of 16 available processors)

Solution count 8: 88 88 88 ... 32

Optimal solution found (tolerance 1.00e-04)
Best objective 8.800000000000e+01, best bound 8.800000000000e+01, gap 0.0000%

Wrote result file '/root/bgw/data/results/2026_03_24_20_24_38_set_vm-4-t1_vm-4-t1_s032_g003_max.sol'

