[2026-03-24T00:34:12.127Z] Pipeline "set_set_set_s007_g009" → 2026_03_24_00_34_11_set_set_set_s007_g009_max.sol
Set parameter WLSAccessID
Set parameter WLSSecret
Set parameter LicenseID to value 2792458
Set parameter LogFile to value "gurobi.log"
Using license file /root/gurobi.lic
Academic license 2792458 - for non-commercial use only - registered to an___@studenti.unipg.it

Gurobi Optimizer version 13.0.1 build v13.0.1rc0 (linux64 - "Ubuntu 24.04.4 LTS")
Copyright (c) 2026, Gurobi Optimization, LLC

Warning: Duplicate section found (read 'binary') - Is a variable name equal to an LP file format keyword?
Warning: Duplicate section found (read 'binary') - Is a variable name equal to an LP file format keyword?
Warning: Duplicate section found (read 'binary') - Is a variable name equal to an LP file format keyword?
Warning: Duplicate section found (read 'binary') - Is a variable name equal to an LP file format keyword?
Warning: Duplicate section found (read 'binary') - Is a variable name equal to an LP file format keyword?
Warning: Duplicate section found (read 'binary') - Is a variable name equal to an LP file format keyword?
Warning: Duplicate section found (read 'binary') - Is a variable name equal to an LP file format keyword?
Warning: Duplicate section found (read 'binary') - Is a variable name equal to an LP file format keyword?
Warning: Duplicate section found (read 'binary') - Is a variable name equal to an LP file format keyword?
Warning: Duplicate section found (read 'binary') - Is a variable name equal to an LP file format keyword?
Warning: Further warnings of this type will be omitted.
Read LP format model from file /root/bgw/data/uploads/2026_03_24_00_34_11_set_set_set_s007_g009_max.lp
Reading time = 0.00 seconds
: 594 rows, 109 columns, 1763 nonzeros

Using Gurobi shared library /opt/gurobi1301/linux64/lib/libgurobi.so.13.0.1

CPU model: AMD EPYC-Genoa Processor, instruction set [SSE2|AVX|AVX2|AVX512]
Thread count: 16 physical cores, 16 logical processors, using up to 16 threads

Academic license 2792458 - for non-commercial use only - registered to an___@studenti.unipg.it
Optimize a model with 594 rows, 109 columns and 1763 nonzeros (Max)
Model fingerprint: 0xd631b5b9
Model has 6 linear objective coefficients
Variable types: 18 continuous, 91 integer (91 binary)
Coefficient statistics:
  Matrix range     [1e+00, 1e+01]
  Objective range  [1e+00, 1e+00]
  Bounds range     [1e+00, 1e+00]
  RHS range        [1e+00, 1e+01]

Found heuristic solution: objective 6.0000000
Presolve removed 133 rows and 30 columns
Presolve time: 0.00s
Presolved: 461 rows, 79 columns, 1428 nonzeros
Variable types: 0 continuous, 79 integer (74 binary)
Found heuristic solution: objective 9.0000000

Root relaxation: objective 2.700000e+01, 45 iterations, 0.00 seconds (0.00 work units)

    Nodes    |    Current Node    |     Objective Bounds      |     Work
 Expl Unexpl |  Obj  Depth IntInf | Incumbent    BestBd   Gap | It/Node Time

     0     0   27.00000    0   14    9.00000   27.00000   200%     -    0s
H    0     0                      13.0000000   27.00000   108%     -    0s
H    0     0                      16.0000000   27.00000  68.8%     -    0s
H    0     0                      17.0000000   27.00000  58.8%     -    0s
     0     0   27.00000    0   15   17.00000   27.00000  58.8%     -    0s
     0     0   27.00000    0   15   17.00000   27.00000  58.8%     -    0s
     0     0   27.00000    0    9   17.00000   27.00000  58.8%     -    0s
     0     0   25.60000    0   16   17.00000   25.60000  50.6%     -    0s
     0     0   25.60000    0   14   17.00000   25.60000  50.6%     -    0s
     0     0   25.00000    0   14   17.00000   25.00000  47.1%     -    0s
     0     0   25.00000    0   15   17.00000   25.00000  47.1%     -    0s
     0     0   25.00000    0   14   17.00000   25.00000  47.1%     -    0s
     0     0   25.00000    0   14   17.00000   25.00000  47.1%     -    0s
     0     0   25.00000    0   12   17.00000   25.00000  47.1%     -    0s
     0     0   25.00000    0   14   17.00000   25.00000  47.1%     -    0s
     0     0   25.00000    0   14   17.00000   25.00000  47.1%     -    0s
     0     0   25.00000    0   15   17.00000   25.00000  47.1%     -    0s
     0     0   25.00000    0   14   17.00000   25.00000  47.1%     -    0s
     0     0   24.00000    0   14   17.00000   24.00000  41.2%     -    0s
     0     0   24.00000    0   12   17.00000   24.00000  41.2%     -    0s
     0     2   24.00000    0   12   17.00000   24.00000  41.2%     -    0s

Cutting planes:
  Gomory: 3
  Lift-and-project: 3
  Cover: 2
  MIR: 1

Explored 218 nodes (2659 simplex iterations) in 0.13 seconds (0.06 work units)
Thread count was 16 (of 16 available processors)

Solution count 5: 17 16 13 ... 6

Optimal solution found (tolerance 1.00e-04)
Best objective 1.700000000000e+01, best bound 1.700000000000e+01, gap 0.0000%

Wrote result file '/root/bgw/data/results/2026_03_24_00_34_11_set_set_set_s007_g009_max.sol'

