[2026-03-24T00:33:47.464Z] Pipeline "set_set_set_s006_g001" → 2026_03_24_00_33_47_set_set_set_s006_g001_max.sol
Set parameter WLSAccessID
Set parameter WLSSecret
Set parameter LicenseID to value 2792458
Set parameter LogFile to value "gurobi.log"
Using license file /root/gurobi.lic
Academic license 2792458 - for non-commercial use only - registered to an___@studenti.unipg.it

Gurobi Optimizer version 13.0.1 build v13.0.1rc0 (linux64 - "Ubuntu 24.04.4 LTS")
Copyright (c) 2026, Gurobi Optimization, LLC

Warning: Duplicate section found (read 'binary') - Is a variable name equal to an LP file format keyword?
Warning: Duplicate section found (read 'binary') - Is a variable name equal to an LP file format keyword?
Warning: Duplicate section found (read 'binary') - Is a variable name equal to an LP file format keyword?
Warning: Duplicate section found (read 'binary') - Is a variable name equal to an LP file format keyword?
Warning: Duplicate section found (read 'binary') - Is a variable name equal to an LP file format keyword?
Warning: Duplicate section found (read 'binary') - Is a variable name equal to an LP file format keyword?
Warning: Duplicate section found (read 'binary') - Is a variable name equal to an LP file format keyword?
Warning: Duplicate section found (read 'binary') - Is a variable name equal to an LP file format keyword?
Warning: Duplicate section found (read 'binary') - Is a variable name equal to an LP file format keyword?
Warning: Duplicate section found (read 'binary') - Is a variable name equal to an LP file format keyword?
Warning: Further warnings of this type will be omitted.
Read LP format model from file /root/bgw/data/uploads/2026_03_24_00_33_47_set_set_set_s006_g001_max.lp
Reading time = 0.00 seconds
: 684 rows, 129 columns, 1847 nonzeros

Using Gurobi shared library /opt/gurobi1301/linux64/lib/libgurobi.so.13.0.1

CPU model: AMD EPYC-Genoa Processor, instruction set [SSE2|AVX|AVX2|AVX512]
Thread count: 16 physical cores, 16 logical processors, using up to 16 threads

Academic license 2792458 - for non-commercial use only - registered to an___@studenti.unipg.it
Optimize a model with 684 rows, 129 columns and 1847 nonzeros (Max)
Model fingerprint: 0x743d9bed
Model has 19 linear objective coefficients
Variable types: 30 continuous, 99 integer (99 binary)
Coefficient statistics:
  Matrix range     [1e+00, 1e+01]
  Objective range  [1e+00, 1e+00]
  Bounds range     [1e+00, 1e+00]
  RHS range        [1e+00, 1e+01]

Found heuristic solution: objective 19.0000000
Presolve removed 307 rows and 46 columns
Presolve time: 0.00s
Presolved: 377 rows, 83 columns, 1203 nonzeros
Variable types: 0 continuous, 83 integer (74 binary)
Found heuristic solution: objective 34.0000000

Root relaxation: objective 8.800000e+01, 96 iterations, 0.00 seconds (0.00 work units)

    Nodes    |    Current Node    |     Objective Bounds      |     Work
 Expl Unexpl |  Obj  Depth IntInf | Incumbent    BestBd   Gap | It/Node Time

     0     0   88.00000    0   44   34.00000   88.00000   159%     -    0s
H    0     0                      36.0000000   88.00000   144%     -    0s
H    0     0                      44.0000000   88.00000   100%     -    0s
H    0     0                      46.0000000   88.00000  91.3%     -    0s
     0     0   88.00000    0   35   46.00000   88.00000  91.3%     -    0s
     0     0   88.00000    0   35   46.00000   88.00000  91.3%     -    0s
     0     0   88.00000    0   44   46.00000   88.00000  91.3%     -    0s
     0     0   88.00000    0   43   46.00000   88.00000  91.3%     -    0s
     0     0   88.00000    0   43   46.00000   88.00000  91.3%     -    0s
     0     0   88.00000    0   41   46.00000   88.00000  91.3%     -    0s
     0     0   88.00000    0   44   46.00000   88.00000  91.3%     -    0s
     0     0   88.00000    0   40   46.00000   88.00000  91.3%     -    0s
H    0     0                      47.0000000   88.00000  87.2%     -    0s
     0     0   88.00000    0   44   47.00000   88.00000  87.2%     -    0s
     0     0   88.00000    0   43   47.00000   88.00000  87.2%     -    0s
     0     0   88.00000    0   43   47.00000   88.00000  87.2%     -    0s
     0     0   88.00000    0   41   47.00000   88.00000  87.2%     -    0s
     0     0   88.00000    0   41   47.00000   88.00000  87.2%     -    0s
     0     0   88.00000    0   41   47.00000   88.00000  87.2%     -    0s
     0     2   88.00000    0   41   47.00000   88.00000  87.2%     -    0s
H   34    39                      49.0000000   88.00000  79.6%  34.4    0s
H  128   175                      50.0000000   87.66667  75.3%  26.2    0s

Cutting planes:
  Gomory: 1
  Cover: 44
  Inf proof: 84
  Zero half: 1

Explored 17103 nodes (339189 simplex iterations) in 1.05 seconds (1.15 work units)
Thread count was 16 (of 16 available processors)

Solution count 8: 50 49 47 ... 19

Optimal solution found (tolerance 1.00e-04)
Best objective 5.000000000000e+01, best bound 5.000000000000e+01, gap 0.0000%

Wrote result file '/root/bgw/data/results/2026_03_24_00_33_47_set_set_set_s006_g001_max.sol'

