[2026-03-23T16:02:17.527Z] Pipeline "set_exp_3_exp_3_n025_c001_g004" → 2026_03_23_16_02_17_set_exp_3_exp_3_n025_c001_g004_max.sol
Set parameter WLSAccessID
Set parameter WLSSecret
Set parameter LicenseID to value 2792458
Set parameter LogFile to value "gurobi.log"
Using license file /root/gurobi.lic
Academic license 2792458 - for non-commercial use only - registered to an___@studenti.unipg.it

Gurobi Optimizer version 13.0.1 build v13.0.1rc0 (linux64 - "Ubuntu 24.04.4 LTS")
Copyright (c) 2026, Gurobi Optimization, LLC

Warning: Duplicate section found (read 'binary') - Is a variable name equal to an LP file format keyword?
Warning: Duplicate section found (read 'binary') - Is a variable name equal to an LP file format keyword?
Warning: Duplicate section found (read 'binary') - Is a variable name equal to an LP file format keyword?
Warning: Duplicate section found (read 'binary') - Is a variable name equal to an LP file format keyword?
Warning: Duplicate section found (read 'binary') - Is a variable name equal to an LP file format keyword?
Warning: Duplicate section found (read 'binary') - Is a variable name equal to an LP file format keyword?
Warning: Duplicate section found (read 'binary') - Is a variable name equal to an LP file format keyword?
Warning: Duplicate section found (read 'binary') - Is a variable name equal to an LP file format keyword?
Warning: Duplicate section found (read 'binary') - Is a variable name equal to an LP file format keyword?
Warning: Duplicate section found (read 'binary') - Is a variable name equal to an LP file format keyword?
Warning: Further warnings of this type will be omitted.
Read LP format model from file /root/bgw/data/uploads/2026_03_23_16_02_17_set_exp_3_exp_3_n025_c001_g004_max.lp
Reading time = 0.01 seconds
: 5682 rows, 499 columns, 16552 nonzeros

Using Gurobi shared library /opt/gurobi1301/linux64/lib/libgurobi.so.13.0.1

CPU model: AMD EPYC-Genoa Processor, instruction set [SSE2|AVX|AVX2|AVX512]
Thread count: 16 physical cores, 16 logical processors, using up to 16 threads

Academic license 2792458 - for non-commercial use only - registered to an___@studenti.unipg.it
Optimize a model with 5682 rows, 499 columns and 16552 nonzeros (Max)
Model fingerprint: 0x13326923
Model has 5 linear objective coefficients
Variable types: 30 continuous, 469 integer (469 binary)
Coefficient statistics:
  Matrix range     [1e+00, 3e+01]
  Objective range  [1e+00, 1e+00]
  Bounds range     [1e+00, 1e+00]
  RHS range        [1e+00, 3e+01]

Found heuristic solution: objective 5.0000000
Presolve removed 1066 rows and 189 columns
Presolve time: 0.03s
Presolved: 4616 rows, 310 columns, 13936 nonzeros
Variable types: 0 continuous, 310 integer (306 binary)

Root relaxation: objective 2.300000e+01, 89 iterations, 0.01 seconds (0.01 work units)

    Nodes    |    Current Node    |     Objective Bounds      |     Work
 Expl Unexpl |  Obj  Depth IntInf | Incumbent    BestBd   Gap | It/Node Time

     0     0   23.00000    0   11    5.00000   23.00000   360%     -    0s
H    0     0                      14.0000000   23.00000  64.3%     -    0s
     0     0   23.00000    0   10   14.00000   23.00000  64.3%     -    0s
     0     0   23.00000    0   10   14.00000   23.00000  64.3%     -    0s
     0     0   23.00000    0    9   14.00000   23.00000  64.3%     -    0s
     0     0   20.00000    0   10   14.00000   20.00000  42.9%     -    0s
     0     0   20.00000    0   10   14.00000   20.00000  42.9%     -    0s
     0     0   20.00000    0    9   14.00000   20.00000  42.9%     -    0s
     0     0   20.00000    0   10   14.00000   20.00000  42.9%     -    0s
     0     0   20.00000    0    8   14.00000   20.00000  42.9%     -    0s
     0     0   20.00000    0    9   14.00000   20.00000  42.9%     -    0s
     0     0   20.00000    0    7   14.00000   20.00000  42.9%     -    0s
     0     0   20.00000    0   10   14.00000   20.00000  42.9%     -    0s
     0     0   20.00000    0    5   14.00000   20.00000  42.9%     -    0s
     0     0   19.73913    0    5   14.00000   19.73913  41.0%     -    0s
     0     0   18.36957    0    4   14.00000   18.36957  31.2%     -    0s
     0     0   18.30435    0   10   14.00000   18.30435  30.7%     -    0s

Cutting planes:
  Cover: 3
  MIR: 4
  Zero half: 1

Explored 1 nodes (593 simplex iterations) in 0.28 seconds (0.19 work units)
Thread count was 16 (of 16 available processors)

Solution count 2: 14 5 

Optimal solution found (tolerance 1.00e-04)
Best objective 1.400000000000e+01, best bound 1.400000000000e+01, gap 0.0000%

Wrote result file '/root/bgw/data/results/2026_03_23_16_02_17_set_exp_3_exp_3_n025_c001_g004_max.sol'

