[2026-03-24T00:33:44.688Z] Pipeline "set_set_set_s005_g006" → 2026_03_24_00_33_44_set_set_set_s005_g006_max.sol
Set parameter WLSAccessID
Set parameter WLSSecret
Set parameter LicenseID to value 2792458
Set parameter LogFile to value "gurobi.log"
Using license file /root/gurobi.lic
Academic license 2792458 - for non-commercial use only - registered to an___@studenti.unipg.it

Gurobi Optimizer version 13.0.1 build v13.0.1rc0 (linux64 - "Ubuntu 24.04.4 LTS")
Copyright (c) 2026, Gurobi Optimization, LLC

Warning: Duplicate section found (read 'binary') - Is a variable name equal to an LP file format keyword?
Warning: Duplicate section found (read 'binary') - Is a variable name equal to an LP file format keyword?
Warning: Duplicate section found (read 'binary') - Is a variable name equal to an LP file format keyword?
Warning: Duplicate section found (read 'binary') - Is a variable name equal to an LP file format keyword?
Warning: Duplicate section found (read 'binary') - Is a variable name equal to an LP file format keyword?
Warning: Duplicate section found (read 'binary') - Is a variable name equal to an LP file format keyword?
Warning: Duplicate section found (read 'binary') - Is a variable name equal to an LP file format keyword?
Warning: Duplicate section found (read 'binary') - Is a variable name equal to an LP file format keyword?
Warning: Duplicate section found (read 'binary') - Is a variable name equal to an LP file format keyword?
Warning: Duplicate section found (read 'binary') - Is a variable name equal to an LP file format keyword?
Warning: Further warnings of this type will be omitted.
Read LP format model from file /root/bgw/data/uploads/2026_03_24_00_33_44_set_set_set_s005_g006_max.lp
Reading time = 0.00 seconds
: 527 rows, 104 columns, 1420 nonzeros

Using Gurobi shared library /opt/gurobi1301/linux64/lib/libgurobi.so.13.0.1

CPU model: AMD EPYC-Genoa Processor, instruction set [SSE2|AVX|AVX2|AVX512]
Thread count: 16 physical cores, 16 logical processors, using up to 16 threads

Academic license 2792458 - for non-commercial use only - registered to an___@studenti.unipg.it
Optimize a model with 527 rows, 104 columns and 1420 nonzeros (Max)
Model fingerprint: 0x4a1f92b8
Model has 17 linear objective coefficients
Variable types: 27 continuous, 77 integer (77 binary)
Coefficient statistics:
  Matrix range     [1e+00, 1e+01]
  Objective range  [1e+00, 1e+00]
  Bounds range     [1e+00, 1e+00]
  RHS range        [1e+00, 1e+01]

Found heuristic solution: objective 17.0000000
Presolve removed 250 rows and 37 columns
Presolve time: 0.00s
Presolved: 277 rows, 67 columns, 880 nonzeros
Variable types: 0 continuous, 67 integer (60 binary)
Found heuristic solution: objective 28.0000000

Root relaxation: objective 8.000000e+01, 62 iterations, 0.00 seconds (0.00 work units)

    Nodes    |    Current Node    |     Objective Bounds      |     Work
 Expl Unexpl |  Obj  Depth IntInf | Incumbent    BestBd   Gap | It/Node Time

     0     0   80.00000    0   25   28.00000   80.00000   186%     -    0s
H    0     0                      35.0000000   80.00000   129%     -    0s
H    0     0                      36.0000000   80.00000   122%     -    0s
H    0     0                      37.0000000   80.00000   116%     -    0s
H    0     0                      38.0000000   80.00000   111%     -    0s
H    0     0                      39.0000000   80.00000   105%     -    0s
H    0     0                      42.0000000   80.00000  90.5%     -    0s
     0     0   80.00000    0   26   42.00000   80.00000  90.5%     -    0s
     0     0   80.00000    0   26   42.00000   80.00000  90.5%     -    0s
     0     0   80.00000    0   26   42.00000   80.00000  90.5%     -    0s
     0     0   77.00000    0   26   42.00000   77.00000  83.3%     -    0s
     0     0   76.66667    0   26   42.00000   76.66667  82.5%     -    0s
     0     0   76.66667    0   26   42.00000   76.66667  82.5%     -    0s
     0     0   75.75000    0   26   42.00000   75.75000  80.4%     -    0s
     0     0   75.50000    0   26   42.00000   75.50000  79.8%     -    0s
     0     0   75.50000    0   26   42.00000   75.50000  79.8%     -    0s
     0     0   75.00000    0   26   42.00000   75.00000  78.6%     -    0s
     0     0   75.00000    0   26   42.00000   75.00000  78.6%     -    0s
     0     0   75.00000    0   26   42.00000   75.00000  78.6%     -    0s
     0     0   75.00000    0   26   42.00000   75.00000  78.6%     -    0s
     0     2   75.00000    0   26   42.00000   75.00000  78.6%     -    0s
H  126   123                      43.0000000   75.00000  74.4%  13.5    0s

Cutting planes:
  Gomory: 9
  Cover: 36
  MIR: 3
  Inf proof: 33
  Zero half: 3
  Mod-K: 1

Explored 5824 nodes (65299 simplex iterations) in 0.33 seconds (0.25 work units)
Thread count was 16 (of 16 available processors)

Solution count 9: 43 42 39 ... 17

Optimal solution found (tolerance 1.00e-04)
Best objective 4.300000000000e+01, best bound 4.300000000000e+01, gap 0.0000%

Wrote result file '/root/bgw/data/results/2026_03_24_00_33_44_set_set_set_s005_g006_max.sol'

