[2026-03-23T13:37:38.212Z] Pipeline "set_exp_2_exp_2_n023_c007_g005" → 2026_03_23_13_37_38_set_exp_2_exp_2_n023_c007_g005_max.sol
Set parameter WLSAccessID
Set parameter WLSSecret
Set parameter LicenseID to value 2792458
Set parameter LogFile to value "gurobi.log"
Using license file /root/gurobi.lic
Academic license 2792458 - for non-commercial use only - registered to an___@studenti.unipg.it

Gurobi Optimizer version 13.0.1 build v13.0.1rc0 (linux64 - "Ubuntu 24.04.4 LTS")
Copyright (c) 2026, Gurobi Optimization, LLC

Warning: Duplicate section found (read 'binary') - Is a variable name equal to an LP file format keyword?
Warning: Duplicate section found (read 'binary') - Is a variable name equal to an LP file format keyword?
Warning: Duplicate section found (read 'binary') - Is a variable name equal to an LP file format keyword?
Warning: Duplicate section found (read 'binary') - Is a variable name equal to an LP file format keyword?
Warning: Duplicate section found (read 'binary') - Is a variable name equal to an LP file format keyword?
Warning: Duplicate section found (read 'binary') - Is a variable name equal to an LP file format keyword?
Warning: Duplicate section found (read 'binary') - Is a variable name equal to an LP file format keyword?
Warning: Duplicate section found (read 'binary') - Is a variable name equal to an LP file format keyword?
Warning: Duplicate section found (read 'binary') - Is a variable name equal to an LP file format keyword?
Warning: Duplicate section found (read 'binary') - Is a variable name equal to an LP file format keyword?
Warning: Further warnings of this type will be omitted.
Read LP format model from file /root/bgw/data/uploads/2026_03_23_13_37_38_set_exp_2_exp_2_n023_c007_g005_max.lp
Reading time = 0.00 seconds
: 3956 rows, 369 columns, 11951 nonzeros

Using Gurobi shared library /opt/gurobi1301/linux64/lib/libgurobi.so.13.0.1

CPU model: AMD EPYC-Genoa Processor, instruction set [SSE2|AVX|AVX2|AVX512]
Thread count: 16 physical cores, 16 logical processors, using up to 16 threads

Academic license 2792458 - for non-commercial use only - registered to an___@studenti.unipg.it
Optimize a model with 3956 rows, 369 columns and 11951 nonzeros (Max)
Model fingerprint: 0xcfeb836f
Model has 7 linear objective coefficients
Variable types: 30 continuous, 339 integer (339 binary)
Coefficient statistics:
  Matrix range     [1e+00, 2e+01]
  Objective range  [1e+00, 1e+00]
  Bounds range     [1e+00, 1e+00]
  RHS range        [1e+00, 3e+01]

Found heuristic solution: objective 7.0000000
Presolve removed 361 rows and 82 columns
Presolve time: 0.01s
Presolved: 3595 rows, 287 columns, 11085 nonzeros
Variable types: 0 continuous, 287 integer (272 binary)

Root relaxation: objective 2.800000e+01, 242 iterations, 0.01 seconds (0.01 work units)

    Nodes    |    Current Node    |     Objective Bounds      |     Work
 Expl Unexpl |  Obj  Depth IntInf | Incumbent    BestBd   Gap | It/Node Time

     0     0   28.00000    0   57    7.00000   28.00000   300%     -    0s
H    0     0                      15.0000000   28.00000  86.7%     -    0s
H    0     0                      17.0000000   28.00000  64.7%     -    0s
H    0     0                      18.0000000   28.00000  55.6%     -    0s
     0     0   28.00000    0   62   18.00000   28.00000  55.6%     -    0s
H    0     0                      19.0000000   28.00000  47.4%     -    0s
     0     0   28.00000    0   61   19.00000   28.00000  47.4%     -    0s
     0     0   28.00000    0   58   19.00000   28.00000  47.4%     -    0s
     0     0   28.00000    0   46   19.00000   28.00000  47.4%     -    0s
H    0     0                      20.0000000   28.00000  40.0%     -    0s
     0     0   28.00000    0   53   20.00000   28.00000  40.0%     -    0s
     0     0   28.00000    0   52   20.00000   28.00000  40.0%     -    0s
     0     0   28.00000    0   41   20.00000   28.00000  40.0%     -    0s
     0     0   28.00000    0   41   20.00000   28.00000  40.0%     -    0s
     0     0   28.00000    0   41   20.00000   28.00000  40.0%     -    0s
     0     0   28.00000    0   56   20.00000   28.00000  40.0%     -    0s
     0     0   28.00000    0   42   20.00000   28.00000  40.0%     -    0s
     0     0   28.00000    0   53   20.00000   28.00000  40.0%     -    0s
     0     0   28.00000    0   44   20.00000   28.00000  40.0%     -    0s
     0     0   28.00000    0   44   20.00000   28.00000  40.0%     -    0s
     0     0   28.00000    0   44   20.00000   28.00000  40.0%     -    0s
     0     0   28.00000    0   43   20.00000   28.00000  40.0%     -    0s
     0     0   28.00000    0   43   20.00000   28.00000  40.0%     -    0s
     0     0   28.00000    0   43   20.00000   28.00000  40.0%     -    0s
     0     0   28.00000    0   39   20.00000   28.00000  40.0%     -    0s
     0     2   28.00000    0   39   20.00000   28.00000  40.0%     -    0s

Cutting planes:
  Cover: 22
  MIR: 3
  Inf proof: 66
  Zero half: 1

Explored 5345 nodes (415813 simplex iterations) in 3.42 seconds (5.77 work units)
Thread count was 16 (of 16 available processors)

Solution count 6: 20 19 18 ... 7

Optimal solution found (tolerance 1.00e-04)
Best objective 2.000000000000e+01, best bound 2.000000000000e+01, gap 0.0000%

Wrote result file '/root/bgw/data/results/2026_03_23_13_37_38_set_exp_2_exp_2_n023_c007_g005_max.sol'

