[2026-03-24T14:27:54.516Z] Pipeline "set_vm-3-t1_vm-3-t1_s013_g001" → 2026_03_24_14_27_54_set_vm-3-t1_vm-3-t1_s013_g001_max.sol
Set parameter Username
Set parameter LicenseID to value 2796068
Set parameter LogFile to value "gurobi.log"
Using license file /opt/gurobi/gurobi.lic
Academic license - for non-commercial use only - expires 2027-03-23

Gurobi Optimizer version 13.0.1 build v13.0.1rc0 (linux64 - "Ubuntu 24.04.4 LTS")
Copyright (c) 2026, Gurobi Optimization, LLC

Warning: Duplicate section found (read 'binary') - Is a variable name equal to an LP file format keyword?
Warning: Duplicate section found (read 'binary') - Is a variable name equal to an LP file format keyword?
Warning: Duplicate section found (read 'binary') - Is a variable name equal to an LP file format keyword?
Warning: Duplicate section found (read 'binary') - Is a variable name equal to an LP file format keyword?
Warning: Duplicate section found (read 'binary') - Is a variable name equal to an LP file format keyword?
Warning: Duplicate section found (read 'binary') - Is a variable name equal to an LP file format keyword?
Warning: Duplicate section found (read 'binary') - Is a variable name equal to an LP file format keyword?
Warning: Duplicate section found (read 'binary') - Is a variable name equal to an LP file format keyword?
Warning: Duplicate section found (read 'binary') - Is a variable name equal to an LP file format keyword?
Warning: Duplicate section found (read 'binary') - Is a variable name equal to an LP file format keyword?
Warning: Further warnings of this type will be omitted.
Read LP format model from file /root/bgw/data/uploads/2026_03_24_14_27_54_set_vm-3-t1_vm-3-t1_s013_g001_max.lp
Reading time = 0.00 seconds
: 4089 rows, 379 columns, 12287 nonzeros

Using Gurobi shared library /opt/gurobi1301/linux64/lib/libgurobi.so.13.0.1

CPU model: AMD EPYC-Genoa Processor, instruction set [SSE2|AVX|AVX2|AVX512]
Thread count: 16 physical cores, 16 logical processors, using up to 16 threads

Optimize a model with 4089 rows, 379 columns and 12287 nonzeros (Max)
Model fingerprint: 0x09996753
Model has 28 linear objective coefficients
Variable types: 51 continuous, 328 integer (328 binary)
Coefficient statistics:
  Matrix range     [1e+00, 2e+01]
  Objective range  [1e+00, 1e+00]
  Bounds range     [1e+00, 1e+00]
  RHS range        [1e+00, 3e+01]

Found heuristic solution: objective 28.0000000
Presolve removed 491 rows and 93 columns
Presolve time: 0.01s
Presolved: 3598 rows, 286 columns, 10994 nonzeros
Variable types: 0 continuous, 286 integer (276 binary)
Found heuristic solution: objective 34.0000000

Root relaxation: objective 1.400000e+02, 469 iterations, 0.02 seconds (0.03 work units)

    Nodes    |    Current Node    |     Objective Bounds      |     Work
 Expl Unexpl |  Obj  Depth IntInf | Incumbent    BestBd   Gap | It/Node Time

     0     0  140.00000    0   60   34.00000  140.00000   312%     -    0s
H    0     0                      36.0000000  140.00000   289%     -    0s
H    0     0                      61.0000000  140.00000   130%     -    0s
H    0     0                      62.0000000  140.00000   126%     -    0s
     0     0  140.00000    0   60   62.00000  140.00000   126%     -    0s
H    0     0                      65.0000000  140.00000   115%     -    0s
     0     0  140.00000    0   61   65.00000  140.00000   115%     -    0s
     0     0  140.00000    0   58   65.00000  140.00000   115%     -    0s
     0     0  140.00000    0   44   65.00000  140.00000   115%     -    0s
H    0     0                      66.0000000  140.00000   112%     -    0s
     0     0  140.00000    0   53   66.00000  140.00000   112%     -    0s
     0     0  140.00000    0   52   66.00000  140.00000   112%     -    0s
H    0     0                      68.0000000  140.00000   106%     -    0s
H    0     0                      70.0000000  140.00000   100%     -    0s
     0     0  140.00000    0   53   70.00000  140.00000   100%     -    0s
     0     0  140.00000    0   53   70.00000  140.00000   100%     -    0s
     0     0  140.00000    0   53   70.00000  140.00000   100%     -    0s
     0     0  140.00000    0   44   70.00000  140.00000   100%     -    0s
     0     0  140.00000    0   52   70.00000  140.00000   100%     -    0s
     0     0  140.00000    0   50   70.00000  140.00000   100%     -    0s
     0     0  140.00000    0   51   70.00000  140.00000   100%     -    0s
     0     0  140.00000    0   50   70.00000  140.00000   100%     -    0s
     0     0  139.71429    0   50   70.00000  139.71429   100%     -    0s
     0     0  139.71429    0   50   70.00000  139.71429   100%     -    0s
     0     2  139.00000    0   50   70.00000  139.00000  98.6%     -    0s
H  193   173                      73.0000000  139.00000  90.4%  95.0    0s
  3724  1667   97.64762   26   43   73.00000  129.95833  78.0%   106    5s
 20015  3970   83.00000   34   33   73.00000   92.23810  26.4%  72.7   10s
 30062  3625   79.80952   45   36   73.00000   91.89418  25.9%  75.9   15s
H35345  3811                      74.0000000   91.89418  24.2%  77.3   16s
 50267  5756   77.42857   43   33   74.00000   87.00000  17.6%  79.7   20s
 62503  5838 infeasible   43        74.00000   84.73810  14.5%  81.5   25s
 82380  3506   75.75000   46   17   74.00000   80.71429  9.07%  84.6   30s

Cutting planes:
  Cover: 2
  Inf proof: 8

Explored 95136 nodes (8211011 simplex iterations) in 33.46 seconds (73.53 work units)
Thread count was 16 (of 16 available processors)

Solution count 10: 74 73 73 ... 68

Optimal solution found (tolerance 1.00e-04)
Best objective 7.400000000000e+01, best bound 7.400000000000e+01, gap 0.0000%

Wrote result file '/root/bgw/data/results/2026_03_24_14_27_54_set_vm-3-t1_vm-3-t1_s013_g001_max.sol'

