[2026-03-24T15:36:12.554Z] Pipeline "set_vm-4-t1_vm-4-t1_s017_g001" → 2026_03_24_15_36_12_set_vm-4-t1_vm-4-t1_s017_g001_max.sol
Set parameter Username
Set parameter LicenseID to value 2797659
Set parameter LogFile to value "gurobi.log"
Using license file /opt/gurobi/gurobi.lic
Academic license - for non-commercial use only - expires 2027-03-24

Gurobi Optimizer version 13.0.1 build v13.0.1rc0 (linux64 - "Ubuntu 24.04.4 LTS")
Copyright (c) 2026, Gurobi Optimization, LLC

Warning: Duplicate section found (read 'binary') - Is a variable name equal to an LP file format keyword?
Warning: Duplicate section found (read 'binary') - Is a variable name equal to an LP file format keyword?
Warning: Duplicate section found (read 'binary') - Is a variable name equal to an LP file format keyword?
Warning: Duplicate section found (read 'binary') - Is a variable name equal to an LP file format keyword?
Warning: Duplicate section found (read 'binary') - Is a variable name equal to an LP file format keyword?
Warning: Duplicate section found (read 'binary') - Is a variable name equal to an LP file format keyword?
Warning: Duplicate section found (read 'binary') - Is a variable name equal to an LP file format keyword?
Warning: Duplicate section found (read 'binary') - Is a variable name equal to an LP file format keyword?
Warning: Duplicate section found (read 'binary') - Is a variable name equal to an LP file format keyword?
Warning: Duplicate section found (read 'binary') - Is a variable name equal to an LP file format keyword?
Warning: Further warnings of this type will be omitted.
Read LP format model from file /root/bgw/data/uploads/2026_03_24_15_36_12_set_vm-4-t1_vm-4-t1_s017_g001_max.lp
Reading time = 0.04 seconds
: 32909 rows, 1226 columns, 100417 nonzeros

Using Gurobi shared library /opt/gurobi1301/linux64/lib/libgurobi.so.13.0.1

CPU model: AMD EPYC-Genoa Processor, instruction set [SSE2|AVX|AVX2|AVX512]
Thread count: 16 physical cores, 16 logical processors, using up to 16 threads

Optimize a model with 32909 rows, 1226 columns and 100417 nonzeros (Max)
Model fingerprint: 0xb41e3d29
Model has 16 linear objective coefficients
Variable types: 63 continuous, 1163 integer (1163 binary)
Coefficient statistics:
  Matrix range     [1e+00, 5e+01]
  Objective range  [1e+00, 1e+00]
  Bounds range     [1e+00, 1e+00]
  RHS range        [1e+00, 5e+01]

Found heuristic solution: objective 16.0000000
Presolve removed 454 rows and 130 columns
Presolve time: 0.17s
Presolved: 32455 rows, 1096 columns, 97585 nonzeros
Variable types: 0 continuous, 1096 integer (1091 binary)
Root relaxation presolved: 16240 rows, 17311 columns, 65155 nonzeros


Root relaxation: objective 8.600000e+01, 499 iterations, 0.16 seconds (0.13 work units)

    Nodes    |    Current Node    |     Objective Bounds      |     Work
 Expl Unexpl |  Obj  Depth IntInf | Incumbent    BestBd   Gap | It/Node Time

     0     0   86.00000    0   18   16.00000   86.00000   438%     -    0s
H    0     0                      44.0000000   86.00000  95.5%     -    0s
     0     0   86.00000    0   18   44.00000   86.00000  95.5%     -    0s
     0     0   86.00000    0   18   44.00000   86.00000  95.5%     -    0s
     0     0   86.00000    0   13   44.00000   86.00000  95.5%     -    0s
     0     0   86.00000    0   13   44.00000   86.00000  95.5%     -    0s
     0     0   86.00000    0   12   44.00000   86.00000  95.5%     -    0s
     0     0   86.00000    0   12   44.00000   86.00000  95.5%     -    1s
     0     0   86.00000    0   14   44.00000   86.00000  95.5%     -    1s
     0     0   86.00000    0   14   44.00000   86.00000  95.5%     -    1s
     0     0   86.00000    0   14   44.00000   86.00000  95.5%     -    1s
     0     0   86.00000    0   14   44.00000   86.00000  95.5%     -    1s
     0     0   86.00000    0   14   44.00000   86.00000  95.5%     -    1s
     0     0   86.00000    0   14   44.00000   86.00000  95.5%     -    1s
     0     0   86.00000    0   14   44.00000   86.00000  95.5%     -    1s
     0     0   86.00000    0   15   44.00000   86.00000  95.5%     -    1s
     0     0   86.00000    0   14   44.00000   86.00000  95.5%     -    1s
     0     0   86.00000    0   14   44.00000   86.00000  95.5%     -    1s
     0     0   86.00000    0   14   44.00000   86.00000  95.5%     -    1s
     0     2   86.00000    0   13   44.00000   86.00000  95.5%     -    1s
   613     0 infeasible   11        44.00000   57.68889  31.1%   144    5s

Cutting planes:
  Gomory: 2
  MIR: 1
  StrongCG: 1
  Inf proof: 8
  Zero half: 6
  Mod-K: 2

Explored 617 nodes (90121 simplex iterations) in 5.07 seconds (7.93 work units)
Thread count was 16 (of 16 available processors)

Solution count 2: 44 16 

Optimal solution found (tolerance 1.00e-04)
Best objective 4.400000000000e+01, best bound 4.400000000000e+01, gap 0.0000%

Wrote result file '/root/bgw/data/results/2026_03_24_15_36_12_set_vm-4-t1_vm-4-t1_s017_g001_max.sol'

