[2026-03-24T00:43:43.093Z] Pipeline "set_prova_set_prova_set_s005_g001" → 2026_03_24_00_43_43_set_prova_set_prova_set_s005_g001_max.sol
Set parameter WLSAccessID
Set parameter WLSSecret
Set parameter LicenseID to value 2792458
Set parameter LogFile to value "gurobi.log"
Using license file /root/gurobi.lic
Academic license 2792458 - for non-commercial use only - registered to an___@studenti.unipg.it

Gurobi Optimizer version 13.0.1 build v13.0.1rc0 (linux64 - "Ubuntu 24.04.4 LTS")
Copyright (c) 2026, Gurobi Optimization, LLC

Warning: Duplicate section found (read 'binary') - Is a variable name equal to an LP file format keyword?
Warning: Duplicate section found (read 'binary') - Is a variable name equal to an LP file format keyword?
Warning: Duplicate section found (read 'binary') - Is a variable name equal to an LP file format keyword?
Warning: Duplicate section found (read 'binary') - Is a variable name equal to an LP file format keyword?
Warning: Duplicate section found (read 'binary') - Is a variable name equal to an LP file format keyword?
Warning: Duplicate section found (read 'binary') - Is a variable name equal to an LP file format keyword?
Warning: Duplicate section found (read 'binary') - Is a variable name equal to an LP file format keyword?
Warning: Duplicate section found (read 'binary') - Is a variable name equal to an LP file format keyword?
Warning: Duplicate section found (read 'binary') - Is a variable name equal to an LP file format keyword?
Warning: Duplicate section found (read 'binary') - Is a variable name equal to an LP file format keyword?
Warning: Further warnings of this type will be omitted.
Read LP format model from file /root/bgw/data/uploads/2026_03_24_00_43_43_set_prova_set_prova_set_s005_g001_max.lp
Reading time = 0.00 seconds
: 2325 rows, 260 columns, 6952 nonzeros

Using Gurobi shared library /opt/gurobi1301/linux64/lib/libgurobi.so.13.0.1

CPU model: AMD EPYC-Genoa Processor, instruction set [SSE2|AVX|AVX2|AVX512]
Thread count: 16 physical cores, 16 logical processors, using up to 16 threads

Academic license 2792458 - for non-commercial use only - registered to an___@studenti.unipg.it
Optimize a model with 2325 rows, 260 columns and 6952 nonzeros (Max)
Model fingerprint: 0x086e563c
Model has 16 linear objective coefficients
Variable types: 35 continuous, 225 integer (225 binary)
Coefficient statistics:
  Matrix range     [1e+00, 2e+01]
  Objective range  [1e+00, 1e+00]
  Bounds range     [1e+00, 1e+00]
  RHS range        [1e+00, 2e+01]

Found heuristic solution: objective 16.0000000
Presolve removed 345 rows and 64 columns
Presolve time: 0.01s
Presolved: 1980 rows, 196 columns, 6068 nonzeros
Variable types: 0 continuous, 196 integer (188 binary)
Found heuristic solution: objective 22.0000000

Root relaxation: objective 7.300000e+01, 194 iterations, 0.01 seconds (0.01 work units)

    Nodes    |    Current Node    |     Objective Bounds      |     Work
 Expl Unexpl |  Obj  Depth IntInf | Incumbent    BestBd   Gap | It/Node Time

     0     0   73.00000    0   34   22.00000   73.00000   232%     -    0s
H    0     0                      23.0000000   73.00000   217%     -    0s
H    0     0                      34.0000000   73.00000   115%     -    0s
H    0     0                      35.0000000   73.00000   109%     -    0s
     0     0   73.00000    0   46   35.00000   73.00000   109%     -    0s
H    0     0                      36.0000000   73.00000   103%     -    0s
     0     0   73.00000    0   46   36.00000   73.00000   103%     -    0s
H    0     0                      38.0000000   73.00000  92.1%     -    0s
     0     0   73.00000    0   44   38.00000   73.00000  92.1%     -    0s
     0     0   73.00000    0   32   38.00000   73.00000  92.1%     -    0s
     0     0   73.00000    0   31   38.00000   73.00000  92.1%     -    0s
     0     0   73.00000    0   31   38.00000   73.00000  92.1%     -    0s
     0     0   72.76471    0   31   38.00000   72.76471  91.5%     -    0s
     0     0   72.76471    0   31   38.00000   72.76471  91.5%     -    0s
     0     0   72.00000    0   31   38.00000   72.00000  89.5%     -    0s
     0     0   72.00000    0   31   38.00000   72.00000  89.5%     -    0s
H    0     0                      40.0000000   70.00000  75.0%     -    0s
     0     0   70.00000    0   31   40.00000   70.00000  75.0%     -    0s
     0     0   70.00000    0   31   40.00000   70.00000  75.0%     -    0s
     0     0   70.00000    0   31   40.00000   70.00000  75.0%     -    0s
     0     0   70.00000    0   31   40.00000   70.00000  75.0%     -    0s
     0     2   70.00000    0   31   40.00000   70.00000  75.0%     -    0s
H   14    20                      41.0000000   70.00000  70.7%  47.3    0s
 20055   450 infeasible   29        41.00000   48.00000  17.1%  48.8    5s

Cutting planes:
  Cover: 2
  Inf proof: 10

Explored 21928 nodes (1065763 simplex iterations) in 5.21 seconds (8.41 work units)
Thread count was 16 (of 16 available processors)

Solution count 10: 41 41 41 ... 23

Optimal solution found (tolerance 1.00e-04)
Best objective 4.100000000000e+01, best bound 4.100000000000e+01, gap 0.0000%

Wrote result file '/root/bgw/data/results/2026_03_24_00_43_43_set_prova_set_prova_set_s005_g001_max.sol'

