[2026-03-24T20:45:31.523Z] Pipeline "set_vm-3-t3_vm-3-t3_s012_g002" → 2026_03_24_20_45_31_set_vm-3-t3_vm-3-t3_s012_g002_max.sol
Set parameter Username
Set parameter LicenseID to value 2796068
Set parameter LogFile to value "gurobi.log"
Using license file /opt/gurobi/gurobi.lic
Academic license - for non-commercial use only - expires 2027-03-23

Gurobi Optimizer version 13.0.1 build v13.0.1rc0 (linux64 - "Ubuntu 24.04.4 LTS")
Copyright (c) 2026, Gurobi Optimization, LLC

Warning: Duplicate section found (read 'binary') - Is a variable name equal to an LP file format keyword?
Warning: Duplicate section found (read 'binary') - Is a variable name equal to an LP file format keyword?
Warning: Duplicate section found (read 'binary') - Is a variable name equal to an LP file format keyword?
Warning: Duplicate section found (read 'binary') - Is a variable name equal to an LP file format keyword?
Warning: Duplicate section found (read 'binary') - Is a variable name equal to an LP file format keyword?
Warning: Duplicate section found (read 'binary') - Is a variable name equal to an LP file format keyword?
Warning: Duplicate section found (read 'binary') - Is a variable name equal to an LP file format keyword?
Warning: Duplicate section found (read 'binary') - Is a variable name equal to an LP file format keyword?
Warning: Duplicate section found (read 'binary') - Is a variable name equal to an LP file format keyword?
Warning: Duplicate section found (read 'binary') - Is a variable name equal to an LP file format keyword?
Warning: Further warnings of this type will be omitted.
Read LP format model from file /root/bgw/data/uploads/2026_03_24_20_45_31_set_vm-3-t3_vm-3-t3_s012_g002_max.lp
Reading time = 0.00 seconds
: 3850 rows, 425 columns, 11774 nonzeros

Using Gurobi shared library /opt/gurobi1301/linux64/lib/libgurobi.so.13.0.1

CPU model: AMD EPYC-Genoa Processor, instruction set [SSE2|AVX|AVX2|AVX512]
Thread count: 16 physical cores, 16 logical processors, using up to 16 threads

Optimize a model with 3850 rows, 425 columns and 11774 nonzeros (Max)
Model fingerprint: 0xdbc5573f
Model has 100 linear objective coefficients
Variable types: 122 continuous, 303 integer (303 binary)
Coefficient statistics:
  Matrix range     [1e+00, 2e+01]
  Objective range  [1e+00, 1e+00]
  Bounds range     [1e+00, 1e+00]
  RHS range        [1e+00, 2e+01]

Found heuristic solution: objective 100.0000000
Presolve removed 716 rows and 163 columns
Presolve time: 0.01s
Presolved: 3134 rows, 262 columns, 9554 nonzeros
Variable types: 0 continuous, 262 integer (254 binary)
Found heuristic solution: objective 131.0000000

Root relaxation: objective 7.540000e+02, 240 iterations, 0.01 seconds (0.01 work units)

    Nodes    |    Current Node    |     Objective Bounds      |     Work
 Expl Unexpl |  Obj  Depth IntInf | Incumbent    BestBd   Gap | It/Node Time

     0     0  754.00000    0   39  131.00000  754.00000   476%     -    0s
H    0     0                     193.0000000  754.00000   291%     -    0s
H    0     0                     287.0000000  754.00000   163%     -    0s
     0     0  754.00000    0   39  287.00000  754.00000   163%     -    0s
     0     0  754.00000    0   38  287.00000  754.00000   163%     -    0s
     0     0  754.00000    0   38  287.00000  754.00000   163%     -    0s
     0     0  754.00000    0   27  287.00000  754.00000   163%     -    0s
H    0     0                     288.0000000  754.00000   162%     -    0s
     0     0  754.00000    0   34  288.00000  754.00000   162%     -    0s
     0     0  754.00000    0   27  288.00000  754.00000   162%     -    0s
     0     0  753.00000    0   26  288.00000  753.00000   161%     -    0s
     0     0  753.00000    0   26  288.00000  753.00000   161%     -    0s
     0     0  752.00000    0   34  288.00000  752.00000   161%     -    0s
     0     0  752.00000    0   34  288.00000  752.00000   161%     -    0s
     0     0  752.00000    0   44  288.00000  752.00000   161%     -    0s
     0     0  752.00000    0   24  288.00000  752.00000   161%     -    0s
     0     0  752.00000    0   26  288.00000  752.00000   161%     -    0s
     0     0  752.00000    0   26  288.00000  752.00000   161%     -    0s
     0     0  752.00000    0   26  288.00000  752.00000   161%     -    0s
     0     0  752.00000    0   25  288.00000  752.00000   161%     -    0s
     0     0  752.00000    0   25  288.00000  752.00000   161%     -    0s
     0     0  752.00000    0   25  288.00000  752.00000   161%     -    0s
     0     0  752.00000    0   25  288.00000  752.00000   161%     -    0s
     0     2  752.00000    0   25  288.00000  752.00000   161%     -    0s
  9853  1941  408.35000   34   67  288.00000  555.65000  92.9%  55.6    5s
 32399  4910  468.02500   43   19  288.00000  468.02500  62.5%  53.0   10s
 61476 13016  468.02500   45   33  288.00000  468.02500  62.5%  49.4   15s
 83913 17050 infeasible   55       288.00000  468.02500  62.5%  47.3   20s
 121056 18119  375.84561   52   14  288.00000  423.56250  47.1%  45.0   25s
 156198 15966 infeasible   54       288.00000  380.00000  31.9%  44.0   30s
 190363  9527  343.35000   58   16  288.00000  348.00000  20.8%  43.3   35s

Cutting planes:
  Inf proof: 1

Explored 210601 nodes (8907253 simplex iterations) in 37.50 seconds (72.35 work units)
Thread count was 16 (of 16 available processors)

Solution count 8: 288 288 288 ... 100

Optimal solution found (tolerance 1.00e-04)
Best objective 2.880000000000e+02, best bound 2.880000000000e+02, gap 0.0000%

Wrote result file '/root/bgw/data/results/2026_03_24_20_45_31_set_vm-3-t3_vm-3-t3_s012_g002_max.sol'

