[2026-03-24T16:13:31.864Z] Pipeline "set_vm-3-t1_vm-3-t1_s030_g002" → 2026_03_24_16_13_31_set_vm-3-t1_vm-3-t1_s030_g002_max.sol
Set parameter Username
Set parameter LicenseID to value 2796068
Set parameter LogFile to value "gurobi.log"
Using license file /opt/gurobi/gurobi.lic
Academic license - for non-commercial use only - expires 2027-03-23

Gurobi Optimizer version 13.0.1 build v13.0.1rc0 (linux64 - "Ubuntu 24.04.4 LTS")
Copyright (c) 2026, Gurobi Optimization, LLC

Warning: Duplicate section found (read 'binary') - Is a variable name equal to an LP file format keyword?
Warning: Duplicate section found (read 'binary') - Is a variable name equal to an LP file format keyword?
Warning: Duplicate section found (read 'binary') - Is a variable name equal to an LP file format keyword?
Warning: Duplicate section found (read 'binary') - Is a variable name equal to an LP file format keyword?
Warning: Duplicate section found (read 'binary') - Is a variable name equal to an LP file format keyword?
Warning: Duplicate section found (read 'binary') - Is a variable name equal to an LP file format keyword?
Warning: Duplicate section found (read 'binary') - Is a variable name equal to an LP file format keyword?
Warning: Duplicate section found (read 'binary') - Is a variable name equal to an LP file format keyword?
Warning: Duplicate section found (read 'binary') - Is a variable name equal to an LP file format keyword?
Warning: Duplicate section found (read 'binary') - Is a variable name equal to an LP file format keyword?
Warning: Further warnings of this type will be omitted.
Read LP format model from file /root/bgw/data/uploads/2026_03_24_16_13_31_set_vm-3-t1_vm-3-t1_s030_g002_max.lp
Reading time = 0.03 seconds
: 20168 rows, 904 columns, 61670 nonzeros

Using Gurobi shared library /opt/gurobi1301/linux64/lib/libgurobi.so.13.0.1

CPU model: AMD EPYC-Genoa Processor, instruction set [SSE2|AVX|AVX2|AVX512]
Thread count: 16 physical cores, 16 logical processors, using up to 16 threads

Optimize a model with 20168 rows, 904 columns and 61670 nonzeros (Max)
Model fingerprint: 0x018cd85c
Model has 16 linear objective coefficients
Variable types: 56 continuous, 848 integer (848 binary)
Coefficient statistics:
  Matrix range     [1e+00, 4e+01]
  Objective range  [1e+00, 1e+00]
  Bounds range     [1e+00, 1e+00]
  RHS range        [1e+00, 4e+01]

Found heuristic solution: objective 16.0000000
Presolve removed 383 rows and 109 columns
Presolve time: 0.07s
Presolved: 19785 rows, 795 columns, 59540 nonzeros
Variable types: 0 continuous, 795 integer (790 binary)
Found heuristic solution: objective 23.0000000

Root relaxation: objective 8.600000e+01, 321 iterations, 0.04 seconds (0.05 work units)

    Nodes    |    Current Node    |     Objective Bounds      |     Work
 Expl Unexpl |  Obj  Depth IntInf | Incumbent    BestBd   Gap | It/Node Time

     0     0   86.00000    0   37   23.00000   86.00000   274%     -    0s
H    0     0                      37.0000000   86.00000   132%     -    0s
H    0     0                      44.0000000   86.00000  95.5%     -    0s
     0     0   86.00000    0   21   44.00000   86.00000  95.5%     -    0s
     0     0   86.00000    0   34   44.00000   86.00000  95.5%     -    0s
     0     0   86.00000    0   14   44.00000   86.00000  95.5%     -    0s
     0     0   86.00000    0   14   44.00000   86.00000  95.5%     -    0s
     0     0   86.00000    0   14   44.00000   86.00000  95.5%     -    0s
     0     0   86.00000    0   14   44.00000   86.00000  95.5%     -    0s
     0     0   86.00000    0   17   44.00000   86.00000  95.5%     -    0s
     0     0   86.00000    0   17   44.00000   86.00000  95.5%     -    0s
     0     0   86.00000    0   17   44.00000   86.00000  95.5%     -    0s
     0     0   86.00000    0   14   44.00000   86.00000  95.5%     -    0s
     0     0   86.00000    0   20   44.00000   86.00000  95.5%     -    0s
     0     0   86.00000    0   22   44.00000   86.00000  95.5%     -    0s
     0     0   86.00000    0   14   44.00000   86.00000  95.5%     -    0s
     0     0   86.00000    0   13   44.00000   86.00000  95.5%     -    0s
     0     0   86.00000    0   13   44.00000   86.00000  95.5%     -    0s
     0     0   86.00000    0   13   44.00000   86.00000  95.5%     -    1s
     0     0   86.00000    0   13   44.00000   86.00000  95.5%     -    1s
     0     2   86.00000    0   13   44.00000   86.00000  95.5%     -    1s

Cutting planes:
  Gomory: 2
  Lift-and-project: 2
  Cover: 2
  MIR: 12
  Inf proof: 12
  Zero half: 2

Explored 558 nodes (68133 simplex iterations) in 2.87 seconds (4.18 work units)
Thread count was 16 (of 16 available processors)

Solution count 4: 44 37 23 16 

Optimal solution found (tolerance 1.00e-04)
Best objective 4.400000000000e+01, best bound 4.400000000000e+01, gap 0.0000%

Wrote result file '/root/bgw/data/results/2026_03_24_16_13_31_set_vm-3-t1_vm-3-t1_s030_g002_max.sol'

