[2026-03-24T14:35:42.598Z] Pipeline "set_vm-3-t1_vm-3-t1_s017_g001" → 2026_03_24_14_35_42_set_vm-3-t1_vm-3-t1_s017_g001_max.sol
Set parameter Username
Set parameter LicenseID to value 2796068
Set parameter LogFile to value "gurobi.log"
Using license file /opt/gurobi/gurobi.lic
Academic license - for non-commercial use only - expires 2027-03-23

Gurobi Optimizer version 13.0.1 build v13.0.1rc0 (linux64 - "Ubuntu 24.04.4 LTS")
Copyright (c) 2026, Gurobi Optimization, LLC

Warning: Duplicate section found (read 'binary') - Is a variable name equal to an LP file format keyword?
Warning: Duplicate section found (read 'binary') - Is a variable name equal to an LP file format keyword?
Warning: Duplicate section found (read 'binary') - Is a variable name equal to an LP file format keyword?
Warning: Duplicate section found (read 'binary') - Is a variable name equal to an LP file format keyword?
Warning: Duplicate section found (read 'binary') - Is a variable name equal to an LP file format keyword?
Warning: Duplicate section found (read 'binary') - Is a variable name equal to an LP file format keyword?
Warning: Duplicate section found (read 'binary') - Is a variable name equal to an LP file format keyword?
Warning: Duplicate section found (read 'binary') - Is a variable name equal to an LP file format keyword?
Warning: Duplicate section found (read 'binary') - Is a variable name equal to an LP file format keyword?
Warning: Duplicate section found (read 'binary') - Is a variable name equal to an LP file format keyword?
Warning: Further warnings of this type will be omitted.
Read LP format model from file /root/bgw/data/uploads/2026_03_24_14_35_42_set_vm-3-t1_vm-3-t1_s017_g001_max.lp
Reading time = 0.00 seconds
: 6171 rows, 443 columns, 18893 nonzeros

Using Gurobi shared library /opt/gurobi1301/linux64/lib/libgurobi.so.13.0.1

CPU model: AMD EPYC-Genoa Processor, instruction set [SSE2|AVX|AVX2|AVX512]
Thread count: 16 physical cores, 16 logical processors, using up to 16 threads

Optimize a model with 6171 rows, 443 columns and 18893 nonzeros (Max)
Model fingerprint: 0xcab1ac45
Model has 10 linear objective coefficients
Variable types: 37 continuous, 406 integer (406 binary)
Coefficient statistics:
  Matrix range     [1e+00, 3e+01]
  Objective range  [1e+00, 1e+00]
  Bounds range     [1e+00, 1e+00]
  RHS range        [1e+00, 3e+01]

Found heuristic solution: objective 10.0000000
Presolve removed 290 rows and 73 columns
Presolve time: 0.02s
Presolved: 5881 rows, 370 columns, 17811 nonzeros
Variable types: 0 continuous, 370 integer (363 binary)
Found heuristic solution: objective 13.0000000

Root relaxation: objective 4.600000e+01, 200 iterations, 0.01 seconds (0.01 work units)

    Nodes    |    Current Node    |     Objective Bounds      |     Work
 Expl Unexpl |  Obj  Depth IntInf | Incumbent    BestBd   Gap | It/Node Time

     0     0   46.00000    0   32   13.00000   46.00000   254%     -    0s
H    0     0                      16.0000000   46.00000   188%     -    0s
H    0     0                      25.0000000   46.00000  84.0%     -    0s
H    0     0                      28.0000000   46.00000  64.3%     -    0s
     0     0   46.00000    0   30   28.00000   46.00000  64.3%     -    0s
     0     0   46.00000    0   30   28.00000   46.00000  64.3%     -    0s
     0     0   46.00000    0   30   28.00000   46.00000  64.3%     -    0s
     0     0   46.00000    0   20   28.00000   46.00000  64.3%     -    0s
     0     0   46.00000    0   20   28.00000   46.00000  64.3%     -    0s
     0     0   46.00000    0   26   28.00000   46.00000  64.3%     -    0s
     0     0   46.00000    0   17   28.00000   46.00000  64.3%     -    0s
     0     0   46.00000    0   24   28.00000   46.00000  64.3%     -    0s
     0     0   46.00000    0   18   28.00000   46.00000  64.3%     -    0s
     0     0   46.00000    0   26   28.00000   46.00000  64.3%     -    0s
     0     0   46.00000    0   18   28.00000   46.00000  64.3%     -    0s
     0     0   46.00000    0   25   28.00000   46.00000  64.3%     -    0s
     0     0   46.00000    0   27   28.00000   46.00000  64.3%     -    0s
     0     0   46.00000    0   27   28.00000   46.00000  64.3%     -    0s
     0     0   46.00000    0   26   28.00000   46.00000  64.3%     -    0s
     0     0   46.00000    0   24   28.00000   46.00000  64.3%     -    0s
     0     0   46.00000    0   25   28.00000   46.00000  64.3%     -    0s
     0     0   46.00000    0   25   28.00000   46.00000  64.3%     -    0s
     0     0   46.00000    0   25   28.00000   46.00000  64.3%     -    0s
     0     0   46.00000    0   25   28.00000   46.00000  64.3%     -    0s
     0     2   46.00000    0   24   28.00000   46.00000  64.3%     -    0s

Cutting planes:
  Cover: 16
  MIR: 2
  StrongCG: 1
  Inf proof: 22
  Zero half: 4

Explored 2352 nodes (274750 simplex iterations) in 2.21 seconds (4.15 work units)
Thread count was 16 (of 16 available processors)

Solution count 5: 28 25 16 ... 10

Optimal solution found (tolerance 1.00e-04)
Best objective 2.800000000000e+01, best bound 2.800000000000e+01, gap 0.0000%

Wrote result file '/root/bgw/data/results/2026_03_24_14_35_42_set_vm-3-t1_vm-3-t1_s017_g001_max.sol'

