[2026-03-23T13:36:19.742Z] Pipeline "set_exp_2_exp_2_n020_c004_g002" → 2026_03_23_13_36_19_set_exp_2_exp_2_n020_c004_g002_max.sol
Set parameter WLSAccessID
Set parameter WLSSecret
Set parameter LicenseID to value 2792458
Set parameter LogFile to value "gurobi.log"
Using license file /root/gurobi.lic
Academic license 2792458 - for non-commercial use only - registered to an___@studenti.unipg.it

Gurobi Optimizer version 13.0.1 build v13.0.1rc0 (linux64 - "Ubuntu 24.04.4 LTS")
Copyright (c) 2026, Gurobi Optimization, LLC

Warning: Duplicate section found (read 'binary') - Is a variable name equal to an LP file format keyword?
Warning: Duplicate section found (read 'binary') - Is a variable name equal to an LP file format keyword?
Warning: Duplicate section found (read 'binary') - Is a variable name equal to an LP file format keyword?
Warning: Duplicate section found (read 'binary') - Is a variable name equal to an LP file format keyword?
Warning: Duplicate section found (read 'binary') - Is a variable name equal to an LP file format keyword?
Warning: Duplicate section found (read 'binary') - Is a variable name equal to an LP file format keyword?
Warning: Duplicate section found (read 'binary') - Is a variable name equal to an LP file format keyword?
Warning: Duplicate section found (read 'binary') - Is a variable name equal to an LP file format keyword?
Warning: Duplicate section found (read 'binary') - Is a variable name equal to an LP file format keyword?
Warning: Duplicate section found (read 'binary') - Is a variable name equal to an LP file format keyword?
Warning: Further warnings of this type will be omitted.
Read LP format model from file /root/bgw/data/uploads/2026_03_23_13_36_19_set_exp_2_exp_2_n020_c004_g002_max.lp
Reading time = 0.00 seconds
: 2684 rows, 294 columns, 8016 nonzeros

Using Gurobi shared library /opt/gurobi1301/linux64/lib/libgurobi.so.13.0.1

CPU model: AMD EPYC-Genoa Processor, instruction set [SSE2|AVX|AVX2|AVX512]
Thread count: 16 physical cores, 16 logical processors, using up to 16 threads

Academic license 2792458 - for non-commercial use only - registered to an___@studenti.unipg.it
Optimize a model with 2684 rows, 294 columns and 8016 nonzeros (Max)
Model fingerprint: 0xf292bbe3
Model has 4 linear objective coefficients
Variable types: 24 continuous, 270 integer (270 binary)
Coefficient statistics:
  Matrix range     [1e+00, 2e+01]
  Objective range  [1e+00, 1e+00]
  Bounds range     [1e+00, 1e+00]
  RHS range        [1e+00, 2e+01]

Found heuristic solution: objective 4.0000000
Presolve removed 373 rows and 84 columns
Presolve time: 0.01s
Presolved: 2311 rows, 210 columns, 7086 nonzeros
Variable types: 0 continuous, 210 integer (201 binary)
Found heuristic solution: objective 6.0000000

Root relaxation: objective 1.600000e+01, 215 iterations, 0.01 seconds (0.01 work units)

    Nodes    |    Current Node    |     Objective Bounds      |     Work
 Expl Unexpl |  Obj  Depth IntInf | Incumbent    BestBd   Gap | It/Node Time

     0     0   16.00000    0   24    6.00000   16.00000   167%     -    0s
H    0     0                      10.0000000   16.00000  60.0%     -    0s
H    0     0                      11.0000000   16.00000  45.5%     -    0s
     0     0   16.00000    0   25   11.00000   16.00000  45.5%     -    0s
H    0     0                      12.0000000   16.00000  33.3%     -    0s
     0     0   16.00000    0   25   12.00000   16.00000  33.3%     -    0s
     0     0   16.00000    0   21   12.00000   16.00000  33.3%     -    0s
     0     0   16.00000    0   20   12.00000   16.00000  33.3%     -    0s
     0     0   16.00000    0   22   12.00000   16.00000  33.3%     -    0s
     0     0   16.00000    0   20   12.00000   16.00000  33.3%     -    0s
     0     0   16.00000    0   12   12.00000   16.00000  33.3%     -    0s
     0     0   16.00000    0   12   12.00000   16.00000  33.3%     -    0s
     0     0   16.00000    0   30   12.00000   16.00000  33.3%     -    0s
     0     0   16.00000    0   20   12.00000   16.00000  33.3%     -    0s
     0     0   16.00000    0   12   12.00000   16.00000  33.3%     -    0s
     0     0   16.00000    0   12   12.00000   16.00000  33.3%     -    0s
     0     0   16.00000    0   24   12.00000   16.00000  33.3%     -    0s
     0     0   16.00000    0   14   12.00000   16.00000  33.3%     -    0s
     0     0   16.00000    0   12   12.00000   16.00000  33.3%     -    0s
     0     0   16.00000    0   12   12.00000   16.00000  33.3%     -    0s
     0     0   16.00000    0   12   12.00000   16.00000  33.3%     -    0s
     0     0   16.00000    0   12   12.00000   16.00000  33.3%     -    0s
     0     2   16.00000    0   12   12.00000   16.00000  33.3%     -    0s

Cutting planes:
  Cover: 4
  MIR: 1
  Inf proof: 10
  Zero half: 1

Explored 486 nodes (27874 simplex iterations) in 0.36 seconds (0.47 work units)
Thread count was 16 (of 16 available processors)

Solution count 5: 12 11 10 ... 4

Optimal solution found (tolerance 1.00e-04)
Best objective 1.200000000000e+01, best bound 1.200000000000e+01, gap 0.0000%

Wrote result file '/root/bgw/data/results/2026_03_23_13_36_19_set_exp_2_exp_2_n020_c004_g002_max.sol'

