[2026-03-23T16:04:30.603Z] Pipeline "set_exp_3_exp_3_n028_c003_g003" → 2026_03_23_16_04_30_set_exp_3_exp_3_n028_c003_g003_max.sol
Set parameter WLSAccessID
Set parameter WLSSecret
Set parameter LicenseID to value 2792458
Set parameter LogFile to value "gurobi.log"
Using license file /root/gurobi.lic
Academic license 2792458 - for non-commercial use only - registered to an___@studenti.unipg.it

Gurobi Optimizer version 13.0.1 build v13.0.1rc0 (linux64 - "Ubuntu 24.04.4 LTS")
Copyright (c) 2026, Gurobi Optimization, LLC

Warning: Duplicate section found (read 'binary') - Is a variable name equal to an LP file format keyword?
Warning: Duplicate section found (read 'binary') - Is a variable name equal to an LP file format keyword?
Warning: Duplicate section found (read 'binary') - Is a variable name equal to an LP file format keyword?
Warning: Duplicate section found (read 'binary') - Is a variable name equal to an LP file format keyword?
Warning: Duplicate section found (read 'binary') - Is a variable name equal to an LP file format keyword?
Warning: Duplicate section found (read 'binary') - Is a variable name equal to an LP file format keyword?
Warning: Duplicate section found (read 'binary') - Is a variable name equal to an LP file format keyword?
Warning: Duplicate section found (read 'binary') - Is a variable name equal to an LP file format keyword?
Warning: Duplicate section found (read 'binary') - Is a variable name equal to an LP file format keyword?
Warning: Duplicate section found (read 'binary') - Is a variable name equal to an LP file format keyword?
Warning: Further warnings of this type will be omitted.
Read LP format model from file /root/bgw/data/uploads/2026_03_23_16_04_30_set_exp_3_exp_3_n028_c003_g003_max.lp
Reading time = 0.01 seconds
: 8014 rows, 640 columns, 23345 nonzeros

Using Gurobi shared library /opt/gurobi1301/linux64/lib/libgurobi.so.13.0.1

CPU model: AMD EPYC-Genoa Processor, instruction set [SSE2|AVX|AVX2|AVX512]
Thread count: 16 physical cores, 16 logical processors, using up to 16 threads

Academic license 2792458 - for non-commercial use only - registered to an___@studenti.unipg.it
Optimize a model with 8014 rows, 640 columns and 23345 nonzeros (Max)
Model fingerprint: 0x40721014
Model has 14 linear objective coefficients
Variable types: 42 continuous, 598 integer (598 binary)
Coefficient statistics:
  Matrix range     [1e+00, 3e+01]
  Objective range  [1e+00, 1e+00]
  Bounds range     [1e+00, 1e+00]
  RHS range        [1e+00, 3e+01]

Found heuristic solution: objective 14.0000000
Presolve removed 1427 rows and 241 columns
Presolve time: 0.04s
Presolved: 6587 rows, 399 columns, 19936 nonzeros
Variable types: 0 continuous, 399 integer (392 binary)
Found heuristic solution: objective 20.0000000

Root relaxation: objective 6.500000e+01, 239 iterations, 0.02 seconds (0.02 work units)

    Nodes    |    Current Node    |     Objective Bounds      |     Work
 Expl Unexpl |  Obj  Depth IntInf | Incumbent    BestBd   Gap | It/Node Time

     0     0   65.00000    0   27   20.00000   65.00000   225%     -    0s
H    0     0                      30.0000000   65.00000   117%     -    0s
H    0     0                      33.0000000   65.00000  97.0%     -    0s
H    0     0                      34.0000000   65.00000  91.2%     -    0s
H    0     0                      35.0000000   65.00000  85.7%     -    0s
H    0     0                      36.0000000   65.00000  80.6%     -    0s
H    0     0                      37.0000000   65.00000  75.7%     -    0s
H    0     0                      39.0000000   65.00000  66.7%     -    0s
     0     0   65.00000    0   27   39.00000   65.00000  66.7%     -    0s
     0     0   65.00000    0   27   39.00000   65.00000  66.7%     -    0s
     0     0   65.00000    0   25   39.00000   65.00000  66.7%     -    0s
     0     0   65.00000    0   25   39.00000   65.00000  66.7%     -    0s
     0     0   64.88462    0   25   39.00000   64.88462  66.4%     -    0s
     0     0   64.88462    0   17   39.00000   64.88462  66.4%     -    0s
     0     0   62.00000    0   24   39.00000   62.00000  59.0%     -    0s
     0     0   62.00000    0   25   39.00000   62.00000  59.0%     -    0s
     0     0   62.00000    0   25   39.00000   62.00000  59.0%     -    0s
     0     0   62.00000    0   25   39.00000   62.00000  59.0%     -    0s
     0     0   62.00000    0   25   39.00000   62.00000  59.0%     -    0s
     0     0   62.00000    0   25   39.00000   62.00000  59.0%     -    0s
     0     0   62.00000    0   25   39.00000   62.00000  59.0%     -    0s
     0     0   62.00000    0   25   39.00000   62.00000  59.0%     -    0s
     0     0   62.00000    0   25   39.00000   62.00000  59.0%     -    0s
     0     0   62.00000    0   25   39.00000   62.00000  59.0%     -    0s
     0     0   62.00000    0   25   39.00000   62.00000  59.0%     -    0s
     0     2   62.00000    0   17   39.00000   62.00000  59.0%     -    0s

Cutting planes:
  Gomory: 2
  Cover: 39
  MIR: 10
  Inf proof: 55
  Zero half: 1
  Mod-K: 2

Explored 4045 nodes (455479 simplex iterations) in 4.51 seconds (6.83 work units)
Thread count was 16 (of 16 available processors)

Solution count 9: 39 37 36 ... 14

Optimal solution found (tolerance 1.00e-04)
Best objective 3.900000000000e+01, best bound 3.900000000000e+01, gap 0.0000%

Wrote result file '/root/bgw/data/results/2026_03_23_16_04_30_set_exp_3_exp_3_n028_c003_g003_max.sol'

