[2026-03-24T00:36:07.418Z] Pipeline "set_prova_set_prova_set_s000_g003" → 2026_03_24_00_36_07_set_prova_set_prova_set_s000_g003_max.sol
Set parameter WLSAccessID
Set parameter WLSSecret
Set parameter LicenseID to value 2792458
Set parameter LogFile to value "gurobi.log"
Using license file /root/gurobi.lic
Academic license 2792458 - for non-commercial use only - registered to an___@studenti.unipg.it

Gurobi Optimizer version 13.0.1 build v13.0.1rc0 (linux64 - "Ubuntu 24.04.4 LTS")
Copyright (c) 2026, Gurobi Optimization, LLC

Warning: Duplicate section found (read 'binary') - Is a variable name equal to an LP file format keyword?
Warning: Duplicate section found (read 'binary') - Is a variable name equal to an LP file format keyword?
Warning: Duplicate section found (read 'binary') - Is a variable name equal to an LP file format keyword?
Warning: Duplicate section found (read 'binary') - Is a variable name equal to an LP file format keyword?
Warning: Duplicate section found (read 'binary') - Is a variable name equal to an LP file format keyword?
Warning: Duplicate section found (read 'binary') - Is a variable name equal to an LP file format keyword?
Warning: Duplicate section found (read 'binary') - Is a variable name equal to an LP file format keyword?
Warning: Duplicate section found (read 'binary') - Is a variable name equal to an LP file format keyword?
Warning: Duplicate section found (read 'binary') - Is a variable name equal to an LP file format keyword?
Warning: Duplicate section found (read 'binary') - Is a variable name equal to an LP file format keyword?
Warning: Further warnings of this type will be omitted.
Read LP format model from file /root/bgw/data/uploads/2026_03_24_00_36_07_set_prova_set_prova_set_s000_g003_max.lp
Reading time = 0.00 seconds
: 741 rows, 135 columns, 2074 nonzeros

Using Gurobi shared library /opt/gurobi1301/linux64/lib/libgurobi.so.13.0.1

CPU model: AMD EPYC-Genoa Processor, instruction set [SSE2|AVX|AVX2|AVX512]
Thread count: 16 physical cores, 16 logical processors, using up to 16 threads

Academic license 2792458 - for non-commercial use only - registered to an___@studenti.unipg.it
Optimize a model with 741 rows, 135 columns and 2074 nonzeros (Max)
Model fingerprint: 0x5422f204
Model has 13 linear objective coefficients
Variable types: 25 continuous, 110 integer (110 binary)
Coefficient statistics:
  Matrix range     [1e+00, 1e+01]
  Objective range  [1e+00, 1e+00]
  Bounds range     [1e+00, 1e+00]
  RHS range        [1e+00, 1e+01]

Found heuristic solution: objective 13.0000000
Presolve removed 258 rows and 43 columns
Presolve time: 0.00s
Presolved: 483 rows, 92 columns, 1530 nonzeros
Variable types: 0 continuous, 92 integer (83 binary)
Found heuristic solution: objective 21.0000000

Root relaxation: objective 5.800000e+01, 111 iterations, 0.00 seconds (0.00 work units)

    Nodes    |    Current Node    |     Objective Bounds      |     Work
 Expl Unexpl |  Obj  Depth IntInf | Incumbent    BestBd   Gap | It/Node Time

     0     0   58.00000    0   36   21.00000   58.00000   176%     -    0s
H    0     0                      27.0000000   58.00000   115%     -    0s
H    0     0                      30.0000000   58.00000  93.3%     -    0s
H    0     0                      33.0000000   58.00000  75.8%     -    0s
     0     0   58.00000    0   44   33.00000   58.00000  75.8%     -    0s
     0     0   58.00000    0   42   33.00000   58.00000  75.8%     -    0s
     0     0   57.40000    0   42   33.00000   57.40000  73.9%     -    0s
     0     0   57.40000    0   42   33.00000   57.40000  73.9%     -    0s
H    0     0                      34.0000000   57.40000  68.8%     -    0s
H    0     0                      37.0000000   57.40000  55.1%     -    0s
     0     0   55.00000    0   40   37.00000   55.00000  48.6%     -    0s
     0     0   55.00000    0   40   37.00000   55.00000  48.6%     -    0s
     0     0   55.00000    0   27   37.00000   55.00000  48.6%     -    0s
     0     0   55.00000    0   39   37.00000   55.00000  48.6%     -    0s
     0     0   55.00000    0   34   37.00000   55.00000  48.6%     -    0s
     0     0   55.00000    0   38   37.00000   55.00000  48.6%     -    0s
     0     0   55.00000    0   34   37.00000   55.00000  48.6%     -    0s
     0     0   55.00000    0   41   37.00000   55.00000  48.6%     -    0s
     0     0   55.00000    0   33   37.00000   55.00000  48.6%     -    0s
     0     0   54.20000    0   37   37.00000   54.20000  46.5%     -    0s
     0     0   54.20000    0   37   37.00000   54.20000  46.5%     -    0s
     0     0   54.20000    0   37   37.00000   54.20000  46.5%     -    0s
     0     0   54.20000    0   34   37.00000   54.20000  46.5%     -    0s
     0     2   54.20000    0   34   37.00000   54.20000  46.5%     -    0s

Cutting planes:
  Gomory: 1
  Cover: 44
  Inf proof: 50
  Zero half: 1

Explored 8862 nodes (237101 simplex iterations) in 0.95 seconds (1.02 work units)
Thread count was 16 (of 16 available processors)

Solution count 7: 37 34 33 ... 13

Optimal solution found (tolerance 1.00e-04)
Best objective 3.700000000000e+01, best bound 3.700000000000e+01, gap 0.0000%

Wrote result file '/root/bgw/data/results/2026_03_24_00_36_07_set_prova_set_prova_set_s000_g003_max.sol'

