[2026-03-24T13:41:22.378Z] Pipeline "set_big_5-7_big_5-7_s010_g003" → 2026_03_24_13_41_22_set_big_5-7_big_5-7_s010_g003_max.sol
Set parameter WLSAccessID
Set parameter WLSSecret
Set parameter LicenseID to value 2792458
Set parameter LogFile to value "gurobi.log"
Using license file /root/gurobi.lic
Academic license 2792458 - for non-commercial use only - registered to an___@studenti.unipg.it

Gurobi Optimizer version 13.0.1 build v13.0.1rc0 (linux64 - "Ubuntu 24.04.4 LTS")
Copyright (c) 2026, Gurobi Optimization, LLC

Warning: Duplicate section found (read 'binary') - Is a variable name equal to an LP file format keyword?
Warning: Duplicate section found (read 'binary') - Is a variable name equal to an LP file format keyword?
Warning: Duplicate section found (read 'binary') - Is a variable name equal to an LP file format keyword?
Warning: Duplicate section found (read 'binary') - Is a variable name equal to an LP file format keyword?
Warning: Duplicate section found (read 'binary') - Is a variable name equal to an LP file format keyword?
Warning: Duplicate section found (read 'binary') - Is a variable name equal to an LP file format keyword?
Warning: Duplicate section found (read 'binary') - Is a variable name equal to an LP file format keyword?
Warning: Duplicate section found (read 'binary') - Is a variable name equal to an LP file format keyword?
Warning: Duplicate section found (read 'binary') - Is a variable name equal to an LP file format keyword?
Warning: Duplicate section found (read 'binary') - Is a variable name equal to an LP file format keyword?
Warning: Further warnings of this type will be omitted.
Read LP format model from file /root/bgw/data/uploads/2026_03_24_13_41_22_set_big_5-7_big_5-7_s010_g003_max.lp
Reading time = 0.03 seconds
: 20892 rows, 1037 columns, 63441 nonzeros

Using Gurobi shared library /opt/gurobi1301/linux64/lib/libgurobi.so.13.0.1

CPU model: AMD EPYC-Genoa Processor, instruction set [SSE2|AVX|AVX2|AVX512]
Thread count: 16 physical cores, 16 logical processors, using up to 16 threads

Academic license 2792458 - for non-commercial use only - registered to an___@studenti.unipg.it
Optimize a model with 20892 rows, 1037 columns and 63441 nonzeros (Max)
Model fingerprint: 0xd85f51b0
Model has 88 linear objective coefficients
Variable types: 128 continuous, 909 integer (909 binary)
Coefficient statistics:
  Matrix range     [1e+00, 4e+01]
  Objective range  [1e+00, 1e+00]
  Bounds range     [1e+00, 1e+00]
  RHS range        [1e+00, 4e+01]

Found heuristic solution: objective 88.0000000
Presolve removed 1057 rows and 214 columns
Presolve time: 0.07s
Presolved: 19835 rows, 823 columns, 59912 nonzeros
Variable types: 0 continuous, 823 integer (812 binary)
Found heuristic solution: objective 118.0000000

Root relaxation: objective 5.530000e+02, 677 iterations, 0.07 seconds (0.10 work units)

    Nodes    |    Current Node    |     Objective Bounds      |     Work
 Expl Unexpl |  Obj  Depth IntInf | Incumbent    BestBd   Gap | It/Node Time

     0     0  553.00000    0   73  118.00000  553.00000   369%     -    0s
H    0     0                     133.0000000  553.00000   316%     -    0s
H    0     0                     165.0000000  553.00000   235%     -    0s
H    0     0                     196.0000000  553.00000   182%     -    0s
H    0     0                     211.0000000  553.00000   162%     -    0s
     0     0  553.00000    0   79  211.00000  553.00000   162%     -    0s
H    0     0                     224.0000000  553.00000   147%     -    0s
     0     0  553.00000    0   75  224.00000  553.00000   147%     -    0s
     0     0  553.00000    0   61  224.00000  553.00000   147%     -    1s
H    0     0                     226.0000000  553.00000   145%     -    1s
H    0     0                     228.0000000  553.00000   143%     -    1s
H    0     0                     229.0000000  553.00000   141%     -    1s
     0     0  552.57895    0   77  229.00000  552.57895   141%     -    2s
     0     0  552.57895    0   63  229.00000  552.57895   141%     -    2s
     0     0  538.00000    0  105  229.00000  538.00000   135%     -    2s
     0     0  538.00000    0   49  229.00000  538.00000   135%     -    2s
H    0     0                     242.0000000  538.00000   122%     -    2s
     0     0  538.00000    0   91  242.00000  538.00000   122%     -    2s
     0     0  538.00000    0   63  242.00000  538.00000   122%     -    3s
     0     0  538.00000    0   62  242.00000  538.00000   122%     -    3s
     0     0  538.00000    0   50  242.00000  538.00000   122%     -    3s
     0     0  538.00000    0   61  242.00000  538.00000   122%     -    3s
     0     0  538.00000    0   61  242.00000  538.00000   122%     -    3s
     0     0  538.00000    0   64  242.00000  538.00000   122%     -    3s
     0     0  538.00000    0   64  242.00000  538.00000   122%     -    3s
     0     0  538.00000    0   64  242.00000  538.00000   122%     -    3s
     0     0  538.00000    0   63  242.00000  538.00000   122%     -    3s
     0     2  538.00000    0   63  242.00000  538.00000   122%     -    3s
   181   166  505.01316   10  106  242.00000  538.00000   122%   218    5s
   678   487  410.04211   23   40  242.00000  537.60526   122%   325   10s
H 1021   651                     243.0000000  537.57895   121%   330   12s
  1358   872  324.52632   24  109  243.00000  536.60526   121%   330   15s
  2326  1331 infeasible   26       243.00000  534.84211   120%   339   20s
  2968  1686  367.89676   19  104  243.00000  533.42105   120%   367   25s
H 3075  1685                     244.0000000  533.39130   119%   374   26s
  3089  1698  533.39130   17   69  244.00000  533.39130   119%   375   30s
  3618  1874  321.47368   40  121  244.00000  533.39130   119%   365   35s
  4086  1909  520.44737   21  144  244.00000  533.39130   119%   366   40s
  4944  2083  304.73684   37   74  244.00000  527.47368   116%   341   45s
  5971  2324  366.07018   33   63  244.00000  520.73684   113%   333   50s
  7580  2501  452.84211   28  129  244.00000  502.28947   106%   323   55s
  9034  2839  398.05263   32   67  244.00000  489.71053   101%   318   61s
  9810  3161  306.97368   40   53  244.00000  486.93421   100%   327   65s
 11259  3804  411.26316   27  134  244.00000  474.84868  94.6%   329   70s
 12490  4338  287.39474   42   84  244.00000  473.42105  94.0%   331   75s
 13615  4896  257.42105   46  239  244.00000  473.13158  93.9%   340   81s
 14656  5366  382.69737   33  123  244.00000  460.28947  88.6%   341   85s
 16631  5974  259.92763   45   67  244.00000  457.94737  87.7%   335   90s
 17457  6497  302.72368   35  101  244.00000  457.02632  87.3%   339   96s
 18787  7048  304.78571   37  127  244.00000  452.28070  85.4%   339  101s
 20302  7745  411.92982   27   60  244.00000  445.13158  82.4%   338  106s
 21085  7747  317.92105   39  117  244.00000  445.09211  82.4%   339  110s
 21410  7862  445.02632   42   56  244.00000  445.09211  82.4%   338  115s
 21808  7930  285.86842   60   22  244.00000  445.09211  82.4%   338  120s
 22744  8177  335.65789   53   51  244.00000  445.09211  82.4%   339  125s
 24119  8496 infeasible   51       244.00000  445.09211  82.4%   340  130s
 25130  8680  415.35775   42  170  244.00000  445.09211  82.4%   342  135s
 26347  8972 infeasible   62       244.00000  445.09211  82.4%   341  140s
 27801  9274 infeasible   56       244.00000  445.09211  82.4%   344  145s
 29087  9537  256.13158   56   24  244.00000  445.09211  82.4%   345  150s
 31503 10022  318.68421   52   49  244.00000  445.09211  82.4%   346  156s
 33191 10280  277.00000   53   34  244.00000  445.09211  82.4%   346  161s
 34847 10537  349.57895   51   61  244.00000  445.09211  82.4%   348  166s
 36083 10754  297.27881   52  112  244.00000  445.09211  82.4%   349  170s
 38258 11166  289.90132   56   31  244.00000  445.09211  82.4%   350  176s
 39951 11326  381.39474   45   50  244.00000  445.09211  82.4%   349  180s
 41590 11804  351.97368   46   47  244.00000  444.34211  82.1%   349  185s
 43526 12054  260.39474   61   22  244.00000  441.96053  81.1%   349  190s
 45781 12824  368.71053   50   68  244.00000  436.65789  79.0%   350  196s
 48140 14029  290.79079   56  179  244.00000  431.21053  76.7%   350  202s
 49460 14659  271.81579   67   21  244.00000  430.19298  76.3%   350  205s
 52313 15981  288.68421   51   60  244.00000  429.00000  75.8%   349  212s
 53636 16520  321.14723   50   64  244.00000  428.58947  75.7%   349  215s
 56456 17933  246.92105   63   13  244.00000  426.52555  74.8%   350  223s
 58175 18679  260.84211   63   18  244.00000  424.92982  74.2%   350  228s
 59775 19514 infeasible   59       244.00000  417.15789  71.0%   349  232s
 61549 20264  351.38158   49   60  244.00000  416.55263  70.7%   349  236s
 63284 21045  366.00000   48  155  244.00000  416.00000  70.5%   349  241s
 64954 21795  276.22368   49   39  244.00000  415.44737  70.3%   350  245s
 68351 23328  412.21550   48   73  244.00000  414.09211  69.7%   350  254s
 70000 24118  261.36842   58   41  244.00000  413.27632  69.4%   351  258s
 71773 24770  300.76316   58   64  244.00000  412.56330  69.1%   351  262s
 73300 25073  394.36273   46  139  244.00000  411.87340  68.8%   351  267s
 74056 25720  289.76316   54   53  244.00000  411.79469  68.8%   352  271s
 75697 26395 infeasible   54       244.00000  410.26316  68.1%   352  276s
 77405 27415  365.91038   47   60  244.00000  407.92105  67.2%   352  280s
 79520 28243  262.47368   62   15  244.00000  402.18421  64.8%   351  285s
 83433 29805  331.76316   51  109  244.00000  400.60526  64.2%   350  293s
 85265 30547  259.60000   57  122  244.00000  399.99737  63.9%   350  298s
 87022 31191  290.76316   49   50  244.00000  399.51754  63.7%   350  302s
 88457 31988  353.23684   47   64  244.00000  399.19737  63.6%   350  306s
 90165 32728  319.60526   50   33  244.00000  398.68421  63.4%   350  310s
 91747 33555 infeasible   54       244.00000  398.37909  63.3%   351  315s
 95428 34997 infeasible   50       244.00000  397.81238  63.0%   350  324s
 97028 35661  258.13158   58   85  244.00000  397.34211  62.8%   350  328s
 98564 36373  365.35903   45  106  244.00000  396.73684  62.6%   351  332s
 100259 36990  362.58606   44   59  244.00000  396.11309  62.3%   351  336s
 102017 37720  331.42105   47   79  244.00000  395.47368  62.1%   351  341s
 103871 38332  382.01754   48  120  244.00000  394.22017  61.6%   350  345s
 107571 40124  385.18421   50  104  244.00000  389.84211  59.8%   350  353s
 109447 40889  276.02632   54   90  244.00000  386.73684  58.5%   350  357s
 111356 41755  307.51399   46   73  244.00000  386.00000  58.2%   350  361s
 113321 42515 infeasible   67       244.00000  385.50000  58.0%   349  365s
 117384 44136 infeasible   51       244.00000  384.73684  57.7%   348  374s
 119088 44968  383.90526   48   58  244.00000  384.02632  57.4%   348  378s
 120800 45821  352.78947   51   98  244.00000  383.89474  57.3%   348  382s
 122585 46663  272.47368   56  126  244.00000  383.78947  57.3%   348  386s
 124372 47029 infeasible   54       244.00000  383.63158  57.2%   348  391s
 125196 47603  254.47368   65   32  244.00000  383.63158  57.2%   348  395s
 128189 48906  306.95943   52   94  244.00000  383.00658  57.0%   349  403s
 129484 49600  273.40789   58   44  244.00000  382.91579  56.9%   349  408s
 131165 50385  273.59211   60   35  244.00000  382.65038  56.8%   349  412s
 132961 51101  319.10526   47   82  244.00000  382.37933  56.7%   349  416s
 134678 51703  275.85088   56   15  244.00000  381.96965  56.5%   349  420s
 137694 52930  286.00000   59   24  244.00000  381.50000  56.4%   350  428s
 139352 53667  304.18421   51  150  244.00000  381.13158  56.2%   350  433s
 141223 54339  299.38596   56   42  244.00000  380.69488  56.0%   349  437s
 142874 54857  272.15789   52   92  244.00000  380.39170  55.9%   349  442s
 144342 55489  270.60526   54   55  244.00000  380.22617  55.8%   350  446s
 146049 56103  301.00000   56   18  244.00000  379.60526  55.6%   350  451s
 147898 56615 infeasible   51       244.00000  378.89474  55.3%   349  455s
 149548 57205     cutoff   57       244.00000  377.60586  54.8%   349  460s
 152901 58752  300.44203   50  117  244.00000  374.57895  53.5%   349  468s
 154745 59696  337.60526   49   56  244.00000  372.18421  52.5%   349  471s
 157049 60447  265.18421   58   36  244.00000  371.42105  52.2%   348  475s
 158890 61325  273.97368   58   48  244.00000  371.02632  52.1%   348  480s
 163136 62732  263.06974   54  195  244.00000  369.92852  51.6%   347  488s
 164603 63455     cutoff   58       244.00000  369.60526  51.5%   346  493s
 166388 63887     cutoff   63       244.00000  369.17895  51.3%   346  497s
 167521 64614  336.80512   49   53  244.00000  369.07895  51.3%   347  501s
 169150 65402  292.51316   57   56  244.00000  368.86184  51.2%   347  505s
 172520 66843  254.80702   59   21  244.00000  368.55263  51.0%   347  513s
 174268 67567  259.00000   58   23  244.00000  368.30263  50.9%   347  517s
 176072 68245  277.35714   59   20  244.00000  368.08607  50.9%   346  521s
 177941 68900  304.50000   50   54  244.00000  368.08607  50.9%   346  525s
 179649 69555  302.12500   50   36  244.00000  367.92105  50.8%   346  530s
 183078 70857 infeasible   47       244.00000  367.31579  50.5%   346  538s
 184704 71414  257.21053   53   69  244.00000  367.09459  50.4%   346  543s
 186358 72051  304.55263   53   29  244.00000  366.86842  50.4%   346  547s
 187935 72627  318.36550   55   20  244.00000  366.68421  50.3%   347  552s
 189484 73170 infeasible   57       244.00000  366.53509  50.2%   347  556s
 190809 73706  270.52632   56   64  244.00000  366.34561  50.1%   347  560s
 194244 74788  291.71053   48  104  244.00000  366.05263  50.0%   347  569s
 195418 75282  260.81579   49   90  244.00000  365.97368  50.0%   347  573s
 196972 75828 infeasible   53       244.00000  365.86842  49.9%   348  577s
 198640 76480  336.78947   52   80  244.00000  365.63684  49.9%   347  581s
 200440 77142  286.00000   56   52  244.00000  365.34790  49.7%   347  585s
 204067 78292  317.34211   47   77  244.00000  364.75249  49.5%   347  594s
 205830 78831  274.21053   57   35  244.00000  364.60000  49.4%   347  598s
 207519 79343  348.07895   46   58  244.00000  364.24561  49.3%   347  602s
 209208 79782  290.35965   57   16  244.00000  364.02632  49.2%   347  606s
 210862 80260  255.42105   59   18  244.00000  363.65789  49.0%   347  610s
 214420 81086  305.63158   51  122  244.00000  362.80512  48.7%   346  618s
 215652 81593  254.49324   53   16  244.00000  362.50000  48.6%   346  623s
 217432 82121  302.36842   58   29  244.00000  361.60526  48.2%   346  627s
 219075 82817  253.21053   57   21  244.00000  360.56579  47.8%   346  631s
 221164 83697  309.78947   53   93  244.00000  358.75249  47.0%   345  635s
 223171 84577  263.00000   54   33  244.00000  357.36842  46.5%   345  640s
 227208 85998     cutoff   59       244.00000  356.21053  46.0%   344  648s
 228550 86896  306.00000   57   34  244.00000  356.21053  46.0%   344  652s
 230841 87730 infeasible   55       244.00000  355.57895  45.7%   344  656s
 233142 88421     cutoff   56       244.00000  355.21053  45.6%   343  661s
 237088 89749  338.00000   53   62  244.00000  354.16287  45.1%   342  668s
 238541 90474  318.57895   47   44  244.00000  353.97368  45.1%   343  673s
 240308 91180  309.92105   50   70  244.00000  353.76316  45.0%   343  677s
 242156 91981  261.96491   54   55  244.00000  353.57895  44.9%   343  680s
 245753 93294  293.97368   52   71  244.00000  353.21053  44.8%   342  688s
 247471 93851  270.60526   56   95  244.00000  353.02632  44.7%   342  693s
 248885 94480  304.42105   53   56  244.00000  352.94737  44.7%   343  696s
 250574 95078  257.18421   63   46  244.00000  352.76316  44.6%   343  700s
 253881 96349  318.57895   54   54  244.00000  352.36202  44.4%   343  708s
 255696 96865     cutoff   56       244.00000  352.21053  44.3%   343  712s
 257299 97241  245.79730   56   37  244.00000  352.09294  44.3%   343  717s
 258516 97730  335.61925   46   88  244.00000  352.02632  44.3%   343  720s
 261633 98589  288.56579   55   47  244.00000  351.78947  44.2%   343  729s
 262440 99129  258.13487   62   35  244.00000  351.70175  44.1%   343  733s
 264044 99610  319.64723   47   82  244.00000  351.59211  44.1%   344  737s
 265564 100204  271.53070   50   92  244.00000  351.50000  44.1%   344  741s
 267285 100750  271.18092   56  102  244.00000  351.40541  44.0%   344  745s
 268840 101291  273.93684   51   43  244.00000  351.29346  44.0%   344  750s
 272059 102524  271.73151   45   98  244.00000  351.07895  43.9%   344  759s
 273648 102994  335.35064   48   89  244.00000  351.00000  43.9%   344  763s
 275428 103257  288.65789   53   48  244.00000  350.88498  43.8%   344  768s
 276559 103773  246.00000   57   33  244.00000  350.84211  43.8%   344  772s
 278317 104330  277.55558   51   57  244.00000  350.63976  43.7%   344  776s
 280136 104861 infeasible   55       244.00000  350.45733  43.6%   344  780s
 283732 106041  255.98465   55   61  244.00000  350.07895  43.5%   344  788s
 285653 106565  289.84649   52   16  244.00000  349.97368  43.4%   343  792s
 287401 107055  304.60526   55   61  244.00000  349.86842  43.4%   343  797s
 289309 107496  274.05263   50   80  244.00000  349.67105  43.3%   343  801s
 293098 108617  262.10526   54   41  244.00000  349.34211  43.2%   343  808s
 294868 109103 infeasible   55       244.00000  349.13158  43.1%   343  812s
 296513 109557  303.39474   54   36  244.00000  348.98649  43.0%   343  817s
 298269 109741  273.62907   54   47  244.00000  348.81579  43.0%   343  821s
 298999 110209     cutoff   56       244.00000  348.78947  42.9%   343  825s
 302433 111030     cutoff   57       244.00000  348.26316  42.7%   342  834s
 304194 111338  276.84211   57   36  244.00000  348.02632  42.6%   342  838s
 305788 111778  269.04010   52  143  244.00000  347.69986  42.5%   342  842s
 307608 112258     cutoff   56       244.00000  347.36842  42.4%   342  846s
 309697 112604  274.69595   50   32  244.00000  347.04196  42.2%   342  850s
 312866 113192     cutoff   52       244.00000  346.07895  41.8%   342  858s
 314408 113577  246.50877   57   36  244.00000  345.20946  41.5%   342  862s
 316145 114179 infeasible   54       244.00000  344.84211  41.3%   342  866s
 317923 114866  338.77193   55   58  244.00000  343.91038  40.9%   342  870s
 321866 116303  302.94737   52   36  244.00000  342.05405  40.2%   341  878s
 323784 117086  303.60526   59   48  244.00000  341.66194  40.0%   341  882s
 326073 117814  289.78618   49   56  244.00000  340.97368  39.7%   341  886s
 328155 118467  276.21053   57   84  244.00000  340.56579  39.6%   340  890s
 332351 119887  279.72368   57   38  244.00000  339.73684  39.2%   340  898s
 334315 120513 infeasible   66       244.00000  339.42105  39.1%   340  902s
 336153 121144     cutoff   57       244.00000  339.10526  39.0%   339  906s
 340426 122229     cutoff   57       244.00000  338.60526  38.8%   339  914s
 341973 122764  276.73684   54  112  244.00000  338.34211  38.7%   339  917s
 343863 123266  290.92105   55   37  244.00000  338.15789  38.6%   339  921s
 345567 123374  298.73684   48  134  244.00000  337.97368  38.5%   338  926s
 345972 123870  285.14474   49  102  244.00000  337.94737  38.5%   339  930s
 349331 124894  291.97368   58   60  244.00000  337.63158  38.4%   339  938s
 350859 125414  316.84983   52   56  244.00000  337.52632  38.3%   339  943s
 352518 125869  273.86842   52   49  244.00000  337.42105  38.3%   339  947s
 354179 126398  276.39474   56   30  244.00000  337.30263  38.2%   339  950s
 357735 127221  274.94152   53  109  244.00000  337.16447  38.2%   339  959s
 359070 127587  245.71053   57   24  244.00000  337.02632  38.1%   339  963s
 360558 128046  262.21053   58   98  244.00000  336.92105  38.1%   339  966s
 362215 128530  246.49875   61   53  244.00000  336.86842  38.1%   339  970s
 363972 128997  276.97368   56   61  244.00000  336.68421  38.0%   339  975s
 367596 129950  274.99393   53   62  244.00000  336.51974  37.9%   339  983s
 369438 130391  247.02632   61   36  244.00000  336.42105  37.9%   339  988s
 371189 130832  301.81081   48   51  244.00000  336.34211  37.8%   339  992s
 372897 131313 infeasible   58       244.00000  336.21053  37.8%   339  996s
 374752 131802  276.72105   53   93  244.00000  336.12719  37.8%   339 1000s
 378167 132648  272.00000   62   72  244.00000  335.96316  37.7%   339 1008s
 379681 132894  253.85965   53   39  244.00000  335.85775  37.6%   339 1013s
 380877 133358  259.54386   50   62  244.00000  335.82749  37.6%   339 1017s
 382558 133768  245.31579   54  131  244.00000  335.73684  37.6%   338 1021s
 384471 134172     cutoff   59       244.00000  335.62500  37.6%   338 1025s
 388174 134875     cutoff   58       244.00000  335.36842  37.4%   338 1033s
 389929 135313     cutoff   57       244.00000  335.19986  37.4%   338 1037s
 391861 135683  259.39713   55   60  244.00000  335.13158  37.3%   338 1041s
 393397 136089  334.24200   45   78  244.00000  335.03571  37.3%   338 1045s
 397340 136984  262.81579   54  109  244.00000  334.81579  37.2%   337 1053s
 399320 137431  275.76316   52   56  244.00000  334.73684  37.2%   337 1057s
 400994 137781 infeasible   53       244.00000  334.61842  37.1%   337 1061s
 402517 138219 infeasible   57       244.00000  334.51974  37.1%   337 1065s
 405958 139176  245.84211   55   30  244.00000  334.34285  37.0%   337 1074s
 407904 139484  257.26316   53   96  244.00000  334.20175  37.0%   337 1078s
 409757 139810  274.04386   57   53  244.00000  334.10526  36.9%   337 1082s
 411520 140096  278.34211   58   64  244.00000  334.02632  36.9%   337 1086s
 413210 140447     cutoff   56       244.00000  333.84211  36.8%   337 1090s
 416761 140964  255.79276   50   53  244.00000  333.68421  36.8%   336 1098s
 418580 141293  256.36842   58  152  244.00000  333.50000  36.7%   336 1102s
 420439 141486  271.58158   57   64  244.00000  333.34211  36.6%   336 1107s
 421680 141734     cutoff   52       244.00000  333.26316  36.6%   336 1111s
 423353 141854  260.55263   55   55  244.00000  333.10526  36.5%   336 1116s
 423890 142113  273.57895   51   85  244.00000  333.07895  36.5%   336 1120s
 427247 142812  257.74561   54   23  244.00000  332.78947  36.4%   335 1129s
 428982 143059  255.30921   56   17  244.00000  332.63158  36.3%   335 1133s
 430590 143470  253.71053   51   44  244.00000  332.39474  36.2%   335 1137s
 432475 143671     cutoff   57       244.00000  332.21053  36.2%   335 1140s
 434025 143898 infeasible   49       244.00000  331.97091  36.1%   335 1145s
 437387 144344 infeasible   60       244.00000  331.55263  35.9%   335 1153s
 439136 144560  275.15263   60   30  244.00000  331.26316  35.8%   335 1157s
 440796 144767  285.70175   55  108  244.00000  331.05263  35.7%   335 1161s
 442219 144966  260.33158   57   12  244.00000  330.57824  35.5%   335 1165s
 445794 145522  292.36842   52  116  244.00000  329.73684  35.1%   335 1173s
 447601 145780     cutoff   60       244.00000  329.05263  34.9%   335 1178s
 449262 146130  325.08772   54   44  244.00000  328.51504  34.6%   335 1181s
 451090 146695  257.00000   54   37  244.00000  327.73684  34.3%   335 1185s
 454735 147597  279.92105   54  120  244.00000  326.81579  33.9%   335 1194s
 455670 148189 infeasible   60       244.00000  326.60526  33.9%   335 1198s
 457680 148693     cutoff   57       244.00000  326.21053  33.7%   335 1202s
 459493 149205  321.56391   55  117  244.00000  326.00000  33.6%   335 1206s
 461340 149591 infeasible   53       244.00000  325.73684  33.5%   335 1210s
 464901 150651  259.26316   60   51  244.00000  324.92105  33.2%   335 1217s
 466814 151099  246.97368   63   98  244.00000  324.56579  33.0%   334 1222s
 468575 151475  290.86184   54   84  244.00000  324.42105  33.0%   334 1226s
 470154 151898  308.57895   51   40  244.00000  324.17105  32.9%   334 1230s
 473733 152819     cutoff   51       244.00000  323.68698  32.7%   334 1238s
 475472 153157  279.53099   51  178  244.00000  323.44737  32.6%   334 1242s
 477219 153596  246.88170   56   78  244.00000  323.31579  32.5%   334 1246s
 479236 153974     cutoff   57       244.00000  323.04211  32.4%   334 1250s
 482319 154720  262.80105   58   54  244.00000  322.89474  32.3%   334 1258s
 484014 155117  261.90132   58   38  244.00000  322.81579  32.3%   334 1262s
 485775 155595  245.36842   56   22  244.00000  322.68421  32.2%   334 1266s
 487539 156081  290.92105   50   53  244.00000  322.60526  32.2%   334 1270s
 491050 156792 infeasible   58       244.00000  322.43344  32.1%   334 1278s
 492620 157195     cutoff   50       244.00000  322.35263  32.1%   334 1282s
 494531 157560  245.46711   57   45  244.00000  322.21053  32.1%   334 1285s
 496326 157762  271.56579   54  103  244.00000  322.10526  32.0%   334 1290s
 498613 158401  262.46316   52   56  244.00000  322.02632  32.0%   334 1298s
 500143 158668  274.37218   58   50  244.00000  321.97368  32.0%   334 1302s
 501523 158959  288.05263   51   24  244.00000  321.92105  31.9%   334 1306s
 503311 159296  292.36842   52   57  244.00000  321.84211  31.9%   334 1310s
 506440 160026  261.94737   59   71  244.00000  321.76316  31.9%   334 1318s
 507838 160351 infeasible   64       244.00000  321.68421  31.8%   335 1322s
 509606 160702  306.66667   54   88  244.00000  321.58772  31.8%   335 1326s
 511372 160995 infeasible   54       244.00000  321.50877  31.8%   334 1330s
 514833 161602  261.78947   53   42  244.00000  321.34211  31.7%   334 1338s
 516326 161883     cutoff   55       244.00000  321.26316  31.7%   334 1342s
 518356 162131 infeasible   56       244.00000  321.15789  31.6%   334 1346s
 519989 162404  261.51053   51   44  244.00000  321.07895  31.6%   334 1350s
 523533 162860  246.94060   58   88  244.00000  320.93421  31.5%   334 1358s
 524959 163168     cutoff   61       244.00000  320.83144  31.5%   334 1362s
 526992 163448     cutoff   62       244.00000  320.73684  31.4%   334 1366s
 528792 163866  283.78947   59   71  244.00000  320.63158  31.4%   334 1370s
 532449 164380  290.33158   53  170  244.00000  320.51754  31.4%   334 1378s
 533994 164700  254.00000   65   11  244.00000  320.43670  31.3%   334 1383s
 536047 164854     cutoff   57       244.00000  320.35420  31.3%   334 1387s
 537078 165067  247.21053   59   24  244.00000  320.32632  31.3%   334 1391s
 538762 165246  304.80263   54   49  244.00000  320.25029  31.3%   334 1395s
 540517 165499     cutoff   56       244.00000  320.15789  31.2%   333 1400s
 544431 165969     cutoff   52       244.00000  319.98684  31.1%   333 1408s
 546064 166267 infeasible   46       244.00000  319.90000  31.1%   333 1413s
 547692 166459  301.91228   51   85  244.00000  319.81579  31.1%   333 1417s
 549077 166713 infeasible   52       244.00000  319.76316  31.1%   333 1420s
 552376 167306     cutoff   59       244.00000  319.60526  31.0%   333 1428s
 554038 167500  288.81579   53   27  244.00000  319.55263  31.0%   333 1432s
 555845 167796  286.96302   44  120  244.00000  319.43985  30.9%   333 1437s
 557907 168035 infeasible   55       244.00000  319.38346  30.9%   333 1441s
 559454 168267  304.21442   55   54  244.00000  319.27935  30.9%   333 1445s
 561460 168294     cutoff   53       244.00000  319.21053  30.8%   333 1450s
 563777 168703  317.56579   55   44  244.00000  319.10337  30.8%   333 1457s
 565831 168881  245.01140   55   80  244.00000  319.00000  30.7%   333 1461s
 567692 169034  277.03289   55   34  244.00000  318.90789  30.7%   332 1465s
 570914 169355  271.96515   49   62  244.00000  318.75249  30.6%   332 1473s
 572436 169589  256.38158   59   33  244.00000  318.63158  30.6%   333 1477s
 574384 169731  246.53947   52   72  244.00000  318.55263  30.6%   332 1481s
 576270 169818  254.71053   54   78  244.00000  318.42105  30.5%   332 1485s
 579359 170090  273.70000   54   70  244.00000  318.23684  30.4%   332 1493s
 581198 170223 infeasible   53       244.00000  318.07895  30.4%   332 1497s
 582774 170431     cutoff   53       244.00000  317.98684  30.3%   332 1501s
 584723 170601     cutoff   51       244.00000  317.87970  30.3%   332 1505s
 586633 170910 infeasible   55       244.00000  317.71195  30.2%   332 1510s
 590529 171286  257.68421   51   35  244.00000  317.44737  30.1%   331 1518s
 592123 171403  245.94079   58   43  244.00000  317.39474  30.1%   331 1522s
 594096 171621  288.62091   50  120  244.00000  317.21053  30.0%   331 1526s
 595907 171737  273.00000   55   27  244.00000  317.05405  29.9%   331 1531s
 597696 171846  288.31579   53  115  244.00000  316.92105  29.9%   331 1535s
 601396 172080  270.76316   52  163  244.00000  316.62955  29.8%   331 1543s
 602936 172191     cutoff   49       244.00000  316.48933  29.7%   331 1547s
 604681 172270  271.96316   58   27  244.00000  316.26316  29.6%   331 1551s
 606582 172334     cutoff   51       244.00000  316.10526  29.6%   331 1555s
 609509 172540 infeasible   50       244.00000  315.65292  29.4%   330 1563s
 611086 172562  286.81579   61   33  244.00000  315.31579  29.2%   330 1567s
 612718 172608     cutoff   51       244.00000  315.11842  29.1%   330 1571s
 614572 172686  305.31579   54   98  244.00000  314.83367  29.0%   330 1575s
 618061 172970  256.92434   49   34  244.00000  313.84211  28.6%   330 1583s
 619680 173196  257.63158   56   84  244.00000  313.31330  28.4%   330 1587s
 621433 173543  247.82519   57   42  244.00000  312.78947  28.2%   330 1591s
 623184 173785  266.57895   59   27  244.00000  312.52632  28.1%   330 1595s
 626559 174359  258.34211   49   68  244.00000  311.86842  27.8%   330 1603s
 628294 174589  261.47368   49   41  244.00000  311.60526  27.7%   330 1607s
 630213 174860  247.92105   57   20  244.00000  311.10150  27.5%   330 1611s
 631862 175122  246.80263   60   32  244.00000  310.84608  27.4%   330 1615s
 635132 175519  275.17105   56   77  244.00000  310.40789  27.2%   330 1623s
 636837 175847  292.07895   56  126  244.00000  310.21053  27.1%   330 1627s
 638516 176124     cutoff   62       244.00000  309.92105  27.0%   330 1631s
 640345 176325  280.32895   55   59  244.00000  309.76316  27.0%   330 1635s
 643556 176787     cutoff   61       244.00000  309.21053  26.7%   330 1643s
 645334 177029     cutoff   58       244.00000  309.08962  26.7%   330 1647s
 646774 177225     cutoff   54       244.00000  308.92105  26.6%   330 1651s
 650011 177767  246.92982   55   49  244.00000  308.60526  26.5%   330 1658s
 651968 177933  270.56579   57   69  244.00000  308.42105  26.4%   330 1662s
 653812 178171 infeasible   62       244.00000  308.26316  26.3%   330 1666s
 655491 178772     cutoff   57       244.00000  308.04737  26.2%   330 1670s
 658742 179185     cutoff   58       244.00000  307.94737  26.2%   330 1678s
 660089 179484  277.06579   49   47  244.00000  307.89474  26.2%   330 1681s
 661618 179776  261.02632   58   64  244.00000  307.84211  26.2%   331 1685s
 663068 180060     cutoff   56       244.00000  307.80263  26.1%   331 1690s
 666330 180644  293.00000   52   78  244.00000  307.67354  26.1%   331 1697s
 668297 180922  290.85965   53   89  244.00000  307.57895  26.1%   331 1701s
 669849 181152  262.47895   57  153  244.00000  307.47895  26.0%   331 1705s
 673383 181520     cutoff   60       244.00000  307.28947  25.9%   331 1713s
 675237 181708 infeasible   56       244.00000  307.15789  25.9%   331 1717s
 677002 181885  246.97368   59   36  244.00000  307.02632  25.8%   331 1721s
 678110 182099  290.72039   60   57  244.00000  307.00000  25.8%   331 1725s
 679406 182297     cutoff   61       244.00000  306.98947  25.8%   331 1730s
 681331 182835  259.59774   59   62  244.00000  306.95614  25.8%   331 1738s
 682750 183107  269.86316   54   91  244.00000  306.93684  25.8%   331 1742s
 684216 183274     cutoff   57       244.00000  306.90263  25.8%   331 1746s
 685550 183504  246.15789   60   53  244.00000  306.87368  25.8%   332 1750s
 688353 183962 infeasible   50       244.00000  306.76316  25.7%   332 1758s
 690071 184111  247.70395   53   51  244.00000  306.73684  25.7%   332 1762s
 691572 184309  288.94298   61   31  244.00000  306.68421  25.7%   332 1766s
 693507 184468     cutoff   63       244.00000  306.60197  25.7%   332 1770s
 697051 184691     cutoff   52       244.00000  306.47368  25.6%   332 1778s
 698478 184820  288.64912   50   61  244.00000  306.38647  25.6%   332 1782s
 700251 184905  262.84211   57   22  244.00000  306.34211  25.6%   332 1786s
 701865 184890     cutoff   58       244.00000  306.28289  25.5%   332 1790s
 703916 185146 infeasible   51       244.00000  306.15789  25.5%   331 1799s
 705768 185400  257.26316   54   45  244.00000  306.05771  25.4%   331 1803s
 707301 185608  290.96053   55   32  244.00000  306.00000  25.4%   331 1806s
 709009 185764  260.68421   59   46  244.00000  305.98684  25.4%   331 1810s
 711529 185996  279.70395   62   55  244.00000  305.89850  25.4%   331 1819s
 713099 186120  261.47953   53  170  244.00000  305.84211  25.3%   332 1822s
 714935 186306  246.32895   53  100  244.00000  305.78947  25.3%   331 1826s
 716838 186432     cutoff   52       244.00000  305.72368  25.3%   331 1830s
 720347 186749  287.80263   56   24  244.00000  305.60526  25.2%   331 1838s
 722200 186790 infeasible   57       244.00000  305.57895  25.2%   331 1842s
 723861 186848  274.57895   50   42  244.00000  305.50000  25.2%   331 1846s
 725757 186886  245.05263   57   57  244.00000  305.44079  25.2%   331 1850s
 729211 186878     cutoff   54       244.00000  305.26316  25.1%   331 1858s
 731045 186994     cutoff   57       244.00000  305.21053  25.1%   331 1862s
 732525 187024     cutoff   50       244.00000  305.15789  25.1%   331 1866s
 733993 187127     cutoff   55       244.00000  305.11842  25.0%   331 1870s
 737046 187343  246.76316   60   26  244.00000  304.97368  25.0%   331 1877s
 738466 187485  286.57895   60   60  244.00000  304.93421  25.0%   331 1881s
 739911 187586     cutoff   53       244.00000  304.90226  25.0%   331 1885s
 741529 187707  292.56579   55   37  244.00000  304.86316  24.9%   331 1890s
 744557 187831 infeasible   52       244.00000  304.76316  24.9%   331 1898s
 746137 188036 infeasible   53       244.00000  304.70526  24.9%   332 1902s
 747640 188082  256.97368   55   65  244.00000  304.64474  24.9%   331 1907s
 748671 188201     cutoff   54       244.00000  304.63158  24.8%   331 1911s
 750644 188338     cutoff   54       244.00000  304.57895  24.8%   331 1915s
 754396 188517  270.36842   57   64  244.00000  304.43421  24.8%   331 1923s
 756208 188572 infeasible   57       244.00000  304.40132  24.8%   331 1927s
 758173 188635  274.36090   50   69  244.00000  304.30263  24.7%   331 1931s
 759933 188675  275.37368   53   55  244.00000  304.26316  24.7%   331 1935s
 763418 188656  245.36842   56   38  244.00000  304.10526  24.6%   331 1943s
 765301 188726  256.65789   58   41  244.00000  304.02632  24.6%   331 1947s
 767108 188809  245.86842   58   90  244.00000  303.98246  24.6%   331 1952s
 768904 188789 infeasible   52       244.00000  303.92105  24.6%   331 1956s
 772549 188722 infeasible   52       244.00000  303.78947  24.5%   330 1963s
 774270 188756  289.00877   58   49  244.00000  303.68421  24.5%   330 1967s
 775496 188767  302.62613   49   67  244.00000  303.60604  24.4%   330 1971s
 777263 188757     cutoff   57       244.00000  303.57895  24.4%   330 1975s
 781159 188735  258.49289   52   69  244.00000  303.36842  24.3%   330 1983s
 782822 188578  273.56140   45   56  244.00000  303.28947  24.3%   330 1987s
 784808 188528 infeasible   50       244.00000  303.19737  24.3%   330 1991s
 786485 188678  256.80263   59   18  244.00000  303.08271  24.2%   330 1995s
 790249 188654  258.57895   60   48  244.00000  302.92105  24.1%   329 2002s
 791790 188620  260.23684   54   23  244.00000  302.82037  24.1%   329 2006s
 795748 188609  260.00000   47   89  244.00000  302.62617  24.0%   329 2012s
 797550 188614  275.60526   53   47  244.00000  302.58962  24.0%   329 2015s
 800244 188548  258.73684   53   42  244.00000  302.42105  23.9%   329 2021s
 801659 188519  259.21053   48   77  244.00000  302.27368  23.9%   329 2025s
 804980 188455     cutoff   55       244.00000  302.05263  23.8%   328 2032s
 806193 188738  258.96930   51   78  244.00000  302.00000  23.8%   328 2036s
 807884 188816  258.63158   51   45  244.00000  301.93750  23.7%   328 2040s
 811641 188822     cutoff   59       244.00000  301.71053  23.7%   328 2047s
 813231 188709  271.49781   56   79  244.00000  301.60526  23.6%   328 2051s
 816857 188333     cutoff   55       244.00000  301.33333  23.5%   327 2058s
 818559 188182     cutoff   54       244.00000  301.18421  23.4%   327 2061s
 820146 188089  271.01776   55   60  244.00000  300.98947  23.4%   327 2065s
 823745 187828  260.57519   51   41  244.00000  300.71053  23.2%   327 2073s
 825922 187731  271.31579   51   36  244.00000  300.50000  23.2%   327 2076s
 828866 187487     cutoff   55       244.00000  300.13816  23.0%   326 2082s
 830593 187390  264.38596   56  128  244.00000  299.86842  22.9%   326 2086s
 833806 187086 infeasible   56       244.00000  299.48767  22.7%   326 2092s
 835295 186992     cutoff   57       244.00000  299.23684  22.6%   326 2095s
 838461 186763     cutoff   59       244.00000  298.57895  22.4%   326 2102s
 840095 186753     cutoff   55       244.00000  298.10526  22.2%   326 2105s
 843662 186961     cutoff   59       244.00000  297.28947  21.8%   326 2113s
 845287 187100  291.39391   58   76  244.00000  296.94737  21.7%   326 2117s
 847063 187110  272.57895   53   73  244.00000  296.60526  21.6%   326 2121s
 849007 187201     cutoff   62       244.00000  296.21053  21.4%   326 2125s
 852375 187349  272.93158   53   94  244.00000  295.84211  21.2%   326 2133s
 853734 187355     cutoff   61       244.00000  295.77632  21.2%   326 2136s
 855689 187366  262.32456   56   50  244.00000  295.47368  21.1%   325 2140s
 859310 187492  273.97368   49   69  244.00000  294.92105  20.9%   325 2148s
 861365 187458     cutoff   59       244.00000  294.76316  20.8%   325 2151s
 863243 187463  248.38346   61   35  244.00000  294.39474  20.7%   325 2155s
 866741 187564  246.27820   59  126  244.00000  293.86842  20.4%   325 2163s
 868777 187634     cutoff   56       244.00000  293.76316  20.4%   325 2167s
 870763 187639  292.65789   61   74  244.00000  293.57895  20.3%   325 2170s
 874522 187828  260.55263   54   74  244.00000  293.13158  20.1%   325 2178s
 876607 188058  261.25000   58   41  244.00000  293.00000  20.1%   325 2182s
 878648 188230     cutoff   58       244.00000  292.97368  20.1%   325 2186s
 880107 188312 infeasible   61       244.00000  292.90132  20.0%   325 2190s
 883403 188440  277.18092   56  134  244.00000  292.79417  20.0%   325 2198s
 884976 188401  246.57237   56   60  244.00000  292.71053  20.0%   325 2201s
 886847 188392  261.92105   55   89  244.00000  292.65132  19.9%   325 2205s
 889581 188421  287.05263   56  119  244.00000  292.52632  19.9%   325 2213s
 891263 188330  260.72431   57   48  244.00000  292.38947  19.8%   325 2217s
 892904 188250  273.13158   56  118  244.00000  292.26316  19.8%   325 2221s
 894901 188193 infeasible   56       244.00000  292.13684  19.7%   324 2225s
 897728 188429  276.26316   56   49  244.00000  292.00000  19.7%   325 2233s
 899375 188607 infeasible   57       244.00000  291.97368  19.7%   325 2237s
 900826 188797  246.92105   60   70  244.00000  291.94211  19.6%   325 2241s
 902476 188803     cutoff   60       244.00000  291.92632  19.6%   325 2245s
 904049 188951 infeasible   60       244.00000  291.89474  19.6%   325 2253s
 905683 188930     cutoff   50       244.00000  291.84211  19.6%   325 2257s
 907394 188945  273.50000   50   57  244.00000  291.78947  19.6%   325 2261s
 909067 188908     cutoff   60       244.00000  291.73684  19.6%   325 2265s
 912556 188806  247.76316   60   94  244.00000  291.61842  19.5%   325 2272s
 914247 188696  275.76316   54   72  244.00000  291.54605  19.5%   325 2276s
 917769 188532  262.78947   51  149  244.00000  291.39474  19.4%   324 2283s
 919345 188431  259.34211   58   11  244.00000  291.34211  19.4%   324 2286s
 920973 188304  256.26316   55   51  244.00000  291.21053  19.3%   324 2290s
 924305 188245 infeasible   52       244.00000  291.07895  19.3%   324 2298s
 925924 188468  260.19737   55  112  244.00000  291.00000  19.3%   324 2301s
 928008 188609  258.60526   53   26  244.00000  291.00000  19.3%   324 2305s
 931735 188595     cutoff   52       244.00000  290.94737  19.2%   324 2313s
 933337 188539     cutoff   55       244.00000  290.87719  19.2%   324 2317s
 934411 188471     cutoff   54       244.00000  290.86842  19.2%   324 2322s
 936631 188480  259.88028   46   84  244.00000  290.78947  19.2%   324 2326s
 938418 188300     cutoff   51       244.00000  290.75676  19.2%   324 2330s
 941731 188059  245.45614   55  145  244.00000  290.63158  19.1%   324 2338s
 943525 187859  256.81579   65   22  244.00000  290.56842  19.1%   324 2342s
 945221 187701  259.73684   56   35  244.00000  290.50000  19.1%   324 2346s
 948428 187288 infeasible   57       244.00000  290.36842  19.0%   324 2353s
 950148 187178  261.26316   56  150  244.00000  290.28947  19.0%   324 2357s
 952405 186971     cutoff   52       244.00000  290.21053  18.9%   324 2361s
 953996 186754     cutoff   59       244.00000  290.15789  18.9%   324 2365s
 957197 186606     cutoff   57       244.00000  290.00000  18.9%   324 2372s
 958858 186659 infeasible   51       244.00000  289.98465  18.8%   324 2376s
 961943 186628     cutoff   59       244.00000  289.93421  18.8%   324 2384s
 963657 186640 infeasible   50       244.00000  289.89474  18.8%   324 2388s
 965536 186519  255.89474   49   85  244.00000  289.85526  18.8%   324 2392s
 966815 186412     cutoff   58       244.00000  289.81579  18.8%   324 2397s
 968877 186294  270.94737   51   54  244.00000  289.78070  18.8%   324 2401s
 970558 186070     cutoff   52       244.00000  289.73684  18.7%   324 2405s
 974192 185573     cutoff   63       244.00000  289.60526  18.7%   324 2413s
 976164 185305     cutoff   50       244.00000  289.55263  18.7%   323 2417s
 977940 185024 infeasible   53       244.00000  289.47368  18.6%   323 2420s
 981602 184523  246.34211   54   65  244.00000  289.31579  18.6%   323 2427s
 983038 184237 infeasible   55       244.00000  289.23257  18.5%   323 2431s
 984665 184017  273.76692   58  124  244.00000  289.15789  18.5%   323 2435s
 988311 183650     cutoff   63       244.00000  289.00000  18.4%   323 2442s
 990016 183626  271.71053   55   45  244.00000  288.97368  18.4%   323 2445s
 993724 182979  258.70136   48   36  244.00000  288.86842  18.4%   323 2452s
 995748 182726  258.51974   59   39  244.00000  288.78947  18.4%   323 2456s
 999165 182173  246.00000   59   57  244.00000  288.63158  18.3%   322 2463s
 1001084 181988  273.44912   49   44  244.00000  288.56015  18.3%   322 2466s
 1001909 181643     cutoff   53       244.00000  288.54730  18.3%   322 2470s
 1005307 180993  258.44737   47   41  244.00000  288.32707  18.2%   322 2477s
 1006952 180647  257.81579   53   52  244.00000  288.21053  18.1%   322 2481s
 1010468 180288  272.21053   62   30  244.00000  288.10526  18.1%   322 2488s
 1012565 180254     cutoff   59       244.00000  288.00000  18.0%   322 2491s
 1015906 179681  257.97368   56   53  244.00000  287.92105  18.0%   321 2497s
 1017375 179340  273.77001   51   45  244.00000  287.82456  18.0%   321 2500s
 1021160 178725     cutoff   59       244.00000  287.60526  17.9%   321 2507s
 1022862 178342  273.30512   52   61  244.00000  287.57895  17.9%   321 2510s
 1026243 177687  274.93553   56   65  244.00000  287.34211  17.8%   321 2516s
 1029785 177203 infeasible   58       244.00000  287.15789  17.7%   320 2522s
 1031503 177123  256.21053   55   51  244.00000  287.03289  17.6%   320 2526s
 1034371 176956  272.79366   54   69  244.00000  286.96491  17.6%   320 2532s
 1035894 176800  254.25000   61   49  244.00000  286.93835  17.6%   320 2535s
 1039925 175929  259.47368   60   69  244.00000  286.79374  17.5%   320 2541s
 1043524 175460 infeasible   58       244.00000  286.54718  17.4%   319 2547s
 1044278 175008 infeasible   56       244.00000  286.53008  17.4%   319 2550s
 1047501 174317     cutoff   62       244.00000  286.22039  17.3%   319 2556s
 1051445 173905 infeasible   60       244.00000  286.00000  17.2%   319 2562s
 1053148 173583 infeasible   60       244.00000  285.94737  17.2%   318 2565s
 1056581 172884 infeasible   56       244.00000  285.63158  17.1%   318 2571s
 1059712 172150  270.97368   53  110  244.00000  285.23684  16.9%   318 2577s
 1061134 171868  261.36842   60   33  244.00000  285.13069  16.9%   318 2580s
 1064482 171155  275.85526   55   90  244.00000  284.84211  16.7%   318 2587s
 1066034 170864     cutoff   55       244.00000  284.61842  16.6%   318 2590s
 1069014 170178  267.81579   58   39  244.00000  284.23684  16.5%   317 2596s
 1072552 169581  251.94737   55   73  244.00000  283.51579  16.2%   317 2603s
 1074121 169392     cutoff   55       244.00000  283.14601  16.0%   317 2606s
 1077017 169007  265.89181   57   53  244.00000  282.57895  15.8%   317 2612s
 1078506 168912  265.45614   60   42  244.00000  282.21053  15.7%   317 2615s
 1081566 168577     cutoff   61       244.00000  281.78947  15.5%   317 2621s
 1084749 168098  280.73684   55   34  244.00000  281.16842  15.2%   317 2628s
 1086101 167933  245.00000   49   44  244.00000  281.00000  15.2%   317 2631s
 1089349 167601     cutoff   59       244.00000  280.54656  15.0%   317 2638s
 1091016 167453  265.21053   53   42  244.00000  280.29605  14.9%   317 2641s
 1092038 167224     cutoff   58       244.00000  280.21053  14.8%   317 2645s
 1095262 166694 infeasible   52       244.00000  279.63158  14.6%   317 2652s
 1097207 166380  259.26316   55  104  244.00000  279.42105  14.5%   316 2655s
 1100590 165930  275.50658   53   61  244.00000  278.92105  14.3%   316 2662s
 1102399 165634     cutoff   60       244.00000  278.76316  14.2%   316 2665s
 1105671 165109 infeasible   55       244.00000  278.34211  14.1%   316 2672s
 1107373 164947  247.23684   57   66  244.00000  278.12481  14.0%   316 2675s
 1110831 164708  247.80263   50   30  244.00000  277.95658  13.9%   316 2682s
 1112315 164497     cutoff   59       244.00000  277.89474  13.9%   316 2685s
 1115128 164042  276.83553   58   26  244.00000  277.74737  13.8%   316 2692s
 1116589 163759  276.07895   58   75  244.00000  277.64035  13.8%   316 2696s
 1118667 163522  262.67325   60   45  244.00000  277.53947  13.7%   316 2700s
 1121853 162990  259.45614   57   44  244.00000  277.30263  13.6%   316 2708s
 1123037 162614 infeasible   57       244.00000  277.21053  13.6%   316 2712s
 1124722 162362     cutoff   61       244.00000  277.10526  13.6%   316 2715s
 1127811 162080  275.76754   56   36  244.00000  276.97895  13.5%   316 2722s
 1129404 161876  245.83459   54   48  244.00000  276.94737  13.5%   316 2725s
 1132812 161282  245.99812   60   60  244.00000  276.86842  13.5%   316 2733s
 1134521 161031  275.55921   55  146  244.00000  276.81579  13.4%   316 2737s
 1135776 160660  245.90789   53  113  244.00000  276.74868  13.4%   316 2741s
 1137622 160313  246.57895   55   84  244.00000  276.65789  13.4%   316 2745s
 1141193 159589     cutoff   54       244.00000  276.50125  13.3%   316 2752s
 1142927 159268  246.50000   57   88  244.00000  276.42105  13.3%   315 2756s
 1146586 158420  261.56140   58   66  244.00000  276.27632  13.2%   315 2762s
 1148360 158029  260.71053   58  158  244.00000  276.14474  13.2%   315 2766s
 1151968 157518     cutoff   61       244.00000  276.00000  13.1%   315 2772s
 1153848 157149  260.79474   54   32  244.00000  276.00000  13.1%   315 2775s
 1156938 156370  270.21053   59   30  244.00000  275.86842  13.1%   315 2781s
 1158435 155910     cutoff   50       244.00000  275.81579  13.0%   315 2785s
 1160962 155307  261.57895   60   31  244.00000  275.73684  13.0%   315 2792s
 1162846 154858     cutoff   63       244.00000  275.65789  13.0%   315 2796s
 1164602 154625 infeasible   54       244.00000  275.56579  12.9%   315 2804s
 1165495 154141  259.68947   51   69  244.00000  275.55263  12.9%   315 2807s
 1167304 153629 infeasible   52       244.00000  275.42105  12.9%   315 2811s
 1170965 152562 infeasible   56       244.00000  275.23684  12.8%   314 2818s
 1172637 152039  259.60251   50   69  244.00000  275.18421  12.8%   314 2821s
 1174250 151601  257.08416   50   54  244.00000  275.06579  12.7%   314 2825s
 1177302 151028  259.12105   53   44  244.00000  274.97263  12.7%   314 2832s
 1178928 150690 infeasible   50       244.00000  274.92763  12.7%   314 2835s
 1182094 149845     cutoff   60       244.00000  274.84211  12.6%   314 2843s
 1183711 149389  257.50000   62    2  244.00000  274.80263  12.6%   314 2847s
 1185408 148901  258.13509   52   29  244.00000  274.73684  12.6%   314 2851s
 1188669 147720 infeasible   59       244.00000  274.57895  12.5%   314 2858s
 1190636 147131 infeasible   56       244.00000  274.52632  12.5%   314 2862s
 1192416 146590  265.84586   53   39  244.00000  274.42105  12.5%   314 2866s
 1196190 145209 infeasible   61       244.00000  274.21053  12.4%   314 2873s
 1198022 144613     cutoff   55       244.00000  274.15789  12.4%   314 2876s
 1199753 144163     cutoff   50       244.00000  274.05263  12.3%   314 2880s
 1203071 143414 infeasible   59       244.00000  273.95614  12.3%   314 2887s
 1203756 142758  273.42105   50   39  244.00000  273.94737  12.3%   314 2891s
 1207728 141371     cutoff   52       244.00000  273.76316  12.2%   313 2898s
 1209548 140641     cutoff   54       244.00000  273.68919  12.2%   313 2901s
 1211586 139978     cutoff   52       244.00000  273.59474  12.1%   313 2905s
 1215594 138530  259.29605   58   54  244.00000  273.35263  12.0%   313 2911s
 1219200 137242 infeasible   51       244.00000  273.12105  11.9%   312 2917s
 1220914 136774     cutoff   59       244.00000  273.00000  11.9%   312 2920s
 1223928 135722 infeasible   55       244.00000  272.89723  11.8%   312 2926s
 1227459 134480     cutoff   59       244.00000  272.71053  11.8%   312 2932s
 1229124 133931  272.40683   55   57  244.00000  272.60526  11.7%   312 2935s
 1232609 132226  257.60526   57   36  244.00000  272.34211  11.6%   312 2942s
 1234657 131501     cutoff   56       244.00000  272.21053  11.6%   312 2945s
 1237659 130742     cutoff   62       244.00000  272.00000  11.5%   311 2951s
 1240684 129396     cutoff   58       244.00000  271.94737  11.5%   311 2956s
 1242638 128664     cutoff   53       244.00000  271.87128  11.4%   311 2960s
 1246436 127421     cutoff   60       244.00000  271.57895  11.3%   311 2966s
 1249669 125933     cutoff   64       244.00000  271.31579  11.2%   311 2972s
 1251533 125207     cutoff   56       244.00000  271.18421  11.1%   310 2975s
 1254930 124155     cutoff   61       244.00000  271.00000  11.1%   310 2981s
 1258623 122541 infeasible   60       244.00000  270.72105  11.0%   310 2987s
 1260220 121649  255.73684   58   44  244.00000  270.52632  10.9%   310 2990s
 1263993 120268 infeasible   61       244.00000  270.06140  10.7%   309 2995s
 1266089 119382  255.65132   60  107  244.00000  269.87817  10.6%   309 3002s
 1267461 118724 infeasible   60       244.00000  269.76316  10.6%   309 3005s
 1270016 117553 infeasible   53       244.00000  269.26316  10.4%   309 3012s
 1271567 116876 infeasible   56       244.00000  268.92105  10.2%   309 3015s
 1274878 115681  249.83333   64   60  244.00000  268.00142  9.84%   309 3022s
 1276462 115100  264.47368   57   50  244.00000  267.71053  9.72%   309 3025s
 1279192 114260     cutoff   56       244.00000  266.97368  9.42%   309 3032s
 1280542 113517  261.47368   57   32  244.00000  266.59474  9.26%   309 3035s
 1283751 112501  246.78947   57  151  244.00000  265.84211  8.95%   309 3042s
 1285392 111793 infeasible   60       244.00000  265.59459  8.85%   309 3046s
 1288653 110465 infeasible   60       244.00000  264.74561  8.50%   309 3053s
 1290459 109769     cutoff   58       244.00000  264.44737  8.38%   309 3056s
 1292139 109137     cutoff   53       244.00000  264.18421  8.27%   309 3060s
 1295286 108048  259.12500   53   46  244.00000  263.71053  8.08%   309 3067s
 1296711 107307     cutoff   56       244.00000  263.42105  7.96%   309 3071s
 1300064 106329 infeasible   56       244.00000  263.00000  7.79%   309 3077s
 1301595 105777 infeasible   59       244.00000  262.92105  7.75%   309 3081s
 1303052 105251  260.05263   62  104  244.00000  262.81053  7.71%   309 3085s
 1305333 104136  261.42105   56   43  244.00000  262.65789  7.65%   309 3092s
 1307332 103182  245.16316   58   37  244.00000  262.50000  7.58%   309 3096s
 1309332 102074     cutoff   58       244.00000  262.32895  7.51%   309 3100s
 1312963 100859  261.25000   57   24  244.00000  262.00000  7.38%   309 3107s
 1314310 100270     cutoff   61       244.00000  261.96491  7.36%   309 3111s
 1315902 99540     cutoff   59       244.00000  261.92105  7.34%   309 3115s
 1318999 98232     cutoff   61       244.00000  261.78070  7.29%   309 3122s
 1320356 97612     cutoff   58       244.00000  261.67074  7.24%   309 3126s
 1321764 96904 infeasible   57       244.00000  261.57895  7.20%   309 3131s
 1323486 95800  261.36090   64   16  244.00000  261.51579  7.18%   309 3135s
 1328709 93500  245.73465   55   33  244.00000  261.21396  7.05%   308 3141s
 1331688 92216  245.84211   55  117  244.00000  261.00000  6.97%   308 3148s
 1333291 91307     cutoff   58       244.00000  260.92105  6.93%   308 3151s
 1336664 89370  245.52632   62   13  244.00000  260.69737  6.84%   308 3158s
 1338512 88391 infeasible   57       244.00000  260.60526  6.81%   308 3161s
 1342177 86102     cutoff   57       244.00000  260.38421  6.71%   308 3167s
 1344021 84876 infeasible   57       244.00000  260.23684  6.65%   308 3171s
 1347181 83317     cutoff   54       244.00000  260.00000  6.56%   308 3177s
 1348448 81938 infeasible   56       244.00000  259.97368  6.55%   308 3180s
 1351747 79501     cutoff   53       244.00000  259.75000  6.45%   308 3187s
 1353546 78248     cutoff   56       244.00000  259.63158  6.41%   308 3191s
 1357822 74893     cutoff   47       244.00000  259.34211  6.29%   307 3197s
 1359947 73519  245.84211   59   32  244.00000  259.18421  6.22%   307 3200s
 1363755 70648  254.43421   61   91  244.00000  258.93233  6.12%   307 3206s
 1367773 67579 infeasible   58       244.00000  258.63158  6.00%   306 3211s
 1372157 64500  256.36842   57   38  244.00000  258.21053  5.82%   306 3216s
 1375033 62287     cutoff   58       244.00000  257.94381  5.71%   306 3221s
 1378816 59229 infeasible   60       244.00000  257.60526  5.58%   305 3226s
 1383086 56029 infeasible   63       244.00000  257.18812  5.40%   305 3231s
 1386631 52868     cutoff   57       244.00000  256.93684  5.30%   305 3236s
 1390838 49473     cutoff   58       244.00000  256.52632  5.13%   304 3241s
 1395207 46576 infeasible   60       244.00000  256.00000  4.92%   303 3245s
 1400284 43226  255.07237   58   41  244.00000  255.51974  4.72%   303 3251s
 1402146 40789     cutoff   53       244.00000  255.38158  4.66%   303 3256s
 1405314 38101 infeasible   61       244.00000  254.62091  4.35%   302 3260s
 1408465 36143  245.62500   60   34  244.00000  253.78947  4.01%   302 3265s
 1410498 34197     cutoff   59       244.00000  252.72096  3.57%   302 3271s
 1412832 32447 infeasible   59       244.00000  251.60526  3.12%   302 3276s
 1415096 30073  245.92105   64   91  244.00000  250.60526  2.71%   302 3282s
 1416709 28510  249.10526   57   25  244.00000  249.86842  2.41%   302 3285s
 1420098 25615     cutoff   58       244.00000  248.90789  2.01%   302 3290s
 1423739 23383 infeasible   57       244.00000  248.00000  1.64%   301 3295s
 1426870 19136     cutoff   58       244.00000  247.67544  1.51%   301 3301s
 1431280 16339  246.78421   63   28  244.00000  247.00000  1.23%   301 3306s
 1435652 10968 infeasible   57       244.00000  246.67015  1.09%   300 3311s
 1440635  8742     cutoff   59       244.00000  246.00000  0.82%   300 3315s
 1446160   846     cutoff   58       244.00000  245.64474  0.67%   299 3320s

Explored 1451016 nodes (433044200 simplex iterations) in 3322.25 seconds (9734.13 work units)
Thread count was 16 (of 16 available processors)

Solution count 10: 244 244 244 ... 224

Optimal solution found (tolerance 1.00e-04)
Best objective 2.440000000000e+02, best bound 2.440000000000e+02, gap 0.0000%

Wrote result file '/root/bgw/data/results/2026_03_24_13_41_22_set_big_5-7_big_5-7_s010_g003_max.sol'

