[2026-03-23T13:35:40.712Z] Pipeline "set_exp_2_exp_2_n008_c002_g003" → 2026_03_23_13_35_40_set_exp_2_exp_2_n008_c002_g003_max.sol
Set parameter WLSAccessID
Set parameter WLSSecret
Set parameter LicenseID to value 2792458
Set parameter LogFile to value "gurobi.log"
Using license file /root/gurobi.lic
Academic license 2792458 - for non-commercial use only - registered to an___@studenti.unipg.it

Gurobi Optimizer version 13.0.1 build v13.0.1rc0 (linux64 - "Ubuntu 24.04.4 LTS")
Copyright (c) 2026, Gurobi Optimization, LLC

Warning: Duplicate section found (read 'binary') - Is a variable name equal to an LP file format keyword?
Warning: Duplicate section found (read 'binary') - Is a variable name equal to an LP file format keyword?
Warning: Duplicate section found (read 'binary') - Is a variable name equal to an LP file format keyword?
Warning: Duplicate section found (read 'binary') - Is a variable name equal to an LP file format keyword?
Warning: Duplicate section found (read 'binary') - Is a variable name equal to an LP file format keyword?
Warning: Duplicate section found (read 'binary') - Is a variable name equal to an LP file format keyword?
Warning: Duplicate section found (read 'binary') - Is a variable name equal to an LP file format keyword?
Warning: Duplicate section found (read 'binary') - Is a variable name equal to an LP file format keyword?
Warning: Duplicate section found (read 'binary') - Is a variable name equal to an LP file format keyword?
Warning: Duplicate section found (read 'binary') - Is a variable name equal to an LP file format keyword?
Warning: Further warnings of this type will be omitted.
Read LP format model from file /root/bgw/data/uploads/2026_03_23_13_35_40_set_exp_2_exp_2_n008_c002_g003_max.lp
Reading time = 0.00 seconds
: 226 rows, 58 columns, 616 nonzeros

Using Gurobi shared library /opt/gurobi1301/linux64/lib/libgurobi.so.13.0.1

CPU model: AMD EPYC-Genoa Processor, instruction set [SSE2|AVX|AVX2|AVX512]
Thread count: 16 physical cores, 16 logical processors, using up to 16 threads

Academic license 2792458 - for non-commercial use only - registered to an___@studenti.unipg.it
Optimize a model with 226 rows, 58 columns and 616 nonzeros (Max)
Model fingerprint: 0xc05f0b7e
Model has 2 linear objective coefficients
Variable types: 10 continuous, 48 integer (48 binary)
Coefficient statistics:
  Matrix range     [1e+00, 9e+00]
  Objective range  [1e+00, 1e+00]
  Bounds range     [1e+00, 1e+00]
  RHS range        [1e+00, 1e+01]

Found heuristic solution: objective 2.0000000
Presolve removed 97 rows and 19 columns
Presolve time: 0.00s
Presolved: 129 rows, 39 columns, 412 nonzeros
Variable types: 0 continuous, 39 integer (34 binary)
Found heuristic solution: objective 3.0000000

Root relaxation: objective 8.000000e+00, 25 iterations, 0.00 seconds (0.00 work units)

    Nodes    |    Current Node    |     Objective Bounds      |     Work
 Expl Unexpl |  Obj  Depth IntInf | Incumbent    BestBd   Gap | It/Node Time

     0     0    8.00000    0    7    3.00000    8.00000   167%     -    0s
H    0     0                       6.0000000    8.00000  33.3%     -    0s
     0     0    8.00000    0   12    6.00000    8.00000  33.3%     -    0s
     0     0    8.00000    0   13    6.00000    8.00000  33.3%     -    0s
     0     0    8.00000    0   13    6.00000    8.00000  33.3%     -    0s
     0     0    7.79167    0    7    6.00000    7.79167  29.9%     -    0s
     0     0    7.00000    0   12    6.00000    7.00000  16.7%     -    0s
     0     0    7.00000    0    7    6.00000    7.00000  16.7%     -    0s
     0     0    7.00000    0   14    6.00000    7.00000  16.7%     -    0s
     0     0    7.00000    0    9    6.00000    7.00000  16.7%     -    0s

Cutting planes:
  Gomory: 1
  Zero half: 1
  Mod-K: 2

Explored 1 nodes (147 simplex iterations) in 0.02 seconds (0.01 work units)
Thread count was 16 (of 16 available processors)

Solution count 3: 6 3 2 

Optimal solution found (tolerance 1.00e-04)
Best objective 6.000000000000e+00, best bound 6.000000000000e+00, gap 0.0000%

Wrote result file '/root/bgw/data/results/2026_03_23_13_35_40_set_exp_2_exp_2_n008_c002_g003_max.sol'

