[2026-03-23T16:09:17.596Z] Pipeline "set_ds_1_ds_1_s001_g003" → 2026_03_23_16_09_17_set_ds_1_ds_1_s001_g003_max.sol
Set parameter WLSAccessID
Set parameter WLSSecret
Set parameter LicenseID to value 2792458
Set parameter LogFile to value "gurobi.log"
Using license file /root/gurobi.lic
Academic license 2792458 - for non-commercial use only - registered to an___@studenti.unipg.it

Gurobi Optimizer version 13.0.1 build v13.0.1rc0 (linux64 - "Ubuntu 24.04.4 LTS")
Copyright (c) 2026, Gurobi Optimization, LLC

Warning: Duplicate section found (read 'binary') - Is a variable name equal to an LP file format keyword?
Warning: Duplicate section found (read 'binary') - Is a variable name equal to an LP file format keyword?
Warning: Duplicate section found (read 'binary') - Is a variable name equal to an LP file format keyword?
Warning: Duplicate section found (read 'binary') - Is a variable name equal to an LP file format keyword?
Warning: Duplicate section found (read 'binary') - Is a variable name equal to an LP file format keyword?
Warning: Duplicate section found (read 'binary') - Is a variable name equal to an LP file format keyword?
Warning: Duplicate section found (read 'binary') - Is a variable name equal to an LP file format keyword?
Warning: Duplicate section found (read 'binary') - Is a variable name equal to an LP file format keyword?
Warning: Duplicate section found (read 'binary') - Is a variable name equal to an LP file format keyword?
Warning: Duplicate section found (read 'binary') - Is a variable name equal to an LP file format keyword?
Warning: Further warnings of this type will be omitted.
Read LP format model from file /root/bgw/data/uploads/2026_03_23_16_09_17_set_ds_1_ds_1_s001_g003_max.lp
Reading time = 0.00 seconds
: 675 rows, 129 columns, 1848 nonzeros

Using Gurobi shared library /opt/gurobi1301/linux64/lib/libgurobi.so.13.0.1

CPU model: AMD EPYC-Genoa Processor, instruction set [SSE2|AVX|AVX2|AVX512]
Thread count: 16 physical cores, 16 logical processors, using up to 16 threads

Academic license 2792458 - for non-commercial use only - registered to an___@studenti.unipg.it
Optimize a model with 675 rows, 129 columns and 1848 nonzeros (Max)
Model fingerprint: 0xd5767746
Model has 22 linear objective coefficients
Variable types: 33 continuous, 96 integer (96 binary)
Coefficient statistics:
  Matrix range     [1e+00, 1e+01]
  Objective range  [1e+00, 1e+00]
  Bounds range     [1e+00, 1e+00]
  RHS range        [1e+00, 1e+01]

Found heuristic solution: objective 22.0000000
Presolve removed 303 rows and 49 columns
Presolve time: 0.00s
Presolved: 372 rows, 80 columns, 1180 nonzeros
Variable types: 0 continuous, 80 integer (72 binary)
Found heuristic solution: objective 39.0000000

Root relaxation: objective 1.130000e+02, 80 iterations, 0.00 seconds (0.00 work units)

    Nodes    |    Current Node    |     Objective Bounds      |     Work
 Expl Unexpl |  Obj  Depth IntInf | Incumbent    BestBd   Gap | It/Node Time

     0     0  113.00000    0   33   39.00000  113.00000   190%     -    0s
H    0     0                      43.0000000  113.00000   163%     -    0s
H    0     0                      45.0000000  113.00000   151%     -    0s
H    0     0                      52.0000000  113.00000   117%     -    0s
H    0     0                      53.0000000  113.00000   113%     -    0s
     0     0  113.00000    0   33   53.00000  113.00000   113%     -    0s
H    0     0                      57.0000000  113.00000  98.2%     -    0s
     0     0  113.00000    0   36   57.00000  113.00000  98.2%     -    0s
     0     0  113.00000    0   34   57.00000  113.00000  98.2%     -    0s
H    0     0                      59.0000000  113.00000  91.5%     -    0s
     0     0  113.00000    0   34   59.00000  113.00000  91.5%     -    0s
     0     0  113.00000    0   34   59.00000  113.00000  91.5%     -    0s
     0     0  113.00000    0   34   59.00000  113.00000  91.5%     -    0s
     0     0  113.00000    0   34   59.00000  113.00000  91.5%     -    0s
     0     0  113.00000    0   34   59.00000  113.00000  91.5%     -    0s
     0     0  113.00000    0   33   59.00000  113.00000  91.5%     -    0s
H    0     0                      60.0000000  113.00000  88.3%     -    0s
     0     0  113.00000    0   33   60.00000  113.00000  88.3%     -    0s
     0     0  113.00000    0   33   60.00000  113.00000  88.3%     -    0s
     0     0  113.00000    0   33   60.00000  113.00000  88.3%     -    0s
     0     0  113.00000    0   33   60.00000  113.00000  88.3%     -    0s
     0     2  113.00000    0   33   60.00000  113.00000  88.3%     -    0s

Cutting planes:
  Gomory: 2
  Cover: 18
  Inf proof: 43
  Zero half: 4

Explored 5259 nodes (93764 simplex iterations) in 0.49 seconds (0.35 work units)
Thread count was 16 (of 16 available processors)

Solution count 9: 60 59 57 ... 22

Optimal solution found (tolerance 1.00e-04)
Best objective 6.000000000000e+01, best bound 6.000000000000e+01, gap 0.0000%

Wrote result file '/root/bgw/data/results/2026_03_23_16_09_17_set_ds_1_ds_1_s001_g003_max.sol'

