[2026-03-24T00:36:08.545Z] Pipeline "set_prova_set_prova_set_s000_g004" → 2026_03_24_00_36_08_set_prova_set_prova_set_s000_g004_max.sol
Set parameter WLSAccessID
Set parameter WLSSecret
Set parameter LicenseID to value 2792458
Set parameter LogFile to value "gurobi.log"
Using license file /root/gurobi.lic
Academic license 2792458 - for non-commercial use only - registered to an___@studenti.unipg.it

Gurobi Optimizer version 13.0.1 build v13.0.1rc0 (linux64 - "Ubuntu 24.04.4 LTS")
Copyright (c) 2026, Gurobi Optimization, LLC

Warning: Duplicate section found (read 'binary') - Is a variable name equal to an LP file format keyword?
Warning: Duplicate section found (read 'binary') - Is a variable name equal to an LP file format keyword?
Warning: Duplicate section found (read 'binary') - Is a variable name equal to an LP file format keyword?
Warning: Duplicate section found (read 'binary') - Is a variable name equal to an LP file format keyword?
Warning: Duplicate section found (read 'binary') - Is a variable name equal to an LP file format keyword?
Warning: Duplicate section found (read 'binary') - Is a variable name equal to an LP file format keyword?
Warning: Duplicate section found (read 'binary') - Is a variable name equal to an LP file format keyword?
Warning: Duplicate section found (read 'binary') - Is a variable name equal to an LP file format keyword?
Warning: Duplicate section found (read 'binary') - Is a variable name equal to an LP file format keyword?
Warning: Duplicate section found (read 'binary') - Is a variable name equal to an LP file format keyword?
Warning: Further warnings of this type will be omitted.
Read LP format model from file /root/bgw/data/uploads/2026_03_24_00_36_08_set_prova_set_prova_set_s000_g004_max.lp
Reading time = 0.00 seconds
: 1162 rows, 187 columns, 3043 nonzeros

Using Gurobi shared library /opt/gurobi1301/linux64/lib/libgurobi.so.13.0.1

CPU model: AMD EPYC-Genoa Processor, instruction set [SSE2|AVX|AVX2|AVX512]
Thread count: 16 physical cores, 16 logical processors, using up to 16 threads

Academic license 2792458 - for non-commercial use only - registered to an___@studenti.unipg.it
Optimize a model with 1162 rows, 187 columns and 3043 nonzeros (Max)
Model fingerprint: 0x6796d501
Model has 50 linear objective coefficients
Variable types: 62 continuous, 125 integer (125 binary)
Coefficient statistics:
  Matrix range     [1e+00, 1e+01]
  Objective range  [1e+00, 1e+00]
  Bounds range     [1e+00, 1e+00]
  RHS range        [1e+00, 1e+01]

Found heuristic solution: objective 50.0000000
Presolve removed 651 rows and 80 columns
Presolve time: 0.00s
Presolved: 511 rows, 107 columns, 1632 nonzeros
Variable types: 0 continuous, 107 integer (96 binary)
Found heuristic solution: objective 77.0000000

Root relaxation: objective 2.590000e+02, 143 iterations, 0.00 seconds (0.00 work units)

    Nodes    |    Current Node    |     Objective Bounds      |     Work
 Expl Unexpl |  Obj  Depth IntInf | Incumbent    BestBd   Gap | It/Node Time

     0     0  259.00000    0   62   77.00000  259.00000   236%     -    0s
H    0     0                      78.0000000  259.00000   232%     -    0s
H    0     0                     110.0000000  259.00000   135%     -    0s
H    0     0                     112.0000000  259.00000   131%     -    0s
     0     0  259.00000    0   62  112.00000  259.00000   131%     -    0s
H    0     0                     113.0000000  259.00000   129%     -    0s
     0     0  259.00000    0   51  113.00000  259.00000   129%     -    0s
     0     0  259.00000    0   51  113.00000  259.00000   129%     -    0s
     0     0  259.00000    0   62  113.00000  259.00000   129%     -    0s
     0     0  259.00000    0   62  113.00000  259.00000   129%     -    0s
     0     0  259.00000    0   62  113.00000  259.00000   129%     -    0s
     0     0  259.00000    0   62  113.00000  259.00000   129%     -    0s
     0     0  259.00000    0   62  113.00000  259.00000   129%     -    0s
     0     0  259.00000    0   62  113.00000  259.00000   129%     -    0s
     0     0  259.00000    0   62  113.00000  259.00000   129%     -    0s
     0     0  259.00000    0   62  113.00000  259.00000   129%     -    0s
     0     0  259.00000    0   62  113.00000  259.00000   129%     -    0s
     0     0  259.00000    0   62  113.00000  259.00000   129%     -    0s
     0     0  259.00000    0   62  113.00000  259.00000   129%     -    0s
     0     0  259.00000    0   62  113.00000  259.00000   129%     -    0s
H    0     0                     115.0000000  259.00000   125%     -    0s
     0     2  259.00000    0   48  115.00000  259.00000   125%     -    0s
H   14    22                     119.0000000  259.00000   118%  47.5    0s
H   48   100                     121.0000000  258.40000   114%  54.0    0s
H  713   502                     122.0000000  257.50000   111%  26.9    0s
H33979  9511                     123.0000000  172.90000  40.6%  19.5    2s
 88124 17901  136.50000   35   40  123.00000  153.80000  25.0%  18.1    5s
 228787 13547     cutoff   37       123.00000  133.90000  8.86%  16.8   10s

Cutting planes:
  Inf proof: 2

Explored 276470 nodes (4628657 simplex iterations) in 11.84 seconds (14.51 work units)
Thread count was 16 (of 16 available processors)

Solution count 10: 123 122 121 ... 77

Optimal solution found (tolerance 1.00e-04)
Best objective 1.230000000000e+02, best bound 1.230000000000e+02, gap 0.0000%

Wrote result file '/root/bgw/data/results/2026_03_24_00_36_08_set_prova_set_prova_set_s000_g004_max.sol'

