[2026-03-24T16:16:11.531Z] Pipeline "set_vm-3-t1_vm-3-t1_s033_g002" → 2026_03_24_16_16_11_set_vm-3-t1_vm-3-t1_s033_g002_max.sol
Set parameter Username
Set parameter LicenseID to value 2796068
Set parameter LogFile to value "gurobi.log"
Using license file /opt/gurobi/gurobi.lic
Academic license - for non-commercial use only - expires 2027-03-23

Gurobi Optimizer version 13.0.1 build v13.0.1rc0 (linux64 - "Ubuntu 24.04.4 LTS")
Copyright (c) 2026, Gurobi Optimization, LLC

Warning: Duplicate section found (read 'binary') - Is a variable name equal to an LP file format keyword?
Warning: Duplicate section found (read 'binary') - Is a variable name equal to an LP file format keyword?
Warning: Duplicate section found (read 'binary') - Is a variable name equal to an LP file format keyword?
Warning: Duplicate section found (read 'binary') - Is a variable name equal to an LP file format keyword?
Warning: Duplicate section found (read 'binary') - Is a variable name equal to an LP file format keyword?
Warning: Duplicate section found (read 'binary') - Is a variable name equal to an LP file format keyword?
Warning: Duplicate section found (read 'binary') - Is a variable name equal to an LP file format keyword?
Warning: Duplicate section found (read 'binary') - Is a variable name equal to an LP file format keyword?
Warning: Duplicate section found (read 'binary') - Is a variable name equal to an LP file format keyword?
Warning: Duplicate section found (read 'binary') - Is a variable name equal to an LP file format keyword?
Warning: Further warnings of this type will be omitted.
Read LP format model from file /root/bgw/data/uploads/2026_03_24_16_16_11_set_vm-3-t1_vm-3-t1_s033_g002_max.lp
Reading time = 0.00 seconds
: 716 rows, 135 columns, 1967 nonzeros

Using Gurobi shared library /opt/gurobi1301/linux64/lib/libgurobi.so.13.0.1

CPU model: AMD EPYC-Genoa Processor, instruction set [SSE2|AVX|AVX2|AVX512]
Thread count: 16 physical cores, 16 logical processors, using up to 16 threads

Optimize a model with 716 rows, 135 columns and 1967 nonzeros (Max)
Model fingerprint: 0x79eb4e3f
Model has 31 linear objective coefficients
Variable types: 42 continuous, 93 integer (93 binary)
Coefficient statistics:
  Matrix range     [1e+00, 1e+01]
  Objective range  [1e+00, 1e+00]
  Bounds range     [1e+00, 1e+00]
  RHS range        [1e+00, 1e+01]

Found heuristic solution: objective 31.0000000
Presolve removed 345 rows and 56 columns
Presolve time: 0.00s
Presolved: 371 rows, 79 columns, 1169 nonzeros
Variable types: 0 continuous, 79 integer (72 binary)
Found heuristic solution: objective 53.0000000

Root relaxation: objective 1.680000e+02, 78 iterations, 0.00 seconds (0.00 work units)

    Nodes    |    Current Node    |     Objective Bounds      |     Work
 Expl Unexpl |  Obj  Depth IntInf | Incumbent    BestBd   Gap | It/Node Time

     0     0  168.00000    0   27   53.00000  168.00000   217%     -    0s
H    0     0                      59.0000000  168.00000   185%     -    0s
H    0     0                      67.0000000  168.00000   151%     -    0s
H    0     0                      70.0000000  168.00000   140%     -    0s
H    0     0                      74.0000000  168.00000   127%     -    0s
H    0     0                      75.0000000  168.00000   124%     -    0s
     0     0  168.00000    0   27   75.00000  168.00000   124%     -    0s
H    0     0                      79.0000000  168.00000   113%     -    0s
     0     0  168.00000    0   29   79.00000  168.00000   113%     -    0s
     0     0  168.00000    0   27   79.00000  168.00000   113%     -    0s
H    0     0                      83.0000000  168.00000   102%     -    0s
     0     0  168.00000    0   28   83.00000  168.00000   102%     -    0s
     0     0  168.00000    0   25   83.00000  168.00000   102%     -    0s
     0     0  167.22222    0   28   83.00000  167.22222   101%     -    0s
     0     0  167.22222    0   27   83.00000  167.22222   101%     -    0s
H    0     0                      85.0000000  167.22222  96.7%     -    0s
     0     0  165.00000    0   28   85.00000  165.00000  94.1%     -    0s
     0     0  165.00000    0   25   85.00000  165.00000  94.1%     -    0s
     0     0  162.00000    0   27   85.00000  162.00000  90.6%     -    0s
     0     0  161.00000    0   27   85.00000  161.00000  89.4%     -    0s
     0     0  161.00000    0   25   85.00000  161.00000  89.4%     -    0s
     0     0  160.22222    0   25   85.00000  160.22222  88.5%     -    0s
     0     0  160.22222    0   25   85.00000  160.22222  88.5%     -    0s
     0     2  160.22222    0   25   85.00000  160.22222  88.5%     -    0s

Cutting planes:
  Gomory: 1
  Cover: 25
  MIR: 2
  Inf proof: 47
  Zero half: 1

Explored 6023 nodes (97812 simplex iterations) in 0.44 seconds (0.35 work units)
Thread count was 16 (of 16 available processors)

Solution count 10: 85 83 79 ... 31

Optimal solution found (tolerance 1.00e-04)
Best objective 8.500000000000e+01, best bound 8.500000000000e+01, gap 0.0000%

Wrote result file '/root/bgw/data/results/2026_03_24_16_16_11_set_vm-3-t1_vm-3-t1_s033_g002_max.sol'

