[2026-03-23T15:57:35.189Z] Pipeline "set_exp_3_exp_3_n012_c002_g002" → 2026_03_23_15_57_34_set_exp_3_exp_3_n012_c002_g002_max.sol
Set parameter WLSAccessID
Set parameter WLSSecret
Set parameter LicenseID to value 2792458
Set parameter LogFile to value "gurobi.log"
Using license file /root/gurobi.lic
Academic license 2792458 - for non-commercial use only - registered to an___@studenti.unipg.it

Gurobi Optimizer version 13.0.1 build v13.0.1rc0 (linux64 - "Ubuntu 24.04.4 LTS")
Copyright (c) 2026, Gurobi Optimization, LLC

Warning: Duplicate section found (read 'binary') - Is a variable name equal to an LP file format keyword?
Warning: Duplicate section found (read 'binary') - Is a variable name equal to an LP file format keyword?
Warning: Duplicate section found (read 'binary') - Is a variable name equal to an LP file format keyword?
Warning: Duplicate section found (read 'binary') - Is a variable name equal to an LP file format keyword?
Warning: Duplicate section found (read 'binary') - Is a variable name equal to an LP file format keyword?
Warning: Duplicate section found (read 'binary') - Is a variable name equal to an LP file format keyword?
Warning: Duplicate section found (read 'binary') - Is a variable name equal to an LP file format keyword?
Warning: Duplicate section found (read 'binary') - Is a variable name equal to an LP file format keyword?
Warning: Duplicate section found (read 'binary') - Is a variable name equal to an LP file format keyword?
Warning: Duplicate section found (read 'binary') - Is a variable name equal to an LP file format keyword?
Warning: Further warnings of this type will be omitted.
Read LP format model from file /root/bgw/data/uploads/2026_03_23_15_57_34_set_exp_3_exp_3_n012_c002_g002_max.lp
Reading time = 0.00 seconds
: 630 rows, 116 columns, 1835 nonzeros

Using Gurobi shared library /opt/gurobi1301/linux64/lib/libgurobi.so.13.0.1

CPU model: AMD EPYC-Genoa Processor, instruction set [SSE2|AVX|AVX2|AVX512]
Thread count: 16 physical cores, 16 logical processors, using up to 16 threads

Academic license 2792458 - for non-commercial use only - registered to an___@studenti.unipg.it
Optimize a model with 630 rows, 116 columns and 1835 nonzeros (Max)
Model fingerprint: 0xfcd3a6c0
Model has 6 linear objective coefficients
Variable types: 18 continuous, 98 integer (98 binary)
Coefficient statistics:
  Matrix range     [1e+00, 1e+01]
  Objective range  [1e+00, 1e+00]
  Bounds range     [1e+00, 1e+00]
  RHS range        [1e+00, 1e+01]

Found heuristic solution: objective 6.0000000
Presolve removed 169 rows and 37 columns
Presolve time: 0.00s
Presolved: 461 rows, 79 columns, 1428 nonzeros
Variable types: 0 continuous, 79 integer (74 binary)

Root relaxation: objective 2.700000e+01, 50 iterations, 0.00 seconds (0.00 work units)

    Nodes    |    Current Node    |     Objective Bounds      |     Work
 Expl Unexpl |  Obj  Depth IntInf | Incumbent    BestBd   Gap | It/Node Time

     0     0   27.00000    0   12    6.00000   27.00000   350%     -    0s
H    0     0                      10.0000000   27.00000   170%     -    0s
H    0     0                      13.0000000   27.00000   108%     -    0s
H    0     0                      17.0000000   27.00000  58.8%     -    0s
     0     0   27.00000    0   14   17.00000   27.00000  58.8%     -    0s
     0     0   24.00000    0   14   17.00000   24.00000  41.2%     -    0s
     0     0   24.00000    0   14   17.00000   24.00000  41.2%     -    0s
     0     0   24.00000    0   14   17.00000   24.00000  41.2%     -    0s
     0     0   24.00000    0   14   17.00000   24.00000  41.2%     -    0s
     0     0   24.00000    0    8   17.00000   24.00000  41.2%     -    0s
     0     0   23.80000    0   12   17.00000   23.80000  40.0%     -    0s
     0     0   23.80000    0   12   17.00000   23.80000  40.0%     -    0s
     0     0   23.00000    0   15   17.00000   23.00000  35.3%     -    0s
     0     0   23.00000    0   14   17.00000   23.00000  35.3%     -    0s
     0     0   22.80000    0   14   17.00000   22.80000  34.1%     -    0s
     0     0   22.70000    0   14   17.00000   22.70000  33.5%     -    0s
     0     0   22.70000    0   14   17.00000   22.70000  33.5%     -    0s
     0     0   22.40000    0   14   17.00000   22.40000  31.8%     -    0s
     0     0   22.40000    0   14   17.00000   22.40000  31.8%     -    0s
     0     2   22.40000    0   14   17.00000   22.40000  31.8%     -    0s

Cutting planes:
  Gomory: 10
  Lift-and-project: 3
  MIR: 4
  StrongCG: 1
  Inf proof: 1
  Zero half: 2
  Mod-K: 2

Explored 200 nodes (3140 simplex iterations) in 0.18 seconds (0.09 work units)
Thread count was 16 (of 16 available processors)

Solution count 4: 17 13 10 6 

Optimal solution found (tolerance 1.00e-04)
Best objective 1.700000000000e+01, best bound 1.700000000000e+01, gap 0.0000%

Wrote result file '/root/bgw/data/results/2026_03_23_15_57_34_set_exp_3_exp_3_n012_c002_g002_max.sol'

