[2026-03-24T18:04:08.029Z] Pipeline "set_vm-4-t1_vm-4-t1_s027_g002" → 2026_03_24_18_04_07_set_vm-4-t1_vm-4-t1_s027_g002_max.sol
Set parameter Username
Set parameter LicenseID to value 2797659
Set parameter LogFile to value "gurobi.log"
Using license file /opt/gurobi/gurobi.lic
Academic license - for non-commercial use only - expires 2027-03-24

Gurobi Optimizer version 13.0.1 build v13.0.1rc0 (linux64 - "Ubuntu 24.04.4 LTS")
Copyright (c) 2026, Gurobi Optimization, LLC

Warning: Duplicate section found (read 'binary') - Is a variable name equal to an LP file format keyword?
Warning: Duplicate section found (read 'binary') - Is a variable name equal to an LP file format keyword?
Warning: Duplicate section found (read 'binary') - Is a variable name equal to an LP file format keyword?
Warning: Duplicate section found (read 'binary') - Is a variable name equal to an LP file format keyword?
Warning: Duplicate section found (read 'binary') - Is a variable name equal to an LP file format keyword?
Warning: Duplicate section found (read 'binary') - Is a variable name equal to an LP file format keyword?
Warning: Duplicate section found (read 'binary') - Is a variable name equal to an LP file format keyword?
Warning: Duplicate section found (read 'binary') - Is a variable name equal to an LP file format keyword?
Warning: Duplicate section found (read 'binary') - Is a variable name equal to an LP file format keyword?
Warning: Duplicate section found (read 'binary') - Is a variable name equal to an LP file format keyword?
Warning: Further warnings of this type will be omitted.
Read LP format model from file /root/bgw/data/uploads/2026_03_24_18_04_07_set_vm-4-t1_vm-4-t1_s027_g002_max.lp
Reading time = 0.08 seconds
: 59217 rows, 1787 columns, 180197 nonzeros

Using Gurobi shared library /opt/gurobi1301/linux64/lib/libgurobi.so.13.0.1

CPU model: AMD EPYC-Genoa Processor, instruction set [SSE2|AVX|AVX2|AVX512]
Thread count: 16 physical cores, 16 logical processors, using up to 16 threads

Optimize a model with 59217 rows, 1787 columns and 180197 nonzeros (Max)
Model fingerprint: 0xd6864b5e
Model has 32 linear objective coefficients
Variable types: 89 continuous, 1698 integer (1698 binary)
Coefficient statistics:
  Matrix range     [1e+00, 6e+01]
  Objective range  [1e+00, 1e+00]
  Bounds range     [1e+00, 1e+00]
  RHS range        [1e+00, 6e+01]

Found heuristic solution: objective 32.0000000
Presolve removed 651 rows and 164 columns
Presolve time: 0.31s
Presolved: 58566 rows, 1623 columns, 176130 nonzeros
Variable types: 0 continuous, 1623 integer (1615 binary)
Root relaxation presolved: 1623 rows, 60189 columns, 177753 nonzeros


Root relaxation: objective 1.720000e+02, 1068 iterations, 0.23 seconds (0.27 work units)

    Nodes    |    Current Node    |     Objective Bounds      |     Work
 Expl Unexpl |  Obj  Depth IntInf | Incumbent    BestBd   Gap | It/Node Time

     0     0  172.00000    0   45   32.00000  172.00000   438%     -    1s
H    0     0                      60.0000000  172.00000   187%     -    1s
H    0     0                      74.0000000  172.00000   132%     -    1s
H    0     0                      88.0000000  172.00000  95.5%     -    1s
     0     0  172.00000    0   56   88.00000  172.00000  95.5%     -    1s
     0     0  172.00000    0   55   88.00000  172.00000  95.5%     -    1s
     0     0  172.00000    0   36   88.00000  172.00000  95.5%     -    2s
     0     0  172.00000    0   31   88.00000  172.00000  95.5%     -    2s
     0     0  172.00000    0   38   88.00000  172.00000  95.5%     -    2s
     0     0  172.00000    0   31   88.00000  172.00000  95.5%     -    2s
     0     0  172.00000    0   33   88.00000  172.00000  95.5%     -    2s
     0     0  172.00000    0   32   88.00000  172.00000  95.5%     -    3s
     0     0  172.00000    0   33   88.00000  172.00000  95.5%     -    3s
     0     0  172.00000    0   27   88.00000  172.00000  95.5%     -    3s
     0     0  172.00000    0   33   88.00000  172.00000  95.5%     -    3s
     0     0  172.00000    0   32   88.00000  172.00000  95.5%     -    3s
     0     0  172.00000    0   24   88.00000  172.00000  95.5%     -    4s
     0     0  172.00000    0   24   88.00000  172.00000  95.5%     -    4s
     0     0  172.00000    0   24   88.00000  172.00000  95.5%     -    4s
     0     0  172.00000    0   33   88.00000  172.00000  95.5%     -    4s
     0     0  172.00000    0   27   88.00000  172.00000  95.5%     -    4s
     0     0  172.00000    0   37   88.00000  172.00000  95.5%     -    4s
     0     0  172.00000    0   31   88.00000  172.00000  95.5%     -    4s
     0     0  172.00000    0   31   88.00000  172.00000  95.5%     -    5s
     0     0  172.00000    0   31   88.00000  172.00000  95.5%     -    5s
     0     2  172.00000    0   31   88.00000  172.00000  95.5%     -    5s
   135   127  157.91515    8  153   88.00000  171.87273  95.3%   559   10s
   375   252 infeasible   15        88.00000  171.83030  95.3%   478   15s
   446   270 infeasible   17        88.00000  171.74545  95.2%   512   20s
   519   291  101.91515   19   16   88.00000  171.74545  95.2%   537   25s
   621   332   95.00000   21   77   88.00000  171.61818  95.0%   528   30s
   765   382  163.85455    8   42   88.00000  170.60000  93.9%   541   36s
  1028   492  108.89818   17   21   88.00000  165.00000  87.5%   504   41s
  1173   518  129.74545   10   36   88.00000  164.87273  87.4%   514   46s
  1303   563 infeasible   19        88.00000  164.50000  86.9%   521   50s
  1554   630  134.58182   12   26   88.00000  164.13455  86.5%   536   58s
  1629   675  135.61487   12  200   88.00000  163.80364  86.1%   551   61s
  1887   767   95.00000   18  100   88.00000  163.80364  86.1%   537   66s
  2118   824  136.53687   10  305   88.00000  161.47448  83.5%   557   71s
  2384   893  115.93689   13   76   88.00000  157.74545  79.3%   560   75s
  2654   971  122.31431   11  279   88.00000  157.74545  79.3%   564   81s
  2883  1028  108.61818   15   21   88.00000  156.83836  78.2%   571   88s
  3016  1048 infeasible   17        88.00000  156.79091  78.2%   579   94s
  3128  1099  115.51517   12  221   88.00000  156.79091  78.2%   596   96s
  3241  1133  107.78161   14  249   88.00000  156.79091  78.2%   606  103s
  3376  1162  108.74545   14   14   88.00000  156.64466  78.0%   617  106s
  3518  1193  108.58990   16   19   88.00000  156.64466  78.0%   623  110s
  3626  1229  108.41667   17   18   88.00000  150.87273  71.4%   628  118s
  3775  1275  142.62112   11  103   88.00000  150.61818  71.2%   637  121s
  3915  1303  101.88687   20   28   88.00000  150.61818  71.2%   644  125s
  4246  1390     cutoff   19        88.00000  150.36866  70.9%   656  131s
  4576  1436  128.79432   14  129   88.00000  149.76818  70.2%   661  138s
  4784  1464   97.73636   21    9   88.00000  149.40929  69.8%   663  142s
  4952  1518  127.33665   14  292   88.00000  149.08382  69.4%   666  147s
  5164  1521  122.49545   17   43   88.00000  147.70411  67.8%   674  150s
  5186  1549  147.70411   13   42   88.00000  147.70411  67.8%   673  155s
  5292  1598  147.70411   17   54   88.00000  147.70411  67.8%   672  161s
  5336  1612 infeasible   18        88.00000  147.70411  67.8%   670  166s
  5378  1626  129.83030   20  115   88.00000  147.70411  67.8%   669  171s
  5457  1650  129.23636   22   23   88.00000  147.70411  67.8%   664  175s
  5510  1646 infeasible   25        88.00000  147.70411  67.8%   665  180s
  5538  1648  108.36364   26   15   88.00000  147.70411  67.8%   664  186s
  5593  1643 infeasible   27        88.00000  147.70411  67.8%   664  192s
  5646  1642  108.61818   26   57   88.00000  147.70411  67.8%   667  196s
  5714  1626   95.00000   28   47   88.00000  147.70411  67.8%   665  201s
  5770  1616  136.49091   21   29   88.00000  147.70411  67.8%   666  209s
  5806  1607  129.61818   22   28   88.00000  147.70411  67.8%   668  215s
  5853  1583  108.74545   27   56   88.00000  147.70411  67.8%   671  221s
  5949  1589  147.70411   15  174   88.00000  147.70411  67.8%   670  229s
  6013  1591  143.87273   18   92   88.00000  147.70411  67.8%   669  232s
  6159  1585  108.87273   26   59   88.00000  147.70411  67.8%   661  238s
  6206  1575 infeasible   29        88.00000  147.70411  67.8%   660  240s
  6256  1576     cutoff   29        88.00000  147.70411  67.8%   657  246s
  6309  1567  136.61818   17   32   88.00000  147.70411  67.8%   657  251s
  6378  1586  122.55455   20   32   88.00000  147.70411  67.8%   656  258s
  6422  1597  108.91515   25   37   88.00000  147.70411  67.8%   657  262s
  6496  1579 infeasible   24        88.00000  147.70411  67.8%   657  265s
  6667  1576  129.74545   21  127   88.00000  147.70411  67.8%   651  274s
  6759  1564  115.49091   24   75   88.00000  147.70411  67.8%   651  278s
  6837  1554 infeasible   27        88.00000  147.70411  67.8%   650  283s
  6938  1538  136.87273   17   58   88.00000  147.70411  67.8%   649  287s
  7012  1568  130.00000   19   59   88.00000  147.70411  67.8%   647  291s
  7119  1534  129.49091   20   29   88.00000  147.70411  67.8%   643  298s
  7224  1519  102.00000   25   86   88.00000  147.70411  67.8%   644  302s
  7305  1529 infeasible   25        88.00000  147.70411  67.8%   645  308s
  7445  1504 infeasible   27        88.00000  147.70411  67.8%   641  313s
  7603  1488  129.69455   20   49   88.00000  147.70411  67.8%   637  318s
  7742  1469  136.61818   20   34   88.00000  147.70411  67.8%   633  324s
  7867  1452  115.93636   25   55   88.00000  143.95758  63.6%   634  330s
  8021  1452     cutoff   28        88.00000  143.74545  63.3%   631  336s
  8221  1379   95.00000   27   88   88.00000  143.23636  62.8%   626  341s
  8255  1377 infeasible   28        88.00000  142.98182  62.5%   628  347s
  8325  1360  101.91250   25   29   88.00000  142.98182  62.5%   628  352s
  8413  1354  101.88333   26   29   88.00000  142.98182  62.5%   631  358s
  8534  1337 infeasible   27        88.00000  142.85455  62.3%   630  363s
  8662  1337   95.00000   27   27   88.00000  141.83636  61.2%   632  371s
  8853  1299  122.94909   24   94   88.00000  137.00000  55.7%   631  379s
  9010  1296  122.40606   24   26   88.00000  137.00000  55.7%   635  388s
  9186  1264 infeasible   29        88.00000  136.80909  55.5%   635  396s
  9335  1243  108.80909   26   32   88.00000  136.80909  55.5%   641  403s
  9477  1243 infeasible   27        88.00000  136.74545  55.4%   644  411s
  9682  1200  115.44000   22   52   88.00000  136.74545  55.4%   643  420s
  9800  1214  129.36364   22  146   88.00000  136.74545  55.4%   646  428s
  9982  1241  101.87273   28   91   88.00000  136.61818  55.2%   649  436s
 10230  1260 infeasible   24        88.00000  136.49091  55.1%   650  445s
 10484  1326 infeasible   28        88.00000  136.40606  55.0%   647  457s
 10791  1356  108.74545   26   26   88.00000  136.30000  54.9%   644  467s
 11070  1369     cutoff   29        88.00000  135.98182  54.5%   645  478s
 11289  1411 infeasible   29        88.00000  130.00000  47.7%   648  489s
 11529  1449 infeasible   29        88.00000  129.93636  47.7%   650  499s
 11774  1451  116.00000   23   34   88.00000  129.89818  47.6%   653  510s
 12002  1462  102.00000   25  178   88.00000  129.74545  47.4%   658  522s
 12303  1476 infeasible   28        88.00000  129.74545  47.4%   660  533s
 12664  1510  115.23636   23   27   88.00000  129.55455  47.2%   660  543s
 13067  1500  115.61818   25   37   88.00000  129.49091  47.1%   656  555s
 13242  1488 infeasible   24        88.00000  129.36364  47.0%   655  568s
 13690  1501  122.61818   22   63   88.00000  129.23636  46.9%   651  584s
 14077  1522 infeasible   26        88.00000  123.00000  39.8%   654  600s
 14383  1581 infeasible   28        88.00000  123.00000  39.8%   661  615s
 14690  1596 infeasible   29        88.00000  122.92364  39.7%   667  631s
 15067  1628  101.49091   25   60   88.00000  122.89818  39.7%   672  647s
 15393  1655 infeasible   24        88.00000  122.87273  39.6%   678  664s
 15757  1647 infeasible   27        88.00000  122.77091  39.5%   686  679s
 16132  1632  114.98182   25   25   88.00000  122.74545  39.5%   692  697s
 16669  1579 infeasible   28        88.00000  122.74545  39.5%   691  713s
 17198  1520 infeasible   27        88.00000  122.49091  39.2%   691  731s
 17719  1512 infeasible   27        88.00000  122.23636  38.9%   694  755s
 18225  1516 infeasible   28        88.00000  121.72727  38.3%   700  774s
 18678  1495     cutoff   26        88.00000  116.00000  31.8%   706  798s
 19140  1478 infeasible   27        88.00000  116.00000  31.8%   715  821s
 19600  1473  101.82182   28   13   88.00000  115.88333  31.7%   722  842s
 20090  1405 infeasible   24        88.00000  115.87273  31.7%   729  865s
 20763  1244 infeasible   27        88.00000  115.74545  31.5%   731  891s
 21533  1140  101.61818   28    3   88.00000  115.68182  31.5%   729  916s
 22215  1115  102.00000   25   23   88.00000  112.73333  28.1%   730  939s
 22809  1043  108.83030   23   26   88.00000  109.00000  23.9%   740  964s
 23362   976     cutoff   26        88.00000  109.00000  23.9%   752  989s
 24001   808 infeasible   27        88.00000  108.93636  23.8%   761 1018s
 24709   532     cutoff   27        88.00000  108.87273  23.7%   767 1046s
 25493   346  102.00000   27   56   88.00000  108.61818  23.4%   772 1076s
 26046    16  101.68182   27   21   88.00000  102.00000  15.9%   787 1101s

Cutting planes:
  Inf proof: 4

Explored 26626 nodes (21044554 simplex iterations) in 1103.56 seconds (1983.06 work units)
Thread count was 16 (of 16 available processors)

Solution count 7: 88 88 88 ... 32

Optimal solution found (tolerance 1.00e-04)
Best objective 8.800000000000e+01, best bound 8.800000000000e+01, gap 0.0000%

Wrote result file '/root/bgw/data/results/2026_03_24_18_04_07_set_vm-4-t1_vm-4-t1_s027_g002_max.sol'

