[2026-03-24T16:34:36.581Z] Pipeline "set_vm-3-t3_vm-3-t3_s004_g002" → 2026_03_24_16_34_36_set_vm-3-t3_vm-3-t3_s004_g002_max.sol
Set parameter Username
Set parameter LicenseID to value 2796068
Set parameter LogFile to value "gurobi.log"
Using license file /opt/gurobi/gurobi.lic
Academic license - for non-commercial use only - expires 2027-03-23

Gurobi Optimizer version 13.0.1 build v13.0.1rc0 (linux64 - "Ubuntu 24.04.4 LTS")
Copyright (c) 2026, Gurobi Optimization, LLC

Warning: Duplicate section found (read 'binary') - Is a variable name equal to an LP file format keyword?
Warning: Duplicate section found (read 'binary') - Is a variable name equal to an LP file format keyword?
Warning: Duplicate section found (read 'binary') - Is a variable name equal to an LP file format keyword?
Warning: Duplicate section found (read 'binary') - Is a variable name equal to an LP file format keyword?
Warning: Duplicate section found (read 'binary') - Is a variable name equal to an LP file format keyword?
Warning: Duplicate section found (read 'binary') - Is a variable name equal to an LP file format keyword?
Warning: Duplicate section found (read 'binary') - Is a variable name equal to an LP file format keyword?
Warning: Duplicate section found (read 'binary') - Is a variable name equal to an LP file format keyword?
Warning: Duplicate section found (read 'binary') - Is a variable name equal to an LP file format keyword?
Warning: Duplicate section found (read 'binary') - Is a variable name equal to an LP file format keyword?
Warning: Further warnings of this type will be omitted.
Read LP format model from file /root/bgw/data/uploads/2026_03_24_16_34_36_set_vm-3-t3_vm-3-t3_s004_g002_max.lp
Reading time = 0.00 seconds
: 1494 rows, 243 columns, 4250 nonzeros

Using Gurobi shared library /opt/gurobi1301/linux64/lib/libgurobi.so.13.0.1

CPU model: AMD EPYC-Genoa Processor, instruction set [SSE2|AVX|AVX2|AVX512]
Thread count: 16 physical cores, 16 logical processors, using up to 16 threads

Optimize a model with 1494 rows, 243 columns and 4250 nonzeros (Max)
Model fingerprint: 0x80c85caf
Model has 84 linear objective coefficients
Variable types: 98 continuous, 145 integer (145 binary)
Coefficient statistics:
  Matrix range     [1e+00, 2e+01]
  Objective range  [1e+00, 1e+00]
  Bounds range     [1e+00, 1e+00]
  RHS range        [1e+00, 2e+01]

Found heuristic solution: objective 84.0000000
Presolve removed 698 rows and 113 columns
Presolve time: 0.00s
Presolved: 796 rows, 130 columns, 2498 nonzeros
Variable types: 0 continuous, 130 integer (120 binary)
Found heuristic solution: objective 188.0000000

Root relaxation: objective 5.340000e+02, 128 iterations, 0.00 seconds (0.00 work units)

    Nodes    |    Current Node    |     Objective Bounds      |     Work
 Expl Unexpl |  Obj  Depth IntInf | Incumbent    BestBd   Gap | It/Node Time

     0     0  534.00000    0   50  188.00000  534.00000   184%     -    0s
H    0     0                     202.0000000  534.00000   164%     -    0s
     0     0  534.00000    0   55  202.00000  534.00000   164%     -    0s
H    0     0                     217.0000000  534.00000   146%     -    0s
     0     0  534.00000    0   55  217.00000  534.00000   146%     -    0s
     0     0  534.00000    0   53  217.00000  534.00000   146%     -    0s
     0     0  534.00000    0   51  217.00000  534.00000   146%     -    0s
H    0     0                     218.0000000  534.00000   145%     -    0s
H    0     0                     219.0000000  534.00000   144%     -    0s
     0     0  519.00000    0   48  219.00000  519.00000   137%     -    0s
     0     0  519.00000    0   48  219.00000  519.00000   137%     -    0s
H    0     0                     232.0000000  519.00000   124%     -    0s
H    0     0                     233.0000000  519.00000   123%     -    0s
     0     0  519.00000    0   51  233.00000  519.00000   123%     -    0s
     0     0  519.00000    0   44  233.00000  519.00000   123%     -    0s
     0     0  518.00000    0   54  233.00000  518.00000   122%     -    0s
     0     0  518.00000    0   50  233.00000  518.00000   122%     -    0s
     0     0  517.00000    0   52  233.00000  517.00000   122%     -    0s
     0     0  517.00000    0   51  233.00000  517.00000   122%     -    0s
     0     0  517.00000    0   52  233.00000  517.00000   122%     -    0s
     0     0  517.00000    0   51  233.00000  517.00000   122%     -    0s
     0     0  515.87500    0   51  233.00000  515.87500   121%     -    0s
     0     0  515.87500    0   51  233.00000  515.87500   121%     -    0s
     0     2  515.87500    0   51  233.00000  515.87500   121%     -    0s
 104452 24550  311.60000   37   43  233.00000  330.08333  41.7%  18.7    5s
 246502 29226 infeasible   45       233.00000  290.16667  24.5%  19.4   10s
 362227 14930 infeasible   46       233.00000  266.00000  14.2%  20.1   15s

Cutting planes:
  Gomory: 1
  Flow cover: 5

Explored 416425 nodes (8775384 simplex iterations) in 17.52 seconds (28.39 work units)
Thread count was 16 (of 16 available processors)

Solution count 10: 233 233 233 ... 84

Optimal solution found (tolerance 1.00e-04)
Best objective 2.330000000000e+02, best bound 2.330000000000e+02, gap 0.0000%

Wrote result file '/root/bgw/data/results/2026_03_24_16_34_36_set_vm-3-t3_vm-3-t3_s004_g002_max.sol'

