[2026-03-24T00:34:16.186Z] Pipeline "set_set_set_s008_g002" → 2026_03_24_00_34_16_set_set_set_s008_g002_max.sol
Set parameter WLSAccessID
Set parameter WLSSecret
Set parameter LicenseID to value 2792458
Set parameter LogFile to value "gurobi.log"
Using license file /root/gurobi.lic
Academic license 2792458 - for non-commercial use only - registered to an___@studenti.unipg.it

Gurobi Optimizer version 13.0.1 build v13.0.1rc0 (linux64 - "Ubuntu 24.04.4 LTS")
Copyright (c) 2026, Gurobi Optimization, LLC

Warning: Duplicate section found (read 'binary') - Is a variable name equal to an LP file format keyword?
Warning: Duplicate section found (read 'binary') - Is a variable name equal to an LP file format keyword?
Warning: Duplicate section found (read 'binary') - Is a variable name equal to an LP file format keyword?
Warning: Duplicate section found (read 'binary') - Is a variable name equal to an LP file format keyword?
Warning: Duplicate section found (read 'binary') - Is a variable name equal to an LP file format keyword?
Warning: Duplicate section found (read 'binary') - Is a variable name equal to an LP file format keyword?
Warning: Duplicate section found (read 'binary') - Is a variable name equal to an LP file format keyword?
Warning: Duplicate section found (read 'binary') - Is a variable name equal to an LP file format keyword?
Warning: Duplicate section found (read 'binary') - Is a variable name equal to an LP file format keyword?
Warning: Duplicate section found (read 'binary') - Is a variable name equal to an LP file format keyword?
Warning: Further warnings of this type will be omitted.
Read LP format model from file /root/bgw/data/uploads/2026_03_24_00_34_16_set_set_set_s008_g002_max.lp
Reading time = 0.00 seconds
: 1066 rows, 174 columns, 2957 nonzeros

Using Gurobi shared library /opt/gurobi1301/linux64/lib/libgurobi.so.13.0.1

CPU model: AMD EPYC-Genoa Processor, instruction set [SSE2|AVX|AVX2|AVX512]
Thread count: 16 physical cores, 16 logical processors, using up to 16 threads

Academic license 2792458 - for non-commercial use only - registered to an___@studenti.unipg.it
Optimize a model with 1066 rows, 174 columns and 2957 nonzeros (Max)
Model fingerprint: 0xc32e839b
Model has 33 linear objective coefficients
Variable types: 46 continuous, 128 integer (128 binary)
Coefficient statistics:
  Matrix range     [1e+00, 1e+01]
  Objective range  [1e+00, 1e+00]
  Bounds range     [1e+00, 1e+00]
  RHS range        [1e+00, 2e+01]

Found heuristic solution: objective 33.0000000
Presolve removed 443 rows and 66 columns
Presolve time: 0.01s
Presolved: 623 rows, 108 columns, 1959 nonzeros
Variable types: 0 continuous, 108 integer (99 binary)
Found heuristic solution: objective 50.0000000

Root relaxation: objective 1.760000e+02, 143 iterations, 0.01 seconds (0.00 work units)

    Nodes    |    Current Node    |     Objective Bounds      |     Work
 Expl Unexpl |  Obj  Depth IntInf | Incumbent    BestBd   Gap | It/Node Time

     0     0  176.00000    0   42   50.00000  176.00000   252%     -    0s
H    0     0                      53.0000000  176.00000   232%     -    0s
H    0     0                      65.0000000  176.00000   171%     -    0s
H    0     0                      68.0000000  176.00000   159%     -    0s
H    0     0                      79.0000000  176.00000   123%     -    0s
     0     0  176.00000    0   44   79.00000  176.00000   123%     -    0s
H    0     0                      80.0000000  176.00000   120%     -    0s
H    0     0                      81.0000000  176.00000   117%     -    0s
     0     0  176.00000    0   43   81.00000  176.00000   117%     -    0s
     0     0  176.00000    0   41   81.00000  176.00000   117%     -    0s
     0     0  176.00000    0   42   81.00000  176.00000   117%     -    0s
     0     0  176.00000    0   41   81.00000  176.00000   117%     -    0s
H    0     0                      84.0000000  176.00000   110%     -    0s
     0     0  176.00000    0   45   84.00000  176.00000   110%     -    0s
     0     0  176.00000    0   44   84.00000  176.00000   110%     -    0s
     0     0  176.00000    0   44   84.00000  176.00000   110%     -    0s
     0     0  176.00000    0   43   84.00000  176.00000   110%     -    0s
H    0     0                      85.0000000  176.00000   107%     -    0s
H    0     0                      86.0000000  176.00000   105%     -    0s
H    0     0                      89.0000000  176.00000  97.8%     -    0s
     0     0  176.00000    0   44   89.00000  176.00000  97.8%     -    0s
     0     0  176.00000    0   39   89.00000  176.00000  97.8%     -    0s
     0     0  176.00000    0   39   89.00000  176.00000  97.8%     -    0s
     0     0  176.00000    0   39   89.00000  176.00000  97.8%     -    0s
     0     2  176.00000    0   39   89.00000  176.00000  97.8%     -    0s

Cutting planes:
  Inf proof: 6

Explored 14781 nodes (386348 simplex iterations) in 1.67 seconds (2.04 work units)
Thread count was 16 (of 16 available processors)

Solution count 10: 89 86 85 ... 53

Optimal solution found (tolerance 1.00e-04)
Best objective 8.900000000000e+01, best bound 8.900000000000e+01, gap 0.0000%

Wrote result file '/root/bgw/data/results/2026_03_24_00_34_16_set_set_set_s008_g002_max.sol'

