[2026-03-24T00:44:38.622Z] Pipeline "set_prova_set_prova_set_s006_g003" → 2026_03_24_00_44_38_set_prova_set_prova_set_s006_g003_max.sol
Set parameter WLSAccessID
Set parameter WLSSecret
Set parameter LicenseID to value 2792458
Set parameter LogFile to value "gurobi.log"
Using license file /root/gurobi.lic
Academic license 2792458 - for non-commercial use only - registered to an___@studenti.unipg.it

Gurobi Optimizer version 13.0.1 build v13.0.1rc0 (linux64 - "Ubuntu 24.04.4 LTS")
Copyright (c) 2026, Gurobi Optimization, LLC

Warning: Duplicate section found (read 'binary') - Is a variable name equal to an LP file format keyword?
Warning: Duplicate section found (read 'binary') - Is a variable name equal to an LP file format keyword?
Warning: Duplicate section found (read 'binary') - Is a variable name equal to an LP file format keyword?
Warning: Duplicate section found (read 'binary') - Is a variable name equal to an LP file format keyword?
Warning: Duplicate section found (read 'binary') - Is a variable name equal to an LP file format keyword?
Warning: Duplicate section found (read 'binary') - Is a variable name equal to an LP file format keyword?
Warning: Duplicate section found (read 'binary') - Is a variable name equal to an LP file format keyword?
Warning: Duplicate section found (read 'binary') - Is a variable name equal to an LP file format keyword?
Warning: Duplicate section found (read 'binary') - Is a variable name equal to an LP file format keyword?
Warning: Duplicate section found (read 'binary') - Is a variable name equal to an LP file format keyword?
Warning: Further warnings of this type will be omitted.
Read LP format model from file /root/bgw/data/uploads/2026_03_24_00_44_38_set_prova_set_prova_set_s006_g003_max.lp
Reading time = 0.00 seconds
: 2830 rows, 320 columns, 8345 nonzeros

Using Gurobi shared library /opt/gurobi1301/linux64/lib/libgurobi.so.13.0.1

CPU model: AMD EPYC-Genoa Processor, instruction set [SSE2|AVX|AVX2|AVX512]
Thread count: 16 physical cores, 16 logical processors, using up to 16 threads

Academic license 2792458 - for non-commercial use only - registered to an___@studenti.unipg.it
Optimize a model with 2830 rows, 320 columns and 8345 nonzeros (Max)
Model fingerprint: 0x6487c624
Model has 18 linear objective coefficients
Variable types: 38 continuous, 282 integer (282 binary)
Coefficient statistics:
  Matrix range     [1e+00, 2e+01]
  Objective range  [1e+00, 1e+00]
  Bounds range     [1e+00, 1e+00]
  RHS range        [1e+00, 2e+01]

Found heuristic solution: objective 18.0000000
Presolve removed 492 rows and 95 columns
Presolve time: 0.01s
Presolved: 2338 rows, 225 columns, 7218 nonzeros
Variable types: 0 continuous, 225 integer (213 binary)
Found heuristic solution: objective 26.0000000

Root relaxation: objective 8.100000e+01, 342 iterations, 0.02 seconds (0.02 work units)

    Nodes    |    Current Node    |     Objective Bounds      |     Work
 Expl Unexpl |  Obj  Depth IntInf | Incumbent    BestBd   Gap | It/Node Time

     0     0   81.00000    0   83   26.00000   81.00000   212%     -    0s
H    0     0                      28.0000000   81.00000   189%     -    0s
H    0     0                      29.0000000   81.00000   179%     -    0s
H    0     0                      32.0000000   81.00000   153%     -    0s
H    0     0                      35.0000000   81.00000   131%     -    0s
H    0     0                      38.0000000   81.00000   113%     -    0s
     0     0   81.00000    0   78   38.00000   81.00000   113%     -    0s
H    0     0                      39.0000000   81.00000   108%     -    0s
     0     0   81.00000    0   78   39.00000   81.00000   108%     -    0s
     0     0   81.00000    0   77   39.00000   81.00000   108%     -    0s
     0     0   81.00000    0   69   39.00000   81.00000   108%     -    0s
H    0     0                      40.0000000   81.00000   102%     -    0s
     0     0   81.00000    0   70   40.00000   81.00000   102%     -    0s
     0     0   81.00000    0   70   40.00000   81.00000   102%     -    0s
H    0     0                      44.0000000   81.00000  84.1%     -    0s
     0     0   81.00000    0   70   44.00000   81.00000  84.1%     -    0s
     0     0   81.00000    0   57   44.00000   81.00000  84.1%     -    0s
     0     0   81.00000    0   70   44.00000   81.00000  84.1%     -    0s
     0     0   81.00000    0   70   44.00000   81.00000  84.1%     -    0s
     0     0   81.00000    0   69   44.00000   81.00000  84.1%     -    0s
     0     0   81.00000    0   59   44.00000   81.00000  84.1%     -    0s
     0     0   81.00000    0   73   44.00000   81.00000  84.1%     -    0s
     0     0   81.00000    0   68   44.00000   81.00000  84.1%     -    0s
     0     0   81.00000    0   72   44.00000   81.00000  84.1%     -    0s
     0     0   81.00000    0   60   44.00000   81.00000  84.1%     -    0s
     0     0   81.00000    0   60   44.00000   81.00000  84.1%     -    0s
     0     0   81.00000    0   60   44.00000   81.00000  84.1%     -    0s
     0     2   81.00000    0   60   44.00000   81.00000  84.1%     -    0s
H    8    14                      46.0000000   81.00000  76.1%  62.1    0s
H  753   487                      47.0000000   81.00000  72.3%  95.9    1s
H 3107  1555                      48.0000000   79.80303  66.3%  98.1    2s
  8711  1970   58.83333   27   53   48.00000   68.16162  42.0%  75.1    5s
 32779  6036   56.96627   28   70   48.00000   59.55556  24.1%  62.4   10s
 50693  6969   56.00000   31   38   48.00000   56.92593  18.6%  61.4   15s
 78390  5279   54.00000   32   62   48.00000   54.80556  14.2%  60.4   20s

Cutting planes:
  Inf proof: 1

Explored 100932 nodes (6021680 simplex iterations) in 24.21 seconds (50.28 work units)
Thread count was 16 (of 16 available processors)

Solution count 10: 48 47 47 ... 38

Optimal solution found (tolerance 1.00e-04)
Best objective 4.800000000000e+01, best bound 4.800000000000e+01, gap 0.0000%

Wrote result file '/root/bgw/data/results/2026_03_24_00_44_38_set_prova_set_prova_set_s006_g003_max.sol'

