[2026-03-24T14:28:31.426Z] Pipeline "set_vm-3-t1_vm-3-t1_s014_g002" → 2026_03_24_14_28_31_set_vm-3-t1_vm-3-t1_s014_g002_max.sol
Set parameter Username
Set parameter LicenseID to value 2796068
Set parameter LogFile to value "gurobi.log"
Using license file /opt/gurobi/gurobi.lic
Academic license - for non-commercial use only - expires 2027-03-23

Gurobi Optimizer version 13.0.1 build v13.0.1rc0 (linux64 - "Ubuntu 24.04.4 LTS")
Copyright (c) 2026, Gurobi Optimization, LLC

Warning: Duplicate section found (read 'binary') - Is a variable name equal to an LP file format keyword?
Warning: Duplicate section found (read 'binary') - Is a variable name equal to an LP file format keyword?
Warning: Duplicate section found (read 'binary') - Is a variable name equal to an LP file format keyword?
Warning: Duplicate section found (read 'binary') - Is a variable name equal to an LP file format keyword?
Warning: Duplicate section found (read 'binary') - Is a variable name equal to an LP file format keyword?
Warning: Duplicate section found (read 'binary') - Is a variable name equal to an LP file format keyword?
Warning: Duplicate section found (read 'binary') - Is a variable name equal to an LP file format keyword?
Warning: Duplicate section found (read 'binary') - Is a variable name equal to an LP file format keyword?
Warning: Duplicate section found (read 'binary') - Is a variable name equal to an LP file format keyword?
Warning: Duplicate section found (read 'binary') - Is a variable name equal to an LP file format keyword?
Warning: Further warnings of this type will be omitted.
Read LP format model from file /root/bgw/data/uploads/2026_03_24_14_28_31_set_vm-3-t1_vm-3-t1_s014_g002_max.lp
Reading time = 0.00 seconds
: 4448 rows, 383 columns, 13513 nonzeros

Using Gurobi shared library /opt/gurobi1301/linux64/lib/libgurobi.so.13.0.1

CPU model: AMD EPYC-Genoa Processor, instruction set [SSE2|AVX|AVX2|AVX512]
Thread count: 16 physical cores, 16 logical processors, using up to 16 threads

Optimize a model with 4448 rows, 383 columns and 13513 nonzeros (Max)
Model fingerprint: 0x0f76980d
Model has 16 linear objective coefficients
Variable types: 40 continuous, 343 integer (343 binary)
Coefficient statistics:
  Matrix range     [1e+00, 2e+01]
  Objective range  [1e+00, 1e+00]
  Bounds range     [1e+00, 1e+00]
  RHS range        [1e+00, 3e+01]

Found heuristic solution: objective 16.0000000
Presolve removed 348 rows and 75 columns
Presolve time: 0.01s
Presolved: 4100 rows, 308 columns, 12552 nonzeros
Variable types: 0 continuous, 308 integer (296 binary)

Root relaxation: objective 7.300000e+01, 519 iterations, 0.03 seconds (0.04 work units)

    Nodes    |    Current Node    |     Objective Bounds      |     Work
 Expl Unexpl |  Obj  Depth IntInf | Incumbent    BestBd   Gap | It/Node Time

     0     0   73.00000    0   44   16.00000   73.00000   356%     -    0s
H    0     0                      35.0000000   73.00000   109%     -    0s
H    0     0                      38.0000000   73.00000  92.1%     -    0s
H    0     0                      41.0000000   73.00000  78.0%     -    0s
     0     0   73.00000    0   50   41.00000   73.00000  78.0%     -    0s
H    0     0                      42.0000000   73.00000  73.8%     -    0s
     0     0   73.00000    0   52   42.00000   73.00000  73.8%     -    0s
     0     0   73.00000    0   41   42.00000   73.00000  73.8%     -    0s
H    0     0                      44.0000000   73.00000  65.9%     -    0s
H    0     0                      45.0000000   73.00000  62.2%     -    0s
     0     0   73.00000    0   39   45.00000   73.00000  62.2%     -    0s
     0     0   73.00000    0   26   45.00000   73.00000  62.2%     -    0s
     0     0   73.00000    0   31   45.00000   73.00000  62.2%     -    0s
     0     0   73.00000    0   52   45.00000   73.00000  62.2%     -    0s
     0     0   73.00000    0   40   45.00000   73.00000  62.2%     -    0s
     0     0   73.00000    0   43   45.00000   73.00000  62.2%     -    0s
     0     0   73.00000    0   36   45.00000   73.00000  62.2%     -    0s
     0     0   72.86364    0   43   45.00000   72.86364  61.9%     -    0s
     0     0   72.86364    0   26   45.00000   72.86364  61.9%     -    0s
     0     0   72.00000    0   37   45.00000   72.00000  60.0%     -    0s
     0     0   72.00000    0   29   45.00000   72.00000  60.0%     -    0s
     0     0   72.00000    0   29   45.00000   72.00000  60.0%     -    0s
     0     0   72.00000    0   29   45.00000   72.00000  60.0%     -    0s
     0     2   72.00000    0   29   45.00000   72.00000  60.0%     -    0s
  6725  1748 infeasible   29        45.00000   59.08940  31.3%  80.7    5s

Cutting planes:
  Inf proof: 6

Explored 19992 nodes (1850800 simplex iterations) in 9.67 seconds (20.03 work units)
Thread count was 16 (of 16 available processors)

Solution count 10: 45 45 45 ... 16

Optimal solution found (tolerance 1.00e-04)
Best objective 4.500000000000e+01, best bound 4.500000000000e+01, gap 0.0000%

Wrote result file '/root/bgw/data/results/2026_03_24_14_28_31_set_vm-3-t1_vm-3-t1_s014_g002_max.sol'

