[2026-03-23T17:34:53.527Z] Pipeline "set_ds_1_ds_1_s010_g003" → 2026_03_23_17_34_53_set_ds_1_ds_1_s010_g003_max.sol
Set parameter WLSAccessID
Set parameter WLSSecret
Set parameter LicenseID to value 2792458
Set parameter LogFile to value "gurobi.log"
Using license file /root/gurobi.lic
Academic license 2792458 - for non-commercial use only - registered to an___@studenti.unipg.it

Gurobi Optimizer version 13.0.1 build v13.0.1rc0 (linux64 - "Ubuntu 24.04.4 LTS")
Copyright (c) 2026, Gurobi Optimization, LLC

Warning: Duplicate section found (read 'binary') - Is a variable name equal to an LP file format keyword?
Warning: Duplicate section found (read 'binary') - Is a variable name equal to an LP file format keyword?
Warning: Duplicate section found (read 'binary') - Is a variable name equal to an LP file format keyword?
Warning: Duplicate section found (read 'binary') - Is a variable name equal to an LP file format keyword?
Warning: Duplicate section found (read 'binary') - Is a variable name equal to an LP file format keyword?
Warning: Duplicate section found (read 'binary') - Is a variable name equal to an LP file format keyword?
Warning: Duplicate section found (read 'binary') - Is a variable name equal to an LP file format keyword?
Warning: Duplicate section found (read 'binary') - Is a variable name equal to an LP file format keyword?
Warning: Duplicate section found (read 'binary') - Is a variable name equal to an LP file format keyword?
Warning: Duplicate section found (read 'binary') - Is a variable name equal to an LP file format keyword?
Warning: Further warnings of this type will be omitted.
Read LP format model from file /root/bgw/data/uploads/2026_03_23_17_34_53_set_ds_1_ds_1_s010_g003_max.lp
Reading time = 0.00 seconds
: 3145 rows, 357 columns, 9049 nonzeros

Using Gurobi shared library /opt/gurobi1301/linux64/lib/libgurobi.so.13.0.1

CPU model: AMD EPYC-Genoa Processor, instruction set [SSE2|AVX|AVX2|AVX512]
Thread count: 16 physical cores, 16 logical processors, using up to 16 threads

Academic license 2792458 - for non-commercial use only - registered to an___@studenti.unipg.it
Optimize a model with 3145 rows, 357 columns and 9049 nonzeros (Max)
Model fingerprint: 0x5a820631
Model has 41 linear objective coefficients
Variable types: 61 continuous, 296 integer (296 binary)
Coefficient statistics:
  Matrix range     [1e+00, 2e+01]
  Objective range  [1e+00, 1e+00]
  Bounds range     [1e+00, 1e+00]
  RHS range        [1e+00, 2e+01]

Found heuristic solution: objective 41.0000000
Presolve removed 787 rows and 122 columns
Presolve time: 0.01s
Presolved: 2358 rows, 235 columns, 7278 nonzeros
Variable types: 0 continuous, 235 integer (223 binary)
Found heuristic solution: objective 49.0000000

Root relaxation: objective 2.010000e+02, 283 iterations, 0.01 seconds (0.01 work units)

    Nodes    |    Current Node    |     Objective Bounds      |     Work
 Expl Unexpl |  Obj  Depth IntInf | Incumbent    BestBd   Gap | It/Node Time

     0     0  201.00000    0   73   49.00000  201.00000   310%     -    0s
H    0     0                      51.0000000  201.00000   294%     -    0s
H    0     0                      77.0000000  201.00000   161%     -    0s
H    0     0                      78.0000000  201.00000   158%     -    0s
H    0     0                      80.0000000  201.00000   151%     -    0s
     0     0  201.00000    0   79   80.00000  201.00000   151%     -    0s
H    0     0                      81.0000000  201.00000   148%     -    0s
H    0     0                      88.0000000  201.00000   128%     -    0s
     0     0  201.00000    0   78   88.00000  201.00000   128%     -    0s
     0     0  201.00000    0   77   88.00000  201.00000   128%     -    0s
     0     0  201.00000    0   75   88.00000  201.00000   128%     -    0s
H    0     0                      89.0000000  201.00000   126%     -    0s
H    0     0                      97.0000000  201.00000   107%     -    0s
     0     0  201.00000    0   75   97.00000  201.00000   107%     -    0s
     0     0  201.00000    0   65   97.00000  201.00000   107%     -    0s
H    0     0                     100.0000000  201.00000   101%     -    0s
     0     0  201.00000    0   78  100.00000  201.00000   101%     -    0s
     0     0  201.00000    0   75  100.00000  201.00000   101%     -    0s
     0     0  198.00000    0   78  100.00000  198.00000  98.0%     -    0s
     0     0  198.00000    0   76  100.00000  198.00000  98.0%     -    0s
     0     0  198.00000    0   76  100.00000  198.00000  98.0%     -    0s
     0     0  198.00000    0   75  100.00000  198.00000  98.0%     -    0s
     0     0  198.00000    0   73  100.00000  198.00000  98.0%     -    0s
     0     0  198.00000    0   73  100.00000  198.00000  98.0%     -    0s
     0     0  198.00000    0   73  100.00000  198.00000  98.0%     -    0s
     0     0  198.00000    0   73  100.00000  198.00000  98.0%     -    0s
     0     2  198.00000    0   73  100.00000  198.00000  98.0%     -    0s
H   12    15                     104.0000000  198.00000  90.4%   123    0s
  5730  2419 infeasible   39       104.00000  196.61111  89.0%  79.2    5s
 21412  8837  179.22222   35   79  104.00000  179.22222  72.3%  71.9   10s
 38494 11776  136.66667   41   62  104.00000  179.22222  72.3%  72.2   15s
 56103 16157  106.68519   55   63  104.00000  175.46296  68.7%  71.2   20s
 72621 22595  137.35185   48   57  104.00000  169.85185  63.3%  70.6   25s
 97493 31579  120.00000   50   54  104.00000  164.66667  58.3%  69.8   30s
 120908 39185  108.00000   59   32  104.00000  160.94444  54.8%  69.3   35s
 143952 46379 infeasible   42       104.00000  158.27778  52.2%  68.9   40s
 166303 53090  117.27778   49   45  104.00000  156.16667  50.2%  68.8   45s
 188179 59126  134.18056   46   65  104.00000  153.96784  48.0%  68.5   50s
 209327 64577  106.50000   52   55  104.00000  152.14516  46.3%  68.2   55s
 231782 70262 infeasible   47       104.00000  150.44444  44.7%  67.9   60s
 254771 76094  125.96412   48  115  104.00000  148.83333  43.1%  67.7   65s
 279092 81832  110.73111   55   52  104.00000  147.44907  41.8%  67.5   70s
 300520 86598  119.38889   49   70  104.00000  146.27778  40.7%  67.3   75s
 317842 90931  131.78571   50   58  104.00000  145.38889  39.8%  67.2   80s
 342603 96214 infeasible   54       104.00000  144.24074  38.7%  67.1   85s
 365051 101208  133.79630   43   90  104.00000  143.16667  37.7%  66.9   90s
 388671 106033  138.50000   42   57  104.00000  142.11111  36.6%  66.9   95s
 412048 110528  105.83333   54   48  104.00000  141.21111  35.8%  66.8  100s
 433693 114598 infeasible   56       104.00000  140.41667  35.0%  66.7  105s
 457025 118501  114.72222   52   79  104.00000  139.51852  34.2%  66.5  110s
 479395 122471  138.23016   44   80  104.00000  138.81231  33.5%  66.3  115s
 502581 126417  115.73611   52   67  104.00000  138.06643  32.8%  66.1  120s
 528456 130781 infeasible   46       104.00000  137.31349  32.0%  65.9  125s
 554754 134797  118.58333   48   97  104.00000  136.50231  31.3%  65.8  130s
 576688 137966  121.03030   52   96  104.00000  135.88889  30.7%  65.7  135s
 605608 142104  120.13333   45   62  104.00000  135.10370  29.9%  65.6  140s
 630647 145532     cutoff   61       104.00000  134.44444  29.3%  65.6  145s
 653194 148523 infeasible   50       104.00000  133.90000  28.8%  65.5  150s
 680852 152220  112.83333   51   83  104.00000  133.22222  28.1%  65.3  155s
 705865 154794  125.45679   47   76  104.00000  132.61111  27.5%  65.2  160s
 723955 156869     cutoff   52       104.00000  132.21212  27.1%  65.1  165s
 746487 159145  112.16667   48   59  104.00000  131.68519  26.6%  65.0  170s
 768904 161710  111.66667   52   80  104.00000  131.22222  26.2%  64.9  175s
 794709 164348 infeasible   60       104.00000  130.69213  25.7%  64.8  180s
 824192 166958  105.35948   49   52  104.00000  130.08025  25.1%  64.6  185s
 846803 168704  123.61111   49   70  104.00000  129.61111  24.6%  64.5  190s
 873392 170759  105.44444   52   65  104.00000  129.10317  24.1%  64.5  195s
 900695 172586  119.44444   49   62  104.00000  128.55556  23.6%  64.4  200s
 928774 174403     cutoff   53       104.00000  128.05556  23.1%  64.3  205s
 957380 176244 infeasible   46       104.00000  127.55556  22.6%  64.2  210s
 984549 177671 infeasible   55       104.00000  127.11111  22.2%  64.2  215s
 1005602 178885  109.08333   50   75  104.00000  126.77778  21.9%  64.1  220s
 1029863 180256  116.80000   50   66  104.00000  126.41453  21.6%  64.0  225s
 1054668 181411  113.20635   52   81  104.00000  126.05556  21.2%  64.0  230s
 1078733 182310  117.83759   48  110  104.00000  125.66667  20.8%  63.9  235s
 1103072 183372  112.00000   55   68  104.00000  125.33333  20.5%  63.9  240s
 1131783 184076  113.24074   52   73  104.00000  124.88889  20.1%  63.7  245s
 1160607 184868  124.44444   48   57  104.00000  124.50000  19.7%  63.7  250s
 1188468 185381  110.43333   50   91  104.00000  124.13889  19.4%  63.6  255s
 1209244 184841     cutoff   59       104.00000  123.87346  19.1%  63.5  261s
 1241118 185439  114.84889   50   65  104.00000  123.53846  18.8%  63.4  265s
 1269241 185645  111.92593   56   71  104.00000  123.19048  18.5%  63.4  270s
 1297135 185841  108.92593   52   66  104.00000  122.83333  18.1%  63.2  275s
 1320683 186134 infeasible   53       104.00000  122.55556  17.8%  63.2  280s
 1346824 186141 infeasible   48       104.00000  122.24074  17.5%  63.1  285s
 1371546 185812     cutoff   53       104.00000  121.94444  17.3%  63.0  290s
 1397652 185659 infeasible   51       104.00000  121.65697  17.0%  62.9  295s
 1420255 185611 infeasible   52       104.00000  121.40972  16.7%  62.9  300s
 1452611 185021 infeasible   52       104.00000  121.07222  16.4%  62.8  305s
 1480334 184282  117.47619   49   70  104.00000  120.77778  16.1%  62.7  310s
 1513533 183628  113.42593   53   52  104.00000  120.44048  15.8%  62.6  315s
 1545765 182800 infeasible   53       104.00000  120.11111  15.5%  62.5  320s
 1577441 181353  113.22963   49   49  104.00000  119.77711  15.2%  62.5  325s
 1599568 180594 infeasible   55       104.00000  119.55556  15.0%  62.4  330s
 1624271 179735  111.94444   53   60  104.00000  119.33333  14.7%  62.4  335s
 1650333 178292  113.11111   53   56  104.00000  119.06907  14.5%  62.3  340s
 1675998 176732  111.61111   52   42  104.00000  118.83333  14.3%  62.3  345s
 1697606 175600  111.16667   59   38  104.00000  118.61111  14.0%  62.2  350s
 1726551 174269  111.83333   56   44  104.00000  118.38889  13.8%  62.2  355s
 1761018 171768  109.77778   56   63  104.00000  118.05556  13.5%  62.1  360s
 1795491 168992     cutoff   58       104.00000  117.72336  13.2%  62.0  365s
 1828321 166675     cutoff   53       104.00000  117.45726  12.9%  62.0  370s
 1851692 164724  112.26955   48   94  104.00000  117.27778  12.8%  62.0  375s
 1879960 161843  111.16667   53   38  104.00000  117.00000  12.5%  61.9  380s
 1907096 159107 infeasible   52       104.00000  116.75000  12.3%  61.9  385s
 1932153 156812  110.80556   52   52  104.00000  116.55556  12.1%  61.9  390s
 1960767 154153 infeasible   51       104.00000  116.33333  11.9%  61.9  395s
 1987383 150913  113.11111   53   59  104.00000  116.09206  11.6%  61.9  400s
 2020500 146633 infeasible   52       104.00000  115.77778  11.3%  61.9  405s
 2045946 143771 infeasible   53       104.00000  115.58333  11.1%  61.9  410s
 2075212 140567     cutoff   54       104.00000  115.34722  10.9%  61.9  415s
 2104569 136401 infeasible   53       104.00000  115.11111  10.7%  61.9  420s
 2127940 132708 infeasible   60       104.00000  114.86574  10.4%  61.9  425s
 2148894 129697     cutoff   55       104.00000  114.68254  10.3%  61.9  430s
 2171549 126859     cutoff   53       104.00000  114.50000  10.1%  62.0  435s
 2196356 123344     cutoff   54       104.00000  114.32037  9.92%  62.0  440s
 2219843 119303  110.38889   55   58  104.00000  114.09259  9.70%  62.0  445s
 2244404 114974 infeasible   54       104.00000  113.83333  9.46%  62.0  450s
 2271144 111031     cutoff   61       104.00000  113.61111  9.24%  62.0  455s
 2303406 106046  111.29630   51   67  104.00000  113.33333  8.97%  62.0  460s
 2335055 100197  108.55556   52   82  104.00000  113.00000  8.65%  62.0  465s
 2365712 94810  112.27778   57   36  104.00000  112.70833  8.37%  62.1  470s
 2387693 91502  109.27778   56   51  104.00000  112.52778  8.20%  62.1  475s
 2408067 87279 infeasible   60       104.00000  112.33951  8.02%  62.1  480s
 2436855 81087  107.72222   52   55  104.00000  112.00000  7.69%  62.1  485s
 2459237 76485  111.27778   49   68  104.00000  111.76667  7.47%  62.2  490s
 2484357 71175  109.61111   52   54  104.00000  111.50000  7.21%  62.2  495s
 2507964 65225     cutoff   56       104.00000  111.22222  6.94%  62.2  500s
 2533158 58970 infeasible   55       104.00000  110.85185  6.59%  62.2  505s
 2562472 50775     cutoff   53       104.00000  110.44444  6.20%  62.3  510s
 2594295 41163  108.11111   56   41  104.00000  109.84127  5.62%  62.3  515s
 2621672 31973 infeasible   55       104.00000  109.33333  5.13%  62.3  520s
 2644111 22506  108.05556   57   83  104.00000  108.69048  4.51%  62.4  525s
 2665716  7900     cutoff   55       104.00000  107.27778  3.15%  62.3  530s

Cutting planes:
  Inf proof: 1

Explored 2677224 nodes (166464133 simplex iterations) in 531.16 seconds (1009.52 work units)
Thread count was 16 (of 16 available processors)

Solution count 10: 104 104 104 ... 81

Optimal solution found (tolerance 1.00e-04)
Best objective 1.040000000000e+02, best bound 1.040000000000e+02, gap 0.0000%

Wrote result file '/root/bgw/data/results/2026_03_23_17_34_53_set_ds_1_ds_1_s010_g003_max.sol'

