[2026-03-23T16:00:23.753Z] Pipeline "set_exp_3_exp_3_n021_c005_g003" → 2026_03_23_16_00_23_set_exp_3_exp_3_n021_c005_g003_max.sol
Set parameter WLSAccessID
Set parameter WLSSecret
Set parameter LicenseID to value 2792458
Set parameter LogFile to value "gurobi.log"
Using license file /root/gurobi.lic
Academic license 2792458 - for non-commercial use only - registered to an___@studenti.unipg.it

Gurobi Optimizer version 13.0.1 build v13.0.1rc0 (linux64 - "Ubuntu 24.04.4 LTS")
Copyright (c) 2026, Gurobi Optimization, LLC

Warning: Duplicate section found (read 'binary') - Is a variable name equal to an LP file format keyword?
Warning: Duplicate section found (read 'binary') - Is a variable name equal to an LP file format keyword?
Warning: Duplicate section found (read 'binary') - Is a variable name equal to an LP file format keyword?
Warning: Duplicate section found (read 'binary') - Is a variable name equal to an LP file format keyword?
Warning: Duplicate section found (read 'binary') - Is a variable name equal to an LP file format keyword?
Warning: Duplicate section found (read 'binary') - Is a variable name equal to an LP file format keyword?
Warning: Duplicate section found (read 'binary') - Is a variable name equal to an LP file format keyword?
Warning: Duplicate section found (read 'binary') - Is a variable name equal to an LP file format keyword?
Warning: Duplicate section found (read 'binary') - Is a variable name equal to an LP file format keyword?
Warning: Duplicate section found (read 'binary') - Is a variable name equal to an LP file format keyword?
Warning: Further warnings of this type will be omitted.
Read LP format model from file /root/bgw/data/uploads/2026_03_23_16_00_23_set_exp_3_exp_3_n021_c005_g003_max.lp
Reading time = 0.00 seconds
: 3034 rows, 309 columns, 9137 nonzeros

Using Gurobi shared library /opt/gurobi1301/linux64/lib/libgurobi.so.13.0.1

CPU model: AMD EPYC-Genoa Processor, instruction set [SSE2|AVX|AVX2|AVX512]
Thread count: 16 physical cores, 16 logical processors, using up to 16 threads

Academic license 2792458 - for non-commercial use only - registered to an___@studenti.unipg.it
Optimize a model with 3034 rows, 309 columns and 9137 nonzeros (Max)
Model fingerprint: 0xb4a5e765
Model has 5 linear objective coefficients
Variable types: 26 continuous, 283 integer (283 binary)
Coefficient statistics:
  Matrix range     [1e+00, 2e+01]
  Objective range  [1e+00, 1e+00]
  Bounds range     [1e+00, 1e+00]
  RHS range        [1e+00, 2e+01]

Found heuristic solution: objective 5.0000000
Presolve removed 338 rows and 76 columns
Presolve time: 0.01s
Presolved: 2696 rows, 233 columns, 8268 nonzeros
Variable types: 0 continuous, 233 integer (223 binary)
Found heuristic solution: objective 8.0000000

Root relaxation: objective 2.000000e+01, 164 iterations, 0.01 seconds (0.01 work units)

    Nodes    |    Current Node    |     Objective Bounds      |     Work
 Expl Unexpl |  Obj  Depth IntInf | Incumbent    BestBd   Gap | It/Node Time

     0     0   20.00000    0   32    8.00000   20.00000   150%     -    0s
H    0     0                      12.0000000   20.00000  66.7%     -    0s
H    0     0                      13.0000000   20.00000  53.8%     -    0s
     0     0   20.00000    0   35   13.00000   20.00000  53.8%     -    0s
     0     0   20.00000    0   35   13.00000   20.00000  53.8%     -    0s
     0     0   20.00000    0   26   13.00000   20.00000  53.8%     -    0s
H    0     0                      14.0000000   20.00000  42.9%     -    0s
     0     0   20.00000    0   25   14.00000   20.00000  42.9%     -    0s
     0     0   20.00000    0   25   14.00000   20.00000  42.9%     -    0s
     0     0   20.00000    0   29   14.00000   20.00000  42.9%     -    0s
     0     0   20.00000    0   27   14.00000   20.00000  42.9%     -    0s
     0     0   20.00000    0   30   14.00000   20.00000  42.9%     -    0s
     0     0   20.00000    0   30   14.00000   20.00000  42.9%     -    0s
     0     0   20.00000    0   32   14.00000   20.00000  42.9%     -    0s
     0     0   20.00000    0   27   14.00000   20.00000  42.9%     -    0s
     0     0   20.00000    0   27   14.00000   20.00000  42.9%     -    0s
     0     0   20.00000    0   28   14.00000   20.00000  42.9%     -    0s
     0     0   20.00000    0   28   14.00000   20.00000  42.9%     -    0s
     0     0   20.00000    0   28   14.00000   20.00000  42.9%     -    0s
     0     0   20.00000    0   28   14.00000   20.00000  42.9%     -    0s
     0     2   20.00000    0   23   14.00000   20.00000  42.9%     -    0s

Cutting planes:
  Cover: 3
  MIR: 2
  Inf proof: 14
  Zero half: 2

Explored 730 nodes (50018 simplex iterations) in 0.68 seconds (0.78 work units)
Thread count was 16 (of 16 available processors)

Solution count 5: 14 13 12 ... 5

Optimal solution found (tolerance 1.00e-04)
Best objective 1.400000000000e+01, best bound 1.400000000000e+01, gap 0.0000%

Wrote result file '/root/bgw/data/results/2026_03_23_16_00_23_set_exp_3_exp_3_n021_c005_g003_max.sol'

