[2026-03-24T20:39:32.338Z] Pipeline "set_big_6-10_big_6-10_s001_g002" → 2026_03_24_20_39_32_set_big_6-10_big_6-10_s001_g002_max.sol
Set parameter WLSAccessID
Set parameter WLSSecret
Set parameter LicenseID to value 2792458
Set parameter LogFile to value "gurobi.log"
Using license file /root/gurobi.lic
Academic license 2792458 - for non-commercial use only - registered to an___@studenti.unipg.it

Gurobi Optimizer version 13.0.1 build v13.0.1rc0 (linux64 - "Ubuntu 24.04.4 LTS")
Copyright (c) 2026, Gurobi Optimization, LLC

Warning: Duplicate section found (read 'binary') - Is a variable name equal to an LP file format keyword?
Warning: Duplicate section found (read 'binary') - Is a variable name equal to an LP file format keyword?
Warning: Duplicate section found (read 'binary') - Is a variable name equal to an LP file format keyword?
Warning: Duplicate section found (read 'binary') - Is a variable name equal to an LP file format keyword?
Warning: Duplicate section found (read 'binary') - Is a variable name equal to an LP file format keyword?
Warning: Duplicate section found (read 'binary') - Is a variable name equal to an LP file format keyword?
Warning: Duplicate section found (read 'binary') - Is a variable name equal to an LP file format keyword?
Warning: Duplicate section found (read 'binary') - Is a variable name equal to an LP file format keyword?
Warning: Duplicate section found (read 'binary') - Is a variable name equal to an LP file format keyword?
Warning: Duplicate section found (read 'binary') - Is a variable name equal to an LP file format keyword?
Warning: Further warnings of this type will be omitted.
Read LP format model from file /root/bgw/data/uploads/2026_03_24_20_39_32_set_big_6-10_big_6-10_s001_g002_max.lp
Reading time = 0.00 seconds
: 1205 rows, 231 columns, 3679 nonzeros

Using Gurobi shared library /opt/gurobi1301/linux64/lib/libgurobi.so.13.0.1

CPU model: AMD EPYC-Genoa Processor, instruction set [SSE2|AVX|AVX2|AVX512]
Thread count: 16 physical cores, 16 logical processors, using up to 16 threads

Academic license 2792458 - for non-commercial use only - registered to an___@studenti.unipg.it
Optimize a model with 1205 rows, 231 columns and 3679 nonzeros (Max)
Model fingerprint: 0xc90e5277
Model has 100 linear objective coefficients
Variable types: 113 continuous, 118 integer (118 binary)
Coefficient statistics:
  Matrix range     [1e+00, 1e+01]
  Objective range  [1e+00, 1e+00]
  Bounds range     [1e+00, 1e+00]
  RHS range        [1e+00, 2e+01]

Found heuristic solution: objective 100.0000000
Presolve removed 579 rows and 122 columns
Presolve time: 0.01s
Presolved: 626 rows, 109 columns, 1958 nonzeros
Variable types: 0 continuous, 109 integer (101 binary)
Found heuristic solution: objective 224.0000000

Root relaxation: objective 7.540000e+02, 67 iterations, 0.00 seconds (0.00 work units)

    Nodes    |    Current Node    |     Objective Bounds      |     Work
 Expl Unexpl |  Obj  Depth IntInf | Incumbent    BestBd   Gap | It/Node Time

     0     0  754.00000    0   32  224.00000  754.00000   237%     -    0s
H    0     0                     225.0000000  754.00000   235%     -    0s
H    0     0                     255.0000000  754.00000   196%     -    0s
H    0     0                     256.0000000  754.00000   195%     -    0s
H    0     0                     257.0000000  754.00000   193%     -    0s
H    0     0                     286.0000000  754.00000   164%     -    0s
     0     0  754.00000    0   35  286.00000  754.00000   164%     -    0s
H    0     0                     287.0000000  754.00000   163%     -    0s
     0     0  754.00000    0   35  287.00000  754.00000   163%     -    0s
     0     0  754.00000    0   35  287.00000  754.00000   163%     -    0s
     0     0  754.00000    0   32  287.00000  754.00000   163%     -    0s
     0     0  754.00000    0   32  287.00000  754.00000   163%     -    0s
     0     0  754.00000    0   32  287.00000  754.00000   163%     -    0s
     0     0  754.00000    0   32  287.00000  754.00000   163%     -    0s
     0     0  754.00000    0   27  287.00000  754.00000   163%     -    0s
H    0     0                     288.0000000  752.96970   161%     -    0s
     0     0  752.00000    0   35  288.00000  752.00000   161%     -    0s
     0     0  752.00000    0   33  288.00000  752.00000   161%     -    0s
     0     0  749.77273    0   29  288.00000  749.77273   160%     -    0s
     0     0  749.77273    0   29  288.00000  749.77273   160%     -    0s
     0     0  723.00000    0   34  288.00000  723.00000   151%     -    0s
     0     0  723.00000    0   27  288.00000  723.00000   151%     -    0s
     0     0  721.00000    0   27  288.00000  721.00000   150%     -    0s
     0     0  721.00000    0   27  288.00000  721.00000   150%     -    0s
     0     2  721.00000    0   27  288.00000  721.00000   150%     -    0s

Cutting planes:
  Cover: 1
  MIR: 1
  Inf proof: 10

Explored 31411 nodes (630450 simplex iterations) in 1.84 seconds (2.68 work units)
Thread count was 16 (of 16 available processors)

Solution count 10: 288 288 287 ... 225

Optimal solution found (tolerance 1.00e-04)
Best objective 2.880000000000e+02, best bound 2.880000000000e+02, gap 0.0000%

Wrote result file '/root/bgw/data/results/2026_03_24_20_39_32_set_big_6-10_big_6-10_s001_g002_max.sol'

