[2026-03-24T00:34:20.274Z] Pipeline "set_set_set_s008_g005" → 2026_03_24_00_34_20_set_set_set_s008_g005_max.sol
Set parameter WLSAccessID
Set parameter WLSSecret
Set parameter LicenseID to value 2792458
Set parameter LogFile to value "gurobi.log"
Using license file /root/gurobi.lic
Academic license 2792458 - for non-commercial use only - registered to an___@studenti.unipg.it

Gurobi Optimizer version 13.0.1 build v13.0.1rc0 (linux64 - "Ubuntu 24.04.4 LTS")
Copyright (c) 2026, Gurobi Optimization, LLC

Warning: Duplicate section found (read 'binary') - Is a variable name equal to an LP file format keyword?
Warning: Duplicate section found (read 'binary') - Is a variable name equal to an LP file format keyword?
Warning: Duplicate section found (read 'binary') - Is a variable name equal to an LP file format keyword?
Warning: Duplicate section found (read 'binary') - Is a variable name equal to an LP file format keyword?
Warning: Duplicate section found (read 'binary') - Is a variable name equal to an LP file format keyword?
Warning: Duplicate section found (read 'binary') - Is a variable name equal to an LP file format keyword?
Warning: Duplicate section found (read 'binary') - Is a variable name equal to an LP file format keyword?
Warning: Duplicate section found (read 'binary') - Is a variable name equal to an LP file format keyword?
Warning: Duplicate section found (read 'binary') - Is a variable name equal to an LP file format keyword?
Warning: Duplicate section found (read 'binary') - Is a variable name equal to an LP file format keyword?
Warning: Further warnings of this type will be omitted.
Read LP format model from file /root/bgw/data/uploads/2026_03_24_00_34_20_set_set_set_s008_g005_max.lp
Reading time = 0.00 seconds
: 803 rows, 136 columns, 2347 nonzeros

Using Gurobi shared library /opt/gurobi1301/linux64/lib/libgurobi.so.13.0.1

CPU model: AMD EPYC-Genoa Processor, instruction set [SSE2|AVX|AVX2|AVX512]
Thread count: 16 physical cores, 16 logical processors, using up to 16 threads

Academic license 2792458 - for non-commercial use only - registered to an___@studenti.unipg.it
Optimize a model with 803 rows, 136 columns and 2347 nonzeros (Max)
Model fingerprint: 0x49149c04
Model has 10 linear objective coefficients
Variable types: 23 continuous, 113 integer (113 binary)
Coefficient statistics:
  Matrix range     [1e+00, 1e+01]
  Objective range  [1e+00, 1e+00]
  Bounds range     [1e+00, 1e+00]
  RHS range        [1e+00, 2e+01]

Found heuristic solution: objective 10.0000000
Presolve removed 203 rows and 41 columns
Presolve time: 0.01s
Presolved: 600 rows, 95 columns, 1860 nonzeros
Variable types: 0 continuous, 95 integer (89 binary)
Found heuristic solution: objective 13.0000000

Root relaxation: objective 4.600000e+01, 70 iterations, 0.00 seconds (0.00 work units)

    Nodes    |    Current Node    |     Objective Bounds      |     Work
 Expl Unexpl |  Obj  Depth IntInf | Incumbent    BestBd   Gap | It/Node Time

     0     0   46.00000    0   14   13.00000   46.00000   254%     -    0s
H    0     0                      25.0000000   46.00000  84.0%     -    0s
H    0     0                      28.0000000   46.00000  64.3%     -    0s
     0     0   46.00000    0   13   28.00000   46.00000  64.3%     -    0s
     0     0   46.00000    0   22   28.00000   46.00000  64.3%     -    0s
     0     0   46.00000    0   14   28.00000   46.00000  64.3%     -    0s
     0     0   45.72727    0   13   28.00000   45.72727  63.3%     -    0s
     0     0   45.45455    0   20   28.00000   45.45455  62.3%     -    0s
     0     0   45.45455    0   20   28.00000   45.45455  62.3%     -    0s
     0     0   43.00000    0   20   28.00000   43.00000  53.6%     -    0s
     0     0   43.00000    0   20   28.00000   43.00000  53.6%     -    0s
     0     0   43.00000    0   20   28.00000   43.00000  53.6%     -    0s
     0     0   43.00000    0   19   28.00000   43.00000  53.6%     -    0s
     0     0   43.00000    0   18   28.00000   43.00000  53.6%     -    0s
     0     0   43.00000    0   20   28.00000   43.00000  53.6%     -    0s
     0     0   43.00000    0   19   28.00000   43.00000  53.6%     -    0s
     0     0   42.72727    0   19   28.00000   42.72727  52.6%     -    0s
     0     0   42.72727    0   17   28.00000   42.72727  52.6%     -    0s
     0     2   42.72727    0   17   28.00000   42.72727  52.6%     -    0s

Cutting planes:
  Cover: 5
  Inf proof: 1

Explored 789 nodes (13804 simplex iterations) in 0.18 seconds (0.12 work units)
Thread count was 16 (of 16 available processors)

Solution count 4: 28 25 13 10 

Optimal solution found (tolerance 1.00e-04)
Best objective 2.800000000000e+01, best bound 2.800000000000e+01, gap 0.0000%

Wrote result file '/root/bgw/data/results/2026_03_24_00_34_20_set_set_set_s008_g005_max.sol'

