[2026-03-23T13:37:08.067Z] Pipeline "set_exp_2_exp_2_n023_c006_g003" → 2026_03_23_13_37_07_set_exp_2_exp_2_n023_c006_g003_max.sol
Set parameter WLSAccessID
Set parameter WLSSecret
Set parameter LicenseID to value 2792458
Set parameter LogFile to value "gurobi.log"
Using license file /root/gurobi.lic
Academic license 2792458 - for non-commercial use only - registered to an___@studenti.unipg.it

Gurobi Optimizer version 13.0.1 build v13.0.1rc0 (linux64 - "Ubuntu 24.04.4 LTS")
Copyright (c) 2026, Gurobi Optimization, LLC

Warning: Duplicate section found (read 'binary') - Is a variable name equal to an LP file format keyword?
Warning: Duplicate section found (read 'binary') - Is a variable name equal to an LP file format keyword?
Warning: Duplicate section found (read 'binary') - Is a variable name equal to an LP file format keyword?
Warning: Duplicate section found (read 'binary') - Is a variable name equal to an LP file format keyword?
Warning: Duplicate section found (read 'binary') - Is a variable name equal to an LP file format keyword?
Warning: Duplicate section found (read 'binary') - Is a variable name equal to an LP file format keyword?
Warning: Duplicate section found (read 'binary') - Is a variable name equal to an LP file format keyword?
Warning: Duplicate section found (read 'binary') - Is a variable name equal to an LP file format keyword?
Warning: Duplicate section found (read 'binary') - Is a variable name equal to an LP file format keyword?
Warning: Duplicate section found (read 'binary') - Is a variable name equal to an LP file format keyword?
Warning: Further warnings of this type will be omitted.
Read LP format model from file /root/bgw/data/uploads/2026_03_23_13_37_07_set_exp_2_exp_2_n023_c006_g003_max.lp
Reading time = 0.01 seconds
: 3939 rows, 363 columns, 11915 nonzeros

Using Gurobi shared library /opt/gurobi1301/linux64/lib/libgurobi.so.13.0.1

CPU model: AMD EPYC-Genoa Processor, instruction set [SSE2|AVX|AVX2|AVX512]
Thread count: 16 physical cores, 16 logical processors, using up to 16 threads

Academic license 2792458 - for non-commercial use only - registered to an___@studenti.unipg.it
Optimize a model with 3939 rows, 363 columns and 11915 nonzeros (Max)
Model fingerprint: 0xee24a517
Model has 6 linear objective coefficients
Variable types: 29 continuous, 334 integer (334 binary)
Coefficient statistics:
  Matrix range     [1e+00, 2e+01]
  Objective range  [1e+00, 1e+00]
  Bounds range     [1e+00, 1e+00]
  RHS range        [1e+00, 3e+01]

Found heuristic solution: objective 6.0000000
Presolve removed 352 rows and 81 columns
Presolve time: 0.02s
Presolved: 3587 rows, 282 columns, 11021 nonzeros
Variable types: 0 continuous, 282 integer (269 binary)

Root relaxation: objective 2.400000e+01, 341 iterations, 0.02 seconds (0.02 work units)

    Nodes    |    Current Node    |     Objective Bounds      |     Work
 Expl Unexpl |  Obj  Depth IntInf | Incumbent    BestBd   Gap | It/Node Time

     0     0   24.00000    0   46    6.00000   24.00000   300%     -    0s
H    0     0                      15.0000000   24.00000  60.0%     -    0s
H    0     0                      16.0000000   24.00000  50.0%     -    0s
     0     0   24.00000    0   45   16.00000   24.00000  50.0%     -    0s
     0     0   24.00000    0   45   16.00000   24.00000  50.0%     -    0s
     0     0   24.00000    0   43   16.00000   24.00000  50.0%     -    0s
     0     0   24.00000    0   36   16.00000   24.00000  50.0%     -    0s
     0     0   24.00000    0   36   16.00000   24.00000  50.0%     -    0s
     0     0   24.00000    0   35   16.00000   24.00000  50.0%     -    0s
     0     0   24.00000    0   35   16.00000   24.00000  50.0%     -    0s
     0     0   23.00000    0   36   16.00000   23.00000  43.8%     -    0s
     0     0   23.00000    0   34   16.00000   23.00000  43.8%     -    0s
     0     0   23.00000    0   34   16.00000   23.00000  43.8%     -    0s
     0     0   23.00000    0   34   16.00000   23.00000  43.8%     -    0s
     0     0   23.00000    0   35   16.00000   23.00000  43.8%     -    0s
     0     0   23.00000    0   35   16.00000   23.00000  43.8%     -    0s
     0     0   23.00000    0   35   16.00000   23.00000  43.8%     -    0s
     0     0   23.00000    0   32   16.00000   23.00000  43.8%     -    0s
     0     0   23.00000    0   32   16.00000   23.00000  43.8%     -    0s
     0     0   23.00000    0   32   16.00000   23.00000  43.8%     -    0s
     0     0   23.00000    0   32   16.00000   23.00000  43.8%     -    0s
     0     0   23.00000    0   32   16.00000   23.00000  43.8%     -    0s
     0     0   23.00000    0   32   16.00000   23.00000  43.8%     -    0s
     0     2   23.00000    0   32   16.00000   23.00000  43.8%     -    0s

Cutting planes:
  Cover: 15
  MIR: 7
  StrongCG: 2
  Inf proof: 28
  Zero half: 2
  Mod-K: 3

Explored 2789 nodes (191402 simplex iterations) in 1.44 seconds (2.46 work units)
Thread count was 16 (of 16 available processors)

Solution count 3: 16 15 6 

Optimal solution found (tolerance 1.00e-04)
Best objective 1.600000000000e+01, best bound 1.600000000000e+01, gap 0.0000%

Wrote result file '/root/bgw/data/results/2026_03_23_13_37_07_set_exp_2_exp_2_n023_c006_g003_max.sol'

