[2026-03-23T16:02:26.259Z] Pipeline "set_exp_3_exp_3_n025_c003_g003" → 2026_03_23_16_02_26_set_exp_3_exp_3_n025_c003_g003_max.sol
Set parameter WLSAccessID
Set parameter WLSSecret
Set parameter LicenseID to value 2792458
Set parameter LogFile to value "gurobi.log"
Using license file /root/gurobi.lic
Academic license 2792458 - for non-commercial use only - registered to an___@studenti.unipg.it

Gurobi Optimizer version 13.0.1 build v13.0.1rc0 (linux64 - "Ubuntu 24.04.4 LTS")
Copyright (c) 2026, Gurobi Optimization, LLC

Warning: Duplicate section found (read 'binary') - Is a variable name equal to an LP file format keyword?
Warning: Duplicate section found (read 'binary') - Is a variable name equal to an LP file format keyword?
Warning: Duplicate section found (read 'binary') - Is a variable name equal to an LP file format keyword?
Warning: Duplicate section found (read 'binary') - Is a variable name equal to an LP file format keyword?
Warning: Duplicate section found (read 'binary') - Is a variable name equal to an LP file format keyword?
Warning: Duplicate section found (read 'binary') - Is a variable name equal to an LP file format keyword?
Warning: Duplicate section found (read 'binary') - Is a variable name equal to an LP file format keyword?
Warning: Duplicate section found (read 'binary') - Is a variable name equal to an LP file format keyword?
Warning: Duplicate section found (read 'binary') - Is a variable name equal to an LP file format keyword?
Warning: Duplicate section found (read 'binary') - Is a variable name equal to an LP file format keyword?
Warning: Further warnings of this type will be omitted.
Read LP format model from file /root/bgw/data/uploads/2026_03_23_16_02_26_set_exp_3_exp_3_n025_c003_g003_max.lp
Reading time = 0.01 seconds
: 5516 rows, 483 columns, 16224 nonzeros

Using Gurobi shared library /opt/gurobi1301/linux64/lib/libgurobi.so.13.0.1

CPU model: AMD EPYC-Genoa Processor, instruction set [SSE2|AVX|AVX2|AVX512]
Thread count: 16 physical cores, 16 logical processors, using up to 16 threads

Academic license 2792458 - for non-commercial use only - registered to an___@studenti.unipg.it
Optimize a model with 5516 rows, 483 columns and 16224 nonzeros (Max)
Model fingerprint: 0x7e70c322
Model has 7 linear objective coefficients
Variable types: 32 continuous, 451 integer (451 binary)
Coefficient statistics:
  Matrix range     [1e+00, 3e+01]
  Objective range  [1e+00, 1e+00]
  Bounds range     [1e+00, 1e+00]
  RHS range        [1e+00, 3e+01]

Found heuristic solution: objective 7.0000000
Presolve removed 884 rows and 163 columns
Presolve time: 0.02s
Presolved: 4632 rows, 320 columns, 14072 nonzeros
Variable types: 0 continuous, 320 integer (312 binary)
Found heuristic solution: objective 11.0000000

Root relaxation: objective 3.100000e+01, 308 iterations, 0.02 seconds (0.02 work units)

    Nodes    |    Current Node    |     Objective Bounds      |     Work
 Expl Unexpl |  Obj  Depth IntInf | Incumbent    BestBd   Gap | It/Node Time

     0     0   31.00000    0   31   11.00000   31.00000   182%     -    0s
H    0     0                      18.0000000   31.00000  72.2%     -    0s
H    0     0                      19.0000000   31.00000  63.2%     -    0s
     0     0   31.00000    0   31   19.00000   31.00000  63.2%     -    0s
H    0     0                      20.0000000   31.00000  55.0%     -    0s
     0     0   31.00000    0   30   20.00000   31.00000  55.0%     -    0s
     0     0   31.00000    0   33   20.00000   31.00000  55.0%     -    0s
     0     0   31.00000    0   30   20.00000   31.00000  55.0%     -    0s
     0     0   31.00000    0   31   20.00000   31.00000  55.0%     -    0s
     0     0   31.00000    0   30   20.00000   31.00000  55.0%     -    0s
     0     0   31.00000    0   24   20.00000   31.00000  55.0%     -    0s
     0     0   31.00000    0   31   20.00000   31.00000  55.0%     -    0s
     0     0   31.00000    0   20   20.00000   31.00000  55.0%     -    0s
     0     0   31.00000    0   22   20.00000   31.00000  55.0%     -    0s
     0     0   31.00000    0   22   20.00000   31.00000  55.0%     -    0s
     0     0   31.00000    0   22   20.00000   31.00000  55.0%     -    0s
     0     0   31.00000    0   30   20.00000   31.00000  55.0%     -    0s
     0     0   31.00000    0   20   20.00000   31.00000  55.0%     -    0s
     0     0   31.00000    0   33   20.00000   31.00000  55.0%     -    0s
     0     0   31.00000    0   32   20.00000   31.00000  55.0%     -    0s
     0     0   30.73913    0   32   20.00000   30.73913  53.7%     -    0s
     0     0   30.73913    0   30   20.00000   30.73913  53.7%     -    0s
     0     0   30.00000    0   30   20.00000   30.00000  50.0%     -    0s
     0     0   30.00000    0   28   20.00000   30.00000  50.0%     -    0s
     0     2   30.00000    0   28   20.00000   30.00000  50.0%     -    0s

Cutting planes:
  Cover: 51
  MIR: 1
  Inf proof: 46

Explored 5807 nodes (417664 simplex iterations) in 3.16 seconds (5.39 work units)
Thread count was 16 (of 16 available processors)

Solution count 5: 20 19 18 ... 7

Optimal solution found (tolerance 1.00e-04)
Best objective 2.000000000000e+01, best bound 2.000000000000e+01, gap 0.0000%

Wrote result file '/root/bgw/data/results/2026_03_23_16_02_26_set_exp_3_exp_3_n025_c003_g003_max.sol'

