[2026-03-24T00:37:02.628Z] Pipeline "set_set_set_s013_g003" → 2026_03_24_00_37_02_set_set_set_s013_g003_max.sol
Set parameter WLSAccessID
Set parameter WLSSecret
Set parameter LicenseID to value 2792458
Set parameter LogFile to value "gurobi.log"
Using license file /root/gurobi.lic
Academic license 2792458 - for non-commercial use only - registered to an___@studenti.unipg.it

Gurobi Optimizer version 13.0.1 build v13.0.1rc0 (linux64 - "Ubuntu 24.04.4 LTS")
Copyright (c) 2026, Gurobi Optimization, LLC

Warning: Duplicate section found (read 'binary') - Is a variable name equal to an LP file format keyword?
Warning: Duplicate section found (read 'binary') - Is a variable name equal to an LP file format keyword?
Warning: Duplicate section found (read 'binary') - Is a variable name equal to an LP file format keyword?
Warning: Duplicate section found (read 'binary') - Is a variable name equal to an LP file format keyword?
Warning: Duplicate section found (read 'binary') - Is a variable name equal to an LP file format keyword?
Warning: Duplicate section found (read 'binary') - Is a variable name equal to an LP file format keyword?
Warning: Duplicate section found (read 'binary') - Is a variable name equal to an LP file format keyword?
Warning: Duplicate section found (read 'binary') - Is a variable name equal to an LP file format keyword?
Warning: Duplicate section found (read 'binary') - Is a variable name equal to an LP file format keyword?
Warning: Duplicate section found (read 'binary') - Is a variable name equal to an LP file format keyword?
Warning: Further warnings of this type will be omitted.
Read LP format model from file /root/bgw/data/uploads/2026_03_24_00_37_02_set_set_set_s013_g003_max.lp
Reading time = 0.00 seconds
: 924 rows, 159 columns, 2468 nonzeros

Using Gurobi shared library /opt/gurobi1301/linux64/lib/libgurobi.so.13.0.1

CPU model: AMD EPYC-Genoa Processor, instruction set [SSE2|AVX|AVX2|AVX512]
Thread count: 16 physical cores, 16 logical processors, using up to 16 threads

Academic license 2792458 - for non-commercial use only - registered to an___@studenti.unipg.it
Optimize a model with 924 rows, 159 columns and 2468 nonzeros (Max)
Model fingerprint: 0x1d8501d1
Model has 24 linear objective coefficients
Variable types: 36 continuous, 123 integer (123 binary)
Coefficient statistics:
  Matrix range     [1e+00, 1e+01]
  Objective range  [1e+00, 1e+00]
  Bounds range     [1e+00, 1e+00]
  RHS range        [1e+00, 1e+01]

Found heuristic solution: objective 24.0000000
Presolve removed 418 rows and 54 columns
Presolve time: 0.00s
Presolved: 506 rows, 105 columns, 1626 nonzeros
Variable types: 0 continuous, 105 integer (93 binary)
Found heuristic solution: objective 33.0000000

Root relaxation: objective 1.080000e+02, 129 iterations, 0.00 seconds (0.00 work units)

    Nodes    |    Current Node    |     Objective Bounds      |     Work
 Expl Unexpl |  Obj  Depth IntInf | Incumbent    BestBd   Gap | It/Node Time

     0     0  108.00000    0   73   33.00000  108.00000   227%     -    0s
H    0     0                      35.0000000  108.00000   209%     -    0s
H    0     0                      36.0000000  108.00000   200%     -    0s
H    0     0                      40.0000000  108.00000   170%     -    0s
H    0     0                      41.0000000  108.00000   163%     -    0s
H    0     0                      47.0000000  108.00000   130%     -    0s
H    0     0                      51.0000000  108.00000   112%     -    0s
     0     0  108.00000    0   74   51.00000  108.00000   112%     -    0s
H    0     0                      52.0000000  108.00000   108%     -    0s
     0     0  108.00000    0   74   52.00000  108.00000   108%     -    0s
     0     0  108.00000    0   73   52.00000  108.00000   108%     -    0s
H    0     0                      53.0000000  108.00000   104%     -    0s
     0     0  108.00000    0   74   53.00000  108.00000   104%     -    0s
     0     0  108.00000    0   58   53.00000  108.00000   104%     -    0s
     0     0  108.00000    0   73   53.00000  108.00000   104%     -    0s
     0     0  108.00000    0   67   53.00000  108.00000   104%     -    0s
H    0     0                      54.0000000  108.00000   100%     -    0s
H    0     0                      55.0000000  108.00000  96.4%     -    0s
     0     0  108.00000    0   71   55.00000  108.00000  96.4%     -    0s
     0     0  108.00000    0   56   55.00000  108.00000  96.4%     -    0s
     0     0  108.00000    0   68   55.00000  108.00000  96.4%     -    0s
     0     0  108.00000    0   58   55.00000  108.00000  96.4%     -    0s
     0     0  106.60000    0   74   55.00000  106.60000  93.8%     -    0s
     0     0  106.60000    0   57   55.00000  106.60000  93.8%     -    0s
     0     0  105.00000    0   57   55.00000  105.00000  90.9%     -    0s
     0     0  105.00000    0   57   55.00000  105.00000  90.9%     -    0s
     0     2  105.00000    0   57   55.00000  105.00000  90.9%     -    0s
H   23    32                      57.0000000  105.00000  84.2%  68.0    0s
H  212   248                      61.0000000  105.00000  72.1%  47.2    0s
 78848 20709   72.77150   31   72   61.00000   78.98571  29.5%  17.5    5s
 209654 33303 infeasible   37        61.00000   73.05000  19.8%  17.2   10s
 342199 27561   63.60000   35   28   61.00000   69.61818  14.1%  17.2   15s
 443522  3786   64.58750   41   47   61.00000   65.00000  6.56%  17.7   20s

Cutting planes:
  Gomory: 24
  Cover: 1
  Inf proof: 1
  Zero half: 4

Explored 450398 nodes (7944656 simplex iterations) in 20.31 seconds (27.32 work units)
Thread count was 16 (of 16 available processors)

Solution count 10: 61 57 55 ... 40

Optimal solution found (tolerance 1.00e-04)
Best objective 6.100000000000e+01, best bound 6.100000000000e+01, gap 0.0000%

Wrote result file '/root/bgw/data/results/2026_03_24_00_37_02_set_set_set_s013_g003_max.sol'

