[2026-03-24T13:57:58.563Z] Pipeline "set_vm-4-t1_vm-4-t1_s007_g001" → 2026_03_24_13_57_58_set_vm-4-t1_vm-4-t1_s007_g001_max.sol
Set parameter Username
Set parameter LicenseID to value 2797659
Set parameter LogFile to value "gurobi.log"
Using license file /opt/gurobi/gurobi.lic
Academic license - for non-commercial use only - expires 2027-03-24

Gurobi Optimizer version 13.0.1 build v13.0.1rc0 (linux64 - "Ubuntu 24.04.4 LTS")
Copyright (c) 2026, Gurobi Optimization, LLC

Warning: Duplicate section found (read 'binary') - Is a variable name equal to an LP file format keyword?
Warning: Duplicate section found (read 'binary') - Is a variable name equal to an LP file format keyword?
Warning: Duplicate section found (read 'binary') - Is a variable name equal to an LP file format keyword?
Warning: Duplicate section found (read 'binary') - Is a variable name equal to an LP file format keyword?
Warning: Duplicate section found (read 'binary') - Is a variable name equal to an LP file format keyword?
Warning: Duplicate section found (read 'binary') - Is a variable name equal to an LP file format keyword?
Warning: Duplicate section found (read 'binary') - Is a variable name equal to an LP file format keyword?
Warning: Duplicate section found (read 'binary') - Is a variable name equal to an LP file format keyword?
Warning: Duplicate section found (read 'binary') - Is a variable name equal to an LP file format keyword?
Warning: Duplicate section found (read 'binary') - Is a variable name equal to an LP file format keyword?
Warning: Further warnings of this type will be omitted.
Read LP format model from file /root/bgw/data/uploads/2026_03_24_13_57_58_set_vm-4-t1_vm-4-t1_s007_g001_max.lp
Reading time = 0.01 seconds
: 15982 rows, 794 columns, 48866 nonzeros

Using Gurobi shared library /opt/gurobi1301/linux64/lib/libgurobi.so.13.0.1

CPU model: AMD EPYC-Genoa Processor, instruction set [SSE2|AVX|AVX2|AVX512]
Thread count: 16 physical cores, 16 logical processors, using up to 16 threads

Optimize a model with 15982 rows, 794 columns and 48866 nonzeros (Max)
Model fingerprint: 0x15433dcc
Model has 21 linear objective coefficients
Variable types: 58 continuous, 736 integer (736 binary)
Coefficient statistics:
  Matrix range     [1e+00, 4e+01]
  Objective range  [1e+00, 1e+00]
  Bounds range     [1e+00, 1e+00]
  RHS range        [1e+00, 4e+01]

Found heuristic solution: objective 21.0000000
Presolve removed 402 rows and 104 columns
Presolve time: 0.05s
Presolved: 15580 rows, 690 columns, 47012 nonzeros
Variable types: 0 continuous, 690 integer (682 binary)
Found heuristic solution: objective 42.0000000

Root relaxation: objective 1.090000e+02, 242 iterations, 0.03 seconds (0.04 work units)

    Nodes    |    Current Node    |     Objective Bounds      |     Work
 Expl Unexpl |  Obj  Depth IntInf | Incumbent    BestBd   Gap | It/Node Time

     0     0  109.00000    0   33   42.00000  109.00000   160%     -    0s
H    0     0                      49.0000000  109.00000   122%     -    0s
H    0     0                      58.0000000  109.00000  87.9%     -    0s
     0     0  109.00000    0   35   58.00000  109.00000  87.9%     -    0s
     0     0  109.00000    0   35   58.00000  109.00000  87.9%     -    0s
     0     0  109.00000    0   31   58.00000  109.00000  87.9%     -    0s
     0     0  109.00000    0   32   58.00000  109.00000  87.9%     -    0s
     0     0  109.00000    0   32   58.00000  109.00000  87.9%     -    0s
     0     0  109.00000    0   32   58.00000  109.00000  87.9%     -    0s
     0     0  109.00000    0   31   58.00000  109.00000  87.9%     -    0s
     0     0  109.00000    0   31   58.00000  109.00000  87.9%     -    0s
     0     0  109.00000    0   31   58.00000  109.00000  87.9%     -    0s
     0     0  109.00000    0   31   58.00000  109.00000  87.9%     -    0s
     0     0  109.00000    0   31   58.00000  109.00000  87.9%     -    0s
     0     0  109.00000    0   30   58.00000  109.00000  87.9%     -    0s
     0     0  109.00000    0   33   58.00000  109.00000  87.9%     -    0s
     0     0  109.00000    0   31   58.00000  109.00000  87.9%     -    0s
     0     0  109.00000    0   31   58.00000  109.00000  87.9%     -    0s
     0     0  109.00000    0   31   58.00000  109.00000  87.9%     -    0s
     0     2  109.00000    0   31   58.00000  109.00000  87.9%     -    0s
  1319   533   81.47568   10  138   58.00000   98.90769  70.5%   226    5s
  2857   772     cutoff   15        58.00000   92.22857  59.0%   254   10s
  4658   964 infeasible   14        58.00000   85.54286  47.5%   270   15s
  6626   960   67.81667   12   38   58.00000   80.92180  39.5%   287   20s
  8691   808 infeasible   15        58.00000   76.75489  32.3%   293   25s
 10768   332   60.87284   14   91   58.00000   70.03233  20.7%   303   30s

Cutting planes:
  Gomory: 4
  Cover: 87
  MIR: 1
  Inf proof: 118

Explored 12013 nodes (3622002 simplex iterations) in 31.76 seconds (82.30 work units)
Thread count was 16 (of 16 available processors)

Solution count 4: 58 49 42 21 

Optimal solution found (tolerance 1.00e-04)
Best objective 5.800000000000e+01, best bound 5.800000000000e+01, gap 0.0000%

Wrote result file '/root/bgw/data/results/2026_03_24_13_57_58_set_vm-4-t1_vm-4-t1_s007_g001_max.sol'

