[2026-03-24T19:11:48.444Z] Pipeline "set_vm-3-t3_vm-3-t3_s010_g002" → 2026_03_24_19_11_48_set_vm-3-t3_vm-3-t3_s010_g002_max.sol
Set parameter Username
Set parameter LicenseID to value 2796068
Set parameter LogFile to value "gurobi.log"
Using license file /opt/gurobi/gurobi.lic
Academic license - for non-commercial use only - expires 2027-03-23

Gurobi Optimizer version 13.0.1 build v13.0.1rc0 (linux64 - "Ubuntu 24.04.4 LTS")
Copyright (c) 2026, Gurobi Optimization, LLC

Warning: Duplicate section found (read 'binary') - Is a variable name equal to an LP file format keyword?
Warning: Duplicate section found (read 'binary') - Is a variable name equal to an LP file format keyword?
Warning: Duplicate section found (read 'binary') - Is a variable name equal to an LP file format keyword?
Warning: Duplicate section found (read 'binary') - Is a variable name equal to an LP file format keyword?
Warning: Duplicate section found (read 'binary') - Is a variable name equal to an LP file format keyword?
Warning: Duplicate section found (read 'binary') - Is a variable name equal to an LP file format keyword?
Warning: Duplicate section found (read 'binary') - Is a variable name equal to an LP file format keyword?
Warning: Duplicate section found (read 'binary') - Is a variable name equal to an LP file format keyword?
Warning: Duplicate section found (read 'binary') - Is a variable name equal to an LP file format keyword?
Warning: Duplicate section found (read 'binary') - Is a variable name equal to an LP file format keyword?
Warning: Further warnings of this type will be omitted.
Read LP format model from file /root/bgw/data/uploads/2026_03_24_19_11_48_set_vm-3-t3_vm-3-t3_s010_g002_max.lp
Reading time = 0.00 seconds
: 3434 rows, 439 columns, 10245 nonzeros

Using Gurobi shared library /opt/gurobi1301/linux64/lib/libgurobi.so.13.0.1

CPU model: AMD EPYC-Genoa Processor, instruction set [SSE2|AVX|AVX2|AVX512]
Thread count: 16 physical cores, 16 logical processors, using up to 16 threads

Optimize a model with 3434 rows, 439 columns and 10245 nonzeros (Max)
Model fingerprint: 0x61524a47
Model has 142 linear objective coefficients
Variable types: 162 continuous, 277 integer (277 binary)
Coefficient statistics:
  Matrix range     [1e+00, 2e+01]
  Objective range  [1e+00, 1e+00]
  Bounds range     [1e+00, 1e+00]
  RHS range        [1e+00, 2e+01]

Found heuristic solution: objective 142.0000000
Presolve removed 1068 rows and 200 columns
Presolve time: 0.01s
Presolved: 2366 rows, 239 columns, 7302 nonzeros
Variable types: 0 continuous, 239 integer (227 binary)
Found heuristic solution: objective 234.0000000

Root relaxation: objective 1.021000e+03, 436 iterations, 0.02 seconds (0.03 work units)

    Nodes    |    Current Node    |     Objective Bounds      |     Work
 Expl Unexpl |  Obj  Depth IntInf | Incumbent    BestBd   Gap | It/Node Time

     0     0 1021.00000    0   89  234.00000 1021.00000   336%     -    0s
H    0     0                     247.0000000 1021.00000   313%     -    0s
H    0     0                     326.0000000 1021.00000   213%     -    0s
H    0     0                     342.0000000 1021.00000   199%     -    0s
H    0     0                     359.0000000 1021.00000   184%     -    0s
     0     0 1021.00000    0   86  359.00000 1021.00000   184%     -    0s
     0     0 1021.00000    0   86  359.00000 1021.00000   184%     -    0s
H    0     0                     373.0000000 1021.00000   174%     -    0s
     0     0 1021.00000    0   79  373.00000 1021.00000   174%     -    0s
     0     0 1021.00000    0   56  373.00000 1021.00000   174%     -    0s
H    0     0                     374.0000000 1021.00000   173%     -    0s
     0     0 1021.00000    0   70  374.00000 1021.00000   173%     -    0s
     0     0 1021.00000    0   70  374.00000 1021.00000   173%     -    0s
     0     0 1021.00000    0   72  374.00000 1021.00000   173%     -    0s
     0     0 1021.00000    0   70  374.00000 1021.00000   173%     -    0s
     0     0 1021.00000    0   70  374.00000 1021.00000   173%     -    0s
     0     0 1021.00000    0   69  374.00000 1021.00000   173%     -    0s
     0     0 1021.00000    0   69  374.00000 1021.00000   173%     -    0s
     0     0 1021.00000    0   69  374.00000 1021.00000   173%     -    0s
     0     0 1021.00000    0   69  374.00000 1021.00000   173%     -    0s
     0     0 1021.00000    0   69  374.00000 1021.00000   173%     -    0s
     0     2 1021.00000    0   58  374.00000 1021.00000   173%     -    0s
H    8    16                     389.0000000 1021.00000   162%   109    0s
H  128   125                     402.0000000 1021.00000   154%  74.8    0s
H  984   764                     404.0000000 1019.27778   152%  72.2    1s
H 2404  1548                     405.0000000 1017.50000   151%  76.1    1s
  6945  2770  481.55556   43   32  405.00000  914.01852   126%  75.9    5s
 21894  9090  830.28986   41   75  405.00000  830.28986   105%  77.4   10s
 41251 14257  541.57843   52   71  405.00000  830.28986   105%  83.2   15s
 59115 22839  645.61111   49   63  405.00000  830.28986   105%  83.4   20s
 79232 33377  546.00000   50   56  405.00000  830.28986   105%  81.8   25s
 103710 46437  582.81926   49   59  405.00000  830.25397   105%  80.7   30s
 128319 58944  498.47222   58   48  405.00000  813.27886   101%  80.2   35s
 154125 71429 infeasible   51       405.00000  797.98847  97.0%  79.6   40s
 179653 83559  448.72222   60   39  405.00000  786.10131  94.1%  78.9   45s
 204835 95713  478.03758   53   51  405.00000  775.07802  91.4%  78.0   50s
 230495 107532 infeasible   42       405.00000  765.71508  89.1%  77.4   55s
 256822 118983  652.75463   45  105  405.00000  757.00000  86.9%  77.0   60s
 281428 130806  453.06209   57   37  405.00000  749.58431  85.1%  76.4   65s
 309465 143021  449.69690   56   70  405.00000  741.74216  83.1%  75.8   70s
 336767 154997 infeasible   60       405.00000  735.09426  81.5%  75.4   75s
 363398 166042 infeasible   54       405.00000  728.39542  79.9%  75.1   80s
 389621 176907  575.33333   52   64  405.00000  722.04947  78.3%  74.7   85s
 415447 187390  466.88889   58   62  405.00000  717.01961  77.0%  74.3   90s
 441880 197740  554.88294   54   62  405.00000  711.85915  75.8%  73.9   95s
 467081 207739  406.03704   64   19  405.00000  706.92974  74.6%  73.5  100s
 494790 218417  436.33333   56   53  405.00000  702.41555  73.4%  73.1  105s
 522736 228963  683.67484   44   78  405.00000  698.00514  72.3%  72.7  110s
 548453 238760  441.37908   60   52  405.00000  693.69730  71.3%  72.5  115s
 574980 248831  448.19444   50   60  405.00000  689.93464  70.4%  72.3  120s
 603299 259188  421.05556   55   44  405.00000  686.39439  69.5%  72.1  125s
 631472 269514  501.70871   51   72  405.00000  682.23203  68.5%  71.9  130s
 659728 279483  421.08333   62   44  405.00000  678.34547  67.5%  71.6  135s
 684287 288303  422.00000   62   28  405.00000  675.56561  66.8%  71.4  140s
 713575 298970  449.06173   59   84  405.00000  672.59259  66.1%  71.2  145s
 741215 308577 infeasible   56       405.00000  669.33842  65.3%  71.0  150s
 771722 318978  482.23333   55   44  405.00000  665.63399  64.4%  70.7  155s
 802074 329066  408.16667   57   32  405.00000  662.46060  63.6%  70.5  160s
 830521 339061  573.28898   50   83  405.00000  659.95098  63.0%  70.4  165s
 852740 346284  532.82571   48   52  405.00000  657.86797  62.4%  70.2  170s
 878779 354777  503.83333   50   60  405.00000  655.21111  61.8%  70.1  175s
 906844 363618  429.70950   56   71  405.00000  652.43791  61.1%  69.9  180s
 933945 372366 infeasible   60       405.00000  649.64379  60.4%  69.7  185s
 962370 381585  435.26984   62   40  405.00000  647.34444  59.8%  69.5  190s
 990318 390688  423.66975   59   34  405.00000  645.35098  59.3%  69.4  195s
 1016166 398920 infeasible   60       405.00000  643.46569  58.9%  69.3  200s
 1045346 407751  608.18903   45   76  405.00000  641.04365  58.3%  69.1  205s
 1067088 414294  420.05556   57   55  405.00000  639.19608  57.8%  69.0  210s
 1096637 422796  418.91667   63   32  405.00000  636.53968  57.2%  68.9  215s
 1126393 431536  548.78622   56   52  405.00000  634.14444  56.6%  68.7  220s
 1153452 439981  597.07035   52   90  405.00000  632.25910  56.1%  68.6  225s
 1187249 450180 infeasible   65       405.00000  630.29167  55.6%  68.5  230s
 1212376 457751  469.00000   59   45  405.00000  628.61765  55.2%  68.3  235s
 1244364 466881 infeasible   56       405.00000  626.36790  54.7%  68.1  240s
 1270360 474053  506.04793   50   68  405.00000  624.72393  54.3%  68.0  245s
 1304434 483167  455.60349   52   76  405.00000  622.00000  53.6%  67.8  250s
 1336378 491757 infeasible   51       405.00000  619.83333  53.0%  67.6  255s
 1367479 500799  451.70370   59   41  405.00000  618.13889  52.6%  67.6  260s
 1401323 510910  529.96825   53   49  405.00000  616.50685  52.2%  67.5  265s
 1435539 520265  431.22222   63   38  405.00000  614.72549  51.8%  67.3  270s
 1467981 529587  412.51348   56   57  405.00000  612.97059  51.4%  67.2  275s
 1492682 536163  496.83333   53   62  405.00000  611.58333  51.0%  67.1  280s
 1520992 543308  508.33333   54   45  405.00000  609.95629  50.6%  66.9  285s
 1555010 551821  556.65741   48   61  405.00000  607.80727  50.1%  66.8  290s
 1591174 561006 infeasible   52       405.00000  605.76471  49.6%  66.6  295s
 1625819 570331 infeasible   58       405.00000  604.03159  49.1%  66.5  300s
 1659967 579889  465.16667   53   43  405.00000  602.53483  48.8%  66.5  305s
 1690477 587595  483.55556   58   59  405.00000  601.31944  48.5%  66.4  310s
 1720065 595315  568.04167   45   61  405.00000  599.95363  48.1%  66.3  315s
 1754882 603973  585.74918   49   53  405.00000  598.42484  47.8%  66.2  320s
 1788925 612507  436.87222   62   53  405.00000  596.90226  47.4%  66.1  325s
 1821151 619905  549.84804   50   89  405.00000  595.46078  47.0%  66.0  330s
 1854449 627167  498.57694   44   79  405.00000  593.82934  46.6%  65.9  335s
 1891159 635094 infeasible   52       405.00000  591.98802  46.2%  65.7  340s
 1918026 642407     cutoff   62       405.00000  590.81583  45.9%  65.6  345s
 1951347 649642  516.53268   52   49  405.00000  589.36851  45.5%  65.5  350s
 1984754 658347  435.76389   55   43  405.00000  588.09967  45.2%  65.5  355s
 2020515 667123     cutoff   50       405.00000  586.74728  44.9%  65.4  360s
 2056891 675773  441.09368   52   50  405.00000  585.40741  44.5%  65.3  365s
 2092450 683468  556.49206   54   71  405.00000  584.04747  44.2%  65.2  370s
 2121002 689977 infeasible   58       405.00000  583.00821  44.0%  65.1  375s
 2158371 697605  546.16005   53   89  405.00000  581.57190  43.6%  64.9  380s
 2194933 704813     cutoff   59       405.00000  580.12418  43.2%  64.8  385s
 2233545 712111  449.20915   59   57  405.00000  578.46728  42.8%  64.6  390s
 2270184 719764  459.27778   55   52  405.00000  577.00000  42.5%  64.5  395s
 2307595 727713  518.00000   55   46  405.00000  575.57062  42.1%  64.4  400s
 2338351 734837 infeasible   53       405.00000  574.56536  41.9%  64.4  405s
 2373415 742700 infeasible   60       405.00000  573.45261  41.6%  64.3  410s
 2409108 750431  443.86214   59   50  405.00000  572.32540  41.3%  64.2  415s
 2445519 757947  445.02993   56   89  405.00000  571.22222  41.0%  64.2  420s
 2479798 764886  434.28571   63   33  405.00000  570.09069  40.8%  64.1  425s
 2507679 770465 infeasible   56       405.00000  569.22222  40.5%  64.1  430s
 2536807 776404  497.22222   54   44  405.00000  568.28194  40.3%  64.0  435s
 2564764 781535 infeasible   54       405.00000  567.42645  40.1%  64.0  440s
 2599231 787754 infeasible   53       405.00000  566.34267  39.8%  63.9  445s
 2633343 794009     cutoff   58       405.00000  565.23665  39.6%  63.8  450s
 2665191 799447 infeasible   53       405.00000  564.21008  39.3%  63.7  455s
 2699270 804804 infeasible   58       405.00000  562.97222  39.0%  63.6  460s
 2732081 810381  456.74959   62   37  405.00000  561.75327  38.7%  63.5  465s
 2761781 816032  462.22222   53   41  405.00000  560.83987  38.5%  63.5  470s
 2793723 822689  452.29630   64   46  405.00000  559.91776  38.3%  63.4  475s
 2827768 829083     cutoff   56       405.00000  558.92857  38.0%  63.4  480s
 2861265 835122 infeasible   47       405.00000  558.02614  37.8%  63.3  485s
 2895754 841465     cutoff   57       405.00000  557.02662  37.5%  63.2  490s
 2929580 847426  510.47259   57   60  405.00000  556.05556  37.3%  63.2  495s
 2960038 852457  425.00000   63   27  405.00000  555.24691  37.1%  63.1  500s
 2988363 857588  415.83333   67   32  405.00000  554.47059  36.9%  63.1  505s
 3022230 863546  432.42048   50   58  405.00000  553.60784  36.7%  63.0  510s
 3055314 869158 infeasible   54       405.00000  552.76334  36.5%  62.9  515s
 3089902 874904  448.01587   58   37  405.00000  551.87469  36.3%  62.9  520s
 3122574 880059  435.44444   59   29  405.00000  551.04412  36.1%  62.8  525s
 3158863 885453  436.36111   56   43  405.00000  550.07843  35.8%  62.7  530s
 3192041 890109 infeasible   60       405.00000  549.12512  35.6%  62.7  535s
 3223578 893761 infeasible   56       405.00000  548.15733  35.3%  62.6  540s
 3258903 898804 infeasible   62       405.00000  547.01471  35.1%  62.5  545s
 3293337 903849  417.55556   59   43  405.00000  546.12896  34.8%  62.4  550s
 3328055 909460  450.40741   54   49  405.00000  545.19949  34.6%  62.3  555s
 3362908 914989 infeasible   61       405.00000  544.38109  34.4%  62.2  560s
 3395352 920368 infeasible   61       405.00000  543.66013  34.2%  62.2  565s
 3424465 924185  443.43900   50   45  405.00000  543.14815  34.1%  62.1  570s
 3457230 929059 infeasible   45       405.00000  542.37582  33.9%  62.1  575s
 3491677 934109 infeasible   64       405.00000  541.53431  33.7%  62.0  580s
 3521631 938762  432.83333   61   32  405.00000  540.85185  33.5%  62.0  585s
 3553735 943263  437.75926   63   49  405.00000  540.13333  33.4%  61.9  590s
 3579612 947263  476.33333   58   46  405.00000  539.62781  33.2%  61.9  595s
 3610672 951794  496.88308   54   46  405.00000  538.96355  33.1%  61.9  600s
 3640581 956404  444.05556   59   76  405.00000  538.38627  32.9%  61.9  605s
 3671762 960930  505.51852   60   36  405.00000  537.78649  32.8%  61.8  610s
 3703074 965326  406.80787   54   68  405.00000  537.12320  32.6%  61.8  615s
 3725395 967948  466.13889   61   49  405.00000  536.71024  32.5%  61.8  620s
 3758216 971660 infeasible   57       405.00000  535.93007  32.3%  61.7  625s
 3789885 975088 infeasible   61       405.00000  535.26209  32.2%  61.6  630s
 3822154 979092  418.90000   53   53  405.00000  534.50694  32.0%  61.6  635s
 3859037 982593  527.08681   55   49  405.00000  533.57516  31.7%  61.5  640s
 3894204 985734     cutoff   62       405.00000  532.63889  31.5%  61.4  645s
 3930627 989634     cutoff   58       405.00000  531.66394  31.3%  61.3  650s
 3966646 994186 infeasible   56       405.00000  530.83333  31.1%  61.2  655s
 3998672 998269  484.53105   58   40  405.00000  530.11111  30.9%  61.2  660s
 4034542 1002528  522.01852   51   30  405.00000  529.30915  30.7%  61.1  665s
 4070741 1006657     cutoff   55       405.00000  528.51961  30.5%  61.0  670s
 4106018 1010511 infeasible   56       405.00000  527.72222  30.3%  61.0  675s
 4142164 1014517  447.34921   49   55  405.00000  527.00000  30.1%  60.9  680s
 4176786 1018622 infeasible   63       405.00000  526.27778  29.9%  60.9  685s
 4211354 1022748 infeasible   53       405.00000  525.64815  29.8%  60.9  690s
 4238518 1025578  443.04684   57   67  405.00000  525.13889  29.7%  60.8  695s
 4271284 1029339  448.81481   62   40  405.00000  524.53968  29.5%  60.8  700s
 4300955 1033079  428.81209   54   46  405.00000  524.02778  29.4%  60.8  705s
 4333445 1036666  503.17320   55   29  405.00000  523.47778  29.3%  60.8  710s
 4362225 1039426  406.70093   59   67  405.00000  522.96732  29.1%  60.8  715s
 4393571 1042582  454.24074   52   39  405.00000  522.44444  29.0%  60.8  720s
 4425927 1045939     cutoff   56       405.00000  521.90741  28.9%  60.7  725s
 4455283 1048530  520.40196   50   49  405.00000  521.38095  28.7%  60.7  730s
 4486070 1051067  478.83333   62   73  405.00000  520.81790  28.6%  60.7  735s
 4518594 1053634 infeasible   63       405.00000  520.18627  28.4%  60.6  740s
 4550996 1055869  460.17974   52   38  405.00000  519.54681  28.3%  60.6  745s
 4584208 1058036  466.50000   62   41  405.00000  518.82260  28.1%  60.5  750s
 4616976 1059403 infeasible   61       405.00000  518.06256  27.9%  60.4  755s
 4655744 1061522  467.75599   61   64  405.00000  517.14444  27.7%  60.3  760s
 4691272 1064420  431.77778   61   30  405.00000  516.41667  27.5%  60.2  765s
 4727301 1067819 infeasible   60       405.00000  515.74074  27.3%  60.2  770s
 4764309 1070694 infeasible   66       405.00000  515.00000  27.2%  60.1  775s
 4801539 1073449     cutoff   59       405.00000  514.25556  27.0%  60.0  780s
 4830194 1075627  463.77778   64   64  405.00000  513.70098  26.8%  60.0  785s
 4866585 1078500  466.48889   61   86  405.00000  513.05229  26.7%  60.0  790s
 4900836 1081365  406.08889   61   75  405.00000  512.50000  26.5%  59.9  795s
 4935603 1084386  415.16667   58   50  405.00000  511.95748  26.4%  59.9  800s
 4969061 1087270  451.22222   63   37  405.00000  511.48413  26.3%  59.9  805s
 5001035 1090190 infeasible   59       405.00000  510.99918  26.2%  59.8  810s
 5033988 1092543  480.66667   58   57  405.00000  510.53333  26.1%  59.8  815s
 5068558 1095172 infeasible   56       405.00000  510.03595  25.9%  59.8  820s
 5100828 1097350 infeasible   56       405.00000  509.58593  25.8%  59.8  825s
 5124084 1099031  503.52988   55   57  405.00000  509.25817  25.7%  59.8  830s
 5151502 1101102  465.59028   58   41  405.00000  508.88095  25.6%  59.8  835s
 5184321 1103427  465.16950   57   75  405.00000  508.42647  25.5%  59.8  840s
 5212992 1104851 infeasible   53       405.00000  508.02917  25.4%  59.8  845s
 5244621 1106700     cutoff   57       405.00000  507.56566  25.3%  59.8  850s
 5279847 1108409 infeasible   59       405.00000  507.03333  25.2%  59.7  855s
 5312838 1109711  439.27778   59   44  405.00000  506.50000  25.1%  59.7  860s
 5346206 1110944  439.29739   50   34  405.00000  505.97619  24.9%  59.7  865s
 5382970 1112571     cutoff   53       405.00000  505.37582  24.8%  59.6  870s
 5418560 1113892  432.25926   57   57  405.00000  504.76190  24.6%  59.6  875s
 5450003 1114172  475.11070   56   43  405.00000  504.21977  24.5%  59.5  880s
 5485680 1114765  431.53472   61   29  405.00000  503.53922  24.3%  59.4  885s
 5524265 1114930  464.50000   57   57  405.00000  502.77511  24.1%  59.3  890s
 5562261 1114926  406.71667   63   62  405.00000  501.98039  23.9%  59.3  895s
 5600452 1115097  447.66770   54   71  405.00000  501.16667  23.7%  59.2  900s
 5639141 1116991 infeasible   60       405.00000  500.46172  23.6%  59.1  905s
 5671029 1118468  442.46950   56   58  405.00000  499.92774  23.4%  59.1  910s
 5709737 1119745     cutoff   55       405.00000  499.20884  23.3%  59.0  915s
 5743955 1121523     cutoff   62       405.00000  498.62185  23.1%  59.0  920s
 5778373 1123227  494.18254   60   86  405.00000  498.11111  23.0%  59.0  925s
 5810225 1125170  438.88889   59   41  405.00000  497.65686  22.9%  59.0  930s
 5845101 1126956  416.14216   63   63  405.00000  497.20272  22.8%  58.9  935s
 5874587 1128781  460.71024   61   49  405.00000  496.81300  22.7%  58.9  940s
 5908185 1129706  466.91111   58   42  405.00000  496.37908  22.6%  58.9  945s
 5942607 1131145 infeasible   61       405.00000  495.94288  22.5%  58.9  950s
 5975425 1131825 infeasible   63       405.00000  495.53922  22.4%  58.9  955s
 6005835 1132895  467.83757   57   51  405.00000  495.18254  22.3%  58.9  960s
 6040741 1133917 infeasible   61       405.00000  494.73669  22.2%  58.9  965s
 6070458 1134736     cutoff   61       405.00000  494.39153  22.1%  58.9  970s
 6102059 1135199  435.13889   62   90  405.00000  493.99359  22.0%  58.9  975s
 6129274 1135748  443.78431   57   70  405.00000  493.66299  21.9%  58.9  980s
 6161347 1136059  474.62222   55   50  405.00000  493.24982  21.8%  58.9  985s
 6193331 1136632  412.41643   58   53  405.00000  492.84967  21.7%  58.9  990s
 6226194 1137003  487.11765   56   85  405.00000  492.43750  21.6%  58.9  995s
 6254920 1137049 infeasible   55       405.00000  492.06303  21.5%  58.9 1000s
 6289096 1137205  456.95000   54   54  405.00000  491.61858  21.4%  58.9 1005s
 6323376 1137118  432.25926   55   57  405.00000  491.16667  21.3%  58.8 1010s
 6358758 1136547  451.04127   59   53  405.00000  490.66667  21.2%  58.8 1015s
 6393866 1135975 infeasible   64       405.00000  490.15468  21.0%  58.7 1020s
 6429892 1135327  430.33333   55   61  405.00000  489.62582  20.9%  58.7 1025s
 6466494 1134181  420.37500   55   48  405.00000  489.04971  20.8%  58.6 1030s
 6500882 1133118 infeasible   57       405.00000  488.48973  20.6%  58.6 1035s
 6534542 1131736  452.55556   61   44  405.00000  487.91013  20.5%  58.5 1040s
 6573308 1129845 infeasible   57       405.00000  487.19172  20.3%  58.5 1045s
 6591801 1129675 infeasible   65       405.00000  486.89869  20.2%  58.4 1050s
 6613952 1128159  428.03268   60   54  405.00000  486.46429  20.1%  58.4 1055s
 6654097 1127621  464.57407   60   60  405.00000  485.82516  20.0%  58.3 1060s
 6687582 1126613  420.50000   59   52  405.00000  485.22222  19.8%  58.3 1065s
 6724526 1127198  445.71667   63   37  405.00000  484.75000  19.7%  58.2 1070s
 6760194 1126717     cutoff   64       405.00000  484.19524  19.6%  58.2 1075s
 6794621 1127398  438.80159   60   52  405.00000  483.75000  19.4%  58.2 1080s
 6824938 1127571 infeasible   64       405.00000  483.33987  19.3%  58.2 1085s
 6857458 1127518  423.57778   61   68  405.00000  482.92702  19.2%  58.2 1090s
 6889261 1127903  407.58333   63   37  405.00000  482.55556  19.1%  58.2 1095s
 6922067 1128011  422.97619   61   49  405.00000  482.22222  19.1%  58.2 1100s
 6952501 1128639 infeasible   57       405.00000  481.90588  19.0%  58.2 1105s
 6986316 1128236  422.11111   59   47  405.00000  481.55556  18.9%  58.2 1110s
 7017903 1127781  419.27083   59   41  405.00000  481.27778  18.8%  58.2 1115s
 7049109 1127685  418.61111   61   40  405.00000  480.98148  18.8%  58.2 1120s
 7075409 1127019  421.76680   62   47  405.00000  480.69444  18.7%  58.2 1125s
 7108547 1126282 infeasible   56       405.00000  480.37124  18.6%  58.2 1130s
 7138434 1125684  421.11111   60   31  405.00000  480.09150  18.5%  58.2 1135s
 7170013 1124851  412.77778   62   40  405.00000  479.76190  18.5%  58.2 1140s
 7202758 1123666  415.31250   56   54  405.00000  479.43651  18.4%  58.2 1145s
 7231149 1122847  447.33769   57   61  405.00000  479.15359  18.3%  58.2 1150s
 7264208 1121647  452.67593   62   49  405.00000  478.80159  18.2%  58.2 1155s
 7298874 1120187  429.52778   56   79  405.00000  478.43791  18.1%  58.2 1160s
 7335099 1118158 infeasible   56       405.00000  478.02988  18.0%  58.1 1165s
 7367405 1116437 infeasible   58       405.00000  477.67320  17.9%  58.1 1170s
 7402838 1114840  428.72386   51   48  405.00000  477.28235  17.8%  58.1 1175s
 7433028 1112892  430.12963   58   43  405.00000  476.97222  17.8%  58.1 1180s
 7466371 1110815  409.00000   58   47  405.00000  476.55556  17.7%  58.1 1185s
 7503532 1108306  449.61111   58   49  405.00000  476.10185  17.6%  58.0 1190s
 7541833 1105478  474.76727   54   51  405.00000  475.63072  17.4%  58.0 1195s
 7580683 1102451  443.33987   54   36  405.00000  475.11111  17.3%  57.9 1200s
 7616498 1099804 infeasible   53       405.00000  474.63431  17.2%  57.9 1205s
 7657042 1096421 infeasible   60       405.00000  474.08333  17.1%  57.8 1210s
 7691369 1093164  417.53431   58   53  405.00000  473.61111  16.9%  57.8 1215s
 7729598 1089568  448.83333   59   47  405.00000  473.00654  16.8%  57.7 1220s
 7767262 1085698 infeasible   61       405.00000  472.40741  16.6%  57.7 1225s
 7806190 1081559  422.35185   59   48  405.00000  471.76827  16.5%  57.6 1230s
 7847918 1077037  434.72222   63   59  405.00000  471.04031  16.3%  57.5 1235s
 7881465 1074129  456.00000   58   53  405.00000  470.50327  16.2%  57.5 1240s
 7914037 1072184  436.03704   61   32  405.00000  470.00000  16.0%  57.4 1245s
 7950666 1069371 infeasible   52       405.00000  469.44444  15.9%  57.4 1250s
 7986434 1067621  436.22222   57   42  405.00000  469.00000  15.8%  57.4 1255s
 8018310 1065858 infeasible   63       405.00000  468.59893  15.7%  57.4 1260s
 8051786 1063964 infeasible   54       405.00000  468.20892  15.6%  57.4 1265s
 8082950 1062657  466.62963   56   40  405.00000  467.88889  15.5%  57.4 1270s
 8114455 1060978     cutoff   62       405.00000  467.55556  15.4%  57.4 1275s
 8143932 1059320 infeasible   62       405.00000  467.27778  15.4%  57.5 1280s
 8168796 1058109  463.55882   54   60  405.00000  467.05556  15.3%  57.5 1285s
 8198391 1056659 infeasible   58       405.00000  466.78571  15.3%  57.5 1290s
 8232097 1053773  443.85294   57   41  405.00000  466.46032  15.2%  57.5 1295s
 8265074 1051305     cutoff   60       405.00000  466.17384  15.1%  57.5 1300s
 8295859 1048610 infeasible   61       405.00000  465.88889  15.0%  57.5 1305s
 8328625 1045290 infeasible   65       405.00000  465.56287  15.0%  57.5 1310s
 8359622 1041920 infeasible   57       405.00000  465.27778  14.9%  57.5 1315s
 8392828 1038463     cutoff   63       405.00000  464.95238  14.8%  57.5 1320s
 8420649 1035203 infeasible   55       405.00000  464.65556  14.7%  57.5 1325s
 8454634 1031127     cutoff   58       405.00000  464.32026  14.6%  57.5 1330s
 8489699 1027308 infeasible   62       405.00000  463.94967  14.6%  57.5 1335s
 8521768 1022996 infeasible   58       405.00000  463.60053  14.5%  57.5 1340s
 8550333 1019156  406.75000   58   62  405.00000  463.29828  14.4%  57.5 1345s
 8580730 1014627     cutoff   53       405.00000  462.95261  14.3%  57.5 1350s
 8612298 1009553  420.30556   58   55  405.00000  462.58642  14.2%  57.5 1355s
 8642116 1004612 infeasible   61       405.00000  462.22222  14.1%  57.5 1360s
 8671405 999648  416.57400   56   37  405.00000  461.88624  14.0%  57.5 1365s
 8705074 993979 infeasible   55       405.00000  461.50000  14.0%  57.5 1370s
 8736834 988563     cutoff   57       405.00000  461.11765  13.9%  57.5 1375s
 8770256 982436  443.52778   61   73  405.00000  460.71569  13.8%  57.4 1380s
 8803977 976265  420.51852   53   56  405.00000  460.28056  13.6%  57.4 1385s
 8833004 970274  428.85839   53   64  405.00000  459.88889  13.6%  57.4 1390s
 8866775 963609  434.81481   55   94  405.00000  459.40278  13.4%  57.3 1395s
 8900985 956401     cutoff   55       405.00000  458.88562  13.3%  57.3 1400s
 8935894 948913 infeasible   56       405.00000  458.33333  13.2%  57.3 1405s
 8971231 940800 infeasible   57       405.00000  457.73810  13.0%  57.2 1410s
 9006164 932179     cutoff   57       405.00000  457.08126  12.9%  57.2 1415s
 9040414 923829 infeasible   61       405.00000  456.40414  12.7%  57.1 1420s
 9076934 915697     cutoff   58       405.00000  455.69214  12.5%  57.1 1425s
 9104170 909683  425.00000   60   46  405.00000  455.11176  12.4%  57.1 1430s
 9136519 904951     cutoff   60       405.00000  454.72222  12.3%  57.1 1435s
 9167829 899016  450.11438   62   42  405.00000  454.16667  12.1%  57.1 1440s
 9198363 894630  420.84259   59   42  405.00000  453.88889  12.1%  57.1 1445s
 9228512 889332  435.37092   63   40  405.00000  453.51852  12.0%  57.1 1450s
 9260479 883469  449.55556   57   27  405.00000  453.10714  11.9%  57.1 1455s
 9287386 879608  423.00000   58   40  405.00000  452.86257  11.8%  57.2 1460s
 9307051 876870 infeasible   62       405.00000  452.70282  11.8%  57.2 1465s
 9323437 873392 infeasible   67       405.00000  452.52578  11.7%  57.2 1470s
 9353647 867669 infeasible   63       405.00000  452.20261  11.7%  57.2 1475s
 9376550 863596  406.52761   59   37  405.00000  451.98811  11.6%  57.2 1480s
 9403574 858531 infeasible   59       405.00000  451.72803  11.5%  57.3 1485s
 9430998 852613     cutoff   61       405.00000  451.44118  11.5%  57.3 1490s
 9459511 846764     cutoff   60       405.00000  451.16340  11.4%  57.3 1495s
 9484210 841359 infeasible   63       405.00000  450.90757  11.3%  57.3 1500s
 9511073 835025  422.92593   61   30  405.00000  450.58889  11.3%  57.3 1505s
 9539252 828239  422.79252   62   47  405.00000  450.30864  11.2%  57.3 1510s
 9566067 822093  450.00000   59   44  405.00000  450.02778  11.1%  57.3 1515s
 9591995 816214     cutoff   59       405.00000  449.73594  11.0%  57.3 1520s
 9620300 809114 infeasible   63       405.00000  449.43210  11.0%  57.3 1525s
 9649819 801617  416.27737   55   58  405.00000  449.09782  10.9%  57.3 1530s
 9677709 794558  435.20495   58   65  405.00000  448.77778  10.8%  57.3 1535s
 9707050 786462  446.90967   55   48  405.00000  448.43056  10.7%  57.3 1540s
 9735481 778446  438.14444   60   54  405.00000  448.08061  10.6%  57.3 1545s
 9767464 769459  432.49412   53   71  405.00000  447.68083  10.5%  57.3 1550s
 9797638 760888 infeasible   55       405.00000  447.33170  10.5%  57.3 1555s
 9829950 751414  415.55556   57   40  405.00000  446.92048  10.4%  57.2 1560s
 9863849 741160 infeasible   63       405.00000  446.47930  10.2%  57.2 1565s
 9896012 731118  414.04739   59   81  405.00000  446.02885  10.1%  57.2 1570s
 9931669 719562 infeasible   57       405.00000  445.50000  10.0%  57.1 1575s
 9966833 708036 infeasible   54       405.00000  444.92102  9.86%  57.1 1580s
 9994637 697644  406.03704   64   51  405.00000  444.42361  9.73%  57.1 1585s
 10029274 685299  441.83333   55   65  405.00000  443.75231  9.57%  57.0 1590s
 10065366 672149     cutoff   58       405.00000  442.95425  9.37%  57.0 1595s
 10102444 658162 infeasible   57       405.00000  442.01111  9.14%  57.0 1600s
 10137264 645355 infeasible   58       405.00000  441.01634  8.89%  56.9 1605s
 10171834 633415 infeasible   62       405.00000  440.06548  8.66%  56.9 1610s
 10202156 625072 infeasible   60       405.00000  439.47222  8.51%  56.9 1615s
 10233746 616308 infeasible   62       405.00000  438.95062  8.38%  56.9 1620s
 10257863 608909 infeasible   61       405.00000  438.58039  8.29%  57.0 1625s
 10289678 599965     cutoff   60       405.00000  438.00000  8.15%  57.0 1630s
 10313758 592948  419.79630   63   27  405.00000  437.77778  8.09%  57.0 1635s
 10338798 583976 infeasible   61       405.00000  437.36275  7.99%  57.0 1640s
 10367022 575392     cutoff   60       405.00000  437.00000  7.90%  57.1 1645s
 10391097 565904  408.00000   58   46  405.00000  436.71111  7.83%  57.1 1650s
 10418848 554992  421.77778   64   29  405.00000  436.27778  7.72%  57.1 1655s
 10446900 544857     cutoff   59       405.00000  435.92770  7.64%  57.1 1660s
 10471857 535114  418.72222   58   58  405.00000  435.58333  7.55%  57.1 1665s
 10501875 523098     cutoff   64       405.00000  435.14815  7.44%  57.1 1670s
 10529700 512077     cutoff   67       405.00000  434.75381  7.35%  57.1 1675s
 10562971 497459 infeasible   62       405.00000  434.23016  7.22%  57.1 1680s
 10595430 483524     cutoff   61       405.00000  433.66667  7.08%  57.1 1685s
 10629623 467933     cutoff   60       405.00000  433.05556  6.93%  57.1 1690s
 10663984 451632  417.25694   61   56  405.00000  432.36928  6.76%  57.1 1695s
 10690480 438533     cutoff   54       405.00000  431.76852  6.61%  57.0 1700s
 10723753 421853  430.86765   52   62  405.00000  430.91394  6.40%  57.0 1705s
 10755634 405418 infeasible   55       405.00000  429.97413  6.17%  56.9 1710s
 10788229 387960     cutoff   62       405.00000  428.82407  5.88%  56.9 1715s
 10821240 370124  410.26580   57   50  405.00000  427.38235  5.53%  56.9 1720s
 10853863 352434 infeasible   60       405.00000  425.65027  5.10%  56.8 1725s
 10880658 338602 infeasible   59       405.00000  424.46296  4.81%  56.9 1730s
 10907290 324803 infeasible   62       405.00000  423.80000  4.64%  56.9 1735s
 10934906 310253 infeasible   64       405.00000  423.00000  4.44%  56.9 1740s
 10961939 294396 infeasible   63       405.00000  422.58796  4.34%  57.0 1745s
 10990351 278643     cutoff   59       405.00000  421.95833  4.19%  57.0 1750s
 11002080 271889  406.55882   63   38  405.00000  421.83333  4.16%  57.0 1755s
 11022001 259784 infeasible   61       405.00000  421.44444  4.06%  57.0 1760s
 11052717 241273     cutoff   66       405.00000  420.77778  3.90%  57.0 1765s
 11086731 218467     cutoff   60       405.00000  419.97603  3.70%  57.0 1770s
 11124504 191366 infeasible   55       405.00000  418.94444  3.44%  56.9 1775s
 11164150 161343  406.01111   66   36  405.00000  417.56209  3.10%  56.8 1780s
 11209672 125060 infeasible   61       405.00000  415.22222  2.52%  56.7 1785s
 11251566 90299 infeasible   55       405.00000  411.79630  1.68%  56.6 1790s
 11282473 65718 infeasible   60       405.00000  409.00654  0.99%  56.6 1795s
 11308377 46088 infeasible   61       405.00000  408.00000  0.74%  56.6 1800s
 11341856 18034 infeasible   63       405.00000  406.85530  0.46%  56.6 1805s

Cutting planes:
  Inf proof: 2

Explored 11363216 nodes (642903831 simplex iterations) in 1807.14 seconds (3627.30 work units)
Thread count was 16 (of 16 available processors)

Solution count 10: 405 405 405 ... 359

Optimal solution found (tolerance 1.00e-04)
Best objective 4.050000000000e+02, best bound 4.050000000000e+02, gap 0.0000%

Wrote result file '/root/bgw/data/results/2026_03_24_19_11_48_set_vm-3-t3_vm-3-t3_s010_g002_max.sol'

