[2026-03-23T13:49:02.499Z] Pipeline "set_exp_2_exp_2_n032_c005_g002" → 2026_03_23_13_49_02_set_exp_2_exp_2_n032_c005_g002_max.sol
Set parameter WLSAccessID
Set parameter WLSSecret
Set parameter LicenseID to value 2792458
Set parameter LogFile to value "gurobi.log"
Using license file /root/gurobi.lic
Academic license 2792458 - for non-commercial use only - registered to an___@studenti.unipg.it

Gurobi Optimizer version 13.0.1 build v13.0.1rc0 (linux64 - "Ubuntu 24.04.4 LTS")
Copyright (c) 2026, Gurobi Optimization, LLC

Warning: Duplicate section found (read 'binary') - Is a variable name equal to an LP file format keyword?
Warning: Duplicate section found (read 'binary') - Is a variable name equal to an LP file format keyword?
Warning: Duplicate section found (read 'binary') - Is a variable name equal to an LP file format keyword?
Warning: Duplicate section found (read 'binary') - Is a variable name equal to an LP file format keyword?
Warning: Duplicate section found (read 'binary') - Is a variable name equal to an LP file format keyword?
Warning: Duplicate section found (read 'binary') - Is a variable name equal to an LP file format keyword?
Warning: Duplicate section found (read 'binary') - Is a variable name equal to an LP file format keyword?
Warning: Duplicate section found (read 'binary') - Is a variable name equal to an LP file format keyword?
Warning: Duplicate section found (read 'binary') - Is a variable name equal to an LP file format keyword?
Warning: Duplicate section found (read 'binary') - Is a variable name equal to an LP file format keyword?
Warning: Further warnings of this type will be omitted.
Read LP format model from file /root/bgw/data/uploads/2026_03_23_13_49_02_set_exp_2_exp_2_n032_c005_g002_max.lp
Reading time = 0.01 seconds
: 11453 rows, 789 columns, 33796 nonzeros

Using Gurobi shared library /opt/gurobi1301/linux64/lib/libgurobi.so.13.0.1

CPU model: AMD EPYC-Genoa Processor, instruction set [SSE2|AVX|AVX2|AVX512]
Thread count: 16 physical cores, 16 logical processors, using up to 16 threads

Academic license 2792458 - for non-commercial use only - registered to an___@studenti.unipg.it
Optimize a model with 11453 rows, 789 columns and 33796 nonzeros (Max)
Model fingerprint: 0x1784912e
Model has 5 linear objective coefficients
Variable types: 37 continuous, 752 integer (752 binary)
Coefficient statistics:
  Matrix range     [1e+00, 3e+01]
  Objective range  [1e+00, 1e+00]
  Bounds range     [1e+00, 1e+00]
  RHS range        [1e+00, 3e+01]

Found heuristic solution: objective 5.0000000
Presolve removed 1493 rows and 267 columns
Presolve time: 0.04s
Presolved: 9960 rows, 522 columns, 30228 nonzeros
Variable types: 0 continuous, 522 integer (510 binary)
Found heuristic solution: objective 6.0000000

Root relaxation: objective 2.000000e+01, 393 iterations, 0.02 seconds (0.03 work units)

    Nodes    |    Current Node    |     Objective Bounds      |     Work
 Expl Unexpl |  Obj  Depth IntInf | Incumbent    BestBd   Gap | It/Node Time

     0     0   20.00000    0   32    6.00000   20.00000   233%     -    0s
H    0     0                      14.0000000   20.00000  42.9%     -    0s
     0     0   20.00000    0   32   14.00000   20.00000  42.9%     -    0s
     0     0   20.00000    0   30   14.00000   20.00000  42.9%     -    0s
     0     0   20.00000    0   27   14.00000   20.00000  42.9%     -    0s
     0     0   20.00000    0   28   14.00000   20.00000  42.9%     -    0s
     0     0   20.00000    0   28   14.00000   20.00000  42.9%     -    0s
     0     0   20.00000    0   30   14.00000   20.00000  42.9%     -    0s
     0     0   20.00000    0   30   14.00000   20.00000  42.9%     -    0s
     0     0   20.00000    0   39   14.00000   20.00000  42.9%     -    0s
     0     0   20.00000    0   35   14.00000   20.00000  42.9%     -    0s
     0     0   20.00000    0   34   14.00000   20.00000  42.9%     -    0s
     0     0   20.00000    0   39   14.00000   20.00000  42.9%     -    0s
     0     0   20.00000    0   32   14.00000   20.00000  42.9%     -    0s
     0     0   20.00000    0   32   14.00000   20.00000  42.9%     -    0s
     0     0   20.00000    0   34   14.00000   20.00000  42.9%     -    0s
     0     0   20.00000    0   27   14.00000   20.00000  42.9%     -    0s
     0     0   20.00000    0   27   14.00000   20.00000  42.9%     -    0s
     0     0   20.00000    0   27   14.00000   20.00000  42.9%     -    0s
     0     2   20.00000    0   27   14.00000   20.00000  42.9%     -    0s

Cutting planes:
  Gomory: 2
  Cover: 22
  MIR: 8
  StrongCG: 1
  Inf proof: 38
  Zero half: 6

Explored 2546 nodes (345539 simplex iterations) in 3.84 seconds (7.25 work units)
Thread count was 16 (of 16 available processors)

Solution count 3: 14 6 5 

Optimal solution found (tolerance 1.00e-04)
Best objective 1.400000000000e+01, best bound 1.400000000000e+01, gap 0.0000%

Wrote result file '/root/bgw/data/results/2026_03_23_13_49_02_set_exp_2_exp_2_n032_c005_g002_max.sol'

