[2026-03-23T16:25:56.389Z] Pipeline "set_ds_1_ds_1_s006_g004" → 2026_03_23_16_25_56_set_ds_1_ds_1_s006_g004_max.sol
Set parameter WLSAccessID
Set parameter WLSSecret
Set parameter LicenseID to value 2792458
Set parameter LogFile to value "gurobi.log"
Using license file /root/gurobi.lic
Academic license 2792458 - for non-commercial use only - registered to an___@studenti.unipg.it

Gurobi Optimizer version 13.0.1 build v13.0.1rc0 (linux64 - "Ubuntu 24.04.4 LTS")
Copyright (c) 2026, Gurobi Optimization, LLC

Warning: Duplicate section found (read 'binary') - Is a variable name equal to an LP file format keyword?
Warning: Duplicate section found (read 'binary') - Is a variable name equal to an LP file format keyword?
Warning: Duplicate section found (read 'binary') - Is a variable name equal to an LP file format keyword?
Warning: Duplicate section found (read 'binary') - Is a variable name equal to an LP file format keyword?
Warning: Duplicate section found (read 'binary') - Is a variable name equal to an LP file format keyword?
Warning: Duplicate section found (read 'binary') - Is a variable name equal to an LP file format keyword?
Warning: Duplicate section found (read 'binary') - Is a variable name equal to an LP file format keyword?
Warning: Duplicate section found (read 'binary') - Is a variable name equal to an LP file format keyword?
Warning: Duplicate section found (read 'binary') - Is a variable name equal to an LP file format keyword?
Warning: Duplicate section found (read 'binary') - Is a variable name equal to an LP file format keyword?
Warning: Further warnings of this type will be omitted.
Read LP format model from file /root/bgw/data/uploads/2026_03_23_16_25_56_set_ds_1_ds_1_s006_g004_max.lp
Reading time = 0.00 seconds
: 1503 rows, 205 columns, 4421 nonzeros

Using Gurobi shared library /opt/gurobi1301/linux64/lib/libgurobi.so.13.0.1

CPU model: AMD EPYC-Genoa Processor, instruction set [SSE2|AVX|AVX2|AVX512]
Thread count: 16 physical cores, 16 logical processors, using up to 16 threads

Academic license 2792458 - for non-commercial use only - registered to an___@studenti.unipg.it
Optimize a model with 1503 rows, 205 columns and 4421 nonzeros (Max)
Model fingerprint: 0x5f816e1a
Model has 23 linear objective coefficients
Variable types: 39 continuous, 166 integer (166 binary)
Coefficient statistics:
  Matrix range     [1e+00, 2e+01]
  Objective range  [1e+00, 1e+00]
  Bounds range     [1e+00, 1e+00]
  RHS range        [1e+00, 2e+01]

Found heuristic solution: objective 23.0000000
Presolve removed 339 rows and 59 columns
Presolve time: 0.01s
Presolved: 1164 rows, 146 columns, 3596 nonzeros
Variable types: 0 continuous, 146 integer (138 binary)
Found heuristic solution: objective 41.0000000

Root relaxation: objective 1.170000e+02, 136 iterations, 0.01 seconds (0.00 work units)

    Nodes    |    Current Node    |     Objective Bounds      |     Work
 Expl Unexpl |  Obj  Depth IntInf | Incumbent    BestBd   Gap | It/Node Time

     0     0  117.00000    0   34   41.00000  117.00000   185%     -    0s
H    0     0                      58.0000000  117.00000   102%     -    0s
H    0     0                      61.0000000  117.00000  91.8%     -    0s
     0     0  117.00000    0   34   61.00000  117.00000  91.8%     -    0s
     0     0  117.00000    0   26   61.00000  117.00000  91.8%     -    0s
     0     0  117.00000    0   25   61.00000  117.00000  91.8%     -    0s
     0     0  117.00000    0   25   61.00000  117.00000  91.8%     -    0s
H    0     0                      62.0000000  117.00000  88.7%     -    0s
     0     0  117.00000    0   27   62.00000  117.00000  88.7%     -    0s
     0     0  117.00000    0   27   62.00000  117.00000  88.7%     -    0s
     0     0  117.00000    0   34   62.00000  117.00000  88.7%     -    0s
     0     0  117.00000    0   31   62.00000  117.00000  88.7%     -    0s
     0     0  114.00000    0   33   62.00000  114.00000  83.9%     -    0s
     0     0  114.00000    0   33   62.00000  114.00000  83.9%     -    0s
     0     0  114.00000    0   27   62.00000  114.00000  83.9%     -    0s
     0     0  113.00000    0   32   62.00000  113.00000  82.3%     -    0s
     0     0  113.00000    0   32   62.00000  113.00000  82.3%     -    0s
     0     0  112.73214    0   34   62.00000  112.73214  81.8%     -    0s
     0     0  112.73214    0   33   62.00000  112.73214  81.8%     -    0s
     0     0  112.73214    0   33   62.00000  112.73214  81.8%     -    0s
     0     0  112.73214    0   33   62.00000  112.73214  81.8%     -    0s
     0     2  112.73214    0   31   62.00000  112.73214  81.8%     -    0s

Cutting planes:
  Cover: 46
  StrongCG: 1
  Inf proof: 108

Explored 12710 nodes (660260 simplex iterations) in 2.50 seconds (2.85 work units)
Thread count was 16 (of 16 available processors)

Solution count 5: 62 61 58 ... 23

Optimal solution found (tolerance 1.00e-04)
Best objective 6.200000000000e+01, best bound 6.200000000000e+01, gap 0.0000%

Wrote result file '/root/bgw/data/results/2026_03_23_16_25_56_set_ds_1_ds_1_s006_g004_max.sol'

