[2026-03-24T13:54:53.024Z] Pipeline "set_vm-4-t1_vm-4-t1_s000_g001" → 2026_03_24_13_54_52_set_vm-4-t1_vm-4-t1_s000_g001_max.sol
Set parameter Username
Set parameter LicenseID to value 2797659
Set parameter LogFile to value "gurobi.log"
Using license file /opt/gurobi/gurobi.lic
Academic license - for non-commercial use only - expires 2027-03-24

Gurobi Optimizer version 13.0.1 build v13.0.1rc0 (linux64 - "Ubuntu 24.04.4 LTS")
Copyright (c) 2026, Gurobi Optimization, LLC

Warning: Duplicate section found (read 'binary') - Is a variable name equal to an LP file format keyword?
Warning: Duplicate section found (read 'binary') - Is a variable name equal to an LP file format keyword?
Warning: Duplicate section found (read 'binary') - Is a variable name equal to an LP file format keyword?
Warning: Duplicate section found (read 'binary') - Is a variable name equal to an LP file format keyword?
Warning: Duplicate section found (read 'binary') - Is a variable name equal to an LP file format keyword?
Warning: Duplicate section found (read 'binary') - Is a variable name equal to an LP file format keyword?
Warning: Duplicate section found (read 'binary') - Is a variable name equal to an LP file format keyword?
Warning: Duplicate section found (read 'binary') - Is a variable name equal to an LP file format keyword?
Warning: Duplicate section found (read 'binary') - Is a variable name equal to an LP file format keyword?
Warning: Duplicate section found (read 'binary') - Is a variable name equal to an LP file format keyword?
Warning: Further warnings of this type will be omitted.
Read LP format model from file /root/bgw/data/uploads/2026_03_24_13_54_52_set_vm-4-t1_vm-4-t1_s000_g001_max.lp
Reading time = 0.01 seconds
: 8479 rows, 540 columns, 25974 nonzeros

Using Gurobi shared library /opt/gurobi1301/linux64/lib/libgurobi.so.13.0.1

CPU model: AMD EPYC-Genoa Processor, instruction set [SSE2|AVX|AVX2|AVX512]
Thread count: 16 physical cores, 16 logical processors, using up to 16 threads

Optimize a model with 8479 rows, 540 columns and 25974 nonzeros (Max)
Model fingerprint: 0xa2266c06
Model has 17 linear objective coefficients
Variable types: 47 continuous, 493 integer (493 binary)
Coefficient statistics:
  Matrix range     [1e+00, 3e+01]
  Objective range  [1e+00, 1e+00]
  Bounds range     [1e+00, 1e+00]
  RHS range        [1e+00, 3e+01]

Found heuristic solution: objective 17.0000000
Presolve removed 326 rows and 85 columns
Presolve time: 0.04s
Presolved: 8153 rows, 455 columns, 24648 nonzeros
Variable types: 0 continuous, 455 integer (448 binary)

Root relaxation: objective 9.000000e+01, 162 iterations, 0.01 seconds (0.02 work units)

    Nodes    |    Current Node    |     Objective Bounds      |     Work
 Expl Unexpl |  Obj  Depth IntInf | Incumbent    BestBd   Gap | It/Node Time

     0     0   90.00000    0   24   17.00000   90.00000   429%     -    0s
H    0     0                      46.0000000   90.00000  95.7%     -    0s
H    0     0                      47.0000000   90.00000  91.5%     -    0s
     0     0   90.00000    0   41   47.00000   90.00000  91.5%     -    0s
     0     0   90.00000    0   41   47.00000   90.00000  91.5%     -    0s
     0     0   90.00000    0   24   47.00000   90.00000  91.5%     -    0s
     0     0   90.00000    0   18   47.00000   90.00000  91.5%     -    0s
     0     0   90.00000    0   18   47.00000   90.00000  91.5%     -    0s
     0     0   90.00000    0   25   47.00000   90.00000  91.5%     -    0s
     0     0   90.00000    0   25   47.00000   90.00000  91.5%     -    0s
     0     0   90.00000    0   25   47.00000   90.00000  91.5%     -    0s
     0     0   90.00000    0   25   47.00000   90.00000  91.5%     -    0s
     0     0   90.00000    0   24   47.00000   90.00000  91.5%     -    0s
     0     0   90.00000    0   27   47.00000   90.00000  91.5%     -    0s
     0     0   90.00000    0   27   47.00000   90.00000  91.5%     -    0s
     0     0   90.00000    0   25   47.00000   90.00000  91.5%     -    0s
     0     0   90.00000    0   26   47.00000   90.00000  91.5%     -    0s
     0     0   90.00000    0   24   47.00000   90.00000  91.5%     -    0s
     0     0   89.00000    0   24   47.00000   89.00000  89.4%     -    0s
     0     0   89.00000    0   24   47.00000   89.00000  89.4%     -    0s
     0     2   89.00000    0   24   47.00000   89.00000  89.4%     -    0s
  4148   175 infeasible   13        47.00000   60.96429  29.7%   163    5s

Cutting planes:
  Gomory: 5
  Cover: 26
  MIR: 7
  StrongCG: 3
  Inf proof: 72
  Zero half: 3

Explored 4730 nodes (801684 simplex iterations) in 5.62 seconds (12.21 work units)
Thread count was 16 (of 16 available processors)

Solution count 3: 47 46 17 

Optimal solution found (tolerance 1.00e-04)
Best objective 4.700000000000e+01, best bound 4.700000000000e+01, gap 0.0000%

Wrote result file '/root/bgw/data/results/2026_03_24_13_54_52_set_vm-4-t1_vm-4-t1_s000_g001_max.sol'

