[2026-03-23T13:36:47.698Z] Pipeline "set_exp_2_exp_2_n023_c003_g003" → 2026_03_23_13_36_47_set_exp_2_exp_2_n023_c003_g003_max.sol
Set parameter WLSAccessID
Set parameter WLSSecret
Set parameter LicenseID to value 2792458
Set parameter LogFile to value "gurobi.log"
Using license file /root/gurobi.lic
Academic license 2792458 - for non-commercial use only - registered to an___@studenti.unipg.it

Gurobi Optimizer version 13.0.1 build v13.0.1rc0 (linux64 - "Ubuntu 24.04.4 LTS")
Copyright (c) 2026, Gurobi Optimization, LLC

Warning: Duplicate section found (read 'binary') - Is a variable name equal to an LP file format keyword?
Warning: Duplicate section found (read 'binary') - Is a variable name equal to an LP file format keyword?
Warning: Duplicate section found (read 'binary') - Is a variable name equal to an LP file format keyword?
Warning: Duplicate section found (read 'binary') - Is a variable name equal to an LP file format keyword?
Warning: Duplicate section found (read 'binary') - Is a variable name equal to an LP file format keyword?
Warning: Duplicate section found (read 'binary') - Is a variable name equal to an LP file format keyword?
Warning: Duplicate section found (read 'binary') - Is a variable name equal to an LP file format keyword?
Warning: Duplicate section found (read 'binary') - Is a variable name equal to an LP file format keyword?
Warning: Duplicate section found (read 'binary') - Is a variable name equal to an LP file format keyword?
Warning: Duplicate section found (read 'binary') - Is a variable name equal to an LP file format keyword?
Warning: Further warnings of this type will be omitted.
Read LP format model from file /root/bgw/data/uploads/2026_03_23_13_36_47_set_exp_2_exp_2_n023_c003_g003_max.lp
Reading time = 0.01 seconds
: 3924 rows, 360 columns, 11879 nonzeros

Using Gurobi shared library /opt/gurobi1301/linux64/lib/libgurobi.so.13.0.1

CPU model: AMD EPYC-Genoa Processor, instruction set [SSE2|AVX|AVX2|AVX512]
Thread count: 16 physical cores, 16 logical processors, using up to 16 threads

Academic license 2792458 - for non-commercial use only - registered to an___@studenti.unipg.it
Optimize a model with 3924 rows, 360 columns and 11879 nonzeros (Max)
Model fingerprint: 0x34eeca3d
Model has 3 linear objective coefficients
Variable types: 26 continuous, 334 integer (334 binary)
Coefficient statistics:
  Matrix range     [1e+00, 2e+01]
  Objective range  [1e+00, 1e+00]
  Bounds range     [1e+00, 1e+00]
  RHS range        [1e+00, 3e+01]

Found heuristic solution: objective 3.0000000
Presolve removed 360 rows and 93 columns
Presolve time: 0.02s
Presolved: 3564 rows, 267 columns, 10812 nonzeros
Variable types: 0 continuous, 267 integer (261 binary)
Found heuristic solution: objective 5.0000000

Root relaxation: objective 1.200000e+01, 139 iterations, 0.01 seconds (0.01 work units)

    Nodes    |    Current Node    |     Objective Bounds      |     Work
 Expl Unexpl |  Obj  Depth IntInf | Incumbent    BestBd   Gap | It/Node Time

     0     0   12.00000    0   15    5.00000   12.00000   140%     -    0s
H    0     0                       7.0000000   12.00000  71.4%     -    0s
H    0     0                       9.0000000   12.00000  33.3%     -    0s
     0     0   12.00000    0   11    9.00000   12.00000  33.3%     -    0s
     0     0   12.00000    0   17    9.00000   12.00000  33.3%     -    0s
     0     0   12.00000    0   15    9.00000   12.00000  33.3%     -    0s
     0     0   12.00000    0    9    9.00000   12.00000  33.3%     -    0s
     0     0   12.00000    0   18    9.00000   12.00000  33.3%     -    0s
     0     0   12.00000    0   18    9.00000   12.00000  33.3%     -    0s
     0     0   12.00000    0   18    9.00000   12.00000  33.3%     -    0s
     0     0   12.00000    0   18    9.00000   12.00000  33.3%     -    0s
     0     0   12.00000    0   18    9.00000   12.00000  33.3%     -    0s
     0     0   11.00000    0   18    9.00000   11.00000  22.2%     -    0s
     0     0   11.00000    0   18    9.00000   11.00000  22.2%     -    0s
     0     0   11.00000    0    9    9.00000   11.00000  22.2%     -    0s
     0     0   10.95238    0   16    9.00000   10.95238  21.7%     -    0s
     0     0   10.95238    0   15    9.00000   10.95238  21.7%     -    0s
     0     0   10.80952    0   19    9.00000   10.80952  20.1%     -    0s
     0     0   10.80952    0   15    9.00000   10.80952  20.1%     -    0s
     0     0   10.00000    0   15    9.00000   10.00000  11.1%     -    0s
     0     0   10.00000    0   15    9.00000   10.00000  11.1%     -    0s
     0     2   10.00000    0   15    9.00000   10.00000  11.1%     -    0s

Cutting planes:
  Inf proof: 2

Explored 126 nodes (9238 simplex iterations) in 0.44 seconds (0.40 work units)
Thread count was 16 (of 16 available processors)

Solution count 4: 9 7 5 3 

Optimal solution found (tolerance 1.00e-04)
Best objective 9.000000000000e+00, best bound 9.000000000000e+00, gap 0.0000%

Wrote result file '/root/bgw/data/results/2026_03_23_13_36_47_set_exp_2_exp_2_n023_c003_g003_max.sol'

