[2026-03-24T00:43:50.039Z] Pipeline "set_prova_set_prova_set_s005_g003" → 2026_03_24_00_43_49_set_prova_set_prova_set_s005_g003_max.sol
Set parameter WLSAccessID
Set parameter WLSSecret
Set parameter LicenseID to value 2792458
Set parameter LogFile to value "gurobi.log"
Using license file /root/gurobi.lic
Academic license 2792458 - for non-commercial use only - registered to an___@studenti.unipg.it

Gurobi Optimizer version 13.0.1 build v13.0.1rc0 (linux64 - "Ubuntu 24.04.4 LTS")
Copyright (c) 2026, Gurobi Optimization, LLC

Warning: Duplicate section found (read 'binary') - Is a variable name equal to an LP file format keyword?
Warning: Duplicate section found (read 'binary') - Is a variable name equal to an LP file format keyword?
Warning: Duplicate section found (read 'binary') - Is a variable name equal to an LP file format keyword?
Warning: Duplicate section found (read 'binary') - Is a variable name equal to an LP file format keyword?
Warning: Duplicate section found (read 'binary') - Is a variable name equal to an LP file format keyword?
Warning: Duplicate section found (read 'binary') - Is a variable name equal to an LP file format keyword?
Warning: Duplicate section found (read 'binary') - Is a variable name equal to an LP file format keyword?
Warning: Duplicate section found (read 'binary') - Is a variable name equal to an LP file format keyword?
Warning: Duplicate section found (read 'binary') - Is a variable name equal to an LP file format keyword?
Warning: Duplicate section found (read 'binary') - Is a variable name equal to an LP file format keyword?
Warning: Further warnings of this type will be omitted.
Read LP format model from file /root/bgw/data/uploads/2026_03_24_00_43_49_set_prova_set_prova_set_s005_g003_max.lp
Reading time = 0.00 seconds
: 2284 rows, 261 columns, 6857 nonzeros

Using Gurobi shared library /opt/gurobi1301/linux64/lib/libgurobi.so.13.0.1

CPU model: AMD EPYC-Genoa Processor, instruction set [SSE2|AVX|AVX2|AVX512]
Thread count: 16 physical cores, 16 logical processors, using up to 16 threads

Academic license 2792458 - for non-commercial use only - registered to an___@studenti.unipg.it
Optimize a model with 2284 rows, 261 columns and 6857 nonzeros (Max)
Model fingerprint: 0x9d165d11
Model has 11 linear objective coefficients
Variable types: 30 continuous, 231 integer (231 binary)
Coefficient statistics:
  Matrix range     [1e+00, 2e+01]
  Objective range  [1e+00, 1e+00]
  Bounds range     [1e+00, 1e+00]
  RHS range        [1e+00, 2e+01]

Found heuristic solution: objective 11.0000000
Presolve removed 310 rows and 68 columns
Presolve time: 0.01s
Presolved: 1974 rows, 193 columns, 6050 nonzeros
Variable types: 0 continuous, 193 integer (185 binary)
Found heuristic solution: objective 21.0000000

Root relaxation: objective 5.000000e+01, 200 iterations, 0.01 seconds (0.01 work units)

    Nodes    |    Current Node    |     Objective Bounds      |     Work
 Expl Unexpl |  Obj  Depth IntInf | Incumbent    BestBd   Gap | It/Node Time

     0     0   50.00000    0   29   21.00000   50.00000   138%     -    0s
H    0     0                      23.0000000   50.00000   117%     -    0s
H    0     0                      25.0000000   50.00000   100%     -    0s
H    0     0                      28.0000000   50.00000  78.6%     -    0s
H    0     0                      31.0000000   50.00000  61.3%     -    0s
     0     0   50.00000    0   38   31.00000   50.00000  61.3%     -    0s
     0     0   50.00000    0   39   31.00000   50.00000  61.3%     -    0s
     0     0   50.00000    0   39   31.00000   50.00000  61.3%     -    0s
     0     0   50.00000    0   39   31.00000   50.00000  61.3%     -    0s
     0     0   50.00000    0   21   31.00000   50.00000  61.3%     -    0s
     0     0   49.00000    0   32   31.00000   49.00000  58.1%     -    0s
     0     0   49.00000    0   29   31.00000   49.00000  58.1%     -    0s
     0     0   48.00000    0   32   31.00000   48.00000  54.8%     -    0s
     0     0   48.00000    0   20   31.00000   48.00000  54.8%     -    0s
     0     0   47.00000    0   30   31.00000   47.00000  51.6%     -    0s
     0     0   47.00000    0   21   31.00000   47.00000  51.6%     -    0s
     0     0   47.00000    0   29   31.00000   47.00000  51.6%     -    0s
     0     0   47.00000    0   21   31.00000   47.00000  51.6%     -    0s
     0     0   47.00000    0   21   31.00000   47.00000  51.6%     -    0s
     0     0   46.82353    0   21   31.00000   46.82353  51.0%     -    0s
     0     0   46.82353    0   20   31.00000   46.82353  51.0%     -    0s
     0     2   46.82353    0   20   31.00000   46.82353  51.0%     -    0s

Cutting planes:
  Cover: 37
  Inf proof: 56

Explored 6190 nodes (446121 simplex iterations) in 2.12 seconds (2.96 work units)
Thread count was 16 (of 16 available processors)

Solution count 6: 31 28 25 ... 11

Optimal solution found (tolerance 1.00e-04)
Best objective 3.100000000000e+01, best bound 3.100000000000e+01, gap 0.0000%

Wrote result file '/root/bgw/data/results/2026_03_24_00_43_49_set_prova_set_prova_set_s005_g003_max.sol'

