[2026-03-23T13:40:40.941Z] Pipeline "set_exp_2_exp_2_n026_c008_g003" → 2026_03_23_13_40_40_set_exp_2_exp_2_n026_c008_g003_max.sol
Set parameter WLSAccessID
Set parameter WLSSecret
Set parameter LicenseID to value 2792458
Set parameter LogFile to value "gurobi.log"
Using license file /root/gurobi.lic
Academic license 2792458 - for non-commercial use only - registered to an___@studenti.unipg.it

Gurobi Optimizer version 13.0.1 build v13.0.1rc0 (linux64 - "Ubuntu 24.04.4 LTS")
Copyright (c) 2026, Gurobi Optimization, LLC

Warning: Duplicate section found (read 'binary') - Is a variable name equal to an LP file format keyword?
Warning: Duplicate section found (read 'binary') - Is a variable name equal to an LP file format keyword?
Warning: Duplicate section found (read 'binary') - Is a variable name equal to an LP file format keyword?
Warning: Duplicate section found (read 'binary') - Is a variable name equal to an LP file format keyword?
Warning: Duplicate section found (read 'binary') - Is a variable name equal to an LP file format keyword?
Warning: Duplicate section found (read 'binary') - Is a variable name equal to an LP file format keyword?
Warning: Duplicate section found (read 'binary') - Is a variable name equal to an LP file format keyword?
Warning: Duplicate section found (read 'binary') - Is a variable name equal to an LP file format keyword?
Warning: Duplicate section found (read 'binary') - Is a variable name equal to an LP file format keyword?
Warning: Duplicate section found (read 'binary') - Is a variable name equal to an LP file format keyword?
Warning: Further warnings of this type will be omitted.
Read LP format model from file /root/bgw/data/uploads/2026_03_23_13_40_40_set_exp_2_exp_2_n026_c008_g003_max.lp
Reading time = 0.01 seconds
: 6286 rows, 538 columns, 18423 nonzeros

Using Gurobi shared library /opt/gurobi1301/linux64/lib/libgurobi.so.13.0.1

CPU model: AMD EPYC-Genoa Processor, instruction set [SSE2|AVX|AVX2|AVX512]
Thread count: 16 physical cores, 16 logical processors, using up to 16 threads

Academic license 2792458 - for non-commercial use only - registered to an___@studenti.unipg.it
Optimize a model with 6286 rows, 538 columns and 18423 nonzeros (Max)
Model fingerprint: 0x15464021
Model has 12 linear objective coefficients
Variable types: 38 continuous, 500 integer (500 binary)
Coefficient statistics:
  Matrix range     [1e+00, 3e+01]
  Objective range  [1e+00, 1e+00]
  Bounds range     [1e+00, 1e+00]
  RHS range        [1e+00, 3e+01]

Found heuristic solution: objective 12.0000000
Presolve removed 1029 rows and 178 columns
Presolve time: 0.02s
Presolved: 5257 rows, 360 columns, 16070 nonzeros
Variable types: 0 continuous, 360 integer (347 binary)
Found heuristic solution: objective 16.0000000

Root relaxation: objective 5.100000e+01, 627 iterations, 0.04 seconds (0.06 work units)

    Nodes    |    Current Node    |     Objective Bounds      |     Work
 Expl Unexpl |  Obj  Depth IntInf | Incumbent    BestBd   Gap | It/Node Time

     0     0   51.00000    0   89   16.00000   51.00000   219%     -    0s
H    0     0                      20.0000000   51.00000   155%     -    0s
H    0     0                      21.0000000   51.00000   143%     -    0s
H    0     0                      24.0000000   51.00000   112%     -    0s
H    0     0                      25.0000000   51.00000   104%     -    0s
     0     0   51.00000    0   88   25.00000   51.00000   104%     -    0s
H    0     0                      26.0000000   51.00000  96.2%     -    0s
H    0     0                      27.0000000   51.00000  88.9%     -    0s
     0     0   51.00000    0   84   27.00000   51.00000  88.9%     -    0s
     0     0   51.00000    0   79   27.00000   51.00000  88.9%     -    0s
H    0     0                      28.0000000   51.00000  82.1%     -    0s
     0     0   51.00000    0   81   28.00000   51.00000  82.1%     -    0s
     0     0   51.00000    0   73   28.00000   51.00000  82.1%     -    0s
H    0     0                      29.0000000   51.00000  75.9%     -    0s
     0     0   51.00000    0   87   29.00000   51.00000  75.9%     -    0s
     0     0   51.00000    0   80   29.00000   51.00000  75.9%     -    0s
H    0     0                      30.0000000   51.00000  70.0%     -    0s
     0     0   51.00000    0   83   30.00000   51.00000  70.0%     -    0s
     0     0   51.00000    0   78   30.00000   51.00000  70.0%     -    0s
H    0     0                      31.0000000   51.00000  64.5%     -    0s
     0     0   51.00000    0   84   31.00000   51.00000  64.5%     -    0s
     0     0   51.00000    0   84   31.00000   51.00000  64.5%     -    0s
     0     0   51.00000    0   81   31.00000   51.00000  64.5%     -    0s
     0     0   51.00000    0   83   31.00000   51.00000  64.5%     -    0s
     0     0   51.00000    0   83   31.00000   51.00000  64.5%     -    0s
     0     0   51.00000    0   83   31.00000   51.00000  64.5%     -    0s
     0     0   51.00000    0   83   31.00000   51.00000  64.5%     -    0s
     0     2   51.00000    0   73   31.00000   51.00000  64.5%     -    1s
  2274  1100   46.60323    8  149   31.00000   50.47279  62.8%   197    5s
  4545  1684   41.81265   22   85   31.00000   48.70833  57.1%   213   10s
H 7249  1360                      32.0000000   44.50694  39.1%   192   13s
  8863  1144   33.00000   28  123   32.00000   43.44444  35.8%   184   15s
 14690  1191 infeasible   28        32.00000   38.75000  21.1%   176   20s

Cutting planes:
  Cover: 1
  Inf proof: 5

Explored 19552 nodes (3418866 simplex iterations) in 24.79 seconds (50.57 work units)
Thread count was 16 (of 16 available processors)

Solution count 10: 32 31 31 ... 26

Optimal solution found (tolerance 1.00e-04)
Best objective 3.200000000000e+01, best bound 3.200000000000e+01, gap 0.0000%

Wrote result file '/root/bgw/data/results/2026_03_23_13_40_40_set_exp_2_exp_2_n026_c008_g003_max.sol'

