[2026-03-23T13:41:53.839Z] Pipeline "set_exp_2_exp_2_n029_c004_g001" → 2026_03_23_13_41_53_set_exp_2_exp_2_n029_c004_g001_max.sol
Set parameter WLSAccessID
Set parameter WLSSecret
Set parameter LicenseID to value 2792458
Set parameter LogFile to value "gurobi.log"
Using license file /root/gurobi.lic
Academic license 2792458 - for non-commercial use only - registered to an___@studenti.unipg.it

Gurobi Optimizer version 13.0.1 build v13.0.1rc0 (linux64 - "Ubuntu 24.04.4 LTS")
Copyright (c) 2026, Gurobi Optimization, LLC

Warning: Duplicate section found (read 'binary') - Is a variable name equal to an LP file format keyword?
Warning: Duplicate section found (read 'binary') - Is a variable name equal to an LP file format keyword?
Warning: Duplicate section found (read 'binary') - Is a variable name equal to an LP file format keyword?
Warning: Duplicate section found (read 'binary') - Is a variable name equal to an LP file format keyword?
Warning: Duplicate section found (read 'binary') - Is a variable name equal to an LP file format keyword?
Warning: Duplicate section found (read 'binary') - Is a variable name equal to an LP file format keyword?
Warning: Duplicate section found (read 'binary') - Is a variable name equal to an LP file format keyword?
Warning: Duplicate section found (read 'binary') - Is a variable name equal to an LP file format keyword?
Warning: Duplicate section found (read 'binary') - Is a variable name equal to an LP file format keyword?
Warning: Duplicate section found (read 'binary') - Is a variable name equal to an LP file format keyword?
Warning: Further warnings of this type will be omitted.
Read LP format model from file /root/bgw/data/uploads/2026_03_23_13_41_53_set_exp_2_exp_2_n029_c004_g001_max.lp
Reading time = 0.02 seconds
: 7969 rows, 580 columns, 24037 nonzeros

Using Gurobi shared library /opt/gurobi1301/linux64/lib/libgurobi.so.13.0.1

CPU model: AMD EPYC-Genoa Processor, instruction set [SSE2|AVX|AVX2|AVX512]
Thread count: 16 physical cores, 16 logical processors, using up to 16 threads

Academic license 2792458 - for non-commercial use only - registered to an___@studenti.unipg.it
Optimize a model with 7969 rows, 580 columns and 24037 nonzeros (Max)
Model fingerprint: 0x2495f3ed
Model has 4 linear objective coefficients
Variable types: 33 continuous, 547 integer (547 binary)
Coefficient statistics:
  Matrix range     [1e+00, 3e+01]
  Objective range  [1e+00, 1e+00]
  Bounds range     [1e+00, 1e+00]
  RHS range        [1e+00, 3e+01]

Found heuristic solution: objective 4.0000000
Presolve removed 631 rows and 155 columns
Presolve time: 0.04s
Presolved: 7338 rows, 425 columns, 22222 nonzeros
Variable types: 0 continuous, 425 integer (417 binary)
Found heuristic solution: objective 5.0000000

Root relaxation: objective 1.600000e+01, 255 iterations, 0.02 seconds (0.02 work units)

    Nodes    |    Current Node    |     Objective Bounds      |     Work
 Expl Unexpl |  Obj  Depth IntInf | Incumbent    BestBd   Gap | It/Node Time

     0     0   16.00000    0   39    5.00000   16.00000   220%     -    0s
H    0     0                       9.0000000   16.00000  77.8%     -    0s
H    0     0                      10.0000000   16.00000  60.0%     -    0s
H    0     0                      11.0000000   16.00000  45.5%     -    0s
     0     0   16.00000    0   42   11.00000   16.00000  45.5%     -    0s
     0     0   16.00000    0   38   11.00000   16.00000  45.5%     -    0s
     0     0   16.00000    0   29   11.00000   16.00000  45.5%     -    0s
     0     0   16.00000    0   36   11.00000   16.00000  45.5%     -    0s
     0     0   16.00000    0   21   11.00000   16.00000  45.5%     -    0s
     0     0   16.00000    0   31   11.00000   16.00000  45.5%     -    0s
     0     0   16.00000    0   31   11.00000   16.00000  45.5%     -    0s
     0     0   16.00000    0   28   11.00000   16.00000  45.5%     -    0s
     0     0   16.00000    0   29   11.00000   16.00000  45.5%     -    0s
     0     0   16.00000    0   46   11.00000   16.00000  45.5%     -    0s
     0     0   16.00000    0   21   11.00000   16.00000  45.5%     -    0s
     0     0   16.00000    0   34   11.00000   16.00000  45.5%     -    0s
     0     0   16.00000    0   34   11.00000   16.00000  45.5%     -    0s
     0     0   16.00000    0   35   11.00000   16.00000  45.5%     -    0s
     0     0   16.00000    0   24   11.00000   16.00000  45.5%     -    0s
     0     0   16.00000    0   29   11.00000   16.00000  45.5%     -    0s
     0     0   16.00000    0   29   11.00000   16.00000  45.5%     -    0s
     0     0   16.00000    0   29   11.00000   16.00000  45.5%     -    0s
     0     0   16.00000    0   20   11.00000   16.00000  45.5%     -    1s
     0     2   16.00000    0   20   11.00000   16.00000  45.5%     -    1s

Cutting planes:
  Cover: 15
  MIR: 8
  Inf proof: 16

Explored 1358 nodes (233911 simplex iterations) in 4.02 seconds (5.22 work units)
Thread count was 16 (of 16 available processors)

Solution count 5: 11 10 9 ... 4

Optimal solution found (tolerance 1.00e-04)
Best objective 1.100000000000e+01, best bound 1.100000000000e+01, gap 0.0000%

Wrote result file '/root/bgw/data/results/2026_03_23_13_41_53_set_exp_2_exp_2_n029_c004_g001_max.sol'

