[2026-03-23T13:36:41.011Z] Pipeline "set_exp_2_exp_2_n023_c001_g002" → 2026_03_23_13_36_40_set_exp_2_exp_2_n023_c001_g002_max.sol
Set parameter WLSAccessID
Set parameter WLSSecret
Set parameter LicenseID to value 2792458
Set parameter LogFile to value "gurobi.log"
Using license file /root/gurobi.lic
Academic license 2792458 - for non-commercial use only - registered to an___@studenti.unipg.it

Gurobi Optimizer version 13.0.1 build v13.0.1rc0 (linux64 - "Ubuntu 24.04.4 LTS")
Copyright (c) 2026, Gurobi Optimization, LLC

Warning: Duplicate section found (read 'binary') - Is a variable name equal to an LP file format keyword?
Warning: Duplicate section found (read 'binary') - Is a variable name equal to an LP file format keyword?
Warning: Duplicate section found (read 'binary') - Is a variable name equal to an LP file format keyword?
Warning: Duplicate section found (read 'binary') - Is a variable name equal to an LP file format keyword?
Warning: Duplicate section found (read 'binary') - Is a variable name equal to an LP file format keyword?
Warning: Duplicate section found (read 'binary') - Is a variable name equal to an LP file format keyword?
Warning: Duplicate section found (read 'binary') - Is a variable name equal to an LP file format keyword?
Warning: Duplicate section found (read 'binary') - Is a variable name equal to an LP file format keyword?
Warning: Duplicate section found (read 'binary') - Is a variable name equal to an LP file format keyword?
Warning: Duplicate section found (read 'binary') - Is a variable name equal to an LP file format keyword?
Warning: Further warnings of this type will be omitted.
Read LP format model from file /root/bgw/data/uploads/2026_03_23_13_36_40_set_exp_2_exp_2_n023_c001_g002_max.lp
Reading time = 0.00 seconds
: 4134 rows, 382 columns, 12306 nonzeros

Using Gurobi shared library /opt/gurobi1301/linux64/lib/libgurobi.so.13.0.1

CPU model: AMD EPYC-Genoa Processor, instruction set [SSE2|AVX|AVX2|AVX512]
Thread count: 16 physical cores, 16 logical processors, using up to 16 threads

Academic license 2792458 - for non-commercial use only - registered to an___@studenti.unipg.it
Optimize a model with 4134 rows, 382 columns and 12306 nonzeros (Max)
Model fingerprint: 0xd0b2f801
Model has 5 linear objective coefficients
Variable types: 28 continuous, 354 integer (354 binary)
Coefficient statistics:
  Matrix range     [1e+00, 2e+01]
  Objective range  [1e+00, 1e+00]
  Bounds range     [1e+00, 1e+00]
  RHS range        [1e+00, 3e+01]

Found heuristic solution: objective 5.0000000
Presolve removed 576 rows and 119 columns
Presolve time: 0.01s
Presolved: 3558 rows, 263 columns, 10754 nonzeros
Variable types: 0 continuous, 263 integer (259 binary)

Root relaxation: objective 2.300000e+01, 77 iterations, 0.01 seconds (0.01 work units)

    Nodes    |    Current Node    |     Objective Bounds      |     Work
 Expl Unexpl |  Obj  Depth IntInf | Incumbent    BestBd   Gap | It/Node Time

     0     0   23.00000    0   10    5.00000   23.00000   360%     -    0s
H    0     0                      14.0000000   23.00000  64.3%     -    0s
     0     0   23.00000    0   12   14.00000   23.00000  64.3%     -    0s
     0     0   22.85714    0    4   14.00000   22.85714  63.3%     -    0s
     0     0   20.00000    0   16   14.00000   20.00000  42.9%     -    0s
     0     0   20.00000    0   16   14.00000   20.00000  42.9%     -    0s
     0     0   20.00000    0   14   14.00000   20.00000  42.9%     -    0s
     0     0   20.00000    0    5   14.00000   20.00000  42.9%     -    0s
     0     0   20.00000    0    9   14.00000   20.00000  42.9%     -    0s
     0     0   20.00000    0    4   14.00000   20.00000  42.9%     -    0s
     0     0   19.71429    0    9   14.00000   19.71429  40.8%     -    0s
     0     0   19.71429    0    9   14.00000   19.71429  40.8%     -    0s
     0     2   19.71429    0    9   14.00000   19.71429  40.8%     -    0s

Cutting planes:
  Gomory: 1
  Lift-and-project: 1
  MIR: 4
  Zero half: 1
  Mod-K: 5

Explored 45 nodes (2254 simplex iterations) in 0.27 seconds (0.21 work units)
Thread count was 16 (of 16 available processors)

Solution count 2: 14 5 

Optimal solution found (tolerance 1.00e-04)
Best objective 1.400000000000e+01, best bound 1.400000000000e+01, gap 0.0000%

Wrote result file '/root/bgw/data/results/2026_03_23_13_36_40_set_exp_2_exp_2_n023_c001_g002_max.sol'

