[2026-03-23T14:14:12.997Z] Pipeline "set_exp_2_exp_2_n035_c008_g002" → 2026_03_23_14_14_12_set_exp_2_exp_2_n035_c008_g002_max.sol
Set parameter WLSAccessID
Set parameter WLSSecret
Set parameter LicenseID to value 2792458
Set parameter LogFile to value "gurobi.log"
Using license file /root/gurobi.lic
Academic license 2792458 - for non-commercial use only - registered to an___@studenti.unipg.it

Gurobi Optimizer version 13.0.1 build v13.0.1rc0 (linux64 - "Ubuntu 24.04.4 LTS")
Copyright (c) 2026, Gurobi Optimization, LLC

Warning: Duplicate section found (read 'binary') - Is a variable name equal to an LP file format keyword?
Warning: Duplicate section found (read 'binary') - Is a variable name equal to an LP file format keyword?
Warning: Duplicate section found (read 'binary') - Is a variable name equal to an LP file format keyword?
Warning: Duplicate section found (read 'binary') - Is a variable name equal to an LP file format keyword?
Warning: Duplicate section found (read 'binary') - Is a variable name equal to an LP file format keyword?
Warning: Duplicate section found (read 'binary') - Is a variable name equal to an LP file format keyword?
Warning: Duplicate section found (read 'binary') - Is a variable name equal to an LP file format keyword?
Warning: Duplicate section found (read 'binary') - Is a variable name equal to an LP file format keyword?
Warning: Duplicate section found (read 'binary') - Is a variable name equal to an LP file format keyword?
Warning: Duplicate section found (read 'binary') - Is a variable name equal to an LP file format keyword?
Warning: Further warnings of this type will be omitted.
Read LP format model from file /root/bgw/data/uploads/2026_03_23_14_14_12_set_exp_2_exp_2_n035_c008_g002_max.lp
Reading time = 0.01 seconds
: 15241 rows, 1006 columns, 44776 nonzeros

Using Gurobi shared library /opt/gurobi1301/linux64/lib/libgurobi.so.13.0.1

CPU model: AMD EPYC-Genoa Processor, instruction set [SSE2|AVX|AVX2|AVX512]
Thread count: 16 physical cores, 16 logical processors, using up to 16 threads

Academic license 2792458 - for non-commercial use only - registered to an___@studenti.unipg.it
Optimize a model with 15241 rows, 1006 columns and 44776 nonzeros (Max)
Model fingerprint: 0x88227562
Model has 20 linear objective coefficients
Variable types: 55 continuous, 951 integer (951 binary)
Coefficient statistics:
  Matrix range     [1e+00, 4e+01]
  Objective range  [1e+00, 1e+00]
  Bounds range     [1e+00, 1e+00]
  RHS range        [1e+00, 4e+01]

Found heuristic solution: objective 20.0000000
Presolve removed 2069 rows and 360 columns
Presolve time: 0.05s
Presolved: 13172 rows, 646 columns, 40156 nonzeros
Variable types: 0 continuous, 646 integer (626 binary)

Root relaxation: objective 8.900000e+01, 2651 iterations, 0.40 seconds (0.53 work units)

    Nodes    |    Current Node    |     Objective Bounds      |     Work
 Expl Unexpl |  Obj  Depth IntInf | Incumbent    BestBd   Gap | It/Node Time

     0     0   89.00000    0  108   20.00000   89.00000   345%     -    0s
H    0     0                      33.0000000   89.00000   170%     -    0s
H    0     0                      48.0000000   89.00000  85.4%     -    0s
H    0     0                      49.0000000   89.00000  81.6%     -    0s
H    0     0                      54.0000000   89.00000  64.8%     -    0s
     0     0   89.00000    0   96   54.00000   89.00000  64.8%     -    0s
     0     0   89.00000    0   97   54.00000   89.00000  64.8%     -    0s
H    0     0                      56.0000000   89.00000  58.9%     -    1s
     0     0   89.00000    0  100   56.00000   89.00000  58.9%     -    1s
     0     0   89.00000    0   65   56.00000   89.00000  58.9%     -    1s
H    0     0                      57.0000000   89.00000  56.1%     -    1s
     0     0   89.00000    0   72   57.00000   89.00000  56.1%     -    1s
     0     0   89.00000    0   60   57.00000   89.00000  56.1%     -    1s
     0     0   89.00000    0   74   57.00000   89.00000  56.1%     -    1s
     0     0   89.00000    0   60   57.00000   89.00000  56.1%     -    1s
     0     0   89.00000    0   78   57.00000   89.00000  56.1%     -    1s
     0     0   89.00000    0   60   57.00000   89.00000  56.1%     -    1s
     0     0   89.00000    0   82   57.00000   89.00000  56.1%     -    1s
     0     0   89.00000    0   59   57.00000   89.00000  56.1%     -    1s
     0     0   89.00000    0   71   57.00000   89.00000  56.1%     -    1s
     0     0   89.00000    0   69   57.00000   89.00000  56.1%     -    1s
     0     0   89.00000    0   69   57.00000   89.00000  56.1%     -    2s
     0     0   89.00000    0   59   57.00000   89.00000  56.1%     -    2s
     0     2   89.00000    0   58   57.00000   89.00000  56.1%     -    2s
   390   327   65.81818   32   50   57.00000   88.90909  56.0%   308    5s
  1085   734   77.96970   15   54   57.00000   87.93939  54.3%   321   10s
  2037  1122 infeasible   35        57.00000   86.90909  52.5%   343   15s
  3038  1652   75.95455   14   84   57.00000   86.00000  50.9%   377   20s
  3542  1805   70.95152   26  150   57.00000   85.95455  50.8%   374   25s
  4248  1990   61.00000   32  132   57.00000   85.90909  50.7%   367   30s
  5440  2091     cutoff   38        57.00000   84.58678  48.4%   349   35s
  7108  2267   59.61818   35   37   57.00000   82.90909  45.5%   335   40s
  8255  2408   73.84848   23  106   57.00000   82.00000  43.9%   339   45s
  9670  3032   61.54545   36   64   57.00000   81.00000  42.1%   339   50s
 11807  3924 infeasible   34        57.00000   80.00000  40.4%   339   55s
 12969  4226   66.90909   31   99   57.00000   79.90909  40.2%   340   60s
 14358  4963   74.90909   29   41   57.00000   79.90909  40.2%   340   66s
 15663  5514 infeasible   25        57.00000   79.63636  39.7%   346   70s
 17146  6138   74.72727   25  110   57.00000   79.00000  38.6%   353   75s
 18532  6847 infeasible   23        57.00000   78.96970  38.5%   364   81s
 20607  7314   77.61364   23   59   57.00000   78.75758  38.2%   364   86s
 20871  7439   78.00000   34  106   57.00000   78.75758  38.2%   363   90s
 21572  7669   58.00000   57   13   57.00000   78.75758  38.2%   360   95s
 22752  7815   66.00000   45   29   57.00000   78.75758  38.2%   356  100s
 24503  7925   78.75758   31  179   57.00000   78.75758  38.2%   350  105s
 26835  8164   78.75758   38   60   57.00000   78.75758  38.2%   344  110s
 28861  8513   63.85714   47   57   57.00000   78.75758  38.2%   340  115s
 31729  8755   62.87273   47   54   57.00000   78.75758  38.2%   335  120s
 33792  9148   65.81818   51   74   57.00000   78.75758  38.2%   334  125s
 36210  9369   64.81818   42   71   57.00000   78.75758  38.2%   332  130s
 39019  9397   78.75758   34   60   57.00000   78.75758  38.2%   330  135s
 40868  9429 infeasible   51        57.00000   78.75758  38.2%   329  142s
 42605  9437   63.25455   50   66   57.00000   78.75758  38.2%   327  146s
 44459 10004 infeasible   47        57.00000   78.75758  38.2%   326  150s
 47837 11151   59.90909   48   26   57.00000   78.75758  38.2%   322  156s
 50171 11795 infeasible   45        57.00000   78.75758  38.2%   320  160s
 52471 12703   62.00000   44   36   57.00000   78.75758  38.2%   319  165s
 56207 13857   65.00000   43   36   57.00000   78.75758  38.2%   318  172s
 57633 14353     cutoff   46        57.00000   78.75758  38.2%   318  175s
 60515 15843   72.78788   37  125   57.00000   78.75758  38.2%   318  180s
 62995 16783   69.75758   44   48   57.00000   78.75758  38.2%   321  201s
 64362 17636     cutoff   43        57.00000   78.75758  38.2%   322  205s
 67872 18758 infeasible   45        57.00000   78.75758  38.2%   323  212s
 69758 19346   77.76768   32  148   57.00000   78.75758  38.2%   323  215s
 73256 20564     cutoff   51        57.00000   78.00000  36.8%   322  223s
 74830 20994 infeasible   51        57.00000   78.00000  36.8%   323  226s
 76296 21700   65.81818   42   60   57.00000   78.00000  36.8%   322  230s
 79572 23148 infeasible   45        57.00000   78.00000  36.8%   323  238s
 81359 23801   62.81818   45   49   57.00000   77.93939  36.7%   323  242s
 83211 24401   68.81818   41   73   57.00000   77.90909  36.7%   323  246s
 86983 25149   62.90909   41   51   57.00000   77.64242  36.2%   321  252s
 88220 25486   58.97980   48   12   57.00000   77.00000  35.1%   322  255s
 90933 26501   68.00000   38   67   57.00000   77.00000  35.1%   323  262s
 91939 27176   68.00000   37   85   57.00000   77.00000  35.1%   324  266s
 93474 27779   76.00000   37   36   57.00000   77.00000  35.1%   325  270s
 97001 29066     cutoff   46        57.00000   77.00000  35.1%   325  277s
 98716 29631 infeasible   45        57.00000   76.96364  35.0%   326  281s
 100556 29942 infeasible   54        57.00000   76.90909  34.9%   326  285s
 103865 31063   70.84848   39  112   57.00000   76.90909  34.9%   326  293s
 105762 31475     cutoff   52        57.00000   76.81818  34.8%   326  297s
 107429 31954 infeasible   47        57.00000   76.58586  34.4%   326  300s
 110288 32531     cutoff   45        57.00000   76.00000  33.3%   327  307s
 111609 33182 infeasible   51        57.00000   76.00000  33.3%   328  311s
 115238 33805   66.90909   44   94   57.00000   76.00000  33.3%   329  318s
 116385 34189   63.90909   45   50   57.00000   76.00000  33.3%   329  321s
 118132 34637   59.76623   44  109   57.00000   76.00000  33.3%   329  325s
 121752 35724   73.90909   40   84   57.00000   76.00000  33.3%   330  332s
 123350 36284     cutoff   43        57.00000   76.00000  33.3%   330  336s
 124961 36522   60.90909   45   14   57.00000   76.00000  33.3%   331  340s
 128395 37181 infeasible   37        57.00000   76.00000  33.3%   331  347s
 129797 37381     cutoff   41        57.00000   76.00000  33.3%   331  351s
 131052 37668   66.00000   41   74   57.00000   76.00000  33.3%   331  355s
 134311 38763 infeasible   43        57.00000   75.93939  33.2%   332  362s
 136015 39203   64.00000   45   44   57.00000   75.90909  33.2%   333  365s
 139257 39988   62.80808   43   86   57.00000   75.90909  33.2%   333  372s
 141117 40304 infeasible   44        57.00000   75.87879  33.1%   333  375s
 144057 41069   69.00000   41   50   57.00000   75.47475  32.4%   333  384s
 145819 41513 infeasible   46        57.00000   75.00000  31.6%   333  388s
 147767 41880   62.93182   46   61   57.00000   75.00000  31.6%   333  391s
 149606 42152   62.90909   45   25   57.00000   75.00000  31.6%   333  395s
 152766 43026   62.81818   46   69   57.00000   75.00000  31.6%   332  404s
 154255 43574   65.90909   46   33   57.00000   75.00000  31.6%   332  408s
 155773 44037     cutoff   41        57.00000   75.00000  31.6%   333  411s
 157511 44411   63.00000   45   99   57.00000   75.00000  31.6%   332  415s
 161048 45077 infeasible   43        57.00000   75.00000  31.6%   332  423s
 162113 45606     cutoff   46        57.00000   75.00000  31.6%   332  427s
 163818 46114   63.00000   40   58   57.00000   75.00000  31.6%   331  431s
 165562 46480   63.00000   43   43   57.00000   75.00000  31.6%   331  435s
 167175 46846     cutoff   49        57.00000   75.00000  31.6%   331  440s
 168871 47148     cutoff   47        57.00000   75.00000  31.6%   331  445s
 172231 47771     cutoff   47        57.00000   75.00000  31.6%   331  453s
 173868 48296   66.00000   43   73   57.00000   75.00000  31.6%   330  458s
 175447 48733   72.00000   39   46   57.00000   75.00000  31.6%   330  462s
 177094 49206   72.00000   41   60   57.00000   75.00000  31.6%   330  466s
 180501 49905   62.72727   43   66   57.00000   75.00000  31.6%   330  472s
 181918 50210   62.97273   42  124   57.00000   75.00000  31.6%   330  476s
 184687 50906 infeasible   44        57.00000   75.00000  31.6%   330  482s
 186147 51364   63.00000   45   78   57.00000   75.00000  31.6%   330  485s
 189419 52428 infeasible   44        57.00000   74.97403  31.5%   330  494s
 190984 53028   65.96226   44   56   57.00000   74.94920  31.5%   330  499s
 192796 53315   62.93939   44   68   57.00000   74.93939  31.5%   330  503s
 194448 53786     cutoff   50        57.00000   74.90909  31.4%   330  507s
 196342 54210 infeasible   49        57.00000   74.90909  31.4%   329  511s
 197981 54464     cutoff   40        57.00000   74.90909  31.4%   329  515s
 199542 54862     cutoff   50        57.00000   74.90909  31.4%   329  520s
 203423 55330 infeasible   47        57.00000   74.81818  31.3%   328  528s
 205166 55501   62.90909   46   86   57.00000   74.81818  31.3%   328  531s
 208138 56169   60.86364   46   36   57.00000   74.54545  30.8%   328  537s
 209362 56400   70.81818   42   65   57.00000   74.00000  29.8%   328  540s
 211761 56996     cutoff   48        57.00000   74.00000  29.8%   329  548s
 213540 57396   65.00000   43   48   57.00000   74.00000  29.8%   329  553s
 214703 57962   61.90909   44   50   57.00000   74.00000  29.8%   329  558s
 216432 58288 infeasible   44        57.00000   74.00000  29.8%   330  563s
 218084 58693 infeasible   47        57.00000   74.00000  29.8%   330  569s
 219925 59203 infeasible   45        57.00000   74.00000  29.8%   330  573s
 221583 59676 infeasible   46        57.00000   74.00000  29.8%   331  578s
 223254 59924   58.99394   46   31   57.00000   74.00000  29.8%   331  583s
 224664 60464 infeasible   48        57.00000   74.00000  29.8%   331  587s
 226692 60797 infeasible   45        57.00000   74.00000  29.8%   331  591s
 229888 61518   64.86364   42   74   57.00000   74.00000  29.8%   332  598s
 231806 61735     cutoff   46        57.00000   74.00000  29.8%   332  601s
 233335 62373   65.00000   39   64   57.00000   74.00000  29.8%   332  605s
 236639 63252 infeasible   44        57.00000   74.00000  29.8%   333  614s
 238291 63664     cutoff   45        57.00000   74.00000  29.8%   333  619s
 239996 64062   62.00000   42   32   57.00000   74.00000  29.8%   333  624s
 241748 64515   61.87273   46   57   57.00000   74.00000  29.8%   333  628s
 243519 64875   64.94545   42   48   57.00000   74.00000  29.8%   333  633s
 245257 65272   64.81818   45  118   57.00000   74.00000  29.8%   333  637s
 246841 65456 infeasible   44        57.00000   74.00000  29.8%   333  641s
 249604 66270 infeasible   44        57.00000   74.00000  29.8%   333  647s
 251429 66649   61.81818   44   39   57.00000   74.00000  29.8%   333  650s
 254799 67290 infeasible   45        57.00000   74.00000  29.8%   333  657s
 256626 67552   70.90909   41   71   57.00000   74.00000  29.8%   333  661s
 258365 67717   71.00000   41   75   57.00000   74.00000  29.8%   333  666s
 259356 68059   64.90909   45   43   57.00000   74.00000  29.8%   333  670s
 262967 68744   68.00000   44   45   57.00000   74.00000  29.8%   333  677s
 264552 68954   61.98990   41   42   57.00000   74.00000  29.8%   333  681s
 265978 69450   67.89394   39  103   57.00000   73.98990  29.8%   334  685s
 269314 70371   63.00000   43  106   57.00000   73.95455  29.7%   334  692s
 270925 70687   71.00000   37   60   57.00000   73.93939  29.7%   334  696s
 274526 71325   61.93182   45   41   57.00000   73.90909  29.7%   334  702s
 276362 71673   71.00000   41   53   57.00000   73.90909  29.7%   334  705s
 279384 72076   61.90909   46   63   57.00000   73.89899  29.6%   333  711s
 280474 72310     cutoff   50        57.00000   73.89899  29.6%   333  715s
 283873 72608     cutoff   50        57.00000   73.78788  29.5%   333  723s
 285313 73036   62.78545   44   50   57.00000   73.75758  29.4%   333  727s
 286859 73438   62.78788   47   48   57.00000   73.45455  28.9%   333  731s
 288702 73725   66.97403   41   61   57.00000   73.40909  28.8%   333  735s
 291480 74245     cutoff   43        57.00000   73.00000  28.1%   333  742s
 292801 74423   60.63636   44   84   57.00000   73.00000  28.1%   334  745s
 295837 74750   64.00000   47  124   57.00000   73.00000  28.1%   334  752s
 297312 75046   61.00000   43   96   57.00000   73.00000  28.1%   335  756s
 298752 75325   60.72727   46   32   57.00000   73.00000  28.1%   335  760s
 302127 75707 infeasible   47        57.00000   73.00000  28.1%   336  769s
 303981 75773   72.87273   39   81   57.00000   73.00000  28.1%   336  775s
 305349 76086   63.86364   44  109   57.00000   73.00000  28.1%   336  781s
 307012 76401   63.96970   44   39   57.00000   73.00000  28.1%   336  786s
 308916 76725   60.96694   45  164   57.00000   73.00000  28.1%   336  791s
 310642 76908     cutoff   50        57.00000   73.00000  28.1%   336  796s
 312306 77258   61.00000   46   92   57.00000   73.00000  28.1%   336  801s
 314110 77591   70.00000   40   44   57.00000   73.00000  28.1%   336  805s
 317107 78208   60.78788   46   51   57.00000   73.00000  28.1%   337  812s
 318783 78545     cutoff   46        57.00000   73.00000  28.1%   337  816s
 320358 78729   66.90909   41   94   57.00000   73.00000  28.1%   337  820s
 323628 79289   64.00000   44   53   57.00000   73.00000  28.1%   338  828s
 325154 79386     cutoff   46        57.00000   73.00000  28.1%   338  833s
 325672 79784   63.81818   44   42   57.00000   73.00000  28.1%   338  838s
 327262 80114     cutoff   48        57.00000   73.00000  28.1%   338  843s
 328996 80507 infeasible   44        57.00000   73.00000  28.1%   338  848s
 330672 80885   66.81818   43   57   57.00000   73.00000  28.1%   338  853s
 332286 81139   63.90909   43   76   57.00000   73.00000  28.1%   338  858s
 334155 81496     cutoff   49        57.00000   73.00000  28.1%   338  863s
 335799 81880   64.00000   42   64   57.00000   73.00000  28.1%   339  867s
 337411 82268   60.90909   44   53   57.00000   73.00000  28.1%   339  871s
 340813 83160     cutoff   47        57.00000   73.00000  28.1%   339  878s
 342366 83534   67.00000   41   78   57.00000   73.00000  28.1%   339  882s
 343966 83701     cutoff   50        57.00000   73.00000  28.1%   339  886s
 345080 83942   63.90909   45   42   57.00000   73.00000  28.1%   339  891s
 346576 84198     cutoff   49        57.00000   73.00000  28.1%   339  895s
 350186 84641   70.00000   42   64   57.00000   73.00000  28.1%   339  903s
 351831 84991   70.00000   38   95   57.00000   73.00000  28.1%   339  908s
 353352 85090     cutoff   47        57.00000   73.00000  28.1%   340  912s
 355055 85444     cutoff   48        57.00000   73.00000  28.1%   340  917s
 356837 85832   60.86364   46   35   57.00000   73.00000  28.1%   340  920s
 360146 86402   63.81818   42   46   57.00000   73.00000  28.1%   340  928s
 361740 86742   58.00000   44   48   57.00000   73.00000  28.1%   340  931s
 363257 87140 infeasible   46        57.00000   73.00000  28.1%   340  935s
 366608 87666   72.87879   39   70   57.00000   73.00000  28.1%   341  943s
 367857 87855   61.00000   47   70   57.00000   73.00000  28.1%   341  947s
 369333 88072     cutoff   42        57.00000   73.00000  28.1%   341  952s
 370866 88394 infeasible   43        57.00000   72.98485  28.0%   341  957s
 372554 88681   62.00000   43   33   57.00000   72.93939  28.0%   341  962s
 374434 88922 infeasible   42        57.00000   72.90909  27.9%   341  968s
 376304 89113   61.00000   48  100   57.00000   72.90909  27.9%   341  973s
 378091 89325   63.81818   46   37   57.00000   72.90909  27.9%   341  977s
 379748 89595   61.00000   42   61   57.00000   72.90909  27.9%   342  981s
 381526 89701   69.84848   38  115   57.00000   72.90909  27.9%   342  985s
 384258 90021   60.90909   48   53   57.00000   72.90909  27.9%   342  992s
 386128 90117   62.90909   51   24   57.00000   72.87879  27.9%   342  996s
 389880 90332   61.00000   41  117   57.00000   72.81818  27.8%   341 1003s
 391498 90348 infeasible   45        57.00000   72.77778  27.7%   341 1006s
 393106 90558   67.98182   44   64   57.00000   72.72727  27.6%   341 1010s
 394629 90925 infeasible   49        57.00000   72.50000  27.2%   341 1015s
 398070 91844   61.95455   46   65   57.00000   72.40909  27.0%   341 1023s
 399625 92059   62.81818   43   66   57.00000   72.24621  26.7%   341 1028s
 401119 92293   68.90909   46  159   57.00000   72.00000  26.3%   341 1032s
 402451 92376   62.83030   46   49   57.00000   72.00000  26.3%   341 1035s
 405818 92524   68.72727   47   36   57.00000   72.00000  26.3%   341 1043s
 406796 92718   65.90909   42   67   57.00000   72.00000  26.3%   341 1047s
 408470 92972   59.90909   47   20   57.00000   72.00000  26.3%   341 1051s
 410280 93127   65.81818   46   37   57.00000   72.00000  26.3%   342 1056s
 411690 93275   59.81818   47   97   57.00000   72.00000  26.3%   341 1060s
 415508 93677   66.00000   40   52   57.00000   72.00000  26.3%   341 1068s
 417145 93815   62.90909   46   98   57.00000   72.00000  26.3%   341 1073s
 419012 94170   66.00000   45   43   57.00000   72.00000  26.3%   341 1078s
 420866 94444   72.00000   37   52   57.00000   72.00000  26.3%   341 1082s
 422758 94639 infeasible   49        57.00000   72.00000  26.3%   341 1086s
 424559 94829 infeasible   45        57.00000   72.00000  26.3%   341 1090s
 428243 95153   62.78545   45   37   57.00000   72.00000  26.3%   341 1097s
 429816 95333     cutoff   49        57.00000   72.00000  26.3%   341 1100s
 432941 95789     cutoff   46        57.00000   72.00000  26.3%   340 1107s
 434561 96083   59.92727   46   82   57.00000   72.00000  26.3%   340 1110s
 437703 96423   62.94545   42   85   57.00000   72.00000  26.3%   340 1118s
 438930 96664   62.87879   48  110   57.00000   72.00000  26.3%   340 1121s
 440617 96970   62.87879   47   31   57.00000   72.00000  26.3%   340 1125s
 444050 97368 infeasible   46        57.00000   72.00000  26.3%   340 1132s
 445564 97515     cutoff   47        57.00000   72.00000  26.3%   340 1137s
 447261 97687     cutoff   49        57.00000   72.00000  26.3%   340 1141s
 449019 97973     cutoff   42        57.00000   72.00000  26.3%   340 1145s
 452064 98320 infeasible   47        57.00000   72.00000  26.3%   340 1151s
 455566 98698 infeasible   49        57.00000   72.00000  26.3%   339 1158s
 456618 98885   72.00000   39   87   57.00000   72.00000  26.3%   340 1162s
 458184 99111   59.81818   44   30   57.00000   72.00000  26.3%   339 1165s
 461590 99539 infeasible   40        57.00000   72.00000  26.3%   339 1173s
 463163 99738     cutoff   44        57.00000   72.00000  26.3%   339 1176s
 467048 100238     cutoff   46        57.00000   72.00000  26.3%   339 1183s
 468729 100390   66.00000   40   96   57.00000   72.00000  26.3%   339 1187s
 470447 100626     cutoff   47        57.00000   72.00000  26.3%   339 1191s
 471916 100901   68.90909   41   44   57.00000   72.00000  26.3%   339 1195s
 473708 101108   65.96970   45   65   57.00000   72.00000  26.3%   339 1200s
 477136 101696     cutoff   48        57.00000   72.00000  26.3%   339 1207s
 478737 101926     cutoff   47        57.00000   72.00000  26.3%   339 1211s
 480370 102073   62.87273   44   79   57.00000   72.00000  26.3%   339 1215s
 483617 102622   62.78545   46   34   57.00000   72.00000  26.3%   338 1222s
 485198 102823     cutoff   45        57.00000   72.00000  26.3%   338 1226s
 488410 103251     cutoff   45        57.00000   72.00000  26.3%   338 1234s
 490082 103359   66.00000   40   80   57.00000   72.00000  26.3%   338 1238s
 491744 103565     cutoff   50        57.00000   72.00000  26.3%   338 1242s
 493432 103797     cutoff   47        57.00000   72.00000  26.3%   338 1246s
 495240 103981   65.90909   42   65   57.00000   72.00000  26.3%   338 1250s
 496340 104187     cutoff   49        57.00000   72.00000  26.3%   338 1255s
 499609 104483     cutoff   47        57.00000   72.00000  26.3%   338 1264s
 499951 104711   62.72727   48   21   57.00000   72.00000  26.3%   338 1269s
 501596 104981   62.90909   47   91   57.00000   72.00000  26.3%   338 1274s
 503504 105232     cutoff   44        57.00000   72.00000  26.3%   338 1279s
 505197 105461   63.00000   44   43   57.00000   72.00000  26.3%   338 1283s
 506809 105613     cutoff   41        57.00000   71.99242  26.3%   338 1287s
 508310 106020   65.87879   42   70   57.00000   71.98485  26.3%   338 1291s
 510132 106357   62.87879   48   75   57.00000   71.96970  26.3%   338 1295s
 513762 106804   62.00000   43   42   57.00000   71.93939  26.2%   338 1301s
 514584 106873     cutoff   50        57.00000   71.92727  26.2%   338 1305s
 517576 107237   65.90909   41   53   57.00000   71.90909  26.2%   338 1312s
 519370 107361     cutoff   46        57.00000   71.90909  26.2%   337 1316s
 521242 107545     cutoff   49        57.00000   71.90909  26.2%   337 1320s
 524846 107829 infeasible   36        57.00000   71.90909  26.2%   337 1328s
 526636 107923   65.81818   42   43   57.00000   71.90909  26.2%   337 1331s
 528581 108084     cutoff   48        57.00000   71.90909  26.2%   336 1335s
 531843 108341     cutoff   43        57.00000   71.87879  26.1%   336 1342s
 535530 108340   62.90909   44   49   57.00000   71.81818  26.0%   336 1347s
 536949 108332 infeasible   48        57.00000   71.81818  26.0%   336 1350s
 540125 108315     cutoff   42        57.00000   71.81818  26.0%   335 1356s
 543279 108219   70.00000   41   79   57.00000   71.72727  25.8%   335 1362s
 544703 108235     cutoff   45        57.00000   71.72727  25.8%   335 1365s
 547599 108587   59.86667   43   43   57.00000   71.63636  25.7%   335 1372s
 549018 108823     cutoff   47        57.00000   71.45455  25.4%   335 1375s
 552284 109269 infeasible   46        57.00000   71.40909  25.3%   335 1384s
 553949 109391   63.00000   42  102   57.00000   71.39899  25.3%   335 1388s
 555758 109466     cutoff   47        57.00000   71.00000  24.6%   335 1392s
 557061 109636 infeasible   47        57.00000   71.00000  24.6%   335 1397s
 558755 109836   62.00000   46   38   57.00000   71.00000  24.6%   335 1400s
 560217 110032 infeasible   45        57.00000   71.00000  24.6%   335 1405s
 563632 110267   61.63636   49   42   57.00000   71.00000  24.6%   335 1412s
 565149 110433   61.95455   42   88   57.00000   71.00000  24.6%   335 1416s
 566684 110610     cutoff   43        57.00000   71.00000  24.6%   335 1420s
 569850 110937 infeasible   48        57.00000   71.00000  24.6%   335 1429s
 570949 111067 infeasible   45        57.00000   71.00000  24.6%   335 1433s
 572787 111224 infeasible   46        57.00000   71.00000  24.6%   335 1437s
 574418 111402 infeasible   48        57.00000   71.00000  24.6%   335 1441s
 576048 111636 infeasible   41        57.00000   71.00000  24.6%   335 1446s
 577745 111778 infeasible   42        57.00000   71.00000  24.6%   335 1450s
 581203 112080   62.00000   42   68   57.00000   71.00000  24.6%   335 1457s
 582856 112141 infeasible   45        57.00000   71.00000  24.6%   335 1461s
 586088 112576   62.00000   43   54   57.00000   71.00000  24.6%   335 1468s
 587768 112813   61.90909   40   53   57.00000   71.00000  24.6%   335 1471s
 589685 112968   67.90909   46   63   57.00000   71.00000  24.6%   335 1475s
 591220 113159   62.00000   42   59   57.00000   71.00000  24.6%   335 1480s
 592830 113313   58.89091   42   68   57.00000   71.00000  24.6%   335 1485s
 594356 113559 infeasible   42        57.00000   71.00000  24.6%   335 1490s
 596118 113757   70.87879   39   57   57.00000   71.00000  24.6%   335 1495s
 597151 113981   64.93182   43   50   57.00000   71.00000  24.6%   335 1501s
 598983 114257 infeasible   50        57.00000   71.00000  24.6%   335 1506s
 600717 114389     cutoff   47        57.00000   71.00000  24.6%   335 1511s
 602497 114577   71.00000   39   71   57.00000   71.00000  24.6%   335 1515s
 606014 115036   62.00000   44   45   57.00000   71.00000  24.6%   335 1522s
 607639 115283   62.00000   46  114   57.00000   71.00000  24.6%   335 1525s
 610789 115664   61.72727   45   40   57.00000   71.00000  24.6%   335 1532s
 612549 115838 infeasible   47        57.00000   71.00000  24.6%   335 1537s
 614254 115994   65.00000   42   62   57.00000   71.00000  24.6%   335 1541s
 615914 116207 infeasible   45        57.00000   71.00000  24.6%   335 1546s
 617650 116392   71.00000   37  116   57.00000   71.00000  24.6%   335 1551s
 619268 116600 infeasible   46        57.00000   71.00000  24.6%   335 1556s
 620772 116831 infeasible   43        57.00000   71.00000  24.6%   335 1561s
 622114 117125     cutoff   44        57.00000   71.00000  24.6%   335 1566s
 623969 117345   61.93182   44   52   57.00000   71.00000  24.6%   335 1570s
 627527 117680 infeasible   44        57.00000   71.00000  24.6%   335 1577s
 629163 117857   61.90909   41   86   57.00000   71.00000  24.6%   335 1580s
 632339 118205   65.00000   40   72   57.00000   71.00000  24.6%   335 1586s
 634050 118437   65.00000   42   83   57.00000   71.00000  24.6%   335 1590s
 637330 118911   67.90909   41   62   57.00000   71.00000  24.6%   335 1598s
 639210 119060 infeasible   48        57.00000   71.00000  24.6%   335 1601s
 640704 119199 infeasible   40        57.00000   71.00000  24.6%   335 1606s
 642230 119257 infeasible   47        57.00000   71.00000  24.6%   335 1610s
 645587 119571   62.00000   43   72   57.00000   71.00000  24.6%   335 1619s
 646546 119695 infeasible   47        57.00000   71.00000  24.6%   335 1623s
 648239 119827   61.93939   43   55   57.00000   71.00000  24.6%   335 1627s
 649942 120128 infeasible   51        57.00000   71.00000  24.6%   335 1630s
 653151 120642   67.98182   42   75   57.00000   71.00000  24.6%   335 1637s
 654851 120937   61.87879   45   49   57.00000   71.00000  24.6%   335 1641s
 657386 121138   61.89899   47   83   57.00000   70.98990  24.5%   335 1648s
 658676 121406   68.00000   40   46   57.00000   70.98990  24.5%   335 1653s
 660085 121558     cutoff   50        57.00000   70.98182  24.5%   335 1659s
 662007 121815 infeasible   43        57.00000   70.96970  24.5%   335 1665s
 663641 122048   65.90909   42   33   57.00000   70.93939  24.5%   335 1671s
 665657 122120   61.87879   45   53   57.00000   70.93939  24.5%   335 1676s
 667236 122139   64.90909   45   37   57.00000   70.90909  24.4%   335 1682s
 667490 122283   62.00000   47   28   57.00000   70.90909  24.4%   335 1686s
 669140 122369   67.72727   44   81   57.00000   70.90909  24.4%   335 1690s
 672054 122690   58.98990   47   51   57.00000   70.90909  24.4%   335 1698s
 673683 122806   70.78788   41   58   57.00000   70.90909  24.4%   335 1701s
 675424 122959   67.87879   43   30   57.00000   70.90909  24.4%   335 1705s
 677135 123114 infeasible   40        57.00000   70.90909  24.4%   335 1710s
 678992 123273 infeasible   45        57.00000   70.90909  24.4%   335 1716s
 680884 123447 infeasible   43        57.00000   70.90909  24.4%   335 1721s
 682655 123508   61.98990   44   51   57.00000   70.89610  24.4%   335 1726s
 684273 123612   61.87879   46  107   57.00000   70.87879  24.3%   335 1731s
 685864 123634   61.95808   45   62   57.00000   70.86364  24.3%   335 1736s
 687660 123690   64.95455   43   34   57.00000   70.81818  24.2%   335 1740s
 690424 123703   61.87879   46   85   57.00000   70.81818  24.2%   335 1748s
 692214 123712     cutoff   49        57.00000   70.81818  24.2%   335 1751s
 695324 123568     cutoff   52        57.00000   70.78788  24.2%   334 1757s
 696863 123486     cutoff   45        57.00000   70.72727  24.1%   334 1761s
 699863 123606 infeasible   45        57.00000   70.63636  23.9%   334 1768s
 701344 123792   68.96970   41  103   57.00000   70.54545  23.8%   334 1771s
 703182 124018   68.86364   44   89   57.00000   70.45455  23.6%   334 1776s
 704675 124146   59.90909   49   37   57.00000   70.42424  23.6%   334 1780s
 706315 124440     cutoff   47        57.00000   70.40909  23.5%   334 1785s
 709785 124972 infeasible   49        57.00000   70.40909  23.5%   334 1792s
 711380 125117     cutoff   48        57.00000   70.40909  23.5%   334 1796s
 712967 125226   63.00000   47   30   57.00000   70.36364  23.4%   334 1800s
 715596 125401 infeasible   46        57.00000   70.00000  22.8%   334 1808s
 716824 125479 infeasible   49        57.00000   70.00000  22.8%   334 1811s
 719445 125601     cutoff   49        57.00000   70.00000  22.8%   335 1819s
 720910 125666     cutoff   48        57.00000   70.00000  22.8%   335 1823s
 722047 125737   63.90909   43   72   57.00000   70.00000  22.8%   335 1827s
 723442 125770     cutoff   47        57.00000   70.00000  22.8%   335 1833s
 725057 125899   69.81818   44   65   57.00000   70.00000  22.8%   335 1839s
 726852 126026     cutoff   45        57.00000   70.00000  22.8%   335 1845s
 728630 126150   60.96212   48   38   57.00000   70.00000  22.8%   336 1850s
 730188 126277 infeasible   42        57.00000   70.00000  22.8%   336 1855s
 731821 126374   66.90909   41   55   57.00000   70.00000  22.8%   336 1860s
 733389 126445 infeasible   43        57.00000   70.00000  22.8%   336 1865s
 736844 126650   66.72727   45   74   57.00000   70.00000  22.8%   336 1873s
 738563 126762 infeasible   46        57.00000   70.00000  22.8%   336 1877s
 740317 126887   61.00000   45   50   57.00000   70.00000  22.8%   336 1881s
 742003 127072   60.80000   46   93   57.00000   70.00000  22.8%   336 1885s
 744975 127337   66.89091   45   40   57.00000   70.00000  22.8%   336 1895s
 746776 127435   61.00000   44   60   57.00000   70.00000  22.8%   337 1902s
 748818 127518   60.87273   47   42   57.00000   70.00000  22.8%   337 1907s
 750796 127586     cutoff   46        57.00000   70.00000  22.8%   337 1912s
 752610 127715   60.77273   46   50   57.00000   70.00000  22.8%   337 1916s
 754297 127820   66.86364   44   58   57.00000   70.00000  22.8%   337 1921s
 756062 127932   61.00000   42   45   57.00000   70.00000  22.8%   337 1925s
 757795 128050 infeasible   42        57.00000   70.00000  22.8%   337 1930s
 761250 128318   60.89091   47   60   57.00000   70.00000  22.8%   337 1938s
 762966 128443   66.81818   45   64   57.00000   70.00000  22.8%   337 1942s
 764621 128515     cutoff   45        57.00000   70.00000  22.8%   337 1946s
 765860 128673   63.36364   48   73   57.00000   70.00000  22.8%   337 1951s
 767996 128753   63.90909   46  100   57.00000   70.00000  22.8%   337 1955s
 769773 128891   66.93939   41   50   57.00000   70.00000  22.8%   337 1960s
 773058 129033   63.83030   45   50   57.00000   70.00000  22.8%   337 1968s
 774541 129202   70.00000   40   77   57.00000   70.00000  22.8%   338 1972s
 776483 129373   61.00000   46   52   57.00000   70.00000  22.8%   338 1976s
 778219 129504     cutoff   43        57.00000   70.00000  22.8%   338 1980s
 780068 129644   61.00000   46   97   57.00000   70.00000  22.8%   338 1985s
 783293 129760   66.90909   39   63   57.00000   70.00000  22.8%   338 1993s
 784320 129835 infeasible   43        57.00000   70.00000  22.8%   338 1998s
 786296 130016   61.00000   39   53   57.00000   70.00000  22.8%   338 2001s
 788028 130083 infeasible   47        57.00000   70.00000  22.8%   338 2005s
 791072 130324     cutoff   44        57.00000   70.00000  22.8%   338 2012s
 792654 130515   61.00000   42   76   57.00000   70.00000  22.8%   338 2016s
 794380 130622 infeasible   43        57.00000   70.00000  22.8%   338 2020s
 797652 130805   66.86364   41   81   57.00000   70.00000  22.8%   338 2027s
 799349 130922   66.89091   45   94   57.00000   70.00000  22.8%   338 2031s
 800893 131034     cutoff   49        57.00000   70.00000  22.8%   338 2035s
 804017 131232     cutoff   45        57.00000   70.00000  22.8%   338 2044s
 805615 131324   61.00000   42   52   57.00000   70.00000  22.8%   338 2047s
 807331 131410 infeasible   46        57.00000   70.00000  22.8%   338 2051s
 810540 131604   63.98990   42  138   57.00000   70.00000  22.8%   338 2058s
 812052 131676   60.87081   50   52   57.00000   69.98182  22.8%   339 2062s
 813299 131872   63.63636   46   68   57.00000   69.98182  22.8%   338 2066s
 816854 132167   63.84848   47   55   57.00000   69.93939  22.7%   338 2073s
 818649 132345   60.81818   49   81   57.00000   69.93939  22.7%   338 2078s
 820614 132435     cutoff   49        57.00000   69.93939  22.7%   338 2081s
 822218 132511 infeasible   47        57.00000   69.92727  22.7%   338 2086s
 823628 132558   66.96970   46   88   57.00000   69.90909  22.6%   338 2090s
 826305 132651   61.00000   46   74   57.00000   69.90909  22.6%   339 2098s
 827791 132676   66.92727   47   82   57.00000   69.90909  22.6%   339 2102s
 829367 132704   61.00000   43   66   57.00000   69.90909  22.6%   339 2106s
 831174 132753 infeasible   44        57.00000   69.90909  22.6%   339 2110s
 833176 132765   65.93182   45   53   57.00000   69.90909  22.6%   339 2118s
 834685 132855   67.00000   43   65   57.00000   69.90909  22.6%   339 2122s
 836387 132914   66.96970   41   45   57.00000   69.90909  22.6%   339 2126s
 838136 132895   61.00000   40  101   57.00000   69.90909  22.6%   339 2131s
 839046 132957 infeasible   46        57.00000   69.90909  22.6%   339 2135s
 842375 133029   64.00000   45   35   57.00000   69.90909  22.6%   339 2144s
 844009 133072 infeasible   51        57.00000   69.89091  22.6%   339 2149s
 845872 133027   66.63636   48   47   57.00000   69.87879  22.6%   339 2153s
 848013 132950   63.96970   44   99   57.00000   69.86364  22.6%   339 2157s
 849708 132827     cutoff   47        57.00000   69.83217  22.5%   339 2161s
 851593 132733 infeasible   48        57.00000   69.81818  22.5%   339 2165s
 855154 132551   60.73455   42   86   57.00000   69.81818  22.5%   339 2172s
 856876 132419 infeasible   47        57.00000   69.81818  22.5%   339 2176s
 860058 132021     cutoff   47        57.00000   69.74545  22.4%   338 2184s
 861662 131891   63.81818   44   89   57.00000   69.72727  22.3%   338 2188s
 863315 131732   68.00000   37   61   57.00000   69.68182  22.2%   338 2192s
 865229 131823   61.85455   47   56   57.00000   69.63636  22.2%   338 2197s
 867021 131952 infeasible   46        57.00000   69.56364  22.0%   338 2202s
 868715 132079   61.87273   46   36   57.00000   69.48864  21.9%   338 2207s
 870453 132247   65.00000   43   30   57.00000   69.45455  21.9%   338 2212s
 872001 132492 infeasible   45        57.00000   69.40909  21.8%   338 2216s
 873755 132689   61.81818   48   49   57.00000   69.40909  21.8%   338 2221s
 877240 133078     cutoff   48        57.00000   69.40909  21.8%   338 2228s
 878916 133193     cutoff   43        57.00000   69.39394  21.7%   338 2231s
 880621 133303 infeasible   52        57.00000   69.18182  21.4%   338 2235s
 882858 133332   65.90909   43  145   57.00000   69.00000  21.1%   338 2242s
 884194 133350   62.87879   43   80   57.00000   69.00000  21.1%   338 2246s
 885782 133347   63.00000   49   47   57.00000   69.00000  21.1%   338 2251s
 889139 133412     cutoff   44        57.00000   69.00000  21.1%   338 2259s
 890903 133406     cutoff   46        57.00000   69.00000  21.1%   338 2262s
 892732 133424   63.00000   44   79   57.00000   69.00000  21.1%   338 2266s
 894347 133427   62.87879   46   16   57.00000   69.00000  21.1%   338 2270s
 897622 133467   62.87273   46   49   57.00000   69.00000  21.1%   338 2277s
 899221 133491   62.93939   41   90   57.00000   69.00000  21.1%   338 2281s
 902272 133610   68.87879   39   37   57.00000   69.00000  21.1%   338 2287s
 904042 133783   62.87879   41   49   57.00000   69.00000  21.1%   338 2290s
 907489 133884     cutoff   42        57.00000   69.00000  21.1%   338 2296s
 910997 133959   59.72727   42   47   57.00000   69.00000  21.1%   338 2302s
 912612 133990 infeasible   44        57.00000   69.00000  21.1%   338 2305s
 915748 134099   62.90909   42   18   57.00000   69.00000  21.1%   338 2312s
 917478 134128     cutoff   46        57.00000   69.00000  21.1%   338 2315s
 920546 134216   62.93939   41   48   57.00000   69.00000  21.1%   337 2322s
 922205 134283   65.95455   48   99   57.00000   69.00000  21.1%   337 2325s
 925876 134314   62.81818   44   79   57.00000   69.00000  21.1%   337 2332s
 928981 134386 infeasible   47        57.00000   69.00000  21.1%   337 2337s
 930629 134436   62.90909   45  101   57.00000   69.00000  21.1%   337 2341s
 933916 134562 infeasible   41        57.00000   69.00000  21.1%   337 2347s
 935759 134625   62.74545   42   47   57.00000   69.00000  21.1%   337 2350s
 939272 134693   65.90909   39   74   57.00000   69.00000  21.1%   337 2357s
 940604 134742     cutoff   50        57.00000   69.00000  21.1%   337 2361s
 942349 134809 infeasible   45        57.00000   69.00000  21.1%   337 2365s
 945845 134941     cutoff   43        57.00000   69.00000  21.1%   337 2372s
 947564 134965   62.84848   47   98   57.00000   69.00000  21.1%   337 2375s
 950987 135094 infeasible   46        57.00000   69.00000  21.1%   336 2381s
 952586 135167   62.90909   42   67   57.00000   69.00000  21.1%   336 2385s
 956111 135203 infeasible   50        57.00000   69.00000  21.1%   336 2390s
 959225 135349   68.87879   46   44   57.00000   69.00000  21.1%   336 2396s
 962492 135359     cutoff   43        57.00000   69.00000  21.1%   336 2402s
 964310 135419 infeasible   44        57.00000   69.00000  21.1%   336 2405s
 966966 135527     cutoff   51        57.00000   69.00000  21.1%   336 2412s
 968691 135558   59.72727   42   32   57.00000   69.00000  21.1%   336 2415s
 972144 135617   62.76364   46   29   57.00000   69.00000  21.1%   336 2422s
 973841 135707   66.00000   41   77   57.00000   69.00000  21.1%   336 2426s
 977359 135776   62.90909   44   60   57.00000   69.00000  21.1%   335 2432s
 978804 135803 infeasible   44        57.00000   69.00000  21.1%   335 2435s
 981823 135958 infeasible   46        57.00000   69.00000  21.1%   335 2441s
 985433 135994   62.90909   40   79   57.00000   69.00000  21.1%   335 2446s
 988767 136135   60.90404   44   42   57.00000   69.00000  21.1%   335 2453s
 989781 136176 infeasible   44        57.00000   68.99596  21.0%   335 2456s
 990968 136369   62.89697   45   90   57.00000   68.98485  21.0%   335 2460s
 994554 136525 infeasible   49        57.00000   68.97980  21.0%   335 2467s
 996472 136645   62.90909   45   59   57.00000   68.96970  21.0%   335 2471s
 999580 136860   65.90909   41   98   57.00000   68.95455  21.0%   335 2477s
 1001256 136971   62.87879   43   52   57.00000   68.93939  20.9%   335 2480s
 1004613 137143     cutoff   46        57.00000   68.93939  20.9%   335 2486s
 1007938 137172   62.90909   47   74   57.00000   68.93074  20.9%   335 2492s
 1010178 137123     cutoff   47        57.00000   68.90909  20.9%   335 2498s
 1011746 137131     cutoff   46        57.00000   68.90909  20.9%   335 2501s
 1014708 137136   62.81818   45   23   57.00000   68.90909  20.9%   335 2508s
 1016402 137128 infeasible   47        57.00000   68.90909  20.9%   335 2511s
 1017966 137119   68.90909   43   89   57.00000   68.90909  20.9%   335 2515s
 1021237 137075 infeasible   43        57.00000   68.90909  20.9%   335 2522s
 1023018 137056   63.00000   41   57   57.00000   68.90909  20.9%   335 2526s
 1026165 137050   62.82759   45   74   57.00000   68.90909  20.9%   335 2532s
 1027679 137045     cutoff   45        57.00000   68.90909  20.9%   335 2535s
 1029293 137049   66.00000   46   38   57.00000   68.90909  20.9%   335 2540s
 1030480 137017   62.93182   43   72   57.00000   68.90909  20.9%   335 2548s
 1031713 136951   68.87879   41   97   57.00000   68.90909  20.9%   334 2551s
 1033701 136909     cutoff   46        57.00000   68.90909  20.9%   334 2555s
 1037085 136852   62.90909   43   38   57.00000   68.87879  20.8%   334 2563s
 1038874 136802 infeasible   52        57.00000   68.87879  20.8%   334 2568s
 1040716 136742     cutoff   44        57.00000   68.86364  20.8%   334 2573s
 1042754 136664   62.86364   44   52   57.00000   68.85455  20.8%   334 2576s
 1044330 136427 infeasible   46        57.00000   68.84242  20.8%   334 2580s
 1047989 135957   62.97273   50   55   57.00000   68.81818  20.7%   334 2586s
 1051815 135570 infeasible   45        57.00000   68.81818  20.7%   334 2592s
 1053355 135336   62.54545   50   56   57.00000   68.80000  20.7%   334 2595s
 1056589 134675   65.90909   47  100   57.00000   68.75758  20.6%   333 2602s
 1058552 134352   62.70909   48   71   57.00000   68.72727  20.6%   333 2605s
 1061851 133933   63.97273   46   34   57.00000   68.65909  20.5%   333 2611s
 1063570 133886 infeasible   46        57.00000   68.63636  20.4%   333 2615s
 1066106 133947   63.87879   48   62   57.00000   68.54545  20.3%   333 2622s
 1067545 133995     cutoff   44        57.00000   68.45455  20.1%   333 2626s
 1071165 134249   63.90909   46   36   57.00000   68.40909  20.0%   333 2633s
 1072970 134454   64.00000   44  143   57.00000   68.40909  20.0%   333 2636s
 1074557 134697 infeasible   43        57.00000   68.40909  20.0%   333 2640s
 1078009 134732   61.00000   44   36   57.00000   68.35537  19.9%   333 2648s
 1079580 134739 infeasible   48        57.00000   68.22727  19.7%   333 2651s
 1081084 134768 infeasible   49        57.00000   68.11364  19.5%   333 2655s
 1083957 134842 infeasible   50        57.00000   68.00000  19.3%   333 2663s
 1085497 134887 infeasible   48        57.00000   68.00000  19.3%   333 2667s
 1087063 134871   61.74545   46   46   57.00000   68.00000  19.3%   333 2671s
 1088783 134923   61.67769   46   41   57.00000   68.00000  19.3%   333 2675s
 1091543 134991 infeasible   45        57.00000   68.00000  19.3%   333 2683s
 1093228 135012   61.86364   48   33   57.00000   68.00000  19.3%   333 2687s
 1094887 135014   64.81818   42   52   57.00000   68.00000  19.3%   333 2692s
 1096475 135007 infeasible   45        57.00000   68.00000  19.3%   333 2697s
 1098241 135022 infeasible   45        57.00000   68.00000  19.3%   333 2701s
 1099994 135093 infeasible   47        57.00000   68.00000  19.3%   333 2705s
 1103458 135149   61.90909   43   71   57.00000   68.00000  19.3%   334 2712s
 1105215 135157   61.87879   44   52   57.00000   68.00000  19.3%   334 2717s
 1106833 135185   67.79545   42   51   57.00000   68.00000  19.3%   334 2720s
 1110219 135234   62.00000   43   35   57.00000   68.00000  19.3%   334 2728s
 1111398 135240   64.72727   47  106   57.00000   68.00000  19.3%   334 2732s
 1113306 135264   67.90909   43   42   57.00000   68.00000  19.3%   334 2736s
 1114994 135291   64.93182   45   50   57.00000   68.00000  19.3%   334 2741s
 1116710 135364     cutoff   45        57.00000   68.00000  19.3%   334 2746s
 1118605 135368   61.96970   43   39   57.00000   68.00000  19.3%   334 2750s
 1121952 135450   65.00000   44   79   57.00000   68.00000  19.3%   334 2758s
 1123670 135476 infeasible   42        57.00000   68.00000  19.3%   334 2763s
 1125342 135499   65.00000   43   51   57.00000   68.00000  19.3%   334 2766s
 1126884 135512   61.80000   41  117   57.00000   68.00000  19.3%   334 2771s
 1128616 135538   61.95455   44   46   57.00000   68.00000  19.3%   334 2776s
 1132055 135615   64.88889   43   56   57.00000   68.00000  19.3%   334 2783s
 1133690 135591 infeasible   45        57.00000   68.00000  19.3%   334 2786s
 1135234 135691   64.72727   48   64   57.00000   68.00000  19.3%   334 2790s
 1136498 135744 infeasible   44        57.00000   68.00000  19.3%   334 2795s
 1138048 135794   61.92727   44   53   57.00000   68.00000  19.3%   334 2800s
 1141176 135825   58.87879   45   62   57.00000   68.00000  19.3%   334 2809s
 1142934 135882 infeasible   45        57.00000   68.00000  19.3%   334 2813s
 1144904 135913 infeasible   48        57.00000   68.00000  19.3%   334 2817s
 1146531 135943 infeasible   45        57.00000   68.00000  19.3%   334 2821s
 1148116 135954     cutoff   42        57.00000   68.00000  19.3%   334 2825s
 1151385 136118   61.90909   45   39   57.00000   68.00000  19.3%   334 2833s
 1152948 136129   61.90909   42   36   57.00000   68.00000  19.3%   334 2837s
 1154281 136164   67.90909   43   70   57.00000   68.00000  19.3%   334 2842s
 1156179 136219   62.00000   42   58   57.00000   68.00000  19.3%   334 2846s
 1157878 136280 infeasible   44        57.00000   68.00000  19.3%   334 2851s
 1159770 136296   61.90909   45  106   57.00000   68.00000  19.3%   334 2855s
 1163090 136371   62.00000   42   60   57.00000   68.00000  19.3%   334 2863s
 1164645 136423 infeasible   44        57.00000   68.00000  19.3%   334 2867s
 1166297 136392   61.92727   46  105   57.00000   68.00000  19.3%   334 2871s
 1167960 136397   64.72727   40   35   57.00000   68.00000  19.3%   334 2875s
 1171319 136496 infeasible   46        57.00000   68.00000  19.3%   334 2883s
 1172544 136593 infeasible   43        57.00000   68.00000  19.3%   334 2886s
 1174188 136631   62.00000   44   43   57.00000   68.00000  19.3%   334 2890s
 1177464 136698   61.90909   47   40   57.00000   68.00000  19.3%   334 2898s
 1179428 136730   65.00000   40   64   57.00000   68.00000  19.3%   334 2903s
 1180732 136788 infeasible   46        57.00000   68.00000  19.3%   334 2907s
 1182445 136822 infeasible   46        57.00000   68.00000  19.3%   334 2912s
 1184091 136835 infeasible   41        57.00000   68.00000  19.3%   334 2916s
 1187294 136954   67.90909   41   55   57.00000   68.00000  19.3%   334 2923s
 1189053 137006 infeasible   46        57.00000   68.00000  19.3%   334 2927s
 1190620 137027     cutoff   45        57.00000   68.00000  19.3%   334 2931s
 1194152 137086   61.93939   46   83   57.00000   68.00000  19.3%   334 2939s
 1195772 137167     cutoff   42        57.00000   68.00000  19.3%   334 2943s
 1196943 137199     cutoff   45        57.00000   68.00000  19.3%   334 2947s
 1198919 137213 infeasible   45        57.00000   68.00000  19.3%   334 2952s
 1200641 137197   64.99681   45   38   57.00000   68.00000  19.3%   334 2956s
 1201929 137217   61.87576   43   55   57.00000   67.98990  19.3%   334 2961s
 1203738 137256 infeasible   52        57.00000   67.98485  19.3%   334 2966s
 1205960 137334   61.72525   46  165   57.00000   67.98182  19.3%   334 2970s
 1209466 137508     cutoff   45        57.00000   67.96970  19.2%   334 2979s
 1211184 137526   61.93939   46   40   57.00000   67.96791  19.2%   334 2983s
 1212634 137520   61.80383   41   91   57.00000   67.95273  19.2%   334 2987s
 1213804 137564   61.90909   46   33   57.00000   67.95273  19.2%   334 2991s
 1217938 137723 infeasible   44        57.00000   67.93939  19.2%   333 2997s
 1219536 137718   61.87879   46   18   57.00000   67.93939  19.2%   333 3000s
 1222208 137664 infeasible   45        57.00000   67.90909  19.1%   333 3007s
 1223382 137619 infeasible   52        57.00000   67.90909  19.1%   333 3011s
 1224742 137569     cutoff   42        57.00000   67.90909  19.1%   333 3015s
 1226337 137524 infeasible   44        57.00000   67.90909  19.1%   333 3020s
 1227991 137502   61.90909   47   41   57.00000   67.90909  19.1%   333 3025s
 1230987 137434   61.90909   44   38   57.00000   67.90909  19.1%   333 3033s
 1232837 137379   61.81818   44  149   57.00000   67.90909  19.1%   333 3036s
 1234507 137374   62.00000   44   30   57.00000   67.90909  19.1%   333 3040s
 1237739 137298   65.00000   43  109   57.00000   67.90909  19.1%   333 3047s
 1239220 137241 infeasible   47        57.00000   67.90909  19.1%   333 3050s
 1240689 137161   67.90909   39  122   57.00000   67.90909  19.1%   334 3055s
 1244210 137106 infeasible   47        57.00000   67.90909  19.1%   333 3063s
 1245252 137104   61.90909   43   91   57.00000   67.90909  19.1%   333 3069s
 1246839 137086 infeasible   45        57.00000   67.90909  19.1%   333 3074s
 1248422 136994 infeasible   40        57.00000   67.90909  19.1%   333 3079s
 1250172 136933   61.87879   45   43   57.00000   67.90909  19.1%   333 3083s
 1251538 136842     cutoff   50        57.00000   67.89394  19.1%   333 3088s
 1253582 136773   65.90909   45  119   57.00000   67.87879  19.1%   333 3092s
 1255247 136654     cutoff   44        57.00000   67.87879  19.1%   333 3095s
 1259147 136467   64.81818   42   77   57.00000   67.86364  19.1%   333 3102s
 1260707 136279 infeasible   55        57.00000   67.84848  19.0%   333 3105s
 1264391 135732   62.00000   46   74   57.00000   67.81818  19.0%   333 3112s
 1266235 135527 infeasible   46        57.00000   67.81818  19.0%   333 3116s
 1267832 135291 infeasible   42        57.00000   67.81818  19.0%   333 3121s
 1269663 135123   65.00000   42   70   57.00000   67.81494  19.0%   333 3125s
 1272849 134649 infeasible   49        57.00000   67.78182  18.9%   333 3133s
 1274174 134224     cutoff   46        57.00000   67.75000  18.9%   333 3138s
 1275966 134043   66.93182   45   39   57.00000   67.72727  18.8%   333 3142s
 1277348 133908   64.54545   44  107   57.00000   67.71074  18.8%   332 3146s
 1278564 133681   65.00000   42   74   57.00000   67.67273  18.7%   333 3150s
 1281908 133405   62.87273   45   58   57.00000   67.63636  18.7%   332 3157s
 1283428 133373 infeasible   48        57.00000   67.55682  18.5%   332 3161s
 1284331 133330   65.96970   45   73   57.00000   67.54545  18.5%   332 3165s
 1287780 133342 infeasible   48        57.00000   67.40909  18.3%   332 3174s
 1287828 132586   61.85758   43  166   57.00000   67.40909  18.3%   332 3213s
 1303212 132736   65.00000   41  123   57.00000   67.20455  17.9%   332 3216s
 1304210 132735   61.85455   51   72   57.00000   67.16578  17.8%   332 3220s
 1306942 132652   63.81818   45   75   57.00000   67.00000  17.5%   332 3227s
 1308070 132616     cutoff   47        57.00000   67.00000  17.5%   332 3232s
 1309296 132581     cutoff   49        57.00000   67.00000  17.5%   332 3237s
 1310676 132544     cutoff   51        57.00000   67.00000  17.5%   332 3242s
 1312117 132469   63.81818   46   41   57.00000   67.00000  17.5%   332 3247s
 1313545 132410   60.75758   43   54   57.00000   67.00000  17.5%   332 3252s
 1314882 132370   63.90909   42   93   57.00000   67.00000  17.5%   332 3258s
 1316442 132315   58.00000   45   81   57.00000   67.00000  17.5%   332 3263s
 1317943 132252     cutoff   43        57.00000   67.00000  17.5%   333 3267s
 1319465 132192   66.86364   44   35   57.00000   67.00000  17.5%   333 3271s
 1320809 132138   66.90909   40   40   57.00000   67.00000  17.5%   333 3275s
 1324117 131978     cutoff   47        57.00000   67.00000  17.5%   333 3284s
 1325687 131926 infeasible   51        57.00000   67.00000  17.5%   333 3288s
 1327329 131849   60.90909   45   39   57.00000   67.00000  17.5%   333 3293s
 1328991 131781     cutoff   44        57.00000   67.00000  17.5%   333 3298s
 1330725 131731   64.00000   43   36   57.00000   67.00000  17.5%   333 3304s
 1332372 131696     cutoff   47        57.00000   67.00000  17.5%   333 3309s
 1333876 131631     cutoff   45        57.00000   67.00000  17.5%   333 3314s
 1335509 131555     cutoff   47        57.00000   67.00000  17.5%   334 3319s
 1337175 131508   64.00000   44   43   57.00000   67.00000  17.5%   334 3323s
 1338787 131451   60.90909   47   33   57.00000   67.00000  17.5%   334 3327s
 1340709 131383     cutoff   46        57.00000   67.00000  17.5%   334 3331s
 1342468 131355   63.95455   42   60   57.00000   67.00000  17.5%   334 3335s
 1345697 131313     cutoff   47        57.00000   67.00000  17.5%   334 3344s
 1347118 131256   64.00000   43   75   57.00000   67.00000  17.5%   334 3348s
 1348695 131208 infeasible   47        57.00000   67.00000  17.5%   334 3352s
 1350268 131189   60.90909   48   27   57.00000   67.00000  17.5%   334 3356s
 1351942 131138   64.00000   48   39   57.00000   67.00000  17.5%   334 3360s
 1355151 131042   63.81818   42   99   57.00000   67.00000  17.5%   334 3368s
 1356776 130986   63.87879   42   59   57.00000   67.00000  17.5%   334 3373s
 1358212 130935     cutoff   44        57.00000   67.00000  17.5%   334 3377s
 1359788 130870   66.90909   43   52   57.00000   67.00000  17.5%   334 3380s
 1363051 130774   61.00000   45   29   57.00000   67.00000  17.5%   334 3387s
 1364615 130703     cutoff   46        57.00000   67.00000  17.5%   335 3391s
 1366320 130626     cutoff   43        57.00000   67.00000  17.5%   335 3395s
 1369497 130568   60.90909   43  119   57.00000   67.00000  17.5%   335 3403s
 1370751 130513   63.90909   40   66   57.00000   67.00000  17.5%   335 3407s
 1372526 130475     cutoff   46        57.00000   67.00000  17.5%   335 3412s
 1374184 130430     cutoff   46        57.00000   67.00000  17.5%   335 3417s
 1375931 130381   64.00000   46   70   57.00000   67.00000  17.5%   335 3421s
 1377944 130337 infeasible   45        57.00000   67.00000  17.5%   335 3425s
 1381167 130274 infeasible   45        57.00000   67.00000  17.5%   335 3432s
 1382714 130201   67.00000   40  123   57.00000   67.00000  17.5%   335 3436s
 1386036 130069 infeasible   49        57.00000   67.00000  17.5%   335 3443s
 1387785 129981 infeasible   45        57.00000   67.00000  17.5%   335 3447s
 1389430 129953 infeasible   48        57.00000   67.00000  17.5%   335 3450s
 1392447 129891   64.00000   45   69   57.00000   67.00000  17.5%   335 3458s
 1394080 129844   64.00000   43   91   57.00000   67.00000  17.5%   335 3463s
 1395247 129782     cutoff   48        57.00000   67.00000  17.5%   335 3467s
 1396798 129743 infeasible   44        57.00000   67.00000  17.5%   335 3471s
 1398667 129678     cutoff   47        57.00000   67.00000  17.5%   335 3475s
 1401950 129552   60.87147   43   62   57.00000   67.00000  17.5%   335 3482s
 1403613 129497 infeasible   47        57.00000   67.00000  17.5%   336 3486s
 1405259 129444   64.00000   43   53   57.00000   67.00000  17.5%   336 3490s
 1408641 129304   63.90909   44   77   57.00000   67.00000  17.5%   336 3497s
 1410067 129319   64.00000   46   83   57.00000   66.98990  17.5%   336 3501s
 1413553 129308   60.81818   46   53   57.00000   66.98182  17.5%   336 3507s
 1414897 129284     cutoff   48        57.00000   66.98182  17.5%   336 3511s
 1415634 129276   61.00000   41  103   57.00000   66.97727  17.5%   336 3515s
 1418780 129187     cutoff   46        57.00000   66.96970  17.5%   336 3522s
 1420297 129129     cutoff   46        57.00000   66.95960  17.5%   336 3526s
 1421975 129093   60.90909   48   47   57.00000   66.94737  17.5%   336 3530s
 1425391 129039 infeasible   43        57.00000   66.93939  17.4%   336 3537s
 1427109 128995     cutoff   48        57.00000   66.93939  17.4%   336 3540s
 1430150 128781     cutoff   48        57.00000   66.90909  17.4%   336 3547s
 1431401 128656     cutoff   47        57.00000   66.90909  17.4%   336 3551s
 1434391 128366   61.00000   50   42   57.00000   66.90909  17.4%   336 3558s
 1435969 128222 infeasible   43        57.00000   66.90909  17.4%   336 3562s
 1437545 128097     cutoff   43        57.00000   66.90909  17.4%   336 3566s
 1439117 127957   64.00000   44   47   57.00000   66.90909  17.4%   336 3570s
 1442446 127702   63.85561   47   73   57.00000   66.90909  17.4%   336 3578s
 1443984 127554   64.00000   45   67   57.00000   66.90909  17.4%   336 3582s
 1445772 127461 infeasible   46        57.00000   66.90909  17.4%   336 3586s
 1446953 127333   64.00000   44   68   57.00000   66.90909  17.4%   336 3591s
 1448533 127184   60.75000   45   47   57.00000   66.90909  17.4%   336 3595s
 1451723 126942   66.85455   46   60   57.00000   66.90909  17.4%   336 3603s
 1453417 126750     cutoff   45        57.00000   66.90909  17.4%   336 3607s
 1455139 126571 infeasible   42        57.00000   66.89091  17.4%   336 3611s
 1457049 126388 infeasible   48        57.00000   66.87879  17.3%   336 3615s
 1460882 125870     cutoff   46        57.00000   66.86364  17.3%   336 3622s
 1462602 125504     cutoff   46        57.00000   66.83838  17.3%   336 3626s
 1464310 125077 infeasible   43        57.00000   66.81818  17.2%   336 3630s
 1467808 124489     cutoff   48        57.00000   66.81818  17.2%   336 3638s
 1469278 124194     cutoff   44        57.00000   66.78788  17.2%   336 3643s
 1470913 123586     cutoff   47        57.00000   66.76033  17.1%   336 3647s
 1472571 123326   66.63636   47   82   57.00000   66.72727  17.1%   336 3651s
 1475826 122832   62.94258   48   51   57.00000   66.63636  16.9%   336 3658s
 1477436 122672   61.00000   44   85   57.00000   66.59091  16.8%   336 3662s
 1479289 122648     cutoff   46        57.00000   66.51515  16.7%   336 3667s
 1480531 122654   61.90909   42   48   57.00000   66.45455  16.6%   336 3671s
 1481656 122651   64.78283   47   51   57.00000   66.45455  16.6%   336 3676s
 1483729 122699 infeasible   45        57.00000   66.40909  16.5%   336 3681s
 1486041 122609 infeasible   48        57.00000   66.40909  16.5%   336 3685s
 1489496 122421   61.87879   47   29   57.00000   66.25253  16.2%   336 3692s
 1490956 122302 infeasible   47        57.00000   66.18182  16.1%   336 3697s
 1492635 122165     cutoff   50        57.00000   66.06494  15.9%   336 3701s
 1493849 122034 infeasible   43        57.00000   66.00000  15.8%   336 3705s
 1496603 121855     cutoff   46        57.00000   66.00000  15.8%   336 3713s
 1498041 121784   66.00000   46   37   57.00000   66.00000  15.8%   336 3717s
 1499374 121678   62.78788   42   15   57.00000   66.00000  15.8%   336 3721s
 1500987 121543 infeasible   44        57.00000   66.00000  15.8%   336 3725s
 1503969 121321   62.74545   44   56   57.00000   66.00000  15.8%   336 3734s
 1505295 121227 infeasible   43        57.00000   66.00000  15.8%   336 3738s
 1507000 121094   59.90909   49   80   57.00000   66.00000  15.8%   336 3743s
 1508517 120957   62.81818   47   41   57.00000   66.00000  15.8%   336 3748s
 1510355 120826   66.00000   43   41   57.00000   66.00000  15.8%   336 3752s
 1512109 120698   62.72727   46  107   57.00000   66.00000  15.8%   336 3757s
 1513801 120626     cutoff   47        57.00000   66.00000  15.8%   336 3761s
 1515310 120453   62.81818   45   58   57.00000   66.00000  15.8%   336 3766s
 1517221 120348   66.00000   41   43   57.00000   66.00000  15.8%   336 3770s
 1518922 120241 infeasible   44        57.00000   66.00000  15.8%   336 3775s
 1522449 119999   63.00000   43   82   57.00000   66.00000  15.8%   336 3782s
 1524169 119893   62.87879   46   40   57.00000   66.00000  15.8%   336 3786s
 1525605 119760     cutoff   48        57.00000   66.00000  15.8%   336 3790s
 1528970 119572 infeasible   49        57.00000   66.00000  15.8%   336 3798s
 1530791 119436   62.87273   47   29   57.00000   66.00000  15.8%   336 3803s
 1532477 119296   66.00000   42   49   57.00000   66.00000  15.8%   336 3808s
 1534283 119128   62.80000   44  135   57.00000   66.00000  15.8%   336 3813s
 1536006 119020   66.00000   43   46   57.00000   66.00000  15.8%   336 3818s
 1537666 118913     cutoff   41        57.00000   66.00000  15.8%   336 3822s
 1539389 118844   62.96970   43   61   57.00000   66.00000  15.8%   336 3828s
 1540732 118741   63.00000   43   46   57.00000   66.00000  15.8%   336 3831s
 1542273 118642 infeasible   48        57.00000   66.00000  15.8%   336 3835s
 1545461 118422   62.63636   42   41   57.00000   66.00000  15.8%   336 3843s
 1547168 118292 infeasible   44        57.00000   66.00000  15.8%   336 3847s
 1549075 118202 infeasible   46        57.00000   66.00000  15.8%   336 3851s
 1550795 118068     cutoff   43        57.00000   66.00000  15.8%   336 3856s
 1552533 117915 infeasible   44        57.00000   66.00000  15.8%   336 3861s
 1554160 117784 infeasible   43        57.00000   66.00000  15.8%   336 3865s
 1557859 117550 infeasible   44        57.00000   66.00000  15.8%   336 3874s
 1559065 117448   63.00000   46   69   57.00000   66.00000  15.8%   336 3879s
 1560707 117340   63.00000   44   59   57.00000   66.00000  15.8%   336 3884s
 1562253 117225     cutoff   43        57.00000   66.00000  15.8%   336 3888s
 1563845 117097 infeasible   41        57.00000   66.00000  15.8%   336 3891s
 1567189 116834   62.93182   47  148   57.00000   66.00000  15.8%   336 3898s
 1569025 116730   63.00000   43   84   57.00000   66.00000  15.8%   336 3901s
 1570849 116610   66.00000   43   63   57.00000   66.00000  15.8%   336 3905s
 1574144 116356   63.00000   49   52   57.00000   66.00000  15.8%   336 3912s
 1575748 116227   59.83333   42   37   57.00000   66.00000  15.8%   336 3916s
 1577498 116180     cutoff   47        57.00000   66.00000  15.8%   336 3920s
 1578654 116048   60.00000   48   21   57.00000   66.00000  15.8%   336 3925s
 1582329 115759 infeasible   46        57.00000   66.00000  15.8%   336 3933s
 1584200 115655   62.90909   42   67   57.00000   66.00000  15.8%   335 3937s
 1585741 115520 infeasible   51        57.00000   66.00000  15.8%   335 3941s
 1587389 115406 infeasible   42        57.00000   66.00000  15.8%   335 3945s
 1590359 115246     cutoff   43        57.00000   66.00000  15.8%   335 3951s
 1593201 114999     cutoff   45        57.00000   66.00000  15.8%   335 3958s
 1594949 114878   65.90909   44   78   57.00000   66.00000  15.8%   335 3961s
 1596512 114763   62.90909   42   45   57.00000   66.00000  15.8%   335 3965s
 1598112 114745     cutoff   48        57.00000   66.00000  15.8%   335 3974s
 1598585 114634   63.00000   44   50   57.00000   66.00000  15.8%   335 3978s
 1599977 114520   66.00000   43   67   57.00000   66.00000  15.8%   335 3984s
 1601253 114381     cutoff   44        57.00000   66.00000  15.8%   335 3989s
 1602936 114241   66.00000   44   63   57.00000   66.00000  15.8%   335 3994s
 1604870 114130   62.80383   40   78   57.00000   66.00000  15.8%   335 4000s
 1608315 113903   62.90909   48   81   57.00000   66.00000  15.8%   335 4009s
 1610053 113788     cutoff   47        57.00000   66.00000  15.8%   335 4013s
 1611775 113655   63.00000   46   46   57.00000   66.00000  15.8%   335 4017s
 1613655 113495   62.96970   45   70   57.00000   66.00000  15.8%   335 4021s
 1615559 113386     cutoff   44        57.00000   66.00000  15.8%   335 4025s
 1618889 113131     cutoff   42        57.00000   66.00000  15.8%   335 4034s
 1620537 112998 infeasible   43        57.00000   66.00000  15.8%   335 4038s
 1621881 112864     cutoff   46        57.00000   66.00000  15.8%   335 4043s
 1623439 112687 infeasible   42        57.00000   65.98485  15.8%   335 4048s
 1625475 112503     cutoff   49        57.00000   65.98182  15.8%   335 4052s
 1627280 112369     cutoff   42        57.00000   65.96970  15.7%   335 4056s
 1628753 112249     cutoff   48        57.00000   65.96970  15.7%   335 4061s
 1630320 112127     cutoff   43        57.00000   65.95644  15.7%   335 4065s
 1633842 111876     cutoff   46        57.00000   65.93939  15.7%   335 4072s
 1635716 111728 infeasible   47        57.00000   65.93939  15.7%   335 4076s
 1637583 111709 infeasible   47        57.00000   65.93182  15.7%   335 4080s
 1639392 111230     cutoff   43        57.00000   65.90909  15.6%   335 4088s
 1641080 110936   62.93939   46   60   57.00000   65.90909  15.6%   335 4093s
 1642878 110650 infeasible   44        57.00000   65.90909  15.6%   335 4097s
 1644639 110368 infeasible   46        57.00000   65.90909  15.6%   335 4102s
 1646471 110107 infeasible   46        57.00000   65.90909  15.6%   335 4107s
 1648075 109830     cutoff   44        57.00000   65.90909  15.6%   335 4112s
 1649839 109572   63.00000   45   49   57.00000   65.90909  15.6%   335 4115s
 1653162 109091 infeasible   39        57.00000   65.90909  15.6%   335 4123s
 1654775 108834   62.87879   44  121   57.00000   65.90909  15.6%   335 4126s
 1656302 108632   59.72727   48   43   57.00000   65.89091  15.6%   335 4130s
 1660033 108079 infeasible   50        57.00000   65.86797  15.6%   335 4137s
 1661614 107820   62.95455   43   46   57.00000   65.84848  15.5%   334 4140s
 1665094 106728 infeasible   46        57.00000   65.81818  15.5%   334 4148s
 1666915 106419 infeasible   44        57.00000   65.81818  15.5%   334 4152s
 1668331 105947     cutoff   44        57.00000   65.78788  15.4%   334 4155s
 1671597 105012     cutoff   45        57.00000   65.72727  15.3%   334 4163s
 1673226 104617     cutoff   45        57.00000   65.69091  15.2%   334 4168s
 1675018 104388     cutoff   44        57.00000   65.63636  15.2%   334 4172s
 1676693 104171   61.00000   47   38   57.00000   65.58824  15.1%   334 4176s
 1679691 103892 infeasible   45        57.00000   65.45455  14.8%   334 4183s
 1681406 103724     cutoff   46        57.00000   65.40909  14.8%   334 4186s
 1682951 103554   62.90909   45  102   57.00000   65.34848  14.6%   334 4190s
 1685996 103237     cutoff   50        57.00000   65.11364  14.2%   334 4197s
 1687654 103095   61.85455   46   26   57.00000   65.00000  14.0%   334 4201s
 1688908 102950   65.00000   46   27   57.00000   65.00000  14.0%   334 4205s
 1691505 102696 infeasible   48        57.00000   65.00000  14.0%   334 4213s
 1693196 102559     cutoff   44        57.00000   65.00000  14.0%   334 4218s
 1694759 102404   64.75758   46   48   57.00000   65.00000  14.0%   334 4222s
 1696562 102215 infeasible   45        57.00000   65.00000  14.0%   334 4226s
 1698189 102096   64.78636   47   74   57.00000   65.00000  14.0%   334 4230s
 1701252 101810 infeasible   49        57.00000   65.00000  14.0%   334 4237s
 1702958 101690 infeasible   47        57.00000   65.00000  14.0%   334 4241s
 1706283 101454   62.00000   43   42   57.00000   65.00000  14.0%   334 4248s
 1707973 101351   61.79293   45   53   57.00000   65.00000  14.0%   334 4252s
 1709217 101213 infeasible   44        57.00000   65.00000  14.0%   334 4256s
 1710870 101056   61.90909   45   20   57.00000   65.00000  14.0%   334 4260s
 1712688 100941   64.90909   43   37   57.00000   65.00000  14.0%   334 4265s
 1714210 100772   62.00000   42   43   57.00000   65.00000  14.0%   334 4270s
 1717558 100530   61.90909   43   39   57.00000   65.00000  14.0%   334 4279s
 1719302 100375 infeasible   46        57.00000   65.00000  14.0%   334 4283s
 1720935 100229 infeasible   44        57.00000   65.00000  14.0%   334 4287s
 1722583 100088   64.81818   42   51   57.00000   65.00000  14.0%   334 4291s
 1724091 99922     cutoff   46        57.00000   65.00000  14.0%   334 4296s
 1725875 99820   61.90909   42   42   57.00000   65.00000  14.0%   334 4300s
 1729035 99557     cutoff   44        57.00000   65.00000  14.0%   334 4308s
 1730720 99396 infeasible   44        57.00000   65.00000  14.0%   334 4312s
 1732468 99211     cutoff   46        57.00000   65.00000  14.0%   334 4316s
 1735836 98943 infeasible   46        57.00000   65.00000  14.0%   334 4323s
 1737477 98819 infeasible   43        57.00000   65.00000  14.0%   334 4327s
 1739231 98710 infeasible   46        57.00000   65.00000  14.0%   334 4331s
 1740498 98579 infeasible   44        57.00000   65.00000  14.0%   334 4335s
 1744003 98325 infeasible   44        57.00000   65.00000  14.0%   334 4343s
 1745552 98232   62.90909   45   52   57.00000   65.00000  14.0%   334 4347s
 1747391 98109 infeasible   48        57.00000   65.00000  14.0%   334 4351s
 1749052 98008   61.00000   42   30   57.00000   65.00000  14.0%   334 4355s
 1752376 97745 infeasible   42        57.00000   65.00000  14.0%   334 4363s
 1754100 97596 infeasible   44        57.00000   65.00000  14.0%   334 4367s
 1755860 97470   64.81818   43   50   57.00000   65.00000  14.0%   334 4372s
 1757511 97390 infeasible   45        57.00000   65.00000  14.0%   334 4376s
 1759138 97261     cutoff   47        57.00000   65.00000  14.0%   334 4380s
 1760900 97151 infeasible   47        57.00000   65.00000  14.0%   334 4385s
 1763910 96876 infeasible   47        57.00000   65.00000  14.0%   334 4392s
 1765755 96747     cutoff   46        57.00000   65.00000  14.0%   334 4396s
 1769012 96486 infeasible   44        57.00000   65.00000  14.0%   334 4402s
 1770798 96378 infeasible   47        57.00000   65.00000  14.0%   334 4406s
 1773943 96141     cutoff   42        57.00000   65.00000  14.0%   334 4413s
 1775604 96050   61.90909   45   66   57.00000   65.00000  14.0%   334 4416s
 1776574 95984 infeasible   42        57.00000   65.00000  14.0%   334 4420s
 1779525 95719     cutoff   43        57.00000   65.00000  14.0%   334 4428s
 1781253 95576   61.95455   40   86   57.00000   65.00000  14.0%   334 4432s
 1782880 95426   61.87273   48   63   57.00000   65.00000  14.0%   334 4437s
 1784808 95272 infeasible   43        57.00000   65.00000  14.0%   334 4440s
 1786586 95143     cutoff   47        57.00000   65.00000  14.0%   334 4445s
 1789967 94884 infeasible   45        57.00000   65.00000  14.0%   334 4452s
 1791640 94774 infeasible   43        57.00000   65.00000  14.0%   334 4456s
 1793287 94664 infeasible   40        57.00000   65.00000  14.0%   334 4460s
 1796664 94340     cutoff   45        57.00000   65.00000  14.0%   334 4467s
 1798524 94203   61.82759   42   84   57.00000   65.00000  14.0%   334 4471s
 1801753 93978     cutoff   48        57.00000   65.00000  14.0%   334 4478s
 1803343 93864 infeasible   49        57.00000   65.00000  14.0%   334 4481s
 1806759 93620   62.00000   42   72   57.00000   65.00000  14.0%   334 4488s
 1808289 93507 infeasible   46        57.00000   65.00000  14.0%   334 4491s
 1809943 93395 infeasible   45        57.00000   65.00000  14.0%   334 4495s
 1812719 93120     cutoff   43        57.00000   65.00000  14.0%   334 4502s
 1814724 92978     cutoff   46        57.00000   65.00000  14.0%   334 4506s
 1816512 92843     cutoff   47        57.00000   65.00000  14.0%   334 4510s
 1819731 92526 infeasible   46        57.00000   65.00000  14.0%   334 4517s
 1821310 92322   61.90152   41   89   57.00000   65.00000  14.0%   334 4521s
 1822459 92204   62.00000   48   53   57.00000   64.98990  14.0%   334 4525s
 1826013 91856   61.89050   49  151   57.00000   64.97727  14.0%   334 4533s
 1827479 91703     cutoff   47        57.00000   64.96970  14.0%   334 4537s
 1829085 91517   61.90909   46   28   57.00000   64.96970  14.0%   334 4541s
 1831015 91421   61.85859   47   75   57.00000   64.95455  14.0%   333 4546s
 1832133 91219 infeasible   45        57.00000   64.94545  13.9%   333 4551s
 1834163 91025   62.00000   40   68   57.00000   64.93939  13.9%   333 4555s
 1837920 90571 infeasible   48        57.00000   64.91212  13.9%   333 4563s
 1839427 90264   61.79293   49   48   57.00000   64.90909  13.9%   333 4567s
 1841060 89960 infeasible   47        57.00000   64.90909  13.9%   333 4571s
 1842725 89632 infeasible   45        57.00000   64.90909  13.9%   333 4575s
 1846155 89047     cutoff   50        57.00000   64.90909  13.9%   333 4584s
 1847956 88762 infeasible   48        57.00000   64.90909  13.9%   333 4588s
 1849663 88501     cutoff   43        57.00000   64.90909  13.9%   333 4592s
 1851189 88208 infeasible   44        57.00000   64.90909  13.9%   333 4596s
 1852714 87942 infeasible   47        57.00000   64.89394  13.8%   333 4601s
 1854274 87586 infeasible   45        57.00000   64.87879  13.8%   333 4605s
 1857530 86985 infeasible   44        57.00000   64.85455  13.8%   333 4613s
 1859074 86444   61.86364   47   41   57.00000   64.83333  13.7%   333 4617s
 1860924 85883     cutoff   47        57.00000   64.81818  13.7%   333 4621s
 1862626 85489 infeasible   47        57.00000   64.81818  13.7%   333 4625s
 1863963 85203     cutoff   49        57.00000   64.79399  13.7%   333 4631s
 1864841 84689     cutoff   45        57.00000   64.78788  13.7%   333 4636s
 1866267 84225   61.78788   48  105   57.00000   64.77273  13.6%   333 4641s
 1867758 83822 infeasible   45        57.00000   64.72727  13.6%   333 4646s
 1869529 83541   61.84848   43  121   57.00000   64.64463  13.4%   333 4652s
 1871168 83227   62.96970   45  109   57.00000   64.59091  13.3%   333 4657s
 1872796 83047 infeasible   45        57.00000   64.47475  13.1%   333 4662s
 1874560 82801 infeasible   49        57.00000   64.45455  13.1%   333 4667s
 1876572 82557   61.81818   42   36   57.00000   64.38636  13.0%   333 4672s
 1878029 82258     cutoff   50        57.00000   64.25620  12.7%   333 4676s
 1879777 82039   62.87879   48   51   57.00000   64.11364  12.5%   332 4681s
 1881448 81837   64.00000   43   34   57.00000   64.01818  12.3%   332 4686s
 1882468 81646     cutoff   52        57.00000   64.00000  12.3%   333 4691s
 1883662 81420   64.00000   42   54   57.00000   64.00000  12.3%   333 4697s
 1885049 81237   61.00000   48   27   57.00000   64.00000  12.3%   333 4703s
 1886316 81003     cutoff   50        57.00000   64.00000  12.3%   333 4709s
 1887797 80753   60.81818   46   24   57.00000   64.00000  12.3%   333 4716s
 1889293 80521 infeasible   44        57.00000   64.00000  12.3%   333 4723s
 1890839 80325   63.87879   46   70   57.00000   64.00000  12.3%   333 4730s
 1892291 80135     cutoff   49        57.00000   64.00000  12.3%   333 4735s
 1893831 79919     cutoff   45        57.00000   64.00000  12.3%   333 4741s
 1895500 79676 infeasible   48        57.00000   64.00000  12.3%   333 4747s
 1897200 79510   61.00000   43   45   57.00000   64.00000  12.3%   333 4754s
 1898310 79257   60.45455   44   29   57.00000   64.00000  12.3%   333 4760s
 1900069 79028   64.00000   44   45   57.00000   64.00000  12.3%   333 4766s
 1901705 78797 infeasible   46        57.00000   64.00000  12.3%   333 4772s
 1903321 78546     cutoff   46        57.00000   64.00000  12.3%   334 4778s
 1905035 78290     cutoff   47        57.00000   64.00000  12.3%   334 4784s
 1906823 78064 infeasible   44        57.00000   64.00000  12.3%   334 4790s
 1908514 77853     cutoff   45        57.00000   64.00000  12.3%   334 4796s
 1910066 77668   61.00000   44   43   57.00000   64.00000  12.3%   334 4802s
 1911612 77391   61.00000   42   64   57.00000   64.00000  12.3%   334 4808s
 1913349 77160   61.00000   46   47   57.00000   64.00000  12.3%   334 4814s
 1915133 76911 infeasible   43        57.00000   64.00000  12.3%   334 4819s
 1916746 76726     cutoff   47        57.00000   64.00000  12.3%   334 4825s
 1918226 76488     cutoff   42        57.00000   64.00000  12.3%   334 4830s
 1919857 76296 infeasible   45        57.00000   64.00000  12.3%   334 4835s
 1921392 76094     cutoff   47        57.00000   64.00000  12.3%   334 4840s
 1923012 75885   63.75758   50   68   57.00000   64.00000  12.3%   334 4846s
 1924835 75623   61.00000   41   63   57.00000   64.00000  12.3%   334 4852s
 1926559 75419   61.00000   43   29   57.00000   64.00000  12.3%   334 4858s
 1928280 75203 infeasible   48        57.00000   64.00000  12.3%   334 4863s
 1929939 74963     cutoff   48        57.00000   64.00000  12.3%   334 4869s
 1931729 74742 infeasible   46        57.00000   64.00000  12.3%   334 4875s
 1933381 74557     cutoff   47        57.00000   64.00000  12.3%   334 4882s
 1935024 74358     cutoff   49        57.00000   64.00000  12.3%   334 4887s
 1936646 74158     cutoff   45        57.00000   64.00000  12.3%   335 4892s
 1938086 73922   63.90909   41   61   57.00000   64.00000  12.3%   335 4896s
 1939990 73678 infeasible   45        57.00000   64.00000  12.3%   335 4900s
 1943229 73221   63.87879   45   73   57.00000   64.00000  12.3%   335 4908s
 1944917 73007     cutoff   43        57.00000   64.00000  12.3%   335 4912s
 1946571 72792   63.94258   43   44   57.00000   64.00000  12.3%   335 4917s
 1948213 72583 infeasible   45        57.00000   64.00000  12.3%   335 4922s
 1949710 72353     cutoff   43        57.00000   64.00000  12.3%   335 4927s
 1951324 72161   63.96970   40   65   57.00000   64.00000  12.3%   335 4933s
 1952612 71915     cutoff   46        57.00000   64.00000  12.3%   335 4938s
 1954298 71670     cutoff   47        57.00000   64.00000  12.3%   335 4944s
 1955972 71427 infeasible   44        57.00000   64.00000  12.3%   335 4949s
 1957552 71213     cutoff   46        57.00000   64.00000  12.3%   335 4953s
 1959249 71005 infeasible   50        57.00000   64.00000  12.3%   335 4957s
 1961031 70763   60.72727   44   92   57.00000   64.00000  12.3%   335 4961s
 1962712 70544 infeasible   50        57.00000   64.00000  12.3%   335 4965s
 1966128 70147   64.00000   44   61   57.00000   64.00000  12.3%   335 4973s
 1967370 70137     cutoff   45        57.00000   64.00000  12.3%   335 4980s
 1967410 70084   60.89864   42   41   57.00000   64.00000  12.3%   335 4985s
 1967826 69757   62.00000   45   28   57.00000   64.00000  12.3%   335 4990s
 1969488 69417 infeasible   46        57.00000   64.00000  12.3%   335 4995s
 1971426 68972     cutoff   47        57.00000   63.96970  12.2%   335 5000s
 1973769 68527 infeasible   49        57.00000   63.93182  12.2%   335 5005s
 1975151 67970     cutoff   42        57.00000   63.90909  12.1%   335 5010s
 1978740 66938     cutoff   44        57.00000   63.90909  12.1%   335 5017s
 1980585 66356     cutoff   46        57.00000   63.90909  12.1%   335 5021s
 1982251 65909     cutoff   48        57.00000   63.86364  12.0%   335 5025s
 1983186 65109 infeasible   43        57.00000   63.84848  12.0%   335 5030s
 1984622 64241     cutoff   46        57.00000   63.81818  12.0%   335 5035s
 1986352 63430   60.81818   46   52   57.00000   63.75758  11.9%   335 5040s
 1988107 63008   61.92929   47   42   57.00000   63.63636  11.6%   335 5045s
 1989837 62711 infeasible   49        57.00000   63.50000  11.4%   335 5051s
 1991765 62315   61.98990   43   61   57.00000   63.40909  11.2%   335 5056s
 1993439 61917   62.82759   46   46   57.00000   63.22727  10.9%   335 5061s
 1995173 61419     cutoff   49        57.00000   63.00000  10.5%   335 5065s
 1998600 60410 infeasible   45        57.00000   63.00000  10.5%   335 5073s
 2000394 59957   62.90909   43   33   57.00000   63.00000  10.5%   335 5076s
 2002108 59447 infeasible   47        57.00000   63.00000  10.5%   335 5080s
 2005800 58610     cutoff   43        57.00000   63.00000  10.5%   335 5087s
 2007501 58103     cutoff   47        57.00000   63.00000  10.5%   335 5092s
 2009522 57649     cutoff   46        57.00000   63.00000  10.5%   335 5096s
 2011336 57245     cutoff   47        57.00000   63.00000  10.5%   335 5101s
 2013012 56807     cutoff   46        57.00000   63.00000  10.5%   335 5105s
 2016399 55945 infeasible   45        57.00000   63.00000  10.5%   335 5113s
 2018345 55482 infeasible   42        57.00000   63.00000  10.5%   335 5117s
 2020133 55087 infeasible   46        57.00000   63.00000  10.5%   335 5121s
 2023670 54266 infeasible   48        57.00000   63.00000  10.5%   335 5127s
 2025488 53923   62.90909   44   48   57.00000   63.00000  10.5%   335 5130s
 2028721 53092   62.90909   47   67   57.00000   63.00000  10.5%   335 5136s
 2031309 52363   62.81818   45   35   57.00000   63.00000  10.5%   335 5143s
 2032975 51956 infeasible   47        57.00000   63.00000  10.5%   334 5147s
 2034529 51559     cutoff   45        57.00000   63.00000  10.5%   334 5151s
 2036154 51145 infeasible   47        57.00000   63.00000  10.5%   334 5156s
 2037713 50759   62.97727   45   79   57.00000   62.98485  10.5%   334 5160s
 2041091 49713   62.72727   46   38   57.00000   62.93939  10.4%   334 5168s
 2042558 49054     cutoff   47        57.00000   62.90909  10.4%   334 5173s
 2044194 48258 infeasible   51        57.00000   62.90909  10.4%   334 5177s
 2045981 47434 infeasible   41        57.00000   62.90909  10.4%   334 5181s
 2049280 45280     cutoff   41        57.00000   62.82182  10.2%   334 5188s
 2051063 44323   62.81818   41   86   57.00000   62.81818  10.2%   334 5191s
 2054221 42802   61.00000   48   28   57.00000   62.67045  9.95%   334 5198s
 2055495 42073     cutoff   45        57.00000   62.49615  9.64%   334 5201s
 2056816 41603   61.79221   45   27   57.00000   62.34848  9.38%   334 5206s
 2058268 41098   62.00000   44   33   57.00000   62.00000  8.77%   334 5210s
 2059964 40639 infeasible   47        57.00000   62.00000  8.77%   334 5215s
 2063340 39696 infeasible   44        57.00000   62.00000  8.77%   334 5224s
 2065101 39224     cutoff   47        57.00000   62.00000  8.77%   334 5228s
 2067002 38873 infeasible   48        57.00000   62.00000  8.77%   334 5233s
 2068422 38409     cutoff   50        57.00000   62.00000  8.77%   334 5237s
 2070310 37928 infeasible   49        57.00000   62.00000  8.77%   334 5241s
 2074088 37100     cutoff   44        57.00000   62.00000  8.77%   334 5247s
 2075829 36685   61.83030   46   57   57.00000   62.00000  8.77%   334 5250s
 2079433 35891 infeasible   46        57.00000   62.00000  8.77%   334 5256s
 2082886 35094 infeasible   51        57.00000   62.00000  8.77%   333 5262s
 2084572 34839   61.95455   49   69   57.00000   62.00000  8.77%   333 5266s
 2087573 34085 infeasible   47        57.00000   62.00000  8.77%   333 5273s
 2089433 33676     cutoff   46        57.00000   62.00000  8.77%   333 5276s
 2091210 33251   61.93939   48   53   57.00000   62.00000  8.77%   333 5280s
 2094624 32486 infeasible   45        57.00000   62.00000  8.77%   333 5286s
 2097729 31652 infeasible   44        57.00000   62.00000  8.77%   333 5293s
 2099271 31201   61.95455   46   62   57.00000   62.00000  8.77%   333 5296s
 2101063 30690   61.93182   43   34   57.00000   62.00000  8.77%   333 5300s
 2104440 29611   60.00000   48   74   57.00000   61.93939  8.67%   333 5307s
 2105755 28822 infeasible   49        57.00000   61.90909  8.61%   333 5311s
 2108709 27003     cutoff   44        57.00000   61.90909  8.61%   333 5318s
 2110245 25587   61.81818   44   74   57.00000   61.84848  8.51%   333 5322s
 2112150 24409     cutoff   48        57.00000   61.81818  8.45%   332 5326s
 2113585 23636     cutoff   49        57.00000   61.75758  8.35%   332 5330s
 2116060 21814     cutoff   50        57.00000   61.45455  7.81%   332 5338s
 2117353 21339     cutoff   46        57.00000   61.00000  7.02%   333 5342s
 2118379 20645     cutoff   45        57.00000   61.00000  7.02%   333 5346s
 2119931 19978 infeasible   49        57.00000   61.00000  7.02%   333 5350s
 2123225 18635     cutoff   46        57.00000   61.00000  7.02%   333 5357s
 2124854 18014 infeasible   48        57.00000   61.00000  7.02%   333 5362s
 2126428 17408   61.00000   44   62   57.00000   61.00000  7.02%   333 5366s
 2129543 16130     cutoff   45        57.00000   61.00000  7.02%   333 5373s
 2130906 15022 infeasible   50        57.00000   61.00000  7.02%   333 5379s
 2132795 13243 infeasible   43        57.00000   60.96970  6.96%   333 5383s
 2134819 11482     cutoff   48        57.00000   60.77778  6.63%   333 5388s
 2136976 10759 infeasible   45        57.00000   60.00000  5.26%   332 5393s
 2138674  9125 infeasible   45        57.00000   60.00000  5.26%   332 5397s
 2141340  7778   59.93939   46   94   57.00000   60.00000  5.26%   332 5401s
 2146014  5022     cutoff   45        57.00000   59.27273  3.99%   332 5406s
 2147056  4304 infeasible   51        57.00000   59.00000  3.51%   332 5410s
 2151343     0 infeasible   46        57.00000   59.00000  3.51%   332 5416s

Cutting planes:
  Zero half: 3

Explored 2154049 nodes (713906085 simplex iterations) in 5416.41 seconds (12676.03 work units)
Thread count was 16 (of 16 available processors)

Solution count 10: 57 57 57 ... 49

Optimal solution found (tolerance 1.00e-04)
Best objective 5.700000000000e+01, best bound 5.700000000000e+01, gap 0.0000%

Wrote result file '/root/bgw/data/results/2026_03_23_14_14_12_set_exp_2_exp_2_n035_c008_g002_max.sol'

