[2026-03-23T16:06:45.262Z] Pipeline "set_exp_3_exp_3_n030_c003_g001" → 2026_03_23_16_06_45_set_exp_3_exp_3_n030_c003_g001_max.sol
Set parameter WLSAccessID
Set parameter WLSSecret
Set parameter LicenseID to value 2792458
Set parameter LogFile to value "gurobi.log"
Using license file /root/gurobi.lic
Academic license 2792458 - for non-commercial use only - registered to an___@studenti.unipg.it

Gurobi Optimizer version 13.0.1 build v13.0.1rc0 (linux64 - "Ubuntu 24.04.4 LTS")
Copyright (c) 2026, Gurobi Optimization, LLC

Warning: Duplicate section found (read 'binary') - Is a variable name equal to an LP file format keyword?
Warning: Duplicate section found (read 'binary') - Is a variable name equal to an LP file format keyword?
Warning: Duplicate section found (read 'binary') - Is a variable name equal to an LP file format keyword?
Warning: Duplicate section found (read 'binary') - Is a variable name equal to an LP file format keyword?
Warning: Duplicate section found (read 'binary') - Is a variable name equal to an LP file format keyword?
Warning: Duplicate section found (read 'binary') - Is a variable name equal to an LP file format keyword?
Warning: Duplicate section found (read 'binary') - Is a variable name equal to an LP file format keyword?
Warning: Duplicate section found (read 'binary') - Is a variable name equal to an LP file format keyword?
Warning: Duplicate section found (read 'binary') - Is a variable name equal to an LP file format keyword?
Warning: Duplicate section found (read 'binary') - Is a variable name equal to an LP file format keyword?
Warning: Further warnings of this type will be omitted.
Read LP format model from file /root/bgw/data/uploads/2026_03_23_16_06_45_set_exp_3_exp_3_n030_c003_g001_max.lp
Reading time = 0.01 seconds
: 9201 rows, 667 columns, 27379 nonzeros

Using Gurobi shared library /opt/gurobi1301/linux64/lib/libgurobi.so.13.0.1

CPU model: AMD EPYC-Genoa Processor, instruction set [SSE2|AVX|AVX2|AVX512]
Thread count: 16 physical cores, 16 logical processors, using up to 16 threads

Academic license 2792458 - for non-commercial use only - registered to an___@studenti.unipg.it
Optimize a model with 9201 rows, 667 columns and 27379 nonzeros (Max)
Model fingerprint: 0xd0e387a3
Model has 7 linear objective coefficients
Variable types: 37 continuous, 630 integer (630 binary)
Coefficient statistics:
  Matrix range     [1e+00, 3e+01]
  Objective range  [1e+00, 1e+00]
  Bounds range     [1e+00, 1e+00]
  RHS range        [1e+00, 3e+01]

Found heuristic solution: objective 7.0000000
Presolve removed 1047 rows and 210 columns
Presolve time: 0.03s
Presolved: 8154 rows, 457 columns, 24732 nonzeros
Variable types: 0 continuous, 457 integer (447 binary)

Root relaxation: objective 3.100000e+01, 281 iterations, 0.02 seconds (0.03 work units)

    Nodes    |    Current Node    |     Objective Bounds      |     Work
 Expl Unexpl |  Obj  Depth IntInf | Incumbent    BestBd   Gap | It/Node Time

     0     0   31.00000    0   15    7.00000   31.00000   343%     -    0s
H    0     0                      20.0000000   31.00000  55.0%     -    0s
     0     0   31.00000    0   21   20.00000   31.00000  55.0%     -    0s
     0     0   31.00000    0   28   20.00000   31.00000  55.0%     -    0s
     0     0   31.00000    0   15   20.00000   31.00000  55.0%     -    0s
     0     0   31.00000    0   17   20.00000   31.00000  55.0%     -    0s
     0     0   31.00000    0   17   20.00000   31.00000  55.0%     -    0s
     0     0   31.00000    0   22   20.00000   31.00000  55.0%     -    0s
     0     0   31.00000    0   19   20.00000   31.00000  55.0%     -    0s
     0     0   30.96429    0   14   20.00000   30.96429  54.8%     -    0s
     0     0   30.89286    0   18   20.00000   30.89286  54.5%     -    0s
     0     0   30.89286    0   18   20.00000   30.89286  54.5%     -    0s
     0     0   30.00000    0   18   20.00000   30.00000  50.0%     -    0s
     0     0   30.00000    0   18   20.00000   30.00000  50.0%     -    0s
     0     0   30.00000    0   18   20.00000   30.00000  50.0%     -    0s
     0     0   30.00000    0   18   20.00000   30.00000  50.0%     -    0s
     0     2   30.00000    0   18   20.00000   30.00000  50.0%     -    0s

Cutting planes:
  Gomory: 1
  Cover: 6
  MIR: 19
  Inf proof: 11
  Zero half: 3

Explored 784 nodes (56549 simplex iterations) in 1.02 seconds (1.31 work units)
Thread count was 16 (of 16 available processors)

Solution count 2: 20 7 

Optimal solution found (tolerance 1.00e-04)
Best objective 2.000000000000e+01, best bound 2.000000000000e+01, gap 0.0000%

Wrote result file '/root/bgw/data/results/2026_03_23_16_06_45_set_exp_3_exp_3_n030_c003_g001_max.sol'

