[2026-03-24T20:13:57.153Z] Pipeline "set_vm-4-t1_vm-4-t1_s031_g003" → 2026_03_24_20_13_57_set_vm-4-t1_vm-4-t1_s031_g003_max.sol
Set parameter Username
Set parameter LicenseID to value 2797659
Set parameter LogFile to value "gurobi.log"
Using license file /opt/gurobi/gurobi.lic
Academic license - for non-commercial use only - expires 2027-03-24

Gurobi Optimizer version 13.0.1 build v13.0.1rc0 (linux64 - "Ubuntu 24.04.4 LTS")
Copyright (c) 2026, Gurobi Optimization, LLC

Warning: Duplicate section found (read 'binary') - Is a variable name equal to an LP file format keyword?
Warning: Duplicate section found (read 'binary') - Is a variable name equal to an LP file format keyword?
Warning: Duplicate section found (read 'binary') - Is a variable name equal to an LP file format keyword?
Warning: Duplicate section found (read 'binary') - Is a variable name equal to an LP file format keyword?
Warning: Duplicate section found (read 'binary') - Is a variable name equal to an LP file format keyword?
Warning: Duplicate section found (read 'binary') - Is a variable name equal to an LP file format keyword?
Warning: Duplicate section found (read 'binary') - Is a variable name equal to an LP file format keyword?
Warning: Duplicate section found (read 'binary') - Is a variable name equal to an LP file format keyword?
Warning: Duplicate section found (read 'binary') - Is a variable name equal to an LP file format keyword?
Warning: Duplicate section found (read 'binary') - Is a variable name equal to an LP file format keyword?
Warning: Further warnings of this type will be omitted.
Read LP format model from file /root/bgw/data/uploads/2026_03_24_20_13_57_set_vm-4-t1_vm-4-t1_s031_g003_max.lp
Reading time = 0.02 seconds
: 12326 rows, 668 columns, 37762 nonzeros

Using Gurobi shared library /opt/gurobi1301/linux64/lib/libgurobi.so.13.0.1

CPU model: AMD EPYC-Genoa Processor, instruction set [SSE2|AVX|AVX2|AVX512]
Thread count: 16 physical cores, 16 logical processors, using up to 16 threads

Optimize a model with 12326 rows, 668 columns and 37762 nonzeros (Max)
Model fingerprint: 0x4ab85257
Model has 16 linear objective coefficients
Variable types: 50 continuous, 618 integer (618 binary)
Coefficient statistics:
  Matrix range     [1e+00, 4e+01]
  Objective range  [1e+00, 1e+00]
  Bounds range     [1e+00, 1e+00]
  RHS range        [1e+00, 4e+01]

Found heuristic solution: objective 16.0000000
Presolve removed 333 rows and 92 columns
Presolve time: 0.08s
Presolved: 11993 rows, 576 columns, 36134 nonzeros
Variable types: 0 continuous, 576 integer (571 binary)

Root relaxation: objective 8.600000e+01, 262 iterations, 0.03 seconds (0.03 work units)

    Nodes    |    Current Node    |     Objective Bounds      |     Work
 Expl Unexpl |  Obj  Depth IntInf | Incumbent    BestBd   Gap | It/Node Time

     0     0   86.00000    0   24   16.00000   86.00000   438%     -    0s
H    0     0                      44.0000000   86.00000  95.5%     -    0s
     0     0   86.00000    0   24   44.00000   86.00000  95.5%     -    0s
     0     0   86.00000    0   24   44.00000   86.00000  95.5%     -    0s
     0     0   86.00000    0   19   44.00000   86.00000  95.5%     -    0s
     0     0   86.00000    0   14   44.00000   86.00000  95.5%     -    0s
     0     0   79.00000    0   14   44.00000   79.00000  79.5%     -    0s
     0     0   79.00000    0   14   44.00000   79.00000  79.5%     -    0s
     0     0   79.00000    0   14   44.00000   79.00000  79.5%     -    0s
     0     0   79.00000    0   14   44.00000   79.00000  79.5%     -    0s
     0     0   79.00000    0   14   44.00000   79.00000  79.5%     -    0s
     0     0   79.00000    0   12   44.00000   79.00000  79.5%     -    0s
     0     0   79.00000    0   12   44.00000   79.00000  79.5%     -    0s
     0     0   79.00000    0   14   44.00000   79.00000  79.5%     -    0s
     0     0   79.00000    0   13   44.00000   79.00000  79.5%     -    0s
     0     0   78.56250    0   13   44.00000   78.56250  78.6%     -    0s
     0     0   78.56250    0   13   44.00000   78.56250  78.6%     -    0s
     0     0   78.56250    0   13   44.00000   78.56250  78.6%     -    0s
     0     0   78.12500    0   14   44.00000   78.12500  77.6%     -    0s
     0     0   78.12500    0   14   44.00000   78.12500  77.6%     -    0s
     0     0   71.85417    0   14   44.00000   71.85417  63.3%     -    0s
     0     0   71.85417    0   14   44.00000   71.85417  63.3%     -    0s
     0     2   71.85417    0   14   44.00000   71.85417  63.3%     -    1s

Cutting planes:
  Gomory: 2
  Cover: 4
  MIR: 12
  StrongCG: 2
  Inf proof: 1
  Zero half: 3

Explored 809 nodes (68817 simplex iterations) in 2.49 seconds (2.66 work units)
Thread count was 16 (of 16 available processors)

Solution count 2: 44 16 

Optimal solution found (tolerance 1.00e-04)
Best objective 4.400000000000e+01, best bound 4.400000000000e+01, gap 0.0000%

Wrote result file '/root/bgw/data/results/2026_03_24_20_13_57_set_vm-4-t1_vm-4-t1_s031_g003_max.sol'

