[2026-03-24T00:34:42.405Z] Pipeline "set_set_set_s009_g008" → 2026_03_24_00_34_42_set_set_set_s009_g008_max.sol
Set parameter WLSAccessID
Set parameter WLSSecret
Set parameter LicenseID to value 2792458
Set parameter LogFile to value "gurobi.log"
Using license file /root/gurobi.lic
Academic license 2792458 - for non-commercial use only - registered to an___@studenti.unipg.it

Gurobi Optimizer version 13.0.1 build v13.0.1rc0 (linux64 - "Ubuntu 24.04.4 LTS")
Copyright (c) 2026, Gurobi Optimization, LLC

Warning: Duplicate section found (read 'binary') - Is a variable name equal to an LP file format keyword?
Warning: Duplicate section found (read 'binary') - Is a variable name equal to an LP file format keyword?
Warning: Duplicate section found (read 'binary') - Is a variable name equal to an LP file format keyword?
Warning: Duplicate section found (read 'binary') - Is a variable name equal to an LP file format keyword?
Warning: Duplicate section found (read 'binary') - Is a variable name equal to an LP file format keyword?
Warning: Duplicate section found (read 'binary') - Is a variable name equal to an LP file format keyword?
Warning: Duplicate section found (read 'binary') - Is a variable name equal to an LP file format keyword?
Warning: Duplicate section found (read 'binary') - Is a variable name equal to an LP file format keyword?
Warning: Duplicate section found (read 'binary') - Is a variable name equal to an LP file format keyword?
Warning: Duplicate section found (read 'binary') - Is a variable name equal to an LP file format keyword?
Warning: Further warnings of this type will be omitted.
Read LP format model from file /root/bgw/data/uploads/2026_03_24_00_34_42_set_set_set_s009_g008_max.lp
Reading time = 0.00 seconds
: 1037 rows, 170 columns, 2995 nonzeros

Using Gurobi shared library /opt/gurobi1301/linux64/lib/libgurobi.so.13.0.1

CPU model: AMD EPYC-Genoa Processor, instruction set [SSE2|AVX|AVX2|AVX512]
Thread count: 16 physical cores, 16 logical processors, using up to 16 threads

Academic license 2792458 - for non-commercial use only - registered to an___@studenti.unipg.it
Optimize a model with 1037 rows, 170 columns and 2995 nonzeros (Max)
Model fingerprint: 0xffd3e8ba
Model has 11 linear objective coefficients
Variable types: 25 continuous, 145 integer (145 binary)
Coefficient statistics:
  Matrix range     [1e+00, 2e+01]
  Objective range  [1e+00, 1e+00]
  Bounds range     [1e+00, 1e+00]
  RHS range        [1e+00, 2e+01]

Found heuristic solution: objective 11.0000000
Presolve removed 261 rows and 50 columns
Presolve time: 0.01s
Presolved: 776 rows, 120 columns, 2438 nonzeros
Variable types: 0 continuous, 120 integer (110 binary)
Found heuristic solution: objective 14.0000000

Root relaxation: objective 4.700000e+01, 181 iterations, 0.01 seconds (0.00 work units)

    Nodes    |    Current Node    |     Objective Bounds      |     Work
 Expl Unexpl |  Obj  Depth IntInf | Incumbent    BestBd   Gap | It/Node Time

     0     0   47.00000    0   52   14.00000   47.00000   236%     -    0s
H    0     0                      18.0000000   47.00000   161%     -    0s
H    0     0                      19.0000000   47.00000   147%     -    0s
H    0     0                      20.0000000   47.00000   135%     -    0s
H    0     0                      22.0000000   47.00000   114%     -    0s
     0     0   47.00000    0   51   22.00000   47.00000   114%     -    0s
H    0     0                      23.0000000   47.00000   104%     -    0s
H    0     0                      24.0000000   47.00000  95.8%     -    0s
H    0     0                      25.0000000   47.00000  88.0%     -    0s
H    0     0                      26.0000000   47.00000  80.8%     -    0s
     0     0   47.00000    0   51   26.00000   47.00000  80.8%     -    0s
     0     0   47.00000    0   52   26.00000   47.00000  80.8%     -    0s
     0     0   47.00000    0   49   26.00000   47.00000  80.8%     -    0s
H    0     0                      27.0000000   47.00000  74.1%     -    0s
H    0     0                      29.0000000   47.00000  62.1%     -    0s
     0     0   47.00000    0   49   29.00000   47.00000  62.1%     -    0s
     0     0   47.00000    0   49   29.00000   47.00000  62.1%     -    0s
     0     0   47.00000    0   48   29.00000   47.00000  62.1%     -    0s
     0     0   47.00000    0   48   29.00000   47.00000  62.1%     -    0s
     0     0   47.00000    0   51   29.00000   47.00000  62.1%     -    0s
     0     0   47.00000    0   51   29.00000   47.00000  62.1%     -    0s
     0     0   47.00000    0   51   29.00000   47.00000  62.1%     -    0s
     0     0   47.00000    0   49   29.00000   47.00000  62.1%     -    0s
     0     2   47.00000    0   49   29.00000   47.00000  62.1%     -    0s
H   18    26                      30.0000000   47.00000  56.7%  53.0    0s
H   68   105                      31.0000000   47.00000  51.6%  52.0    0s

Cutting planes:
  Inf proof: 5

Explored 12201 nodes (443312 simplex iterations) in 1.96 seconds (2.69 work units)
Thread count was 16 (of 16 available processors)

Solution count 10: 31 30 29 ... 22

Optimal solution found (tolerance 1.00e-04)
Best objective 3.100000000000e+01, best bound 3.100000000000e+01, gap 0.0000%

Wrote result file '/root/bgw/data/results/2026_03_24_00_34_42_set_set_set_s009_g008_max.sol'

