[2026-03-23T15:59:21.474Z] Pipeline "set_exp_3_exp_3_n018_c005_g004" → 2026_03_23_15_59_21_set_exp_3_exp_3_n018_c005_g004_max.sol
Set parameter WLSAccessID
Set parameter WLSSecret
Set parameter LicenseID to value 2792458
Set parameter LogFile to value "gurobi.log"
Using license file /root/gurobi.lic
Academic license 2792458 - for non-commercial use only - registered to an___@studenti.unipg.it

Gurobi Optimizer version 13.0.1 build v13.0.1rc0 (linux64 - "Ubuntu 24.04.4 LTS")
Copyright (c) 2026, Gurobi Optimization, LLC

Warning: Duplicate section found (read 'binary') - Is a variable name equal to an LP file format keyword?
Warning: Duplicate section found (read 'binary') - Is a variable name equal to an LP file format keyword?
Warning: Duplicate section found (read 'binary') - Is a variable name equal to an LP file format keyword?
Warning: Duplicate section found (read 'binary') - Is a variable name equal to an LP file format keyword?
Warning: Duplicate section found (read 'binary') - Is a variable name equal to an LP file format keyword?
Warning: Duplicate section found (read 'binary') - Is a variable name equal to an LP file format keyword?
Warning: Duplicate section found (read 'binary') - Is a variable name equal to an LP file format keyword?
Warning: Duplicate section found (read 'binary') - Is a variable name equal to an LP file format keyword?
Warning: Duplicate section found (read 'binary') - Is a variable name equal to an LP file format keyword?
Warning: Duplicate section found (read 'binary') - Is a variable name equal to an LP file format keyword?
Warning: Further warnings of this type will be omitted.
Read LP format model from file /root/bgw/data/uploads/2026_03_23_15_59_21_set_exp_3_exp_3_n018_c005_g004_max.lp
Reading time = 0.00 seconds
: 1975 rows, 241 columns, 5880 nonzeros

Using Gurobi shared library /opt/gurobi1301/linux64/lib/libgurobi.so.13.0.1

CPU model: AMD EPYC-Genoa Processor, instruction set [SSE2|AVX|AVX2|AVX512]
Thread count: 16 physical cores, 16 logical processors, using up to 16 threads

Academic license 2792458 - for non-commercial use only - registered to an___@studenti.unipg.it
Optimize a model with 1975 rows, 241 columns and 5880 nonzeros (Max)
Model fingerprint: 0x408a493d
Model has 5 linear objective coefficients
Variable types: 23 continuous, 218 integer (218 binary)
Coefficient statistics:
  Matrix range     [1e+00, 2e+01]
  Objective range  [1e+00, 1e+00]
  Bounds range     [1e+00, 1e+00]
  RHS range        [1e+00, 2e+01]

Found heuristic solution: objective 5.0000000
Presolve removed 311 rows and 68 columns
Presolve time: 0.01s
Presolved: 1664 rows, 173 columns, 5112 nonzeros
Variable types: 0 continuous, 173 integer (165 binary)
Found heuristic solution: objective 6.0000000

Root relaxation: objective 2.000000e+01, 132 iterations, 0.00 seconds (0.00 work units)

    Nodes    |    Current Node    |     Objective Bounds      |     Work
 Expl Unexpl |  Obj  Depth IntInf | Incumbent    BestBd   Gap | It/Node Time

     0     0   20.00000    0   31    6.00000   20.00000   233%     -    0s
H    0     0                       9.0000000   20.00000   122%     -    0s
H    0     0                      11.0000000   20.00000  81.8%     -    0s
H    0     0                      12.0000000   20.00000  66.7%     -    0s
     0     0   20.00000    0   31   12.00000   20.00000  66.7%     -    0s
     0     0   20.00000    0   30   12.00000   20.00000  66.7%     -    0s
     0     0   20.00000    0   33   12.00000   20.00000  66.7%     -    0s
     0     0   20.00000    0   31   12.00000   20.00000  66.7%     -    0s
H    0     0                      13.0000000   20.00000  53.8%     -    0s
     0     0   20.00000    0   32   13.00000   20.00000  53.8%     -    0s
     0     0   20.00000    0   32   13.00000   20.00000  53.8%     -    0s
     0     0   20.00000    0   31   13.00000   20.00000  53.8%     -    0s
     0     0   20.00000    0   30   13.00000   20.00000  53.8%     -    0s
     0     0   20.00000    0   30   13.00000   20.00000  53.8%     -    0s
     0     0   20.00000    0   30   13.00000   20.00000  53.8%     -    0s
     0     0   20.00000    0   29   13.00000   20.00000  53.8%     -    0s
     0     0   20.00000    0   30   13.00000   20.00000  53.8%     -    0s
     0     0   20.00000    0   30   13.00000   20.00000  53.8%     -    0s
     0     0   20.00000    0   30   13.00000   20.00000  53.8%     -    0s
     0     0   20.00000    0   30   13.00000   20.00000  53.8%     -    0s
     0     2   20.00000    0   30   13.00000   20.00000  53.8%     -    0s

Cutting planes:
  Gomory: 1
  Cover: 2
  MIR: 1
  Inf proof: 5
  Zero half: 1

Explored 1261 nodes (57191 simplex iterations) in 0.65 seconds (0.55 work units)
Thread count was 16 (of 16 available processors)

Solution count 6: 13 12 11 ... 5

Optimal solution found (tolerance 1.00e-04)
Best objective 1.300000000000e+01, best bound 1.300000000000e+01, gap 0.0000%

Wrote result file '/root/bgw/data/results/2026_03_23_15_59_21_set_exp_3_exp_3_n018_c005_g004_max.sol'

