[2026-03-23T13:47:16.014Z] Pipeline "set_exp_2_exp_2_n029_c008_g005" → 2026_03_23_13_47_15_set_exp_2_exp_2_n029_c008_g005_max.sol
Set parameter WLSAccessID
Set parameter WLSSecret
Set parameter LicenseID to value 2792458
Set parameter LogFile to value "gurobi.log"
Using license file /root/gurobi.lic
Academic license 2792458 - for non-commercial use only - registered to an___@studenti.unipg.it

Gurobi Optimizer version 13.0.1 build v13.0.1rc0 (linux64 - "Ubuntu 24.04.4 LTS")
Copyright (c) 2026, Gurobi Optimization, LLC

Warning: Duplicate section found (read 'binary') - Is a variable name equal to an LP file format keyword?
Warning: Duplicate section found (read 'binary') - Is a variable name equal to an LP file format keyword?
Warning: Duplicate section found (read 'binary') - Is a variable name equal to an LP file format keyword?
Warning: Duplicate section found (read 'binary') - Is a variable name equal to an LP file format keyword?
Warning: Duplicate section found (read 'binary') - Is a variable name equal to an LP file format keyword?
Warning: Duplicate section found (read 'binary') - Is a variable name equal to an LP file format keyword?
Warning: Duplicate section found (read 'binary') - Is a variable name equal to an LP file format keyword?
Warning: Duplicate section found (read 'binary') - Is a variable name equal to an LP file format keyword?
Warning: Duplicate section found (read 'binary') - Is a variable name equal to an LP file format keyword?
Warning: Duplicate section found (read 'binary') - Is a variable name equal to an LP file format keyword?
Warning: Further warnings of this type will be omitted.
Read LP format model from file /root/bgw/data/uploads/2026_03_23_13_47_15_set_exp_2_exp_2_n029_c008_g005_max.lp
Reading time = 0.02 seconds
: 8049 rows, 590 columns, 24205 nonzeros

Using Gurobi shared library /opt/gurobi1301/linux64/lib/libgurobi.so.13.0.1

CPU model: AMD EPYC-Genoa Processor, instruction set [SSE2|AVX|AVX2|AVX512]
Thread count: 16 physical cores, 16 logical processors, using up to 16 threads

Academic license 2792458 - for non-commercial use only - registered to an___@studenti.unipg.it
Optimize a model with 8049 rows, 590 columns and 24205 nonzeros (Max)
Model fingerprint: 0xf8b1733d
Model has 8 linear objective coefficients
Variable types: 37 continuous, 553 integer (553 binary)
Coefficient statistics:
  Matrix range     [1e+00, 3e+01]
  Objective range  [1e+00, 1e+00]
  Bounds range     [1e+00, 1e+00]
  RHS range        [1e+00, 3e+01]

Found heuristic solution: objective 8.0000000
Presolve removed 690 rows and 152 columns
Presolve time: 0.04s
Presolved: 7359 rows, 438 columns, 22415 nonzeros
Variable types: 0 continuous, 438 integer (425 binary)
Found heuristic solution: objective 9.0000000

Root relaxation: objective 3.200000e+01, 578 iterations, 0.04 seconds (0.06 work units)

    Nodes    |    Current Node    |     Objective Bounds      |     Work
 Expl Unexpl |  Obj  Depth IntInf | Incumbent    BestBd   Gap | It/Node Time

     0     0   32.00000    0   60    9.00000   32.00000   256%     -    0s
H    0     0                      18.0000000   32.00000  77.8%     -    0s
H    0     0                      19.0000000   32.00000  68.4%     -    0s
H    0     0                      20.0000000   32.00000  60.0%     -    0s
     0     0   32.00000    0   63   20.00000   32.00000  60.0%     -    0s
H    0     0                      21.0000000   32.00000  52.4%     -    0s
H    0     0                      22.0000000   32.00000  45.5%     -    0s
     0     0   32.00000    0   46   22.00000   32.00000  45.5%     -    0s
     0     0   32.00000    0   46   22.00000   32.00000  45.5%     -    0s
     0     0   32.00000    0   49   22.00000   32.00000  45.5%     -    0s
     0     0   32.00000    0   49   22.00000   32.00000  45.5%     -    0s
     0     0   32.00000    0   48   22.00000   32.00000  45.5%     -    0s
     0     0   32.00000    0   53   22.00000   32.00000  45.5%     -    0s
     0     0   32.00000    0   48   22.00000   32.00000  45.5%     -    0s
H    0     0                      23.0000000   32.00000  39.1%     -    0s
     0     0   31.98765    0   49   23.00000   31.98765  39.1%     -    0s
     0     0   31.98765    0   44   23.00000   31.98765  39.1%     -    0s
     0     0   31.00000    0   46   23.00000   31.00000  34.8%     -    0s
     0     0   31.00000    0   46   23.00000   31.00000  34.8%     -    0s
     0     0   31.00000    0   46   23.00000   31.00000  34.8%     -    0s
     0     0   31.00000    0   47   23.00000   31.00000  34.8%     -    0s
     0     0   31.00000    0   43   23.00000   31.00000  34.8%     -    0s
     0     0   31.00000    0   43   23.00000   31.00000  34.8%     -    0s
     0     0   31.00000    0   43   23.00000   31.00000  34.8%     -    0s
     0     2   31.00000    0   43   23.00000   31.00000  34.8%     -    0s
  2406   714   28.00000   11  139   23.00000   30.00000  30.4%   196    5s
  5592   935 infeasible   15        23.00000   28.81550  25.3%   236   10s
  8596   230     cutoff   14        23.00000   26.81818  16.6%   251   15s

Cutting planes:
  Cover: 76
  Inf proof: 115

Explored 9184 nodes (2290331 simplex iterations) in 15.48 seconds (32.00 work units)
Thread count was 16 (of 16 available processors)

Solution count 8: 23 22 21 ... 8

Optimal solution found (tolerance 1.00e-04)
Best objective 2.300000000000e+01, best bound 2.300000000000e+01, gap 0.0000%

Wrote result file '/root/bgw/data/results/2026_03_23_13_47_15_set_exp_2_exp_2_n029_c008_g005_max.sol'

