[2026-03-23T13:36:10.198Z] Pipeline "set_exp_2_exp_2_n017_c005_g003" → 2026_03_23_13_36_10_set_exp_2_exp_2_n017_c005_g003_max.sol
Set parameter WLSAccessID
Set parameter WLSSecret
Set parameter LicenseID to value 2792458
Set parameter LogFile to value "gurobi.log"
Using license file /root/gurobi.lic
Academic license 2792458 - for non-commercial use only - registered to an___@studenti.unipg.it

Gurobi Optimizer version 13.0.1 build v13.0.1rc0 (linux64 - "Ubuntu 24.04.4 LTS")
Copyright (c) 2026, Gurobi Optimization, LLC

Warning: Duplicate section found (read 'binary') - Is a variable name equal to an LP file format keyword?
Warning: Duplicate section found (read 'binary') - Is a variable name equal to an LP file format keyword?
Warning: Duplicate section found (read 'binary') - Is a variable name equal to an LP file format keyword?
Warning: Duplicate section found (read 'binary') - Is a variable name equal to an LP file format keyword?
Warning: Duplicate section found (read 'binary') - Is a variable name equal to an LP file format keyword?
Warning: Duplicate section found (read 'binary') - Is a variable name equal to an LP file format keyword?
Warning: Duplicate section found (read 'binary') - Is a variable name equal to an LP file format keyword?
Warning: Duplicate section found (read 'binary') - Is a variable name equal to an LP file format keyword?
Warning: Duplicate section found (read 'binary') - Is a variable name equal to an LP file format keyword?
Warning: Duplicate section found (read 'binary') - Is a variable name equal to an LP file format keyword?
Warning: Further warnings of this type will be omitted.
Read LP format model from file /root/bgw/data/uploads/2026_03_23_13_36_10_set_exp_2_exp_2_n017_c005_g003_max.lp
Reading time = 0.00 seconds
: 1686 rows, 217 columns, 4997 nonzeros

Using Gurobi shared library /opt/gurobi1301/linux64/lib/libgurobi.so.13.0.1

CPU model: AMD EPYC-Genoa Processor, instruction set [SSE2|AVX|AVX2|AVX512]
Thread count: 16 physical cores, 16 logical processors, using up to 16 threads

Academic license 2792458 - for non-commercial use only - registered to an___@studenti.unipg.it
Optimize a model with 1686 rows, 217 columns and 4997 nonzeros (Max)
Model fingerprint: 0x0f2c464f
Model has 5 linear objective coefficients
Variable types: 22 continuous, 195 integer (195 binary)
Coefficient statistics:
  Matrix range     [1e+00, 2e+01]
  Objective range  [1e+00, 1e+00]
  Bounds range     [1e+00, 1e+00]
  RHS range        [1e+00, 2e+01]

Found heuristic solution: objective 5.0000000
Presolve removed 294 rows and 61 columns
Presolve time: 0.01s
Presolved: 1392 rows, 156 columns, 4288 nonzeros
Variable types: 0 continuous, 156 integer (148 binary)
Found heuristic solution: objective 8.0000000

Root relaxation: objective 2.000000e+01, 133 iterations, 0.00 seconds (0.00 work units)

    Nodes    |    Current Node    |     Objective Bounds      |     Work
 Expl Unexpl |  Obj  Depth IntInf | Incumbent    BestBd   Gap | It/Node Time

     0     0   20.00000    0   30    8.00000   20.00000   150%     -    0s
H    0     0                      10.0000000   20.00000   100%     -    0s
H    0     0                      12.0000000   20.00000  66.7%     -    0s
     0     0   20.00000    0   35   12.00000   20.00000  66.7%     -    0s
     0     0   20.00000    0   33   12.00000   20.00000  66.7%     -    0s
H    0     0                      13.0000000   20.00000  53.8%     -    0s
H    0     0                      14.0000000   20.00000  42.9%     -    0s
     0     0   20.00000    0   40   14.00000   20.00000  42.9%     -    0s
     0     0   20.00000    0   30   14.00000   20.00000  42.9%     -    0s
     0     0   20.00000    0   29   14.00000   20.00000  42.9%     -    0s
     0     0   20.00000    0   29   14.00000   20.00000  42.9%     -    0s
     0     0   20.00000    0   30   14.00000   20.00000  42.9%     -    0s
     0     0   20.00000    0   21   14.00000   20.00000  42.9%     -    0s
     0     0   20.00000    0   29   14.00000   20.00000  42.9%     -    0s
     0     0   19.86667    0   38   14.00000   19.86667  41.9%     -    0s
     0     0   19.86667    0   21   14.00000   19.86667  41.9%     -    0s
     0     0   19.00000    0   29   14.00000   19.00000  35.7%     -    0s
     0     0   19.00000    0   29   14.00000   19.00000  35.7%     -    0s
     0     0   19.00000    0   29   14.00000   19.00000  35.7%     -    0s
     0     0   19.00000    0   29   14.00000   19.00000  35.7%     -    0s
     0     2   19.00000    0   20   14.00000   19.00000  35.7%     -    0s

Cutting planes:
  Cover: 9
  Inf proof: 9
  Zero half: 6

Explored 954 nodes (38242 simplex iterations) in 0.41 seconds (0.47 work units)
Thread count was 16 (of 16 available processors)

Solution count 6: 14 13 12 ... 5

Optimal solution found (tolerance 1.00e-04)
Best objective 1.400000000000e+01, best bound 1.400000000000e+01, gap 0.0000%

Wrote result file '/root/bgw/data/results/2026_03_23_13_36_10_set_exp_2_exp_2_n017_c005_g003_max.sol'

