[2026-03-24T20:13:59.997Z] Pipeline "set_vm-4-t1_vm-4-t1_s032_g001" → 2026_03_24_20_13_59_set_vm-4-t1_vm-4-t1_s032_g001_max.sol
Set parameter Username
Set parameter LicenseID to value 2797659
Set parameter LogFile to value "gurobi.log"
Using license file /opt/gurobi/gurobi.lic
Academic license - for non-commercial use only - expires 2027-03-24

Gurobi Optimizer version 13.0.1 build v13.0.1rc0 (linux64 - "Ubuntu 24.04.4 LTS")
Copyright (c) 2026, Gurobi Optimization, LLC

Warning: Duplicate section found (read 'binary') - Is a variable name equal to an LP file format keyword?
Warning: Duplicate section found (read 'binary') - Is a variable name equal to an LP file format keyword?
Warning: Duplicate section found (read 'binary') - Is a variable name equal to an LP file format keyword?
Warning: Duplicate section found (read 'binary') - Is a variable name equal to an LP file format keyword?
Warning: Duplicate section found (read 'binary') - Is a variable name equal to an LP file format keyword?
Warning: Duplicate section found (read 'binary') - Is a variable name equal to an LP file format keyword?
Warning: Duplicate section found (read 'binary') - Is a variable name equal to an LP file format keyword?
Warning: Duplicate section found (read 'binary') - Is a variable name equal to an LP file format keyword?
Warning: Duplicate section found (read 'binary') - Is a variable name equal to an LP file format keyword?
Warning: Duplicate section found (read 'binary') - Is a variable name equal to an LP file format keyword?
Warning: Further warnings of this type will be omitted.
Read LP format model from file /root/bgw/data/uploads/2026_03_24_20_13_59_set_vm-4-t1_vm-4-t1_s032_g001_max.lp
Reading time = 0.06 seconds
: 53096 rows, 1660 columns, 161648 nonzeros

Using Gurobi shared library /opt/gurobi1301/linux64/lib/libgurobi.so.13.0.1

CPU model: AMD EPYC-Genoa Processor, instruction set [SSE2|AVX|AVX2|AVX512]
Thread count: 16 physical cores, 16 logical processors, using up to 16 threads

Optimize a model with 53096 rows, 1660 columns and 161648 nonzeros (Max)
Model fingerprint: 0x7b1498c8
Model has 23 linear objective coefficients
Variable types: 78 continuous, 1582 integer (1582 binary)
Coefficient statistics:
  Matrix range     [1e+00, 6e+01]
  Objective range  [1e+00, 1e+00]
  Bounds range     [1e+00, 1e+00]
  RHS range        [1e+00, 6e+01]

Found heuristic solution: objective 23.0000000
Presolve removed 582 rows and 149 columns
Presolve time: 0.24s
Presolved: 52514 rows, 1511 columns, 157958 nonzeros
Variable types: 0 continuous, 1511 integer (1503 binary)
Found heuristic solution: objective 30.0000000
Root relaxation presolved: 26279 rows, 27746 columns, 105488 nonzeros


Root relaxation: objective 1.170000e+02, 1164 iterations, 0.34 seconds (0.36 work units)

    Nodes    |    Current Node    |     Objective Bounds      |     Work
 Expl Unexpl |  Obj  Depth IntInf | Incumbent    BestBd   Gap | It/Node Time

     0     0  117.00000    0   33   30.00000  117.00000   290%     -    0s
H    0     0                      41.0000000  117.00000   185%     -    0s
H    0     0                      53.0000000  117.00000   121%     -    0s
H    0     0                      55.0000000  117.00000   113%     -    0s
H    0     0                      62.0000000  117.00000  88.7%     -    0s
     0     0  117.00000    0   34   62.00000  117.00000  88.7%     -    1s
     0     0  117.00000    0   34   62.00000  117.00000  88.7%     -    1s
     0     0  117.00000    0   34   62.00000  117.00000  88.7%     -    1s
     0     0  117.00000    0   33   62.00000  117.00000  88.7%     -    1s
     0     0  117.00000    0   51   62.00000  117.00000  88.7%     -    2s
     0     0  117.00000    0   31   62.00000  117.00000  88.7%     -    2s
     0     0  117.00000    0   35   62.00000  117.00000  88.7%     -    2s
     0     0  117.00000    0   35   62.00000  117.00000  88.7%     -    2s
     0     0  117.00000    0   35   62.00000  117.00000  88.7%     -    3s
     0     0  117.00000    0   54   62.00000  117.00000  88.7%     -    3s
     0     0  117.00000    0   31   62.00000  117.00000  88.7%     -    3s
     0     0  116.84906    0   91   62.00000  116.84906  88.5%     -    3s
     0     0  116.84906    0   31   62.00000  116.84906  88.5%     -    5s
     0     0  116.00000    0   31   62.00000  116.00000  87.1%     -    8s
     0     0  116.00000    0   31   62.00000  116.00000  87.1%     -    8s
     0     2  116.00000    0   31   62.00000  116.00000  87.1%     -    9s
     7    14  116.00000    3   34   62.00000  116.00000  87.1%   203   11s
    86    90   94.84906    8   30   62.00000  116.00000  87.1%   390   15s
   119   118   94.57862   10   53   62.00000  116.00000  87.1%   578   21s
   190   183   87.35849   13   51   62.00000  116.00000  87.1%   685   26s
   253   222   82.58491   15   84   62.00000  116.00000  87.1%   730   31s
   308   253   74.77987   19    8   62.00000  116.00000  87.1%   777   35s
   507   331   87.16981   18   30   62.00000  116.00000  87.1%   677   43s
   532   371   79.79245   18   43   62.00000  116.00000  87.1%   702   49s
   581   402 infeasible   19        62.00000  116.00000  87.1%   728   56s
   662   433 infeasible   25        62.00000  116.00000  87.1%   730   60s
   751   463 infeasible   13        62.00000  116.00000  87.1%   734   66s
   787   483  109.68674    8  267   62.00000  116.00000  87.1%   751   71s
   848   524  109.68396    9  229   62.00000  116.00000  87.1%   782   75s
   939   557   82.94340   19   51   62.00000  116.00000  87.1%   748   81s
  1033   591   67.27224   23   16   62.00000  116.00000  87.1%   738   89s
  1113   623  109.33582   12  134   62.00000  116.00000  87.1%   769   92s
  1158   646  102.59090   13  116   62.00000  116.00000  87.1%   782   95s
  1219   658   88.96226   16   51   62.00000  116.00000  87.1%   790  100s
  1357   704  105.60026    9  222   62.00000  116.00000  87.1%   808  106s
  1413   745  102.39047   10  299   62.00000  116.00000  87.1%   823  113s
  1501   771   95.42173   12  280   62.00000  116.00000  87.1%   839  116s
  1577   792   69.94928   17  231   62.00000  116.00000  87.1%   843  121s
  1616   812   69.67925   19   22   62.00000  116.00000  87.1%   840  126s
  1671   847   66.82075   20   20   62.00000  116.00000  87.1%   832  133s
  1763   866   87.53715   14  345   62.00000  116.00000  87.1%   824  137s
  1823   902   80.95126   15   45   62.00000  116.00000  87.1%   831  142s
  1972   948   80.94340   16   40   62.00000  116.00000  87.1%   805  146s
  2106   997   70.88679   22   78   62.00000  116.00000  87.1%   803  150s
  2308  1023   63.79245   24   77   62.00000  116.00000  87.1%   784  155s
  2379  1078   83.76415   12   54   62.00000  116.00000  87.1%   799  160s
  2528  1136   83.51272   15  119   62.00000  116.00000  87.1%   793  166s
  2718  1173   74.12399   18   88   62.00000  115.05189  85.6%   785  171s
  2860  1221   81.13836   14   23   62.00000  112.53705  81.5%   781  178s
  2983  1250   65.34591   18   30   62.00000  112.53705  81.5%   789  187s
  3111  1331   95.64291   10  197   62.00000  110.00000  77.4%   807  191s
  3281  1385   69.86792   17   41   62.00000  110.00000  77.4%   804  196s
  3445  1443   76.79245   19   65   62.00000  110.00000  77.4%   806  203s
  3684  1499   95.85658   11   45   62.00000  110.00000  77.4%   801  209s
  3863  1557 infeasible   21        62.00000  109.95597  77.3%   801  214s
  4127  1608   65.75472   19   28   62.00000  109.84906  77.2%   791  219s
  4309  1664 infeasible   20        62.00000  109.50017  76.6%   789  225s
  4467  1666   87.80054   17   71   62.00000  109.47170  76.6%   798  232s
  4469  1668   68.80572   21  284   62.00000  109.47170  76.6%   798  237s
  4474  1674  109.47170   11   35   62.00000  109.47170  76.6%   799  240s
  4518  1709  102.03145   16   35   62.00000  109.47170  76.6%   801  245s
  4595  1722   88.58491   19  139   62.00000  109.47170  76.6%   802  250s
  4613  1728   81.69182   19   52   62.00000  109.47170  76.6%   805  257s
  4641  1733   88.47170   20  139   62.00000  109.47170  76.6%   804  260s
  4707  1721   81.73585   21  138   62.00000  109.47170  76.6%   804  265s
  4770  1719   67.69811   24   33   62.00000  109.47170  76.6%   804  270s
  4829  1729   63.96226   25   25   62.00000  109.15653  76.1%   805  276s
  4886  1743   69.94340   28   34   62.00000  109.15653  76.1%   811  286s
  4962  1743 infeasible   32        62.00000  109.15653  76.1%   816  295s
  5040  1717 infeasible   17        62.00000  108.89708  75.6%   821  302s
  5085  1712   72.96226   21   42   62.00000  108.89708  75.6%   820  307s
  5131  1714   71.00000   24   31   62.00000  108.89708  75.6%   821  310s
  5198  1704   63.94340   26   50   62.00000  108.89708  75.6%   820  320s
  5249  1689   70.92453   25   32   62.00000  108.89708  75.6%   820  325s
  5313  1683 infeasible   27        62.00000  108.89708  75.6%   822  332s
  5353  1672   66.93396   28    8   62.00000  105.43396  70.1%   823  336s
  5446  1674 infeasible   30        62.00000  105.26415  69.8%   824  342s
  5518  1655   72.97484   26  319   62.00000  102.72327  65.7%   824  346s
  5538  1655   72.92453   27  328   62.00000  102.72327  65.7%   822  351s
  5584  1639   66.00000   29  316   62.00000  102.72327  65.7%   822  360s
  5632  1635 infeasible   29        62.00000  102.72327  65.7%   825  365s
  5684  1619   67.91195   30    7   62.00000  102.47170  65.3%   826  370s
  5863  1601   66.00000   25  184   62.00000   95.84906  54.6%   826  378s
  5955  1599   83.24528   23   34   62.00000   95.84906  54.6%   821  384s
  6131  1557   87.83019   19   32   62.00000   95.09434  53.4%   811  388s
  6290  1513   72.84906   21   35   62.00000   95.09434  53.4%   805  392s
  6416  1491   64.00000   25   59   62.00000   95.09434  53.4%   805  398s
  6584  1454   81.71698   22  116   62.00000   90.39623  45.8%   801  403s
  6709  1427   65.98113   24  115   62.00000   88.60377  42.9%   797  407s
  6871  1391   69.84906   24  119   62.00000   87.69542  41.4%   793  411s
  7085  1356   79.58491   20   75   62.00000   87.10445  40.5%   784  415s
  7252  1312 infeasible   25        62.00000   83.49057  34.7%   784  422s
  7394  1265   72.94340   26   25   62.00000   82.00000  32.3%   788  428s
  7542  1218   76.98113   25   29   62.00000   81.00000  30.6%   787  435s
  7713  1149 infeasible   26        62.00000   80.96226  30.6%   787  442s
  7935  1067   73.00000   23   32   62.00000   80.88679  30.5%   784  447s
  8150   996   75.86792   26   62   62.00000   80.00000  29.0%   779  453s
  8339   930 infeasible   27        62.00000   79.78868  28.7%   778  459s
  8595   854   76.62264   27   36   62.00000   77.60377  25.2%   772  465s
  8773   807   69.75472   23   26   62.00000   76.94854  24.1%   774  472s
  8959   749 infeasible   25        62.00000   75.00000  21.0%   775  478s
  9164   709   67.00000   24   59   62.00000   75.00000  21.0%   778  485s
  9392   626 infeasible   25        62.00000   73.99623  19.3%   780  493s
  9559   581   67.15094   28    3   62.00000   73.97170  19.3%   781  500s
  9848   579   64.00000   26   36   62.00000   73.86792  19.1%   779  507s
 10100   573 infeasible   27        62.00000   73.30189  18.2%   782  515s
 10396   551     cutoff   28        62.00000   73.00000  17.7%   781  524s
 10772   547   69.52201   26   32   62.00000   72.92453  17.6%   776  533s
 11055   538   67.88679   29    2   62.00000   72.30189  16.6%   779  542s
 11306   529   67.91195   27    7   62.00000   72.00000  16.1%   784  551s
 11534   519   63.37736   33    2   62.00000   71.94340  16.0%   786  563s
 11863   468     cutoff   30        62.00000   71.00000  14.5%   789  573s
 12154   397   67.15094   26    3   62.00000   70.95597  14.4%   794  583s
 12493   292 infeasible   28        62.00000   70.00000  12.9%   796  596s
 12826   262 infeasible   25        62.00000   69.00000  11.3%   801  607s
 12946   162   66.32075   26   18   62.00000   68.00000  9.68%   801  618s
 13233     6 infeasible   27        62.00000   67.17736  8.35%   805  627s

Cutting planes:
  Inf proof: 5

Explored 13506 nodes (10847040 simplex iterations) in 628.50 seconds (977.32 work units)
Thread count was 16 (of 16 available processors)

Solution count 9: 62 62 62 ... 23

Optimal solution found (tolerance 1.00e-04)
Best objective 6.200000000000e+01, best bound 6.200000000000e+01, gap 0.0000%

Wrote result file '/root/bgw/data/results/2026_03_24_20_13_59_set_vm-4-t1_vm-4-t1_s032_g001_max.sol'

