[2026-03-24T13:36:44.257Z] Pipeline "set_vm-3-t1_vm-3-t1_s004_g001" → 2026_03_24_13_36_44_set_vm-3-t1_vm-3-t1_s004_g001_max.sol
Set parameter Username
Set parameter LicenseID to value 2796068
Set parameter LogFile to value "gurobi.log"
Using license file /opt/gurobi/gurobi.lic
Academic license - for non-commercial use only - expires 2027-03-23

Gurobi Optimizer version 13.0.1 build v13.0.1rc0 (linux64 - "Ubuntu 24.04.4 LTS")
Copyright (c) 2026, Gurobi Optimization, LLC

Warning: Duplicate section found (read 'binary') - Is a variable name equal to an LP file format keyword?
Warning: Duplicate section found (read 'binary') - Is a variable name equal to an LP file format keyword?
Warning: Duplicate section found (read 'binary') - Is a variable name equal to an LP file format keyword?
Warning: Duplicate section found (read 'binary') - Is a variable name equal to an LP file format keyword?
Warning: Duplicate section found (read 'binary') - Is a variable name equal to an LP file format keyword?
Warning: Duplicate section found (read 'binary') - Is a variable name equal to an LP file format keyword?
Warning: Duplicate section found (read 'binary') - Is a variable name equal to an LP file format keyword?
Warning: Duplicate section found (read 'binary') - Is a variable name equal to an LP file format keyword?
Warning: Duplicate section found (read 'binary') - Is a variable name equal to an LP file format keyword?
Warning: Duplicate section found (read 'binary') - Is a variable name equal to an LP file format keyword?
Warning: Further warnings of this type will be omitted.
Read LP format model from file /root/bgw/data/uploads/2026_03_24_13_36_44_set_vm-3-t1_vm-3-t1_s004_g001_max.lp
Reading time = 0.00 seconds
: 1096 rows, 178 columns, 3157 nonzeros

Using Gurobi shared library /opt/gurobi1301/linux64/lib/libgurobi.so.13.0.1

CPU model: AMD EPYC-Genoa Processor, instruction set [SSE2|AVX|AVX2|AVX512]
Thread count: 16 physical cores, 16 logical processors, using up to 16 threads

Optimize a model with 1096 rows, 178 columns and 3157 nonzeros (Max)
Model fingerprint: 0x1a57b6fe
Model has 22 linear objective coefficients
Variable types: 36 continuous, 142 integer (142 binary)
Coefficient statistics:
  Matrix range     [1e+00, 2e+01]
  Objective range  [1e+00, 1e+00]
  Bounds range     [1e+00, 1e+00]
  RHS range        [1e+00, 2e+01]

Found heuristic solution: objective 22.0000000
Presolve removed 323 rows and 60 columns
Presolve time: 0.00s
Presolved: 773 rows, 118 columns, 2418 nonzeros
Variable types: 0 continuous, 118 integer (109 binary)
Found heuristic solution: objective 36.0000000

Root relaxation: objective 1.130000e+02, 161 iterations, 0.00 seconds (0.00 work units)

    Nodes    |    Current Node    |     Objective Bounds      |     Work
 Expl Unexpl |  Obj  Depth IntInf | Incumbent    BestBd   Gap | It/Node Time

     0     0  113.00000    0   43   36.00000  113.00000   214%     -    0s
H    0     0                      48.0000000  113.00000   135%     -    0s
H    0     0                      51.0000000  113.00000   122%     -    0s
H    0     0                      58.0000000  113.00000  94.8%     -    0s
     0     0  113.00000    0   44   58.00000  113.00000  94.8%     -    0s
H    0     0                      59.0000000  113.00000  91.5%     -    0s
H    0     0                      60.0000000  113.00000  88.3%     -    0s
     0     0  113.00000    0   44   60.00000  113.00000  88.3%     -    0s
     0     0  113.00000    0   42   60.00000  113.00000  88.3%     -    0s
     0     0  113.00000    0   43   60.00000  113.00000  88.3%     -    0s
     0     0  113.00000    0   42   60.00000  113.00000  88.3%     -    0s
     0     0  113.00000    0   43   60.00000  113.00000  88.3%     -    0s
     0     0  113.00000    0   38   60.00000  113.00000  88.3%     -    0s
     0     0  113.00000    0   38   60.00000  113.00000  88.3%     -    0s
     0     0  112.50000    0   40   60.00000  112.50000  87.5%     -    0s
     0     0  112.50000    0   32   60.00000  112.50000  87.5%     -    0s
     0     0  112.47222    0   42   60.00000  112.47222  87.5%     -    0s
     0     0  112.47222    0   37   60.00000  112.47222  87.5%     -    0s
     0     0  112.00000    0   41   60.00000  112.00000  86.7%     -    0s
     0     0  112.00000    0   38   60.00000  112.00000  86.7%     -    0s
     0     0  110.00000    0   39   60.00000  110.00000  83.3%     -    0s
     0     0  110.00000    0   39   60.00000  110.00000  83.3%     -    0s
     0     0  110.00000    0   39   60.00000  110.00000  83.3%     -    0s
     0     0  110.00000    0   38   60.00000  110.00000  83.3%     -    0s
     0     2  110.00000    0   38   60.00000  110.00000  83.3%     -    0s
H  263   233                      61.0000000  110.00000  80.3%  36.8    0s

Cutting planes:
  Inf proof: 2

Explored 12885 nodes (386517 simplex iterations) in 1.40 seconds (1.93 work units)
Thread count was 16 (of 16 available processors)

Solution count 9: 61 60 59 ... 22

Optimal solution found (tolerance 1.00e-04)
Best objective 6.100000000000e+01, best bound 6.100000000000e+01, gap 0.0000%

Wrote result file '/root/bgw/data/results/2026_03_24_13_36_44_set_vm-3-t1_vm-3-t1_s004_g001_max.sol'

