[2026-03-23T16:17:30.954Z] Pipeline "set_ds_1_ds_1_s004_g005" → 2026_03_23_16_17_30_set_ds_1_ds_1_s004_g005_max.sol
Set parameter WLSAccessID
Set parameter WLSSecret
Set parameter LicenseID to value 2792458
Set parameter LogFile to value "gurobi.log"
Using license file /root/gurobi.lic
Academic license 2792458 - for non-commercial use only - registered to an___@studenti.unipg.it

Gurobi Optimizer version 13.0.1 build v13.0.1rc0 (linux64 - "Ubuntu 24.04.4 LTS")
Copyright (c) 2026, Gurobi Optimization, LLC

Warning: Duplicate section found (read 'binary') - Is a variable name equal to an LP file format keyword?
Warning: Duplicate section found (read 'binary') - Is a variable name equal to an LP file format keyword?
Warning: Duplicate section found (read 'binary') - Is a variable name equal to an LP file format keyword?
Warning: Duplicate section found (read 'binary') - Is a variable name equal to an LP file format keyword?
Warning: Duplicate section found (read 'binary') - Is a variable name equal to an LP file format keyword?
Warning: Duplicate section found (read 'binary') - Is a variable name equal to an LP file format keyword?
Warning: Duplicate section found (read 'binary') - Is a variable name equal to an LP file format keyword?
Warning: Duplicate section found (read 'binary') - Is a variable name equal to an LP file format keyword?
Warning: Duplicate section found (read 'binary') - Is a variable name equal to an LP file format keyword?
Warning: Duplicate section found (read 'binary') - Is a variable name equal to an LP file format keyword?
Warning: Further warnings of this type will be omitted.
Read LP format model from file /root/bgw/data/uploads/2026_03_23_16_17_30_set_ds_1_ds_1_s004_g005_max.lp
Reading time = 0.00 seconds
: 1204 rows, 185 columns, 3395 nonzeros

Using Gurobi shared library /opt/gurobi1301/linux64/lib/libgurobi.so.13.0.1

CPU model: AMD EPYC-Genoa Processor, instruction set [SSE2|AVX|AVX2|AVX512]
Thread count: 16 physical cores, 16 logical processors, using up to 16 threads

Academic license 2792458 - for non-commercial use only - registered to an___@studenti.unipg.it
Optimize a model with 1204 rows, 185 columns and 3395 nonzeros (Max)
Model fingerprint: 0x13265c77
Model has 30 linear objective coefficients
Variable types: 44 continuous, 141 integer (141 binary)
Coefficient statistics:
  Matrix range     [1e+00, 2e+01]
  Objective range  [1e+00, 1e+00]
  Bounds range     [1e+00, 1e+00]
  RHS range        [1e+00, 2e+01]

Found heuristic solution: objective 30.0000000
Presolve removed 420 rows and 61 columns
Presolve time: 0.01s
Presolved: 784 rows, 124 columns, 2462 nonzeros
Variable types: 0 continuous, 124 integer (114 binary)
Found heuristic solution: objective 34.0000000

Root relaxation: objective 1.510000e+02, 153 iterations, 0.01 seconds (0.00 work units)

    Nodes    |    Current Node    |     Objective Bounds      |     Work
 Expl Unexpl |  Obj  Depth IntInf | Incumbent    BestBd   Gap | It/Node Time

     0     0  151.00000    0   44   34.00000  151.00000   344%     -    0s
H    0     0                      43.0000000  151.00000   251%     -    0s
H    0     0                      49.0000000  151.00000   208%     -    0s
H    0     0                      50.0000000  151.00000   202%     -    0s
H    0     0                      51.0000000  151.00000   196%     -    0s
H    0     0                      54.0000000  151.00000   180%     -    0s
H    0     0                      62.0000000  151.00000   144%     -    0s
H    0     0                      66.0000000  151.00000   129%     -    0s
     0     0  151.00000    0   50   66.00000  151.00000   129%     -    0s
     0     0  151.00000    0   50   66.00000  151.00000   129%     -    0s
     0     0  151.00000    0   50   66.00000  151.00000   129%     -    0s
H    0     0                      68.0000000  151.00000   122%     -    0s
H    0     0                      69.0000000  151.00000   119%     -    0s
     0     0  151.00000    0   50   69.00000  151.00000   119%     -    0s
H    0     0                      71.0000000  151.00000   113%     -    0s
     0     0  151.00000    0   50   71.00000  151.00000   113%     -    0s
     0     0  151.00000    0   44   71.00000  151.00000   113%     -    0s
     0     0  151.00000    0   42   71.00000  151.00000   113%     -    0s
     0     0  151.00000    0   42   71.00000  151.00000   113%     -    0s
H    0     0                      73.0000000  151.00000   107%     -    0s
H    0     0                      76.0000000  151.00000  98.7%     -    0s
     0     0  151.00000    0   50   76.00000  151.00000  98.7%     -    0s
     0     0  151.00000    0   50   76.00000  151.00000  98.7%     -    0s
     0     0  151.00000    0   50   76.00000  151.00000  98.7%     -    0s
     0     0  151.00000    0   50   76.00000  151.00000  98.7%     -    0s
     0     2  151.00000    0   50   76.00000  151.00000  98.7%     -    0s
H  370   291                      79.0000000  151.00000  91.1%  35.2    0s

Cutting planes:
  Inf proof: 3

Explored 38893 nodes (1049186 simplex iterations) in 3.75 seconds (4.57 work units)
Thread count was 16 (of 16 available processors)

Solution count 10: 79 79 79 ... 66

Optimal solution found (tolerance 1.00e-04)
Best objective 7.900000000000e+01, best bound 7.900000000000e+01, gap 0.0000%

Wrote result file '/root/bgw/data/results/2026_03_23_16_17_30_set_ds_1_ds_1_s004_g005_max.sol'

