[2026-03-24T00:53:55.271Z] Pipeline "set_big_5-7_big_5-7_s002_g003" → 2026_03_24_00_53_55_set_big_5-7_big_5-7_s002_g003_max.sol
Set parameter WLSAccessID
Set parameter WLSSecret
Set parameter LicenseID to value 2792458
Set parameter LogFile to value "gurobi.log"
Using license file /root/gurobi.lic
Academic license 2792458 - for non-commercial use only - registered to an___@studenti.unipg.it

Gurobi Optimizer version 13.0.1 build v13.0.1rc0 (linux64 - "Ubuntu 24.04.4 LTS")
Copyright (c) 2026, Gurobi Optimization, LLC

Warning: Duplicate section found (read 'binary') - Is a variable name equal to an LP file format keyword?
Warning: Duplicate section found (read 'binary') - Is a variable name equal to an LP file format keyword?
Warning: Duplicate section found (read 'binary') - Is a variable name equal to an LP file format keyword?
Warning: Duplicate section found (read 'binary') - Is a variable name equal to an LP file format keyword?
Warning: Duplicate section found (read 'binary') - Is a variable name equal to an LP file format keyword?
Warning: Duplicate section found (read 'binary') - Is a variable name equal to an LP file format keyword?
Warning: Duplicate section found (read 'binary') - Is a variable name equal to an LP file format keyword?
Warning: Duplicate section found (read 'binary') - Is a variable name equal to an LP file format keyword?
Warning: Duplicate section found (read 'binary') - Is a variable name equal to an LP file format keyword?
Warning: Duplicate section found (read 'binary') - Is a variable name equal to an LP file format keyword?
Warning: Further warnings of this type will be omitted.
Read LP format model from file /root/bgw/data/uploads/2026_03_24_00_53_55_set_big_5-7_big_5-7_s002_g003_max.lp
Reading time = 0.01 seconds
: 1590 rows, 236 columns, 4707 nonzeros

Using Gurobi shared library /opt/gurobi1301/linux64/lib/libgurobi.so.13.0.1

CPU model: AMD EPYC-Genoa Processor, instruction set [SSE2|AVX|AVX2|AVX512]
Thread count: 16 physical cores, 16 logical processors, using up to 16 threads

Academic license 2792458 - for non-commercial use only - registered to an___@studenti.unipg.it
Optimize a model with 1590 rows, 236 columns and 4707 nonzeros (Max)
Model fingerprint: 0xb1b4acbc
Model has 42 linear objective coefficients
Variable types: 58 continuous, 178 integer (178 binary)
Coefficient statistics:
  Matrix range     [1e+00, 2e+01]
  Objective range  [1e+00, 1e+00]
  Bounds range     [1e+00, 1e+00]
  RHS range        [1e+00, 2e+01]

Found heuristic solution: objective 42.0000000
Presolve removed 434 rows and 95 columns
Presolve time: 0.01s
Presolved: 1156 rows, 141 columns, 3546 nonzeros
Variable types: 0 continuous, 141 integer (135 binary)
Found heuristic solution: objective 57.0000000

Root relaxation: objective 2.670000e+02, 84 iterations, 0.01 seconds (0.00 work units)

    Nodes    |    Current Node    |     Objective Bounds      |     Work
 Expl Unexpl |  Obj  Depth IntInf | Incumbent    BestBd   Gap | It/Node Time

     0     0  267.00000    0   14   57.00000  267.00000   368%     -    0s
H    0     0                      72.0000000  267.00000   271%     -    0s
H    0     0                     117.0000000  267.00000   128%     -    0s
     0     0  267.00000    0   20  117.00000  267.00000   128%     -    0s
     0     0  267.00000    0   20  117.00000  267.00000   128%     -    0s
     0     0  267.00000    0   20  117.00000  267.00000   128%     -    0s
     0     0  267.00000    0   20  117.00000  267.00000   128%     -    0s
     0     0  267.00000    0   14  117.00000  267.00000   128%     -    0s
     0     0  252.00000    0   14  117.00000  252.00000   115%     -    0s
     0     0  252.00000    0   21  117.00000  252.00000   115%     -    0s
     0     0  252.00000    0   12  117.00000  252.00000   115%     -    0s
     0     0  249.85714    0   20  117.00000  249.85714   114%     -    0s
     0     0  248.78571    0   12  117.00000  248.78571   113%     -    0s
     0     0  248.78571    0   12  117.00000  248.78571   113%     -    0s
     0     0  235.92857    0   19  117.00000  235.92857   102%     -    0s
     0     0  235.92857    0   19  117.00000  235.92857   102%     -    0s
     0     0  235.92857    0   19  117.00000  235.92857   102%     -    0s
     0     0  234.32143    0   19  117.00000  234.32143   100%     -    0s
     0     0  234.32143    0   20  117.00000  234.32143   100%     -    0s
     0     0  234.32143    0   14  117.00000  234.32143   100%     -    0s
     0     0  233.78571    0   14  117.00000  233.78571   100%     -    0s
     0     0  233.78571    0   14  117.00000  233.78571   100%     -    0s
     0     2  233.78571    0   14  117.00000  233.78571   100%     -    0s

Cutting planes:
  Gomory: 3
  Lift-and-project: 3
  Cover: 27
  MIR: 5
  StrongCG: 1
  Inf proof: 52
  Zero half: 3

Explored 5912 nodes (196556 simplex iterations) in 0.77 seconds (0.91 work units)
Thread count was 16 (of 16 available processors)

Solution count 4: 117 72 57 42 

Optimal solution found (tolerance 1.00e-04)
Best objective 1.170000000000e+02, best bound 1.170000000000e+02, gap 0.0000%

Wrote result file '/root/bgw/data/results/2026_03_24_00_53_55_set_big_5-7_big_5-7_s002_g003_max.sol'

