[2026-03-24T14:23:12.294Z] Pipeline "set_vm-3-t1_vm-3-t1_s010_g003" → 2026_03_24_14_23_12_set_vm-3-t1_vm-3-t1_s010_g003_max.sol
Set parameter Username
Set parameter LicenseID to value 2796068
Set parameter LogFile to value "gurobi.log"
Using license file /opt/gurobi/gurobi.lic
Academic license - for non-commercial use only - expires 2027-03-23

Gurobi Optimizer version 13.0.1 build v13.0.1rc0 (linux64 - "Ubuntu 24.04.4 LTS")
Copyright (c) 2026, Gurobi Optimization, LLC

Warning: Duplicate section found (read 'binary') - Is a variable name equal to an LP file format keyword?
Warning: Duplicate section found (read 'binary') - Is a variable name equal to an LP file format keyword?
Warning: Duplicate section found (read 'binary') - Is a variable name equal to an LP file format keyword?
Warning: Duplicate section found (read 'binary') - Is a variable name equal to an LP file format keyword?
Warning: Duplicate section found (read 'binary') - Is a variable name equal to an LP file format keyword?
Warning: Duplicate section found (read 'binary') - Is a variable name equal to an LP file format keyword?
Warning: Duplicate section found (read 'binary') - Is a variable name equal to an LP file format keyword?
Warning: Duplicate section found (read 'binary') - Is a variable name equal to an LP file format keyword?
Warning: Duplicate section found (read 'binary') - Is a variable name equal to an LP file format keyword?
Warning: Duplicate section found (read 'binary') - Is a variable name equal to an LP file format keyword?
Warning: Further warnings of this type will be omitted.
Read LP format model from file /root/bgw/data/uploads/2026_03_24_14_23_12_set_vm-3-t1_vm-3-t1_s010_g003_max.lp
Reading time = 0.00 seconds
: 2890 rows, 326 columns, 8543 nonzeros

Using Gurobi shared library /opt/gurobi1301/linux64/lib/libgurobi.so.13.0.1

CPU model: AMD EPYC-Genoa Processor, instruction set [SSE2|AVX|AVX2|AVX512]
Thread count: 16 physical cores, 16 logical processors, using up to 16 threads

Optimize a model with 2890 rows, 326 columns and 8543 nonzeros (Max)
Model fingerprint: 0xa3ac5e27
Model has 38 linear objective coefficients
Variable types: 58 continuous, 268 integer (268 binary)
Coefficient statistics:
  Matrix range     [1e+00, 2e+01]
  Objective range  [1e+00, 1e+00]
  Bounds range     [1e+00, 1e+00]
  RHS range        [1e+00, 2e+01]

Found heuristic solution: objective 38.0000000
Presolve removed 547 rows and 99 columns
Presolve time: 0.01s
Presolved: 2343 rows, 227 columns, 7216 nonzeros
Variable types: 0 continuous, 227 integer (216 binary)
Found heuristic solution: objective 45.0000000

Root relaxation: objective 1.990000e+02, 329 iterations, 0.01 seconds (0.02 work units)

    Nodes    |    Current Node    |     Objective Bounds      |     Work
 Expl Unexpl |  Obj  Depth IntInf | Incumbent    BestBd   Gap | It/Node Time

     0     0  199.00000    0   71   45.00000  199.00000   342%     -    0s
H    0     0                      62.0000000  199.00000   221%     -    0s
H    0     0                      70.0000000  199.00000   184%     -    0s
     0     0  199.00000    0   67   70.00000  199.00000   184%     -    0s
H    0     0                      73.0000000  199.00000   173%     -    0s
H    0     0                      90.0000000  199.00000   121%     -    0s
     0     0  199.00000    0   73   90.00000  199.00000   121%     -    0s
     0     0  199.00000    0   59   90.00000  199.00000   121%     -    0s
     0     0  199.00000    0   63   90.00000  199.00000   121%     -    0s
     0     0  199.00000    0   57   90.00000  199.00000   121%     -    0s
H    0     0                      91.0000000  199.00000   119%     -    0s
     0     0  199.00000    0   58   91.00000  199.00000   119%     -    0s
     0     0  199.00000    0   58   91.00000  199.00000   119%     -    0s
H    0     0                      93.0000000  199.00000   114%     -    0s
     0     0  199.00000    0   58   93.00000  199.00000   114%     -    0s
     0     0  199.00000    0   56   93.00000  199.00000   114%     -    0s
     0     0  199.00000    0   59   93.00000  199.00000   114%     -    0s
     0     0  199.00000    0   59   93.00000  199.00000   114%     -    0s
     0     0  199.00000    0   59   93.00000  199.00000   114%     -    0s
     0     0  199.00000    0   59   93.00000  199.00000   114%     -    0s
     0     0  199.00000    0   59   93.00000  199.00000   114%     -    0s
     0     0  199.00000    0   59   93.00000  199.00000   114%     -    0s
     0     0  199.00000    0   57   93.00000  199.00000   114%     -    0s
     0     2  199.00000    0   56   93.00000  199.00000   114%     -    0s
H    8    15                      94.0000000  199.00000   112%  93.6    0s
H   46    65                      95.0000000  199.00000   109%  95.0    0s
H  177   168                      98.0000000  199.00000   103%  84.3    0s
H  194   168                     102.0000000  199.00000  95.1%  85.7    0s
H 3501  1780                     104.0000000  196.00000  88.5%  65.9    2s
 13668  4837  151.37681   32   62  104.00000  176.33333  69.6%  61.5    5s
 36551  9527  149.83333   39  117  104.00000  169.88889  63.4%  56.7   10s
 63947 17231  117.22222   50   11  104.00000  165.54630  59.2%  53.3   15s
 97864 28457  123.92593   45   65  104.00000  158.66667  52.6%  51.5   20s
 132981 38577 infeasible   42       104.00000  153.55556  47.6%  50.2   25s
 171010 47930  113.97222   49   18  104.00000  150.01111  44.2%  49.1   30s
 206583 56747  118.54040   51   28  104.00000  148.00000  42.3%  48.6   35s
 232643 62385  120.49206   48   53  104.00000  146.29915  40.7%  48.4   40s
 274025 71889  105.66667   52    3  104.00000  145.00000  39.4%  47.8   45s
 314145 79932  131.38889   47   44  104.00000  143.55556  38.0%  47.4   50s
 351464 86747  115.00000   53   15  104.00000  142.38889  36.9%  47.2   55s
 386902 92642  123.28889   45   62  104.00000  141.83333  36.4%  46.8   60s
 423018 98054     cutoff   48       104.00000  140.94444  35.5%  46.7   65s
 459882 103407  116.55556   48   22  104.00000  140.00000  34.6%  46.6   70s
 490237 107018  128.83333   46   16  104.00000  139.00000  33.7%  46.3   75s
 528269 111517  128.94444   48   20  104.00000  139.00000  33.7%  46.1   80s
 563070 115233 infeasible   53       104.00000  138.33333  33.0%  46.1   85s
 598860 119304  124.61111   46   38  104.00000  138.00000  32.7%  46.1   90s
 632647 122012 infeasible   50       104.00000  137.29630  32.0%  46.0   95s
 663106 124435 infeasible   45       104.00000  136.33333  31.1%  46.0  100s
 701252 127484  117.33333   45   43  104.00000  136.00000  30.8%  46.0  105s
 736661 130138  121.84444   52   21  104.00000  135.33333  30.1%  46.0  110s
 782644 132778  130.66667   48   40  104.00000  135.00000  29.8%  45.7  115s
 820811 135023  113.00000   53   24  104.00000  134.50000  29.3%  45.6  120s
 852979 135460  109.07639   52   36  104.00000  133.88889  28.7%  45.6  125s
 891727 135948     cutoff   51       104.00000  133.00000  27.9%  45.5  130s
 925897 136773     cutoff   52       104.00000  132.61111  27.5%  45.6  135s
 970858 136402 infeasible   52       104.00000  132.00000  26.9%  45.4  140s
 1008651 136400  124.68000   48   39  104.00000  131.73077  26.7%  45.5  145s
 1044026 135322 infeasible   48       104.00000  131.21111  26.2%  45.5  150s
 1080539 134326  129.61111   46   31  104.00000  130.77778  25.7%  45.5  155s
 1115417 132776  119.04545   50   33  104.00000  130.00000  25.0%  45.5  160s
 1151944 130931 infeasible   52       104.00000  129.02778  24.1%  45.5  165s
 1186473 129513  120.27778   50   52  104.00000  128.80000  23.8%  45.6  170s
 1219062 128037  120.20899   48   61  104.00000  128.27778  23.3%  45.6  175s
 1260810 125227 infeasible   55       104.00000  127.91919  23.0%  45.6  180s
 1301212 122275     cutoff   51       104.00000  127.24074  22.3%  45.5  185s
 1336688 118918  114.72222   49   30  104.00000  126.56667  21.7%  45.5  190s
 1368236 115553  117.93764   52   42  104.00000  125.97506  21.1%  45.5  195s
 1406100 111402  117.96296   51   14  104.00000  125.22222  20.4%  45.5  200s
 1440492 106826     cutoff   51       104.00000  124.70000  19.9%  45.5  205s
 1478574 101354  117.98889   51   42  104.00000  124.06667  19.3%  45.4  210s
 1511427 96823     cutoff   48       104.00000  123.38889  18.6%  45.5  215s
 1547936 90993     cutoff   54       104.00000  122.33333  17.6%  45.5  220s
 1588127 84850 infeasible   53       104.00000  121.55556  16.9%  45.5  225s
 1626140 77756  114.61111   49   48  104.00000  120.77778  16.1%  45.5  230s
 1663959 70522 infeasible   48       104.00000  120.00000  15.4%  45.5  235s
 1697201 62841 infeasible   52       104.00000  118.75556  14.2%  45.6  240s
 1728531 54334 infeasible   47       104.00000  117.72222  13.2%  45.7  245s
 1764519 42055     cutoff   51       104.00000  116.14815  11.7%  45.7  250s
 1797361 30266  113.00000   50   26  104.00000  114.61111  10.2%  45.7  255s
 1842302  2446 infeasible   52       104.00000  108.00000  3.85%  45.6  260s

Explored 1847407 nodes (84161317 simplex iterations) in 260.30 seconds (571.54 work units)
Thread count was 16 (of 16 available processors)

Solution count 10: 104 102 102 ... 91

Optimal solution found (tolerance 1.00e-04)
Best objective 1.040000000000e+02, best bound 1.040000000000e+02, gap 0.0000%

Wrote result file '/root/bgw/data/results/2026_03_24_14_23_12_set_vm-3-t1_vm-3-t1_s010_g003_max.sol'

