[2026-03-24T12:27:24.483Z] Pipeline "set_big_5_8_big_5_8_s004_g004" → 2026_03_24_12_27_24_set_big_5_8_big_5_8_s004_g004_max.sol
Set parameter WLSAccessID
Set parameter WLSSecret
Set parameter LicenseID to value 2792458
Set parameter LogFile to value "gurobi.log"
Using license file /root/gurobi.lic
Academic license 2792458 - for non-commercial use only - registered to an___@studenti.unipg.it

Gurobi Optimizer version 13.0.1 build v13.0.1rc0 (linux64 - "Ubuntu 24.04.4 LTS")
Copyright (c) 2026, Gurobi Optimization, LLC

Warning: Duplicate section found (read 'binary') - Is a variable name equal to an LP file format keyword?
Warning: Duplicate section found (read 'binary') - Is a variable name equal to an LP file format keyword?
Warning: Duplicate section found (read 'binary') - Is a variable name equal to an LP file format keyword?
Warning: Duplicate section found (read 'binary') - Is a variable name equal to an LP file format keyword?
Warning: Duplicate section found (read 'binary') - Is a variable name equal to an LP file format keyword?
Warning: Duplicate section found (read 'binary') - Is a variable name equal to an LP file format keyword?
Warning: Duplicate section found (read 'binary') - Is a variable name equal to an LP file format keyword?
Warning: Duplicate section found (read 'binary') - Is a variable name equal to an LP file format keyword?
Warning: Duplicate section found (read 'binary') - Is a variable name equal to an LP file format keyword?
Warning: Duplicate section found (read 'binary') - Is a variable name equal to an LP file format keyword?
Warning: Further warnings of this type will be omitted.
Read LP format model from file /root/bgw/data/uploads/2026_03_24_12_27_24_set_big_5_8_big_5_8_s004_g004_max.lp
Reading time = 0.01 seconds
: 7808 rows, 654 columns, 23661 nonzeros

Using Gurobi shared library /opt/gurobi1301/linux64/lib/libgurobi.so.13.0.1

CPU model: AMD EPYC-Genoa Processor, instruction set [SSE2|AVX|AVX2|AVX512]
Thread count: 16 physical cores, 16 logical processors, using up to 16 threads

Academic license 2792458 - for non-commercial use only - registered to an___@studenti.unipg.it
Optimize a model with 7808 rows, 654 columns and 23661 nonzeros (Max)
Model fingerprint: 0xa87c7685
Model has 148 linear objective coefficients
Variable types: 176 continuous, 478 integer (478 binary)
Coefficient statistics:
  Matrix range     [1e+00, 3e+01]
  Objective range  [1e+00, 1e+00]
  Bounds range     [1e+00, 1e+00]
  RHS range        [1e+00, 3e+01]

Found heuristic solution: objective 148.0000000
Presolve removed 1173 rows and 229 columns
Presolve time: 0.02s
Presolved: 6635 rows, 425 columns, 20180 nonzeros
Variable types: 0 continuous, 425 integer (414 binary)
Found heuristic solution: objective 230.0000000

Root relaxation: objective 1.061000e+03, 355 iterations, 0.02 seconds (0.03 work units)

    Nodes    |    Current Node    |     Objective Bounds      |     Work
 Expl Unexpl |  Obj  Depth IntInf | Incumbent    BestBd   Gap | It/Node Time

     0     0 1061.00000    0   68  230.00000 1061.00000   361%     -    0s
H    0     0                     265.0000000 1061.00000   300%     -    0s
H    0     0                     326.0000000 1061.00000   225%     -    0s
H    0     0                     330.0000000 1061.00000   222%     -    0s
H    0     0                     358.0000000 1061.00000   196%     -    0s
     0     0 1030.00000    0   69  358.00000 1030.00000   188%     -    0s
     0     0 1030.00000    0   65  358.00000 1030.00000   188%     -    0s
     0     0 1030.00000    0   65  358.00000 1030.00000   188%     -    0s
H    0     0                     359.0000000 1030.00000   187%     -    0s
     0     0 1030.00000    0   65  359.00000 1030.00000   187%     -    0s
     0     0 1030.00000    0   62  359.00000 1030.00000   187%     -    0s
H    0     0                     377.0000000 1030.00000   173%     -    0s
     0     0 1030.00000    0   63  377.00000 1030.00000   173%     -    0s
     0     0 1030.00000    0   62  377.00000 1030.00000   173%     -    0s
     0     0 1030.00000    0   63  377.00000 1030.00000   173%     -    0s
     0     0 1030.00000    0   63  377.00000 1030.00000   173%     -    0s
     0     0 1030.00000    0   63  377.00000 1030.00000   173%     -    0s
     0     0 1030.00000    0   63  377.00000 1030.00000   173%     -    0s
     0     0 1030.00000    0   51  377.00000 1030.00000   173%     -    0s
     0     0 1030.00000    0   64  377.00000 1030.00000   173%     -    0s
     0     0 1030.00000    0   63  377.00000 1030.00000   173%     -    0s
     0     0 1030.00000    0   63  377.00000 1030.00000   173%     -    0s
     0     0 1030.00000    0   63  377.00000 1030.00000   173%     -    0s
     0     2 1030.00000    0   63  377.00000 1030.00000   173%     -    0s
H   18    22                     385.0000000 1030.00000   168%   113    0s
H   24    22                     388.0000000 1030.00000   165%   134    0s
H  247   195                     389.0000000 1030.00000   165%   126    1s
H  249   195                     403.0000000 1030.00000   156%   127    1s
H  478   368                     404.0000000 1030.00000   155%   133    2s
H  874   624                     405.0000000 1030.00000   154%   145    2s
  3005  1783  942.55385   11   63  405.00000  999.37019   147%   160    5s
H 3262  1825                     408.0000000  999.37019   145%   162    6s
H 3570  1865                     419.0000000  999.37019   139%   160    7s
H 4009  1846                     420.0000000  999.37019   138%   162    7s
  6508  2539  495.79345   39  173  420.00000  990.64209   136%   157   10s
 12239  4975  540.69231   42   60  420.00000  932.85897   122%   156   15s
 17804  7725  563.42308   43   59  420.00000  900.05311   114%   159   20s
 22291  9080  451.11538   54   62  420.00000  885.07363   111%   155   25s
 30420 10370 infeasible   58       420.00000  885.07363   111%   148   30s
 39321 11435  538.73077   49   97  420.00000  868.80769   107%   145   35s
 47969 12443 infeasible   61       420.00000  840.38462   100%   145   40s
 55589 15557  768.16194   43   74  420.00000  826.52564  96.8%   141   45s
 62298 18190  707.69231   43   62  420.00000  807.13846  92.2%   140   51s
 70880 21051  599.65659   50   72  420.00000  795.50000  89.4%   138   55s
 80473 24761  712.13077   44   54  420.00000  778.41806  85.3%   137   60s
 91949 28804 infeasible   55       420.00000  769.27308  83.2%   135   65s
 103665 32545 infeasible   53       420.00000  753.42308  79.4%   133   70s
 113263 36113 infeasible   65       420.00000  742.92308  76.9%   133   75s
 125285 39767  535.57692   47   60  420.00000  735.46154  75.1%   132   80s
 134821 43012 infeasible   55       420.00000  726.19231  72.9%   132   85s
 146349 46731  488.46154   54   53  420.00000  715.26923  70.3%   131   90s
 156281 50185 infeasible   50       420.00000  710.71538  69.2%   131   95s
 165787 53233  458.83120   54   62  420.00000  707.38462  68.4%   130  100s
 175802 56003 infeasible   53       420.00000  701.38462  67.0%   130  105s
 187245 59261 infeasible   59       420.00000  693.40385  65.1%   130  110s
 196466 62037  593.92308   48   89  420.00000  686.34615  63.4%   130  115s
 207077 65011  502.30769   53   44  420.00000  681.61538  62.3%   130  120s
 218554 68551  571.23077   46   82  420.00000  677.87179  61.4%   130  125s
 228831 71713  642.61538   47   72  420.00000  674.99069  60.7%   129  130s
 240506 74828  425.00000   61   42  420.00000  671.15385  59.8%   129  135s
 250460 77252  631.38462   47   97  420.00000  666.46154  58.7%   129  140s
 261800 80403  519.96154   51   59  420.00000  660.51923  57.3%   129  145s
 273850 83709  521.46154   48   79  420.00000  654.53846  55.8%   129  150s
 283795 86289  451.73077   53   54  420.00000  650.58205  54.9%   128  155s
 292588 88776  533.56044   49   97  420.00000  648.41026  54.4%   129  160s
 303030 91506  467.76923   58   37  420.00000  646.50000  53.9%   129  165s
 310780 93653     cutoff   52       420.00000  645.45385  53.7%   129  170s
 321221 96566 infeasible   58       420.00000  643.26923  53.2%   129  175s
 332457 99346  504.38462   51  115  420.00000  640.74359  52.6%   129  180s
 344466 101791 infeasible   57       420.00000  636.19780  51.5%   128  185s
 355632 104352 infeasible   55       420.00000  631.88462  50.4%   128  190s
 366786 107218  451.15385   56   43  420.00000  628.84615  49.7%   128  195s
 376600 109596  462.96154   54   76  420.00000  625.65385  49.0%   128  200s
 388590 112186  521.34615   50   62  420.00000  621.61538  48.0%   128  205s
 398404 114657  586.30769   49   71  420.00000  618.98077  47.4%   128  210s
 408461 117341  489.44231   54   60  420.00000  617.41987  47.0%   128  215s
 420494 120244  458.84615   55   42  420.00000  615.74825  46.6%   128  220s
 430473 122821  459.46154   56   62  420.00000  614.58654  46.3%   128  225s
 439192 125079 infeasible   51       420.00000  613.56923  46.1%   128  230s
 451557 128252 infeasible   60       420.00000  612.19231  45.8%   128  235s
 462921 130948 infeasible   49       420.00000  610.80769  45.4%   128  240s
 472966 133100 infeasible   60       420.00000  609.07143  45.0%   128  245s
 484389 135274     cutoff   55       420.00000  606.00000  44.3%   128  250s
 495883 137515  532.80769   49   61  420.00000  602.56923  43.5%   128  255s
 506548 140109  430.96154   62   51  420.00000  600.26923  42.9%   128  260s
 516475 142302  474.80769   50   76  420.00000  598.00000  42.4%   128  265s
 527522 144807  480.42308   51   53  420.00000  596.11538  41.9%   128  270s
 539298 147285  467.65385   60   57  420.00000  594.00855  41.4%   128  275s
 544197 148224     cutoff   55       420.00000  592.76923  41.1%   128  280s
 554310 150168  450.57692   56   40  420.00000  589.69231  40.4%   128  285s
 565859 152691 infeasible   54       420.00000  587.50000  39.9%   128  290s
 575727 154860  440.50000   53   77  420.00000  586.46154  39.6%   128  295s
 586975 157362     cutoff   58       420.00000  585.30769  39.4%   128  300s
 598509 159786 infeasible   57       420.00000  584.35256  39.1%   128  305s
 609727 162059  465.84615   53   36  420.00000  583.36538  38.9%   128  310s
 619574 164185  520.11538   54   79  420.00000  582.65385  38.7%   128  315s
 631068 166787  438.69231   58   54  420.00000  581.92308  38.6%   128  320s
 642411 169293  496.73077   55  104  420.00000  581.07692  38.4%   128  325s
 652494 171403  458.15385   55   53  420.00000  580.30769  38.2%   128  330s
 664215 173696 infeasible   49       420.00000  579.19231  37.9%   128  335s
 674094 175367 infeasible   63       420.00000  578.08654  37.6%   128  340s
 684182 176914 infeasible   57       420.00000  576.53846  37.3%   128  345s
 696493 178918  472.96154   54   83  420.00000  573.86703  36.6%   128  350s
 704795 180369  447.23077   55   30  420.00000  571.96154  36.2%   128  355s
 714725 182469  560.74359   51   47  420.00000  570.53846  35.8%   128  360s
 725029 184500  442.96154   62   91  420.00000  569.19231  35.5%   128  365s
 734834 186125 infeasible   51       420.00000  567.75000  35.2%   128  370s
 744393 188292  504.54808   51   69  420.00000  566.84615  35.0%   128  375s
 753961 190238 infeasible   58       420.00000  566.19231  34.8%   128  380s
 763757 192086  432.69231   58   54  420.00000  565.61538  34.7%   128  385s
 775609 194244  475.42308   53  129  420.00000  564.76923  34.5%   128  390s
 785198 196025  440.80769   62   37  420.00000  563.96154  34.3%   128  395s
 796943 198236  488.73077   57   54  420.00000  562.96154  34.0%   128  400s
 804451 199557 infeasible   59       420.00000  562.34615  33.9%   128  405s
 814581 201254  462.65385   58   48  420.00000  561.15385  33.6%   128  410s
 826171 203027 infeasible   45       420.00000  559.88462  33.3%   128  415s
 835800 204394  468.03846   52  108  420.00000  558.80769  33.0%   128  420s
 847548 206510  442.00000   52   77  420.00000  557.30769  32.7%   128  425s
 858929 208195  521.83333   53   64  420.00000  556.38462  32.5%   128  430s
 870521 210153  453.00000   52   60  420.00000  555.27778  32.2%   128  435s
 879954 211604  446.53846   58   44  420.00000  554.47692  32.0%   128  440s
 891621 213577 infeasible   60       420.00000  553.61538  31.8%   128  445s
 901210 215062 infeasible   50       420.00000  552.90385  31.6%   128  450s
 912721 217056  475.69231   55   35  420.00000  552.29487  31.5%   128  455s
 922598 218839 infeasible   58       420.00000  551.74679  31.4%   128  460s
 932848 220568  441.92308   60   43  420.00000  551.30769  31.3%   128  465s
 942940 222289  548.76923   53   61  420.00000  550.96154  31.2%   128  470s
 951965 223887  448.15385   57  143  420.00000  550.46154  31.1%   128  475s
 959554 225202  503.15385   54  108  420.00000  550.13077  31.0%   128  480s
 969188 226824  471.76923   55   51  420.00000  549.69231  30.9%   128  485s
 980784 228810 infeasible   52       420.00000  549.15385  30.8%   128  490s
 990768 230527  480.96154   54   90  420.00000  548.73077  30.7%   128  495s
 1000924 232144  448.26923   56   98  420.00000  548.25000  30.5%   128  500s
 1012473 233802  466.34615   55   49  420.00000  547.79808  30.4%   127  505s
 1019550 235044 infeasible   51       420.00000  547.34615  30.3%   127  510s
 1031195 236722 infeasible   57       420.00000  546.53846  30.1%   127  515s
 1040717 238036  425.96154   59  101  420.00000  545.88462  30.0%   127  520s
 1052476 239781  423.84103   60   50  420.00000  544.88462  29.7%   127  525s
 1064022 241383  428.58333   56   49  420.00000  543.77885  29.5%   127  530s
 1075270 242934     cutoff   57       420.00000  542.50000  29.2%   127  535s
 1086021 244582 infeasible   62       420.00000  541.19231  28.9%   127  540s
 1096194 245979 infeasible   64       420.00000  540.09615  28.6%   127  545s
 1108204 247938  447.30971   62  107  420.00000  539.53846  28.5%   127  550s
 1115618 249161  536.42308   53   58  420.00000  539.07692  28.4%   127  555s
 1126810 250900  471.19231   54   43  420.00000  538.38462  28.2%   127  560s
 1137036 252400  480.73077   57   42  420.00000  537.63301  28.0%   127  565s
 1148292 254178     cutoff   62       420.00000  536.91608  27.8%   127  570s
 1158182 255796  460.45165   53   73  420.00000  536.35897  27.7%   127  575s
 1169672 257527  428.73077   54   30  420.00000  535.71538  27.6%   127  580s
 1179628 259054 infeasible   59       420.00000  535.42308  27.5%   127  585s
 1190886 260706 infeasible   63       420.00000  535.09391  27.4%   127  590s
 1200408 262099 infeasible   55       420.00000  534.69231  27.3%   127  595s
 1210977 263432 infeasible   63       420.00000  534.34615  27.2%   127  600s
 1218936 264837  501.11538   54   64  420.00000  534.11538  27.2%   127  605s
 1228598 266147  457.23077   56   95  420.00000  533.73077  27.1%   127  610s
 1240529 267797  465.43956   53  102  420.00000  533.34615  27.0%   127  615s
 1251831 269359  442.53846   59   55  420.00000  533.00000  26.9%   127  620s
 1261561 270709 infeasible   63       420.00000  532.65385  26.8%   127  625s
 1273127 272312  448.80128   61   38  420.00000  532.26923  26.7%   127  630s
 1284294 273701 infeasible   56       420.00000  531.84615  26.6%   127  635s
 1295953 275236  458.26923   58   48  420.00000  531.37179  26.5%   127  640s
 1306065 276496  447.00000   53   55  420.00000  531.03846  26.4%   127  645s
 1314154 277416  447.17628   55   46  420.00000  530.61538  26.3%   127  650s
 1324686 278620  427.80769   58   96  420.00000  530.19231  26.2%   127  655s
 1336235 279812  427.69231   57   51  420.00000  529.66923  26.1%   127  660s
 1344659 280638  469.07692   55   59  420.00000  529.19231  26.0%   127  665s
 1356753 282224 infeasible   50       420.00000  528.78205  25.9%   127  670s
 1368194 283361  524.26923   52   56  420.00000  528.07692  25.7%   127  675s
 1379624 284507     cutoff   56       420.00000  527.54615  25.6%   127  680s
 1391132 285758  454.76923   56   53  420.00000  526.84615  25.4%   127  685s
 1402133 286787  426.30769   55   36  420.00000  526.26923  25.3%   127  690s
 1416285 288074 infeasible   54       420.00000  525.55769  25.1%   126  695s
 1426990 289078  448.15385   56   47  420.00000  524.96154  25.0%   126  700s
 1438318 290265  461.96154   60   38  420.00000  524.32692  24.8%   126  705s
 1450018 291351     cutoff   58       420.00000  523.73077  24.7%   126  710s
 1459467 292454 infeasible   55       420.00000  523.34615  24.6%   126  715s
 1470245 293607  447.53205   56   65  420.00000  522.79487  24.5%   126  720s
 1481778 294782  447.34615   59   86  420.00000  522.24176  24.3%   126  725s
 1491317 295725 infeasible   61       420.00000  521.84615  24.2%   126  730s
 1502764 296946  472.59615   59   50  420.00000  521.50000  24.2%   126  735s
 1514115 298131  453.84615   57   46  420.00000  521.15385  24.1%   126  740s
 1525455 299208  452.27692   57   93  420.00000  520.77692  24.0%   126  745s
 1532872 299959 infeasible   57       420.00000  520.53846  23.9%   126  750s
 1544923 301202  460.55897   53   59  420.00000  520.19231  23.9%   126  755s
 1556015 302543  517.43590   55   56  420.00000  520.00000  23.8%   126  760s
 1565337 303548     cutoff   58       420.00000  519.76923  23.8%   127  765s
 1575264 304662  435.77473   58   34  420.00000  519.50000  23.7%   127  770s
 1585088 305946  464.23077   55   29  420.00000  519.30769  23.6%   127  775s
 1596827 307324  434.45299   56   23  420.00000  519.11538  23.6%   127  780s
 1606863 308434  443.00000   65   46  420.00000  518.84615  23.5%   127  785s
 1617080 309509     cutoff   59       420.00000  518.57692  23.5%   127  790s
 1628959 310730     cutoff   61       420.00000  518.28330  23.4%   127  795s
 1639053 311848  443.84615   53   31  420.00000  518.05769  23.3%   127  800s
 1650512 312870  453.84615   54   46  420.00000  517.73740  23.3%   127  805s
 1661824 314038  452.29853   54   48  420.00000  517.42308  23.2%   127  810s
 1667692 314643  459.33846   52   55  420.00000  517.30769  23.2%   127  815s
 1679948 315651     cutoff   61       420.00000  517.06154  23.1%   127  820s
 1691841 316709  467.15705   57   68  420.00000  516.80769  23.0%   127  825s
 1702729 317787 infeasible   59       420.00000  516.46154  23.0%   127  830s
 1715049 318771  447.53846   56   33  420.00000  516.11538  22.9%   127  835s
 1720236 319537     cutoff   59       420.00000  516.00000  22.9%   126  840s
 1731812 320726     cutoff   57       420.00000  515.69231  22.8%   127  845s
 1741640 321708  449.65385   52   57  420.00000  515.46581  22.7%   127  850s
 1753440 322792  465.96703   52   42  420.00000  515.15385  22.7%   126  855s
 1763628 323716 infeasible   58       420.00000  514.88462  22.6%   126  860s
 1774081 324716 infeasible   55       420.00000  514.57692  22.5%   126  865s
 1786510 325845  426.00000   65   36  420.00000  514.23077  22.4%   126  870s
 1798510 326795  492.13462   53   51  420.00000  513.88462  22.4%   126  875s
 1812030 327868 infeasible   59       420.00000  513.44231  22.2%   126  880s
 1821885 328519 infeasible   55       420.00000  513.11538  22.2%   126  885s
 1831402 329255     cutoff   62       420.00000  512.82867  22.1%   126  890s
 1843250 329966  428.81410   58   26  420.00000  512.38462  22.0%   126  895s
 1854657 330628  507.81731   54  104  420.00000  511.96154  21.9%   126  900s
 1866554 331334 infeasible   57       420.00000  511.53752  21.8%   126  905s
 1878164 332061 infeasible   60       420.00000  511.03846  21.7%   126  910s
 1889652 332674 infeasible   58       420.00000  510.57692  21.6%   126  915s
 1901534 333586 infeasible   59       420.00000  510.15385  21.5%   126  920s
 1912686 334390 infeasible   63       420.00000  509.76923  21.4%   126  925s
 1924738 335026 infeasible   59       420.00000  509.25240  21.3%   126  930s
 1936271 335746  469.61538   56   45  420.00000  508.84615  21.2%   126  935s
 1949219 336368 infeasible   61       420.00000  508.42308  21.1%   126  940s
 1960832 337061  470.36308   60   58  420.00000  508.03846  21.0%   126  945s
 1969589 337902  504.80769   53   55  420.00000  507.82051  20.9%   125  950s
 1983720 339315  470.26923   59   46  420.00000  507.46154  20.8%   125  955s
 1995264 340265 infeasible   56       420.00000  507.11538  20.7%   125  960s
 2004578 340885  462.15385   62   40  420.00000  506.88462  20.7%   125  965s
 2016004 341630  447.34615   55  148  420.00000  506.50000  20.6%   125  970s
 2027525 342632 infeasible   61       420.00000  506.19822  20.5%   125  975s
 2037187 343529 infeasible   63       420.00000  506.00000  20.5%   125  980s
 2048627 344336  471.88462   54   44  420.00000  505.76923  20.4%   125  985s
 2058486 345129 infeasible   61       420.00000  505.57692  20.4%   125  990s
 2068665 345708  453.09615   51   45  420.00000  505.30769  20.3%   125  995s
 2078386 346406  435.23077   56   83  420.00000  505.11538  20.3%   125 1000s
 2088560 346903  422.00000   54   50  420.00000  504.84615  20.2%   125 1005s
 2096492 347387 infeasible   58       420.00000  504.69231  20.2%   125 1010s
 2108116 348019  464.92308   60   29  420.00000  504.46154  20.1%   126 1015s
 2120014 348625 infeasible   58       420.00000  504.23077  20.1%   126 1020s
 2129772 349304  469.42692   51   71  420.00000  504.06154  20.0%   126 1025s
 2139673 349999 infeasible   58       420.00000  503.87500  20.0%   126 1030s
 2151867 350758  500.26154   54  125  420.00000  503.67949  19.9%   126 1035s
 2161803 351355  427.90110   56   41  420.00000  503.53077  19.9%   126 1040s
 2173218 352032  454.10385   53   82  420.00000  503.34615  19.8%   126 1045s
 2183200 352630  436.40224   61   64  420.00000  503.19231  19.8%   126 1050s
 2194854 353405 infeasible   62       420.00000  503.00000  19.8%   126 1055s
 2204632 354006 infeasible   56       420.00000  502.80769  19.7%   126 1060s
 2214597 354591  470.10577   56   70  420.00000  502.65385  19.7%   126 1065s
 2224342 355101  481.96154   54   73  420.00000  502.50000  19.6%   126 1070s
 2234130 355637  455.33269   61   41  420.00000  502.34615  19.6%   126 1075s
 2245688 356343  437.23077   61   55  420.00000  502.19231  19.6%   126 1080s
 2255810 356825  468.00000   53   90  420.00000  502.03846  19.5%   126 1085s
 2267231 357323  470.71154   55   41  420.00000  501.80769  19.5%   126 1090s
 2277082 357785  446.07692   56   47  420.00000  501.64423  19.4%   126 1095s
 2288503 358387  439.03846   54  155  420.00000  501.46154  19.4%   126 1100s
 2298248 358811  426.57479   62   47  420.00000  501.32051  19.4%   126 1105s
 2304942 358208  456.26923   59   38  420.00000  501.23077  19.3%   126 1116s
 2321564 358532 infeasible   59       420.00000  501.03846  19.3%   126 1120s
 2331242 358925  438.00000   56   80  420.00000  500.88462  19.3%   126 1125s
 2343271 359347 infeasible   58       420.00000  500.65385  19.2%   126 1130s
 2353275 359716 infeasible   57       420.00000  500.46154  19.2%   126 1135s
 2364681 360220  429.65476   63   28  420.00000  500.30769  19.1%   126 1140s
 2376088 360502  454.53846   54   50  420.00000  500.09231  19.1%   126 1145s
 2387934 360778  465.23077   55   41  420.00000  499.88462  19.0%   126 1150s
 2399816 361059 infeasible   62       420.00000  499.61538  19.0%   126 1155s
 2411062 361332  450.76923   53  122  420.00000  499.38462  18.9%   126 1160s
 2420800 361634  451.34615   54   49  420.00000  499.23077  18.9%   126 1165s
 2432620 362035 infeasible   56       420.00000  499.00000  18.8%   126 1170s
 2442959 362121  478.02198   57   42  420.00000  498.84615  18.8%   126 1175s
 2453282 362124 infeasible   51       420.00000  498.61538  18.7%   126 1180s
 2462769 362289 infeasible   61       420.00000  498.38462  18.7%   126 1185s
 2474409 362437 infeasible   55       420.00000  498.14103  18.6%   126 1190s
 2486475 362620  445.84615   56   42  420.00000  497.92308  18.6%   126 1195s
 2498140 362866 infeasible   63       420.00000  497.69231  18.5%   126 1200s
 2511500 362956  480.69231   54   60  420.00000  497.38462  18.4%   126 1205s
 2521242 363113 infeasible   58       420.00000  497.15385  18.4%   126 1210s
 2534741 363216  450.23077   55  122  420.00000  496.84615  18.3%   126 1215s
 2546026 363116 infeasible   61       420.00000  496.60256  18.2%   125 1220s
 2557552 363057  473.00000   55  114  420.00000  496.32692  18.2%   125 1225s
 2570957 362999  494.69231   50   47  420.00000  496.00000  18.1%   125 1230s
 2582698 362946 infeasible   57       420.00000  495.75641  18.0%   125 1235s
 2594568 362935 infeasible   54       420.00000  495.43590  18.0%   125 1240s
 2603445 362873 infeasible   63       420.00000  495.23077  17.9%   125 1245s
 2614519 362638  477.96154   54   62  420.00000  494.90769  17.8%   125 1250s
 2627590 362218  472.42308   55   72  420.00000  494.53846  17.7%   125 1255s
 2638830 362107  447.84615   61  104  420.00000  494.20192  17.7%   125 1260s
 2650269 362005 infeasible   62       420.00000  493.88462  17.6%   125 1265s
 2663258 361812  460.46154   59   29  420.00000  493.52564  17.5%   125 1270s
 2675380 362187  472.25504   55   38  420.00000  493.27885  17.4%   125 1275s
 2686194 362184  478.34615   56   42  420.00000  493.07692  17.4%   125 1280s
 2697352 362144 infeasible   62       420.00000  492.76923  17.3%   125 1285s
 2708738 362253  458.00962   58   46  420.00000  492.53846  17.3%   125 1290s
 2720044 362140  436.85000   59   43  420.00000  492.15385  17.2%   125 1295s
 2731403 362119 infeasible   58       420.00000  491.83333  17.1%   125 1300s
 2741394 362349 infeasible   57       420.00000  491.61538  17.1%   125 1305s
 2753172 362348  456.20385   58   48  420.00000  491.30769  17.0%   125 1310s
 2762529 362172     cutoff   58       420.00000  491.03846  16.9%   125 1315s
 2772027 361936 infeasible   52       420.00000  490.80769  16.9%   125 1320s
 2783796 361915  490.42308   57   38  420.00000  490.53846  16.8%   125 1325s
 2795408 361842  448.05769   59   27  420.00000  490.30769  16.7%   125 1330s
 2806693 361805  456.71154   56   42  420.00000  490.07692  16.7%   125 1335s
 2818945 361601 infeasible   57       420.00000  489.80769  16.6%   125 1340s
 2830273 361519  421.76923   61   59  420.00000  489.61538  16.6%   125 1345s
 2840282 361506  474.26923   56   41  420.00000  489.42308  16.5%   125 1350s
 2851062 361660  473.30769   56   36  420.00000  489.26923  16.5%   125 1355s
 2860787 361783  468.69231   59   51  420.00000  489.15385  16.5%   125 1360s
 2870407 361816  461.23077   56   50  420.00000  489.03846  16.4%   125 1365s
 2874363 361835 infeasible   59       420.00000  489.00000  16.4%   125 1370s
 2884746 361923  424.80769   61   38  420.00000  488.84615  16.4%   125 1375s
 2891855 361948 infeasible   57       420.00000  488.73504  16.4%   125 1380s
 2901599 361902 infeasible   56       420.00000  488.61538  16.3%   125 1385s
 2911591 361956     cutoff   62       420.00000  488.46154  16.3%   125 1390s
 2923072 361790  453.42308   58  135  420.00000  488.28846  16.3%   125 1395s
 2932914 361584  449.15385   54   50  420.00000  488.15385  16.2%   125 1400s
 2942754 361402     cutoff   57       420.00000  488.02885  16.2%   125 1405s
 2952656 361158     cutoff   58       420.00000  487.84615  16.2%   125 1410s
 2964479 360907     cutoff   56       420.00000  487.65385  16.1%   125 1415s
 2974759 360743 infeasible   58       420.00000  487.50000  16.1%   125 1420s
 2986274 360539  459.03846   61   16  420.00000  487.33654  16.0%   125 1425s
 2996607 360401  467.84615   58  140  420.00000  487.19231  16.0%   125 1430s
 3006708 360079  447.44231   57   40  420.00000  487.03846  16.0%   125 1435s
 3015036 359854  448.76923   61   29  420.00000  486.88462  15.9%   125 1440s
 3026920 359442  427.34615   62   26  420.00000  486.69231  15.9%   125 1445s
 3038422 359036  486.41538   51   65  420.00000  486.50000  15.8%   125 1450s
 3048173 358769     cutoff   56       420.00000  486.30769  15.8%   125 1455s
 3060131 358343 infeasible   57       420.00000  486.15385  15.8%   125 1460s
 3071628 357894 infeasible   60       420.00000  485.96154  15.7%   125 1465s
 3083200 357542 infeasible   62       420.00000  485.78632  15.7%   125 1470s
 3093160 357245  455.01282   61  101  420.00000  485.61538  15.6%   125 1475s
 3104610 356870  470.82821   61   39  420.00000  485.42308  15.6%   125 1480s
 3114404 356602  439.53077   61   32  420.00000  485.26538  15.5%   125 1485s
 3125984 356286  461.73077   57   73  420.00000  485.08974  15.5%   126 1490s
 3135035 355934 infeasible   57       420.00000  484.97436  15.5%   126 1495s
 3146805 355597     cutoff   58       420.00000  484.80769  15.4%   126 1500s
 3155138 355503 infeasible   60       420.00000  484.69231  15.4%   126 1505s
 3164896 355261  435.69231   57   28  420.00000  484.58580  15.4%   126 1510s
 3176644 354845     cutoff   57       420.00000  484.42308  15.3%   126 1515s
 3186036 354522     cutoff   58       420.00000  484.28846  15.3%   126 1520s
 3197884 353956  466.21154   58   32  420.00000  484.11538  15.3%   126 1525s
 3207742 353572     cutoff   57       420.00000  483.96154  15.2%   126 1530s
 3219230 352942     cutoff   61       420.00000  483.80769  15.2%   126 1535s
 3229396 352607 infeasible   55       420.00000  483.65385  15.2%   126 1540s
 3241343 352148     cutoff   61       420.00000  483.46154  15.1%   126 1545s
 3252678 351663     cutoff   58       420.00000  483.30769  15.1%   126 1550s
 3264233 351147 infeasible   67       420.00000  483.13462  15.0%   126 1555s
 3274093 350794  468.55128   57   46  420.00000  482.98718  15.0%   126 1560s
 3281756 350298 infeasible   54       420.00000  482.84615  15.0%   126 1565s
 3294054 349652  463.53846   56   76  420.00000  482.65385  14.9%   126 1570s
 3304428 348987  432.11538   60   90  420.00000  482.46154  14.9%   126 1575s
 3315898 348370  452.26923   54  130  420.00000  482.26923  14.8%   126 1580s
 3327733 347762  432.03297   60   23  420.00000  482.07692  14.8%   126 1585s
 3339216 347073     cutoff   57       420.00000  481.88462  14.7%   126 1590s
 3348210 346325  446.00000   56   46  420.00000  481.73077  14.7%   126 1595s
 3360464 345376  470.08300   56   57  420.00000  481.44615  14.6%   126 1600s
 3372395 344617 infeasible   59       420.00000  481.21154  14.6%   126 1605s
 3383818 343771     cutoff   61       420.00000  481.00000  14.5%   126 1610s
 3395615 342808 infeasible   56       420.00000  480.76923  14.5%   126 1615s
 3407431 341927 infeasible   57       420.00000  480.53846  14.4%   126 1620s
 3415386 341317 infeasible   58       420.00000  480.38462  14.4%   126 1625s
 3427531 340387     cutoff   59       420.00000  480.08462  14.3%   126 1630s
 3437743 339510  444.23077   58   35  420.00000  479.89744  14.3%   126 1635s
 3449451 338441 infeasible   60       420.00000  479.67949  14.2%   126 1640s
 3460971 337624     cutoff   59       420.00000  479.42308  14.1%   126 1645s
 3472690 336784  471.17308   60  111  420.00000  479.23077  14.1%   126 1650s
 3484322 335980     cutoff   58       420.00000  479.00000  14.0%   126 1655s
 3488401 335392  430.69231   62    6  420.00000  478.97692  14.0%   126 1660s
 3499230 334476 infeasible   57       420.00000  478.73077  14.0%   126 1665s
 3509898 333577  458.06410   55   54  420.00000  478.50000  13.9%   126 1670s
 3520931 333035     cutoff   62       420.00000  478.30769  13.9%   126 1675s
 3529795 332533     cutoff   60       420.00000  478.19231  13.9%   126 1680s
 3540425 331686  457.07692   56   27  420.00000  477.96154  13.8%   126 1685s
 3552695 330524     cutoff   59       420.00000  477.66568  13.7%   125 1690s
 3564179 329555 infeasible   60       420.00000  477.40659  13.7%   125 1695s
 3575464 328895  472.50000   59   44  420.00000  477.19231  13.6%   125 1700s
 3585786 328066  434.52564   56   40  420.00000  477.01282  13.6%   125 1705s
 3597623 327219  439.23077   59   57  420.00000  476.80769  13.5%   125 1710s
 3610742 326434  473.13462   56   57  420.00000  476.57692  13.5%   125 1715s
 3622164 325544  446.84615   57   40  420.00000  476.34615  13.4%   125 1720s
 3633636 324679     cutoff   59       420.00000  476.13462  13.4%   125 1725s
 3642693 323946  455.19231   57   93  420.00000  476.00000  13.3%   125 1730s
 3654708 322883  439.26923   58   36  420.00000  475.76923  13.3%   125 1735s
 3664439 322053  448.30769   58   65  420.00000  475.57692  13.2%   125 1740s
 3676318 321253 infeasible   60       420.00000  475.38462  13.2%   125 1745s
 3688110 320428     cutoff   56       420.00000  475.21795  13.1%   125 1750s
 3699242 319629  471.63846   56   39  420.00000  475.00000  13.1%   125 1755s
 3706952 318725  422.84615   62   24  420.00000  474.92308  13.1%   125 1760s
 3716912 317716  431.90865   63   19  420.00000  474.80769  13.0%   125 1765s
 3726562 316827 infeasible   58       420.00000  474.65385  13.0%   126 1770s
 3736499 315909 infeasible   57       420.00000  474.46154  13.0%   126 1775s
 3748753 314975 infeasible   56       420.00000  474.28571  12.9%   126 1780s
 3758396 314195 infeasible   57       420.00000  474.15385  12.9%   126 1785s
 3768294 313119     cutoff   54       420.00000  474.00000  12.9%   126 1790s
 3780035 311975     cutoff   61       420.00000  473.76923  12.8%   126 1795s
 3789846 310871     cutoff   58       420.00000  473.57692  12.8%   126 1800s
 3799743 309857     cutoff   57       420.00000  473.40110  12.7%   126 1805s
 3807814 309025  455.80769   56   46  420.00000  473.25000  12.7%   126 1810s
 3818277 307965 infeasible   57       420.00000  473.08333  12.6%   126 1815s
 3830212 306819  450.07692   58   67  420.00000  472.94231  12.6%   126 1820s
 3840023 305924  441.15385   61   35  420.00000  472.80769  12.6%   126 1825s
 3851514 304937  454.15385   58   39  420.00000  472.67308  12.5%   126 1830s
 3861411 304124  440.46154   60   44  420.00000  472.53846  12.5%   126 1835s
 3871046 303264     cutoff   55       420.00000  472.41026  12.5%   126 1840s
 3881065 302282  423.80769   56   44  420.00000  472.26923  12.4%   126 1845s
 3891118 301222  470.69659   63   39  420.00000  472.11538  12.4%   126 1850s
 3900973 300368  451.42308   58   56  420.00000  471.96154  12.4%   126 1855s
 3910214 299386 infeasible   58       420.00000  471.83516  12.3%   126 1860s
 3920313 298277 infeasible   57       420.00000  471.69231  12.3%   126 1865s
 3929076 297400  455.23077   57  119  420.00000  471.56187  12.3%   126 1870s
 3938331 296224  433.26923   60  102  420.00000  471.42308  12.2%   126 1875s
 3948813 295064 infeasible   62       420.00000  471.26410  12.2%   126 1880s
 3959072 293761 infeasible   60       420.00000  471.07692  12.2%   126 1885s
 3970277 292395  470.84615   59  104  420.00000  470.88462  12.1%   126 1890s
 3980145 291301 infeasible   57       420.00000  470.73077  12.1%   126 1895s
 3988150 290309  452.15385   52   58  420.00000  470.65385  12.1%   126 1900s
 3998059 288993  440.50000   55   52  420.00000  470.50000  12.0%   126 1905s
 4007801 287662  449.26923   59   62  420.00000  470.35385  12.0%   126 1910s
 4018161 286327 infeasible   59       420.00000  470.19231  12.0%   126 1915s
 4028152 284841  469.69231   49   42  420.00000  470.03526  11.9%   126 1920s
 4038212 283437  469.19231   58   29  420.00000  469.84615  11.9%   126 1925s
 4048209 282104     cutoff   57       420.00000  469.65385  11.8%   127 1930s
 4057523 280900  454.95055   58   33  420.00000  469.53846  11.8%   127 1935s
 4063020 280114     cutoff   56       420.00000  469.46154  11.8%   127 1940s
 4074201 278615  468.97692   59   90  420.00000  469.26923  11.7%   127 1945s
 4084397 277442  424.69231   63   50  420.00000  469.11538  11.7%   127 1950s
 4094598 276090  436.03297   57   77  420.00000  468.96154  11.7%   127 1955s
 4104565 274748  462.84615   57   34  420.00000  468.80769  11.6%   127 1960s
 4114736 273333     cutoff   64       420.00000  468.64103  11.6%   127 1965s
 4126467 271702  443.86538   58   34  420.00000  468.42308  11.5%   127 1970s
 4136570 270117 infeasible   53       420.00000  468.26923  11.5%   127 1975s
 4148072 268375  450.50000   56   50  420.00000  468.07692  11.4%   127 1980s
 4159406 266570 infeasible   56       420.00000  467.91716  11.4%   127 1985s
 4169154 265030  452.76923   56   47  420.00000  467.76923  11.4%   127 1990s
 4179208 263357  433.53846   59   30  420.00000  467.57692  11.3%   127 1995s
 4191176 261442 infeasible   60       420.00000  467.34615  11.3%   127 2000s
 4201047 259795  449.95769   58   50  420.00000  467.16802  11.2%   127 2005s
 4212727 257801  423.88462   59   35  420.00000  466.95299  11.2%   127 2010s
 4224540 255669 infeasible   61       420.00000  466.73077  11.1%   127 2015s
 4234702 253931  466.46154   52   71  420.00000  466.50000  11.1%   127 2020s
 4245550 252154  454.15354   55   40  420.00000  466.27692  11.0%   127 2025s
 4253820 250811  437.16667   60   62  420.00000  466.12981  11.0%   127 2030s
 4264653 248949 infeasible   62       420.00000  465.90385  10.9%   127 2035s
 4276442 246891 infeasible   56       420.00000  465.66667  10.9%   127 2040s
 4287930 244728     cutoff   58       420.00000  465.42308  10.8%   127 2045s
 4297798 242973  440.71154   62   44  420.00000  465.23077  10.8%   127 2050s
 4308970 240940     cutoff   57       420.00000  464.97436  10.7%   127 2055s
 4313311 240151  422.23558   66   18  420.00000  464.90000  10.7%   127 2060s
 4322314 238428  461.80769   60   65  420.00000  464.66667  10.6%   127 2065s
 4334345 236045  448.00763   62   30  420.00000  464.38462  10.6%   127 2070s
 4344705 234002 infeasible   59       420.00000  464.07692  10.5%   127 2075s
 4356092 231968     cutoff   61       420.00000  463.88462  10.4%   127 2080s
 4368212 229541  454.96154   55   80  420.00000  463.61538  10.4%   127 2085s
 4376702 227853  445.38462   58   60  420.00000  463.39231  10.3%   127 2090s
 4386843 225794     cutoff   62       420.00000  463.13462  10.3%   127 2095s
 4398466 223593 infeasible   59       420.00000  462.88248  10.2%   127 2100s
 4409807 221402 infeasible   57       420.00000  462.65385  10.2%   127 2105s
 4419820 219552  454.24542   55   61  420.00000  462.42308  10.1%   127 2110s
 4431459 217474 infeasible   60       420.00000  462.19231  10.0%   127 2115s
 4441493 215419  436.04274   61   45  420.00000  461.94872  10.0%   127 2120s
 4453380 213184 infeasible   59       420.00000  461.69231  9.93%   127 2125s
 4465019 210861 infeasible   58       420.00000  461.38462  9.85%   127 2130s
 4476585 208623  456.88462   61   59  420.00000  461.07692  9.78%   127 2135s
 4483968 207073     cutoff   55       420.00000  460.90385  9.74%   127 2140s
 4494269 205043  460.57692   57   75  420.00000  460.65385  9.68%   127 2145s
 4505939 202527  454.89744   58   17  420.00000  460.26923  9.59%   127 2150s
 4516052 200341  443.16346   59   73  420.00000  459.96154  9.51%   127 2155s
 4525736 198295 infeasible   56       420.00000  459.69231  9.45%   127 2160s
 4537312 195810  424.21474   56   98  420.00000  459.34615  9.37%   127 2165s
 4547346 193856 infeasible   62       420.00000  459.11538  9.31%   127 2170s
 4556952 191996  437.49231   59   46  420.00000  458.87179  9.26%   127 2175s
 4566173 190210 infeasible   57       420.00000  458.69231  9.21%   127 2180s
 4576046 188193     cutoff   59       420.00000  458.48462  9.16%   127 2185s
 4585935 186447 infeasible   60       420.00000  458.30769  9.12%   127 2190s
 4596291 184674 infeasible   60       420.00000  458.11538  9.08%   127 2195s
 4607946 182437 infeasible   57       420.00000  457.88462  9.02%   127 2200s
 4617787 180550 infeasible   56       420.00000  457.69231  8.97%   127 2205s
 4627676 178464 infeasible   58       420.00000  457.46154  8.92%   127 2210s
 4637909 176695  443.38462   58  106  420.00000  457.23077  8.86%   127 2215s
 4644458 175118  442.98462   62   69  420.00000  457.06609  8.83%   127 2220s
 4654632 172806  422.12821   61   11  420.00000  456.81538  8.77%   127 2225s
 4664711 170529     cutoff   56       420.00000  456.53846  8.70%   127 2230s
 4674492 168342  453.96154   59   43  420.00000  456.30769  8.64%   127 2235s
 4684715 165944     cutoff   61       420.00000  456.02137  8.58%   127 2240s
 4696288 163357 infeasible   60       420.00000  455.73077  8.51%   127 2245s
 4706048 161080     cutoff   54       420.00000  455.46154  8.44%   127 2250s
 4715990 158916 infeasible   60       420.00000  455.23077  8.39%   127 2255s
 4726245 156519  454.30769   55   63  420.00000  454.96154  8.32%   127 2260s
 4735409 154514  424.73077   61   33  420.00000  454.72308  8.27%   127 2265s
 4745736 152248 infeasible   58       420.00000  454.46154  8.21%   128 2270s
 4755820 149931  451.37179   58   63  420.00000  454.23077  8.15%   128 2275s
 4765653 147604 infeasible   57       420.00000  454.00000  8.10%   128 2280s
 4772296 146076  432.55556   58   91  420.00000  453.84615  8.06%   128 2285s
 4782772 143780 infeasible   56       420.00000  453.59615  8.00%   128 2290s
 4792870 141286     cutoff   58       420.00000  453.34615  7.94%   128 2295s
 4803215 138781  450.46154   58   26  420.00000  453.07692  7.88%   128 2300s
 4812966 136107 infeasible   62       420.00000  452.80769  7.81%   128 2305s
 4823359 133545  421.38462   58   42  420.00000  452.53846  7.75%   128 2310s
 4833365 131083 infeasible   59       420.00000  452.23846  7.68%   128 2315s
 4842919 128368  422.80769   54   56  420.00000  451.92308  7.60%   128 2320s
 4853259 125605  434.92308   56  120  420.00000  451.65545  7.54%   128 2325s
 4863463 122994  425.92308   59   30  420.00000  451.36538  7.47%   128 2330s
 4871844 121042 infeasible   58       420.00000  451.11538  7.41%   128 2335s
 4881354 118126 infeasible   64       420.00000  450.76923  7.33%   128 2340s
 4892173 115204  446.38462   56   48  420.00000  450.38462  7.23%   128 2345s
 4902352 112197  449.89103   67   17  420.00000  449.96154  7.13%   128 2350s
 4912465 109143     cutoff   60       420.00000  449.53846  7.03%   128 2355s
 4924016 105575  437.57692   57   39  420.00000  449.00000  6.90%   128 2360s
 4934063 102284 infeasible   54       420.00000  448.63846  6.82%   128 2365s
 4944263 99287     cutoff   60       420.00000  448.14103  6.70%   128 2370s
 4955816 95710     cutoff   62       420.00000  447.61538  6.58%   128 2375s
 4966545 92833     cutoff   59       420.00000  447.15385  6.47%   128 2380s
 4977938 89422 infeasible   57       420.00000  446.53846  6.32%   128 2385s
 4987053 86867  439.51923   60   38  420.00000  446.11538  6.22%   128 2390s
 4997094 83834  438.23077   57   35  420.00000  445.47436  6.07%   128 2395s
 5007289 81277 infeasible   61       420.00000  444.96154  5.94%   128 2400s
 5015218 78185 infeasible   63       420.00000  444.59615  5.86%   128 2405s
 5020017 77043  441.38462   54   42  420.00000  444.36538  5.80%   128 2410s
 5028739 74275  428.79231   58  110  420.00000  443.92308  5.70%   128 2415s
 5039390 71047 infeasible   57       420.00000  443.38462  5.57%   128 2420s
 5049861 67709 infeasible   55       420.00000  442.76923  5.42%   128 2425s
 5059729 64721  442.03846   60   84  420.00000  442.17308  5.28%   128 2430s
 5070767 60731  441.34615   57   44  420.00000  441.46154  5.11%   128 2435s
 5081055 57258 infeasible   62       420.00000  440.72189  4.93%   128 2440s
 5089172 54181     cutoff   62       420.00000  440.13462  4.79%   128 2445s
 5101343 49573 infeasible   57       420.00000  439.23077  4.58%   128 2450s
 5111545 45701     cutoff   57       420.00000  438.53846  4.41%   128 2455s
 5123267 41113 infeasible   58       420.00000  437.56410  4.18%   128 2460s
 5130104 37192 infeasible   60       420.00000  436.84615  4.01%   128 2465s
 5142741 30485     cutoff   57       420.00000  434.96154  3.56%   128 2470s
 5153377 23501 infeasible   53       420.00000  432.75000  3.04%   128 2475s
 5166119 14998     cutoff   57       420.00000  429.31731  2.22%   128 2480s
 5179090  5347  424.60989   55   54  420.00000  425.18308  1.23%   128 2485s

Cutting planes:
  Inf proof: 1

Explored 5187186 nodes (663335362 simplex iterations) in 2487.13 seconds (6762.60 work units)
Thread count was 16 (of 16 available processors)

Solution count 10: 420 419 408 ... 389

Optimal solution found (tolerance 1.00e-04)
Best objective 4.200000000000e+02, best bound 4.200000000000e+02, gap 0.0000%

Wrote result file '/root/bgw/data/results/2026_03_24_12_27_24_set_big_5_8_big_5_8_s004_g004_max.sol'

