[2026-03-24T15:11:30.194Z] Pipeline "set_vm-3-t1_vm-3-t1_s021_g003" → 2026_03_24_15_11_30_set_vm-3-t1_vm-3-t1_s021_g003_max.sol
Set parameter Username
Set parameter LicenseID to value 2796068
Set parameter LogFile to value "gurobi.log"
Using license file /opt/gurobi/gurobi.lic
Academic license - for non-commercial use only - expires 2027-03-23

Gurobi Optimizer version 13.0.1 build v13.0.1rc0 (linux64 - "Ubuntu 24.04.4 LTS")
Copyright (c) 2026, Gurobi Optimization, LLC

Warning: Duplicate section found (read 'binary') - Is a variable name equal to an LP file format keyword?
Warning: Duplicate section found (read 'binary') - Is a variable name equal to an LP file format keyword?
Warning: Duplicate section found (read 'binary') - Is a variable name equal to an LP file format keyword?
Warning: Duplicate section found (read 'binary') - Is a variable name equal to an LP file format keyword?
Warning: Duplicate section found (read 'binary') - Is a variable name equal to an LP file format keyword?
Warning: Duplicate section found (read 'binary') - Is a variable name equal to an LP file format keyword?
Warning: Duplicate section found (read 'binary') - Is a variable name equal to an LP file format keyword?
Warning: Duplicate section found (read 'binary') - Is a variable name equal to an LP file format keyword?
Warning: Duplicate section found (read 'binary') - Is a variable name equal to an LP file format keyword?
Warning: Duplicate section found (read 'binary') - Is a variable name equal to an LP file format keyword?
Warning: Further warnings of this type will be omitted.
Read LP format model from file /root/bgw/data/uploads/2026_03_24_15_11_30_set_vm-3-t1_vm-3-t1_s021_g003_max.lp
Reading time = 0.01 seconds
: 9742 rows, 638 columns, 29494 nonzeros

Using Gurobi shared library /opt/gurobi1301/linux64/lib/libgurobi.so.13.0.1

CPU model: AMD EPYC-Genoa Processor, instruction set [SSE2|AVX|AVX2|AVX512]
Thread count: 16 physical cores, 16 logical processors, using up to 16 threads

Optimize a model with 9742 rows, 638 columns and 29494 nonzeros (Max)
Model fingerprint: 0x49e6ec3c
Model has 37 linear objective coefficients
Variable types: 68 continuous, 570 integer (570 binary)
Coefficient statistics:
  Matrix range     [1e+00, 3e+01]
  Objective range  [1e+00, 1e+00]
  Bounds range     [1e+00, 1e+00]
  RHS range        [1e+00, 3e+01]

Found heuristic solution: objective 37.0000000
Presolve removed 694 rows and 139 columns
Presolve time: 0.05s
Presolved: 9048 rows, 499 columns, 27424 nonzeros
Variable types: 0 continuous, 499 integer (489 binary)
Found heuristic solution: objective 68.0000000

Root relaxation: objective 1.950000e+02, 724 iterations, 0.09 seconds (0.09 work units)

    Nodes    |    Current Node    |     Objective Bounds      |     Work
 Expl Unexpl |  Obj  Depth IntInf | Incumbent    BestBd   Gap | It/Node Time

     0     0  195.00000    0   60   68.00000  195.00000   187%     -    0s
H    0     0                      85.0000000  195.00000   129%     -    0s
H    0     0                      88.0000000  195.00000   122%     -    0s
     0     0  195.00000    0   58   88.00000  195.00000   122%     -    0s
H    0     0                      92.0000000  195.00000   112%     -    0s
H    0     0                      95.0000000  195.00000   105%     -    0s
     0     0  195.00000    0   64   95.00000  195.00000   105%     -    0s
     0     0  195.00000    0   47   95.00000  195.00000   105%     -    0s
     0     0  195.00000    0   55   95.00000  195.00000   105%     -    0s
     0     0  195.00000    0   47   95.00000  195.00000   105%     -    0s
     0     0  195.00000    0   51   95.00000  195.00000   105%     -    0s
     0     0  195.00000    0   50   95.00000  195.00000   105%     -    0s
     0     0  195.00000    0   51   95.00000  195.00000   105%     -    0s
     0     0  195.00000    0   46   95.00000  195.00000   105%     -    0s
H    0     0                      99.0000000  195.00000  97.0%     -    1s
     0     0  195.00000    0   89   99.00000  195.00000  97.0%     -    1s
     0     0  195.00000    0   46   99.00000  195.00000  97.0%     -    1s
     0     0  194.51724    0   50   99.00000  194.51724  96.5%     -    1s
     0     0  194.51724    0   48   99.00000  194.51724  96.5%     -    1s
     0     0  194.41379    0   48   99.00000  194.41379  96.4%     -    1s
     0     0  194.41379    0   48   99.00000  194.41379  96.4%     -    1s
     0     2  192.00000    0   48   99.00000  192.00000  93.9%     -    1s
H  146   133                     102.0000000  192.00000  88.2%   157    2s
  1395   815  183.41379    7   47  102.00000  191.79310  88.0%   143    5s
  3836  1784  130.85813   29   56  102.00000  184.42759  80.8%   153   10s
  5780  1839 infeasible   31       102.00000  179.92069  76.4%   158   15s
  9858  2153 infeasible   40       102.00000  159.12808  56.0%   152   20s
 14571  3329 infeasible   28       102.00000  149.79310  46.9%   152   25s
 20555  4146  136.58621   31   48  102.00000  144.00000  41.2%   148   30s
 22229  4509  104.89286   57   26  102.00000  144.00000  41.2%   151   35s
 25600  4838  108.00000   49   24  102.00000  144.00000  41.2%   155   40s
 30247  4992  110.67565   52   29  102.00000  144.00000  41.2%   157   45s
 35811  5869  123.79310   45   63  102.00000  144.00000  41.2%   160   50s
 41473  7495  103.06897   53   20  102.00000  144.00000  41.2%   160   55s
 47092  8728 infeasible   54       102.00000  141.41379  38.6%   159   60s
 52761  9660  103.79310   45   21  102.00000  138.17611  35.5%   158   65s
 59411 10662 infeasible   47       102.00000  132.06897  29.5%   156   70s
 65645 10843 infeasible   51       102.00000  130.79310  28.2%   153   75s
 71521 11162 infeasible   51       102.00000  126.82759  24.3%   151   80s
 76561 11285  103.81897   46   46  102.00000  124.54598  22.1%   151   85s
 83538 10371  113.43719   49   31  102.00000  120.72414  18.4%   148   90s
 89849 10233  117.27586   51   31  102.00000  117.82482  15.5%   147   95s
 95904  8664 infeasible   50       102.00000  116.57102  14.3%   145  100s
 103987  6274  110.50862   52   29  102.00000  111.00000  8.82%   143  105s

Cutting planes:
  Inf proof: 1

Explored 115044 nodes (15691761 simplex iterations) in 109.18 seconds (226.59 work units)
Thread count was 16 (of 16 available processors)

Solution count 10: 102 102 102 ... 68

Optimal solution found (tolerance 1.00e-04)
Best objective 1.020000000000e+02, best bound 1.020000000000e+02, gap 0.0000%

Wrote result file '/root/bgw/data/results/2026_03_24_15_11_30_set_vm-3-t1_vm-3-t1_s021_g003_max.sol'

