[2026-03-24T15:36:09.902Z] Pipeline "set_vm-4-t1_vm-4-t1_s016_g003" → 2026_03_24_15_36_09_set_vm-4-t1_vm-4-t1_s016_g003_max.sol
Set parameter Username
Set parameter LicenseID to value 2797659
Set parameter LogFile to value "gurobi.log"
Using license file /opt/gurobi/gurobi.lic
Academic license - for non-commercial use only - expires 2027-03-24

Gurobi Optimizer version 13.0.1 build v13.0.1rc0 (linux64 - "Ubuntu 24.04.4 LTS")
Copyright (c) 2026, Gurobi Optimization, LLC

Warning: Duplicate section found (read 'binary') - Is a variable name equal to an LP file format keyword?
Warning: Duplicate section found (read 'binary') - Is a variable name equal to an LP file format keyword?
Warning: Duplicate section found (read 'binary') - Is a variable name equal to an LP file format keyword?
Warning: Duplicate section found (read 'binary') - Is a variable name equal to an LP file format keyword?
Warning: Duplicate section found (read 'binary') - Is a variable name equal to an LP file format keyword?
Warning: Duplicate section found (read 'binary') - Is a variable name equal to an LP file format keyword?
Warning: Duplicate section found (read 'binary') - Is a variable name equal to an LP file format keyword?
Warning: Duplicate section found (read 'binary') - Is a variable name equal to an LP file format keyword?
Warning: Duplicate section found (read 'binary') - Is a variable name equal to an LP file format keyword?
Warning: Duplicate section found (read 'binary') - Is a variable name equal to an LP file format keyword?
Warning: Further warnings of this type will be omitted.
Read LP format model from file /root/bgw/data/uploads/2026_03_24_15_36_09_set_vm-4-t1_vm-4-t1_s016_g003_max.lp
Reading time = 0.04 seconds
: 30655 rows, 1141 columns, 93707 nonzeros

Using Gurobi shared library /opt/gurobi1301/linux64/lib/libgurobi.so.13.0.1

CPU model: AMD EPYC-Genoa Processor, instruction set [SSE2|AVX|AVX2|AVX512]
Thread count: 16 physical cores, 16 logical processors, using up to 16 threads

Optimize a model with 30655 rows, 1141 columns and 93707 nonzeros (Max)
Model fingerprint: 0xeda84881
Model has 5 linear objective coefficients
Variable types: 51 continuous, 1090 integer (1090 binary)
Coefficient statistics:
  Matrix range     [1e+00, 5e+01]
  Objective range  [1e+00, 1e+00]
  Bounds range     [1e+00, 1e+00]
  RHS range        [1e+00, 5e+01]

Found heuristic solution: objective 5.0000000
Presolve removed 279 rows and 96 columns
Presolve time: 0.16s
Presolved: 30376 rows, 1045 columns, 91300 nonzeros
Variable types: 0 continuous, 1045 integer (1041 binary)
Root relaxation presolved: 15196 rows, 16225 columns, 60940 nonzeros


Root relaxation: objective 2.300000e+01, 112 iterations, 0.10 seconds (0.08 work units)

    Nodes    |    Current Node    |     Objective Bounds      |     Work
 Expl Unexpl |  Obj  Depth IntInf | Incumbent    BestBd   Gap | It/Node Time

     0     0   23.00000    0   12    5.00000   23.00000   360%     -    0s
H    0     0                      14.0000000   23.00000  64.3%     -    0s
     0     0   23.00000    0   13   14.00000   23.00000  64.3%     -    0s
     0     0   23.00000    0   11   14.00000   23.00000  64.3%     -    0s
     0     0   23.00000    0    5   14.00000   23.00000  64.3%     -    0s
     0     0   23.00000    0    9   14.00000   23.00000  64.3%     -    0s
     0     0   23.00000    0    4   14.00000   23.00000  64.3%     -    0s
     0     0   23.00000    0   10   14.00000   23.00000  64.3%     -    1s
     0     0   23.00000    0   10   14.00000   23.00000  64.3%     -    1s
     0     0   23.00000    0   10   14.00000   23.00000  64.3%     -    1s
     0     0   23.00000    0    9   14.00000   23.00000  64.3%     -    1s
     0     0   23.00000    0    9   14.00000   23.00000  64.3%     -    1s
     0     0   23.00000    0   10   14.00000   23.00000  64.3%     -    1s
     0     0   23.00000    0    5   14.00000   23.00000  64.3%     -    1s
     0     0   20.00000    0    6   14.00000   20.00000  42.9%     -    1s
     0     0   20.00000    0    9   14.00000   20.00000  42.9%     -    1s
     0     0   20.00000    0    9   14.00000   20.00000  42.9%     -    1s
     0     2   20.00000    0    9   14.00000   20.00000  42.9%     -    1s

Cutting planes:
  Gomory: 1
  Lift-and-project: 2
  Cover: 2
  MIR: 3
  Zero half: 4

Explored 63 nodes (13599 simplex iterations) in 2.47 seconds (2.52 work units)
Thread count was 16 (of 16 available processors)

Solution count 2: 14 5 

Optimal solution found (tolerance 1.00e-04)
Best objective 1.400000000000e+01, best bound 1.400000000000e+01, gap 0.0000%

Wrote result file '/root/bgw/data/results/2026_03_24_15_36_09_set_vm-4-t1_vm-4-t1_s016_g003_max.sol'

