[2026-03-23T13:38:03.811Z] Pipeline "set_exp_2_exp_2_n026_c005_g004" → 2026_03_23_13_38_03_set_exp_2_exp_2_n026_c005_g004_max.sol
Set parameter WLSAccessID
Set parameter WLSSecret
Set parameter LicenseID to value 2792458
Set parameter LogFile to value "gurobi.log"
Using license file /root/gurobi.lic
Academic license 2792458 - for non-commercial use only - registered to an___@studenti.unipg.it

Gurobi Optimizer version 13.0.1 build v13.0.1rc0 (linux64 - "Ubuntu 24.04.4 LTS")
Copyright (c) 2026, Gurobi Optimization, LLC

Warning: Duplicate section found (read 'binary') - Is a variable name equal to an LP file format keyword?
Warning: Duplicate section found (read 'binary') - Is a variable name equal to an LP file format keyword?
Warning: Duplicate section found (read 'binary') - Is a variable name equal to an LP file format keyword?
Warning: Duplicate section found (read 'binary') - Is a variable name equal to an LP file format keyword?
Warning: Duplicate section found (read 'binary') - Is a variable name equal to an LP file format keyword?
Warning: Duplicate section found (read 'binary') - Is a variable name equal to an LP file format keyword?
Warning: Duplicate section found (read 'binary') - Is a variable name equal to an LP file format keyword?
Warning: Duplicate section found (read 'binary') - Is a variable name equal to an LP file format keyword?
Warning: Duplicate section found (read 'binary') - Is a variable name equal to an LP file format keyword?
Warning: Duplicate section found (read 'binary') - Is a variable name equal to an LP file format keyword?
Warning: Further warnings of this type will be omitted.
Read LP format model from file /root/bgw/data/uploads/2026_03_23_13_38_03_set_exp_2_exp_2_n026_c005_g004_max.lp
Reading time = 0.01 seconds
: 5815 rows, 473 columns, 17464 nonzeros

Using Gurobi shared library /opt/gurobi1301/linux64/lib/libgurobi.so.13.0.1

CPU model: AMD EPYC-Genoa Processor, instruction set [SSE2|AVX|AVX2|AVX512]
Thread count: 16 physical cores, 16 logical processors, using up to 16 threads

Academic license 2792458 - for non-commercial use only - registered to an___@studenti.unipg.it
Optimize a model with 5815 rows, 473 columns and 17464 nonzeros (Max)
Model fingerprint: 0xbcee2efa
Model has 5 linear objective coefficients
Variable types: 31 continuous, 442 integer (442 binary)
Coefficient statistics:
  Matrix range     [1e+00, 3e+01]
  Objective range  [1e+00, 1e+00]
  Bounds range     [1e+00, 1e+00]
  RHS range        [1e+00, 3e+01]

Found heuristic solution: objective 5.0000000
Presolve removed 580 rows and 126 columns
Presolve time: 0.02s
Presolved: 5235 rows, 347 columns, 15912 nonzeros
Variable types: 0 continuous, 347 integer (338 binary)
Found heuristic solution: objective 8.0000000

Root relaxation: objective 2.000000e+01, 305 iterations, 0.01 seconds (0.02 work units)

    Nodes    |    Current Node    |     Objective Bounds      |     Work
 Expl Unexpl |  Obj  Depth IntInf | Incumbent    BestBd   Gap | It/Node Time

     0     0   20.00000    0   52    8.00000   20.00000   150%     -    0s
H    0     0                      13.0000000   20.00000  53.8%     -    0s
     0     0   20.00000    0   51   13.00000   20.00000  53.8%     -    0s
H    0     0                      14.0000000   20.00000  42.9%     -    0s
H    0     0                      15.0000000   20.00000  33.3%     -    0s
     0     0   20.00000    0   51   15.00000   20.00000  33.3%     -    0s
     0     0   20.00000    0   29   15.00000   20.00000  33.3%     -    0s
     0     0   20.00000    0   40   15.00000   20.00000  33.3%     -    0s
     0     0   20.00000    0   30   15.00000   20.00000  33.3%     -    0s
     0     0   20.00000    0   42   15.00000   20.00000  33.3%     -    0s
     0     0   20.00000    0   29   15.00000   20.00000  33.3%     -    0s
     0     0   19.94444    0   29   15.00000   19.94444  33.0%     -    0s
     0     0   19.94444    0   40   15.00000   19.94444  33.0%     -    0s
     0     0   19.94444    0   34   15.00000   19.94444  33.0%     -    0s
     0     0   19.90000    0   40   15.00000   19.90000  32.7%     -    0s
     0     0   19.90000    0   33   15.00000   19.90000  32.7%     -    0s
     0     0   19.00000    0   35   15.00000   19.00000  26.7%     -    0s
     0     0   19.00000    0   35   15.00000   19.00000  26.7%     -    0s
     0     0   19.00000    0   35   15.00000   19.00000  26.7%     -    0s
     0     0   19.00000    0   33   15.00000   19.00000  26.7%     -    0s
     0     2   19.00000    0   30   15.00000   19.00000  26.7%     -    0s

Cutting planes:
  Cover: 20
  Inf proof: 31

Explored 2405 nodes (432242 simplex iterations) in 4.17 seconds (7.84 work units)
Thread count was 16 (of 16 available processors)

Solution count 5: 15 14 13 ... 5

Optimal solution found (tolerance 1.00e-04)
Best objective 1.500000000000e+01, best bound 1.500000000000e+01, gap 0.0000%

Wrote result file '/root/bgw/data/results/2026_03_23_13_38_03_set_exp_2_exp_2_n026_c005_g004_max.sol'

