[2026-03-23T15:59:35.792Z] Pipeline "set_exp_3_exp_3_n019_c004_g003" → 2026_03_23_15_59_35_set_exp_3_exp_3_n019_c004_g003_max.sol
Set parameter WLSAccessID
Set parameter WLSSecret
Set parameter LicenseID to value 2792458
Set parameter LogFile to value "gurobi.log"
Using license file /root/gurobi.lic
Academic license 2792458 - for non-commercial use only - registered to an___@studenti.unipg.it

Gurobi Optimizer version 13.0.1 build v13.0.1rc0 (linux64 - "Ubuntu 24.04.4 LTS")
Copyright (c) 2026, Gurobi Optimization, LLC

Warning: Duplicate section found (read 'binary') - Is a variable name equal to an LP file format keyword?
Warning: Duplicate section found (read 'binary') - Is a variable name equal to an LP file format keyword?
Warning: Duplicate section found (read 'binary') - Is a variable name equal to an LP file format keyword?
Warning: Duplicate section found (read 'binary') - Is a variable name equal to an LP file format keyword?
Warning: Duplicate section found (read 'binary') - Is a variable name equal to an LP file format keyword?
Warning: Duplicate section found (read 'binary') - Is a variable name equal to an LP file format keyword?
Warning: Duplicate section found (read 'binary') - Is a variable name equal to an LP file format keyword?
Warning: Duplicate section found (read 'binary') - Is a variable name equal to an LP file format keyword?
Warning: Duplicate section found (read 'binary') - Is a variable name equal to an LP file format keyword?
Warning: Duplicate section found (read 'binary') - Is a variable name equal to an LP file format keyword?
Warning: Further warnings of this type will be omitted.
Read LP format model from file /root/bgw/data/uploads/2026_03_23_15_59_35_set_exp_3_exp_3_n019_c004_g003_max.lp
Reading time = 0.00 seconds
: 2417 rows, 285 columns, 7103 nonzeros

Using Gurobi shared library /opt/gurobi1301/linux64/lib/libgurobi.so.13.0.1

CPU model: AMD EPYC-Genoa Processor, instruction set [SSE2|AVX|AVX2|AVX512]
Thread count: 16 physical cores, 16 logical processors, using up to 16 threads

Academic license 2792458 - for non-commercial use only - registered to an___@studenti.unipg.it
Optimize a model with 2417 rows, 285 columns and 7103 nonzeros (Max)
Model fingerprint: 0x876a1137
Model has 4 linear objective coefficients
Variable types: 23 continuous, 262 integer (262 binary)
Coefficient statistics:
  Matrix range     [1e+00, 2e+01]
  Objective range  [1e+00, 1e+00]
  Bounds range     [1e+00, 1e+00]
  RHS range        [1e+00, 2e+01]

Found heuristic solution: objective 4.0000000
Presolve removed 452 rows and 97 columns
Presolve time: 0.01s
Presolved: 1965 rows, 188 columns, 6007 nonzeros
Variable types: 0 continuous, 188 integer (181 binary)
Found heuristic solution: objective 5.0000000

Root relaxation: objective 1.600000e+01, 123 iterations, 0.00 seconds (0.00 work units)

    Nodes    |    Current Node    |     Objective Bounds      |     Work
 Expl Unexpl |  Obj  Depth IntInf | Incumbent    BestBd   Gap | It/Node Time

     0     0   16.00000    0   22    5.00000   16.00000   220%     -    0s
H    0     0                       8.0000000   16.00000   100%     -    0s
H    0     0                       9.0000000   16.00000  77.8%     -    0s
H    0     0                      10.0000000   16.00000  60.0%     -    0s
H    0     0                      11.0000000   16.00000  45.5%     -    0s
     0     0   16.00000    0   23   11.00000   16.00000  45.5%     -    0s
     0     0   16.00000    0   22   11.00000   16.00000  45.5%     -    0s
     0     0   16.00000    0   21   11.00000   16.00000  45.5%     -    0s
     0     0   16.00000    0   21   11.00000   16.00000  45.5%     -    0s
H    0     0                      12.0000000   16.00000  33.3%     -    0s
     0     0   16.00000    0   21   12.00000   16.00000  33.3%     -    0s
     0     0   16.00000    0   23   12.00000   16.00000  33.3%     -    0s
     0     0   16.00000    0   21   12.00000   16.00000  33.3%     -    0s
     0     0   16.00000    0   21   12.00000   16.00000  33.3%     -    0s
     0     0   16.00000    0   21   12.00000   16.00000  33.3%     -    0s
     0     0   16.00000    0   20   12.00000   16.00000  33.3%     -    0s
     0     0   16.00000    0   20   12.00000   16.00000  33.3%     -    0s
     0     0   16.00000    0   21   12.00000   16.00000  33.3%     -    0s
     0     0   16.00000    0   21   12.00000   16.00000  33.3%     -    0s
     0     0   16.00000    0   21   12.00000   16.00000  33.3%     -    0s
     0     0   16.00000    0   21   12.00000   16.00000  33.3%     -    0s
     0     2   16.00000    0   21   12.00000   16.00000  33.3%     -    0s

Cutting planes:
  Gomory: 1
  Cover: 1
  MIR: 1
  Inf proof: 3
  Zero half: 2

Explored 425 nodes (25695 simplex iterations) in 0.37 seconds (0.36 work units)
Thread count was 16 (of 16 available processors)

Solution count 7: 12 11 10 ... 4

Optimal solution found (tolerance 1.00e-04)
Best objective 1.200000000000e+01, best bound 1.200000000000e+01, gap 0.0000%

Wrote result file '/root/bgw/data/results/2026_03_23_15_59_35_set_exp_3_exp_3_n019_c004_g003_max.sol'

