[2026-03-23T13:59:36.379Z] Pipeline "set_exp_2_exp_2_n035_c004_g001" → 2026_03_23_13_59_36_set_exp_2_exp_2_n035_c004_g001_max.sol
Set parameter WLSAccessID
Set parameter WLSSecret
Set parameter LicenseID to value 2792458
Set parameter LogFile to value "gurobi.log"
Using license file /root/gurobi.lic
Academic license 2792458 - for non-commercial use only - registered to an___@studenti.unipg.it

Gurobi Optimizer version 13.0.1 build v13.0.1rc0 (linux64 - "Ubuntu 24.04.4 LTS")
Copyright (c) 2026, Gurobi Optimization, LLC

Warning: Duplicate section found (read 'binary') - Is a variable name equal to an LP file format keyword?
Warning: Duplicate section found (read 'binary') - Is a variable name equal to an LP file format keyword?
Warning: Duplicate section found (read 'binary') - Is a variable name equal to an LP file format keyword?
Warning: Duplicate section found (read 'binary') - Is a variable name equal to an LP file format keyword?
Warning: Duplicate section found (read 'binary') - Is a variable name equal to an LP file format keyword?
Warning: Duplicate section found (read 'binary') - Is a variable name equal to an LP file format keyword?
Warning: Duplicate section found (read 'binary') - Is a variable name equal to an LP file format keyword?
Warning: Duplicate section found (read 'binary') - Is a variable name equal to an LP file format keyword?
Warning: Duplicate section found (read 'binary') - Is a variable name equal to an LP file format keyword?
Warning: Duplicate section found (read 'binary') - Is a variable name equal to an LP file format keyword?
Warning: Further warnings of this type will be omitted.
Read LP format model from file /root/bgw/data/uploads/2026_03_23_13_59_36_set_exp_2_exp_2_n035_c004_g001_max.lp
Reading time = 0.01 seconds
: 14807 rows, 941 columns, 43896 nonzeros

Using Gurobi shared library /opt/gurobi1301/linux64/lib/libgurobi.so.13.0.1

CPU model: AMD EPYC-Genoa Processor, instruction set [SSE2|AVX|AVX2|AVX512]
Thread count: 16 physical cores, 16 logical processors, using up to 16 threads

Academic license 2792458 - for non-commercial use only - registered to an___@studenti.unipg.it
Optimize a model with 14807 rows, 941 columns and 43896 nonzeros (Max)
Model fingerprint: 0x64e7d0e1
Model has 14 linear objective coefficients
Variable types: 49 continuous, 892 integer (892 binary)
Coefficient statistics:
  Matrix range     [1e+00, 4e+01]
  Objective range  [1e+00, 1e+00]
  Bounds range     [1e+00, 1e+00]
  RHS range        [1e+00, 4e+01]

Found heuristic solution: objective 14.0000000
Presolve removed 1678 rows and 322 columns
Presolve time: 0.04s
Presolved: 13129 rows, 619 columns, 39675 nonzeros
Variable types: 0 continuous, 619 integer (610 binary)
Found heuristic solution: objective 17.0000000

Root relaxation: objective 6.500000e+01, 526 iterations, 0.04 seconds (0.06 work units)

    Nodes    |    Current Node    |     Objective Bounds      |     Work
 Expl Unexpl |  Obj  Depth IntInf | Incumbent    BestBd   Gap | It/Node Time

     0     0   65.00000    0   34   17.00000   65.00000   282%     -    0s
H    0     0                      36.0000000   65.00000  80.6%     -    0s
     0     0   65.00000    0   34   36.00000   65.00000  80.6%     -    0s
     0     0   65.00000    0   34   36.00000   65.00000  80.6%     -    0s
     0     0   65.00000    0   32   36.00000   65.00000  80.6%     -    0s
     0     0   65.00000    0   20   36.00000   65.00000  80.6%     -    0s
     0     0   58.00000    0   26   36.00000   58.00000  61.1%     -    0s
     0     0   58.00000    0   19   36.00000   58.00000  61.1%     -    0s
     0     0   58.00000    0   26   36.00000   58.00000  61.1%     -    0s
     0     0   58.00000    0   19   36.00000   58.00000  61.1%     -    0s
     0     0   58.00000    0   24   36.00000   58.00000  61.1%     -    0s
     0     0   58.00000    0   19   36.00000   58.00000  61.1%     -    0s
     0     0   58.00000    0   16   36.00000   58.00000  61.1%     -    0s
     0     0   58.00000    0   16   36.00000   58.00000  61.1%     -    0s
     0     0   57.72727    0   26   36.00000   57.72727  60.4%     -    0s
     0     0   57.72727    0   26   36.00000   57.72727  60.4%     -    0s
     0     0   55.00000    0   26   36.00000   55.00000  52.8%     -    0s
     0     0   55.00000    0   18   36.00000   55.00000  52.8%     -    0s
     0     0   55.00000    0   18   36.00000   55.00000  52.8%     -    0s
     0     0   55.00000    0   18   36.00000   55.00000  52.8%     -    0s
     0     0   55.00000    0   18   36.00000   55.00000  52.8%     -    0s
     0     2   55.00000    0   18   36.00000   55.00000  52.8%     -    0s

Cutting planes:
  Cover: 8
  MIR: 8
  Inf proof: 31
  Zero half: 5
  Mod-K: 2

Explored 2387 nodes (288639 simplex iterations) in 3.92 seconds (7.36 work units)
Thread count was 16 (of 16 available processors)

Solution count 3: 36 17 14 

Optimal solution found (tolerance 1.00e-04)
Best objective 3.600000000000e+01, best bound 3.600000000000e+01, gap 0.0000%

Wrote result file '/root/bgw/data/results/2026_03_23_13_59_36_set_exp_2_exp_2_n035_c004_g001_max.sol'

