[2026-03-24T16:34:12.252Z] Pipeline "set_vm-3-t3_vm-3-t3_s000_g001" → 2026_03_24_16_34_12_set_vm-3-t3_vm-3-t3_s000_g001_max.sol
Set parameter Username
Set parameter LicenseID to value 2796068
Set parameter LogFile to value "gurobi.log"
Using license file /opt/gurobi/gurobi.lic
Academic license - for non-commercial use only - expires 2027-03-23

Gurobi Optimizer version 13.0.1 build v13.0.1rc0 (linux64 - "Ubuntu 24.04.4 LTS")
Copyright (c) 2026, Gurobi Optimization, LLC

Warning: Duplicate section found (read 'binary') - Is a variable name equal to an LP file format keyword?
Warning: Duplicate section found (read 'binary') - Is a variable name equal to an LP file format keyword?
Warning: Duplicate section found (read 'binary') - Is a variable name equal to an LP file format keyword?
Warning: Duplicate section found (read 'binary') - Is a variable name equal to an LP file format keyword?
Warning: Duplicate section found (read 'binary') - Is a variable name equal to an LP file format keyword?
Warning: Duplicate section found (read 'binary') - Is a variable name equal to an LP file format keyword?
Warning: Duplicate section found (read 'binary') - Is a variable name equal to an LP file format keyword?
Warning: Duplicate section found (read 'binary') - Is a variable name equal to an LP file format keyword?
Warning: Duplicate section found (read 'binary') - Is a variable name equal to an LP file format keyword?
Warning: Duplicate section found (read 'binary') - Is a variable name equal to an LP file format keyword?
Warning: Further warnings of this type will be omitted.
Read LP format model from file /root/bgw/data/uploads/2026_03_24_16_34_12_set_vm-3-t3_vm-3-t3_s000_g001_max.lp
Reading time = 0.00 seconds
: 987 rows, 216 columns, 2975 nonzeros

Using Gurobi shared library /opt/gurobi1301/linux64/lib/libgurobi.so.13.0.1

CPU model: AMD EPYC-Genoa Processor, instruction set [SSE2|AVX|AVX2|AVX512]
Thread count: 16 physical cores, 16 logical processors, using up to 16 threads

Optimize a model with 987 rows, 216 columns and 2975 nonzeros (Max)
Model fingerprint: 0x1035ebbe
Model has 125 linear objective coefficients
Variable types: 135 continuous, 81 integer (81 binary)
Coefficient statistics:
  Matrix range     [1e+00, 1e+01]
  Objective range  [1e+00, 1e+00]
  Bounds range     [1e+00, 1e+00]
  RHS range        [1e+00, 1e+01]

Found heuristic solution: objective 125.0000000
Presolve removed 687 rows and 137 columns
Presolve time: 0.00s
Presolved: 300 rows, 79 columns, 956 nonzeros
Variable types: 0 continuous, 79 integer (71 binary)
Found heuristic solution: objective 296.0000000

Root relaxation: objective 9.310000e+02, 96 iterations, 0.00 seconds (0.00 work units)

    Nodes    |    Current Node    |     Objective Bounds      |     Work
 Expl Unexpl |  Obj  Depth IntInf | Incumbent    BestBd   Gap | It/Node Time

     0     0  931.00000    0   39  296.00000  931.00000   215%     -    0s
H    0     0                     304.0000000  931.00000   206%     -    0s
H    0     0                     319.0000000  931.00000   192%     -    0s
H    0     0                     342.0000000  931.00000   172%     -    0s
H    0     0                     358.0000000  931.00000   160%     -    0s
     0     0  931.00000    0   38  358.00000  931.00000   160%     -    0s
     0     0  931.00000    0   37  358.00000  931.00000   160%     -    0s
     0     0  931.00000    0   35  358.00000  931.00000   160%     -    0s
     0     0  931.00000    0   35  358.00000  931.00000   160%     -    0s
     0     0  931.00000    0   36  358.00000  931.00000   160%     -    0s
     0     0  931.00000    0   27  358.00000  931.00000   160%     -    0s
     0     0  931.00000    0   34  358.00000  931.00000   160%     -    0s
     0     0  931.00000    0   27  358.00000  931.00000   160%     -    0s
     0     0  923.25000    0   34  358.00000  923.25000   158%     -    0s
     0     0  923.25000    0   27  358.00000  923.25000   158%     -    0s
     0     0  916.00000    0   34  358.00000  916.00000   156%     -    0s
     0     0  916.00000    0   34  358.00000  916.00000   156%     -    0s
     0     0  914.12500    0   35  358.00000  914.12500   155%     -    0s
     0     0  914.12500    0   27  358.00000  914.12500   155%     -    0s
     0     0  908.25000    0   25  358.00000  908.25000   154%     -    0s
     0     0  908.25000    0   25  358.00000  908.25000   154%     -    0s
     0     0  908.25000    0   25  358.00000  908.25000   154%     -    0s
     0     0  908.25000    0   25  358.00000  908.25000   154%     -    0s
     0     2  908.25000    0   25  358.00000  908.25000   154%     -    0s

Cutting planes:
  Cover: 1
  Inf proof: 8

Explored 72130 nodes (569281 simplex iterations) in 1.75 seconds (1.69 work units)
Thread count was 16 (of 16 available processors)

Solution count 6: 358 342 319 ... 125

Optimal solution found (tolerance 1.00e-04)
Best objective 3.580000000000e+02, best bound 3.580000000000e+02, gap 0.0000%

Wrote result file '/root/bgw/data/results/2026_03_24_16_34_12_set_vm-3-t3_vm-3-t3_s000_g001_max.sol'

