[2026-03-24T13:59:08.819Z] Pipeline "set_vm-4-t1_vm-4-t1_s008_g003" → 2026_03_24_13_59_08_set_vm-4-t1_vm-4-t1_s008_g003_max.sol
Set parameter Username
Set parameter LicenseID to value 2797659
Set parameter LogFile to value "gurobi.log"
Using license file /opt/gurobi/gurobi.lic
Academic license - for non-commercial use only - expires 2027-03-24

Gurobi Optimizer version 13.0.1 build v13.0.1rc0 (linux64 - "Ubuntu 24.04.4 LTS")
Copyright (c) 2026, Gurobi Optimization, LLC

Warning: Duplicate section found (read 'binary') - Is a variable name equal to an LP file format keyword?
Warning: Duplicate section found (read 'binary') - Is a variable name equal to an LP file format keyword?
Warning: Duplicate section found (read 'binary') - Is a variable name equal to an LP file format keyword?
Warning: Duplicate section found (read 'binary') - Is a variable name equal to an LP file format keyword?
Warning: Duplicate section found (read 'binary') - Is a variable name equal to an LP file format keyword?
Warning: Duplicate section found (read 'binary') - Is a variable name equal to an LP file format keyword?
Warning: Duplicate section found (read 'binary') - Is a variable name equal to an LP file format keyword?
Warning: Duplicate section found (read 'binary') - Is a variable name equal to an LP file format keyword?
Warning: Duplicate section found (read 'binary') - Is a variable name equal to an LP file format keyword?
Warning: Duplicate section found (read 'binary') - Is a variable name equal to an LP file format keyword?
Warning: Further warnings of this type will be omitted.
Read LP format model from file /root/bgw/data/uploads/2026_03_24_13_59_08_set_vm-4-t1_vm-4-t1_s008_g003_max.lp
Reading time = 0.01 seconds
: 17220 rows, 814 columns, 52706 nonzeros

Using Gurobi shared library /opt/gurobi1301/linux64/lib/libgurobi.so.13.0.1

CPU model: AMD EPYC-Genoa Processor, instruction set [SSE2|AVX|AVX2|AVX512]
Thread count: 16 physical cores, 16 logical processors, using up to 16 threads

Optimize a model with 17220 rows, 814 columns and 52706 nonzeros (Max)
Model fingerprint: 0x3c8c7b2e
Model has 10 linear objective coefficients
Variable types: 48 continuous, 766 integer (766 binary)
Coefficient statistics:
  Matrix range     [1e+00, 4e+01]
  Objective range  [1e+00, 1e+00]
  Bounds range     [1e+00, 1e+00]
  RHS range        [1e+00, 4e+01]

Found heuristic solution: objective 10.0000000
Presolve removed 316 rows and 91 columns
Presolve time: 0.06s
Presolved: 16904 rows, 723 columns, 50992 nonzeros
Variable types: 0 continuous, 723 integer (715 binary)

Root relaxation: objective 4.600000e+01, 318 iterations, 0.03 seconds (0.04 work units)

    Nodes    |    Current Node    |     Objective Bounds      |     Work
 Expl Unexpl |  Obj  Depth IntInf | Incumbent    BestBd   Gap | It/Node Time

     0     0   46.00000    0   26   10.00000   46.00000   360%     -    0s
H    0     0                      28.0000000   46.00000  64.3%     -    0s
     0     0   46.00000    0   25   28.00000   46.00000  64.3%     -    0s
     0     0   46.00000    0   14   28.00000   46.00000  64.3%     -    0s
     0     0   46.00000    0   10   28.00000   46.00000  64.3%     -    0s
     0     0   46.00000    0   18   28.00000   46.00000  64.3%     -    0s
     0     0   46.00000    0   18   28.00000   46.00000  64.3%     -    0s
     0     0   46.00000    0   13   28.00000   46.00000  64.3%     -    0s
     0     0   46.00000    0   10   28.00000   46.00000  64.3%     -    0s
     0     0   46.00000    0   13   28.00000   46.00000  64.3%     -    0s
     0     0   46.00000    0   13   28.00000   46.00000  64.3%     -    0s
     0     0   46.00000    0   17   28.00000   46.00000  64.3%     -    0s
     0     0   46.00000    0   10   28.00000   46.00000  64.3%     -    0s
     0     0   43.00000    0   18   28.00000   43.00000  53.6%     -    0s
     0     0   43.00000    0    8   28.00000   43.00000  53.6%     -    0s
     0     0   43.00000    0   11   28.00000   43.00000  53.6%     -    0s
     0     0   43.00000    0   20   28.00000   43.00000  53.6%     -    0s
     0     0   43.00000    0   10   28.00000   43.00000  53.6%     -    0s
     0     0   43.00000    0   10   28.00000   43.00000  53.6%     -    0s
     0     0   43.00000    0   10   28.00000   43.00000  53.6%     -    0s
     0     2   43.00000    0   10   28.00000   43.00000  53.6%     -    0s

Cutting planes:
  Cover: 4
  MIR: 12
  Inf proof: 32
  Zero half: 11
  Mod-K: 2

Explored 2303 nodes (383191 simplex iterations) in 4.80 seconds (10.98 work units)
Thread count was 16 (of 16 available processors)

Solution count 2: 28 10 

Optimal solution found (tolerance 1.00e-04)
Best objective 2.800000000000e+01, best bound 2.800000000000e+01, gap 0.0000%

Wrote result file '/root/bgw/data/results/2026_03_24_13_59_08_set_vm-4-t1_vm-4-t1_s008_g003_max.sol'

