[2026-03-24T00:36:57.214Z] Pipeline "set_set_set_s013_g002" → 2026_03_24_00_36_57_set_set_set_s013_g002_max.sol
Set parameter WLSAccessID
Set parameter WLSSecret
Set parameter LicenseID to value 2792458
Set parameter LogFile to value "gurobi.log"
Using license file /root/gurobi.lic
Academic license 2792458 - for non-commercial use only - registered to an___@studenti.unipg.it

Gurobi Optimizer version 13.0.1 build v13.0.1rc0 (linux64 - "Ubuntu 24.04.4 LTS")
Copyright (c) 2026, Gurobi Optimization, LLC

Warning: Duplicate section found (read 'binary') - Is a variable name equal to an LP file format keyword?
Warning: Duplicate section found (read 'binary') - Is a variable name equal to an LP file format keyword?
Warning: Duplicate section found (read 'binary') - Is a variable name equal to an LP file format keyword?
Warning: Duplicate section found (read 'binary') - Is a variable name equal to an LP file format keyword?
Warning: Duplicate section found (read 'binary') - Is a variable name equal to an LP file format keyword?
Warning: Duplicate section found (read 'binary') - Is a variable name equal to an LP file format keyword?
Warning: Duplicate section found (read 'binary') - Is a variable name equal to an LP file format keyword?
Warning: Duplicate section found (read 'binary') - Is a variable name equal to an LP file format keyword?
Warning: Duplicate section found (read 'binary') - Is a variable name equal to an LP file format keyword?
Warning: Duplicate section found (read 'binary') - Is a variable name equal to an LP file format keyword?
Warning: Further warnings of this type will be omitted.
Read LP format model from file /root/bgw/data/uploads/2026_03_24_00_36_57_set_set_set_s013_g002_max.lp
Reading time = 0.00 seconds
: 1020 rows, 167 columns, 2816 nonzeros

Using Gurobi shared library /opt/gurobi1301/linux64/lib/libgurobi.so.13.0.1

CPU model: AMD EPYC-Genoa Processor, instruction set [SSE2|AVX|AVX2|AVX512]
Thread count: 16 physical cores, 16 logical processors, using up to 16 threads

Academic license 2792458 - for non-commercial use only - registered to an___@studenti.unipg.it
Optimize a model with 1020 rows, 167 columns and 2816 nonzeros (Max)
Model fingerprint: 0x60fa228d
Model has 23 linear objective coefficients
Variable types: 36 continuous, 131 integer (131 binary)
Coefficient statistics:
  Matrix range     [1e+00, 1e+01]
  Objective range  [1e+00, 1e+00]
  Bounds range     [1e+00, 1e+00]
  RHS range        [1e+00, 2e+01]

Found heuristic solution: objective 23.0000000
Presolve removed 394 rows and 57 columns
Presolve time: 0.00s
Presolved: 626 rows, 110 columns, 1978 nonzeros
Variable types: 0 continuous, 110 integer (100 binary)
Found heuristic solution: objective 29.0000000

Root relaxation: objective 1.070000e+02, 120 iterations, 0.00 seconds (0.00 work units)

    Nodes    |    Current Node    |     Objective Bounds      |     Work
 Expl Unexpl |  Obj  Depth IntInf | Incumbent    BestBd   Gap | It/Node Time

     0     0  107.00000    0   57   29.00000  107.00000   269%     -    0s
H    0     0                      37.0000000  107.00000   189%     -    0s
H    0     0                      43.0000000  107.00000   149%     -    0s
H    0     0                      49.0000000  107.00000   118%     -    0s
     0     0  107.00000    0   57   49.00000  107.00000   118%     -    0s
H    0     0                      50.0000000  107.00000   114%     -    0s
H    0     0                      52.0000000  107.00000   106%     -    0s
     0     0  107.00000    0   55   52.00000  107.00000   106%     -    0s
     0     0  107.00000    0   44   52.00000  107.00000   106%     -    0s
H    0     0                      53.0000000  107.00000   102%     -    0s
H    0     0                      55.0000000  107.00000  94.5%     -    0s
     0     0  107.00000    0   53   55.00000  107.00000  94.5%     -    0s
     0     0  107.00000    0   51   55.00000  107.00000  94.5%     -    0s
     0     0  107.00000    0   52   55.00000  107.00000  94.5%     -    0s
     0     0  107.00000    0   52   55.00000  107.00000  94.5%     -    0s
     0     0  107.00000    0   51   55.00000  107.00000  94.5%     -    0s
     0     0  107.00000    0   50   55.00000  107.00000  94.5%     -    0s
     0     0  107.00000    0   50   55.00000  107.00000  94.5%     -    0s
     0     0  104.00000    0   52   55.00000  104.00000  89.1%     -    0s
     0     0  104.00000    0   51   55.00000  104.00000  89.1%     -    0s
H    0     0                      58.0000000  104.00000  79.3%     -    0s
     0     0  103.72727    0   53   58.00000  103.72727  78.8%     -    0s
     0     0  103.09091    0   54   58.00000  103.09091  77.7%     -    0s
     0     0  103.09091    0   50   58.00000  103.09091  77.7%     -    0s
     0     0  102.00000    0   50   58.00000  102.00000  75.9%     -    0s
     0     0  102.00000    0   50   58.00000  102.00000  75.9%     -    0s
     0     2  102.00000    0   50   58.00000  102.00000  75.9%     -    0s
 78035     0   59.72727   40   13   58.00000   60.63636  4.55%  20.4    5s

Cutting planes:
  Inf proof: 2

Explored 78288 nodes (1595627 simplex iterations) in 5.00 seconds (6.53 work units)
Thread count was 16 (of 16 available processors)

Solution count 10: 58 55 53 ... 23

Optimal solution found (tolerance 1.00e-04)
Best objective 5.800000000000e+01, best bound 5.800000000000e+01, gap 0.0000%

Wrote result file '/root/bgw/data/results/2026_03_24_00_36_57_set_set_set_s013_g002_max.sol'

