[2026-03-24T00:33:24.952Z] Pipeline "set_set_set_s002_g003" → 2026_03_24_00_33_24_set_set_set_s002_g003_max.sol
Set parameter WLSAccessID
Set parameter WLSSecret
Set parameter LicenseID to value 2792458
Set parameter LogFile to value "gurobi.log"
Using license file /root/gurobi.lic
Academic license 2792458 - for non-commercial use only - registered to an___@studenti.unipg.it

Gurobi Optimizer version 13.0.1 build v13.0.1rc0 (linux64 - "Ubuntu 24.04.4 LTS")
Copyright (c) 2026, Gurobi Optimization, LLC

Warning: Duplicate section found (read 'binary') - Is a variable name equal to an LP file format keyword?
Warning: Duplicate section found (read 'binary') - Is a variable name equal to an LP file format keyword?
Warning: Duplicate section found (read 'binary') - Is a variable name equal to an LP file format keyword?
Warning: Duplicate section found (read 'binary') - Is a variable name equal to an LP file format keyword?
Warning: Duplicate section found (read 'binary') - Is a variable name equal to an LP file format keyword?
Warning: Duplicate section found (read 'binary') - Is a variable name equal to an LP file format keyword?
Warning: Duplicate section found (read 'binary') - Is a variable name equal to an LP file format keyword?
Warning: Duplicate section found (read 'binary') - Is a variable name equal to an LP file format keyword?
Warning: Duplicate section found (read 'binary') - Is a variable name equal to an LP file format keyword?
Warning: Duplicate section found (read 'binary') - Is a variable name equal to an LP file format keyword?
Warning: Further warnings of this type will be omitted.
Read LP format model from file /root/bgw/data/uploads/2026_03_24_00_33_24_set_set_set_s002_g003_max.lp
Reading time = 0.00 seconds
: 279 rows, 63 columns, 700 nonzeros

Using Gurobi shared library /opt/gurobi1301/linux64/lib/libgurobi.so.13.0.1

CPU model: AMD EPYC-Genoa Processor, instruction set [SSE2|AVX|AVX2|AVX512]
Thread count: 16 physical cores, 16 logical processors, using up to 16 threads

Academic license 2792458 - for non-commercial use only - registered to an___@studenti.unipg.it
Optimize a model with 279 rows, 63 columns and 700 nonzeros (Max)
Model fingerprint: 0x721450ea
Model has 14 linear objective coefficients
Variable types: 21 continuous, 42 integer (42 binary)
Coefficient statistics:
  Matrix range     [1e+00, 8e+00]
  Objective range  [1e+00, 1e+00]
  Bounds range     [1e+00, 1e+00]
  RHS range        [1e+00, 9e+00]

Found heuristic solution: objective 14.0000000
Presolve removed 174 rows and 21 columns
Presolve time: 0.00s
Presolved: 105 rows, 42 columns, 343 nonzeros
Variable types: 0 continuous, 42 integer (35 binary)
Found heuristic solution: objective 28.0000000

Root relaxation: objective 6.500000e+01, 39 iterations, 0.00 seconds (0.00 work units)

    Nodes    |    Current Node    |     Objective Bounds      |     Work
 Expl Unexpl |  Obj  Depth IntInf | Incumbent    BestBd   Gap | It/Node Time

     0     0   65.00000    0   26   28.00000   65.00000   132%     -    0s
H    0     0                      29.0000000   65.00000   124%     -    0s
H    0     0                      31.0000000   65.00000   110%     -    0s
H    0     0                      32.0000000   65.00000   103%     -    0s
H    0     0                      33.0000000   65.00000  97.0%     -    0s
H    0     0                      34.0000000   65.00000  91.2%     -    0s
     0     0   65.00000    0   26   34.00000   65.00000  91.2%     -    0s
H    0     0                      35.0000000   65.00000  85.7%     -    0s
     0     0   65.00000    0   26   35.00000   65.00000  85.7%     -    0s
     0     0   65.00000    0   24   35.00000   65.00000  85.7%     -    0s
     0     0   65.00000    0   24   35.00000   65.00000  85.7%     -    0s
H    0     0                      36.0000000   65.00000  80.6%     -    0s
     0     0   65.00000    0   25   36.00000   65.00000  80.6%     -    0s
     0     0   64.80000    0   25   36.00000   64.80000  80.0%     -    0s
     0     0   64.80000    0   25   36.00000   64.80000  80.0%     -    0s
     0     0   64.40000    0   25   36.00000   64.40000  78.9%     -    0s
     0     0   64.00000    0   24   36.00000   64.00000  77.8%     -    0s
     0     0   64.00000    0   24   36.00000   64.00000  77.8%     -    0s
H    0     0                      37.0000000   64.00000  73.0%     -    0s
     0     0   64.00000    0   24   37.00000   64.00000  73.0%     -    0s
     0     0   64.00000    0   24   37.00000   64.00000  73.0%     -    0s
     0     0   64.00000    0   24   37.00000   64.00000  73.0%     -    0s
     0     0   64.00000    0   24   37.00000   64.00000  73.0%     -    0s
     0     0   64.00000    0   24   37.00000   64.00000  73.0%     -    0s
     0     2   64.00000    0   24   37.00000   64.00000  73.0%     -    0s

Cutting planes:
  Gomory: 11
  Cover: 14
  MIR: 1
  Inf proof: 14
  Zero half: 3

Explored 3076 nodes (17395 simplex iterations) in 0.15 seconds (0.06 work units)
Thread count was 16 (of 16 available processors)

Solution count 10: 37 36 35 ... 14

Optimal solution found (tolerance 1.00e-04)
Best objective 3.700000000000e+01, best bound 3.700000000000e+01, gap 0.0000%

Wrote result file '/root/bgw/data/results/2026_03_24_00_33_24_set_set_set_s002_g003_max.sol'

