[2026-03-23T15:57:17.892Z] Pipeline "set_exp_3_exp_3_n009_c003_g004" → 2026_03_23_15_57_17_set_exp_3_exp_3_n009_c003_g004_max.sol
Set parameter WLSAccessID
Set parameter WLSSecret
Set parameter LicenseID to value 2792458
Set parameter LogFile to value "gurobi.log"
Using license file /root/gurobi.lic
Academic license 2792458 - for non-commercial use only - registered to an___@studenti.unipg.it

Gurobi Optimizer version 13.0.1 build v13.0.1rc0 (linux64 - "Ubuntu 24.04.4 LTS")
Copyright (c) 2026, Gurobi Optimization, LLC

Warning: Duplicate section found (read 'binary') - Is a variable name equal to an LP file format keyword?
Warning: Duplicate section found (read 'binary') - Is a variable name equal to an LP file format keyword?
Warning: Duplicate section found (read 'binary') - Is a variable name equal to an LP file format keyword?
Warning: Duplicate section found (read 'binary') - Is a variable name equal to an LP file format keyword?
Warning: Duplicate section found (read 'binary') - Is a variable name equal to an LP file format keyword?
Warning: Duplicate section found (read 'binary') - Is a variable name equal to an LP file format keyword?
Warning: Duplicate section found (read 'binary') - Is a variable name equal to an LP file format keyword?
Warning: Duplicate section found (read 'binary') - Is a variable name equal to an LP file format keyword?
Warning: Duplicate section found (read 'binary') - Is a variable name equal to an LP file format keyword?
Warning: Duplicate section found (read 'binary') - Is a variable name equal to an LP file format keyword?
Warning: Further warnings of this type will be omitted.
Read LP format model from file /root/bgw/data/uploads/2026_03_23_15_57_17_set_exp_3_exp_3_n009_c003_g004_max.lp
Reading time = 0.00 seconds
: 296 rows, 73 columns, 829 nonzeros

Using Gurobi shared library /opt/gurobi1301/linux64/lib/libgurobi.so.13.0.1

CPU model: AMD EPYC-Genoa Processor, instruction set [SSE2|AVX|AVX2|AVX512]
Thread count: 16 physical cores, 16 logical processors, using up to 16 threads

Academic license 2792458 - for non-commercial use only - registered to an___@studenti.unipg.it
Optimize a model with 296 rows, 73 columns and 829 nonzeros (Max)
Model fingerprint: 0x16eb2984
Model has 3 linear objective coefficients
Variable types: 12 continuous, 61 integer (61 binary)
Coefficient statistics:
  Matrix range     [1e+00, 1e+01]
  Objective range  [1e+00, 1e+00]
  Bounds range     [1e+00, 1e+00]
  RHS range        [1e+00, 1e+01]

Found heuristic solution: objective 3.0000000
Presolve removed 103 rows and 21 columns
Presolve time: 0.00s
Presolved: 193 rows, 52 columns, 621 nonzeros
Variable types: 0 continuous, 52 integer (45 binary)
Found heuristic solution: objective 4.0000000

Root relaxation: objective 1.200000e+01, 46 iterations, 0.00 seconds (0.00 work units)

    Nodes    |    Current Node    |     Objective Bounds      |     Work
 Expl Unexpl |  Obj  Depth IntInf | Incumbent    BestBd   Gap | It/Node Time

     0     0   12.00000    0   22    4.00000   12.00000   200%     -    0s
H    0     0                       6.0000000   12.00000   100%     -    0s
H    0     0                       7.0000000   12.00000  71.4%     -    0s
H    0     0                       8.0000000   12.00000  50.0%     -    0s
     0     0   12.00000    0   25    8.00000   12.00000  50.0%     -    0s
H    0     0                       9.0000000   12.00000  33.3%     -    0s
     0     0   12.00000    0   24    9.00000   12.00000  33.3%     -    0s
     0     0   12.00000    0   24    9.00000   12.00000  33.3%     -    0s
     0     0   12.00000    0   24    9.00000   12.00000  33.3%     -    0s
     0     0   12.00000    0   24    9.00000   12.00000  33.3%     -    0s
     0     0   12.00000    0   22    9.00000   12.00000  33.3%     -    0s
     0     0   11.71429    0   24    9.00000   11.71429  30.2%     -    0s
     0     0   11.42857    0   22    9.00000   11.42857  27.0%     -    0s
     0     0   11.42857    0   21    9.00000   11.42857  27.0%     -    0s
     0     0   11.00000    0   24    9.00000   11.00000  22.2%     -    0s
     0     0   11.00000    0   22    9.00000   11.00000  22.2%     -    0s
     0     0   11.00000    0   25    9.00000   11.00000  22.2%     -    0s
     0     0   11.00000    0   21    9.00000   11.00000  22.2%     -    0s
     0     0   11.00000    0   21    9.00000   11.00000  22.2%     -    0s
     0     2   11.00000    0   21    9.00000   11.00000  22.2%     -    0s

Cutting planes:
  Cover: 1
  MIR: 1
  Inf proof: 3
  Zero half: 1
  Mod-K: 1

Explored 270 nodes (3827 simplex iterations) in 0.11 seconds (0.04 work units)
Thread count was 16 (of 16 available processors)

Solution count 6: 9 8 7 ... 3

Optimal solution found (tolerance 1.00e-04)
Best objective 9.000000000000e+00, best bound 9.000000000000e+00, gap 0.0000%

Wrote result file '/root/bgw/data/results/2026_03_23_15_57_17_set_exp_3_exp_3_n009_c003_g004_max.sol'

