[2026-03-24T16:34:26.796Z] Pipeline "set_vm-3-t3_vm-3-t3_s002_g002" → 2026_03_24_16_34_26_set_vm-3-t3_vm-3-t3_s002_g002_max.sol
Set parameter Username
Set parameter LicenseID to value 2796068
Set parameter LogFile to value "gurobi.log"
Using license file /opt/gurobi/gurobi.lic
Academic license - for non-commercial use only - expires 2027-03-23

Gurobi Optimizer version 13.0.1 build v13.0.1rc0 (linux64 - "Ubuntu 24.04.4 LTS")
Copyright (c) 2026, Gurobi Optimization, LLC

Warning: Duplicate section found (read 'binary') - Is a variable name equal to an LP file format keyword?
Warning: Duplicate section found (read 'binary') - Is a variable name equal to an LP file format keyword?
Warning: Duplicate section found (read 'binary') - Is a variable name equal to an LP file format keyword?
Warning: Duplicate section found (read 'binary') - Is a variable name equal to an LP file format keyword?
Warning: Duplicate section found (read 'binary') - Is a variable name equal to an LP file format keyword?
Warning: Duplicate section found (read 'binary') - Is a variable name equal to an LP file format keyword?
Warning: Duplicate section found (read 'binary') - Is a variable name equal to an LP file format keyword?
Warning: Duplicate section found (read 'binary') - Is a variable name equal to an LP file format keyword?
Warning: Duplicate section found (read 'binary') - Is a variable name equal to an LP file format keyword?
Warning: Duplicate section found (read 'binary') - Is a variable name equal to an LP file format keyword?
Warning: Further warnings of this type will be omitted.
Read LP format model from file /root/bgw/data/uploads/2026_03_24_16_34_26_set_vm-3-t3_vm-3-t3_s002_g002_max.lp
Reading time = 0.00 seconds
: 826 rows, 158 columns, 2395 nonzeros

Using Gurobi shared library /opt/gurobi1301/linux64/lib/libgurobi.so.13.0.1

CPU model: AMD EPYC-Genoa Processor, instruction set [SSE2|AVX|AVX2|AVX512]
Thread count: 16 physical cores, 16 logical processors, using up to 16 threads

Optimize a model with 826 rows, 158 columns and 2395 nonzeros (Max)
Model fingerprint: 0xf6de2ff1
Model has 42 linear objective coefficients
Variable types: 54 continuous, 104 integer (104 binary)
Coefficient statistics:
  Matrix range     [1e+00, 1e+01]
  Objective range  [1e+00, 1e+00]
  Bounds range     [1e+00, 1e+00]
  RHS range        [1e+00, 1e+01]

Found heuristic solution: objective 42.0000000
Presolve removed 350 rows and 71 columns
Presolve time: 0.00s
Presolved: 476 rows, 87 columns, 1482 nonzeros
Variable types: 0 continuous, 87 integer (81 binary)
Found heuristic solution: objective 87.0000000

Root relaxation: objective 2.670000e+02, 52 iterations, 0.00 seconds (0.00 work units)

    Nodes    |    Current Node    |     Objective Bounds      |     Work
 Expl Unexpl |  Obj  Depth IntInf | Incumbent    BestBd   Gap | It/Node Time

     0     0  267.00000    0   14   87.00000  267.00000   207%     -    0s
H    0     0                     102.0000000  267.00000   162%     -    0s
H    0     0                     117.0000000  267.00000   128%     -    0s
     0     0  267.00000    0   19  117.00000  267.00000   128%     -    0s
     0     0  267.00000    0   19  117.00000  267.00000   128%     -    0s
     0     0  267.00000    0   14  117.00000  267.00000   128%     -    0s
     0     0  259.50000    0   13  117.00000  259.50000   122%     -    0s
     0     0  259.50000    0   13  117.00000  259.50000   122%     -    0s
     0     0  252.00000    0   13  117.00000  252.00000   115%     -    0s
     0     0  252.00000    0   20  117.00000  252.00000   115%     -    0s
     0     0  252.00000    0   20  117.00000  252.00000   115%     -    0s
     0     0  252.00000    0   20  117.00000  252.00000   115%     -    0s
     0     0  252.00000    0   20  117.00000  252.00000   115%     -    0s
     0     0  252.00000    0   14  117.00000  252.00000   115%     -    0s
     0     0  243.00000    0   13  117.00000  243.00000   108%     -    0s
     0     0  243.00000    0   13  117.00000  243.00000   108%     -    0s
     0     0  235.50000    0   13  117.00000  235.50000   101%     -    0s
     0     0  235.50000    0   13  117.00000  235.50000   101%     -    0s
     0     2  235.50000    0   13  117.00000  235.50000   101%     -    0s

Cutting planes:
  Gomory: 7
  Cover: 28
  MIR: 6
  Inf proof: 53
  Zero half: 6

Explored 5700 nodes (99269 simplex iterations) in 0.36 seconds (0.37 work units)
Thread count was 16 (of 16 available processors)

Solution count 4: 117 102 87 42 

Optimal solution found (tolerance 1.00e-04)
Best objective 1.170000000000e+02, best bound 1.170000000000e+02, gap 0.0000%

Wrote result file '/root/bgw/data/results/2026_03_24_16_34_26_set_vm-3-t3_vm-3-t3_s002_g002_max.sol'

