[2026-03-24T00:34:40.909Z] Pipeline "set_set_set_s009_g007" → 2026_03_24_00_34_40_set_set_set_s009_g007_max.sol
Set parameter WLSAccessID
Set parameter WLSSecret
Set parameter LicenseID to value 2792458
Set parameter LogFile to value "gurobi.log"
Using license file /root/gurobi.lic
Academic license 2792458 - for non-commercial use only - registered to an___@studenti.unipg.it

Gurobi Optimizer version 13.0.1 build v13.0.1rc0 (linux64 - "Ubuntu 24.04.4 LTS")
Copyright (c) 2026, Gurobi Optimization, LLC

Warning: Duplicate section found (read 'binary') - Is a variable name equal to an LP file format keyword?
Warning: Duplicate section found (read 'binary') - Is a variable name equal to an LP file format keyword?
Warning: Duplicate section found (read 'binary') - Is a variable name equal to an LP file format keyword?
Warning: Duplicate section found (read 'binary') - Is a variable name equal to an LP file format keyword?
Warning: Duplicate section found (read 'binary') - Is a variable name equal to an LP file format keyword?
Warning: Duplicate section found (read 'binary') - Is a variable name equal to an LP file format keyword?
Warning: Duplicate section found (read 'binary') - Is a variable name equal to an LP file format keyword?
Warning: Duplicate section found (read 'binary') - Is a variable name equal to an LP file format keyword?
Warning: Duplicate section found (read 'binary') - Is a variable name equal to an LP file format keyword?
Warning: Duplicate section found (read 'binary') - Is a variable name equal to an LP file format keyword?
Warning: Further warnings of this type will be omitted.
Read LP format model from file /root/bgw/data/uploads/2026_03_24_00_34_40_set_set_set_s009_g007_max.lp
Reading time = 0.00 seconds
: 1031 rows, 165 columns, 2990 nonzeros

Using Gurobi shared library /opt/gurobi1301/linux64/lib/libgurobi.so.13.0.1

CPU model: AMD EPYC-Genoa Processor, instruction set [SSE2|AVX|AVX2|AVX512]
Thread count: 16 physical cores, 16 logical processors, using up to 16 threads

Academic license 2792458 - for non-commercial use only - registered to an___@studenti.unipg.it
Optimize a model with 1031 rows, 165 columns and 2990 nonzeros (Max)
Model fingerprint: 0x3f1a8d3a
Model has 13 linear objective coefficients
Variable types: 27 continuous, 138 integer (138 binary)
Coefficient statistics:
  Matrix range     [1e+00, 2e+01]
  Objective range  [1e+00, 1e+00]
  Bounds range     [1e+00, 1e+00]
  RHS range        [1e+00, 2e+01]

Found heuristic solution: objective 13.0000000
Presolve removed 260 rows and 48 columns
Presolve time: 0.01s
Presolved: 771 rows, 117 columns, 2412 nonzeros
Variable types: 0 continuous, 117 integer (108 binary)
Found heuristic solution: objective 16.0000000

Root relaxation: objective 5.800000e+01, 107 iterations, 0.01 seconds (0.00 work units)

    Nodes    |    Current Node    |     Objective Bounds      |     Work
 Expl Unexpl |  Obj  Depth IntInf | Incumbent    BestBd   Gap | It/Node Time

     0     0   58.00000    0   40   16.00000   58.00000   262%     -    0s
H    0     0                      19.0000000   58.00000   205%     -    0s
H    0     0                      25.0000000   58.00000   132%     -    0s
H    0     0                      28.0000000   58.00000   107%     -    0s
     0     0   58.00000    0   40   28.00000   58.00000   107%     -    0s
H    0     0                      29.0000000   58.00000   100%     -    0s
H    0     0                      32.0000000   58.00000  81.2%     -    0s
     0     0   58.00000    0   40   32.00000   58.00000  81.2%     -    0s
     0     0   58.00000    0   40   32.00000   58.00000  81.2%     -    0s
     0     0   58.00000    0   45   32.00000   58.00000  81.2%     -    0s
     0     0   58.00000    0   42   32.00000   58.00000  81.2%     -    0s
     0     0   55.00000    0   40   32.00000   55.00000  71.9%     -    0s
     0     0   55.00000    0   33   32.00000   55.00000  71.9%     -    0s
     0     0   55.00000    0   41   32.00000   55.00000  71.9%     -    0s
     0     0   55.00000    0   38   32.00000   55.00000  71.9%     -    0s
     0     0   55.00000    0   40   32.00000   55.00000  71.9%     -    0s
     0     0   55.00000    0   38   32.00000   55.00000  71.9%     -    0s
     0     0   55.00000    0   39   32.00000   55.00000  71.9%     -    0s
     0     0   55.00000    0   39   32.00000   55.00000  71.9%     -    0s
     0     0   55.00000    0   39   32.00000   55.00000  71.9%     -    0s
     0     0   55.00000    0   39   32.00000   55.00000  71.9%     -    0s
     0     2   55.00000    0   38   32.00000   55.00000  71.9%     -    0s
H  242   213                      35.0000000   55.00000  57.1%  34.7    0s

Cutting planes:
  Cover: 59
  MIR: 1
  Inf proof: 68
  Zero half: 1

Explored 7742 nodes (270977 simplex iterations) in 1.10 seconds (1.42 work units)
Thread count was 16 (of 16 available processors)

Solution count 8: 35 32 29 ... 13

Optimal solution found (tolerance 1.00e-04)
Best objective 3.500000000000e+01, best bound 3.500000000000e+01, gap 0.0000%

Wrote result file '/root/bgw/data/results/2026_03_24_00_34_40_set_set_set_s009_g007_max.sol'

