[2026-03-24T15:14:03.365Z] Pipeline "set_vm-3-t1_vm-3-t1_s023_g003" → 2026_03_24_15_14_03_set_vm-3-t1_vm-3-t1_s023_g003_max.sol
Set parameter Username
Set parameter LicenseID to value 2796068
Set parameter LogFile to value "gurobi.log"
Using license file /opt/gurobi/gurobi.lic
Academic license - for non-commercial use only - expires 2027-03-23

Gurobi Optimizer version 13.0.1 build v13.0.1rc0 (linux64 - "Ubuntu 24.04.4 LTS")
Copyright (c) 2026, Gurobi Optimization, LLC

Warning: Duplicate section found (read 'binary') - Is a variable name equal to an LP file format keyword?
Warning: Duplicate section found (read 'binary') - Is a variable name equal to an LP file format keyword?
Warning: Duplicate section found (read 'binary') - Is a variable name equal to an LP file format keyword?
Warning: Duplicate section found (read 'binary') - Is a variable name equal to an LP file format keyword?
Warning: Duplicate section found (read 'binary') - Is a variable name equal to an LP file format keyword?
Warning: Duplicate section found (read 'binary') - Is a variable name equal to an LP file format keyword?
Warning: Duplicate section found (read 'binary') - Is a variable name equal to an LP file format keyword?
Warning: Duplicate section found (read 'binary') - Is a variable name equal to an LP file format keyword?
Warning: Duplicate section found (read 'binary') - Is a variable name equal to an LP file format keyword?
Warning: Duplicate section found (read 'binary') - Is a variable name equal to an LP file format keyword?
Warning: Further warnings of this type will be omitted.
Read LP format model from file /root/bgw/data/uploads/2026_03_24_15_14_03_set_vm-3-t1_vm-3-t1_s023_g003_max.lp
Reading time = 0.01 seconds
: 11632 rows, 688 columns, 35338 nonzeros

Using Gurobi shared library /opt/gurobi1301/linux64/lib/libgurobi.so.13.0.1

CPU model: AMD EPYC-Genoa Processor, instruction set [SSE2|AVX|AVX2|AVX512]
Thread count: 16 physical cores, 16 logical processors, using up to 16 threads

Optimize a model with 11632 rows, 688 columns and 35338 nonzeros (Max)
Model fingerprint: 0xdd5c8f45
Model has 43 linear objective coefficients
Variable types: 76 continuous, 612 integer (612 binary)
Coefficient statistics:
  Matrix range     [1e+00, 3e+01]
  Objective range  [1e+00, 1e+00]
  Bounds range     [1e+00, 1e+00]
  RHS range        [1e+00, 4e+01]

Found heuristic solution: objective 43.0000000
Presolve removed 658 rows and 124 columns
Presolve time: 0.04s
Presolved: 10974 rows, 564 columns, 33222 nonzeros
Variable types: 0 continuous, 564 integer (554 binary)
Found heuristic solution: objective 55.0000000

Root relaxation: objective 2.250000e+02, 638 iterations, 0.05 seconds (0.07 work units)

    Nodes    |    Current Node    |     Objective Bounds      |     Work
 Expl Unexpl |  Obj  Depth IntInf | Incumbent    BestBd   Gap | It/Node Time

     0     0  225.00000    0   50   55.00000  225.00000   309%     -    0s
H    0     0                      71.0000000  225.00000   217%     -    0s
H    0     0                      77.0000000  225.00000   192%     -    0s
H    0     0                      84.0000000  225.00000   168%     -    0s
H    0     0                      91.0000000  225.00000   147%     -    0s
H    0     0                      92.0000000  225.00000   145%     -    0s
H    0     0                      96.0000000  225.00000   134%     -    0s
     0     0  225.00000    0   58   96.00000  225.00000   134%     -    0s
     0     0  225.00000    0   52   96.00000  225.00000   134%     -    0s
     0     0  225.00000    0   52   96.00000  225.00000   134%     -    0s
     0     0  225.00000    0   50   96.00000  225.00000   134%     -    0s
     0     0  225.00000    0   65   96.00000  225.00000   134%     -    0s
     0     0  225.00000    0   44   96.00000  225.00000   134%     -    0s
H    0     0                      97.0000000  225.00000   132%     -    0s
H    0     0                      98.0000000  225.00000   130%     -    0s
     0     0  225.00000    0   51   98.00000  225.00000   130%     -    0s
     0     0  225.00000    0   51   98.00000  225.00000   130%     -    0s
H    0     0                     107.0000000  225.00000   110%     -    0s
     0     0  225.00000    0   51  107.00000  225.00000   110%     -    0s
     0     0  225.00000    0   44  107.00000  225.00000   110%     -    0s
     0     0  225.00000    0   59  107.00000  225.00000   110%     -    0s
     0     0  225.00000    0   51  107.00000  225.00000   110%     -    0s
     0     0  225.00000    0   52  107.00000  225.00000   110%     -    0s
     0     0  225.00000    0   51  107.00000  225.00000   110%     -    0s
     0     0  225.00000    0   51  107.00000  225.00000   110%     -    0s
     0     0  225.00000    0   51  107.00000  225.00000   110%     -    0s
     0     2  225.00000    0   51  107.00000  225.00000   110%     -    1s
H   86    93                     108.0000000  224.85484   108%   216    1s
H  334   257                     110.0000000  224.80645   104%   199    2s
  1031   689  161.00000   20   85  110.00000  221.78788   102%   204    5s
  3266  1618  138.58065   24   63  110.00000  215.17742  95.6%   218   10s
H 3851  1694                     111.0000000  215.09677  93.8%   211   14s
  4028  1739 infeasible   41       111.00000  213.83871  92.6%   210   15s
  6897  1856  168.00000   28  113  111.00000  192.70968  73.6%   188   20s
 10403  2764  116.77419   41   52  111.00000  181.06452  63.1%   182   25s
 13386  3639  115.94470   43   38  111.00000  175.58065  58.2%   185   30s
 16881  4468 infeasible   33       111.00000  172.05313  55.0%   189   35s
 18832  5137  143.09677   32   90  111.00000  168.61290  51.9%   193   40s
 20886  5498  125.25806   36   54  111.00000  167.35484  50.8%   195   45s
 21915  5758  164.00000   48   83  111.00000  167.35484  50.8%   195   50s
 24954  6208  124.87097   55   35  111.00000  167.35484  50.8%   193   55s
 29431  6495  155.90323   45   57  111.00000  167.35484  50.8%   188   60s
 29644  6532  123.90323   53  136  111.00000  167.35484  50.8%   188   65s
 33069  6909  134.09677   51   38  111.00000  167.35484  50.8%   188   70s
 37600  7208  167.35484   39   60  111.00000  167.35484  50.8%   187   75s
 42567  8984  112.64516   55   16  111.00000  167.35484  50.8%   187   80s
 46484 10236  152.32258   48   70  111.00000  167.35484  50.8%   186   85s
 51038 11789  136.70968   47   33  111.00000  167.35484  50.8%   187   90s
 56356 13484 infeasible   59       111.00000  167.35484  50.8%   187   96s
 61075 14876  123.14055   52   81  111.00000  167.35484  50.8%   186  100s
 62558 15398  157.32258   45   42  111.00000  167.35484  50.8%   187  113s
 64461 15773  122.51613   47   54  111.00000  167.35484  50.8%   187  115s
 68706 16957  112.75806   52   82  111.00000  167.35484  50.8%   189  120s
 73614 18296  119.66970   56   71  111.00000  167.35484  50.8%   190  125s
 78028 19282  137.68976   46   43  111.00000  167.35484  50.8%   192  131s
 81248 20020  146.75716   44   47  111.00000  167.35484  50.8%   193  135s
 86160 21146  116.48387   54   76  111.00000  167.35484  50.8%   195  140s
 87843 21231  117.79032   51   78  111.00000  167.35484  50.8%   195  145s
 89540 22054  116.96129   52   50  111.00000  167.35484  50.8%   196  150s
 95139 23115 infeasible   55       111.00000  166.44516  50.0%   199  156s
 98676 23885  135.85464   47   45  111.00000  165.58669  49.2%   200  160s
 102226 24571 infeasible   53       111.00000  164.77419  48.4%   201  165s
 107190 25474  119.95699   47   49  111.00000  163.49677  47.3%   202  171s
 110024 25977  145.35323   48   63  111.00000  162.83226  46.7%   203  175s
 115100 26952 infeasible   53       111.00000  161.89677  45.9%   203  181s
 118501 27548  121.79839   49   61  111.00000  161.05387  45.1%   204  185s
 123521 28418  115.09677   51   70  111.00000  160.12258  44.3%   205  191s
 126969 28994     cutoff   52       111.00000  159.51613  43.7%   205  195s
 131685 29800  112.58065   54   61  111.00000  158.70968  43.0%   206  201s
 135051 30387  126.06452   48   72  111.00000  158.16337  42.5%   206  205s
 139880 31107  119.00000   53   31  111.00000  157.41935  41.8%   207  211s
 143243 31409     cutoff   49       111.00000  156.76344  41.2%   208  215s
 146508 31891  123.71774   48   73  111.00000  156.32258  40.8%   208  220s
 151454 32586  135.86444   46  157  111.00000  155.54839  40.1%   209  226s
 154884 32979 infeasible   52       111.00000  155.06452  39.7%   209  230s
 158055 33346  121.60000   50   43  111.00000  154.56129  39.2%   210  235s
 162907 34014 infeasible   52       111.00000  153.83091  38.6%   210  241s
 166262 34306 infeasible   51       111.00000  153.45161  38.2%   210  246s
 169390 34723  122.45221   55  111  111.00000  152.96616  37.8%   211  250s
 174129 35192  118.62673   54   51  111.00000  152.41335  37.3%   211  257s
 177343 35606 infeasible   51       111.00000  152.05572  37.0%   212  261s
 180382 35975 infeasible   50       111.00000  151.71169  36.7%   213  265s
 183723 36313     cutoff   50       111.00000  151.38031  36.4%   213  270s
 188022 36545     cutoff   47       111.00000  150.97419  36.0%   213  277s
 191504 36650 infeasible   54       111.00000  150.58065  35.7%   213  281s
 194617 36862     cutoff   52       111.00000  150.20002  35.3%   214  286s
 197901 37045  138.53111   49   37  111.00000  149.79484  35.0%   215  290s
 201165 37206  132.37742   44   59  111.00000  149.38710  34.6%   215  295s
 204701 37468  122.26217   49   51  111.00000  149.00000  34.2%   216  302s
 207613 37597     cutoff   59       111.00000  148.76334  34.0%   216  307s
 211253 37781     cutoff   49       111.00000  148.38710  33.7%   216  311s
 214916 37823 infeasible   53       111.00000  148.00000  33.3%   216  316s
 218026 37926 infeasible   52       111.00000  147.61290  33.0%   217  321s
 221564 37998  119.82796   48   29  111.00000  147.20719  32.6%   217  325s
 226427 38049  121.29433   52  102  111.00000  146.70607  32.2%   217  331s
 229705 38142     cutoff   51       111.00000  146.28556  31.8%   217  335s
 234445 38206  129.48387   48   31  111.00000  145.76653  31.3%   218  341s
 237695 38263  118.87097   52   48  111.00000  145.41290  31.0%   218  345s
 242457 38449     cutoff   52       111.00000  145.00000  30.6%   218  350s
 247397 38542 infeasible   49       111.00000  144.61012  30.3%   218  356s
 250362 38499  142.25536   46   95  111.00000  144.37208  30.1%   218  360s
 255124 38370  130.63871   51   91  111.00000  143.90323  29.6%   219  366s
 258284 38244     cutoff   51       111.00000  143.62388  29.4%   219  370s
 263221 38063     cutoff   55       111.00000  143.03226  28.9%   219  375s
 266248 37972 infeasible   49       111.00000  142.71971  28.6%   220  380s
 270877 37813  121.86129   53  100  111.00000  142.32258  28.2%   220  386s
 275730 37942  114.46774   49   41  111.00000  142.00000  27.9%   221  391s
 279302 37903     cutoff   54       111.00000  141.72737  27.7%   220  395s
 283410 37601     cutoff   55       111.00000  141.41290  27.4%   221  400s
 288435 37340 infeasible   54       111.00000  140.97337  27.0%   221  406s
 293748 37030  121.37903   49  116  111.00000  140.47077  26.6%   221  411s
 297001 36778 infeasible   53       111.00000  140.07989  26.2%   221  415s
 301490 36520  119.61360   53   55  111.00000  139.64516  25.8%   221  420s
 306056 36152 infeasible   51       111.00000  139.21505  25.4%   222  426s
 311397 36174 infeasible   50       111.00000  138.92627  25.2%   222  431s
 314668 35929  118.68145   50   71  111.00000  138.69032  24.9%   222  435s
 317305 35631 infeasible   54       111.00000  138.49885  24.8%   222  441s
 321189 35330  122.25054   48   97  111.00000  138.11042  24.4%   222  445s
 326339 34808  120.54839   53  150  111.00000  137.70968  24.1%   222  451s
 329768 34424     cutoff   49       111.00000  137.36129  23.7%   222  455s
 334796 33882 infeasible   56       111.00000  136.91655  23.3%   222  461s
 337881 33575  114.12903   56    3  111.00000  136.61290  23.1%   223  465s
 342995 33113  134.71603   51   36  111.00000  136.13362  22.6%   223  471s
 348109 32851     cutoff   57       111.00000  135.82199  22.4%   223  476s
 351477 32609  125.60457   51   54  111.00000  135.58688  22.2%   223  480s
 355485 31922  127.52120   47   76  111.00000  135.29032  21.9%   223  486s
 359100 31582 infeasible   52       111.00000  135.00000  21.6%   223  490s
 364307 31006 infeasible   57       111.00000  134.72204  21.4%   223  495s
 369367 30168 infeasible   55       111.00000  134.25054  20.9%   223  501s
 372627 29755  128.30323   48   48  111.00000  133.94309  20.7%   223  505s
 377197 29017  113.29919   47   38  111.00000  133.50000  20.3%   224  510s
 382402 28708  132.18513   54   26  111.00000  133.00000  19.8%   224  516s
 387433 28113  115.57312   51    5  111.00000  132.77419  19.6%   224  521s
 390739 27610  122.33468   52  140  111.00000  132.53558  19.4%   224  525s
 395831 26892  118.14194   54   43  111.00000  132.07775  19.0%   224  530s
 400969 26077     cutoff   48       111.00000  131.73239  18.7%   224  536s
 405756 25121     cutoff   53       111.00000  131.28524  18.3%   224  541s
 408865 24572  121.17419   53   22  111.00000  130.93548  18.0%   224  545s
 413772 23619     cutoff   48       111.00000  130.45161  17.5%   224  550s
 418492 23265  119.16774   52   66  111.00000  130.00000  17.1%   224  556s
 423763 22383  122.45161   50   57  111.00000  129.70653  16.9%   224  561s
 427101 21590  112.79032   55   16  111.00000  129.41935  16.6%   224  565s
 430269 21141     cutoff   53       111.00000  129.05288  16.3%   224  571s
 435449 20260  120.84073   52   76  111.00000  128.70968  16.0%   224  576s
 438973 19370  124.45027   51   83  111.00000  128.35899  15.6%   224  580s
 443888 18373 infeasible   54       111.00000  127.89164  15.2%   224  585s
 447544 17377 infeasible   53       111.00000  127.48387  14.9%   224  591s
 450619 16660 infeasible   51       111.00000  127.00000  14.4%   224  595s
 455777 15262 infeasible   53       111.00000  126.38710  13.9%   224  600s
 460992 14102  121.63152   53  102  111.00000  125.88710  13.4%   224  606s
 464516 12998  122.69677   53   45  111.00000  125.38249  13.0%   224  610s
 469247 11476  123.80645   53   46  111.00000  124.51290  12.2%   224  616s
 474268  9803  115.96573   51  154  111.00000  123.68629  11.4%   225  621s
 477715  8995     cutoff   56       111.00000  123.00000  10.8%   225  625s
 482581  7055 infeasible   54       111.00000  122.00000  9.91%   225  631s
 487315  4845  118.45640   53   33  111.00000  120.96774  8.98%   225  636s
 490567  2814 infeasible   55       111.00000  119.67742  7.82%   225  640s

Cutting planes:
  Cover: 3
  MIR: 15
  Flow cover: 94
  Inf proof: 8
  Zero half: 125
  RLT: 141
  Relax-and-lift: 1

Explored 495948 nodes (111202954 simplex iterations) in 643.00 seconds (1631.57 work units)
Thread count was 16 (of 16 available processors)

Solution count 10: 111 110 110 ... 96

Optimal solution found (tolerance 1.00e-04)
Best objective 1.110000000000e+02, best bound 1.110000000000e+02, gap 0.0000%

Wrote result file '/root/bgw/data/results/2026_03_24_15_14_03_set_vm-3-t1_vm-3-t1_s023_g003_max.sol'

