[2026-03-24T00:36:55.662Z] Pipeline "set_set_set_s012_g003" → 2026_03_24_00_36_55_set_set_set_s012_g003_max.sol
Set parameter WLSAccessID
Set parameter WLSSecret
Set parameter LicenseID to value 2792458
Set parameter LogFile to value "gurobi.log"
Using license file /root/gurobi.lic
Academic license 2792458 - for non-commercial use only - registered to an___@studenti.unipg.it

Gurobi Optimizer version 13.0.1 build v13.0.1rc0 (linux64 - "Ubuntu 24.04.4 LTS")
Copyright (c) 2026, Gurobi Optimization, LLC

Warning: Duplicate section found (read 'binary') - Is a variable name equal to an LP file format keyword?
Warning: Duplicate section found (read 'binary') - Is a variable name equal to an LP file format keyword?
Warning: Duplicate section found (read 'binary') - Is a variable name equal to an LP file format keyword?
Warning: Duplicate section found (read 'binary') - Is a variable name equal to an LP file format keyword?
Warning: Duplicate section found (read 'binary') - Is a variable name equal to an LP file format keyword?
Warning: Duplicate section found (read 'binary') - Is a variable name equal to an LP file format keyword?
Warning: Duplicate section found (read 'binary') - Is a variable name equal to an LP file format keyword?
Warning: Duplicate section found (read 'binary') - Is a variable name equal to an LP file format keyword?
Warning: Duplicate section found (read 'binary') - Is a variable name equal to an LP file format keyword?
Warning: Duplicate section found (read 'binary') - Is a variable name equal to an LP file format keyword?
Warning: Further warnings of this type will be omitted.
Read LP format model from file /root/bgw/data/uploads/2026_03_24_00_36_55_set_set_set_s012_g003_max.lp
Reading time = 0.00 seconds
: 359 rows, 79 columns, 917 nonzeros

Using Gurobi shared library /opt/gurobi1301/linux64/lib/libgurobi.so.13.0.1

CPU model: AMD EPYC-Genoa Processor, instruction set [SSE2|AVX|AVX2|AVX512]
Thread count: 16 physical cores, 16 logical processors, using up to 16 threads

Academic license 2792458 - for non-commercial use only - registered to an___@studenti.unipg.it
Optimize a model with 359 rows, 79 columns and 917 nonzeros (Max)
Model fingerprint: 0xe9f62f02
Model has 15 linear objective coefficients
Variable types: 23 continuous, 56 integer (56 binary)
Coefficient statistics:
  Matrix range     [1e+00, 9e+00]
  Objective range  [1e+00, 1e+00]
  Bounds range     [1e+00, 1e+00]
  RHS range        [1e+00, 1e+01]

Found heuristic solution: objective 15.0000000
Presolve removed 207 rows and 27 columns
Presolve time: 0.00s
Presolved: 152 rows, 52 columns, 496 nonzeros
Variable types: 0 continuous, 52 integer (44 binary)
Found heuristic solution: objective 39.0000000

Root relaxation: objective 6.900000e+01, 46 iterations, 0.00 seconds (0.00 work units)

    Nodes    |    Current Node    |     Objective Bounds      |     Work
 Expl Unexpl |  Obj  Depth IntInf | Incumbent    BestBd   Gap | It/Node Time

     0     0   69.00000    0   32   39.00000   69.00000  76.9%     -    0s
H    0     0                      41.0000000   69.00000  68.3%     -    0s
     0     0   69.00000    0   32   41.00000   69.00000  68.3%     -    0s
     0     0   69.00000    0   32   41.00000   69.00000  68.3%     -    0s
     0     0   69.00000    0   34   41.00000   69.00000  68.3%     -    0s
     0     0   69.00000    0   34   41.00000   69.00000  68.3%     -    0s
     0     0   69.00000    0   34   41.00000   69.00000  68.3%     -    0s
     0     0   69.00000    0   31   41.00000   69.00000  68.3%     -    0s
     0     0   69.00000    0   31   41.00000   69.00000  68.3%     -    0s
     0     0   69.00000    0   31   41.00000   69.00000  68.3%     -    0s
     0     0   69.00000    0   31   41.00000   69.00000  68.3%     -    0s
     0     0   68.33333    0   31   41.00000   68.33333  66.7%     -    0s
     0     0   68.00000    0   32   41.00000   68.00000  65.9%     -    0s
     0     0   68.00000    0   32   41.00000   68.00000  65.9%     -    0s
     0     0   68.00000    0   32   41.00000   68.00000  65.9%     -    0s
     0     0   68.00000    0   32   41.00000   68.00000  65.9%     -    0s
     0     2   68.00000    0   32   41.00000   68.00000  65.9%     -    0s

Cutting planes:
  Gomory: 7
  Cover: 50
  Inf proof: 50
  Zero half: 2
  Mod-K: 1

Explored 11669 nodes (86041 simplex iterations) in 0.34 seconds (0.25 work units)
Thread count was 16 (of 16 available processors)

Solution count 3: 41 39 15 

Optimal solution found (tolerance 1.00e-04)
Best objective 4.100000000000e+01, best bound 4.100000000000e+01, gap 0.0000%

Wrote result file '/root/bgw/data/results/2026_03_24_00_36_55_set_set_set_s012_g003_max.sol'

