[2026-03-23T15:57:10.404Z] Pipeline "set_exp_3_exp_3_n008_c002_g003" → 2026_03_23_15_57_10_set_exp_3_exp_3_n008_c002_g003_max.sol
Set parameter WLSAccessID
Set parameter WLSSecret
Set parameter LicenseID to value 2792458
Set parameter LogFile to value "gurobi.log"
Using license file /root/gurobi.lic
Academic license 2792458 - for non-commercial use only - registered to an___@studenti.unipg.it

Gurobi Optimizer version 13.0.1 build v13.0.1rc0 (linux64 - "Ubuntu 24.04.4 LTS")
Copyright (c) 2026, Gurobi Optimization, LLC

Warning: Duplicate section found (read 'binary') - Is a variable name equal to an LP file format keyword?
Warning: Duplicate section found (read 'binary') - Is a variable name equal to an LP file format keyword?
Warning: Duplicate section found (read 'binary') - Is a variable name equal to an LP file format keyword?
Warning: Duplicate section found (read 'binary') - Is a variable name equal to an LP file format keyword?
Warning: Duplicate section found (read 'binary') - Is a variable name equal to an LP file format keyword?
Warning: Duplicate section found (read 'binary') - Is a variable name equal to an LP file format keyword?
Warning: Duplicate section found (read 'binary') - Is a variable name equal to an LP file format keyword?
Warning: Duplicate section found (read 'binary') - Is a variable name equal to an LP file format keyword?
Warning: Duplicate section found (read 'binary') - Is a variable name equal to an LP file format keyword?
Warning: Duplicate section found (read 'binary') - Is a variable name equal to an LP file format keyword?
Warning: Further warnings of this type will be omitted.
Read LP format model from file /root/bgw/data/uploads/2026_03_23_15_57_10_set_exp_3_exp_3_n008_c002_g003_max.lp
Reading time = 0.00 seconds
: 194 rows, 54 columns, 552 nonzeros

Using Gurobi shared library /opt/gurobi1301/linux64/lib/libgurobi.so.13.0.1

CPU model: AMD EPYC-Genoa Processor, instruction set [SSE2|AVX|AVX2|AVX512]
Thread count: 16 physical cores, 16 logical processors, using up to 16 threads

Academic license 2792458 - for non-commercial use only - registered to an___@studenti.unipg.it
Optimize a model with 194 rows, 54 columns and 552 nonzeros (Max)
Model fingerprint: 0xc3cd22b1
Model has 2 linear objective coefficients
Variable types: 10 continuous, 44 integer (44 binary)
Coefficient statistics:
  Matrix range     [1e+00, 9e+00]
  Objective range  [1e+00, 1e+00]
  Bounds range     [1e+00, 1e+00]
  RHS range        [1e+00, 1e+01]

Found heuristic solution: objective 2.0000000
Presolve removed 68 rows and 17 columns
Presolve time: 0.00s
Presolved: 126 rows, 37 columns, 398 nonzeros
Variable types: 0 continuous, 37 integer (33 binary)

Root relaxation: objective 8.000000e+00, 28 iterations, 0.00 seconds (0.00 work units)

    Nodes    |    Current Node    |     Objective Bounds      |     Work
 Expl Unexpl |  Obj  Depth IntInf | Incumbent    BestBd   Gap | It/Node Time

     0     0    8.00000    0    5    2.00000    8.00000   300%     -    0s
H    0     0                       6.0000000    8.00000  33.3%     -    0s
     0     0    8.00000    0    7    6.00000    8.00000  33.3%     -    0s
     0     0    8.00000    0    9    6.00000    8.00000  33.3%     -    0s
     0     0    7.00000    0    8    6.00000    7.00000  16.7%     -    0s

Cutting planes:
  Gomory: 2
  Cover: 2
  MIR: 1
  Zero half: 4

Explored 1 nodes (55 simplex iterations) in 0.02 seconds (0.00 work units)
Thread count was 16 (of 16 available processors)

Solution count 2: 6 2 

Optimal solution found (tolerance 1.00e-04)
Best objective 6.000000000000e+00, best bound 6.000000000000e+00, gap 0.0000%

Wrote result file '/root/bgw/data/results/2026_03_23_15_57_10_set_exp_3_exp_3_n008_c002_g003_max.sol'

