[2026-03-23T13:37:57.017Z] Pipeline "set_exp_2_exp_2_n026_c004_g005" → 2026_03_23_13_37_56_set_exp_2_exp_2_n026_c004_g005_max.sol
Set parameter WLSAccessID
Set parameter WLSSecret
Set parameter LicenseID to value 2792458
Set parameter LogFile to value "gurobi.log"
Using license file /root/gurobi.lic
Academic license 2792458 - for non-commercial use only - registered to an___@studenti.unipg.it

Gurobi Optimizer version 13.0.1 build v13.0.1rc0 (linux64 - "Ubuntu 24.04.4 LTS")
Copyright (c) 2026, Gurobi Optimization, LLC

Warning: Duplicate section found (read 'binary') - Is a variable name equal to an LP file format keyword?
Warning: Duplicate section found (read 'binary') - Is a variable name equal to an LP file format keyword?
Warning: Duplicate section found (read 'binary') - Is a variable name equal to an LP file format keyword?
Warning: Duplicate section found (read 'binary') - Is a variable name equal to an LP file format keyword?
Warning: Duplicate section found (read 'binary') - Is a variable name equal to an LP file format keyword?
Warning: Duplicate section found (read 'binary') - Is a variable name equal to an LP file format keyword?
Warning: Duplicate section found (read 'binary') - Is a variable name equal to an LP file format keyword?
Warning: Duplicate section found (read 'binary') - Is a variable name equal to an LP file format keyword?
Warning: Duplicate section found (read 'binary') - Is a variable name equal to an LP file format keyword?
Warning: Duplicate section found (read 'binary') - Is a variable name equal to an LP file format keyword?
Warning: Further warnings of this type will be omitted.
Read LP format model from file /root/bgw/data/uploads/2026_03_23_13_37_56_set_exp_2_exp_2_n026_c004_g005_max.lp
Reading time = 0.01 seconds
: 5658 rows, 452 columns, 17148 nonzeros

Using Gurobi shared library /opt/gurobi1301/linux64/lib/libgurobi.so.13.0.1

CPU model: AMD EPYC-Genoa Processor, instruction set [SSE2|AVX|AVX2|AVX512]
Thread count: 16 physical cores, 16 logical processors, using up to 16 threads

Academic license 2792458 - for non-commercial use only - registered to an___@studenti.unipg.it
Optimize a model with 5658 rows, 452 columns and 17148 nonzeros (Max)
Model fingerprint: 0xbfc29e52
Model has 4 linear objective coefficients
Variable types: 30 continuous, 422 integer (422 binary)
Coefficient statistics:
  Matrix range     [1e+00, 3e+01]
  Objective range  [1e+00, 1e+00]
  Bounds range     [1e+00, 1e+00]
  RHS range        [1e+00, 3e+01]

Found heuristic solution: objective 4.0000000
Presolve removed 426 rows and 106 columns
Presolve time: 0.03s
Presolved: 5232 rows, 346 columns, 15926 nonzeros
Variable types: 0 continuous, 346 integer (336 binary)
Found heuristic solution: objective 5.0000000

Root relaxation: objective 1.600000e+01, 178 iterations, 0.01 seconds (0.01 work units)

    Nodes    |    Current Node    |     Objective Bounds      |     Work
 Expl Unexpl |  Obj  Depth IntInf | Incumbent    BestBd   Gap | It/Node Time

     0     0   16.00000    0   21    5.00000   16.00000   220%     -    0s
H    0     0                      11.0000000   16.00000  45.5%     -    0s
H    0     0                      12.0000000   16.00000  33.3%     -    0s
     0     0   16.00000    0   22   12.00000   16.00000  33.3%     -    0s
     0     0   16.00000    0   21   12.00000   16.00000  33.3%     -    0s
     0     0   16.00000    0   17   12.00000   16.00000  33.3%     -    0s
     0     0   16.00000    0   15   12.00000   16.00000  33.3%     -    0s
     0     0   16.00000    0   15   12.00000   16.00000  33.3%     -    0s
     0     0   16.00000    0   21   12.00000   16.00000  33.3%     -    0s
     0     0   16.00000    0   21   12.00000   16.00000  33.3%     -    0s
     0     0   16.00000    0   25   12.00000   16.00000  33.3%     -    0s
     0     0   16.00000    0   17   12.00000   16.00000  33.3%     -    0s
     0     0   15.94444    0   16   12.00000   15.94444  32.9%     -    0s
     0     0   15.94444    0   16   12.00000   15.94444  32.9%     -    0s
     0     0   15.83333    0   65   12.00000   15.83333  31.9%     -    0s
     0     0   15.00000    0   75   12.00000   15.00000  25.0%     -    0s
     0     0   15.00000    0   65   12.00000   15.00000  25.0%     -    0s
     0     0   15.00000    0   18   12.00000   15.00000  25.0%     -    0s
     0     0   15.00000    0   18   12.00000   15.00000  25.0%     -    0s
     0     0   15.00000    0   17   12.00000   15.00000  25.0%     -    0s
     0     2   15.00000    0   15   12.00000   15.00000  25.0%     -    0s

Cutting planes:
  Cover: 2
  MIR: 1
  Inf proof: 13
  Zero half: 1

Explored 178 nodes (14116 simplex iterations) in 0.56 seconds (0.64 work units)
Thread count was 16 (of 16 available processors)

Solution count 4: 12 11 5 4 

Optimal solution found (tolerance 1.00e-04)
Best objective 1.200000000000e+01, best bound 1.200000000000e+01, gap 0.0000%

Wrote result file '/root/bgw/data/results/2026_03_23_13_37_56_set_exp_2_exp_2_n026_c004_g005_max.sol'

