[2026-03-23T13:43:08.236Z] Pipeline "set_exp_2_exp_2_n029_c007_g003" → 2026_03_23_13_43_08_set_exp_2_exp_2_n029_c007_g003_max.sol
Set parameter WLSAccessID
Set parameter WLSSecret
Set parameter LicenseID to value 2792458
Set parameter LogFile to value "gurobi.log"
Using license file /root/gurobi.lic
Academic license 2792458 - for non-commercial use only - registered to an___@studenti.unipg.it

Gurobi Optimizer version 13.0.1 build v13.0.1rc0 (linux64 - "Ubuntu 24.04.4 LTS")
Copyright (c) 2026, Gurobi Optimization, LLC

Warning: Duplicate section found (read 'binary') - Is a variable name equal to an LP file format keyword?
Warning: Duplicate section found (read 'binary') - Is a variable name equal to an LP file format keyword?
Warning: Duplicate section found (read 'binary') - Is a variable name equal to an LP file format keyword?
Warning: Duplicate section found (read 'binary') - Is a variable name equal to an LP file format keyword?
Warning: Duplicate section found (read 'binary') - Is a variable name equal to an LP file format keyword?
Warning: Duplicate section found (read 'binary') - Is a variable name equal to an LP file format keyword?
Warning: Duplicate section found (read 'binary') - Is a variable name equal to an LP file format keyword?
Warning: Duplicate section found (read 'binary') - Is a variable name equal to an LP file format keyword?
Warning: Duplicate section found (read 'binary') - Is a variable name equal to an LP file format keyword?
Warning: Duplicate section found (read 'binary') - Is a variable name equal to an LP file format keyword?
Warning: Further warnings of this type will be omitted.
Read LP format model from file /root/bgw/data/uploads/2026_03_23_13_43_08_set_exp_2_exp_2_n029_c007_g003_max.lp
Reading time = 0.01 seconds
: 8456 rows, 649 columns, 25017 nonzeros

Using Gurobi shared library /opt/gurobi1301/linux64/lib/libgurobi.so.13.0.1

CPU model: AMD EPYC-Genoa Processor, instruction set [SSE2|AVX|AVX2|AVX512]
Thread count: 16 physical cores, 16 logical processors, using up to 16 threads

Academic license 2792458 - for non-commercial use only - registered to an___@studenti.unipg.it
Optimize a model with 8456 rows, 649 columns and 25017 nonzeros (Max)
Model fingerprint: 0xb74b213d
Model has 7 linear objective coefficients
Variable types: 36 continuous, 613 integer (613 binary)
Coefficient statistics:
  Matrix range     [1e+00, 3e+01]
  Objective range  [1e+00, 1e+00]
  Bounds range     [1e+00, 1e+00]
  RHS range        [1e+00, 3e+01]

Found heuristic solution: objective 7.0000000
Presolve removed 1099 rows and 212 columns
Presolve time: 0.03s
Presolved: 7357 rows, 437 columns, 22409 nonzeros
Variable types: 0 continuous, 437 integer (424 binary)

Root relaxation: objective 2.800000e+01, 511 iterations, 0.04 seconds (0.05 work units)

    Nodes    |    Current Node    |     Objective Bounds      |     Work
 Expl Unexpl |  Obj  Depth IntInf | Incumbent    BestBd   Gap | It/Node Time

     0     0   28.00000    0   61    7.00000   28.00000   300%     -    0s
H    0     0                      11.0000000   28.00000   155%     -    0s
H    0     0                      18.0000000   28.00000  55.6%     -    0s
     0     0   28.00000    0   64   18.00000   28.00000  55.6%     -    0s
     0     0   28.00000    0   58   18.00000   28.00000  55.6%     -    0s
     0     0   28.00000    0   54   18.00000   28.00000  55.6%     -    0s
     0     0   28.00000    0   53   18.00000   28.00000  55.6%     -    0s
     0     0   28.00000    0   53   18.00000   28.00000  55.6%     -    0s
H    0     0                      19.0000000   28.00000  47.4%     -    0s
     0     0   28.00000    0   49   19.00000   28.00000  47.4%     -    0s
     0     0   28.00000    0   49   19.00000   28.00000  47.4%     -    0s
     0     0   28.00000    0   56   19.00000   28.00000  47.4%     -    0s
     0     0   28.00000    0   60   19.00000   28.00000  47.4%     -    0s
     0     0   28.00000    0   60   19.00000   28.00000  47.4%     -    0s
     0     0   28.00000    0   60   19.00000   28.00000  47.4%     -    0s
     0     0   28.00000    0   56   19.00000   28.00000  47.4%     -    0s
     0     0   28.00000    0   55   19.00000   28.00000  47.4%     -    1s
     0     0   28.00000    0   52   19.00000   28.00000  47.4%     -    1s
     0     0   28.00000    0   52   19.00000   28.00000  47.4%     -    1s
     0     0   28.00000    0   52   19.00000   28.00000  47.4%     -    1s
     0     2   28.00000    0   52   19.00000   28.00000  47.4%     -    1s
  1967   713   21.00000   17   93   19.00000   27.65844  45.6%   179    5s
  6567  1326   22.83655   10  184   19.00000   25.00000  31.6%   197   10s
  9788  1388 infeasible   13        19.00000   23.96296  26.1%   223   15s
 12485  1130   20.90522   15  157   19.00000   23.00000  21.1%   250   20s
 15245   195     cutoff   14        19.00000   21.98519  15.7%   271   25s

Cutting planes:
  Cover: 93
  MIR: 6
  StrongCG: 1
  Inf proof: 128
  Zero half: 1

Explored 16069 nodes (4375103 simplex iterations) in 26.34 seconds (56.88 work units)
Thread count was 16 (of 16 available processors)

Solution count 4: 19 18 11 7 

Optimal solution found (tolerance 1.00e-04)
Best objective 1.900000000000e+01, best bound 1.900000000000e+01, gap 0.0000%

Wrote result file '/root/bgw/data/results/2026_03_23_13_43_08_set_exp_2_exp_2_n029_c007_g003_max.sol'

