[2026-03-24T13:36:48.127Z] Pipeline "set_vm-3-t1_vm-3-t1_s005_g002" → 2026_03_24_13_36_48_set_vm-3-t1_vm-3-t1_s005_g002_max.sol
Set parameter Username
Set parameter LicenseID to value 2796068
Set parameter LogFile to value "gurobi.log"
Using license file /opt/gurobi/gurobi.lic
Academic license - for non-commercial use only - expires 2027-03-23

Gurobi Optimizer version 13.0.1 build v13.0.1rc0 (linux64 - "Ubuntu 24.04.4 LTS")
Copyright (c) 2026, Gurobi Optimization, LLC

Warning: Duplicate section found (read 'binary') - Is a variable name equal to an LP file format keyword?
Warning: Duplicate section found (read 'binary') - Is a variable name equal to an LP file format keyword?
Warning: Duplicate section found (read 'binary') - Is a variable name equal to an LP file format keyword?
Warning: Duplicate section found (read 'binary') - Is a variable name equal to an LP file format keyword?
Warning: Duplicate section found (read 'binary') - Is a variable name equal to an LP file format keyword?
Warning: Duplicate section found (read 'binary') - Is a variable name equal to an LP file format keyword?
Warning: Duplicate section found (read 'binary') - Is a variable name equal to an LP file format keyword?
Warning: Duplicate section found (read 'binary') - Is a variable name equal to an LP file format keyword?
Warning: Duplicate section found (read 'binary') - Is a variable name equal to an LP file format keyword?
Warning: Duplicate section found (read 'binary') - Is a variable name equal to an LP file format keyword?
Warning: Further warnings of this type will be omitted.
Read LP format model from file /root/bgw/data/uploads/2026_03_24_13_36_48_set_vm-3-t1_vm-3-t1_s005_g002_max.lp
Reading time = 0.00 seconds
: 1307 rows, 198 columns, 3799 nonzeros

Using Gurobi shared library /opt/gurobi1301/linux64/lib/libgurobi.so.13.0.1

CPU model: AMD EPYC-Genoa Processor, instruction set [SSE2|AVX|AVX2|AVX512]
Thread count: 16 physical cores, 16 logical processors, using up to 16 threads

Optimize a model with 1307 rows, 198 columns and 3799 nonzeros (Max)
Model fingerprint: 0xee79d1da
Model has 26 linear objective coefficients
Variable types: 41 continuous, 157 integer (157 binary)
Coefficient statistics:
  Matrix range     [1e+00, 2e+01]
  Objective range  [1e+00, 1e+00]
  Bounds range     [1e+00, 1e+00]
  RHS range        [1e+00, 2e+01]

Found heuristic solution: objective 26.0000000
Presolve removed 345 rows and 62 columns
Presolve time: 0.00s
Presolved: 962 rows, 136 columns, 3006 nonzeros
Variable types: 0 continuous, 136 integer (126 binary)
Found heuristic solution: objective 43.0000000

Root relaxation: objective 1.320000e+02, 183 iterations, 0.00 seconds (0.01 work units)

    Nodes    |    Current Node    |     Objective Bounds      |     Work
 Expl Unexpl |  Obj  Depth IntInf | Incumbent    BestBd   Gap | It/Node Time

     0     0  132.00000    0   51   43.00000  132.00000   207%     -    0s
H    0     0                      46.0000000  132.00000   187%     -    0s
H    0     0                      56.0000000  132.00000   136%     -    0s
H    0     0                      63.0000000  132.00000   110%     -    0s
     0     0  132.00000    0   56   63.00000  132.00000   110%     -    0s
     0     0  132.00000    0   54   63.00000  132.00000   110%     -    0s
H    0     0                      66.0000000  132.00000   100%     -    0s
     0     0  132.00000    0   52   66.00000  132.00000   100%     -    0s
     0     0  132.00000    0   47   66.00000  132.00000   100%     -    0s
     0     0  132.00000    0   49   66.00000  132.00000   100%     -    0s
     0     0  132.00000    0   48   66.00000  132.00000   100%     -    0s
     0     0  132.00000    0   49   66.00000  132.00000   100%     -    0s
     0     0  132.00000    0   47   66.00000  132.00000   100%     -    0s
H    0     0                      69.0000000  132.00000  91.3%     -    0s
     0     0  132.00000    0   37   69.00000  132.00000  91.3%     -    0s
     0     0  132.00000    0   37   69.00000  132.00000  91.3%     -    0s
     0     0  131.76923    0   49   69.00000  131.76923  91.0%     -    0s
     0     0  131.76923    0   48   69.00000  131.76923  91.0%     -    0s
     0     0  129.00000    0   48   69.00000  129.00000  87.0%     -    0s
     0     0  129.00000    0   48   69.00000  129.00000  87.0%     -    0s
     0     0  129.00000    0   48   69.00000  129.00000  87.0%     -    0s
     0     0  129.00000    0   48   69.00000  129.00000  87.0%     -    0s
     0     2  129.00000    0   48   69.00000  129.00000  87.0%     -    0s
H  275   250                      72.0000000  129.00000  79.2%  49.2    0s

Cutting planes:
  Inf proof: 2

Explored 26728 nodes (754870 simplex iterations) in 2.94 seconds (4.94 work units)
Thread count was 16 (of 16 available processors)

Solution count 10: 72 72 69 ... 43

Optimal solution found (tolerance 1.00e-04)
Best objective 7.200000000000e+01, best bound 7.200000000000e+01, gap 0.0000%

Wrote result file '/root/bgw/data/results/2026_03_24_13_36_48_set_vm-3-t1_vm-3-t1_s005_g002_max.sol'

