[2026-03-23T13:59:33.420Z] Pipeline "set_exp_2_exp_2_n035_c003_g004" → 2026_03_23_13_59_33_set_exp_2_exp_2_n035_c003_g004_max.sol
Set parameter WLSAccessID
Set parameter WLSSecret
Set parameter LicenseID to value 2792458
Set parameter LogFile to value "gurobi.log"
Using license file /root/gurobi.lic
Academic license 2792458 - for non-commercial use only - registered to an___@studenti.unipg.it

Gurobi Optimizer version 13.0.1 build v13.0.1rc0 (linux64 - "Ubuntu 24.04.4 LTS")
Copyright (c) 2026, Gurobi Optimization, LLC

Warning: Duplicate section found (read 'binary') - Is a variable name equal to an LP file format keyword?
Warning: Duplicate section found (read 'binary') - Is a variable name equal to an LP file format keyword?
Warning: Duplicate section found (read 'binary') - Is a variable name equal to an LP file format keyword?
Warning: Duplicate section found (read 'binary') - Is a variable name equal to an LP file format keyword?
Warning: Duplicate section found (read 'binary') - Is a variable name equal to an LP file format keyword?
Warning: Duplicate section found (read 'binary') - Is a variable name equal to an LP file format keyword?
Warning: Duplicate section found (read 'binary') - Is a variable name equal to an LP file format keyword?
Warning: Duplicate section found (read 'binary') - Is a variable name equal to an LP file format keyword?
Warning: Duplicate section found (read 'binary') - Is a variable name equal to an LP file format keyword?
Warning: Duplicate section found (read 'binary') - Is a variable name equal to an LP file format keyword?
Warning: Further warnings of this type will be omitted.
Read LP format model from file /root/bgw/data/uploads/2026_03_23_13_59_33_set_exp_2_exp_2_n035_c003_g004_max.lp
Reading time = 0.03 seconds
: 14640 rows, 930 columns, 43542 nonzeros

Using Gurobi shared library /opt/gurobi1301/linux64/lib/libgurobi.so.13.0.1

CPU model: AMD EPYC-Genoa Processor, instruction set [SSE2|AVX|AVX2|AVX512]
Thread count: 16 physical cores, 16 logical processors, using up to 16 threads

Academic license 2792458 - for non-commercial use only - registered to an___@studenti.unipg.it
Optimize a model with 14640 rows, 930 columns and 43542 nonzeros (Max)
Model fingerprint: 0x55c32dd2
Model has 7 linear objective coefficients
Variable types: 42 continuous, 888 integer (888 binary)
Coefficient statistics:
  Matrix range     [1e+00, 4e+01]
  Objective range  [1e+00, 1e+00]
  Bounds range     [1e+00, 1e+00]
  RHS range        [1e+00, 4e+01]

Found heuristic solution: objective 7.0000000
Presolve removed 1516 rows and 313 columns
Presolve time: 0.05s
Presolved: 13124 rows, 617 columns, 39692 nonzeros
Variable types: 0 continuous, 617 integer (607 binary)

Root relaxation: objective 3.100000e+01, 373 iterations, 0.03 seconds (0.04 work units)

    Nodes    |    Current Node    |     Objective Bounds      |     Work
 Expl Unexpl |  Obj  Depth IntInf | Incumbent    BestBd   Gap | It/Node Time

     0     0   31.00000    0   36    7.00000   31.00000   343%     -    0s
H    0     0                      20.0000000   31.00000  55.0%     -    0s
     0     0   31.00000    0   32   20.00000   31.00000  55.0%     -    0s
     0     0   31.00000    0   22   20.00000   31.00000  55.0%     -    0s
     0     0   31.00000    0   21   20.00000   31.00000  55.0%     -    0s
     0     0   31.00000    0   15   20.00000   31.00000  55.0%     -    0s
     0     0   31.00000    0   14   20.00000   31.00000  55.0%     -    0s
     0     0   31.00000    0   20   20.00000   31.00000  55.0%     -    0s
     0     0   31.00000    0   16   20.00000   31.00000  55.0%     -    0s
     0     0   31.00000    0   20   20.00000   31.00000  55.0%     -    0s
     0     0   31.00000    0   20   20.00000   31.00000  55.0%     -    0s
     0     0   31.00000    0   24   20.00000   31.00000  55.0%     -    0s
     0     0   31.00000    0   19   20.00000   31.00000  55.0%     -    0s
     0     0   31.00000    0   19   20.00000   31.00000  55.0%     -    0s
     0     0   31.00000    0   15   20.00000   31.00000  55.0%     -    0s
     0     0   31.00000    0   14   20.00000   31.00000  55.0%     -    0s
     0     0   31.00000    0   16   20.00000   31.00000  55.0%     -    0s
     0     0   31.00000    0   16   20.00000   31.00000  55.0%     -    0s
     0     0   31.00000    0   16   20.00000   31.00000  55.0%     -    0s
     0     0   31.00000    0   16   20.00000   31.00000  55.0%     -    0s
     0     2   31.00000    0   16   20.00000   31.00000  55.0%     -    0s

Cutting planes:
  Gomory: 1
  MIR: 12
  StrongCG: 2
  Inf proof: 13
  Zero half: 8

Explored 570 nodes (69159 simplex iterations) in 1.67 seconds (2.77 work units)
Thread count was 16 (of 16 available processors)

Solution count 2: 20 7 

Optimal solution found (tolerance 1.00e-04)
Best objective 2.000000000000e+01, best bound 2.000000000000e+01, gap 0.0000%

Wrote result file '/root/bgw/data/results/2026_03_23_13_59_33_set_exp_2_exp_2_n035_c003_g004_max.sol'

