[2026-03-23T15:58:55.162Z] Pipeline "set_exp_3_exp_3_n017_c005_g002" → 2026_03_23_15_58_54_set_exp_3_exp_3_n017_c005_g002_max.sol
Set parameter WLSAccessID
Set parameter WLSSecret
Set parameter LicenseID to value 2792458
Set parameter LogFile to value "gurobi.log"
Using license file /root/gurobi.lic
Academic license 2792458 - for non-commercial use only - registered to an___@studenti.unipg.it

Gurobi Optimizer version 13.0.1 build v13.0.1rc0 (linux64 - "Ubuntu 24.04.4 LTS")
Copyright (c) 2026, Gurobi Optimization, LLC

Warning: Duplicate section found (read 'binary') - Is a variable name equal to an LP file format keyword?
Warning: Duplicate section found (read 'binary') - Is a variable name equal to an LP file format keyword?
Warning: Duplicate section found (read 'binary') - Is a variable name equal to an LP file format keyword?
Warning: Duplicate section found (read 'binary') - Is a variable name equal to an LP file format keyword?
Warning: Duplicate section found (read 'binary') - Is a variable name equal to an LP file format keyword?
Warning: Duplicate section found (read 'binary') - Is a variable name equal to an LP file format keyword?
Warning: Duplicate section found (read 'binary') - Is a variable name equal to an LP file format keyword?
Warning: Duplicate section found (read 'binary') - Is a variable name equal to an LP file format keyword?
Warning: Duplicate section found (read 'binary') - Is a variable name equal to an LP file format keyword?
Warning: Duplicate section found (read 'binary') - Is a variable name equal to an LP file format keyword?
Warning: Further warnings of this type will be omitted.
Read LP format model from file /root/bgw/data/uploads/2026_03_23_15_58_54_set_exp_3_exp_3_n017_c005_g002_max.lp
Reading time = 0.01 seconds
: 1602 rows, 209 columns, 4829 nonzeros

Using Gurobi shared library /opt/gurobi1301/linux64/lib/libgurobi.so.13.0.1

CPU model: AMD EPYC-Genoa Processor, instruction set [SSE2|AVX|AVX2|AVX512]
Thread count: 16 physical cores, 16 logical processors, using up to 16 threads

Academic license 2792458 - for non-commercial use only - registered to an___@studenti.unipg.it
Optimize a model with 1602 rows, 209 columns and 4829 nonzeros (Max)
Model fingerprint: 0x8ff4c6cf
Model has 5 linear objective coefficients
Variable types: 22 continuous, 187 integer (187 binary)
Coefficient statistics:
  Matrix range     [1e+00, 2e+01]
  Objective range  [1e+00, 1e+00]
  Bounds range     [1e+00, 1e+00]
  RHS range        [1e+00, 2e+01]

Found heuristic solution: objective 5.0000000
Presolve removed 200 rows and 46 columns
Presolve time: 0.01s
Presolved: 1402 rows, 163 columns, 4374 nonzeros
Variable types: 0 continuous, 163 integer (151 binary)
Found heuristic solution: objective 6.0000000

Root relaxation: objective 2.000000e+01, 270 iterations, 0.02 seconds (0.01 work units)

    Nodes    |    Current Node    |     Objective Bounds      |     Work
 Expl Unexpl |  Obj  Depth IntInf | Incumbent    BestBd   Gap | It/Node Time

     0     0   20.00000    0   55    6.00000   20.00000   233%     -    0s
H    0     0                      11.0000000   20.00000  81.8%     -    0s
H    0     0                      14.0000000   20.00000  42.9%     -    0s
H    0     0                      15.0000000   20.00000  33.3%     -    0s
     0     0   20.00000    0   55   15.00000   20.00000  33.3%     -    0s
     0     0   20.00000    0   53   15.00000   20.00000  33.3%     -    0s
     0     0   20.00000    0   54   15.00000   20.00000  33.3%     -    0s
     0     0   20.00000    0   42   15.00000   20.00000  33.3%     -    0s
     0     0   20.00000    0   42   15.00000   20.00000  33.3%     -    0s
     0     0   20.00000    0   42   15.00000   20.00000  33.3%     -    0s
     0     0   20.00000    0   42   15.00000   20.00000  33.3%     -    0s
     0     0   20.00000    0   42   15.00000   20.00000  33.3%     -    0s
     0     0   20.00000    0   30   15.00000   20.00000  33.3%     -    0s
     0     0   20.00000    0   39   15.00000   20.00000  33.3%     -    0s
     0     0   20.00000    0   30   15.00000   20.00000  33.3%     -    0s
     0     0   20.00000    0   43   15.00000   20.00000  33.3%     -    0s
     0     0   20.00000    0   38   15.00000   20.00000  33.3%     -    0s
     0     0   20.00000    0   29   15.00000   20.00000  33.3%     -    0s
     0     0   20.00000    0   41   15.00000   20.00000  33.3%     -    0s
     0     0   20.00000    0   37   15.00000   20.00000  33.3%     -    0s
     0     0   20.00000    0   36   15.00000   20.00000  33.3%     -    0s
     0     0   20.00000    0   33   15.00000   20.00000  33.3%     -    0s
     0     0   20.00000    0   33   15.00000   20.00000  33.3%     -    0s
     0     0   20.00000    0   29   15.00000   20.00000  33.3%     -    0s
     0     2   20.00000    0   29   15.00000   20.00000  33.3%     -    0s

Cutting planes:
  Cover: 21
  MIR: 1
  Inf proof: 30
  Zero half: 4

Explored 2729 nodes (139270 simplex iterations) in 1.28 seconds (1.31 work units)
Thread count was 16 (of 16 available processors)

Solution count 5: 15 14 11 ... 5

Optimal solution found (tolerance 1.00e-04)
Best objective 1.500000000000e+01, best bound 1.500000000000e+01, gap 0.0000%

Wrote result file '/root/bgw/data/results/2026_03_23_15_58_54_set_exp_3_exp_3_n017_c005_g002_max.sol'

