[2026-03-24T19:52:07.858Z] Pipeline "set_big_5_8_big_5_8_s005_g002" → 2026_03_24_19_52_07_set_big_5_8_big_5_8_s005_g002_max.sol
Set parameter WLSAccessID
Set parameter WLSSecret
Set parameter LicenseID to value 2792458
Set parameter LogFile to value "gurobi.log"
Using license file /root/gurobi.lic
Academic license 2792458 - for non-commercial use only - registered to an___@studenti.unipg.it

Gurobi Optimizer version 13.0.1 build v13.0.1rc0 (linux64 - "Ubuntu 24.04.4 LTS")
Copyright (c) 2026, Gurobi Optimization, LLC

Warning: Duplicate section found (read 'binary') - Is a variable name equal to an LP file format keyword?
Warning: Duplicate section found (read 'binary') - Is a variable name equal to an LP file format keyword?
Warning: Duplicate section found (read 'binary') - Is a variable name equal to an LP file format keyword?
Warning: Duplicate section found (read 'binary') - Is a variable name equal to an LP file format keyword?
Warning: Duplicate section found (read 'binary') - Is a variable name equal to an LP file format keyword?
Warning: Duplicate section found (read 'binary') - Is a variable name equal to an LP file format keyword?
Warning: Duplicate section found (read 'binary') - Is a variable name equal to an LP file format keyword?
Warning: Duplicate section found (read 'binary') - Is a variable name equal to an LP file format keyword?
Warning: Duplicate section found (read 'binary') - Is a variable name equal to an LP file format keyword?
Warning: Duplicate section found (read 'binary') - Is a variable name equal to an LP file format keyword?
Warning: Further warnings of this type will be omitted.
Read LP format model from file /root/bgw/data/uploads/2026_03_24_19_52_07_set_big_5_8_big_5_8_s005_g002_max.lp
Reading time = 0.01 seconds
: 9034 rows, 659 columns, 27394 nonzeros

Using Gurobi shared library /opt/gurobi1301/linux64/lib/libgurobi.so.13.0.1

CPU model: AMD EPYC-Genoa Processor, instruction set [SSE2|AVX|AVX2|AVX512]
Thread count: 16 physical cores, 16 logical processors, using up to 16 threads

Academic license 2792458 - for non-commercial use only - registered to an___@studenti.unipg.it
Optimize a model with 9034 rows, 659 columns and 27394 nonzeros (Max)
Model fingerprint: 0x3125da12
Model has 84 linear objective coefficients
Variable types: 114 continuous, 545 integer (545 binary)
Coefficient statistics:
  Matrix range     [1e+00, 3e+01]
  Objective range  [1e+00, 1e+00]
  Bounds range     [1e+00, 1e+00]
  RHS range        [1e+00, 3e+01]

Found heuristic solution: objective 84.0000000
Presolve removed 843 rows and 183 columns
Presolve time: 0.03s
Presolved: 8191 rows, 476 columns, 24870 nonzeros
Variable types: 0 continuous, 476 integer (465 binary)
Found heuristic solution: objective 129.0000000

Root relaxation: objective 5.340000e+02, 518 iterations, 0.04 seconds (0.05 work units)

    Nodes    |    Current Node    |     Objective Bounds      |     Work
 Expl Unexpl |  Obj  Depth IntInf | Incumbent    BestBd   Gap | It/Node Time

     0     0  534.00000    0   63  129.00000  534.00000   314%     -    0s
H    0     0                     144.0000000  534.00000   271%     -    0s
H    0     0                     189.0000000  534.00000   183%     -    0s
H    0     0                     204.0000000  534.00000   162%     -    0s
     0     0  534.00000    0   57  204.00000  534.00000   162%     -    0s
H    0     0                     219.0000000  534.00000   144%     -    0s
     0     0  534.00000    0   67  219.00000  534.00000   144%     -    0s
     0     0  534.00000    0   62  219.00000  534.00000   144%     -    0s
H    0     0                     234.0000000  534.00000   128%     -    0s
     0     0  534.00000    0   62  234.00000  534.00000   128%     -    0s
     0     0  534.00000    0   63  234.00000  534.00000   128%     -    0s
     0     0  534.00000    0   49  234.00000  534.00000   128%     -    0s
     0     0  534.00000    0   59  234.00000  534.00000   128%     -    0s
     0     0  534.00000    0   59  234.00000  534.00000   128%     -    0s
     0     0  534.00000    0   59  234.00000  534.00000   128%     -    0s
     0     0  534.00000    0   51  234.00000  534.00000   128%     -    0s
     0     0  534.00000    0   61  234.00000  534.00000   128%     -    0s
     0     0  534.00000    0   50  234.00000  534.00000   128%     -    0s
     0     0  534.00000    0   62  234.00000  534.00000   128%     -    0s
     0     0  534.00000    0   51  234.00000  534.00000   128%     -    0s
     0     0  534.00000    0   51  234.00000  534.00000   128%     -    0s
     0     0  534.00000    0   50  234.00000  534.00000   128%     -    0s
     0     2  534.00000    0   50  234.00000  534.00000   128%     -    0s
  2899  1705  287.35714   28   50  234.00000  517.92857   121%   163    5s
  4505  2094  456.85714   24   98  234.00000  514.17857   120%   165   10s
  9554  3189  278.82143   40   60  234.00000  464.89286  98.7%   166   15s
 13451  4898  380.78571   31   69  234.00000  449.89286  92.3%   169   20s
 20034  7371  293.28571   37   58  234.00000  435.58163  86.1%   170   25s
 22997  7975  338.46429   45   41  234.00000  434.00000  85.5%   171   30s
 28257  8992 infeasible   55       234.00000  434.00000  85.5%   174   35s
 33688  9949  351.32143   48   57  234.00000  428.46429  83.1%   176   40s
 41376 11086  353.46429   45   47  234.00000  414.00000  76.9%   174   45s
 48031 13913  292.92857   52   35  234.00000  412.92857  76.5%   176   50s
 55318 17194  249.00000   56   68  234.00000  411.83069  76.0%   176   55s
 63940 21269  368.46429   43   49  234.00000  399.00000  70.5%   177   61s
 70186 24415  308.19643   53   34  234.00000  398.44444  70.3%   180   65s
 76946 27468  339.00000   47   49  234.00000  397.92857  70.1%   180   70s
 83953 30477 infeasible   56       234.00000  396.85714  69.6%   179   75s
 93559 34176  278.35714   49   45  234.00000  393.66270  68.2%   179   80s
 99517 37236  375.40873   42   63  234.00000  384.00000  64.1%   180   85s
 105917 40606  309.00000   50   28  234.00000  384.00000  64.1%   181   90s
 114325 44706  352.57143   44   48  234.00000  383.46429  63.9%   182   95s
 120734 47652  323.28571   50   36  234.00000  383.19643  63.8%   183  100s
 127019 50309  378.64286   46   47  234.00000  382.92857  63.6%   183  105s
 133065 52848     cutoff   55       234.00000  382.57143  63.5%   184  110s
 142321 56681  288.08730   48   73  234.00000  381.85714  63.2%   183  116s
 150274 59719  293.46429   47   28  234.00000  381.42857  63.0%   182  120s
 157037 62411  278.46429   48   70  234.00000  380.78571  62.7%   182  125s
 165956 65607  322.49026   47   51  234.00000  379.17857  62.0%   182  130s
 172814 67919     cutoff   56       234.00000  376.89683  61.1%   182  135s
 180967 71531  261.32143   55   13  234.00000  370.07143  58.2%   181  141s
 187876 75058  293.38776   51   36  234.00000  369.00000  57.7%   182  145s
 194171 78274 infeasible   58       234.00000  369.00000  57.7%   182  150s
 202335 82205  292.39286   50   39  234.00000  368.51087  57.5%   183  155s
 208993 85018  352.30357   45   37  234.00000  368.46429  57.5%   183  160s
 214933 87534  249.00000   55   20  234.00000  368.19643  57.3%   183  165s
 221471 89935  299.28061   50   43  234.00000  367.92857  57.2%   183  170s
 229048 93296  249.00000   54   31  234.00000  367.88889  57.2%   184  175s
 237725 96675  278.06250   52   30  234.00000  367.39286  57.0%   184  181s
 244498 99351 infeasible   56       234.00000  367.39286  57.0%   184  185s
 253706 103034  293.46429   52   40  234.00000  367.03571  56.9%   183  191s
 260251 105277  278.78571   50   35  234.00000  366.85714  56.8%   183  195s
 267739 107879     cutoff   61       234.00000  366.32143  56.5%   183  200s
 277263 111010  264.00000   53   36  234.00000  365.78571  56.3%   182  205s
 287261 114047  258.64286   53   36  234.00000  364.71429  55.9%   181  210s
 294939 116221  278.19643   49   37  234.00000  363.85390  55.5%   181  215s
 303480 119234     cutoff   55       234.00000  362.59127  55.0%   180  221s
 310569 121594  261.85714   59   58  234.00000  361.27041  54.4%   179  225s
 320092 124547  263.30357   55   27  234.00000  357.63095  52.8%   179  230s
 326920 127516  323.46429   46   24  234.00000  354.00000  51.3%   179  235s
 335279 131251  277.92857   50   30  234.00000  354.00000  51.3%   179  240s
 341976 133922 infeasible   53       234.00000  354.00000  51.3%   179  245s
 350593 138031  279.00000   48   28  234.00000  353.46429  51.1%   179  250s
 359094 141417  278.57143   52   53  234.00000  353.44444  51.0%   179  256s
 365718 144172     cutoff   55       234.00000  353.14286  50.9%   179  260s
 374486 147534 infeasible   45       234.00000  352.92857  50.8%   179  265s
 380767 149763  264.00000   50   27  234.00000  352.92857  50.8%   179  270s
 389430 153133  304.71429   48   40  234.00000  352.92857  50.8%   179  275s
 398497 156451  294.00000   49   62  234.00000  352.54592  50.7%   179  281s
 405529 158866  292.75000   50  106  234.00000  352.39286  50.6%   179  285s
 414642 161968  278.46429   50   42  234.00000  352.39286  50.6%   178  290s
 421521 164364     cutoff   56       234.00000  352.09152  50.5%   178  295s
 427323 165614 infeasible   58       234.00000  351.85714  50.4%   178  300s
 434700 168361  276.32143   57   21  234.00000  351.72321  50.3%   178  305s
 444751 171130     cutoff   57       234.00000  351.32143  50.1%   178  310s
 452218 173338 infeasible   51       234.00000  351.16270  50.1%   177  315s
 461664 175525  292.07143   49   39  234.00000  350.78571  49.9%   177  320s
 471455 177936  262.62245   54   24  234.00000  350.23016  49.7%   176  325s
 481115 180207  263.28571   58   32  234.00000  349.56122  49.4%   176  331s
 488097 181900  263.49405   52   26  234.00000  349.00567  49.1%   176  335s
 498163 184310 infeasible   58       234.00000  348.09392  48.8%   175  340s
 506856 186134  262.39286   52   20  234.00000  347.01587  48.3%   175  345s
 514110 187880  264.00000   54   23  234.00000  346.00893  47.9%   174  350s
 523299 190002  249.00000   56   46  234.00000  343.82143  46.9%   174  355s
 532500 192326  278.40476   52   64  234.00000  339.69643  45.2%   174  360s
 541749 196025  264.00000   52   35  234.00000  339.00000  44.9%   174  366s
 548171 198378  279.00000   51   45  234.00000  339.00000  44.9%   174  370s
 556051 201825  307.92857   50   40  234.00000  338.98016  44.9%   174  375s
 563670 204818     cutoff   54       234.00000  338.59821  44.7%   174  380s
 571735 207612  308.69388   49   47  234.00000  338.46429  44.6%   174  385s
 576420 209309  262.39286   57    9  234.00000  338.46429  44.6%   175  390s
 584490 211968  278.46429   51  137  234.00000  338.46429  44.6%   175  395s
 592338 214863  334.51389   45   49  234.00000  338.19643  44.5%   175  400s
 597554 216627  264.00000   59   31  234.00000  338.11990  44.5%   175  405s
 605400 219550  263.46429   58   12  234.00000  337.92857  44.4%   175  410s
 615389 222923  308.46429   50   48  234.00000  337.92857  44.4%   175  415s
 624929 226169  316.01141   50   74  234.00000  337.92857  44.4%   175  420s
 632051 228347  279.00000   55   38  234.00000  337.92857  44.4%   175  425s
 640750 231072  262.89796   52   22  234.00000  337.92857  44.4%   175  430s
 649113 233514  293.46429   54   39  234.00000  337.71429  44.3%   175  435s
 656110 235480  278.72222   59   29  234.00000  337.59023  44.3%   175  440s
 665209 237731     cutoff   55       234.00000  337.39286  44.2%   175  445s
 673631 239923  249.00000   53   51  234.00000  337.39286  44.2%   175  450s
 680367 241776  305.27551   45   51  234.00000  337.39286  44.2%   175  455s
 688999 243752  307.82143   52   30  234.00000  337.15767  44.1%   174  460s
 698185 245664  278.46429   51   87  234.00000  336.85714  44.0%   174  465s
 706772 247505  289.71429   52   92  234.00000  336.85714  44.0%   174  470s
 713602 249092  262.92857   54   24  234.00000  336.70588  43.9%   174  475s
 722281 250675     cutoff   54       234.00000  336.48677  43.8%   174  480s
 731178 252366 infeasible   50       234.00000  336.32143  43.7%   174  485s
 738583 253711 infeasible   53       234.00000  336.00397  43.6%   174  490s
 748349 254981  293.65179   49   37  234.00000  335.78571  43.5%   173  495s
 756837 256148  262.92857   56   51  234.00000  335.30952  43.3%   173  500s
 766181 257613  277.39286   53   14  234.00000  334.92063  43.1%   173  505s
 773543 258604  276.05952   53   30  234.00000  334.70437  43.0%   172  510s
 781133 259782  276.30159   50   47  234.00000  334.17857  42.8%   172  515s
 790681 260970  294.00000   49   39  234.00000  333.50893  42.5%   172  520s
 800151 262138  278.46429   53   34  234.00000  332.57143  42.1%   172  525s
 809724 263318 infeasible   45       234.00000  331.61409  41.7%   171  530s
 818142 264373 infeasible   50       234.00000  330.48810  41.2%   171  535s
 828168 265405  313.87013   48   51  234.00000  328.88095  40.5%   171  540s
 837469 266601  306.50000   50   47  234.00000  326.53247  39.5%   171  545s
 845556 268794  264.00000   52   32  234.00000  324.16917  38.5%   171  550s
 854013 271774  288.64286   49   40  234.00000  324.00000  38.5%   171  555s
 861512 274292  305.25000   47   49  234.00000  324.00000  38.5%   171  560s
 868389 276543  263.28571   57   27  234.00000  324.00000  38.5%   171  565s
 873571 278028  276.08705   54   28  234.00000  324.00000  38.5%   171  570s
 880814 280298 infeasible   53       234.00000  323.84694  38.4%   172  575s
 888058 282556     cutoff   56       234.00000  323.67857  38.3%   172  580s
 895151 284764  305.48810   53   61  234.00000  323.59821  38.3%   172  585s
 903506 287578  249.00000   56   11  234.00000  323.46429  38.2%   172  590s
 912049 290131  258.93552   49   46  234.00000  323.46429  38.2%   172  595s
 918006 291775  309.00000   48  101  234.00000  323.46429  38.2%   172  600s
 926135 294031  305.74603   48   59  234.00000  323.46429  38.2%   172  605s
 933459 296038  294.00000   47   17  234.00000  323.27438  38.2%   173  610s
 942932 299102  274.13889   52   35  234.00000  323.19643  38.1%   172  615s
 951256 301392     cutoff   59       234.00000  323.10714  38.1%   172  620s
 959754 303530  262.39286   55   54  234.00000  322.92857  38.0%   172  625s
 970270 305734     cutoff   54       234.00000  322.92857  38.0%   172  630s
 977869 307429  249.00000   52   48  234.00000  322.92857  38.0%   172  635s
 987685 309583  292.71429   48   63  234.00000  322.92857  38.0%   172  640s
 997157 311700 infeasible   53       234.00000  322.92857  38.0%   172  645s
 1006396 313631     cutoff   53       234.00000  322.92857  38.0%   172  650s
 1014597 315301  276.84722   51   48  234.00000  322.88889  38.0%   172  655s
 1022540 316934  292.16206   51   97  234.00000  322.70370  37.9%   172  660s
 1031191 318528  293.46429   46   46  234.00000  322.57143  37.9%   172  665s
 1039434 319843 infeasible   49       234.00000  322.39286  37.8%   171  670s
 1048989 321061  249.00000   54   20  234.00000  322.39286  37.8%   171  675s
 1054633 322402  262.92857   53   28  234.00000  322.39286  37.8%   171  680s
 1060128 323270  292.39286   54   40  234.00000  322.39286  37.8%   171  685s
 1068742 324423  249.00000   53   29  234.00000  322.21429  37.7%   171  690s
 1077715 325607 infeasible   48       234.00000  322.05000  37.6%   171  695s
 1087256 326348 infeasible   55       234.00000  321.85714  37.5%   171  700s
 1096067 327375     cutoff   56       234.00000  321.85714  37.5%   171  705s
 1105794 328479  279.00000   53   91  234.00000  321.63158  37.4%   171  710s
 1115718 329084  264.00000   52   32  234.00000  321.32143  37.3%   170  715s
 1125002 329927  277.92857   50  115  234.00000  321.30159  37.3%   170  720s
 1134290 330647 infeasible   50       234.00000  320.96429  37.2%   170  725s
 1143889 331027  279.00000   49   40  234.00000  320.78571  37.1%   170  730s
 1152231 331625  261.83730   57   66  234.00000  320.58482  37.0%   170  735s
 1161595 332242     cutoff   59       234.00000  320.25000  36.9%   169  740s
 1171365 332615     cutoff   53       234.00000  319.82143  36.7%   169  745s
 1180745 333369  317.11224   49   35  234.00000  319.58036  36.6%   169  750s
 1190250 333781  249.00000   52   25  234.00000  319.17857  36.4%   169  755s
 1197916 334066     cutoff   53       234.00000  318.77679  36.2%   169  760s
 1207484 334496 infeasible   46       234.00000  318.28571  36.0%   169  765s
 1215263 334703  316.67857   49   79  234.00000  317.83929  35.8%   168  770s
 1226446 334804  249.00000   53   32  234.00000  317.03571  35.5%   168  775s
 1234926 335030 infeasible   53       234.00000  316.26190  35.2%   168  780s
 1245964 335348 infeasible   48       234.00000  315.17063  34.7%   168  785s
 1255837 335679 infeasible   51       234.00000  314.13416  34.2%   168  790s
 1263776 335984  277.92857   51   40  234.00000  313.01786  33.8%   167  795s
 1272135 336437  261.72321   60   25  234.00000  310.98107  32.9%   167  800s
 1281624 338496  308.59821   48   33  234.00000  309.00000  32.1%   167  805s
 1288598 340366  274.85884   47   47  234.00000  309.00000  32.1%   167  810s
 1296701 342335     cutoff   56       234.00000  309.00000  32.1%   167  815s
 1303550 343951 infeasible   56       234.00000  309.00000  32.1%   168  820s
 1310704 345534  307.56567   47   84  234.00000  309.00000  32.1%   168  825s
 1317363 347319  278.46429   53   33  234.00000  309.00000  32.1%   168  830s
 1324776 349140  263.82143   55   24  234.00000  309.00000  32.1%   168  835s
 1332008 350859  292.92857   51   84  234.00000  308.82143  32.0%   168  840s
 1339695 352418  249.00000   53   31  234.00000  308.73214  31.9%   168  845s
 1347271 354142 infeasible   52       234.00000  308.64286  31.9%   169  850s
 1354138 355596  293.46429   50   21  234.00000  308.54082  31.9%   169  855s
 1363471 357868  262.92857   52   16  234.00000  308.46429  31.8%   169  860s
 1372767 360250 infeasible   49       234.00000  308.46429  31.8%   169  865s
 1378277 361188     cutoff   55       234.00000  308.46429  31.8%   169  870s
 1384892 362939  276.85714   51   57  234.00000  308.46429  31.8%   169  875s
 1392322 364588  263.93304   54   26  234.00000  308.46429  31.8%   169  880s
 1400819 366298 infeasible   55       234.00000  308.46429  31.8%   169  885s
 1408904 367747  291.78061   51   51  234.00000  308.31818  31.8%   169  890s
 1416855 369220  278.69388   52   37  234.00000  308.23137  31.7%   169  895s
 1426634 370815  291.32143   51   76  234.00000  308.19643  31.7%   169  900s
 1432431 371767  307.86161   48   60  234.00000  308.15816  31.7%   169  905s
 1440934 372867  263.38776   55  125  234.00000  308.01228  31.6%   169  910s
 1451609 373713  249.00000   53   25  234.00000  307.92857  31.6%   168  915s
 1461993 374618  262.39286   48   13  234.00000  307.92857  31.6%   168  920s
 1471642 375455     cutoff   56       234.00000  307.92857  31.6%   168  925s
 1480377 376222  278.32234   50   44  234.00000  307.92857  31.6%   168  930s
 1489023 377005  278.67857   51   38  234.00000  307.92857  31.6%   168  935s
 1497755 377734  274.71429   54   22  234.00000  307.92857  31.6%   168  940s
 1506711 378593 infeasible   52       234.00000  307.75000  31.5%   168  945s
 1516476 379380  262.92857   52   72  234.00000  307.66071  31.5%   168  950s
 1524799 379979     cutoff   55       234.00000  307.54592  31.4%   168  955s
 1532818 380241 infeasible   51       234.00000  307.39286  31.4%   168  960s
 1541893 380346 infeasible   54       234.00000  307.39286  31.4%   167  965s
 1550997 380887  263.46429   54   35  234.00000  307.39286  31.4%   167  970s
 1562184 381253  263.46429   54   57  234.00000  307.31633  31.3%   167  975s
 1571591 381501  249.00000   49   52  234.00000  307.12500  31.2%   167  980s
 1580499 381628  262.54592   56   32  234.00000  306.93498  31.2%   167  985s
 1590535 381294  292.39286   49   65  234.00000  306.85714  31.1%   167  990s
 1598394 381324 infeasible   55       234.00000  306.85714  31.1%   167  995s
 1607110 381398 infeasible   53       234.00000  306.61905  31.0%   167 1000s
 1617044 380927 infeasible   52       234.00000  306.37934  30.9%   166 1005s
 1629329 380391  264.00000   55   44  234.00000  306.32143  30.9%   166 1010s
 1637516 380104  249.00000   53  112  234.00000  306.14286  30.8%   166 1015s
 1648166 379210  261.59921   54   38  234.00000  305.78571  30.7%   166 1020s
 1656822 378998  249.00000   53   19  234.00000  305.77679  30.7%   166 1025s
 1666490 378693 infeasible   53       234.00000  305.45975  30.5%   166 1030s
 1674664 378230  274.46429   44   49  234.00000  305.25000  30.4%   166 1035s
 1683989 377958 infeasible   54       234.00000  304.99155  30.3%   165 1040s
 1693725 377204  275.03571   50   77  234.00000  304.71429  30.2%   165 1045s
 1703366 376548  262.92857   52    9  234.00000  304.44312  30.1%   165 1050s
 1711248 375716  276.69542   53   65  234.00000  304.17857  30.0%   165 1055s
 1721094 374892  279.00000   49   83  234.00000  303.71273  29.8%   165 1060s
 1730602 373772 infeasible   50       234.00000  303.28571  29.6%   165 1065s
 1740838 372662  286.14286   50   56  234.00000  302.76984  29.4%   165 1070s
 1750928 371384     cutoff   54       234.00000  302.14059  29.1%   164 1075s
 1760932 370044  263.04762   52   30  234.00000  301.50000  28.8%   164 1080s
 1771723 371153  293.07738   49   74  234.00000  300.96429  28.6%   164 1085s
 1781963 370259  277.45238   50   34  234.00000  300.26374  28.3%   164 1090s
 1790575 369421  277.59023   52   29  234.00000  299.41667  28.0%   164 1095s
 1799052 368845 infeasible   55       234.00000  298.36224  27.5%   164 1100s
 1808838 368603  262.30357   55   26  234.00000  296.77182  26.8%   164 1105s
 1817333 368628  276.85714   50   40  234.00000  295.19953  26.2%   164 1110s
 1826010 369532     cutoff   54       234.00000  294.00000  25.6%   164 1115s
 1837611 370897 infeasible   52       234.00000  294.00000  25.6%   164 1120s
 1846066 371986  277.92857   53   22  234.00000  294.00000  25.6%   164 1125s
 1848317 372249  263.19643   51   32  234.00000  294.00000  25.6%   164 1130s
 1856066 373176 infeasible   58       234.00000  294.00000  25.6%   164 1135s
 1862844 374170  263.46429   51   22  234.00000  294.00000  25.6%   164 1140s
 1870283 375133     cutoff   49       234.00000  294.00000  25.6%   164 1145s
 1877275 376173 infeasible   50       234.00000  294.00000  25.6%   164 1150s
 1885961 377165  260.16319   49   65  234.00000  294.00000  25.6%   164 1155s
 1892088 377857     cutoff   56       234.00000  294.00000  25.6%   164 1160s
 1899153 378633  278.72222   53   18  234.00000  293.82143  25.6%   164 1165s
 1907859 379533     cutoff   56       234.00000  293.73214  25.5%   164 1170s
 1917875 380620  263.73214   56   24  234.00000  293.64286  25.5%   164 1175s
 1926937 381302     cutoff   59       234.00000  293.58333  25.5%   164 1180s
 1936150 381745  263.19643   50   25  234.00000  293.46429  25.4%   164 1185s
 1945671 382171     cutoff   52       234.00000  293.46429  25.4%   164 1190s
 1954833 382464 infeasible   55       234.00000  293.46429  25.4%   164 1195s
 1964676 382771  279.00000   49   97  234.00000  293.46429  25.4%   164 1200s
 1972342 383001  263.28571   54   39  234.00000  293.46429  25.4%   164 1205s
 1980707 383186  263.12698   52   66  234.00000  293.46429  25.4%   164 1210s
 1988945 383340  262.92857   55   11  234.00000  293.35268  25.4%   164 1215s
 1997830 383664 infeasible   54       234.00000  293.28571  25.3%   164 1220s
 2008575 383446  278.06250   50   48  234.00000  293.19643  25.3%   164 1225s
 2015611 383361 infeasible   56       234.00000  293.15179  25.3%   164 1230s
 2023863 383157     cutoff   52       234.00000  293.03571  25.2%   164 1235s
 2035653 382047  262.39286   49   16  234.00000  292.92857  25.2%   164 1240s
 2047370 381237  249.00000   52   33  234.00000  292.92857  25.2%   164 1245s
 2056839 380406  263.46429   54   34  234.00000  292.92857  25.2%   163 1250s
 2067834 379784     cutoff   54       234.00000  292.92857  25.2%   163 1255s
 2077194 379226  263.92347   53   46  234.00000  292.92857  25.2%   163 1260s
 2088377 378534     cutoff   58       234.00000  292.75000  25.1%   163 1265s
 2096734 377749     cutoff   56       234.00000  292.66071  25.1%   163 1270s
 2105490 376927 infeasible   52       234.00000  292.52679  25.0%   163 1275s
 2118260 374837  278.19643   55   33  234.00000  292.39286  25.0%   163 1280s
 2129574 373293  262.66071   51   62  234.00000  292.39286  25.0%   162 1285s
 2138449 372376  277.92857   51   46  234.00000  292.39286  25.0%   162 1290s
 2147662 371231     cutoff   53       234.00000  292.21429  24.9%   162 1295s
 2156620 369477  276.57647   52   73  234.00000  292.05556  24.8%   162 1300s
 2167816 367064 infeasible   52       234.00000  291.85714  24.7%   162 1305s
 2179042 365439  276.95706   52  103  234.00000  291.85714  24.7%   162 1310s
 2187750 363773 infeasible   49       234.00000  291.64550  24.6%   162 1315s
 2197821 361530     cutoff   54       234.00000  291.39796  24.5%   162 1320s
 2209745 359045  260.78571   53   46  234.00000  291.32143  24.5%   161 1325s
 2219481 357130 infeasible   51       234.00000  291.12662  24.4%   161 1330s
 2228770 354817 infeasible   51       234.00000  290.86756  24.3%   161 1335s
 2238131 352976 infeasible   54       234.00000  290.78025  24.3%   161 1340s
 2246225 351435     cutoff   53       234.00000  290.51786  24.2%   161 1345s
 2256843 349101  274.58036   51   90  234.00000  290.25000  24.0%   161 1350s
 2266457 346983     cutoff   53       234.00000  289.94388  23.9%   161 1355s
 2276655 344375  259.86310   52   29  234.00000  289.63492  23.8%   161 1360s
 2286920 341665  289.04464   48   54  234.00000  289.17857  23.6%   160 1365s
 2296425 339523 infeasible   55       234.00000  288.69156  23.4%   160 1370s
 2305219 337222  261.91915   53   34  234.00000  288.27857  23.2%   160 1375s
 2316216 334626  263.70443   54  100  234.00000  287.46884  22.8%   160 1380s
 2327648 332223 infeasible   53       234.00000  286.38095  22.4%   160 1385s
 2336343 332118  263.73214   51   20  234.00000  286.11558  22.3%   160 1390s
 2347544 330765 infeasible   54       234.00000  285.44841  22.0%   160 1395s
 2357743 328814  249.00000   50   23  234.00000  284.02646  21.4%   160 1400s
 2368926 327722 infeasible   57       234.00000  282.50649  20.7%   160 1405s
 2375913 327129  263.85000   52   59  234.00000  281.19156  20.2%   160 1410s
 2384745 326406  279.00000   54   16  234.00000  279.55556  19.5%   160 1415s
 2391455 326238  276.85714   52   19  234.00000  279.00000  19.2%   160 1420s
 2395556 325914 infeasible   52       234.00000  279.00000  19.2%   160 1425s
 2406061 325470 infeasible   54       234.00000  279.00000  19.2%   160 1430s
 2414038 325194  277.92857   56   32  234.00000  279.00000  19.2%   160 1435s
 2423113 324907 infeasible   52       234.00000  279.00000  19.2%   160 1440s
 2429359 324804  249.00000   50   27  234.00000  279.00000  19.2%   160 1445s
 2436984 324575  262.39286   54   61  234.00000  279.00000  19.2%   160 1451s
 2443404 324452  264.00000   52   25  234.00000  279.00000  19.2%   160 1455s
 2451146 324335     cutoff   55       234.00000  279.00000  19.2%   160 1460s
 2459029 324376 infeasible   55       234.00000  279.00000  19.2%   160 1465s
 2463984 324143 infeasible   52       234.00000  279.00000  19.2%   160 1470s
 2473290 323641 infeasible   56       234.00000  279.00000  19.2%   160 1476s
 2480029 323204  264.00000   53   66  234.00000  279.00000  19.2%   161 1480s
 2489915 322491 infeasible   55       234.00000  278.82143  19.2%   161 1485s
 2497991 321731  277.11508   52   10  234.00000  278.73214  19.1%   161 1490s
 2505597 321012 infeasible   53       234.00000  278.73214  19.1%   161 1495s
 2515011 320235 infeasible   52       234.00000  278.64286  19.1%   160 1500s
 2523579 319526 infeasible   55       234.00000  278.59821  19.1%   160 1505s
 2533533 317764  262.90873   49   19  234.00000  278.46429  19.0%   160 1510s
 2544281 315685  278.46429   51   29  234.00000  278.46429  19.0%   160 1515s
 2554106 313927 infeasible   50       234.00000  278.46429  19.0%   160 1520s
 2563653 312342 infeasible   52       234.00000  278.46429  19.0%   160 1525s
 2573193 310788  261.81746   53   59  234.00000  278.46429  19.0%   160 1530s
 2582934 309040  263.19643   53   29  234.00000  278.37500  19.0%   160 1535s
 2594591 307562  263.46429   56   31  234.00000  278.28571  18.9%   160 1540s
 2601808 306108     cutoff   52       234.00000  278.19643  18.9%   160 1545s
 2613423 304070 infeasible   51       234.00000  278.11607  18.9%   160 1550s
 2622193 301667  262.39286   51    3  234.00000  277.96429  18.8%   160 1555s
 2637381 297272  263.46429   53   20  234.00000  277.92857  18.8%   159 1560s
 2650920 293540 infeasible   56       234.00000  277.92857  18.8%   159 1565s
 2662488 290619  276.19813   51   52  234.00000  277.92857  18.8%   159 1570s
 2674709 287344 infeasible   54       234.00000  277.88889  18.8%   159 1575s
 2683888 284464     cutoff   54       234.00000  277.69898  18.7%   158 1580s
 2692270 281885  260.78075   51   64  234.00000  277.55357  18.6%   158 1585s
 2706593 275742  261.32143   59    4  234.00000  277.39286  18.5%   158 1590s
 2718774 271680  261.99276   53   36  234.00000  277.37302  18.5%   158 1595s
 2729006 267638 infeasible   56       234.00000  277.11508  18.4%   158 1600s
 2739655 262646     cutoff   53       234.00000  276.85714  18.3%   158 1605s
 2747645 259765 infeasible   54       234.00000  276.75000  18.3%   158 1610s
 2758372 254168 infeasible   52       234.00000  276.32143  18.1%   157 1615s
 2769637 249725 infeasible   51       234.00000  276.01863  18.0%   157 1620s
 2780880 244176  249.00000   53   30  234.00000  275.40676  17.7%   157 1625s
 2792783 238784 infeasible   52       234.00000  274.58929  17.3%   157 1630s
 2802436 234669  263.10714   51   51  234.00000  273.54649  16.9%   157 1635s
 2810442 230806     cutoff   54       234.00000  272.33036  16.4%   157 1640s
 2821150 228016 infeasible   55       234.00000  271.23214  15.9%   157 1645s
 2833433 223777 infeasible   58       234.00000  270.01190  15.4%   157 1650s
 2842734 220514  262.52679   57   17  234.00000  267.34821  14.3%   156 1655s
 2852979 217506  263.59821   55   15  234.00000  264.53571  13.0%   156 1660s
 2861411 215399     cutoff   58       234.00000  264.00000  12.8%   156 1665s
 2870176 212946 infeasible   56       234.00000  264.00000  12.8%   156 1670s
 2878910 210664     cutoff   51       234.00000  264.00000  12.8%   156 1675s
 2887554 208453     cutoff   55       234.00000  264.00000  12.8%   157 1680s
 2894444 206806  249.00000   53   37  234.00000  264.00000  12.8%   157 1685s
 2901372 205210 infeasible   56       234.00000  264.00000  12.8%   157 1690s
 2907457 203578 infeasible   53       234.00000  264.00000  12.8%   157 1695s
 2916471 201426 infeasible   56       234.00000  264.00000  12.8%   157 1701s
 2923461 199649 infeasible   56       234.00000  264.00000  12.8%   157 1706s
 2930339 198138  264.00000   55   51  234.00000  264.00000  12.8%   157 1710s
 2937679 196327  264.00000   52   36  234.00000  264.00000  12.8%   157 1715s
 2944772 194560  263.28571   50   42  234.00000  264.00000  12.8%   157 1720s
 2951442 192876  263.44444   51   42  234.00000  264.00000  12.8%   157 1725s
 2958609 190864     cutoff   53       234.00000  263.98016  12.8%   158 1730s
 2971903 186201     cutoff   54       234.00000  263.77041  12.7%   157 1735s
 2981833 181899  263.64286   49   27  234.00000  263.69388  12.7%   157 1740s
 2992931 177685     cutoff   52       234.00000  263.57143  12.6%   157 1745s
 3007193 171484 infeasible   59       234.00000  263.46429  12.6%   157 1750s
 3019317 167160 infeasible   55       234.00000  263.46429  12.6%   157 1755s
 3023930 164479  249.00000   52   36  234.00000  263.46429  12.6%   157 1760s
 3036260 159557 infeasible   55       234.00000  263.46429  12.6%   156 1765s
 3049859 153458  262.92857   52   11  234.00000  263.35714  12.5%   156 1770s
 3062494 146290     cutoff   56       234.00000  263.19643  12.5%   156 1775s
 3075466 135900  262.92857   53   22  234.00000  262.92857  12.4%   156 1780s
 3092111 123258 infeasible   57       234.00000  262.92857  12.4%   155 1785s
 3105999 114786     cutoff   59       234.00000  262.57143  12.2%   155 1790s
 3123539 99681     cutoff   53       234.00000  262.01587  12.0%   154 1795s
 3137563 88413 infeasible   54       234.00000  260.86224  11.5%   154 1800s
 3150431 77087 infeasible   52       234.00000  257.92857  10.2%   154 1805s
 3166529 62197     cutoff   53       234.00000  252.60714  7.95%   153 1810s
 3176931 54542 infeasible   55       234.00000  249.00000  6.41%   153 1815s
 3191412 45450 infeasible   56       234.00000  249.00000  6.41%   153 1821s
 3202465 38597 infeasible   57       234.00000  249.00000  6.41%   153 1826s
 3214929 31334 infeasible   57       234.00000  249.00000  6.41%   153 1831s
 3223040 26476 infeasible   55       234.00000  249.00000  6.41%   153 1835s
 3234365 19945     cutoff   54       234.00000  249.00000  6.41%   153 1840s
 3247356 12830  249.00000   52   36  234.00000  249.00000  6.41%   153 1846s
 3255081  7812 infeasible   54       234.00000  249.00000  6.41%   153 1850s
 3268312   835 infeasible   54       234.00000  249.00000  6.41%   153 1855s

Explored 3272466 nodes (498964121 simplex iterations) in 1856.27 seconds (5245.51 work units)
Thread count was 16 (of 16 available processors)

Solution count 10: 234 234 234 ... 84

Optimal solution found (tolerance 1.00e-04)
Best objective 2.340000000000e+02, best bound 2.340000000000e+02, gap 0.0000%

Wrote result file '/root/bgw/data/results/2026_03_24_19_52_07_set_big_5_8_big_5_8_s005_g002_max.sol'

