[2026-03-23T13:46:32.715Z] Pipeline "set_exp_2_exp_2_n029_c008_g003" → 2026_03_23_13_46_32_set_exp_2_exp_2_n029_c008_g003_max.sol
Set parameter WLSAccessID
Set parameter WLSSecret
Set parameter LicenseID to value 2792458
Set parameter LogFile to value "gurobi.log"
Using license file /root/gurobi.lic
Academic license 2792458 - for non-commercial use only - registered to an___@studenti.unipg.it

Gurobi Optimizer version 13.0.1 build v13.0.1rc0 (linux64 - "Ubuntu 24.04.4 LTS")
Copyright (c) 2026, Gurobi Optimization, LLC

Warning: Duplicate section found (read 'binary') - Is a variable name equal to an LP file format keyword?
Warning: Duplicate section found (read 'binary') - Is a variable name equal to an LP file format keyword?
Warning: Duplicate section found (read 'binary') - Is a variable name equal to an LP file format keyword?
Warning: Duplicate section found (read 'binary') - Is a variable name equal to an LP file format keyword?
Warning: Duplicate section found (read 'binary') - Is a variable name equal to an LP file format keyword?
Warning: Duplicate section found (read 'binary') - Is a variable name equal to an LP file format keyword?
Warning: Duplicate section found (read 'binary') - Is a variable name equal to an LP file format keyword?
Warning: Duplicate section found (read 'binary') - Is a variable name equal to an LP file format keyword?
Warning: Duplicate section found (read 'binary') - Is a variable name equal to an LP file format keyword?
Warning: Duplicate section found (read 'binary') - Is a variable name equal to an LP file format keyword?
Warning: Further warnings of this type will be omitted.
Read LP format model from file /root/bgw/data/uploads/2026_03_23_13_46_32_set_exp_2_exp_2_n029_c008_g003_max.lp
Reading time = 0.02 seconds
: 7961 rows, 577 columns, 24029 nonzeros

Using Gurobi shared library /opt/gurobi1301/linux64/lib/libgurobi.so.13.0.1

CPU model: AMD EPYC-Genoa Processor, instruction set [SSE2|AVX|AVX2|AVX512]
Thread count: 16 physical cores, 16 logical processors, using up to 16 threads

Academic license 2792458 - for non-commercial use only - registered to an___@studenti.unipg.it
Optimize a model with 7961 rows, 577 columns and 24029 nonzeros (Max)
Model fingerprint: 0x187ee99d
Model has 8 linear objective coefficients
Variable types: 37 continuous, 540 integer (540 binary)
Coefficient statistics:
  Matrix range     [1e+00, 3e+01]
  Objective range  [1e+00, 1e+00]
  Bounds range     [1e+00, 1e+00]
  RHS range        [1e+00, 3e+01]

Found heuristic solution: objective 8.0000000
Presolve removed 595 rows and 134 columns
Presolve time: 0.04s
Presolved: 7366 rows, 443 columns, 22514 nonzeros
Variable types: 0 continuous, 443 integer (427 binary)
Found heuristic solution: objective 10.0000000

Root relaxation: objective 3.200000e+01, 1079 iterations, 0.13 seconds (0.16 work units)

    Nodes    |    Current Node    |     Objective Bounds      |     Work
 Expl Unexpl |  Obj  Depth IntInf | Incumbent    BestBd   Gap | It/Node Time

     0     0   32.00000    0   58   10.00000   32.00000   220%     -    0s
H    0     0                      19.0000000   32.00000  68.4%     -    0s
H    0     0                      20.0000000   32.00000  60.0%     -    0s
H    0     0                      21.0000000   32.00000  52.4%     -    0s
H    0     0                      22.0000000   32.00000  45.5%     -    0s
     0     0   32.00000    0   86   22.00000   32.00000  45.5%     -    0s
     0     0   32.00000    0   85   22.00000   32.00000  45.5%     -    0s
     0     0   32.00000    0   60   22.00000   32.00000  45.5%     -    0s
     0     0   32.00000    0   45   22.00000   32.00000  45.5%     -    0s
     0     0   32.00000    0   43   22.00000   32.00000  45.5%     -    0s
     0     0   32.00000    0   43   22.00000   32.00000  45.5%     -    0s
     0     0   32.00000    0   39   22.00000   32.00000  45.5%     -    0s
     0     0   32.00000    0   39   22.00000   32.00000  45.5%     -    0s
H    0     0                      23.0000000   32.00000  39.1%     -    0s
     0     0   32.00000    0   50   23.00000   32.00000  39.1%     -    0s
     0     0   32.00000    0   39   23.00000   32.00000  39.1%     -    0s
     0     0   32.00000    0   44   23.00000   32.00000  39.1%     -    0s
     0     0   32.00000    0   51   23.00000   32.00000  39.1%     -    0s
     0     0   32.00000    0   50   23.00000   32.00000  39.1%     -    0s
     0     0   32.00000    0   50   23.00000   32.00000  39.1%     -    0s
     0     0   32.00000    0   41   23.00000   32.00000  39.1%     -    0s
     0     0   32.00000    0   44   23.00000   32.00000  39.1%     -    0s
     0     0   32.00000    0   40   23.00000   32.00000  39.1%     -    0s
     0     0   32.00000    0   40   23.00000   32.00000  39.1%     -    1s
     0     0   32.00000    0   37   23.00000   32.00000  39.1%     -    1s
     0     2   32.00000    0   37   23.00000   32.00000  39.1%     -    1s
  1884   883   24.60690   18  101   23.00000   30.46296  32.4%   221    5s
  4452  1460   26.65236   10   95   23.00000   29.00000  26.1%   243   10s
  7797  1011     cutoff   11        23.00000   27.00000  17.4%   231   15s

Cutting planes:
  Cover: 19
  MIR: 1
  Inf proof: 114
  Zero half: 3

Explored 9947 nodes (2209143 simplex iterations) in 17.22 seconds (33.23 work units)
Thread count was 16 (of 16 available processors)

Solution count 7: 23 22 21 ... 8

Optimal solution found (tolerance 1.00e-04)
Best objective 2.300000000000e+01, best bound 2.300000000000e+01, gap 0.0000%

Wrote result file '/root/bgw/data/results/2026_03_23_13_46_32_set_exp_2_exp_2_n029_c008_g003_max.sol'

