[2026-03-23T16:06:58.835Z] Pipeline "set_exp_3_exp_3_n030_c003_g004" → 2026_03_23_16_06_58_set_exp_3_exp_3_n030_c003_g004_max.sol
Set parameter WLSAccessID
Set parameter WLSSecret
Set parameter LicenseID to value 2792458
Set parameter LogFile to value "gurobi.log"
Using license file /root/gurobi.lic
Academic license 2792458 - for non-commercial use only - registered to an___@studenti.unipg.it

Gurobi Optimizer version 13.0.1 build v13.0.1rc0 (linux64 - "Ubuntu 24.04.4 LTS")
Copyright (c) 2026, Gurobi Optimization, LLC

Warning: Duplicate section found (read 'binary') - Is a variable name equal to an LP file format keyword?
Warning: Duplicate section found (read 'binary') - Is a variable name equal to an LP file format keyword?
Warning: Duplicate section found (read 'binary') - Is a variable name equal to an LP file format keyword?
Warning: Duplicate section found (read 'binary') - Is a variable name equal to an LP file format keyword?
Warning: Duplicate section found (read 'binary') - Is a variable name equal to an LP file format keyword?
Warning: Duplicate section found (read 'binary') - Is a variable name equal to an LP file format keyword?
Warning: Duplicate section found (read 'binary') - Is a variable name equal to an LP file format keyword?
Warning: Duplicate section found (read 'binary') - Is a variable name equal to an LP file format keyword?
Warning: Duplicate section found (read 'binary') - Is a variable name equal to an LP file format keyword?
Warning: Duplicate section found (read 'binary') - Is a variable name equal to an LP file format keyword?
Warning: Further warnings of this type will be omitted.
Read LP format model from file /root/bgw/data/uploads/2026_03_23_16_06_58_set_exp_3_exp_3_n030_c003_g004_max.lp
Reading time = 0.01 seconds
: 9121 rows, 661 columns, 27230 nonzeros

Using Gurobi shared library /opt/gurobi1301/linux64/lib/libgurobi.so.13.0.1

CPU model: AMD EPYC-Genoa Processor, instruction set [SSE2|AVX|AVX2|AVX512]
Thread count: 16 physical cores, 16 logical processors, using up to 16 threads

Academic license 2792458 - for non-commercial use only - registered to an___@studenti.unipg.it
Optimize a model with 9121 rows, 661 columns and 27230 nonzeros (Max)
Model fingerprint: 0x1711b7d6
Model has 11 linear objective coefficients
Variable types: 41 continuous, 620 integer (620 binary)
Coefficient statistics:
  Matrix range     [1e+00, 3e+01]
  Objective range  [1e+00, 1e+00]
  Bounds range     [1e+00, 1e+00]
  RHS range        [1e+00, 3e+01]

Found heuristic solution: objective 11.0000000
Presolve removed 965 rows and 204 columns
Presolve time: 0.03s
Presolved: 8156 rows, 457 columns, 24684 nonzeros
Variable types: 0 continuous, 457 integer (449 binary)

Root relaxation: objective 5.000000e+01, 405 iterations, 0.03 seconds (0.04 work units)

    Nodes    |    Current Node    |     Objective Bounds      |     Work
 Expl Unexpl |  Obj  Depth IntInf | Incumbent    BestBd   Gap | It/Node Time

     0     0   50.00000    0   33   11.00000   50.00000   355%     -    0s
H    0     0                      18.0000000   50.00000   178%     -    0s
H    0     0                      22.0000000   50.00000   127%     -    0s
H    0     0                      24.0000000   50.00000   108%     -    0s
H    0     0                      25.0000000   50.00000   100%     -    0s
H    0     0                      28.0000000   50.00000  78.6%     -    0s
H    0     0                      30.0000000   50.00000  66.7%     -    0s
     0     0   50.00000    0   35   30.00000   50.00000  66.7%     -    0s
     0     0   50.00000    0   34   30.00000   50.00000  66.7%     -    0s
     0     0   50.00000    0   32   30.00000   50.00000  66.7%     -    0s
     0     0   50.00000    0   33   30.00000   50.00000  66.7%     -    0s
     0     0   50.00000    0   27   30.00000   50.00000  66.7%     -    0s
     0     0   50.00000    0   46   30.00000   50.00000  66.7%     -    0s
     0     0   50.00000    0   32   30.00000   50.00000  66.7%     -    0s
     0     0   49.00000    0   33   30.00000   49.00000  63.3%     -    0s
     0     0   49.00000    0   33   30.00000   49.00000  63.3%     -    0s
     0     0   49.00000    0   31   30.00000   49.00000  63.3%     -    0s
     0     0   49.00000    0   31   30.00000   49.00000  63.3%     -    0s
     0     0   49.00000    0   33   30.00000   49.00000  63.3%     -    0s
     0     0   49.00000    0   33   30.00000   49.00000  63.3%     -    0s
     0     0   49.00000    0   32   30.00000   49.00000  63.3%     -    0s
     0     0   49.00000    0   32   30.00000   49.00000  63.3%     -    0s
     0     0   49.00000    0   32   30.00000   49.00000  63.3%     -    0s
     0     2   49.00000    0   32   30.00000   49.00000  63.3%     -    0s
  2327   585   38.47403   11  147   30.00000   44.78571  49.3%   141    5s
  5997   419     cutoff   14        30.00000   38.57143  28.6%   176   10s

Cutting planes:
  Cover: 61
  MIR: 3
  StrongCG: 1
  Inf proof: 92

Explored 7286 nodes (1327838 simplex iterations) in 12.42 seconds (20.08 work units)
Thread count was 16 (of 16 available processors)

Solution count 7: 30 28 25 ... 11

Optimal solution found (tolerance 1.00e-04)
Best objective 3.000000000000e+01, best bound 3.000000000000e+01, gap 0.0000%

Wrote result file '/root/bgw/data/results/2026_03_23_16_06_58_set_exp_3_exp_3_n030_c003_g004_max.sol'

