[2026-03-24T00:34:01.323Z] Pipeline "set_set_set_s007_g003" → 2026_03_24_00_34_01_set_set_set_s007_g003_max.sol
Set parameter WLSAccessID
Set parameter WLSSecret
Set parameter LicenseID to value 2792458
Set parameter LogFile to value "gurobi.log"
Using license file /root/gurobi.lic
Academic license 2792458 - for non-commercial use only - registered to an___@studenti.unipg.it

Gurobi Optimizer version 13.0.1 build v13.0.1rc0 (linux64 - "Ubuntu 24.04.4 LTS")
Copyright (c) 2026, Gurobi Optimization, LLC

Warning: Duplicate section found (read 'binary') - Is a variable name equal to an LP file format keyword?
Warning: Duplicate section found (read 'binary') - Is a variable name equal to an LP file format keyword?
Warning: Duplicate section found (read 'binary') - Is a variable name equal to an LP file format keyword?
Warning: Duplicate section found (read 'binary') - Is a variable name equal to an LP file format keyword?
Warning: Duplicate section found (read 'binary') - Is a variable name equal to an LP file format keyword?
Warning: Duplicate section found (read 'binary') - Is a variable name equal to an LP file format keyword?
Warning: Duplicate section found (read 'binary') - Is a variable name equal to an LP file format keyword?
Warning: Duplicate section found (read 'binary') - Is a variable name equal to an LP file format keyword?
Warning: Duplicate section found (read 'binary') - Is a variable name equal to an LP file format keyword?
Warning: Duplicate section found (read 'binary') - Is a variable name equal to an LP file format keyword?
Warning: Further warnings of this type will be omitted.
Read LP format model from file /root/bgw/data/uploads/2026_03_24_00_34_01_set_set_set_s007_g003_max.lp
Reading time = 0.00 seconds
: 667 rows, 120 columns, 1922 nonzeros

Using Gurobi shared library /opt/gurobi1301/linux64/lib/libgurobi.so.13.0.1

CPU model: AMD EPYC-Genoa Processor, instruction set [SSE2|AVX|AVX2|AVX512]
Thread count: 16 physical cores, 16 logical processors, using up to 16 threads

Academic license 2792458 - for non-commercial use only - registered to an___@studenti.unipg.it
Optimize a model with 667 rows, 120 columns and 1922 nonzeros (Max)
Model fingerprint: 0xb518f436
Model has 11 linear objective coefficients
Variable types: 23 continuous, 97 integer (97 binary)
Coefficient statistics:
  Matrix range     [1e+00, 1e+01]
  Objective range  [1e+00, 1e+00]
  Bounds range     [1e+00, 1e+00]
  RHS range        [1e+00, 1e+01]

Found heuristic solution: objective 11.0000000
Presolve removed 194 rows and 34 columns
Presolve time: 0.00s
Presolved: 473 rows, 86 columns, 1482 nonzeros
Variable types: 0 continuous, 86 integer (79 binary)
Found heuristic solution: objective 16.0000000

Root relaxation: objective 5.000000e+01, 59 iterations, 0.00 seconds (0.00 work units)

    Nodes    |    Current Node    |     Objective Bounds      |     Work
 Expl Unexpl |  Obj  Depth IntInf | Incumbent    BestBd   Gap | It/Node Time

     0     0   50.00000    0   30   16.00000   50.00000   212%     -    0s
H    0     0                      20.0000000   50.00000   150%     -    0s
H    0     0                      23.0000000   50.00000   117%     -    0s
H    0     0                      26.0000000   50.00000  92.3%     -    0s
H    0     0                      27.0000000   50.00000  85.2%     -    0s
     0     0   50.00000    0   25   27.00000   50.00000  85.2%     -    0s
H    0     0                      29.0000000   50.00000  72.4%     -    0s
H    0     0                      30.0000000   50.00000  66.7%     -    0s
     0     0   50.00000    0   29   30.00000   50.00000  66.7%     -    0s
     0     0   50.00000    0   25   30.00000   50.00000  66.7%     -    0s
     0     0   50.00000    0   26   30.00000   50.00000  66.7%     -    0s
     0     0   49.85000    0   26   30.00000   49.85000  66.2%     -    0s
     0     0   49.85000    0   16   30.00000   49.85000  66.2%     -    0s
     0     0   49.00000    0   24   30.00000   49.00000  63.3%     -    0s
     0     0   49.00000    0   17   30.00000   49.00000  63.3%     -    0s
     0     0   49.00000    0   24   30.00000   49.00000  63.3%     -    0s
     0     0   49.00000    0   24   30.00000   49.00000  63.3%     -    0s
     0     0   48.00000    0   26   30.00000   48.00000  60.0%     -    0s
     0     0   48.00000    0   24   30.00000   48.00000  60.0%     -    0s
     0     0   48.00000    0   27   30.00000   48.00000  60.0%     -    0s
     0     0   48.00000    0   28   30.00000   48.00000  60.0%     -    0s
     0     0   48.00000    0   27   30.00000   48.00000  60.0%     -    0s
     0     0   48.00000    0   27   30.00000   48.00000  60.0%     -    0s
     0     0   48.00000    0   27   30.00000   48.00000  60.0%     -    0s
     0     2   48.00000    0   26   30.00000   48.00000  60.0%     -    0s

Cutting planes:
  Gomory: 1
  Cover: 17
  MIR: 2
  Inf proof: 31

Explored 3324 nodes (60470 simplex iterations) in 0.35 seconds (0.30 work units)
Thread count was 16 (of 16 available processors)

Solution count 8: 30 29 27 ... 11

Optimal solution found (tolerance 1.00e-04)
Best objective 3.000000000000e+01, best bound 3.000000000000e+01, gap 0.0000%

Wrote result file '/root/bgw/data/results/2026_03_24_00_34_01_set_set_set_s007_g003_max.sol'

