[2026-03-24T15:13:19.491Z] Pipeline "set_vm-3-t1_vm-3-t1_s022_g001" → 2026_03_24_15_13_19_set_vm-3-t1_vm-3-t1_s022_g001_max.sol
Set parameter Username
Set parameter LicenseID to value 2796068
Set parameter LogFile to value "gurobi.log"
Using license file /opt/gurobi/gurobi.lic
Academic license - for non-commercial use only - expires 2027-03-23

Gurobi Optimizer version 13.0.1 build v13.0.1rc0 (linux64 - "Ubuntu 24.04.4 LTS")
Copyright (c) 2026, Gurobi Optimization, LLC

Warning: Duplicate section found (read 'binary') - Is a variable name equal to an LP file format keyword?
Warning: Duplicate section found (read 'binary') - Is a variable name equal to an LP file format keyword?
Warning: Duplicate section found (read 'binary') - Is a variable name equal to an LP file format keyword?
Warning: Duplicate section found (read 'binary') - Is a variable name equal to an LP file format keyword?
Warning: Duplicate section found (read 'binary') - Is a variable name equal to an LP file format keyword?
Warning: Duplicate section found (read 'binary') - Is a variable name equal to an LP file format keyword?
Warning: Duplicate section found (read 'binary') - Is a variable name equal to an LP file format keyword?
Warning: Duplicate section found (read 'binary') - Is a variable name equal to an LP file format keyword?
Warning: Duplicate section found (read 'binary') - Is a variable name equal to an LP file format keyword?
Warning: Duplicate section found (read 'binary') - Is a variable name equal to an LP file format keyword?
Warning: Further warnings of this type will be omitted.
Read LP format model from file /root/bgw/data/uploads/2026_03_24_15_13_19_set_vm-3-t1_vm-3-t1_s022_g001_max.lp
Reading time = 0.01 seconds
: 10343 rows, 614 columns, 31605 nonzeros

Using Gurobi shared library /opt/gurobi1301/linux64/lib/libgurobi.so.13.0.1

CPU model: AMD EPYC-Genoa Processor, instruction set [SSE2|AVX|AVX2|AVX512]
Thread count: 16 physical cores, 16 logical processors, using up to 16 threads

Optimize a model with 10343 rows, 614 columns and 31605 nonzeros (Max)
Model fingerprint: 0x261ae05b
Model has 15 linear objective coefficients
Variable types: 47 continuous, 567 integer (567 binary)
Coefficient statistics:
  Matrix range     [1e+00, 3e+01]
  Objective range  [1e+00, 1e+00]
  Bounds range     [1e+00, 1e+00]
  RHS range        [1e+00, 3e+01]

Found heuristic solution: objective 15.0000000
Presolve removed 380 rows and 92 columns
Presolve time: 0.04s
Presolved: 9963 rows, 522 columns, 30150 nonzeros
Variable types: 0 continuous, 522 integer (513 binary)

Root relaxation: objective 6.900000e+01, 806 iterations, 0.07 seconds (0.09 work units)

    Nodes    |    Current Node    |     Objective Bounds      |     Work
 Expl Unexpl |  Obj  Depth IntInf | Incumbent    BestBd   Gap | It/Node Time

     0     0   69.00000    0   54   15.00000   69.00000   360%     -    0s
H    0     0                      30.0000000   69.00000   130%     -    0s
H    0     0                      33.0000000   69.00000   109%     -    0s
H    0     0                      36.0000000   69.00000  91.7%     -    0s
     0     0   69.00000    0   52   36.00000   69.00000  91.7%     -    0s
     0     0   69.00000    0   51   36.00000   69.00000  91.7%     -    0s
     0     0   69.00000    0   38   36.00000   69.00000  91.7%     -    0s
H    0     0                      39.0000000   69.00000  76.9%     -    0s
     0     0   66.00000    0   49   39.00000   66.00000  69.2%     -    0s
     0     0   66.00000    0   38   39.00000   66.00000  69.2%     -    0s
     0     0   66.00000    0   40   39.00000   66.00000  69.2%     -    0s
     0     0   66.00000    0   38   39.00000   66.00000  69.2%     -    0s
     0     0   66.00000    0   40   39.00000   66.00000  69.2%     -    0s
     0     0   66.00000    0   31   39.00000   66.00000  69.2%     -    0s
     0     0   66.00000    0   32   39.00000   66.00000  69.2%     -    0s
     0     0   66.00000    0   32   39.00000   66.00000  69.2%     -    0s
     0     0   66.00000    0   42   39.00000   66.00000  69.2%     -    0s
     0     0   66.00000    0   37   39.00000   66.00000  69.2%     -    1s
H    0     0                      42.0000000   66.00000  57.1%     -    1s
     0     0   66.00000    0   39   42.00000   66.00000  57.1%     -    1s
     0     0   66.00000    0   38   42.00000   66.00000  57.1%     -    1s
     0     0   66.00000    0   38   42.00000   66.00000  57.1%     -    1s
     0     0   66.00000    0   38   42.00000   66.00000  57.1%     -    1s
     0     0   66.00000    0   38   42.00000   66.00000  57.1%     -    1s
     0     2   66.00000    0   37   42.00000   66.00000  57.1%     -    1s
  1102   417 infeasible   16        42.00000   65.70000  56.4%   195    5s
  3215   805   56.43333   12  110   42.00000   58.16316  38.5%   231   10s
  6182   895 infeasible   17        42.00000   53.80000  28.1%   246   15s
  8583   653     cutoff   16        42.00000   51.00000  21.4%   254   20s

Cutting planes:
  Cover: 73
  MIR: 2
  StrongCG: 1
  Inf proof: 89

Explored 10716 nodes (2852526 simplex iterations) in 24.09 seconds (46.41 work units)
Thread count was 16 (of 16 available processors)

Solution count 6: 42 39 36 ... 15

Optimal solution found (tolerance 1.00e-04)
Best objective 4.200000000000e+01, best bound 4.200000000000e+01, gap 0.0000%

Wrote result file '/root/bgw/data/results/2026_03_24_15_13_19_set_vm-3-t1_vm-3-t1_s022_g001_max.sol'

