[2026-03-23T14:01:15.705Z] Pipeline "set_exp_2_exp_2_n035_c005_g003" → 2026_03_23_14_01_15_set_exp_2_exp_2_n035_c005_g003_max.sol
Set parameter WLSAccessID
Set parameter WLSSecret
Set parameter LicenseID to value 2792458
Set parameter LogFile to value "gurobi.log"
Using license file /root/gurobi.lic
Academic license 2792458 - for non-commercial use only - registered to an___@studenti.unipg.it

Gurobi Optimizer version 13.0.1 build v13.0.1rc0 (linux64 - "Ubuntu 24.04.4 LTS")
Copyright (c) 2026, Gurobi Optimization, LLC

Warning: Duplicate section found (read 'binary') - Is a variable name equal to an LP file format keyword?
Warning: Duplicate section found (read 'binary') - Is a variable name equal to an LP file format keyword?
Warning: Duplicate section found (read 'binary') - Is a variable name equal to an LP file format keyword?
Warning: Duplicate section found (read 'binary') - Is a variable name equal to an LP file format keyword?
Warning: Duplicate section found (read 'binary') - Is a variable name equal to an LP file format keyword?
Warning: Duplicate section found (read 'binary') - Is a variable name equal to an LP file format keyword?
Warning: Duplicate section found (read 'binary') - Is a variable name equal to an LP file format keyword?
Warning: Duplicate section found (read 'binary') - Is a variable name equal to an LP file format keyword?
Warning: Duplicate section found (read 'binary') - Is a variable name equal to an LP file format keyword?
Warning: Duplicate section found (read 'binary') - Is a variable name equal to an LP file format keyword?
Warning: Further warnings of this type will be omitted.
Read LP format model from file /root/bgw/data/uploads/2026_03_23_14_01_15_set_exp_2_exp_2_n035_c005_g003_max.lp
Reading time = 0.01 seconds
: 14378 rows, 890 columns, 43011 nonzeros

Using Gurobi shared library /opt/gurobi1301/linux64/lib/libgurobi.so.13.0.1

CPU model: AMD EPYC-Genoa Processor, instruction set [SSE2|AVX|AVX2|AVX512]
Thread count: 16 physical cores, 16 logical processors, using up to 16 threads

Academic license 2792458 - for non-commercial use only - registered to an___@studenti.unipg.it
Optimize a model with 14378 rows, 890 columns and 43011 nonzeros (Max)
Model fingerprint: 0x09d74a08
Model has 5 linear objective coefficients
Variable types: 40 continuous, 850 integer (850 binary)
Coefficient statistics:
  Matrix range     [1e+00, 4e+01]
  Objective range  [1e+00, 1e+00]
  Bounds range     [1e+00, 1e+00]
  RHS range        [1e+00, 4e+01]

Found heuristic solution: objective 5.0000000
Presolve removed 1243 rows and 265 columns
Presolve time: 0.04s
Presolved: 13135 rows, 625 columns, 39885 nonzeros
Variable types: 0 continuous, 625 integer (610 binary)
Found heuristic solution: objective 6.0000000

Root relaxation: objective 2.000000e+01, 621 iterations, 0.05 seconds (0.06 work units)

    Nodes    |    Current Node    |     Objective Bounds      |     Work
 Expl Unexpl |  Obj  Depth IntInf | Incumbent    BestBd   Gap | It/Node Time

     0     0   20.00000    0   27    6.00000   20.00000   233%     -    0s
H    0     0                      15.0000000   20.00000  33.3%     -    0s
     0     0   20.00000    0   28   15.00000   20.00000  33.3%     -    0s
     0     0   20.00000    0   34   15.00000   20.00000  33.3%     -    0s
     0     0   20.00000    0   27   15.00000   20.00000  33.3%     -    0s
     0     0   20.00000    0   29   15.00000   20.00000  33.3%     -    0s
     0     0   20.00000    0   27   15.00000   20.00000  33.3%     -    0s
     0     0   20.00000    0   28   15.00000   20.00000  33.3%     -    0s
     0     0   20.00000    0   26   15.00000   20.00000  33.3%     -    0s
     0     0   20.00000    0   24   15.00000   20.00000  33.3%     -    0s
     0     0   20.00000    0   26   15.00000   20.00000  33.3%     -    0s
     0     0   20.00000    0   24   15.00000   20.00000  33.3%     -    0s
     0     0   20.00000    0   24   15.00000   20.00000  33.3%     -    0s
     0     0   20.00000    0   24   15.00000   20.00000  33.3%     -    0s
     0     0   20.00000    0   34   15.00000   20.00000  33.3%     -    0s
     0     0   20.00000    0   29   15.00000   20.00000  33.3%     -    0s
     0     0   20.00000    0   29   15.00000   20.00000  33.3%     -    0s
     0     0   20.00000    0   26   15.00000   20.00000  33.3%     -    0s
     0     0   20.00000    0   26   15.00000   20.00000  33.3%     -    0s
     0     0   20.00000    0   26   15.00000   20.00000  33.3%     -    0s
     0     0   20.00000    0   26   15.00000   20.00000  33.3%     -    0s
     0     2   20.00000    0   26   15.00000   20.00000  33.3%     -    0s

Cutting planes:
  Gomory: 3
  Cover: 15
  MIR: 19
  Inf proof: 34
  Zero half: 10

Explored 3149 nodes (331688 simplex iterations) in 4.62 seconds (9.42 work units)
Thread count was 16 (of 16 available processors)

Solution count 3: 15 6 5 

Optimal solution found (tolerance 1.00e-04)
Best objective 1.500000000000e+01, best bound 1.500000000000e+01, gap 0.0000%

Wrote result file '/root/bgw/data/results/2026_03_23_14_01_15_set_exp_2_exp_2_n035_c005_g003_max.sol'

