[2026-03-24T14:37:03.416Z] Pipeline "set_big_5-7_big_5-7_s011_g003" → 2026_03_24_14_37_03_set_big_5-7_big_5-7_s011_g003_max.sol
Set parameter WLSAccessID
Set parameter WLSSecret
Set parameter LicenseID to value 2792458
Set parameter LogFile to value "gurobi.log"
Using license file /root/gurobi.lic
Academic license 2792458 - for non-commercial use only - registered to an___@studenti.unipg.it

Gurobi Optimizer version 13.0.1 build v13.0.1rc0 (linux64 - "Ubuntu 24.04.4 LTS")
Copyright (c) 2026, Gurobi Optimization, LLC

Warning: Duplicate section found (read 'binary') - Is a variable name equal to an LP file format keyword?
Warning: Duplicate section found (read 'binary') - Is a variable name equal to an LP file format keyword?
Warning: Duplicate section found (read 'binary') - Is a variable name equal to an LP file format keyword?
Warning: Duplicate section found (read 'binary') - Is a variable name equal to an LP file format keyword?
Warning: Duplicate section found (read 'binary') - Is a variable name equal to an LP file format keyword?
Warning: Duplicate section found (read 'binary') - Is a variable name equal to an LP file format keyword?
Warning: Duplicate section found (read 'binary') - Is a variable name equal to an LP file format keyword?
Warning: Duplicate section found (read 'binary') - Is a variable name equal to an LP file format keyword?
Warning: Duplicate section found (read 'binary') - Is a variable name equal to an LP file format keyword?
Warning: Duplicate section found (read 'binary') - Is a variable name equal to an LP file format keyword?
Warning: Further warnings of this type will be omitted.
Read LP format model from file /root/bgw/data/uploads/2026_03_24_14_37_03_set_big_5-7_big_5-7_s011_g003_max.lp
Reading time = 0.00 seconds
: 3320 rows, 381 columns, 10251 nonzeros

Using Gurobi shared library /opt/gurobi1301/linux64/lib/libgurobi.so.13.0.1

CPU model: AMD EPYC-Genoa Processor, instruction set [SSE2|AVX|AVX2|AVX512]
Thread count: 16 physical cores, 16 logical processors, using up to 16 threads

Academic license 2792458 - for non-commercial use only - registered to an___@studenti.unipg.it
Optimize a model with 3320 rows, 381 columns and 10251 nonzeros (Max)
Model fingerprint: 0xf346d733
Model has 99 linear objective coefficients
Variable types: 120 continuous, 261 integer (261 binary)
Coefficient statistics:
  Matrix range     [1e+00, 2e+01]
  Objective range  [1e+00, 1e+00]
  Bounds range     [1e+00, 1e+00]
  RHS range        [1e+00, 2e+01]

Found heuristic solution: objective 99.0000000
Presolve removed 611 rows and 143 columns
Presolve time: 0.01s
Presolved: 2709 rows, 238 columns, 8253 nonzeros
Variable types: 0 continuous, 238 integer (231 binary)
Found heuristic solution: objective 130.0000000

Root relaxation: objective 7.500000e+02, 176 iterations, 0.01 seconds (0.01 work units)

    Nodes    |    Current Node    |     Objective Bounds      |     Work
 Expl Unexpl |  Obj  Depth IntInf | Incumbent    BestBd   Gap | It/Node Time

     0     0  750.00000    0   32  130.00000  750.00000   477%     -    0s
H    0     0                     223.0000000  750.00000   236%     -    0s
H    0     0                     285.0000000  750.00000   163%     -    0s
     0     0  750.00000    0   28  285.00000  750.00000   163%     -    0s
     0     0  750.00000    0   28  285.00000  750.00000   163%     -    0s
     0     0  750.00000    0   28  285.00000  750.00000   163%     -    0s
     0     0  719.00000    0   28  285.00000  719.00000   152%     -    0s
     0     0  719.00000    0   27  285.00000  719.00000   152%     -    0s
     0     0  719.00000    0   26  285.00000  719.00000   152%     -    0s
     0     0  719.00000    0   26  285.00000  719.00000   152%     -    0s
     0     0  719.00000    0   26  285.00000  719.00000   152%     -    0s
     0     0  719.00000    0   26  285.00000  719.00000   152%     -    0s
     0     0  719.00000    0   26  285.00000  719.00000   152%     -    0s
     0     0  719.00000    0   27  285.00000  719.00000   152%     -    0s
     0     0  719.00000    0   28  285.00000  719.00000   152%     -    0s
     0     0  719.00000    0   27  285.00000  719.00000   152%     -    0s
     0     0  715.73684    0   27  285.00000  715.73684   151%     -    0s
     0     0  715.73684    0   27  285.00000  715.73684   151%     -    0s
     0     2  715.73684    0   27  285.00000  715.73684   151%     -    0s
 26018  2210  316.00000   34    7  285.00000  433.47368  52.1%  42.6    5s

Cutting planes:
  Inf proof: 9

Explored 38552 nodes (1694276 simplex iterations) in 6.42 seconds (14.09 work units)
Thread count was 16 (of 16 available processors)

Solution count 7: 285 285 285 ... 99

Optimal solution found (tolerance 1.00e-04)
Best objective 2.850000000000e+02, best bound 2.850000000000e+02, gap 0.0000%

Wrote result file '/root/bgw/data/results/2026_03_24_14_37_03_set_big_5-7_big_5-7_s011_g003_max.sol'

