[2026-03-23T13:39:31.277Z] Pipeline "set_exp_2_exp_2_n026_c007_g003" → 2026_03_23_13_39_31_set_exp_2_exp_2_n026_c007_g003_max.sol
Set parameter WLSAccessID
Set parameter WLSSecret
Set parameter LicenseID to value 2792458
Set parameter LogFile to value "gurobi.log"
Using license file /root/gurobi.lic
Academic license 2792458 - for non-commercial use only - registered to an___@studenti.unipg.it

Gurobi Optimizer version 13.0.1 build v13.0.1rc0 (linux64 - "Ubuntu 24.04.4 LTS")
Copyright (c) 2026, Gurobi Optimization, LLC

Warning: Duplicate section found (read 'binary') - Is a variable name equal to an LP file format keyword?
Warning: Duplicate section found (read 'binary') - Is a variable name equal to an LP file format keyword?
Warning: Duplicate section found (read 'binary') - Is a variable name equal to an LP file format keyword?
Warning: Duplicate section found (read 'binary') - Is a variable name equal to an LP file format keyword?
Warning: Duplicate section found (read 'binary') - Is a variable name equal to an LP file format keyword?
Warning: Duplicate section found (read 'binary') - Is a variable name equal to an LP file format keyword?
Warning: Duplicate section found (read 'binary') - Is a variable name equal to an LP file format keyword?
Warning: Duplicate section found (read 'binary') - Is a variable name equal to an LP file format keyword?
Warning: Duplicate section found (read 'binary') - Is a variable name equal to an LP file format keyword?
Warning: Duplicate section found (read 'binary') - Is a variable name equal to an LP file format keyword?
Warning: Further warnings of this type will be omitted.
Read LP format model from file /root/bgw/data/uploads/2026_03_23_13_39_31_set_exp_2_exp_2_n026_c007_g003_max.lp
Reading time = 0.01 seconds
: 5929 rows, 513 columns, 17696 nonzeros

Using Gurobi shared library /opt/gurobi1301/linux64/lib/libgurobi.so.13.0.1

CPU model: AMD EPYC-Genoa Processor, instruction set [SSE2|AVX|AVX2|AVX512]
Thread count: 16 physical cores, 16 logical processors, using up to 16 threads

Academic license 2792458 - for non-commercial use only - registered to an___@studenti.unipg.it
Optimize a model with 5929 rows, 513 columns and 17696 nonzeros (Max)
Model fingerprint: 0x9122f2a4
Model has 7 linear objective coefficients
Variable types: 33 continuous, 480 integer (480 binary)
Coefficient statistics:
  Matrix range     [1e+00, 3e+01]
  Objective range  [1e+00, 1e+00]
  Bounds range     [1e+00, 1e+00]
  RHS range        [1e+00, 3e+01]

Found heuristic solution: objective 7.0000000
Presolve removed 676 rows and 154 columns
Presolve time: 0.02s
Presolved: 5253 rows, 359 columns, 16104 nonzeros
Variable types: 0 continuous, 359 integer (344 binary)
Found heuristic solution: objective 10.0000000

Root relaxation: objective 2.800000e+01, 426 iterations, 0.03 seconds (0.04 work units)

    Nodes    |    Current Node    |     Objective Bounds      |     Work
 Expl Unexpl |  Obj  Depth IntInf | Incumbent    BestBd   Gap | It/Node Time

     0     0   28.00000    0   45   10.00000   28.00000   180%     -    0s
H    0     0                      17.0000000   28.00000  64.7%     -    0s
H    0     0                      19.0000000   28.00000  47.4%     -    0s
     0     0   28.00000    0   52   19.00000   28.00000  47.4%     -    0s
     0     0   28.00000    0   45   19.00000   28.00000  47.4%     -    0s
     0     0   28.00000    0   31   19.00000   28.00000  47.4%     -    0s
     0     0   28.00000    0   45   19.00000   28.00000  47.4%     -    0s
     0     0   28.00000    0   32   19.00000   28.00000  47.4%     -    0s
     0     0   28.00000    0   43   19.00000   28.00000  47.4%     -    0s
     0     0   28.00000    0   45   19.00000   28.00000  47.4%     -    0s
     0     0   28.00000    0   42   19.00000   28.00000  47.4%     -    0s
     0     0   28.00000    0   46   19.00000   28.00000  47.4%     -    0s
     0     0   28.00000    0   41   19.00000   28.00000  47.4%     -    0s
     0     0   28.00000    0   41   19.00000   28.00000  47.4%     -    0s
     0     0   28.00000    0   43   19.00000   28.00000  47.4%     -    0s
     0     0   28.00000    0   33   19.00000   28.00000  47.4%     -    0s
     0     0   28.00000    0   41   19.00000   28.00000  47.4%     -    0s
     0     0   28.00000    0   44   19.00000   28.00000  47.4%     -    0s
     0     0   28.00000    0   39   19.00000   28.00000  47.4%     -    0s
     0     0   28.00000    0   39   19.00000   28.00000  47.4%     -    0s
     0     0   28.00000    0   32   19.00000   28.00000  47.4%     -    0s
     0     2   28.00000    0   32   19.00000   28.00000  47.4%     -    0s
  5006  1145   21.69767   15  132   19.00000   23.77475  25.1%   147    5s

Cutting planes:
  Cover: 66
  Inf proof: 100
  Zero half: 2

Explored 9756 nodes (1388189 simplex iterations) in 7.54 seconds (15.65 work units)
Thread count was 16 (of 16 available processors)

Solution count 4: 19 17 10 7 

Optimal solution found (tolerance 1.00e-04)
Best objective 1.900000000000e+01, best bound 1.900000000000e+01, gap 0.0000%

Wrote result file '/root/bgw/data/results/2026_03_23_13_39_31_set_exp_2_exp_2_n026_c007_g003_max.sol'

