[2026-03-24T21:50:11.435Z] Pipeline "set_vm-3-t3_vm-3-t3_s017_g002" → 2026_03_24_21_50_11_set_vm-3-t3_vm-3-t3_s017_g002_max.sol
Set parameter Username
Set parameter LicenseID to value 2796068
Set parameter LogFile to value "gurobi.log"
Using license file /opt/gurobi/gurobi.lic
Academic license - for non-commercial use only - expires 2027-03-23

Gurobi Optimizer version 13.0.1 build v13.0.1rc0 (linux64 - "Ubuntu 24.04.4 LTS")
Copyright (c) 2026, Gurobi Optimization, LLC

Warning: Duplicate section found (read 'binary') - Is a variable name equal to an LP file format keyword?
Warning: Duplicate section found (read 'binary') - Is a variable name equal to an LP file format keyword?
Warning: Duplicate section found (read 'binary') - Is a variable name equal to an LP file format keyword?
Warning: Duplicate section found (read 'binary') - Is a variable name equal to an LP file format keyword?
Warning: Duplicate section found (read 'binary') - Is a variable name equal to an LP file format keyword?
Warning: Duplicate section found (read 'binary') - Is a variable name equal to an LP file format keyword?
Warning: Duplicate section found (read 'binary') - Is a variable name equal to an LP file format keyword?
Warning: Duplicate section found (read 'binary') - Is a variable name equal to an LP file format keyword?
Warning: Duplicate section found (read 'binary') - Is a variable name equal to an LP file format keyword?
Warning: Duplicate section found (read 'binary') - Is a variable name equal to an LP file format keyword?
Warning: Further warnings of this type will be omitted.
Read LP format model from file /root/bgw/data/uploads/2026_03_24_21_50_11_set_vm-3-t3_vm-3-t3_s017_g002_max.lp
Reading time = 0.01 seconds
: 6977 rows, 605 columns, 21212 nonzeros

Using Gurobi shared library /opt/gurobi1301/linux64/lib/libgurobi.so.13.0.1

CPU model: AMD EPYC-Genoa Processor, instruction set [SSE2|AVX|AVX2|AVX512]
Thread count: 16 physical cores, 16 logical processors, using up to 16 threads

Optimize a model with 6977 rows, 605 columns and 21212 nonzeros (Max)
Model fingerprint: 0xf620e363
Model has 140 linear objective coefficients
Variable types: 167 continuous, 438 integer (438 binary)
Coefficient statistics:
  Matrix range     [1e+00, 3e+01]
  Objective range  [1e+00, 1e+00]
  Bounds range     [1e+00, 1e+00]
  RHS range        [1e+00, 3e+01]

Found heuristic solution: objective 140.0000000
Presolve removed 1051 rows and 211 columns
Presolve time: 0.03s
Presolved: 5926 rows, 394 columns, 18018 nonzeros
Variable types: 0 continuous, 394 integer (384 binary)
Found heuristic solution: objective 217.0000000

Root relaxation: objective 1.013000e+03, 656 iterations, 0.05 seconds (0.06 work units)

    Nodes    |    Current Node    |     Objective Bounds      |     Work
 Expl Unexpl |  Obj  Depth IntInf | Incumbent    BestBd   Gap | It/Node Time

     0     0 1013.00000    0   76  217.00000 1013.00000   367%     -    0s
H    0     0                     233.0000000 1013.00000   335%     -    0s
H    0     0                     339.0000000 1013.00000   199%     -    0s
H    0     0                     354.0000000 1013.00000   186%     -    0s
     0     0  982.00000    0   77  354.00000  982.00000   177%     -    0s
     0     0  982.00000    0   77  354.00000  982.00000   177%     -    0s
     0     0  982.00000    0   70  354.00000  982.00000   177%     -    0s
     0     0  982.00000    0   50  354.00000  982.00000   177%     -    0s
H    0     0                     370.0000000  982.00000   165%     -    0s
     0     0  982.00000    0   52  370.00000  982.00000   165%     -    0s
     0     0  982.00000    0   48  370.00000  982.00000   165%     -    0s
     0     0  982.00000    0   48  370.00000  982.00000   165%     -    0s
     0     0  982.00000    0   48  370.00000  982.00000   165%     -    0s
     0     0  982.00000    0   48  370.00000  982.00000   165%     -    0s
     0     0  982.00000    0   48  370.00000  982.00000   165%     -    0s
     0     0  982.00000    0   48  370.00000  982.00000   165%     -    0s
     0     0  982.00000    0   48  370.00000  982.00000   165%     -    0s
     0     0  982.00000    0   48  370.00000  982.00000   165%     -    0s
     0     0  982.00000    0   48  370.00000  982.00000   165%     -    0s
     0     0  982.00000    0   48  370.00000  982.00000   165%     -    0s
     0     0  982.00000    0   48  370.00000  982.00000   165%     -    0s
     0     0  982.00000    0   48  370.00000  982.00000   165%     -    0s
     0     2  982.00000    0   48  370.00000  982.00000   165%     -    0s
H   28    39                     384.0000000  982.00000   156%   171    0s
H   32    39                     385.0000000  982.00000   155%   161    0s
  2916  1769  594.52000   24   58  385.00000  982.00000   155%   105    5s
  7170  2387  585.71111   33   55  385.00000  854.76500   122%   102   10s
H 8974  2892                     399.0000000  822.14000   106%   101   12s
 14302  5188  412.80000   43   42  399.00000  775.00912  94.2%  95.3   15s
 21098  7480  612.97333   52   44  399.00000  741.26000  85.8%  93.1   20s
 27504  8350  741.26000   42   56  399.00000  741.26000  85.8%  96.7   25s
 38012  9007  410.31667   56   37  399.00000  741.26000  85.8%  97.1   30s
 50438 12332 infeasible   45       399.00000  730.96000  83.2%  97.3   35s
 61737 16364  410.28750   64   63  399.00000  700.27000  75.5%  96.8   40s
 74603 20188  561.86833   50   62  399.00000  671.96000  68.4%  96.3   45s
 89200 24585  574.08500   52   59  399.00000  653.25667  63.7%  95.4   50s
 101834 28120  482.63750   52   41  399.00000  637.63833  59.8%  95.0   55s
 114477 31094  455.72500   59   24  399.00000  622.90167  56.1%  94.4   60s
 128911 34900  443.99167   58   49  399.00000  608.80000  52.6%  94.1   65s
 137547 36893  414.40000   60   34  399.00000  606.55556  52.0%  93.4   70s
 151855 40082  513.31000   54  116  399.00000  593.60000  48.8%  92.8   75s
 164185 42386  412.17500   59   24  399.00000  584.86500  46.6%  92.6   80s
 180239 46524  458.14400   60   39  399.00000  577.78333  44.8%  92.7   85s
 196437 49548  459.10833   58   74  399.00000  573.46833  43.7%  91.6   90s
 212249 52537  456.96250   57   67  399.00000  563.18750  41.1%  91.3   95s
 230923 55253  491.15737   52   34  399.00000  553.80000  38.8%  90.1  100s
 243805 58170 infeasible   55       399.00000  548.13000  37.4%  90.5  105s
 255616 60379  406.60000   66   47  399.00000  546.80000  37.0%  90.4  110s
 271337 62781  454.51111   55   59  399.00000  544.09000  36.4%  89.7  115s
 286450 64343  436.70000   61   21  399.00000  534.80000  34.0%  89.3  120s
 297976 66377  498.09444   58   72  399.00000  533.00000  33.6%  89.5  125s
 313805 68834  467.66000   58   83  399.00000  530.79583  33.0%  88.8  130s
 332131 69624  434.17500   56    4  399.00000  523.80000  31.3%  87.8  135s
 346131 71826  514.27786   58   53  399.00000  518.80000  30.0%  88.2  140s
 356650 73440  468.97143   58   27  399.00000  517.99722  29.8%  88.5  145s
 373675 75844  423.40000   58   22  399.00000  516.52000  29.5%  88.1  150s
 388765 77539     cutoff   59       399.00000  515.17500  29.1%  87.8  155s
 404288 78540  410.60000   63    3  399.00000  513.15833  28.6%  87.4  160s
 417295 78767  426.80000   60   19  399.00000  509.67500  27.7%  87.0  165s
 430699 79971  400.00000   66   23  399.00000  504.40000  26.4%  87.0  170s
 442261 81253 infeasible   61       399.00000  503.11000  26.1%  87.4  175s
 454472 82526 infeasible   60       399.00000  502.40000  25.9%  87.4  180s
 467614 83621  475.00000   56   42  399.00000  501.32500  25.6%  87.4  185s
 484307 84668 infeasible   58       399.00000  499.92500  25.3%  87.2  190s
 498776 84984 infeasible   60       399.00000  498.25000  24.9%  86.9  195s
 517561 84538  443.52000   62   14  399.00000  492.30000  23.4%  86.3  200s
 529534 85167  441.30132   56   59  399.00000  489.37500  22.7%  86.6  205s
 541765 85951  441.65000   67   14  399.00000  488.20625  22.4%  86.9  210s
 554137 86832 infeasible   61       399.00000  488.00000  22.3%  86.8  215s
 567261 87555  407.90000   60   38  399.00000  487.20000  22.1%  86.9  220s
 579955 88131 infeasible   60       399.00000  486.76000  22.0%  87.0  225s
 592410 88298  423.84000   65   14  399.00000  485.94167  21.8%  86.9  230s
 607221 88346  438.50000   55   56  399.00000  485.00000  21.6%  86.7  235s
 623178 88038  421.50000   63    3  399.00000  483.82500  21.3%  86.4  240s
 641988 86833  407.41458   61   51  399.00000  481.65417  20.7%  85.9  245s
 660264 84877  425.49286   65   68  399.00000  477.00000  19.5%  85.4  250s
 671749 84796     cutoff   65       399.00000  475.00000  19.0%  85.7  255s
 681765 84872  443.88571   63   32  399.00000  474.42500  18.9%  86.1  260s
 692476 84962  467.51000   57   91  399.00000  473.64393  18.7%  86.4  265s
 705126 85061 infeasible   65       399.00000  472.90833  18.5%  86.5  270s
 719139 85133  412.83571   68   38  399.00000  472.28750  18.4%  86.5  275s
 731576 84930  470.20000   61   30  399.00000  471.57500  18.2%  86.5  280s
 744549 84348  412.20000   63   25  399.00000  471.14286  18.1%  86.5  285s
 759816 83703  406.80000   65   59  399.00000  470.35000  17.9%  86.3  290s
 772297 82538 infeasible   57       399.00000  469.55000  17.7%  86.3  295s
 786979 80894  433.31354   57   28  399.00000  468.45000  17.4%  86.1  300s
 804326 77819 infeasible   56       399.00000  466.45000  16.9%  85.8  305s
 824775 73532 infeasible   61       399.00000  461.07500  15.6%  85.4  310s
 835051 72473     cutoff   63       399.00000  459.75714  15.2%  85.6  315s
 844682 71646 infeasible   59       399.00000  458.68400  15.0%  85.7  320s
 856321 71252 infeasible   62       399.00000  458.19167  14.8%  85.8  325s
 869050 70279  443.37500   58   48  399.00000  457.50000  14.7%  86.0  330s
 881348 69371 infeasible   61       399.00000  457.00000  14.5%  86.0  335s
 891948 68433  411.84000   63   24  399.00000  456.56364  14.4%  86.0  340s
 905020 66958  410.35000   61   32  399.00000  456.00000  14.3%  86.0  345s
 920929 64269  408.29500   60    5  399.00000  455.11000  14.1%  86.0  350s
 938493 60679     cutoff   65       399.00000  453.80278  13.7%  85.8  355s
 955906 55649     cutoff   60       399.00000  451.72889  13.2%  85.5  360s
 973216 49658     cutoff   65       399.00000  447.36389  12.1%  85.2  365s
 984227 47723  443.77000   64   17  399.00000  445.07500  11.5%  85.4  370s
 993354 46175 infeasible   65       399.00000  444.00000  11.3%  85.6  375s
 1004077 44162 infeasible   60       399.00000  443.95000  11.3%  85.9  380s
 1013974 42281  424.15000   65    5  399.00000  443.15000  11.1%  86.1  385s
 1023129 40296     cutoff   64       399.00000  442.50000  10.9%  86.2  390s
 1036378 37415 infeasible   57       399.00000  441.64000  10.7%  86.3  395s
 1051201 33422 infeasible   61       399.00000  440.40000  10.4%  86.2  400s
 1065811 28495  435.00357   62   81  399.00000  438.72600  10.0%  86.0  405s
 1081577 21788  408.77500   57   22  399.00000  434.57500  8.92%  85.8  410s
 1092897 18148     cutoff   63       399.00000  429.49500  7.64%  85.9  415s
 1104267 14088     cutoff   59       399.00000  427.40870  7.12%  86.1  420s
 1120752  6273 infeasible   63       399.00000  417.25217  4.57%  85.8  425s

Explored 1131013 nodes (97024930 simplex iterations) in 429.06 seconds (906.03 work units)
Thread count was 16 (of 16 available processors)

Solution count 10: 399 385 385 ... 233

Optimal solution found (tolerance 1.00e-04)
Best objective 3.990000000000e+02, best bound 3.990000000000e+02, gap 0.0000%

Wrote result file '/root/bgw/data/results/2026_03_24_21_50_11_set_vm-3-t3_vm-3-t3_s017_g002_max.sol'

