[2026-03-24T13:36:37.733Z] Pipeline "set_vm-3-t1_vm-3-t1_s000_g001" → 2026_03_24_13_36_37_set_vm-3-t1_vm-3-t1_s000_g001_max.sol
Set parameter Username
Set parameter LicenseID to value 2796068
Set parameter LogFile to value "gurobi.log"
Using license file /opt/gurobi/gurobi.lic
Academic license - for non-commercial use only - expires 2027-03-23

Gurobi Optimizer version 13.0.1 build v13.0.1rc0 (linux64 - "Ubuntu 24.04.4 LTS")
Copyright (c) 2026, Gurobi Optimization, LLC

Warning: Duplicate section found (read 'binary') - Is a variable name equal to an LP file format keyword?
Warning: Duplicate section found (read 'binary') - Is a variable name equal to an LP file format keyword?
Warning: Duplicate section found (read 'binary') - Is a variable name equal to an LP file format keyword?
Warning: Duplicate section found (read 'binary') - Is a variable name equal to an LP file format keyword?
Warning: Duplicate section found (read 'binary') - Is a variable name equal to an LP file format keyword?
Warning: Duplicate section found (read 'binary') - Is a variable name equal to an LP file format keyword?
Warning: Duplicate section found (read 'binary') - Is a variable name equal to an LP file format keyword?
Warning: Duplicate section found (read 'binary') - Is a variable name equal to an LP file format keyword?
Warning: Duplicate section found (read 'binary') - Is a variable name equal to an LP file format keyword?
Warning: Duplicate section found (read 'binary') - Is a variable name equal to an LP file format keyword?
Warning: Further warnings of this type will be omitted.
Read LP format model from file /root/bgw/data/uploads/2026_03_24_13_36_37_set_vm-3-t1_vm-3-t1_s000_g001_max.lp
Reading time = 0.00 seconds
: 434 rows, 93 columns, 1242 nonzeros

Using Gurobi shared library /opt/gurobi1301/linux64/lib/libgurobi.so.13.0.1

CPU model: AMD EPYC-Genoa Processor, instruction set [SSE2|AVX|AVX2|AVX512]
Thread count: 16 physical cores, 16 logical processors, using up to 16 threads

Optimize a model with 434 rows, 93 columns and 1242 nonzeros (Max)
Model fingerprint: 0xb90f0e78
Model has 16 linear objective coefficients
Variable types: 26 continuous, 67 integer (67 binary)
Coefficient statistics:
  Matrix range     [1e+00, 1e+01]
  Objective range  [1e+00, 1e+00]
  Bounds range     [1e+00, 1e+00]
  RHS range        [1e+00, 1e+01]

Found heuristic solution: objective 16.0000000
Presolve removed 169 rows and 33 columns
Presolve time: 0.00s
Presolved: 265 rows, 60 columns, 830 nonzeros
Variable types: 0 continuous, 60 integer (55 binary)
Found heuristic solution: objective 30.0000000

Root relaxation: objective 8.600000e+01, 32 iterations, 0.00 seconds (0.00 work units)

    Nodes    |    Current Node    |     Objective Bounds      |     Work
 Expl Unexpl |  Obj  Depth IntInf | Incumbent    BestBd   Gap | It/Node Time

     0     0   86.00000    0   14   30.00000   86.00000   187%     -    0s
H    0     0                      37.0000000   86.00000   132%     -    0s
H    0     0                      44.0000000   86.00000  95.5%     -    0s
     0     0   86.00000    0   15   44.00000   86.00000  95.5%     -    0s
     0     0   79.00000    0   14   44.00000   79.00000  79.5%     -    0s
     0     0   79.00000    0   14   44.00000   79.00000  79.5%     -    0s
     0     0   79.00000    0   14   44.00000   79.00000  79.5%     -    0s
     0     0   79.00000    0   14   44.00000   79.00000  79.5%     -    0s
     0     0   79.00000    0   14   44.00000   79.00000  79.5%     -    0s
     0     0   77.25000    0   14   44.00000   77.25000  75.6%     -    0s
     0     0   77.25000    0   14   44.00000   77.25000  75.6%     -    0s
     0     0   77.25000    0   14   44.00000   77.25000  75.6%     -    0s
     0     0   74.62500    0   14   44.00000   74.62500  69.6%     -    0s
     0     0   74.62500    0   14   44.00000   74.62500  69.6%     -    0s
     0     0   71.56250    0   14   44.00000   71.56250  62.6%     -    0s
     0     0   71.56250    0   13   44.00000   71.56250  62.6%     -    0s
     0     2   71.56250    0   13   44.00000   71.56250  62.6%     -    0s

Cutting planes:
  Gomory: 5
  Cover: 2
  MIR: 3
  StrongCG: 1
  Inf proof: 2
  Mod-K: 4

Explored 583 nodes (5490 simplex iterations) in 0.14 seconds (0.05 work units)
Thread count was 16 (of 16 available processors)

Solution count 4: 44 37 30 16 

Optimal solution found (tolerance 1.00e-04)
Best objective 4.400000000000e+01, best bound 4.400000000000e+01, gap 0.0000%

Wrote result file '/root/bgw/data/results/2026_03_24_13_36_37_set_vm-3-t1_vm-3-t1_s000_g001_max.sol'

