[2026-03-23T13:41:58.209Z] Pipeline "set_exp_2_exp_2_n029_c004_g002" → 2026_03_23_13_41_58_set_exp_2_exp_2_n029_c004_g002_max.sol
Set parameter WLSAccessID
Set parameter WLSSecret
Set parameter LicenseID to value 2792458
Set parameter LogFile to value "gurobi.log"
Using license file /root/gurobi.lic
Academic license 2792458 - for non-commercial use only - registered to an___@studenti.unipg.it

Gurobi Optimizer version 13.0.1 build v13.0.1rc0 (linux64 - "Ubuntu 24.04.4 LTS")
Copyright (c) 2026, Gurobi Optimization, LLC

Warning: Duplicate section found (read 'binary') - Is a variable name equal to an LP file format keyword?
Warning: Duplicate section found (read 'binary') - Is a variable name equal to an LP file format keyword?
Warning: Duplicate section found (read 'binary') - Is a variable name equal to an LP file format keyword?
Warning: Duplicate section found (read 'binary') - Is a variable name equal to an LP file format keyword?
Warning: Duplicate section found (read 'binary') - Is a variable name equal to an LP file format keyword?
Warning: Duplicate section found (read 'binary') - Is a variable name equal to an LP file format keyword?
Warning: Duplicate section found (read 'binary') - Is a variable name equal to an LP file format keyword?
Warning: Duplicate section found (read 'binary') - Is a variable name equal to an LP file format keyword?
Warning: Duplicate section found (read 'binary') - Is a variable name equal to an LP file format keyword?
Warning: Duplicate section found (read 'binary') - Is a variable name equal to an LP file format keyword?
Warning: Further warnings of this type will be omitted.
Read LP format model from file /root/bgw/data/uploads/2026_03_23_13_41_58_set_exp_2_exp_2_n029_c004_g002_max.lp
Reading time = 0.02 seconds
: 8057 rows, 594 columns, 24213 nonzeros

Using Gurobi shared library /opt/gurobi1301/linux64/lib/libgurobi.so.13.0.1

CPU model: AMD EPYC-Genoa Processor, instruction set [SSE2|AVX|AVX2|AVX512]
Thread count: 16 physical cores, 16 logical processors, using up to 16 threads

Academic license 2792458 - for non-commercial use only - registered to an___@studenti.unipg.it
Optimize a model with 8057 rows, 594 columns and 24213 nonzeros (Max)
Model fingerprint: 0x1a184e92
Model has 4 linear objective coefficients
Variable types: 33 continuous, 561 integer (561 binary)
Coefficient statistics:
  Matrix range     [1e+00, 3e+01]
  Objective range  [1e+00, 1e+00]
  Bounds range     [1e+00, 1e+00]
  RHS range        [1e+00, 3e+01]

Found heuristic solution: objective 4.0000000
Presolve removed 713 rows and 164 columns
Presolve time: 0.04s
Presolved: 7344 rows, 430 columns, 22344 nonzeros
Variable types: 0 continuous, 430 integer (418 binary)

Root relaxation: objective 1.600000e+01, 320 iterations, 0.02 seconds (0.03 work units)

    Nodes    |    Current Node    |     Objective Bounds      |     Work
 Expl Unexpl |  Obj  Depth IntInf | Incumbent    BestBd   Gap | It/Node Time

     0     0   16.00000    0   21    4.00000   16.00000   300%     -    0s
H    0     0                      12.0000000   16.00000  33.3%     -    0s
     0     0   16.00000    0   24   12.00000   16.00000  33.3%     -    0s
     0     0   16.00000    0   20   12.00000   16.00000  33.3%     -    0s
     0     0   16.00000    0   20   12.00000   16.00000  33.3%     -    0s
     0     0   16.00000    0   20   12.00000   16.00000  33.3%     -    0s
     0     0   16.00000    0   20   12.00000   16.00000  33.3%     -    0s
     0     0   16.00000    0   19   12.00000   16.00000  33.3%     -    0s
     0     0   16.00000    0   19   12.00000   16.00000  33.3%     -    0s
     0     0   16.00000    0   36   12.00000   16.00000  33.3%     -    0s
     0     0   16.00000    0   33   12.00000   16.00000  33.3%     -    0s
     0     0   16.00000    0   28   12.00000   16.00000  33.3%     -    0s
     0     0   16.00000    0   31   12.00000   16.00000  33.3%     -    0s
     0     0   16.00000    0   22   12.00000   16.00000  33.3%     -    0s
     0     0   16.00000    0   22   12.00000   16.00000  33.3%     -    0s
     0     0   16.00000    0   22   12.00000   16.00000  33.3%     -    0s
     0     2   16.00000    0   22   12.00000   16.00000  33.3%     -    0s

Cutting planes:
  Gomory: 5
  Cover: 22
  MIR: 5
  Inf proof: 42
  Zero half: 6
  Mod-K: 2

Explored 2361 nodes (343717 simplex iterations) in 4.21 seconds (6.15 work units)
Thread count was 16 (of 16 available processors)

Solution count 2: 12 4 

Optimal solution found (tolerance 1.00e-04)
Best objective 1.200000000000e+01, best bound 1.200000000000e+01, gap 0.0000%

Wrote result file '/root/bgw/data/results/2026_03_23_13_41_58_set_exp_2_exp_2_n029_c004_g002_max.sol'

