[2026-03-24T15:44:26.480Z] Pipeline "set_vm-4-t1_vm-4-t1_s019_g003" → 2026_03_24_15_44_26_set_vm-4-t1_vm-4-t1_s019_g003_max.sol
Set parameter Username
Set parameter LicenseID to value 2797659
Set parameter LogFile to value "gurobi.log"
Using license file /opt/gurobi/gurobi.lic
Academic license - for non-commercial use only - expires 2027-03-24

Gurobi Optimizer version 13.0.1 build v13.0.1rc0 (linux64 - "Ubuntu 24.04.4 LTS")
Copyright (c) 2026, Gurobi Optimization, LLC

Warning: Duplicate section found (read 'binary') - Is a variable name equal to an LP file format keyword?
Warning: Duplicate section found (read 'binary') - Is a variable name equal to an LP file format keyword?
Warning: Duplicate section found (read 'binary') - Is a variable name equal to an LP file format keyword?
Warning: Duplicate section found (read 'binary') - Is a variable name equal to an LP file format keyword?
Warning: Duplicate section found (read 'binary') - Is a variable name equal to an LP file format keyword?
Warning: Duplicate section found (read 'binary') - Is a variable name equal to an LP file format keyword?
Warning: Duplicate section found (read 'binary') - Is a variable name equal to an LP file format keyword?
Warning: Duplicate section found (read 'binary') - Is a variable name equal to an LP file format keyword?
Warning: Duplicate section found (read 'binary') - Is a variable name equal to an LP file format keyword?
Warning: Duplicate section found (read 'binary') - Is a variable name equal to an LP file format keyword?
Warning: Further warnings of this type will be omitted.
Read LP format model from file /root/bgw/data/uploads/2026_03_24_15_44_26_set_vm-4-t1_vm-4-t1_s019_g003_max.lp
Reading time = 0.03 seconds
: 37539 rows, 1362 columns, 114309 nonzeros

Using Gurobi shared library /opt/gurobi1301/linux64/lib/libgurobi.so.13.0.1

CPU model: AMD EPYC-Genoa Processor, instruction set [SSE2|AVX|AVX2|AVX512]
Thread count: 16 physical cores, 16 logical processors, using up to 16 threads

Optimize a model with 37539 rows, 1362 columns and 114309 nonzeros (Max)
Model fingerprint: 0xa3cfbe2e
Model has 26 linear objective coefficients
Variable types: 75 continuous, 1287 integer (1287 binary)
Coefficient statistics:
  Matrix range     [1e+00, 5e+01]
  Objective range  [1e+00, 1e+00]
  Bounds range     [1e+00, 1e+00]
  RHS range        [1e+00, 5e+01]

Found heuristic solution: objective 26.0000000
Presolve removed 639 rows and 155 columns
Presolve time: 0.14s
Presolved: 36900 rows, 1207 columns, 111160 nonzeros
Variable types: 0 continuous, 1207 integer (1197 binary)
Found heuristic solution: objective 29.0000000
Root relaxation presolved: 18476 rows, 19631 columns, 74312 nonzeros


Root relaxation: objective 1.320000e+02, 1844 iterations, 0.41 seconds (0.55 work units)

    Nodes    |    Current Node    |     Objective Bounds      |     Work
 Expl Unexpl |  Obj  Depth IntInf | Incumbent    BestBd   Gap | It/Node Time

     0     0  132.00000    0   57   29.00000  132.00000   355%     -    0s
H    0     0                      43.0000000  132.00000   207%     -    0s
H    0     0                      51.0000000  132.00000   159%     -    0s
H    0     0                      56.0000000  132.00000   136%     -    0s
H    0     0                      58.0000000  132.00000   128%     -    0s
H    0     0                      59.0000000  132.00000   124%     -    0s
H    0     0                      60.0000000  132.00000   120%     -    0s
H    0     0                      72.0000000  132.00000  83.3%     -    0s
     0     0  132.00000    0   58   72.00000  132.00000  83.3%     -    1s
     0     0  132.00000    0   58   72.00000  132.00000  83.3%     -    1s
     0     0  132.00000    0   35   72.00000  132.00000  83.3%     -    1s
     0     0  132.00000    0   50   72.00000  132.00000  83.3%     -    1s
     0     0  132.00000    0   39   72.00000  132.00000  83.3%     -    2s
     0     0  132.00000    0   51   72.00000  132.00000  83.3%     -    2s
     0     0  132.00000    0   47   72.00000  132.00000  83.3%     -    2s
     0     0  132.00000    0   45   72.00000  132.00000  83.3%     -    2s
     0     0  132.00000    0   45   72.00000  132.00000  83.3%     -    2s
     0     0  132.00000    0   51   72.00000  132.00000  83.3%     -    2s
     0     0  132.00000    0   57   72.00000  132.00000  83.3%     -    2s
     0     0  132.00000    0   53   72.00000  132.00000  83.3%     -    2s
     0     0  132.00000    0   49   72.00000  132.00000  83.3%     -    2s
     0     0  132.00000    0   49   72.00000  132.00000  83.3%     -    2s
     0     0  132.00000    0   49   72.00000  132.00000  83.3%     -    2s
     0     0  132.00000    0   37   72.00000  132.00000  83.3%     -    3s
     0     2  132.00000    0   37   72.00000  132.00000  83.3%     -    3s
    30    39  130.98936    5   49   72.00000  132.00000  83.3%   508    5s
   108   101  129.76596    8  105   72.00000  132.00000  83.3%   683   13s
   165   152  120.91489   10  102   72.00000  132.00000  83.3%   760   16s
   213   187  117.97872   11  101   72.00000  132.00000  83.3%   777   20s
   297   247  117.65957   15   56   72.00000  132.00000  83.3%   770   25s
   580   396  123.95745   11  119   72.00000  131.98936  83.3%   605   30s
   830   515  116.87234   11  161   72.00000  131.90426  83.2%   591   35s
  1074   628   88.15888   19  247   72.00000  131.87234  83.2%   594   41s
  1210   668  110.76798   14  126   72.00000  131.49718  82.6%   601   45s
  1443   774  120.57707   12  216   72.00000  130.98298  81.9%   645   51s
  1589   847  121.29601   10  288   72.00000  130.92624  81.8%   679   57s
  1760   914 infeasible   21        72.00000  130.74468  81.6%   699   64s
  1828   949  122.71840   12   82   72.00000  130.64887  81.5%   725   66s
  1941   979  126.57846    7  260   72.00000  130.64887  81.5%   727   70s
  2129  1060   96.57580   17  233   72.00000  130.00000  80.6%   747   76s
  2375  1129     cutoff   21        72.00000  129.69637  80.1%   753   82s
  2579  1203  109.23138   10  390   72.00000  129.57447  80.0%   766   86s
  2691  1264   98.77872   13   79   72.00000  128.97872  79.1%   794   91s
  2925  1343   80.85106   19   62   72.00000  128.97872  79.1%   799   97s
  3062  1402  117.90793    9  216   72.00000  128.97872  79.1%   807  100s
  3315  1505  113.77213   10  270   72.00000  128.26576  78.1%   829  106s
  3620  1626  114.90181   10  318   72.00000  126.93617  76.3%   834  113s
  3770  1628  119.93617   13   51   72.00000  126.75575  76.0%   840  116s
  3783  1644  126.75575   14   75   72.00000  126.75575  76.0%   839  120s
  3805  1664  123.22074   16  144   72.00000  126.75575  76.0%   842  126s
  3920  1730  102.53191   22   92   72.00000  126.75575  76.0%   844  131s
  4074  1758   76.00000   28  119   72.00000  126.75575  76.0%   831  135s
  4140  1766 infeasible   29        72.00000  126.75575  76.0%   832  141s
  4202  1771   73.96809   29  234   72.00000  126.75575  76.0%   834  145s
  4308  1773   73.00000   32   80   72.00000  126.75575  76.0%   836  152s
  4397  1763 infeasible   32        72.00000  126.75575  76.0%   838  157s
  4645  1751   76.00000   31  350   72.00000  126.75575  76.0%   815  161s
  4744  1739  114.57968   20  345   72.00000  126.75575  76.0%   812  165s
  4853  1739   98.03430   24  306   72.00000  126.75575  76.0%   809  171s
  4989  1743   92.53191   26   62   72.00000  126.75575  76.0%   800  177s
  5060  1746   83.53191   29   22   72.00000  126.75575  76.0%   795  183s
  5120  1776 infeasible   30        72.00000  126.75575  76.0%   796  186s
  5374  1740   75.42553   29   28   72.00000  126.75575  76.0%   785  190s
  5668  1703  102.53191   22  259   72.00000  121.87234  69.3%   769  197s
  5706  1713 infeasible   25        72.00000  121.87234  69.3%   768  200s
  5926  1687 infeasible   24        72.00000  121.87234  69.3%   761  205s
  6178  1702  105.77117   23  144   72.00000  121.57447  68.9%   760  210s
  6522  1655   81.85106   27   37   72.00000  115.92199  61.0%   753  215s
  6678  1645 infeasible   32        72.00000  114.99867  59.7%   752  220s
  6849  1591 infeasible   26        72.00000  114.70434  59.3%   749  225s
  7191  1509   98.68085   23  212   72.00000  113.24734  57.3%   746  231s
  7397  1519   88.55319   26   38   72.00000  112.55193  56.3%   746  237s
  7618  1502   93.55319   24   82   72.00000  112.44205  56.2%   743  241s
  8139  1401   99.70434   20  372   72.00000  108.19149  50.3%   732  247s
  8345  1374   73.00000   27  227   72.00000  107.78723  49.7%   731  251s
  8871  1325   88.65957   26   51   72.00000  106.48936  47.9%   724  259s
  9128  1351   85.93617   26   47   72.00000  106.13830  47.4%   724  263s
  9190  1367   82.80547   30   38   72.00000  105.80851  47.0%   726  266s
  9377  1396   82.19149   29   44   72.00000  105.80629  47.0%   727  271s
  9681  1418   75.94681   30  107   72.00000  104.59574  45.3%   724  276s
  9960  1450 infeasible   32        72.00000  103.51064  43.8%   721  281s
 10208  1476   76.82979   30   42   72.00000  103.44681  43.7%   723  286s
 10521  1492   76.27660   30   93   72.00000  102.68085  42.6%   723  291s
 10642  1521 infeasible   26        72.00000  102.03502  41.7%   727  296s
 10929  1556     cutoff   28        72.00000  100.80142  40.0%   729  303s
 11288  1611     cutoff   29        72.00000  100.42814  39.5%   730  309s
 11722  1645   74.00000   31   85   72.00000   99.81915  38.6%   728  313s
 12229  1670 infeasible   30        72.00000   99.53191  38.2%   720  319s
 12598  1721   81.88830   27   41   72.00000   99.21809  37.8%   723  325s
 12972  1732   91.53191   25   60   72.00000   98.55319  36.9%   726  331s
 13060  1764   73.93617   28   89   72.00000   98.55319  36.9%   726  338s
 13348  1780   81.00000   27   45   72.00000   98.40426  36.7%   729  344s
 13742  1815   83.78723   26   42   72.00000   97.61702  35.6%   733  351s
 14180  1841   88.47330   27  291   72.00000   96.85106  34.5%   734  358s
 14670  1819 infeasible   29        72.00000   96.69362  34.3%   735  366s
 15248  1820   80.32979   26  131   72.00000   96.36170  33.8%   734  374s
 15764  1803   85.47252   25  187   72.00000   95.75532  33.0%   735  383s
 16220  1813 infeasible   30        72.00000   94.86170  31.8%   739  391s
 16745  1779   84.82979   29   64   72.00000   94.15067  30.8%   740  400s
 17318  1772     cutoff   29        72.00000   93.80851  30.3%   740  408s
 18006  1743   80.96419   26  121   72.00000   93.62892  30.0%   737  418s
 18676  1696   85.45833   25  253   72.00000   92.62411  28.6%   736  428s
 19324  1635   90.75177   26  226   72.00000   92.29787  28.2%   737  438s
 19965  1563 infeasible   25        72.00000   91.19149  26.7%   738  450s
 20734  1468     cutoff   29        72.00000   89.84255  24.8%   736  462s
 21439  1360 infeasible   30        72.00000   88.51064  22.9%   738  474s
 22160  1238   79.70213   27  125   72.00000   88.00000  22.2%   739  487s
 22913  1105   79.80244   27  171   72.00000   86.74468  20.5%   741  500s
 23792   923   83.65957   26   56   72.00000   85.63830  18.9%   741  513s
 24574   758 infeasible   30        72.00000   84.88298  17.9%   743  527s
 25305   477     cutoff   27        72.00000   83.00000  15.3%   747  541s
 26132   176   79.94584   29   32   72.00000   81.42683  13.1%   749  555s
 26901     4   79.00000   31   29   72.00000   79.93617  11.0%   751  569s
 27213     0     cutoff   28        72.00000   74.76596  3.84%   753  570s

Cutting planes:
  Inf proof: 3

Explored 27219 nodes (20492601 simplex iterations) in 570.45 seconds (1155.31 work units)
Thread count was 16 (of 16 available processors)

Solution count 10: 72 72 72 ... 43

Optimal solution found (tolerance 1.00e-04)
Best objective 7.200000000000e+01, best bound 7.200000000000e+01, gap 0.0000%

Wrote result file '/root/bgw/data/results/2026_03_24_15_44_26_set_vm-4-t1_vm-4-t1_s019_g003_max.sol'

