[2026-03-24T14:28:28.042Z] Pipeline "set_vm-3-t1_vm-3-t1_s013_g002" → 2026_03_24_14_28_28_set_vm-3-t1_vm-3-t1_s013_g002_max.sol
Set parameter Username
Set parameter LicenseID to value 2796068
Set parameter LogFile to value "gurobi.log"
Using license file /opt/gurobi/gurobi.lic
Academic license - for non-commercial use only - expires 2027-03-23

Gurobi Optimizer version 13.0.1 build v13.0.1rc0 (linux64 - "Ubuntu 24.04.4 LTS")
Copyright (c) 2026, Gurobi Optimization, LLC

Warning: Duplicate section found (read 'binary') - Is a variable name equal to an LP file format keyword?
Warning: Duplicate section found (read 'binary') - Is a variable name equal to an LP file format keyword?
Warning: Duplicate section found (read 'binary') - Is a variable name equal to an LP file format keyword?
Warning: Duplicate section found (read 'binary') - Is a variable name equal to an LP file format keyword?
Warning: Duplicate section found (read 'binary') - Is a variable name equal to an LP file format keyword?
Warning: Duplicate section found (read 'binary') - Is a variable name equal to an LP file format keyword?
Warning: Duplicate section found (read 'binary') - Is a variable name equal to an LP file format keyword?
Warning: Duplicate section found (read 'binary') - Is a variable name equal to an LP file format keyword?
Warning: Duplicate section found (read 'binary') - Is a variable name equal to an LP file format keyword?
Warning: Duplicate section found (read 'binary') - Is a variable name equal to an LP file format keyword?
Warning: Further warnings of this type will be omitted.
Read LP format model from file /root/bgw/data/uploads/2026_03_24_14_28_28_set_vm-3-t1_vm-3-t1_s013_g002_max.lp
Reading time = 0.00 seconds
: 3833 rows, 335 columns, 11745 nonzeros

Using Gurobi shared library /opt/gurobi1301/linux64/lib/libgurobi.so.13.0.1

CPU model: AMD EPYC-Genoa Processor, instruction set [SSE2|AVX|AVX2|AVX512]
Thread count: 16 physical cores, 16 logical processors, using up to 16 threads

Optimize a model with 3833 rows, 335 columns and 11745 nonzeros (Max)
Model fingerprint: 0xa8e803b6
Model has 16 linear objective coefficients
Variable types: 39 continuous, 296 integer (296 binary)
Coefficient statistics:
  Matrix range     [1e+00, 2e+01]
  Objective range  [1e+00, 1e+00]
  Bounds range     [1e+00, 1e+00]
  RHS range        [1e+00, 3e+01]

Found heuristic solution: objective 16.0000000
Presolve removed 266 rows and 67 columns
Presolve time: 0.01s
Presolved: 3567 rows, 268 columns, 10801 nonzeros
Variable types: 0 continuous, 268 integer (263 binary)
Found heuristic solution: objective 30.0000000

Root relaxation: objective 8.600000e+01, 25 iterations, 0.00 seconds (0.00 work units)

    Nodes    |    Current Node    |     Objective Bounds      |     Work
 Expl Unexpl |  Obj  Depth IntInf | Incumbent    BestBd   Gap | It/Node Time

     0     0   86.00000    0   14   30.00000   86.00000   187%     -    0s
H    0     0                      44.0000000   86.00000  95.5%     -    0s
     0     0   86.00000    0   15   44.00000   86.00000  95.5%     -    0s
     0     0   86.00000    0   14   44.00000   86.00000  95.5%     -    0s
     0     0   86.00000    0   14   44.00000   86.00000  95.5%     -    0s
     0     0   86.00000    0   14   44.00000   86.00000  95.5%     -    0s
     0     0   86.00000    0   14   44.00000   86.00000  95.5%     -    0s
     0     0   86.00000    0   14   44.00000   86.00000  95.5%     -    0s
     0     0   79.00000    0   12   44.00000   79.00000  79.5%     -    0s
     0     0   79.00000    0   12   44.00000   79.00000  79.5%     -    0s
     0     0   79.00000    0   13   44.00000   79.00000  79.5%     -    0s
     0     0   79.00000    0   12   44.00000   79.00000  79.5%     -    0s
     0     0   79.00000    0   12   44.00000   79.00000  79.5%     -    0s
     0     0   79.00000    0   13   44.00000   79.00000  79.5%     -    0s
     0     0   79.00000    0   13   44.00000   79.00000  79.5%     -    0s
     0     0   78.66667    0   13   44.00000   78.66667  78.8%     -    0s
     0     0   78.66667    0   13   44.00000   78.66667  78.8%     -    0s
     0     2   78.66667    0   13   44.00000   78.66667  78.8%     -    0s

Cutting planes:
  Gomory: 7
  Lift-and-project: 1
  MIR: 3
  Inf proof: 7
  Zero half: 1
  Mod-K: 5

Explored 801 nodes (29640 simplex iterations) in 0.43 seconds (0.54 work units)
Thread count was 16 (of 16 available processors)

Solution count 3: 44 30 16 

Optimal solution found (tolerance 1.00e-04)
Best objective 4.400000000000e+01, best bound 4.400000000000e+01, gap 0.0000%

Wrote result file '/root/bgw/data/results/2026_03_24_14_28_28_set_vm-3-t1_vm-3-t1_s013_g002_max.sol'

