[2026-03-23T16:02:32.962Z] Pipeline "set_exp_3_exp_3_n025_c004_g002" → 2026_03_23_16_02_32_set_exp_3_exp_3_n025_c004_g002_max.sol
Set parameter WLSAccessID
Set parameter WLSSecret
Set parameter LicenseID to value 2792458
Set parameter LogFile to value "gurobi.log"
Using license file /root/gurobi.lic
Academic license 2792458 - for non-commercial use only - registered to an___@studenti.unipg.it

Gurobi Optimizer version 13.0.1 build v13.0.1rc0 (linux64 - "Ubuntu 24.04.4 LTS")
Copyright (c) 2026, Gurobi Optimization, LLC

Warning: Duplicate section found (read 'binary') - Is a variable name equal to an LP file format keyword?
Warning: Duplicate section found (read 'binary') - Is a variable name equal to an LP file format keyword?
Warning: Duplicate section found (read 'binary') - Is a variable name equal to an LP file format keyword?
Warning: Duplicate section found (read 'binary') - Is a variable name equal to an LP file format keyword?
Warning: Duplicate section found (read 'binary') - Is a variable name equal to an LP file format keyword?
Warning: Duplicate section found (read 'binary') - Is a variable name equal to an LP file format keyword?
Warning: Duplicate section found (read 'binary') - Is a variable name equal to an LP file format keyword?
Warning: Duplicate section found (read 'binary') - Is a variable name equal to an LP file format keyword?
Warning: Duplicate section found (read 'binary') - Is a variable name equal to an LP file format keyword?
Warning: Duplicate section found (read 'binary') - Is a variable name equal to an LP file format keyword?
Warning: Further warnings of this type will be omitted.
Read LP format model from file /root/bgw/data/uploads/2026_03_23_16_02_32_set_exp_3_exp_3_n025_c004_g002_max.lp
Reading time = 0.02 seconds
: 5269 rows, 469 columns, 15732 nonzeros

Using Gurobi shared library /opt/gurobi1301/linux64/lib/libgurobi.so.13.0.1

CPU model: AMD EPYC-Genoa Processor, instruction set [SSE2|AVX|AVX2|AVX512]
Thread count: 16 physical cores, 16 logical processors, using up to 16 threads

Academic license 2792458 - for non-commercial use only - registered to an___@studenti.unipg.it
Optimize a model with 5269 rows, 469 columns and 15732 nonzeros (Max)
Model fingerprint: 0x5a8c082b
Model has 8 linear objective coefficients
Variable types: 33 continuous, 436 integer (436 binary)
Coefficient statistics:
  Matrix range     [1e+00, 3e+01]
  Objective range  [1e+00, 1e+00]
  Bounds range     [1e+00, 1e+00]
  RHS range        [1e+00, 3e+01]

Found heuristic solution: objective 8.0000000
Presolve removed 628 rows and 143 columns
Presolve time: 0.04s
Presolved: 4641 rows, 326 columns, 14165 nonzeros
Variable types: 0 continuous, 326 integer (315 binary)
Found heuristic solution: objective 9.0000000

Root relaxation: objective 3.500000e+01, 384 iterations, 0.02 seconds (0.03 work units)

    Nodes    |    Current Node    |     Objective Bounds      |     Work
 Expl Unexpl |  Obj  Depth IntInf | Incumbent    BestBd   Gap | It/Node Time

     0     0   35.00000    0   39    9.00000   35.00000   289%     -    0s
H    0     0                      15.0000000   35.00000   133%     -    0s
H    0     0                      21.0000000   35.00000  66.7%     -    0s
     0     0   35.00000    0   49   21.00000   35.00000  66.7%     -    0s
     0     0   35.00000    0   36   21.00000   35.00000  66.7%     -    0s
     0     0   35.00000    0   36   21.00000   35.00000  66.7%     -    0s
H    0     0                      22.0000000   35.00000  59.1%     -    0s
     0     0   35.00000    0   34   22.00000   35.00000  59.1%     -    0s
     0     0   35.00000    0   34   22.00000   35.00000  59.1%     -    0s
     0     0   35.00000    0   43   22.00000   35.00000  59.1%     -    0s
     0     0   35.00000    0   35   22.00000   35.00000  59.1%     -    0s
H    0     0                      23.0000000   35.00000  52.2%     -    0s
     0     0   35.00000    0   35   23.00000   35.00000  52.2%     -    0s
     0     0   35.00000    0   34   23.00000   35.00000  52.2%     -    0s
     0     0   35.00000    0   33   23.00000   35.00000  52.2%     -    0s
     0     0   35.00000    0   33   23.00000   35.00000  52.2%     -    0s
     0     0   35.00000    0   37   23.00000   35.00000  52.2%     -    0s
     0     0   35.00000    0   25   23.00000   35.00000  52.2%     -    0s
     0     0   35.00000    0   24   23.00000   35.00000  52.2%     -    0s
     0     0   35.00000    0   24   23.00000   35.00000  52.2%     -    0s
     0     0   35.00000    0   24   23.00000   35.00000  52.2%     -    0s
     0     0   35.00000    0   24   23.00000   35.00000  52.2%     -    0s
     0     2   35.00000    0   24   23.00000   35.00000  52.2%     -    0s

Cutting planes:
  Cover: 3
  MIR: 2
  Inf proof: 16
  Zero half: 4

Explored 1009 nodes (95457 simplex iterations) in 1.43 seconds (1.95 work units)
Thread count was 16 (of 16 available processors)

Solution count 6: 23 22 21 ... 8

Optimal solution found (tolerance 1.00e-04)
Best objective 2.300000000000e+01, best bound 2.300000000000e+01, gap 0.0000%

Wrote result file '/root/bgw/data/results/2026_03_23_16_02_32_set_exp_3_exp_3_n025_c004_g002_max.sol'

