[2026-03-23T16:02:22.361Z] Pipeline "set_exp_3_exp_3_n025_c002_g005" → 2026_03_23_16_02_22_set_exp_3_exp_3_n025_c002_g005_max.sol
Set parameter WLSAccessID
Set parameter WLSSecret
Set parameter LicenseID to value 2792458
Set parameter LogFile to value "gurobi.log"
Using license file /root/gurobi.lic
Academic license 2792458 - for non-commercial use only - registered to an___@studenti.unipg.it

Gurobi Optimizer version 13.0.1 build v13.0.1rc0 (linux64 - "Ubuntu 24.04.4 LTS")
Copyright (c) 2026, Gurobi Optimization, LLC

Warning: Duplicate section found (read 'binary') - Is a variable name equal to an LP file format keyword?
Warning: Duplicate section found (read 'binary') - Is a variable name equal to an LP file format keyword?
Warning: Duplicate section found (read 'binary') - Is a variable name equal to an LP file format keyword?
Warning: Duplicate section found (read 'binary') - Is a variable name equal to an LP file format keyword?
Warning: Duplicate section found (read 'binary') - Is a variable name equal to an LP file format keyword?
Warning: Duplicate section found (read 'binary') - Is a variable name equal to an LP file format keyword?
Warning: Duplicate section found (read 'binary') - Is a variable name equal to an LP file format keyword?
Warning: Duplicate section found (read 'binary') - Is a variable name equal to an LP file format keyword?
Warning: Duplicate section found (read 'binary') - Is a variable name equal to an LP file format keyword?
Warning: Duplicate section found (read 'binary') - Is a variable name equal to an LP file format keyword?
Warning: Further warnings of this type will be omitted.
Read LP format model from file /root/bgw/data/uploads/2026_03_23_16_02_22_set_exp_3_exp_3_n025_c002_g005_max.lp
Reading time = 0.01 seconds
: 5495 rows, 483 columns, 16191 nonzeros

Using Gurobi shared library /opt/gurobi1301/linux64/lib/libgurobi.so.13.0.1

CPU model: AMD EPYC-Genoa Processor, instruction set [SSE2|AVX|AVX2|AVX512]
Thread count: 16 physical cores, 16 logical processors, using up to 16 threads

Academic license 2792458 - for non-commercial use only - registered to an___@studenti.unipg.it
Optimize a model with 5495 rows, 483 columns and 16191 nonzeros (Max)
Model fingerprint: 0xcc29d3f6
Model has 10 linear objective coefficients
Variable types: 35 continuous, 448 integer (448 binary)
Coefficient statistics:
  Matrix range     [1e+00, 3e+01]
  Objective range  [1e+00, 1e+00]
  Bounds range     [1e+00, 1e+00]
  RHS range        [1e+00, 3e+01]

Found heuristic solution: objective 10.0000000
Presolve removed 863 rows and 163 columns
Presolve time: 0.02s
Presolved: 4632 rows, 320 columns, 14072 nonzeros
Variable types: 0 continuous, 320 integer (312 binary)
Found heuristic solution: objective 13.0000000

Root relaxation: objective 4.600000e+01, 168 iterations, 0.01 seconds (0.01 work units)

    Nodes    |    Current Node    |     Objective Bounds      |     Work
 Expl Unexpl |  Obj  Depth IntInf | Incumbent    BestBd   Gap | It/Node Time

     0     0   46.00000    0   23   13.00000   46.00000   254%     -    0s
H    0     0                      25.0000000   46.00000  84.0%     -    0s
H    0     0                      28.0000000   46.00000  64.3%     -    0s
     0     0   46.00000    0   21   28.00000   46.00000  64.3%     -    0s
     0     0   46.00000    0   21   28.00000   46.00000  64.3%     -    0s
     0     0   46.00000    0   19   28.00000   46.00000  64.3%     -    0s
     0     0   46.00000    0   21   28.00000   46.00000  64.3%     -    0s
     0     0   46.00000    0   14   28.00000   46.00000  64.3%     -    0s
     0     0   46.00000    0   10   28.00000   46.00000  64.3%     -    0s
     0     0   46.00000    0   14   28.00000   46.00000  64.3%     -    0s
     0     0   46.00000    0   14   28.00000   46.00000  64.3%     -    0s
     0     0   46.00000    0   11   28.00000   46.00000  64.3%     -    0s
     0     0   46.00000    0   11   28.00000   46.00000  64.3%     -    0s
     0     0   46.00000    0   16   28.00000   46.00000  64.3%     -    0s
     0     0   46.00000    0   16   28.00000   46.00000  64.3%     -    0s
     0     0   46.00000    0   14   28.00000   46.00000  64.3%     -    0s
     0     0   46.00000    0   14   28.00000   46.00000  64.3%     -    0s
     0     0   46.00000    0   17   28.00000   46.00000  64.3%     -    0s
     0     0   46.00000    0   17   28.00000   46.00000  64.3%     -    0s
     0     0   46.00000    0   17   28.00000   46.00000  64.3%     -    0s
     0     0   46.00000    0   17   28.00000   46.00000  64.3%     -    0s
     0     0   46.00000    0   17   28.00000   46.00000  64.3%     -    0s
     0     0   46.00000    0   17   28.00000   46.00000  64.3%     -    0s
     0     0   46.00000    0   14   28.00000   46.00000  64.3%     -    0s
     0     2   46.00000    0   14   28.00000   46.00000  64.3%     -    0s

Cutting planes:
  Gomory: 2
  Cover: 7
  MIR: 11
  Inf proof: 30
  Zero half: 8

Explored 1693 nodes (121581 simplex iterations) in 1.46 seconds (1.90 work units)
Thread count was 16 (of 16 available processors)

Solution count 4: 28 25 13 10 

Optimal solution found (tolerance 1.00e-04)
Best objective 2.800000000000e+01, best bound 2.800000000000e+01, gap 0.0000%

Wrote result file '/root/bgw/data/results/2026_03_23_16_02_22_set_exp_3_exp_3_n025_c002_g005_max.sol'

