[2026-03-23T16:32:20.416Z] Pipeline "set_ds_1_ds_1_s007_g004" → 2026_03_23_16_32_20_set_ds_1_ds_1_s007_g004_max.sol
Set parameter WLSAccessID
Set parameter WLSSecret
Set parameter LicenseID to value 2792458
Set parameter LogFile to value "gurobi.log"
Using license file /root/gurobi.lic
Academic license 2792458 - for non-commercial use only - registered to an___@studenti.unipg.it

Gurobi Optimizer version 13.0.1 build v13.0.1rc0 (linux64 - "Ubuntu 24.04.4 LTS")
Copyright (c) 2026, Gurobi Optimization, LLC

Warning: Duplicate section found (read 'binary') - Is a variable name equal to an LP file format keyword?
Warning: Duplicate section found (read 'binary') - Is a variable name equal to an LP file format keyword?
Warning: Duplicate section found (read 'binary') - Is a variable name equal to an LP file format keyword?
Warning: Duplicate section found (read 'binary') - Is a variable name equal to an LP file format keyword?
Warning: Duplicate section found (read 'binary') - Is a variable name equal to an LP file format keyword?
Warning: Duplicate section found (read 'binary') - Is a variable name equal to an LP file format keyword?
Warning: Duplicate section found (read 'binary') - Is a variable name equal to an LP file format keyword?
Warning: Duplicate section found (read 'binary') - Is a variable name equal to an LP file format keyword?
Warning: Duplicate section found (read 'binary') - Is a variable name equal to an LP file format keyword?
Warning: Duplicate section found (read 'binary') - Is a variable name equal to an LP file format keyword?
Warning: Further warnings of this type will be omitted.
Read LP format model from file /root/bgw/data/uploads/2026_03_23_16_32_20_set_ds_1_ds_1_s007_g004_max.lp
Reading time = 0.01 seconds
: 1904 rows, 242 columns, 5551 nonzeros

Using Gurobi shared library /opt/gurobi1301/linux64/lib/libgurobi.so.13.0.1

CPU model: AMD EPYC-Genoa Processor, instruction set [SSE2|AVX|AVX2|AVX512]
Thread count: 16 physical cores, 16 logical processors, using up to 16 threads

Academic license 2792458 - for non-commercial use only - registered to an___@studenti.unipg.it
Optimize a model with 1904 rows, 242 columns and 5551 nonzeros (Max)
Model fingerprint: 0xcd137036
Model has 39 linear objective coefficients
Variable types: 56 continuous, 186 integer (186 binary)
Coefficient statistics:
  Matrix range     [1e+00, 2e+01]
  Objective range  [1e+00, 1e+00]
  Bounds range     [1e+00, 1e+00]
  RHS range        [1e+00, 2e+01]

Found heuristic solution: objective 39.0000000
Presolve removed 489 rows and 74 columns
Presolve time: 0.01s
Presolved: 1415 rows, 168 columns, 4371 nonzeros
Variable types: 0 continuous, 168 integer (159 binary)
Found heuristic solution: objective 57.0000000

Root relaxation: objective 2.060000e+02, 195 iterations, 0.01 seconds (0.01 work units)

    Nodes    |    Current Node    |     Objective Bounds      |     Work
 Expl Unexpl |  Obj  Depth IntInf | Incumbent    BestBd   Gap | It/Node Time

     0     0  206.00000    0   48   57.00000  206.00000   261%     -    0s
H    0     0                      70.0000000  206.00000   194%     -    0s
H    0     0                      91.0000000  206.00000   126%     -    0s
     0     0  206.00000    0   42   91.00000  206.00000   126%     -    0s
H    0     0                      93.0000000  206.00000   122%     -    0s
     0     0  206.00000    0   44   93.00000  206.00000   122%     -    0s
     0     0  206.00000    0   41   93.00000  206.00000   122%     -    0s
H    0     0                      94.0000000  206.00000   119%     -    0s
H    0     0                      98.0000000  206.00000   110%     -    0s
     0     0  206.00000    0   42   98.00000  206.00000   110%     -    0s
     0     0  206.00000    0   34   98.00000  206.00000   110%     -    0s
     0     0  203.00000    0   43   98.00000  203.00000   107%     -    0s
     0     0  200.00000    0   44   98.00000  200.00000   104%     -    0s
     0     0  200.00000    0   33   98.00000  200.00000   104%     -    0s
     0     0  199.00000    0   43   98.00000  199.00000   103%     -    0s
     0     0  199.00000    0   41   98.00000  199.00000   103%     -    0s
     0     0  199.00000    0   43   98.00000  199.00000   103%     -    0s
     0     0  199.00000    0   43   98.00000  199.00000   103%     -    0s
     0     0  198.53333    0   41   98.00000  198.53333   103%     -    0s
     0     0  198.53333    0   41   98.00000  198.53333   103%     -    0s
     0     0  198.22857    0   41   98.00000  198.22857   102%     -    0s
     0     0  198.22857    0   40   98.00000  198.22857   102%     -    0s
     0     2  198.22857    0   40   98.00000  198.22857   102%     -    0s
H   17    26                     101.0000000  198.22857  96.3%  86.8    0s
H  337   266                     103.0000000  198.22857  92.5%  42.0    0s
H 1708   901                     104.0000000  198.22857  90.6%  39.4    0s
 32525  6955 infeasible   31       104.00000  143.77778  38.2%  43.0    5s
 75529  7294 infeasible   35       104.00000  127.26667  22.4%  43.9   10s

Cutting planes:
  Cover: 1
  Inf proof: 5

Explored 106541 nodes (4795784 simplex iterations) in 13.35 seconds (21.49 work units)
Thread count was 16 (of 16 available processors)

Solution count 10: 104 104 104 ... 91

Optimal solution found (tolerance 1.00e-04)
Best objective 1.040000000000e+02, best bound 1.040000000000e+02, gap 0.0000%

Wrote result file '/root/bgw/data/results/2026_03_23_16_32_20_set_ds_1_ds_1_s007_g004_max.sol'

