[2026-03-24T15:26:05.783Z] Pipeline "set_vm-3-t1_vm-3-t1_s025_g001" → 2026_03_24_15_26_05_set_vm-3-t1_vm-3-t1_s025_g001_max.sol
Set parameter Username
Set parameter LicenseID to value 2796068
Set parameter LogFile to value "gurobi.log"
Using license file /opt/gurobi/gurobi.lic
Academic license - for non-commercial use only - expires 2027-03-23

Gurobi Optimizer version 13.0.1 build v13.0.1rc0 (linux64 - "Ubuntu 24.04.4 LTS")
Copyright (c) 2026, Gurobi Optimization, LLC

Warning: Duplicate section found (read 'binary') - Is a variable name equal to an LP file format keyword?
Warning: Duplicate section found (read 'binary') - Is a variable name equal to an LP file format keyword?
Warning: Duplicate section found (read 'binary') - Is a variable name equal to an LP file format keyword?
Warning: Duplicate section found (read 'binary') - Is a variable name equal to an LP file format keyword?
Warning: Duplicate section found (read 'binary') - Is a variable name equal to an LP file format keyword?
Warning: Duplicate section found (read 'binary') - Is a variable name equal to an LP file format keyword?
Warning: Duplicate section found (read 'binary') - Is a variable name equal to an LP file format keyword?
Warning: Duplicate section found (read 'binary') - Is a variable name equal to an LP file format keyword?
Warning: Duplicate section found (read 'binary') - Is a variable name equal to an LP file format keyword?
Warning: Duplicate section found (read 'binary') - Is a variable name equal to an LP file format keyword?
Warning: Further warnings of this type will be omitted.
Read LP format model from file /root/bgw/data/uploads/2026_03_24_15_26_05_set_vm-3-t1_vm-3-t1_s025_g001_max.lp
Reading time = 0.01 seconds
: 13769 rows, 755 columns, 41902 nonzeros

Using Gurobi shared library /opt/gurobi1301/linux64/lib/libgurobi.so.13.0.1

CPU model: AMD EPYC-Genoa Processor, instruction set [SSE2|AVX|AVX2|AVX512]
Thread count: 16 physical cores, 16 logical processors, using up to 16 threads

Optimize a model with 13769 rows, 755 columns and 41902 nonzeros (Max)
Model fingerprint: 0x68b5b992
Model has 36 linear objective coefficients
Variable types: 71 continuous, 684 integer (684 binary)
Coefficient statistics:
  Matrix range     [1e+00, 4e+01]
  Objective range  [1e+00, 1e+00]
  Bounds range     [1e+00, 1e+00]
  RHS range        [1e+00, 4e+01]

Found heuristic solution: objective 36.0000000
Presolve removed 626 rows and 129 columns
Presolve time: 0.05s
Presolved: 13143 rows, 626 columns, 39717 nonzeros
Variable types: 0 continuous, 626 integer (617 binary)
Found heuristic solution: objective 50.0000000

Root relaxation: objective 1.910000e+02, 517 iterations, 0.04 seconds (0.05 work units)

    Nodes    |    Current Node    |     Objective Bounds      |     Work
 Expl Unexpl |  Obj  Depth IntInf | Incumbent    BestBd   Gap | It/Node Time

     0     0  191.00000    0   56   50.00000  191.00000   282%     -    0s
H    0     0                      79.0000000  191.00000   142%     -    0s
H    0     0                      85.0000000  191.00000   125%     -    0s
H    0     0                      86.0000000  191.00000   122%     -    0s
     0     0  191.00000    0   58   86.00000  191.00000   122%     -    0s
     0     0  191.00000    0   58   86.00000  191.00000   122%     -    0s
H    0     0                      90.0000000  191.00000   112%     -    0s
     0     0  191.00000    0   57   90.00000  191.00000   112%     -    0s
     0     0  191.00000    0   46   90.00000  191.00000   112%     -    0s
H    0     0                      92.0000000  191.00000   108%     -    0s
     0     0  191.00000    0   57   92.00000  191.00000   108%     -    0s
     0     0  191.00000    0   42   92.00000  191.00000   108%     -    0s
H    0     0                      96.0000000  191.00000  99.0%     -    0s
     0     0  191.00000    0   41   96.00000  191.00000  99.0%     -    0s
     0     0  191.00000    0   39   96.00000  191.00000  99.0%     -    0s
     0     0  191.00000    0   39   96.00000  191.00000  99.0%     -    0s
H    0     0                      97.0000000  191.00000  96.9%     -    0s
     0     0  191.00000    0   39   97.00000  191.00000  96.9%     -    0s
     0     0  191.00000    0   38   97.00000  191.00000  96.9%     -    0s
     0     0  191.00000    0   38   97.00000  191.00000  96.9%     -    0s
     0     0  191.00000    0   38   97.00000  191.00000  96.9%     -    0s
     0     0  191.00000    0   40   97.00000  191.00000  96.9%     -    0s
     0     0  191.00000    0   32   97.00000  191.00000  96.9%     -    0s
     0     0  190.78788    0   56   97.00000  190.78788  96.7%     -    0s
     0     0  190.78788    0   41   97.00000  190.78788  96.7%     -    1s
     0     0  184.43434    0   42   97.00000  184.43434  90.1%     -    1s
     0     0  184.43434    0   41   97.00000  184.43434  90.1%     -    1s
     0     0  184.00000    0   43   97.00000  184.00000  89.7%     -    1s
     0     0  184.00000    0   46   97.00000  184.00000  89.7%     -    1s
     0     0  184.00000    0   41   97.00000  184.00000  89.7%     -    1s
     0     0  184.00000    0   41   97.00000  184.00000  89.7%     -    1s
     0     0  184.00000    0   41   97.00000  184.00000  89.7%     -    1s
     0     2  184.00000    0   41   97.00000  184.00000  89.7%     -    1s
  1340   626  100.00000   23  122   97.00000  180.58788  86.2%   208    5s
  3282  1301  107.57576   21   80   97.00000  172.48485  77.8%   227   10s
  4313  1603  120.69697   31   63   97.00000  167.87879  73.1%   230   15s
  5625  1565  145.15152   21   56   97.00000  167.87879  73.1%   217   20s
  8413  1423  133.18182   25   30   97.00000  159.21212  64.1%   202   25s
 12631  2291  129.66667   22   49   97.00000  146.41231  50.9%   198   30s
 15809  2733  111.78788   31   30   97.00000  139.17483  43.5%   198   35s
 20067  3069  131.72727   29   26   97.00000  133.43232  37.6%   200   40s
 20839  3122  132.63636   32   45   97.00000  132.63636  36.7%   201   45s
 22062  3219  108.00000   46   34   97.00000  132.63636  36.7%   205   50s
 24631  3532  101.03030   48   33   97.00000  132.63636  36.7%   210   55s
 27274  3717  122.90909   45   24   97.00000  132.63636  36.7%   216   60s
 30574  4071  132.63636   35   63   97.00000  132.63636  36.7%   215   65s
 34518  5431  127.72727   43   27   97.00000  132.63636  36.7%   216   70s
 38503  6777  125.57576   42   38   97.00000  132.63636  36.7%   215   75s
 42445  7766  104.09091   55    3   97.00000  132.63636  36.7%   212   80s
 47481  9104  107.36364   43   23   97.00000  132.63636  36.7%   210   85s
 54259 10377  111.78788   50  171   97.00000  130.38384  34.4%   204   91s
 58951 10987  119.04242   40   45   97.00000  128.21212  32.2%   201   95s
 63676 11825  118.32121   50   15   97.00000  126.00000  29.9%   198  110s
 70556 12382  101.00000   45  114   97.00000  123.51515  27.3%   194  115s
 76950 12631  108.50852   46  127   97.00000  120.81818  24.6%   191  120s
 81612 12590  105.51515   49   69   97.00000  119.39394  23.1%   189  125s
 88419 12348  109.78788   46   91   97.00000  117.15152  20.8%   186  130s
 95040 12035  110.89394   46   52   97.00000  114.28877  17.8%   183  136s
 98781 11371  112.78788   47   12   97.00000  113.30303  16.8%   184  140s
 105135 10079  101.30303   52   99   97.00000  110.84848  14.3%   183  145s
 110801  8851 infeasible   44        97.00000  108.30379  11.7%   181  150s
 116218  7577 infeasible   46        97.00000  107.00000  10.3%   182  156s
 120698  5331 infeasible   45        97.00000  105.00000  8.25%   181  160s
 125843  1521 infeasible   49        97.00000  101.00000  4.12%   179  165s

Cutting planes:
  Cover: 2
  MIR: 3
  Flow cover: 54
  Inf proof: 6
  Zero half: 28
  RLT: 58
  Relax-and-lift: 1

Explored 129395 nodes (22913836 simplex iterations) in 166.74 seconds (429.49 work units)
Thread count was 16 (of 16 available processors)

Solution count 10: 97 97 97 ... 79

Optimal solution found (tolerance 1.00e-04)
Best objective 9.700000000000e+01, best bound 9.700000000000e+01, gap 0.0000%

Wrote result file '/root/bgw/data/results/2026_03_24_15_26_05_set_vm-3-t1_vm-3-t1_s025_g001_max.sol'

