[2026-03-23T13:38:19.699Z] Pipeline "set_exp_2_exp_2_n026_c006_g003" → 2026_03_23_13_38_19_set_exp_2_exp_2_n026_c006_g003_max.sol
Set parameter WLSAccessID
Set parameter WLSSecret
Set parameter LicenseID to value 2792458
Set parameter LogFile to value "gurobi.log"
Using license file /root/gurobi.lic
Academic license 2792458 - for non-commercial use only - registered to an___@studenti.unipg.it

Gurobi Optimizer version 13.0.1 build v13.0.1rc0 (linux64 - "Ubuntu 24.04.4 LTS")
Copyright (c) 2026, Gurobi Optimization, LLC

Warning: Duplicate section found (read 'binary') - Is a variable name equal to an LP file format keyword?
Warning: Duplicate section found (read 'binary') - Is a variable name equal to an LP file format keyword?
Warning: Duplicate section found (read 'binary') - Is a variable name equal to an LP file format keyword?
Warning: Duplicate section found (read 'binary') - Is a variable name equal to an LP file format keyword?
Warning: Duplicate section found (read 'binary') - Is a variable name equal to an LP file format keyword?
Warning: Duplicate section found (read 'binary') - Is a variable name equal to an LP file format keyword?
Warning: Duplicate section found (read 'binary') - Is a variable name equal to an LP file format keyword?
Warning: Duplicate section found (read 'binary') - Is a variable name equal to an LP file format keyword?
Warning: Duplicate section found (read 'binary') - Is a variable name equal to an LP file format keyword?
Warning: Duplicate section found (read 'binary') - Is a variable name equal to an LP file format keyword?
Warning: Further warnings of this type will be omitted.
Read LP format model from file /root/bgw/data/uploads/2026_03_23_13_38_19_set_exp_2_exp_2_n026_c006_g003_max.lp
Reading time = 0.00 seconds
: 5848 rows, 497 columns, 17532 nonzeros

Using Gurobi shared library /opt/gurobi1301/linux64/lib/libgurobi.so.13.0.1

CPU model: AMD EPYC-Genoa Processor, instruction set [SSE2|AVX|AVX2|AVX512]
Thread count: 16 physical cores, 16 logical processors, using up to 16 threads

Academic license 2792458 - for non-commercial use only - registered to an___@studenti.unipg.it
Optimize a model with 5848 rows, 497 columns and 17532 nonzeros (Max)
Model fingerprint: 0xafce9130
Model has 6 linear objective coefficients
Variable types: 32 continuous, 465 integer (465 binary)
Coefficient statistics:
  Matrix range     [1e+00, 3e+01]
  Objective range  [1e+00, 1e+00]
  Bounds range     [1e+00, 1e+00]
  RHS range        [1e+00, 3e+01]

Found heuristic solution: objective 6.0000000
Presolve removed 596 rows and 138 columns
Presolve time: 0.02s
Presolved: 5252 rows, 359 columns, 16124 nonzeros
Variable types: 0 continuous, 359 integer (343 binary)
Found heuristic solution: objective 7.0000000

Root relaxation: objective 2.400000e+01, 555 iterations, 0.04 seconds (0.05 work units)

    Nodes    |    Current Node    |     Objective Bounds      |     Work
 Expl Unexpl |  Obj  Depth IntInf | Incumbent    BestBd   Gap | It/Node Time

     0     0   24.00000    0   49    7.00000   24.00000   243%     -    0s
H    0     0                      14.0000000   24.00000  71.4%     -    0s
H    0     0                      15.0000000   24.00000  60.0%     -    0s
H    0     0                      16.0000000   24.00000  50.0%     -    0s
H    0     0                      17.0000000   24.00000  41.2%     -    0s
H    0     0                      18.0000000   24.00000  33.3%     -    0s
     0     0   24.00000    0   48   18.00000   24.00000  33.3%     -    0s
     0     0   24.00000    0   48   18.00000   24.00000  33.3%     -    0s
     0     0   24.00000    0   39   18.00000   24.00000  33.3%     -    0s
     0     0   24.00000    0   38   18.00000   24.00000  33.3%     -    0s
     0     0   24.00000    0   29   18.00000   24.00000  33.3%     -    0s
     0     0   24.00000    0   29   18.00000   24.00000  33.3%     -    0s
     0     0   24.00000    0   37   18.00000   24.00000  33.3%     -    0s
     0     0   24.00000    0   37   18.00000   24.00000  33.3%     -    0s
     0     0   24.00000    0   37   18.00000   24.00000  33.3%     -    0s
     0     0   24.00000    0   38   18.00000   24.00000  33.3%     -    0s
     0     0   24.00000    0   32   18.00000   24.00000  33.3%     -    0s
     0     0   24.00000    0   31   18.00000   24.00000  33.3%     -    0s
     0     0   24.00000    0   30   18.00000   24.00000  33.3%     -    0s
     0     0   24.00000    0   39   18.00000   24.00000  33.3%     -    0s
     0     0   24.00000    0   24   18.00000   24.00000  33.3%     -    0s
     0     0   24.00000    0   23   18.00000   24.00000  33.3%     -    0s
     0     0   24.00000    0   34   18.00000   24.00000  33.3%     -    0s
     0     0   24.00000    0   34   18.00000   24.00000  33.3%     -    0s
     0     0   24.00000    0   33   18.00000   24.00000  33.3%     -    0s
     0     0   24.00000    0   41   18.00000   24.00000  33.3%     -    0s
     0     0   24.00000    0   34   18.00000   24.00000  33.3%     -    0s
     0     0   24.00000    0   34   18.00000   24.00000  33.3%     -    0s
     0     0   24.00000    0   34   18.00000   24.00000  33.3%     -    0s
     0     2   24.00000    0   34   18.00000   24.00000  33.3%     -    0s
  4175  1184   19.00000   13   79   18.00000   22.84505  26.9%   142    5s

Cutting planes:
  Cover: 52
  MIR: 12
  Inf proof: 113
  Zero half: 7

Explored 9472 nodes (1271600 simplex iterations) in 8.19 seconds (15.57 work units)
Thread count was 16 (of 16 available processors)

Solution count 7: 18 17 16 ... 6

Optimal solution found (tolerance 1.00e-04)
Best objective 1.800000000000e+01, best bound 1.800000000000e+01, gap 0.0000%

Wrote result file '/root/bgw/data/results/2026_03_23_13_38_19_set_exp_2_exp_2_n026_c006_g003_max.sol'

