[2026-03-23T15:57:06.276Z] Pipeline "set_exp_3_exp_3_n007_c002_g004" → 2026_03_23_15_57_06_set_exp_3_exp_3_n007_c002_g004_max.sol
Set parameter WLSAccessID
Set parameter WLSSecret
Set parameter LicenseID to value 2792458
Set parameter LogFile to value "gurobi.log"
Using license file /root/gurobi.lic
Academic license 2792458 - for non-commercial use only - registered to an___@studenti.unipg.it

Gurobi Optimizer version 13.0.1 build v13.0.1rc0 (linux64 - "Ubuntu 24.04.4 LTS")
Copyright (c) 2026, Gurobi Optimization, LLC

Warning: Duplicate section found (read 'binary') - Is a variable name equal to an LP file format keyword?
Warning: Duplicate section found (read 'binary') - Is a variable name equal to an LP file format keyword?
Warning: Duplicate section found (read 'binary') - Is a variable name equal to an LP file format keyword?
Warning: Duplicate section found (read 'binary') - Is a variable name equal to an LP file format keyword?
Warning: Duplicate section found (read 'binary') - Is a variable name equal to an LP file format keyword?
Warning: Duplicate section found (read 'binary') - Is a variable name equal to an LP file format keyword?
Warning: Duplicate section found (read 'binary') - Is a variable name equal to an LP file format keyword?
Warning: Duplicate section found (read 'binary') - Is a variable name equal to an LP file format keyword?
Warning: Duplicate section found (read 'binary') - Is a variable name equal to an LP file format keyword?
Warning: Duplicate section found (read 'binary') - Is a variable name equal to an LP file format keyword?
Warning: Further warnings of this type will be omitted.
Read LP format model from file /root/bgw/data/uploads/2026_03_23_15_57_06_set_exp_3_exp_3_n007_c002_g004_max.lp
Reading time = 0.00 seconds
: 195 rows, 53 columns, 510 nonzeros

Using Gurobi shared library /opt/gurobi1301/linux64/lib/libgurobi.so.13.0.1

CPU model: AMD EPYC-Genoa Processor, instruction set [SSE2|AVX|AVX2|AVX512]
Thread count: 16 physical cores, 16 logical processors, using up to 16 threads

Academic license 2792458 - for non-commercial use only - registered to an___@studenti.unipg.it
Optimize a model with 195 rows, 53 columns and 510 nonzeros (Max)
Model fingerprint: 0x579506ea
Model has 6 linear objective coefficients
Variable types: 13 continuous, 40 integer (40 binary)
Coefficient statistics:
  Matrix range     [1e+00, 8e+00]
  Objective range  [1e+00, 1e+00]
  Bounds range     [1e+00, 1e+00]
  RHS range        [1e+00, 9e+00]

Found heuristic solution: objective 6.0000000
Presolve removed 104 rows and 19 columns
Presolve time: 0.00s
Presolved: 91 rows, 34 columns, 293 nonzeros
Variable types: 0 continuous, 34 integer (29 binary)
Found heuristic solution: objective 14.0000000

Root relaxation: objective 2.700000e+01, 17 iterations, 0.00 seconds (0.00 work units)

    Nodes    |    Current Node    |     Objective Bounds      |     Work
 Expl Unexpl |  Obj  Depth IntInf | Incumbent    BestBd   Gap | It/Node Time

     0     0   27.00000    0   13   14.00000   27.00000  92.9%     -    0s
H    0     0                      16.0000000   27.00000  68.8%     -    0s
H    0     0                      17.0000000   27.00000  58.8%     -    0s
     0     0   27.00000    0   14   17.00000   27.00000  58.8%     -    0s
     0     0   24.00000    0    7   17.00000   24.00000  41.2%     -    0s
     0     0   24.00000    0   11   17.00000   24.00000  41.2%     -    0s
     0     0   24.00000    0   11   17.00000   24.00000  41.2%     -    0s
     0     0   23.40000    0   14   17.00000   23.40000  37.6%     -    0s
     0     0   23.00000    0   13   17.00000   23.00000  35.3%     -    0s
     0     0   23.00000    0    7   17.00000   23.00000  35.3%     -    0s
     0     0   22.20000    0   15   17.00000   22.20000  30.6%     -    0s
     0     0   21.80000    0   15   17.00000   21.80000  28.2%     -    0s
     0     0   21.80000    0   11   17.00000   21.80000  28.2%     -    0s
     0     0   20.40000    0   13   17.00000   20.40000  20.0%     -    0s
     0     0   20.40000    0   12   17.00000   20.40000  20.0%     -    0s
     0     0   19.50000    0    7   17.00000   19.50000  14.7%     -    0s
     0     0   19.40000    0    7   17.00000   19.40000  14.1%     -    0s
     0     2   19.40000    0    7   17.00000   19.40000  14.1%     -    0s

Cutting planes:
  MIR: 1
  Zero half: 2
  Mod-K: 1

Explored 172 nodes (1225 simplex iterations) in 0.07 seconds (0.01 work units)
Thread count was 16 (of 16 available processors)

Solution count 4: 17 16 14 6 

Optimal solution found (tolerance 1.00e-04)
Best objective 1.700000000000e+01, best bound 1.700000000000e+01, gap 0.0000%

Wrote result file '/root/bgw/data/results/2026_03_23_15_57_06_set_exp_3_exp_3_n007_c002_g004_max.sol'

