[2026-03-24T13:55:51.392Z] Pipeline "set_vm-4-t1_vm-4-t1_s001_g003" → 2026_03_24_13_55_51_set_vm-4-t1_vm-4-t1_s001_g003_max.sol
Set parameter Username
Set parameter LicenseID to value 2797659
Set parameter LogFile to value "gurobi.log"
Using license file /opt/gurobi/gurobi.lic
Academic license - for non-commercial use only - expires 2027-03-24

Gurobi Optimizer version 13.0.1 build v13.0.1rc0 (linux64 - "Ubuntu 24.04.4 LTS")
Copyright (c) 2026, Gurobi Optimization, LLC

Warning: Duplicate section found (read 'binary') - Is a variable name equal to an LP file format keyword?
Warning: Duplicate section found (read 'binary') - Is a variable name equal to an LP file format keyword?
Warning: Duplicate section found (read 'binary') - Is a variable name equal to an LP file format keyword?
Warning: Duplicate section found (read 'binary') - Is a variable name equal to an LP file format keyword?
Warning: Duplicate section found (read 'binary') - Is a variable name equal to an LP file format keyword?
Warning: Duplicate section found (read 'binary') - Is a variable name equal to an LP file format keyword?
Warning: Duplicate section found (read 'binary') - Is a variable name equal to an LP file format keyword?
Warning: Duplicate section found (read 'binary') - Is a variable name equal to an LP file format keyword?
Warning: Duplicate section found (read 'binary') - Is a variable name equal to an LP file format keyword?
Warning: Duplicate section found (read 'binary') - Is a variable name equal to an LP file format keyword?
Warning: Further warnings of this type will be omitted.
Read LP format model from file /root/bgw/data/uploads/2026_03_24_13_55_51_set_vm-4-t1_vm-4-t1_s001_g003_max.lp
Reading time = 0.01 seconds
: 9575 rows, 611 columns, 29108 nonzeros

Using Gurobi shared library /opt/gurobi1301/linux64/lib/libgurobi.so.13.0.1

CPU model: AMD EPYC-Genoa Processor, instruction set [SSE2|AVX|AVX2|AVX512]
Thread count: 16 physical cores, 16 logical processors, using up to 16 threads

Optimize a model with 9575 rows, 611 columns and 29108 nonzeros (Max)
Model fingerprint: 0x9b80f19b
Model has 22 linear objective coefficients
Variable types: 53 continuous, 558 integer (558 binary)
Coefficient statistics:
  Matrix range     [1e+00, 3e+01]
  Objective range  [1e+00, 1e+00]
  Bounds range     [1e+00, 1e+00]
  RHS range        [1e+00, 3e+01]

Found heuristic solution: objective 22.0000000
Presolve removed 543 rows and 121 columns
Presolve time: 0.03s
Presolved: 9032 rows, 490 columns, 27320 nonzeros
Variable types: 0 continuous, 490 integer (482 binary)

Root relaxation: objective 1.130000e+02, 211 iterations, 0.01 seconds (0.02 work units)

    Nodes    |    Current Node    |     Objective Bounds      |     Work
 Expl Unexpl |  Obj  Depth IntInf | Incumbent    BestBd   Gap | It/Node Time

     0     0  113.00000    0   37   22.00000  113.00000   414%     -    0s
H    0     0                      29.0000000  113.00000   290%     -    0s
H    0     0                      46.0000000  113.00000   146%     -    0s
H    0     0                      47.0000000  113.00000   140%     -    0s
H    0     0                      50.0000000  113.00000   126%     -    0s
H    0     0                      53.0000000  113.00000   113%     -    0s
H    0     0                      54.0000000  113.00000   109%     -    0s
H    0     0                      56.0000000  113.00000   102%     -    0s
H    0     0                      57.0000000  113.00000  98.2%     -    0s
     0     0  113.00000    0   37   57.00000  113.00000  98.2%     -    0s
     0     0  113.00000    0   53   57.00000  113.00000  98.2%     -    0s
     0     0  113.00000    0   32   57.00000  113.00000  98.2%     -    0s
     0     0  113.00000    0   35   57.00000  113.00000  98.2%     -    0s
     0     0  113.00000    0   34   57.00000  113.00000  98.2%     -    0s
     0     0  112.89655    0   31   57.00000  112.89655  98.1%     -    0s
     0     0  112.89655    0   31   57.00000  112.89655  98.1%     -    0s
     0     0  112.00000    0   33   57.00000  112.00000  96.5%     -    0s
     0     0  112.00000    0   33   57.00000  112.00000  96.5%     -    0s
     0     0  112.00000    0   33   57.00000  112.00000  96.5%     -    0s
     0     0  112.00000    0   33   57.00000  112.00000  96.5%     -    0s
     0     0  112.00000    0   33   57.00000  112.00000  96.5%     -    0s
     0     0  112.00000    0   33   57.00000  112.00000  96.5%     -    0s
     0     0  112.00000    0   33   57.00000  112.00000  96.5%     -    0s
     0     0  112.00000    0   33   57.00000  112.00000  96.5%     -    0s
     0     0  112.00000    0   33   57.00000  112.00000  96.5%     -    0s
     0     0  112.00000    0   33   57.00000  112.00000  96.5%     -    0s
     0     2  112.00000    0   31   57.00000  112.00000  96.5%     -    0s
H   10    14                      59.0000000  112.00000  89.8%   120    0s
H   30    39                      60.0000000  112.00000  86.7%   198    0s
  3123   941   82.06897   16   23   60.00000   96.86936  61.4%   178    5s
  7423  1147   67.04380   16  153   60.00000   82.76752  37.9%   186   10s
 11967   428   65.25517   17   71   60.00000   73.13793  21.9%   207   15s

Cutting planes:
  Cover: 79
  MIR: 1
  Inf proof: 123
  Zero half: 2
  Mod-K: 1

Explored 13462 nodes (2893960 simplex iterations) in 17.38 seconds (43.02 work units)
Thread count was 16 (of 16 available processors)

Solution count 10: 60 59 57 ... 29

Optimal solution found (tolerance 1.00e-04)
Best objective 6.000000000000e+01, best bound 6.000000000000e+01, gap 0.0000%

Wrote result file '/root/bgw/data/results/2026_03_24_13_55_51_set_vm-4-t1_vm-4-t1_s001_g003_max.sol'

