[2026-03-23T15:58:18.986Z] Pipeline "set_exp_3_exp_3_n015_c005_g001" → 2026_03_23_15_58_18_set_exp_3_exp_3_n015_c005_g001_max.sol
Set parameter WLSAccessID
Set parameter WLSSecret
Set parameter LicenseID to value 2792458
Set parameter LogFile to value "gurobi.log"
Using license file /root/gurobi.lic
Academic license 2792458 - for non-commercial use only - registered to an___@studenti.unipg.it

Gurobi Optimizer version 13.0.1 build v13.0.1rc0 (linux64 - "Ubuntu 24.04.4 LTS")
Copyright (c) 2026, Gurobi Optimization, LLC

Warning: Duplicate section found (read 'binary') - Is a variable name equal to an LP file format keyword?
Warning: Duplicate section found (read 'binary') - Is a variable name equal to an LP file format keyword?
Warning: Duplicate section found (read 'binary') - Is a variable name equal to an LP file format keyword?
Warning: Duplicate section found (read 'binary') - Is a variable name equal to an LP file format keyword?
Warning: Duplicate section found (read 'binary') - Is a variable name equal to an LP file format keyword?
Warning: Duplicate section found (read 'binary') - Is a variable name equal to an LP file format keyword?
Warning: Duplicate section found (read 'binary') - Is a variable name equal to an LP file format keyword?
Warning: Duplicate section found (read 'binary') - Is a variable name equal to an LP file format keyword?
Warning: Duplicate section found (read 'binary') - Is a variable name equal to an LP file format keyword?
Warning: Duplicate section found (read 'binary') - Is a variable name equal to an LP file format keyword?
Warning: Further warnings of this type will be omitted.
Read LP format model from file /root/bgw/data/uploads/2026_03_23_15_58_18_set_exp_3_exp_3_n015_c005_g001_max.lp
Reading time = 0.00 seconds
: 1130 rows, 171 columns, 3375 nonzeros

Using Gurobi shared library /opt/gurobi1301/linux64/lib/libgurobi.so.13.0.1

CPU model: AMD EPYC-Genoa Processor, instruction set [SSE2|AVX|AVX2|AVX512]
Thread count: 16 physical cores, 16 logical processors, using up to 16 threads

Academic license 2792458 - for non-commercial use only - registered to an___@studenti.unipg.it
Optimize a model with 1130 rows, 171 columns and 3375 nonzeros (Max)
Model fingerprint: 0x20618060
Model has 5 linear objective coefficients
Variable types: 20 continuous, 151 integer (151 binary)
Coefficient statistics:
  Matrix range     [1e+00, 2e+01]
  Objective range  [1e+00, 1e+00]
  Bounds range     [1e+00, 1e+00]
  RHS range        [1e+00, 2e+01]

Found heuristic solution: objective 5.0000000
Presolve removed 181 rows and 41 columns
Presolve time: 0.00s
Presolved: 949 rows, 130 columns, 2979 nonzeros
Variable types: 0 continuous, 130 integer (119 binary)
Found heuristic solution: objective 9.0000000

Root relaxation: objective 2.000000e+01, 150 iterations, 0.00 seconds (0.00 work units)

    Nodes    |    Current Node    |     Objective Bounds      |     Work
 Expl Unexpl |  Obj  Depth IntInf | Incumbent    BestBd   Gap | It/Node Time

     0     0   20.00000    0   36    9.00000   20.00000   122%     -    0s
H    0     0                      12.0000000   20.00000  66.7%     -    0s
H    0     0                      13.0000000   20.00000  53.8%     -    0s
H    0     0                      14.0000000   20.00000  42.9%     -    0s
     0     0   20.00000    0   38   14.00000   20.00000  42.9%     -    0s
     0     0   20.00000    0   40   14.00000   20.00000  42.9%     -    0s
     0     0   20.00000    0   25   14.00000   20.00000  42.9%     -    0s
     0     0   20.00000    0   24   14.00000   20.00000  42.9%     -    0s
     0     0   20.00000    0   24   14.00000   20.00000  42.9%     -    0s
     0     0   20.00000    0   35   14.00000   20.00000  42.9%     -    0s
     0     0   20.00000    0   26   14.00000   20.00000  42.9%     -    0s
     0     0   20.00000    0   33   14.00000   20.00000  42.9%     -    0s
     0     0   20.00000    0   33   14.00000   20.00000  42.9%     -    0s
     0     0   20.00000    0   35   14.00000   20.00000  42.9%     -    0s
     0     0   20.00000    0   27   14.00000   20.00000  42.9%     -    0s
     0     0   19.88462    0   39   14.00000   19.88462  42.0%     -    0s
     0     0   19.23077    0   42   14.00000   19.23077  37.4%     -    0s
     0     0   19.23077    0   37   14.00000   19.23077  37.4%     -    0s
     0     0   19.00000    0   37   14.00000   19.00000  35.7%     -    0s
     0     0   19.00000    0   34   14.00000   19.00000  35.7%     -    0s
     0     2   19.00000    0   34   14.00000   19.00000  35.7%     -    0s

Cutting planes:
  Cover: 9
  MIR: 3
  Inf proof: 26
  Zero half: 4
  Mod-K: 1

Explored 2254 nodes (102755 simplex iterations) in 0.74 seconds (0.66 work units)
Thread count was 16 (of 16 available processors)

Solution count 5: 14 13 12 ... 5

Optimal solution found (tolerance 1.00e-04)
Best objective 1.400000000000e+01, best bound 1.400000000000e+01, gap 0.0000%

Wrote result file '/root/bgw/data/results/2026_03_23_15_58_18_set_exp_3_exp_3_n015_c005_g001_max.sol'

