[2026-03-24T15:13:47.421Z] Pipeline "set_vm-3-t1_vm-3-t1_s022_g003" → 2026_03_24_15_13_47_set_vm-3-t1_vm-3-t1_s022_g003_max.sol
Set parameter Username
Set parameter LicenseID to value 2796068
Set parameter LogFile to value "gurobi.log"
Using license file /opt/gurobi/gurobi.lic
Academic license - for non-commercial use only - expires 2027-03-23

Gurobi Optimizer version 13.0.1 build v13.0.1rc0 (linux64 - "Ubuntu 24.04.4 LTS")
Copyright (c) 2026, Gurobi Optimization, LLC

Warning: Duplicate section found (read 'binary') - Is a variable name equal to an LP file format keyword?
Warning: Duplicate section found (read 'binary') - Is a variable name equal to an LP file format keyword?
Warning: Duplicate section found (read 'binary') - Is a variable name equal to an LP file format keyword?
Warning: Duplicate section found (read 'binary') - Is a variable name equal to an LP file format keyword?
Warning: Duplicate section found (read 'binary') - Is a variable name equal to an LP file format keyword?
Warning: Duplicate section found (read 'binary') - Is a variable name equal to an LP file format keyword?
Warning: Duplicate section found (read 'binary') - Is a variable name equal to an LP file format keyword?
Warning: Duplicate section found (read 'binary') - Is a variable name equal to an LP file format keyword?
Warning: Duplicate section found (read 'binary') - Is a variable name equal to an LP file format keyword?
Warning: Duplicate section found (read 'binary') - Is a variable name equal to an LP file format keyword?
Warning: Further warnings of this type will be omitted.
Read LP format model from file /root/bgw/data/uploads/2026_03_24_15_13_47_set_vm-3-t1_vm-3-t1_s022_g003_max.lp
Reading time = 0.01 seconds
: 10337 rows, 607 columns, 31621 nonzeros

Using Gurobi shared library /opt/gurobi1301/linux64/lib/libgurobi.so.13.0.1

CPU model: AMD EPYC-Genoa Processor, instruction set [SSE2|AVX|AVX2|AVX512]
Thread count: 16 physical cores, 16 logical processors, using up to 16 threads

Optimize a model with 10337 rows, 607 columns and 31621 nonzeros (Max)
Model fingerprint: 0xaa4e6def
Model has 21 linear objective coefficients
Variable types: 53 continuous, 554 integer (554 binary)
Coefficient statistics:
  Matrix range     [1e+00, 3e+01]
  Objective range  [1e+00, 1e+00]
  Bounds range     [1e+00, 1e+00]
  RHS range        [1e+00, 3e+01]

Found heuristic solution: objective 21.0000000
Presolve removed 380 rows and 89 columns
Presolve time: 0.04s
Presolved: 9957 rows, 518 columns, 30074 nonzeros
Variable types: 0 continuous, 518 integer (511 binary)
Found heuristic solution: objective 24.0000000

Root relaxation: objective 1.090000e+02, 374 iterations, 0.03 seconds (0.04 work units)

    Nodes    |    Current Node    |     Objective Bounds      |     Work
 Expl Unexpl |  Obj  Depth IntInf | Incumbent    BestBd   Gap | It/Node Time

     0     0  109.00000    0   28   24.00000  109.00000   354%     -    0s
H    0     0                      41.0000000  109.00000   166%     -    0s
H    0     0                      48.0000000  109.00000   127%     -    0s
H    0     0                      49.0000000  109.00000   122%     -    0s
H    0     0                      55.0000000  109.00000  98.2%     -    0s
H    0     0                      58.0000000  109.00000  87.9%     -    0s
     0     0  109.00000    0   40   58.00000  109.00000  87.9%     -    0s
     0     0  109.00000    0   30   58.00000  109.00000  87.9%     -    0s
     0     0  109.00000    0   17   58.00000  109.00000  87.9%     -    0s
     0     0  109.00000    0   29   58.00000  109.00000  87.9%     -    0s
     0     0  109.00000    0   27   58.00000  109.00000  87.9%     -    0s
     0     0  109.00000    0   31   58.00000  109.00000  87.9%     -    0s
     0     0  109.00000    0   18   58.00000  109.00000  87.9%     -    0s
     0     0  109.00000    0   25   58.00000  109.00000  87.9%     -    0s
     0     0  109.00000    0   18   58.00000  109.00000  87.9%     -    0s
     0     0  109.00000    0   26   58.00000  109.00000  87.9%     -    0s
     0     0  109.00000    0   24   58.00000  109.00000  87.9%     -    0s
     0     0  106.00000    0   27   58.00000  106.00000  82.8%     -    0s
     0     0  106.00000    0   25   58.00000  106.00000  82.8%     -    0s
     0     0  106.00000    0   25   58.00000  106.00000  82.8%     -    0s
     0     0  106.00000    0   25   58.00000  106.00000  82.8%     -    0s
     0     2  106.00000    0   25   58.00000  106.00000  82.8%     -    0s
  1466   371   64.00000   13  114   58.00000   93.64375  61.5%   153    5s
  4379   437   63.43125   14  120   58.00000   78.23912  34.9%   184   10s

Cutting planes:
  Cover: 50
  MIR: 2
  Inf proof: 85

Explored 6964 nodes (1377582 simplex iterations) in 13.12 seconds (24.04 work units)
Thread count was 16 (of 16 available processors)

Solution count 7: 58 55 49 ... 21

Optimal solution found (tolerance 1.00e-04)
Best objective 5.800000000000e+01, best bound 5.800000000000e+01, gap 0.0000%

Wrote result file '/root/bgw/data/results/2026_03_24_15_13_47_set_vm-3-t1_vm-3-t1_s022_g003_max.sol'

