[2026-03-24T20:47:58.869Z] Pipeline "set_vm-3-t3_vm-3-t3_s014_g002" → 2026_03_24_20_47_58_set_vm-3-t3_vm-3-t3_s014_g002_max.sol
Set parameter Username
Set parameter LicenseID to value 2796068
Set parameter LogFile to value "gurobi.log"
Using license file /opt/gurobi/gurobi.lic
Academic license - for non-commercial use only - expires 2027-03-23

Gurobi Optimizer version 13.0.1 build v13.0.1rc0 (linux64 - "Ubuntu 24.04.4 LTS")
Copyright (c) 2026, Gurobi Optimization, LLC

Warning: Duplicate section found (read 'binary') - Is a variable name equal to an LP file format keyword?
Warning: Duplicate section found (read 'binary') - Is a variable name equal to an LP file format keyword?
Warning: Duplicate section found (read 'binary') - Is a variable name equal to an LP file format keyword?
Warning: Duplicate section found (read 'binary') - Is a variable name equal to an LP file format keyword?
Warning: Duplicate section found (read 'binary') - Is a variable name equal to an LP file format keyword?
Warning: Duplicate section found (read 'binary') - Is a variable name equal to an LP file format keyword?
Warning: Duplicate section found (read 'binary') - Is a variable name equal to an LP file format keyword?
Warning: Duplicate section found (read 'binary') - Is a variable name equal to an LP file format keyword?
Warning: Duplicate section found (read 'binary') - Is a variable name equal to an LP file format keyword?
Warning: Duplicate section found (read 'binary') - Is a variable name equal to an LP file format keyword?
Warning: Further warnings of this type will be omitted.
Read LP format model from file /root/bgw/data/uploads/2026_03_24_20_47_58_set_vm-3-t3_vm-3-t3_s014_g002_max.lp
Reading time = 0.01 seconds
: 5218 rows, 559 columns, 16062 nonzeros

Using Gurobi shared library /opt/gurobi1301/linux64/lib/libgurobi.so.13.0.1

CPU model: AMD EPYC-Genoa Processor, instruction set [SSE2|AVX|AVX2|AVX512]
Thread count: 16 physical cores, 16 logical processors, using up to 16 threads

Optimize a model with 5218 rows, 559 columns and 16062 nonzeros (Max)
Model fingerprint: 0x9045f974
Model has 182 linear objective coefficients
Variable types: 206 continuous, 353 integer (353 binary)
Coefficient statistics:
  Matrix range     [1e+00, 2e+01]
  Objective range  [1e+00, 1e+00]
  Bounds range     [1e+00, 1e+00]
  RHS range        [1e+00, 3e+01]

Found heuristic solution: objective 182.0000000
Presolve removed 1097 rows and 242 columns
Presolve time: 0.02s
Presolved: 4121 rows, 317 columns, 12552 nonzeros
Variable types: 0 continuous, 317 integer (308 binary)

Root relaxation: objective 1.414000e+03, 394 iterations, 0.02 seconds (0.03 work units)

    Nodes    |    Current Node    |     Objective Bounds      |     Work
 Expl Unexpl |  Obj  Depth IntInf | Incumbent    BestBd   Gap | It/Node Time

     0     0 1414.00000    0   60  182.00000 1414.00000   677%     -    0s
H    0     0                     354.0000000 1414.00000   299%     -    0s
H    0     0                     447.0000000 1414.00000   216%     -    0s
H    0     0                     454.0000000 1414.00000   211%     -    0s
     0     0 1414.00000    0   50  454.00000 1414.00000   211%     -    0s
H    0     0                     471.0000000 1414.00000   200%     -    0s
H    0     0                     478.0000000 1414.00000   196%     -    0s
H    0     0                     502.0000000 1414.00000   182%     -    0s
     0     0 1414.00000    0   50  502.00000 1414.00000   182%     -    0s
     0     0 1414.00000    0   53  502.00000 1414.00000   182%     -    0s
     0     0 1414.00000    0   44  502.00000 1414.00000   182%     -    0s
     0     0 1383.00000    0   47  502.00000 1383.00000   175%     -    0s
     0     0 1383.00000    0   44  502.00000 1383.00000   175%     -    0s
     0     0 1383.00000    0   46  502.00000 1383.00000   175%     -    0s
     0     0 1383.00000    0   44  502.00000 1383.00000   175%     -    0s
H    0     0                     526.0000000 1383.00000   163%     -    0s
     0     0 1383.00000    0   44  526.00000 1383.00000   163%     -    0s
     0     0 1383.00000    0   44  526.00000 1383.00000   163%     -    0s
     0     0 1383.00000    0   44  526.00000 1383.00000   163%     -    0s
     0     0 1383.00000    0   44  526.00000 1383.00000   163%     -    0s
     0     0 1383.00000    0   42  526.00000 1383.00000   163%     -    0s
     0     0 1383.00000    0   43  526.00000 1383.00000   163%     -    0s
     0     0 1383.00000    0   43  526.00000 1383.00000   163%     -    0s
     0     0 1383.00000    0   43  526.00000 1383.00000   163%     -    0s
     0     0 1383.00000    0   32  526.00000 1383.00000   163%     -    0s
     0     2 1383.00000    0   32  526.00000 1383.00000   163%     -    0s
  4872  2283 infeasible   31       526.00000 1293.72727   146%  70.4    5s
 19302  8375  765.96970   37   84  526.00000 1156.46364   120%  58.2   10s
 32582 10654  825.62121   44   39  526.00000 1147.59091   118%  59.6   15s
 48813 13153 infeasible   62       526.00000 1115.45455   112%  63.2   20s
 62754 19180  762.72727   55   56  526.00000 1073.42208   104%  64.9   26s
 79614 25450     cutoff   56       526.00000 1035.13636  96.8%  65.8   30s
 98192 32465  884.61364   43   45  526.00000 1002.68182  90.6%  67.1   35s
 119092 39658  741.94318   51   40  526.00000  976.90909  85.7%  67.3   40s
 140587 46994  663.63636   55    5  526.00000  958.06061  82.1%  68.0   45s
 159952 53521     cutoff   57       526.00000  939.27273  78.6%  68.9   50s
 177310 58698  859.59091   50   44  526.00000  928.27273  76.5%  69.1   55s
 195673 65018  735.86364   51   67  526.00000  912.50505  73.5%  70.2   60s
 215568 71104 infeasible   60       526.00000  904.84545  72.0%  70.8   65s
 236225 76896  599.18182   55   32  526.00000  887.77273  68.8%  71.1   70s
 254003 82577  593.59091   56   26  526.00000  883.01515  67.9%  71.5   75s
 275538 88518 infeasible   52       526.00000  875.59091  66.5%  72.0   80s
 295121 93317  805.00000   51   25  526.00000  861.31818  63.7%  72.2   85s
 314304 99238 infeasible   57       526.00000  856.15152  62.8%  72.8   90s
 334025 104797  624.02727   55   30  526.00000  852.63636  62.1%  73.3   95s
 355247 109932  844.81818   49   30  526.00000  847.31818  61.1%  73.5  100s
 370836 112403  589.46970   55   26  526.00000  839.05303  59.5%  73.5  105s
 391222 118476 infeasible   52       526.00000  829.50000  57.7%  73.8  110s
 413140 124771 infeasible   59       526.00000  827.19318  57.3%  74.1  115s
 434062 129816 infeasible   58       526.00000  823.83333  56.6%  74.3  120s
 455446 134185 infeasible   61       526.00000  819.53896  55.8%  74.5  125s
 476809 136717  687.95455   51   49  526.00000  808.63636  53.7%  74.4  130s
 497021 142022  543.61818   54   11  526.00000  802.13636  52.5%  74.7  135s
 512501 146063  593.59091   58   22  526.00000  800.68182  52.2%  74.9  140s
 530430 150129 infeasible   60       526.00000  798.65909  51.8%  75.2  145s
 550025 155026  682.18071   54   27  526.00000  797.70909  51.7%  75.4  150s
 569575 159286     cutoff   63       526.00000  795.24476  51.2%  75.6  155s
 587826 162298  675.90260   54   54  526.00000  793.40909  50.8%  75.8  160s
 609466 165533 infeasible   60       526.00000  789.81818  50.2%  75.8  165s
 631328 166653  600.59091   57   45  526.00000  780.53030  48.4%  75.7  170s
 647129 170250  569.59091   55   26  526.00000  775.31818  47.4%  75.9  175s
 667562 174950  568.18182   56   20  526.00000  772.59091  46.9%  76.1  180s
 684264 178713 infeasible   50       526.00000  772.50000  46.9%  76.3  185s
 703830 182668  715.04545   50   55  526.00000  770.61818  46.5%  76.5  190s
 720907 186248 infeasible   60       526.00000  769.72727  46.3%  76.8  195s
 740721 189975  590.77273   60   25  526.00000  768.31818  46.1%  77.0  200s
 761476 193703  527.36364   60    3  526.00000  766.90909  45.8%  77.1  205s
 778369 196341 infeasible   59       526.00000  765.59091  45.5%  77.3  210s
 794294 198462  735.34545   49   72  526.00000  764.45455  45.3%  77.3  215s
 814954 200562  593.59091   58   60  526.00000  761.67045  44.8%  77.3  220s
 836417 201341  679.18182   53   56  526.00000  757.36364  44.0%  77.2  225s
 857663 202365 infeasible   59       526.00000  748.54545  42.3%  77.1  230s
 877390 205780 infeasible   59       526.00000  745.81818  41.8%  77.2  235s
 896272 208965  593.59091   55   26  526.00000  744.36364  41.5%  77.4  240s
 914841 211723  600.59091   54   39  526.00000  743.15584  41.3%  77.6  245s
 928462 214032  658.52020   51   29  526.00000  742.90909  41.2%  77.8  250s
 947016 216924  681.00000   55   49  526.00000  741.59091  41.0%  78.0  255s
 964738 219780     cutoff   53       526.00000  741.50000  41.0%  78.2  260s
 985084 222564 infeasible   49       526.00000  740.13636  40.7%  78.4  265s
 1003405 224940 infeasible   53       526.00000  739.11364  40.5%  78.5  270s
 1021279 227139 infeasible   56       526.00000  738.68182  40.4%  78.7  275s
 1041117 229331  673.86364   56   93  526.00000  737.31818  40.2%  78.7  280s
 1060077 230879  617.04545   58   20  526.00000  735.95455  39.9%  78.8  285s
 1076113 231849  530.18182   59    6  526.00000  734.54545  39.6%  78.8  290s
 1092980 232106 infeasible   58       526.00000  733.09091  39.4%  78.7  295s
 1114782 231468  535.77273   58    2  526.00000  729.35455  38.7%  78.6  300s
 1136388 229940  624.86364   57   29  526.00000  723.62500  37.6%  78.4  305s
 1154712 231341  630.24892   48   28  526.00000  718.95455  36.7%  78.4  310s
 1170603 233083 infeasible   56       526.00000  717.54545  36.4%  78.6  315s
 1188108 235456  621.30303   54   41  526.00000  716.18182  36.2%  78.7  320s
 1203521 236935  623.27727   53   20  526.00000  715.61818  36.0%  78.9  325s
 1219554 238814  679.54545   55   27  526.00000  714.77273  35.9%  79.1  330s
 1237669 240496  621.53788   55   21  526.00000  714.02273  35.7%  79.3  335s
 1255116 242262 infeasible   56       526.00000  713.36364  35.6%  79.5  340s
 1274037 243501     cutoff   57       526.00000  712.11364  35.4%  79.7  345s
 1292162 245273  679.00000   50   32  526.00000  711.95455  35.4%  79.8  350s
 1308145 246098  620.13986   59   67  526.00000  711.25000  35.2%  79.9  355s
 1325151 247438  561.18182   55   17  526.00000  710.54545  35.1%  80.0  360s
 1342977 247943     cutoff   57       526.00000  709.51818  34.9%  80.2  365s
 1359922 248779 infeasible   55       526.00000  709.13636  34.8%  80.3  370s
 1378229 249159  612.27273   60    3  526.00000  707.77273  34.6%  80.4  375s
 1396703 248712  643.19156   55   23  526.00000  706.72727  34.4%  80.4  380s
 1409238 247684 infeasible   53       526.00000  706.31818  34.3%  80.4  385s
 1430738 246580  617.82727   52   25  526.00000  704.59091  34.0%  80.3  390s
 1450556 244858 infeasible   59       526.00000  702.13636  33.5%  80.2  395s
 1470769 241709  655.12121   56  117  526.00000  699.18182  32.9%  80.0  400s
 1492650 239306 infeasible   54       526.00000  692.13636  31.6%  79.9  405s
 1508065 239915 infeasible   59       526.00000  690.06818  31.2%  80.1  410s
 1522603 240458  628.77273   55   23  526.00000  688.77273  30.9%  80.2  415s
 1538820 241425 infeasible   56       526.00000  687.95455  30.8%  80.3  420s
 1555903 242333  623.18182   56   51  526.00000  686.70202  30.6%  80.5  425s
 1573143 242754     cutoff   55       526.00000  686.50000  30.5%  80.6  430s
 1589523 243476     cutoff   61       526.00000  685.18182  30.3%  80.8  435s
 1604939 244213  595.07273   54   21  526.00000  685.13636  30.3%  81.0  440s
 1620388 244110  535.77273   55    2  526.00000  684.47727  30.1%  81.1  445s
 1634543 244342  622.05455   53   32  526.00000  683.77273  30.0%  81.3  450s
 1649507 244557  534.52273   50   11  526.00000  683.72727  30.0%  81.4  455s
 1667530 244146  652.06818   56   64  526.00000  682.64545  29.8%  81.5  460s
 1683732 243914  566.06818   53   10  526.00000  682.36364  29.7%  81.6  465s
 1700405 242885  623.18182   54   28  526.00000  681.21074  29.5%  81.8  470s
 1719169 243057  589.36364   54   18  526.00000  680.95455  29.5%  81.8  475s
 1734214 241887  564.00000   55   16  526.00000  680.40909  29.4%  81.9  480s
 1748802 241256  592.18182   57   31  526.00000  679.54545  29.2%  81.9  485s
 1765316 239536  568.13636   51   52  526.00000  678.56061  29.0%  81.9  490s
 1783861 238223  615.36364   54   35  526.00000  678.09091  28.9%  82.0  495s
 1804568 235786 infeasible   53       526.00000  676.72727  28.7%  82.0  500s
 1826687 232260  587.95455   59   26  526.00000  674.79904  28.3%  81.9  505s
 1849049 228010 infeasible   55       526.00000  672.50000  27.9%  81.7  510s
 1866023 224084  564.00000   53   33  526.00000  669.41322  27.3%  81.6  515s
 1887631 220567  528.77273   60    2  526.00000  663.26136  26.1%  81.6  520s
 1900984 220423     cutoff   60       526.00000  661.18182  25.7%  81.7  525s
 1916027 220232  601.06061   58   30  526.00000  660.43182  25.6%  81.9  530s
 1931704 219936  616.09091   53   39  526.00000  659.77273  25.4%  82.1  535s
 1949108 218797     cutoff   52       526.00000  658.36364  25.2%  82.3  540s
 1964068 217520 infeasible   59       526.00000  657.53476  25.0%  82.4  545s
 1984854 217934  563.95455   60    4  526.00000  656.95455  24.9%  82.4  550s
 1999431 216831 infeasible   49       526.00000  656.43636  24.8%  82.5  555s
 2015387 216643  533.89394   57    8  526.00000  655.59091  24.6%  82.6  560s
 2032027 215628  643.22727   53    5  526.00000  655.54545  24.6%  82.7  565s
 2050170 214476  592.48864   62   14  526.00000  654.53091  24.4%  82.8  570s
 2066917 214239  561.88636   56    9  526.00000  654.18182  24.4%  82.9  575s
 2079603 213564  590.77273   54   20  526.00000  654.18182  24.4%  83.0  580s
 2095550 211829 infeasible   58       526.00000  653.47727  24.2%  83.1  585s
 2112848 210406  590.93182   56   27  526.00000  652.77273  24.1%  83.2  590s
 2129242 208534  537.13636   53    4  526.00000  652.72727  24.1%  83.3  595s
 2148348 205613  531.59091   63    1  526.00000  651.36364  23.8%  83.4  600s
 2165911 202478  591.47727   56   10  526.00000  650.96591  23.8%  83.4  605s
 2183717 200858 infeasible   60       526.00000  650.00000  23.6%  83.4  610s
 2203929 197303 infeasible   61       526.00000  649.48485  23.5%  83.4  615s
 2219093 195342  586.54545   60    4  526.00000  648.54545  23.3%  83.4  620s
 2237683 190911  586.04545   60   23  526.00000  647.18182  23.0%  83.4  625s
 2254564 187094  563.06061   59   61  526.00000  646.34615  22.9%  83.3  630s
 2279965 180303 infeasible   60       526.00000  644.22944  22.5%  83.2  635s
 2302830 173483  589.36364   57   46  526.00000  639.95455  21.7%  83.0  640s
 2323198 169135  531.59091   56    5  526.00000  634.31818  20.6%  83.0  645s
 2338548 168017  599.13636   53   31  526.00000  631.94318  20.1%  83.1  650s
 2354561 167260 infeasible   51       526.00000  631.12121  20.0%  83.2  655s
 2368022 165990 infeasible   53       526.00000  630.18182  19.8%  83.3  660s
 2382759 164590  595.14171   56   18  526.00000  630.13636  19.8%  83.5  665s
 2400467 162012     cutoff   54       526.00000  628.77273  19.5%  83.6  670s
 2416742 159216  563.60227   55   19  526.00000  628.06818  19.4%  83.8  675s
 2431251 156283 infeasible   57       526.00000  627.36364  19.3%  83.8  680s
 2448347 154117  626.00000   57   32  526.00000  626.00000  19.0%  83.9  685s
 2464278 153577 infeasible   57       526.00000  626.00000  19.0%  84.0  690s
 2482725 151209  625.76515   60   22  526.00000  625.95455  19.0%  84.1  695s
 2499906 149124  530.18182   62    2  526.00000  624.94318  18.8%  84.1  700s
 2516088 148168  531.59091   58   24  526.00000  624.59091  18.7%  84.1  705s
 2534331 145558  562.59091   62   12  526.00000  624.15909  18.7%  84.2  710s
 2549560 143130  536.09091   59    7  526.00000  623.50000  18.5%  84.3  715s
 2566115 141331  562.54545   57    3  526.00000  623.18182  18.5%  84.4  720s
 2583389 138541 infeasible   58       526.00000  623.02727  18.4%  84.4  725s
 2602056 134531  531.59091   61    1  526.00000  621.77273  18.2%  84.4  730s
 2620433 130240     cutoff   54       526.00000  621.30303  18.1%  84.4  735s
 2638514 125530 infeasible   54       526.00000  620.31818  17.9%  84.4  740s
 2653095 122031  601.18182   58   25  526.00000  619.00000  17.7%  84.4  745s
 2673751 116613 infeasible   59       526.00000  617.82727  17.5%  84.3  750s
 2696116 109830  559.98485   61    8  526.00000  615.61818  17.0%  84.2  755s
 2716327 102669  595.27273   59   33  526.00000  610.54545  16.1%  84.1  760s
 2732536 98870 infeasible   54       526.00000  604.77273  15.0%  84.2  765s
 2748165 96542  590.77273   56   17  526.00000  602.00000  14.4%  84.3  770s
 2766344 94083  569.59091   59   19  526.00000  600.59091  14.2%  84.4  775s
 2780325 91805     cutoff   62       526.00000  600.18831  14.1%  84.5  780s
 2797647 88197     cutoff   59       526.00000  599.18182  13.9%  84.6  785s
 2812102 84251  563.95455   58   30  526.00000  597.77273  13.6%  84.6  790s
 2829941 79243     cutoff   57       526.00000  595.00000  13.1%  84.6  795s
 2847075 76843     cutoff   58       526.00000  595.00000  13.1%  84.7  800s
 2861346 74776  562.69697   58   25  526.00000  595.00000  13.1%  84.8  805s
 2876812 71570  528.77273   57    2  526.00000  594.53030  13.0%  84.9  810s
 2891778 68851  559.77273   63    2  526.00000  593.59091  12.8%  84.9  815s
 2908092 65562 infeasible   56       526.00000  593.12121  12.8%  85.0  820s
 2923372 60702     cutoff   57       526.00000  592.18182  12.6%  85.0  825s
 2945845 53127  583.77273   61   20  526.00000  588.00000  11.8%  84.9  830s
 2963486 46476     cutoff   57       526.00000  582.97727  10.8%  84.9  835s
 2980325 40949  568.18182   60   44  526.00000  571.00000  8.56%  85.0  840s
 2993597 37422  537.18182   59    2  526.00000  570.73160  8.50%  85.2  845s
 3006669 32826 infeasible   56       526.00000  568.88636  8.15%  85.2  850s
 3022850 26806 infeasible   60       526.00000  564.00000  7.22%  85.2  855s
 3034404 23373  564.00000   53   60  526.00000  564.00000  7.22%  85.3  860s
 3049425 17529     cutoff   59       526.00000  562.59091  6.96%  85.3  865s
 3068143  3845 infeasible   57       526.00000  538.59091  2.39%  85.3  870s

Cutting planes:
  Flow cover: 1
  Zero half: 6

Explored 3074404 nodes (262127587 simplex iterations) in 871.25 seconds (1856.20 work units)
Thread count was 16 (of 16 available processors)

Solution count 10: 526 526 526 ... 471

Optimal solution found (tolerance 1.00e-04)
Best objective 5.260000000000e+02, best bound 5.260000000000e+02, gap 0.0000%

Wrote result file '/root/bgw/data/results/2026_03_24_20_47_58_set_vm-3-t3_vm-3-t3_s014_g002_max.sol'

