[2026-03-23T15:59:15.341Z] Pipeline "set_exp_3_exp_3_n018_c005_g001" → 2026_03_23_15_59_15_set_exp_3_exp_3_n018_c005_g001_max.sol
Set parameter WLSAccessID
Set parameter WLSSecret
Set parameter LicenseID to value 2792458
Set parameter LogFile to value "gurobi.log"
Using license file /root/gurobi.lic
Academic license 2792458 - for non-commercial use only - registered to an___@studenti.unipg.it

Gurobi Optimizer version 13.0.1 build v13.0.1rc0 (linux64 - "Ubuntu 24.04.4 LTS")
Copyright (c) 2026, Gurobi Optimization, LLC

Warning: Duplicate section found (read 'binary') - Is a variable name equal to an LP file format keyword?
Warning: Duplicate section found (read 'binary') - Is a variable name equal to an LP file format keyword?
Warning: Duplicate section found (read 'binary') - Is a variable name equal to an LP file format keyword?
Warning: Duplicate section found (read 'binary') - Is a variable name equal to an LP file format keyword?
Warning: Duplicate section found (read 'binary') - Is a variable name equal to an LP file format keyword?
Warning: Duplicate section found (read 'binary') - Is a variable name equal to an LP file format keyword?
Warning: Duplicate section found (read 'binary') - Is a variable name equal to an LP file format keyword?
Warning: Duplicate section found (read 'binary') - Is a variable name equal to an LP file format keyword?
Warning: Duplicate section found (read 'binary') - Is a variable name equal to an LP file format keyword?
Warning: Duplicate section found (read 'binary') - Is a variable name equal to an LP file format keyword?
Warning: Further warnings of this type will be omitted.
Read LP format model from file /root/bgw/data/uploads/2026_03_23_15_59_15_set_exp_3_exp_3_n018_c005_g001_max.lp
Reading time = 0.00 seconds
: 2003 rows, 250 columns, 5936 nonzeros

Using Gurobi shared library /opt/gurobi1301/linux64/lib/libgurobi.so.13.0.1

CPU model: AMD EPYC-Genoa Processor, instruction set [SSE2|AVX|AVX2|AVX512]
Thread count: 16 physical cores, 16 logical processors, using up to 16 threads

Academic license 2792458 - for non-commercial use only - registered to an___@studenti.unipg.it
Optimize a model with 2003 rows, 250 columns and 5936 nonzeros (Max)
Model fingerprint: 0x28ffab00
Model has 5 linear objective coefficients
Variable types: 23 continuous, 227 integer (227 binary)
Coefficient statistics:
  Matrix range     [1e+00, 2e+01]
  Objective range  [1e+00, 1e+00]
  Bounds range     [1e+00, 1e+00]
  RHS range        [1e+00, 2e+01]

Found heuristic solution: objective 5.0000000
Presolve removed 336 rows and 75 columns
Presolve time: 0.01s
Presolved: 1667 rows, 175 columns, 5136 nonzeros
Variable types: 0 continuous, 175 integer (166 binary)
Found heuristic solution: objective 6.0000000

Root relaxation: objective 2.000000e+01, 158 iterations, 0.01 seconds (0.01 work units)

    Nodes    |    Current Node    |     Objective Bounds      |     Work
 Expl Unexpl |  Obj  Depth IntInf | Incumbent    BestBd   Gap | It/Node Time

     0     0   20.00000    0   35    6.00000   20.00000   233%     -    0s
H    0     0                       7.0000000   20.00000   186%     -    0s
H    0     0                      12.0000000   20.00000  66.7%     -    0s
H    0     0                      14.0000000   20.00000  42.9%     -    0s
     0     0   20.00000    0   38   14.00000   20.00000  42.9%     -    0s
     0     0   20.00000    0   38   14.00000   20.00000  42.9%     -    0s
     0     0   20.00000    0   37   14.00000   20.00000  42.9%     -    0s
     0     0   20.00000    0   33   14.00000   20.00000  42.9%     -    0s
     0     0   20.00000    0   34   14.00000   20.00000  42.9%     -    0s
     0     0   20.00000    0   32   14.00000   20.00000  42.9%     -    0s
     0     0   20.00000    0   36   14.00000   20.00000  42.9%     -    0s
     0     0   20.00000    0   33   14.00000   20.00000  42.9%     -    0s
     0     0   20.00000    0   41   14.00000   20.00000  42.9%     -    0s
     0     0   20.00000    0   41   14.00000   20.00000  42.9%     -    0s
     0     0   20.00000    0   33   14.00000   20.00000  42.9%     -    0s
     0     0   20.00000    0   38   14.00000   20.00000  42.9%     -    0s
     0     0   20.00000    0   38   14.00000   20.00000  42.9%     -    0s
     0     0   20.00000    0   38   14.00000   20.00000  42.9%     -    0s
     0     0   20.00000    0   38   14.00000   20.00000  42.9%     -    0s
     0     2   20.00000    0   38   14.00000   20.00000  42.9%     -    0s

Cutting planes:
  Gomory: 1
  Cover: 12
  MIR: 1
  Inf proof: 42

Explored 3647 nodes (235618 simplex iterations) in 1.72 seconds (1.81 work units)
Thread count was 16 (of 16 available processors)

Solution count 5: 14 12 7 ... 5

Optimal solution found (tolerance 1.00e-04)
Best objective 1.400000000000e+01, best bound 1.400000000000e+01, gap 0.0000%

Wrote result file '/root/bgw/data/results/2026_03_23_15_59_15_set_exp_3_exp_3_n018_c005_g001_max.sol'

