[2026-03-23T16:32:05.857Z] Pipeline "set_ds_1_ds_1_s007_g002" → 2026_03_23_16_32_05_set_ds_1_ds_1_s007_g002_max.sol
Set parameter WLSAccessID
Set parameter WLSSecret
Set parameter LicenseID to value 2792458
Set parameter LogFile to value "gurobi.log"
Using license file /root/gurobi.lic
Academic license 2792458 - for non-commercial use only - registered to an___@studenti.unipg.it

Gurobi Optimizer version 13.0.1 build v13.0.1rc0 (linux64 - "Ubuntu 24.04.4 LTS")
Copyright (c) 2026, Gurobi Optimization, LLC

Warning: Duplicate section found (read 'binary') - Is a variable name equal to an LP file format keyword?
Warning: Duplicate section found (read 'binary') - Is a variable name equal to an LP file format keyword?
Warning: Duplicate section found (read 'binary') - Is a variable name equal to an LP file format keyword?
Warning: Duplicate section found (read 'binary') - Is a variable name equal to an LP file format keyword?
Warning: Duplicate section found (read 'binary') - Is a variable name equal to an LP file format keyword?
Warning: Duplicate section found (read 'binary') - Is a variable name equal to an LP file format keyword?
Warning: Duplicate section found (read 'binary') - Is a variable name equal to an LP file format keyword?
Warning: Duplicate section found (read 'binary') - Is a variable name equal to an LP file format keyword?
Warning: Duplicate section found (read 'binary') - Is a variable name equal to an LP file format keyword?
Warning: Duplicate section found (read 'binary') - Is a variable name equal to an LP file format keyword?
Warning: Further warnings of this type will be omitted.
Read LP format model from file /root/bgw/data/uploads/2026_03_23_16_32_05_set_ds_1_ds_1_s007_g002_max.lp
Reading time = 0.00 seconds
: 1816 rows, 235 columns, 5308 nonzeros

Using Gurobi shared library /opt/gurobi1301/linux64/lib/libgurobi.so.13.0.1

CPU model: AMD EPYC-Genoa Processor, instruction set [SSE2|AVX|AVX2|AVX512]
Thread count: 16 physical cores, 16 logical processors, using up to 16 threads

Academic license 2792458 - for non-commercial use only - registered to an___@studenti.unipg.it
Optimize a model with 1816 rows, 235 columns and 5308 nonzeros (Max)
Model fingerprint: 0x63fd84f0
Model has 23 linear objective coefficients
Variable types: 40 continuous, 195 integer (195 binary)
Coefficient statistics:
  Matrix range     [1e+00, 2e+01]
  Objective range  [1e+00, 1e+00]
  Bounds range     [1e+00, 1e+00]
  RHS range        [1e+00, 2e+01]

Found heuristic solution: objective 23.0000000
Presolve removed 402 rows and 67 columns
Presolve time: 0.01s
Presolved: 1414 rows, 168 columns, 4382 nonzeros
Variable types: 0 continuous, 168 integer (158 binary)
Found heuristic solution: objective 31.0000000

Root relaxation: objective 1.070000e+02, 250 iterations, 0.01 seconds (0.01 work units)

    Nodes    |    Current Node    |     Objective Bounds      |     Work
 Expl Unexpl |  Obj  Depth IntInf | Incumbent    BestBd   Gap | It/Node Time

     0     0  107.00000    0   62   31.00000  107.00000   245%     -    0s
H    0     0                      32.0000000  107.00000   234%     -    0s
H    0     0                      46.0000000  107.00000   133%     -    0s
H    0     0                      47.0000000  107.00000   128%     -    0s
     0     0  107.00000    0   59   47.00000  107.00000   128%     -    0s
H    0     0                      48.0000000  107.00000   123%     -    0s
H    0     0                      50.0000000  107.00000   114%     -    0s
     0     0  107.00000    0   54   50.00000  107.00000   114%     -    0s
     0     0  107.00000    0   50   50.00000  107.00000   114%     -    0s
H    0     0                      54.0000000  107.00000  98.1%     -    0s
     0     0  107.00000    0   49   54.00000  107.00000  98.1%     -    0s
     0     0  107.00000    0   38   54.00000  107.00000  98.1%     -    0s
     0     0  107.00000    0   50   54.00000  107.00000  98.1%     -    0s
     0     0  107.00000    0   50   54.00000  107.00000  98.1%     -    0s
H    0     0                      55.0000000  107.00000  94.5%     -    0s
     0     0  107.00000    0   50   55.00000  107.00000  94.5%     -    0s
     0     0  107.00000    0   50   55.00000  107.00000  94.5%     -    0s
     0     0  107.00000    0   48   55.00000  107.00000  94.5%     -    0s
     0     0  107.00000    0   48   55.00000  107.00000  94.5%     -    0s
H    0     0                      56.0000000  107.00000  91.1%     -    0s
     0     0  107.00000    0   48   56.00000  107.00000  91.1%     -    0s
     0     0  107.00000    0   48   56.00000  107.00000  91.1%     -    0s
     0     0  107.00000    0   48   56.00000  107.00000  91.1%     -    0s
     0     0  107.00000    0   48   56.00000  107.00000  91.1%     -    0s
     0     2  107.00000    0   44   56.00000  107.00000  91.1%     -    0s
H   24    24                      57.0000000  107.00000  87.7%  59.5    0s
 21825  4328 infeasible   37        57.00000   76.40000  34.0%  46.0    5s
 67559  6557   59.80000   35   55   57.00000   66.44103  16.6%  44.7   10s

Explored 102240 nodes (4566285 simplex iterations) in 13.31 seconds (20.31 work units)
Thread count was 16 (of 16 available processors)

Solution count 10: 57 57 57 ... 47

Optimal solution found (tolerance 1.00e-04)
Best objective 5.700000000000e+01, best bound 5.700000000000e+01, gap 0.0000%

Wrote result file '/root/bgw/data/results/2026_03_23_16_32_05_set_ds_1_ds_1_s007_g002_max.sol'

