[2026-03-23T13:36:20.373Z] Pipeline "set_exp_2_exp_2_n020_c004_g003" → 2026_03_23_13_36_20_set_exp_2_exp_2_n020_c004_g003_max.sol
Set parameter WLSAccessID
Set parameter WLSSecret
Set parameter LicenseID to value 2792458
Set parameter LogFile to value "gurobi.log"
Using license file /root/gurobi.lic
Academic license 2792458 - for non-commercial use only - registered to an___@studenti.unipg.it

Gurobi Optimizer version 13.0.1 build v13.0.1rc0 (linux64 - "Ubuntu 24.04.4 LTS")
Copyright (c) 2026, Gurobi Optimization, LLC

Warning: Duplicate section found (read 'binary') - Is a variable name equal to an LP file format keyword?
Warning: Duplicate section found (read 'binary') - Is a variable name equal to an LP file format keyword?
Warning: Duplicate section found (read 'binary') - Is a variable name equal to an LP file format keyword?
Warning: Duplicate section found (read 'binary') - Is a variable name equal to an LP file format keyword?
Warning: Duplicate section found (read 'binary') - Is a variable name equal to an LP file format keyword?
Warning: Duplicate section found (read 'binary') - Is a variable name equal to an LP file format keyword?
Warning: Duplicate section found (read 'binary') - Is a variable name equal to an LP file format keyword?
Warning: Duplicate section found (read 'binary') - Is a variable name equal to an LP file format keyword?
Warning: Duplicate section found (read 'binary') - Is a variable name equal to an LP file format keyword?
Warning: Duplicate section found (read 'binary') - Is a variable name equal to an LP file format keyword?
Warning: Further warnings of this type will be omitted.
Read LP format model from file /root/bgw/data/uploads/2026_03_23_13_36_20_set_exp_2_exp_2_n020_c004_g003_max.lp
Reading time = 0.00 seconds
: 2748 rows, 304 columns, 8144 nonzeros

Using Gurobi shared library /opt/gurobi1301/linux64/lib/libgurobi.so.13.0.1

CPU model: AMD EPYC-Genoa Processor, instruction set [SSE2|AVX|AVX2|AVX512]
Thread count: 16 physical cores, 16 logical processors, using up to 16 threads

Academic license 2792458 - for non-commercial use only - registered to an___@studenti.unipg.it
Optimize a model with 2748 rows, 304 columns and 8144 nonzeros (Max)
Model fingerprint: 0x64032a03
Model has 4 linear objective coefficients
Variable types: 24 continuous, 280 integer (280 binary)
Coefficient statistics:
  Matrix range     [1e+00, 2e+01]
  Objective range  [1e+00, 1e+00]
  Bounds range     [1e+00, 1e+00]
  RHS range        [1e+00, 2e+01]

Found heuristic solution: objective 4.0000000
Presolve removed 441 rows and 97 columns
Presolve time: 0.01s
Presolved: 2307 rows, 207 columns, 7040 nonzeros
Variable types: 0 continuous, 207 integer (200 binary)
Found heuristic solution: objective 5.0000000

Root relaxation: objective 1.600000e+01, 148 iterations, 0.01 seconds (0.01 work units)

    Nodes    |    Current Node    |     Objective Bounds      |     Work
 Expl Unexpl |  Obj  Depth IntInf | Incumbent    BestBd   Gap | It/Node Time

     0     0   16.00000    0   27    5.00000   16.00000   220%     -    0s
H    0     0                       7.0000000   16.00000   129%     -    0s
H    0     0                      10.0000000   16.00000  60.0%     -    0s
     0     0   16.00000    0   36   10.00000   16.00000  60.0%     -    0s
     0     0   16.00000    0   31   10.00000   16.00000  60.0%     -    0s
     0     0   16.00000    0   24   10.00000   16.00000  60.0%     -    0s
     0     0   16.00000    0   24   10.00000   16.00000  60.0%     -    0s
     0     0   16.00000    0   24   10.00000   16.00000  60.0%     -    0s
     0     0   16.00000    0   26   10.00000   16.00000  60.0%     -    0s
     0     0   15.88889    0   26   10.00000   15.88889  58.9%     -    0s
     0     0   15.88889    0   26   10.00000   15.88889  58.9%     -    0s
     0     0   15.00000    0   26   10.00000   15.00000  50.0%     -    0s
     0     0   15.00000    0   18   10.00000   15.00000  50.0%     -    0s
     0     0   15.00000    0   26   10.00000   15.00000  50.0%     -    0s
     0     0   14.97222    0   25   10.00000   14.97222  49.7%     -    0s
     0     0   14.97222    0   19   10.00000   14.97222  49.7%     -    0s
     0     0   14.00000    0   27   10.00000   14.00000  40.0%     -    0s
     0     0   14.00000    0   18   10.00000   14.00000  40.0%     -    0s
     0     0   14.00000    0   26   10.00000   14.00000  40.0%     -    0s
     0     0   14.00000    0   18   10.00000   14.00000  40.0%     -    0s
     0     0   14.00000    0   18   10.00000   14.00000  40.0%     -    0s
     0     0   14.00000    0   18   10.00000   14.00000  40.0%     -    0s
     0     2   14.00000    0   18   10.00000   14.00000  40.0%     -    0s

Cutting planes:
  Gomory: 4
  Cover: 6
  MIR: 3
  Inf proof: 9
  Zero half: 2

Explored 1083 nodes (57293 simplex iterations) in 0.50 seconds (0.67 work units)
Thread count was 16 (of 16 available processors)

Solution count 4: 10 7 5 4 

Optimal solution found (tolerance 1.00e-04)
Best objective 1.000000000000e+01, best bound 1.000000000000e+01, gap 0.0000%

Wrote result file '/root/bgw/data/results/2026_03_23_13_36_20_set_exp_2_exp_2_n020_c004_g003_max.sol'

