[2026-03-24T00:34:03.392Z] Pipeline "set_set_set_s007_g005" → 2026_03_24_00_34_03_set_set_set_s007_g005_max.sol
Set parameter WLSAccessID
Set parameter WLSSecret
Set parameter LicenseID to value 2792458
Set parameter LogFile to value "gurobi.log"
Using license file /root/gurobi.lic
Academic license 2792458 - for non-commercial use only - registered to an___@studenti.unipg.it

Gurobi Optimizer version 13.0.1 build v13.0.1rc0 (linux64 - "Ubuntu 24.04.4 LTS")
Copyright (c) 2026, Gurobi Optimization, LLC

Warning: Duplicate section found (read 'binary') - Is a variable name equal to an LP file format keyword?
Warning: Duplicate section found (read 'binary') - Is a variable name equal to an LP file format keyword?
Warning: Duplicate section found (read 'binary') - Is a variable name equal to an LP file format keyword?
Warning: Duplicate section found (read 'binary') - Is a variable name equal to an LP file format keyword?
Warning: Duplicate section found (read 'binary') - Is a variable name equal to an LP file format keyword?
Warning: Duplicate section found (read 'binary') - Is a variable name equal to an LP file format keyword?
Warning: Duplicate section found (read 'binary') - Is a variable name equal to an LP file format keyword?
Warning: Duplicate section found (read 'binary') - Is a variable name equal to an LP file format keyword?
Warning: Duplicate section found (read 'binary') - Is a variable name equal to an LP file format keyword?
Warning: Duplicate section found (read 'binary') - Is a variable name equal to an LP file format keyword?
Warning: Further warnings of this type will be omitted.
Read LP format model from file /root/bgw/data/uploads/2026_03_24_00_34_03_set_set_set_s007_g005_max.lp
Reading time = 0.00 seconds
: 789 rows, 143 columns, 2181 nonzeros

Using Gurobi shared library /opt/gurobi1301/linux64/lib/libgurobi.so.13.0.1

CPU model: AMD EPYC-Genoa Processor, instruction set [SSE2|AVX|AVX2|AVX512]
Thread count: 16 physical cores, 16 logical processors, using up to 16 threads

Academic license 2792458 - for non-commercial use only - registered to an___@studenti.unipg.it
Optimize a model with 789 rows, 143 columns and 2181 nonzeros (Max)
Model fingerprint: 0xbc281d61
Model has 17 linear objective coefficients
Variable types: 29 continuous, 114 integer (114 binary)
Coefficient statistics:
  Matrix range     [1e+00, 1e+01]
  Objective range  [1e+00, 1e+00]
  Bounds range     [1e+00, 1e+00]
  RHS range        [1e+00, 1e+01]

Found heuristic solution: objective 17.0000000
Presolve removed 299 rows and 47 columns
Presolve time: 0.00s
Presolved: 490 rows, 96 columns, 1560 nonzeros
Variable types: 0 continuous, 96 integer (86 binary)
Found heuristic solution: objective 30.0000000

Root relaxation: objective 7.700000e+01, 91 iterations, 0.00 seconds (0.00 work units)

    Nodes    |    Current Node    |     Objective Bounds      |     Work
 Expl Unexpl |  Obj  Depth IntInf | Incumbent    BestBd   Gap | It/Node Time

     0     0   77.00000    0   50   30.00000   77.00000   157%     -    0s
H    0     0                      31.0000000   77.00000   148%     -    0s
H    0     0                      36.0000000   77.00000   114%     -    0s
H    0     0                      40.0000000   77.00000  92.5%     -    0s
H    0     0                      41.0000000   77.00000  87.8%     -    0s
     0     0   77.00000    0   51   41.00000   77.00000  87.8%     -    0s
     0     0   77.00000    0   51   41.00000   77.00000  87.8%     -    0s
     0     0   77.00000    0   49   41.00000   77.00000  87.8%     -    0s
H    0     0                      42.0000000   77.00000  83.3%     -    0s
H    0     0                      45.0000000   77.00000  71.1%     -    0s
     0     0   77.00000    0   51   45.00000   77.00000  71.1%     -    0s
     0     0   77.00000    0   50   45.00000   77.00000  71.1%     -    0s
     0     0   77.00000    0   48   45.00000   77.00000  71.1%     -    0s
     0     0   77.00000    0   48   45.00000   77.00000  71.1%     -    0s
     0     0   77.00000    0   49   45.00000   77.00000  71.1%     -    0s
     0     0   77.00000    0   48   45.00000   77.00000  71.1%     -    0s
     0     0   77.00000    0   51   45.00000   77.00000  71.1%     -    0s
     0     0   77.00000    0   48   45.00000   77.00000  71.1%     -    0s
     0     0   77.00000    0   48   45.00000   77.00000  71.1%     -    0s
     0     0   77.00000    0   48   45.00000   77.00000  71.1%     -    0s
     0     2   77.00000    0   48   45.00000   77.00000  71.1%     -    0s
H   30    30                      46.0000000   77.00000  67.4%  47.3    0s

Cutting planes:
  Inf proof: 6

Explored 19398 nodes (434542 simplex iterations) in 1.72 seconds (2.07 work units)
Thread count was 16 (of 16 available processors)

Solution count 9: 46 45 42 ... 17

Optimal solution found (tolerance 1.00e-04)
Best objective 4.600000000000e+01, best bound 4.600000000000e+01, gap 0.0000%

Wrote result file '/root/bgw/data/results/2026_03_24_00_34_03_set_set_set_s007_g005_max.sol'

