[2026-03-23T16:00:53.402Z] Pipeline "set_exp_3_exp_3_n022_c005_g005" → 2026_03_23_16_00_53_set_exp_3_exp_3_n022_c005_g005_max.sol
Set parameter WLSAccessID
Set parameter WLSSecret
Set parameter LicenseID to value 2792458
Set parameter LogFile to value "gurobi.log"
Using license file /root/gurobi.lic
Academic license 2792458 - for non-commercial use only - registered to an___@studenti.unipg.it

Gurobi Optimizer version 13.0.1 build v13.0.1rc0 (linux64 - "Ubuntu 24.04.4 LTS")
Copyright (c) 2026, Gurobi Optimization, LLC

Warning: Duplicate section found (read 'binary') - Is a variable name equal to an LP file format keyword?
Warning: Duplicate section found (read 'binary') - Is a variable name equal to an LP file format keyword?
Warning: Duplicate section found (read 'binary') - Is a variable name equal to an LP file format keyword?
Warning: Duplicate section found (read 'binary') - Is a variable name equal to an LP file format keyword?
Warning: Duplicate section found (read 'binary') - Is a variable name equal to an LP file format keyword?
Warning: Duplicate section found (read 'binary') - Is a variable name equal to an LP file format keyword?
Warning: Duplicate section found (read 'binary') - Is a variable name equal to an LP file format keyword?
Warning: Duplicate section found (read 'binary') - Is a variable name equal to an LP file format keyword?
Warning: Duplicate section found (read 'binary') - Is a variable name equal to an LP file format keyword?
Warning: Duplicate section found (read 'binary') - Is a variable name equal to an LP file format keyword?
Warning: Further warnings of this type will be omitted.
Read LP format model from file /root/bgw/data/uploads/2026_03_23_16_00_53_set_exp_3_exp_3_n022_c005_g005_max.lp
Reading time = 0.01 seconds
: 3595 rows, 363 columns, 10720 nonzeros

Using Gurobi shared library /opt/gurobi1301/linux64/lib/libgurobi.so.13.0.1

CPU model: AMD EPYC-Genoa Processor, instruction set [SSE2|AVX|AVX2|AVX512]
Thread count: 16 physical cores, 16 logical processors, using up to 16 threads

Academic license 2792458 - for non-commercial use only - registered to an___@studenti.unipg.it
Optimize a model with 3595 rows, 363 columns and 10720 nonzeros (Max)
Model fingerprint: 0x41a484f4
Model has 5 linear objective coefficients
Variable types: 27 continuous, 336 integer (336 binary)
Coefficient statistics:
  Matrix range     [1e+00, 2e+01]
  Objective range  [1e+00, 1e+00]
  Bounds range     [1e+00, 1e+00]
  RHS range        [1e+00, 2e+01]

Found heuristic solution: objective 5.0000000
Presolve removed 478 rows and 108 columns
Presolve time: 0.02s
Presolved: 3117 rows, 255 columns, 9560 nonzeros
Variable types: 0 continuous, 255 integer (244 binary)

Root relaxation: objective 2.000000e+01, 174 iterations, 0.01 seconds (0.01 work units)

    Nodes    |    Current Node    |     Objective Bounds      |     Work
 Expl Unexpl |  Obj  Depth IntInf | Incumbent    BestBd   Gap | It/Node Time

     0     0   20.00000    0   26    5.00000   20.00000   300%     -    0s
H    0     0                      15.0000000   20.00000  33.3%     -    0s
     0     0   20.00000    0   21   15.00000   20.00000  33.3%     -    0s
     0     0   20.00000    0   13   15.00000   20.00000  33.3%     -    0s
     0     0   20.00000    0   28   15.00000   20.00000  33.3%     -    0s
     0     0   20.00000    0   15   15.00000   20.00000  33.3%     -    0s
     0     0   20.00000    0   20   15.00000   20.00000  33.3%     -    0s
     0     0   20.00000    0   17   15.00000   20.00000  33.3%     -    0s
     0     0   20.00000    0   20   15.00000   20.00000  33.3%     -    0s
     0     0   20.00000    0   19   15.00000   20.00000  33.3%     -    0s
     0     0   20.00000    0   18   15.00000   20.00000  33.3%     -    0s
     0     0   20.00000    0   17   15.00000   20.00000  33.3%     -    0s
     0     0   20.00000    0   18   15.00000   20.00000  33.3%     -    0s
     0     0   20.00000    0   18   15.00000   20.00000  33.3%     -    0s
     0     0   20.00000    0   28   15.00000   20.00000  33.3%     -    0s
     0     0   20.00000    0   17   15.00000   20.00000  33.3%     -    0s
     0     0   20.00000    0   17   15.00000   20.00000  33.3%     -    0s
     0     0   20.00000    0   17   15.00000   20.00000  33.3%     -    0s
     0     2   20.00000    0   17   15.00000   20.00000  33.3%     -    0s

Cutting planes:
  Cover: 2
  Inf proof: 27
  Mod-K: 5

Explored 570 nodes (34368 simplex iterations) in 0.67 seconds (0.60 work units)
Thread count was 16 (of 16 available processors)

Solution count 2: 15 5 

Optimal solution found (tolerance 1.00e-04)
Best objective 1.500000000000e+01, best bound 1.500000000000e+01, gap 0.0000%

Wrote result file '/root/bgw/data/results/2026_03_23_16_00_53_set_exp_3_exp_3_n022_c005_g005_max.sol'

