[2026-03-24T16:33:03.977Z] Pipeline "set_vm-3-t2_vm-3-t2_s027_g001" → 2026_03_24_16_33_03_set_vm-3-t2_vm-3-t2_s027_g001_max.sol
Set parameter Username
Set parameter LicenseID to value 2796068
Set parameter LogFile to value "gurobi.log"
Using license file /opt/gurobi/gurobi.lic
Academic license - for non-commercial use only - expires 2027-03-23

Gurobi Optimizer version 13.0.1 build v13.0.1rc0 (linux64 - "Ubuntu 24.04.4 LTS")
Copyright (c) 2026, Gurobi Optimization, LLC

Warning: Duplicate section found (read 'binary') - Is a variable name equal to an LP file format keyword?
Warning: Duplicate section found (read 'binary') - Is a variable name equal to an LP file format keyword?
Warning: Duplicate section found (read 'binary') - Is a variable name equal to an LP file format keyword?
Warning: Duplicate section found (read 'binary') - Is a variable name equal to an LP file format keyword?
Warning: Duplicate section found (read 'binary') - Is a variable name equal to an LP file format keyword?
Warning: Duplicate section found (read 'binary') - Is a variable name equal to an LP file format keyword?
Warning: Duplicate section found (read 'binary') - Is a variable name equal to an LP file format keyword?
Warning: Duplicate section found (read 'binary') - Is a variable name equal to an LP file format keyword?
Warning: Duplicate section found (read 'binary') - Is a variable name equal to an LP file format keyword?
Warning: Duplicate section found (read 'binary') - Is a variable name equal to an LP file format keyword?
Warning: Further warnings of this type will be omitted.
Read LP format model from file /root/bgw/data/uploads/2026_03_24_16_33_03_set_vm-3-t2_vm-3-t2_s027_g001_max.lp
Reading time = 0.01 seconds
: 15914 rows, 776 columns, 48719 nonzeros

Using Gurobi shared library /opt/gurobi1301/linux64/lib/libgurobi.so.13.0.1

CPU model: AMD EPYC-Genoa Processor, instruction set [SSE2|AVX|AVX2|AVX512]
Thread count: 16 physical cores, 16 logical processors, using up to 16 threads

Optimize a model with 15914 rows, 776 columns and 48719 nonzeros (Max)
Model fingerprint: 0x9cb4c62e
Model has 17 linear objective coefficients
Variable types: 54 continuous, 722 integer (722 binary)
Coefficient statistics:
  Matrix range     [1e+00, 4e+01]
  Objective range  [1e+00, 1e+00]
  Bounds range     [1e+00, 1e+00]
  RHS range        [1e+00, 4e+01]

Found heuristic solution: objective 17.0000000
Presolve removed 344 rows and 92 columns
Presolve time: 0.05s
Presolved: 15570 rows, 684 columns, 46914 nonzeros
Variable types: 0 continuous, 684 integer (678 binary)
Found heuristic solution: objective 24.0000000

Root relaxation: objective 9.000000e+01, 275 iterations, 0.03 seconds (0.04 work units)

    Nodes    |    Current Node    |     Objective Bounds      |     Work
 Expl Unexpl |  Obj  Depth IntInf | Incumbent    BestBd   Gap | It/Node Time

     0     0   90.00000    0   17   24.00000   90.00000   275%     -    0s
H    0     0                      38.0000000   90.00000   137%     -    0s
H    0     0                      47.0000000   90.00000  91.5%     -    0s
     0     0   90.00000    0   19   47.00000   90.00000  91.5%     -    0s
     0     0   90.00000    0   16   47.00000   90.00000  91.5%     -    0s
     0     0   90.00000    0   16   47.00000   90.00000  91.5%     -    0s
     0     0   90.00000    0   22   47.00000   90.00000  91.5%     -    0s
     0     0   90.00000    0   14   47.00000   90.00000  91.5%     -    0s
     0     0   90.00000    0   20   47.00000   90.00000  91.5%     -    0s
     0     0   90.00000    0   19   47.00000   90.00000  91.5%     -    0s
     0     0   90.00000    0   19   47.00000   90.00000  91.5%     -    0s
     0     0   89.77143    0   20   47.00000   89.77143  91.0%     -    0s
     0     0   89.77143    0   19   47.00000   89.77143  91.0%     -    0s
     0     0   89.62857    0   19   47.00000   89.62857  90.7%     -    0s
     0     0   89.00000    0   19   47.00000   89.00000  89.4%     -    0s
     0     0   89.00000    0   18   47.00000   89.00000  89.4%     -    0s
     0     0   89.00000    0   20   47.00000   89.00000  89.4%     -    0s
     0     0   89.00000    0   14   47.00000   89.00000  89.4%     -    0s
     0     0   83.00000    0   14   47.00000   83.00000  76.6%     -    0s
     0     0   83.00000    0   14   47.00000   83.00000  76.6%     -    0s
     0     2   83.00000    0   14   47.00000   83.00000  76.6%     -    0s
  2575    24 infeasible   13        47.00000   59.40000  26.4%   122    5s

Cutting planes:
  Cover: 13
  MIR: 3
  Inf proof: 39

Explored 2713 nodes (344197 simplex iterations) in 5.33 seconds (10.53 work units)
Thread count was 16 (of 16 available processors)

Solution count 4: 47 38 24 17 

Optimal solution found (tolerance 1.00e-04)
Best objective 4.700000000000e+01, best bound 4.700000000000e+01, gap 0.0000%

Wrote result file '/root/bgw/data/results/2026_03_24_16_33_03_set_vm-3-t2_vm-3-t2_s027_g001_max.sol'

