[2026-03-24T17:16:53.895Z] Pipeline "set_vm-4-t1_vm-4-t1_s023_g001" → 2026_03_24_17_16_53_set_vm-4-t1_vm-4-t1_s023_g001_max.sol
Set parameter Username
Set parameter LicenseID to value 2797659
Set parameter LogFile to value "gurobi.log"
Using license file /opt/gurobi/gurobi.lic
Academic license - for non-commercial use only - expires 2027-03-24

Gurobi Optimizer version 13.0.1 build v13.0.1rc0 (linux64 - "Ubuntu 24.04.4 LTS")
Copyright (c) 2026, Gurobi Optimization, LLC

Warning: Duplicate section found (read 'binary') - Is a variable name equal to an LP file format keyword?
Warning: Duplicate section found (read 'binary') - Is a variable name equal to an LP file format keyword?
Warning: Duplicate section found (read 'binary') - Is a variable name equal to an LP file format keyword?
Warning: Duplicate section found (read 'binary') - Is a variable name equal to an LP file format keyword?
Warning: Duplicate section found (read 'binary') - Is a variable name equal to an LP file format keyword?
Warning: Duplicate section found (read 'binary') - Is a variable name equal to an LP file format keyword?
Warning: Duplicate section found (read 'binary') - Is a variable name equal to an LP file format keyword?
Warning: Duplicate section found (read 'binary') - Is a variable name equal to an LP file format keyword?
Warning: Duplicate section found (read 'binary') - Is a variable name equal to an LP file format keyword?
Warning: Duplicate section found (read 'binary') - Is a variable name equal to an LP file format keyword?
Warning: Further warnings of this type will be omitted.
Read LP format model from file /root/bgw/data/uploads/2026_03_24_17_16_53_set_vm-4-t1_vm-4-t1_s023_g001_max.lp
Reading time = 0.06 seconds
: 47542 rows, 1567 columns, 144749 nonzeros

Using Gurobi shared library /opt/gurobi1301/linux64/lib/libgurobi.so.13.0.1

CPU model: AMD EPYC-Genoa Processor, instruction set [SSE2|AVX|AVX2|AVX512]
Thread count: 16 physical cores, 16 logical processors, using up to 16 threads

Optimize a model with 47542 rows, 1567 columns and 144749 nonzeros (Max)
Model fingerprint: 0x8eb150e6
Model has 33 linear objective coefficients
Variable types: 86 continuous, 1481 integer (1481 binary)
Coefficient statistics:
  Matrix range     [1e+00, 5e+01]
  Objective range  [1e+00, 1e+00]
  Bounds range     [1e+00, 1e+00]
  RHS range        [1e+00, 6e+01]

Found heuristic solution: objective 33.0000000
Presolve removed 639 rows and 159 columns
Presolve time: 0.17s
Presolved: 46903 rows, 1408 columns, 141159 nonzeros
Variable types: 0 continuous, 1408 integer (1399 binary)
Root relaxation presolved: 23477 rows, 24834 columns, 94307 nonzeros


Root relaxation: objective 1.760000e+02, 1163 iterations, 0.28 seconds (0.36 work units)

    Nodes    |    Current Node    |     Objective Bounds      |     Work
 Expl Unexpl |  Obj  Depth IntInf | Incumbent    BestBd   Gap | It/Node Time

     0     0  176.00000    0   41   33.00000  176.00000   433%     -    0s
H    0     0                      61.0000000  176.00000   189%     -    0s
H    0     0                      69.0000000  176.00000   155%     -    0s
H    0     0                      76.0000000  176.00000   132%     -    0s
H    0     0                      77.0000000  176.00000   129%     -    0s
H    0     0                      83.0000000  176.00000   112%     -    0s
H    0     0                      90.0000000  176.00000  95.6%     -    0s
H    0     0                      91.0000000  176.00000  93.4%     -    0s
     0     0  176.00000    0   48   91.00000  176.00000  93.4%     -    1s
     0     0  176.00000    0   41   91.00000  176.00000  93.4%     -    1s
     0     0  176.00000    0   47   91.00000  176.00000  93.4%     -    1s
     0     0  176.00000    0   31   91.00000  176.00000  93.4%     -    1s
     0     0  176.00000    0   41   91.00000  176.00000  93.4%     -    1s
     0     0  176.00000    0   40   91.00000  176.00000  93.4%     -    1s
     0     0  176.00000    0   40   91.00000  176.00000  93.4%     -    1s
     0     0  176.00000    0   31   91.00000  176.00000  93.4%     -    2s
     0     0  176.00000    0   41   91.00000  176.00000  93.4%     -    3s
     0     0  176.00000    0   32   91.00000  176.00000  93.4%     -    3s
     0     0  176.00000    0   54   91.00000  176.00000  93.4%     -    3s
     0     0  176.00000    0   31   91.00000  176.00000  93.4%     -    3s
     0     0  176.00000    0   41   91.00000  176.00000  93.4%     -    4s
     0     0  176.00000    0   31   91.00000  176.00000  93.4%     -    4s
     0     0  176.00000    0   31   91.00000  176.00000  93.4%     -    4s
     0     0  176.00000    0   31   91.00000  176.00000  93.4%     -    4s
     0     2  176.00000    0   31   91.00000  176.00000  93.4%     -    5s
   246   190 infeasible   21        91.00000  175.72549  93.1%   362   10s
   436   257  139.66667   12   31   91.00000  175.36863  92.7%   409   15s
   668   370  168.58824    7   44   91.00000  168.88105  85.6%   410   20s
   944   493 infeasible   15        91.00000  168.85294  85.6%   428   25s
  1136   553 infeasible   25        91.00000  168.85294  85.6%   444   31s
  1310   621  138.81127   16  179   91.00000  168.56863  85.2%   453   36s
  1459   665 infeasible   27        91.00000  168.52941  85.2%   484   40s
  1862   827  104.70588   21  125   91.00000  168.16340  84.8%   497   47s
  1970   861 infeasible   22        91.00000  168.16340  84.8%   502   50s
  2333   955 infeasible   17        91.00000  168.16340  84.8%   504   58s
  2594  1055  133.03141   17  169   91.00000  164.87488  81.2%   504   61s
  2859  1154   97.96078   23   70   91.00000  161.72549  77.7%   501   66s
  3115  1232   97.66667   21   43   91.00000  161.29412  77.2%   520   70s
  3361  1336 infeasible   20        91.00000  161.23611  77.2%   533   77s
  3557  1370 infeasible   22        91.00000  160.88235  76.8%   530   81s
  3681  1445  147.05171   13  301   91.00000  160.88235  76.8%   535   85s
  3861  1448  139.62745   10   50   91.00000  160.68627  76.6%   536   90s
  3881  1472  160.68627   19   44   91.00000  160.68627  76.6%   539   98s
  3913  1514  160.68627   21   53   91.00000  160.68627  76.6%   553  100s
  4015  1556  160.03922   25   92   91.00000  160.68627  76.6%   559  105s
  4120  1588  140.45098   28   43   91.00000  160.68627  76.6%   562  111s
  4188  1609  132.54902   30   19   91.00000  160.68627  76.6%   565  115s
  4289  1637  112.84314   34   88   91.00000  160.68627  76.6%   568  121s
  4357  1648  103.76471   37   17   91.00000  160.68627  76.6%   575  126s
  4479  1652   97.86275   39   19   91.00000  160.68627  76.6%   577  131s
  4534  1661   96.86275   39   19   91.00000  160.68627  76.6%   583  136s
  4651  1672  160.68627   24   75   91.00000  160.68627  76.6%   581  141s
  4705  1682  154.72549   25   74   91.00000  160.68627  76.6%   583  146s
  4773  1684 infeasible   26        91.00000  160.68627  76.6%   583  150s
  4842  1682  148.00000   27   61   91.00000  160.68627  76.6%   585  157s
  4923  1665  140.91176   29   30   91.00000  160.68627  76.6%   589  161s
  4995  1664  132.92810   32   27   91.00000  160.68627  76.6%   583  166s
  5040  1660  125.86275   34   26   91.00000  160.68627  76.6%   583  170s
  5103  1681   98.00000   39   20   91.00000  160.68627  76.6%   587  175s
  5254  1672  117.85621   34   16   91.00000  160.68627  76.6%   592  180s
  5333  1695  110.72549   37   12   91.00000  160.68627  76.6%   594  186s
  5411  1692  139.53333   26   42   91.00000  160.68627  76.6%   598  190s
  5529  1714  159.00829   23  278   91.00000  160.68627  76.6%   601  195s
  5781  1746 infeasible   38        91.00000  160.68627  76.6%   609  206s
  5981  1743   97.00000   41   22   91.00000  160.68627  76.6%   606  210s
  6138  1744  160.37686   23  246   91.00000  160.68627  76.6%   607  215s
  6556  1806  146.34454   27   36   91.00000  160.68627  76.6%   603  221s
  6816  1817 infeasible   32        91.00000  160.68627  76.6%   597  225s
  7017  1820 infeasible   37        91.00000  160.68627  76.6%   597  230s
  7458  1807  132.51961   31   33   91.00000  160.68627  76.6%   599  238s
  7537  1839  125.79412   32   32   91.00000  160.68627  76.6%   600  243s
  7677  1833  104.00000   32   64   91.00000  160.68627  76.6%   597  249s
  7850  1837 infeasible   37        91.00000  160.68627  76.6%   595  252s
  8066  1848  103.86275   36   18   91.00000  160.68627  76.6%   591  256s
  8366  1884   97.00000   36    4   91.00000  160.45098  76.3%   585  261s
  8646  2001   95.74510   34   44   91.00000  160.24510  76.1%   585  266s
  8993  2122   97.00000   37  160   91.00000  160.09946  75.9%   583  271s
  9322  2218  133.00641   30  130   91.00000  158.33925  74.0%   582  276s
  9608  2358  109.62745   32   80   91.00000  154.72549  70.0%   583  280s
 10038  2445  144.59804   29   30   91.00000  154.45098  69.7%   578  286s
 10367  2591  118.03017   32  275   91.00000  153.94118  69.2%   579  292s
 10792  2699 infeasible   35        91.00000  153.50980  68.7%   575  298s
 11204  2829  131.50196   30   33   91.00000  153.37332  68.5%   574  304s
 11673  2910 infeasible   40        91.00000  153.14510  68.3%   569  310s
 12013  3017  132.54902   27   50   91.00000  152.43137  67.5%   573  316s
 12379  3154 infeasible   28        91.00000  148.00000  62.6%   575  325s
 12854  3171  133.25490   28  160   91.00000  147.82353  62.4%   574  331s
 12881  3236  125.50327   29  142   91.00000  147.75163  62.4%   574  339s
 13226  3343   97.82843   36   61   91.00000  147.72549  62.3%   572  346s
 13736  3475  117.72549   37  126   91.00000  147.57703  62.2%   570  352s
 14224  3585 infeasible   32        91.00000  147.31373  61.9%   571  360s
 14627  3722  132.73221   30   32   91.00000  147.31373  61.9%   576  368s
 14984  3865 infeasible   39        91.00000  146.72549  61.2%   584  374s
 15588  3992  103.17647   34   34   91.00000  146.45752  60.9%   582  383s
 16139  4138  131.36275   31   99   91.00000  146.39608  60.9%   582  392s
 16856  4225  131.67059   31   33   91.00000  146.03922  60.5%   579  403s
 17367  4352 infeasible   39        91.00000  145.83907  60.3%   583  413s
 17998  4512   95.72549   34  122   91.00000  145.58824  60.0%   583  422s
 18601  4686  132.78291   28  123   91.00000  144.39869  58.7%   587  433s
 19267  4841 infeasible   28        91.00000  140.87037  54.8%   588  443s
 20006  4963 infeasible   40        91.00000  140.86275  54.8%   588  454s
 20771  4964  104.83529   39   31   91.00000  140.78431  54.7%   587  493s
 20773  4965  107.82353   34   63   91.00000  140.78431  54.7%   587  495s
 20804  4995  140.78431   34   66   91.00000  140.78431  54.7%   588  500s
 20940  5056  140.78431   42   49   91.00000  140.78431  54.7%   587  505s
 21055  5085  119.00000   46   27   91.00000  140.78431  54.7%   587  510s
 21117  5091 infeasible   48        91.00000  140.78431  54.7%   587  516s
 21162  5091 infeasible   49        91.00000  140.78431  54.7%   588  521s
 21213  5094  104.00000   54   20   91.00000  140.78431  54.7%   589  525s
 21339  5108   95.86275   56   30   91.00000  140.78431  54.7%   590  530s
 21509  5148  124.72549   45   69   91.00000  140.78431  54.7%   589  535s
 21712  5156  140.78431   38   84   91.00000  140.78431  54.7%   590  540s
 21864  5114  140.78431   42   54   91.00000  140.78431  54.7%   590  546s
 22035  5128 infeasible   50        91.00000  140.78431  54.7%   589  550s
 22280  5115  116.31373   52   87   91.00000  140.78431  54.7%   588  557s
 22324  5115  109.72549   53   86   91.00000  140.78431  54.7%   587  561s
 22369  5107  102.86275   54   85   91.00000  140.78431  54.7%   586  567s
 22407  5123   96.00000   55   26   91.00000  140.78431  54.7%   586  570s
 22509  5143  109.58824   53   86   91.00000  140.78431  54.7%   585  576s
 22640  5122 infeasible   55        91.00000  140.78431  54.7%   584  580s
 22744  5177  109.93137   52   40   91.00000  140.78431  54.7%   584  585s
 23102  5228  140.78431   40   37   91.00000  140.78431  54.7%   581  590s
 23567  5242   95.89706   51   39   91.00000  140.78431  54.7%   578  595s
 24150  5294  140.70588   41   46   91.00000  140.78431  54.7%   579  602s
 24459  5288  140.78431   39  109   91.00000  140.78431  54.7%   576  605s
 25027  5284  140.78431   42   73   91.00000  140.78431  54.7%   573  611s
 25252  5287  130.72549   46   17   91.00000  140.78431  54.7%   574  615s
 25852  5303  140.78431   41   63   91.00000  140.78431  54.7%   572  621s
 26084  5341  110.97386   47   46   91.00000  140.78431  54.7%   573  625s
 26882  5298   97.96078   48   38   91.00000  140.78431  54.7%   568  633s
 27201  5270  140.58824   40   55   91.00000  140.78431  54.7%   568  636s
 27839  5310  110.17647   51    4   91.00000  140.78431  54.7%   567  643s
 28247  5343  117.71569   49  111   91.00000  140.78431  54.7%   567  647s
 28697  5340 infeasible   44        91.00000  140.78431  54.7%   565  650s
 29744  5277  137.66144   44   63   91.00000  140.78431  54.7%   559  657s
 30246  5260 infeasible   55        91.00000  140.78431  54.7%   558  661s
 30748  5213  123.76471   46   73   91.00000  140.78431  54.7%   556  666s
 31231  5172  123.58824   45  203   91.00000  140.78431  54.7%   555  670s
 32113  5148  116.58824   47   27   91.00000  140.78431  54.7%   557  679s
 32488  5160 infeasible   51        91.00000  140.78431  54.7%   559  686s
 32901  5180  140.61345   43   43   91.00000  140.78431  54.7%   560  692s
 33403  5207 infeasible   50        91.00000  140.78431  54.7%   561  698s
 34083  5162  119.43137   47   38   91.00000  140.78431  54.7%   560  706s
 34716  5089  104.57908   50   26   91.00000  140.78431  54.7%   559  711s
 35362  5052  103.58824   48   27   91.00000  140.78431  54.7%   558  718s
 36183  5151  125.91569   46   25   91.00000  140.78431  54.7%   555  724s
 36950  5299  111.96078   47  128   91.00000  140.78431  54.7%   554  730s
 37754  5458     cutoff   52        91.00000  140.78431  54.7%   552  738s
 38629  5661  105.80904   53   46   91.00000  140.78431  54.7%   550  744s
 39549  5757  105.89804   48   71   91.00000  140.78431  54.7%   548  753s
 40124  5996  130.17647   43   26   91.00000  140.78431  54.7%   549  759s
 41162  6198 infeasible   52        91.00000  140.78431  54.7%   545  767s
 42056  6459  103.58824   45   58   91.00000  140.58824  54.5%   545  776s
 43074  6647  133.72549   41   47   91.00000  139.90196  53.7%   543  784s
 44082  6787  123.58824   46  133   91.00000  139.63725  53.4%   541  792s
 45090  6910  109.81699   49   33   91.00000  139.35948  53.1%   539  801s
 45990  7074 infeasible   52        91.00000  139.23627  53.0%   539  811s
 47143  7193  101.76471   51   31   91.00000  138.71373  52.4%   537  820s
 48223  7357  110.00000   49   84   91.00000  138.17647  51.8%   536  830s
 49525  7540 infeasible   45        91.00000  137.47059  51.1%   534  840s
 50328  7740  103.72549   48   26   91.00000  137.33333  50.9%   536  853s
 51535  7930 infeasible   52        91.00000  133.62411  46.8%   536  864s
 52774  8098  109.58824   46   11   91.00000  133.47059  46.7%   535  876s
 54079  8256 infeasible   51        91.00000  132.87190  46.0%   535  887s
 55269  8400  104.74510   51   31   91.00000  132.74510  45.9%   536  898s
 56919  8548 infeasible   51        91.00000  132.41176  45.5%   533  910s
 58717  8706  116.69935   48   58   91.00000  132.00622  45.1%   530  922s
 60006  8814  103.77124   49   16   91.00000  131.86275  44.9%   532  936s
 61803  8894 infeasible   47        91.00000  131.31373  44.3%   529  948s
 63321  9020 infeasible   50        91.00000  130.94118  43.9%   529  989s
 64856  9242  117.85784   46  156   91.00000  130.40980  43.3%   528 1006s
 66444  9300  105.93725   49   26   91.00000  126.80784  39.3%   531 1021s
 68318  9469 infeasible   46        91.00000  126.42353  38.9%   531 1037s
 69885  9558     cutoff   49        91.00000  125.86275  38.3%   532 1052s
 71834  9523     cutoff   52        91.00000  125.68908  38.1%   531 1066s
 73998  9571     cutoff   52        91.00000  125.41176  37.8%   529 1079s
 75655  9660  103.85621   48   57   91.00000  125.14216  37.5%   529 1093s
 77140  9733  103.67059   49   14   91.00000  124.86275  37.2%   529 1106s
 79021  9656  111.77778   47   64   91.00000  124.72549  37.1%   528 1121s
 80797  9630  110.58824   48   39   91.00000  124.49804  36.8%   527 1134s
 82440  9698  116.65686   50   10   91.00000  124.03137  36.3%   527 1148s
 83882  9633  109.86275   47   11   91.00000  123.77843  36.0%   528 1161s
 85724  9709  103.00000   49   61   91.00000  123.09259  35.3%   527 1174s
 87148  9751 infeasible   53        91.00000  122.06275  34.1%   528 1187s
 88605  9668  111.83660   47    9   91.00000  119.86275  31.7%   529 1200s
 90389  9654  104.82353   46   27   91.00000  119.54657  31.4%   528 1214s
 91980  9679 infeasible   53        91.00000  118.98693  30.8%   529 1228s
 93376  9596 infeasible   51        91.00000  118.86275  30.6%   530 1243s
 95296  9528 infeasible   51        91.00000  118.71418  30.5%   529 1258s
 96075  9254 infeasible   53        91.00000  118.66667  30.4%   529 1272s
 98178  9192 infeasible   48        91.00000  118.41176  30.1%   526 1288s
 98691  9190  110.22222   46   82   91.00000  118.39216  30.1%   526 1302s
 100287  9198  110.72549   48   22   91.00000  118.00000  29.7%   527 1316s
 102156  9178   96.34118   51   21   91.00000  117.92549  29.6%   526 1330s
 103720  8992  103.93137   49   23   91.00000  117.83660  29.5%   527 1344s
 105693  8735     cutoff   49        91.00000  117.68627  29.3%   526 1359s
 107422  8477     cutoff   50        91.00000  117.58824  29.2%   526 1374s
 109235  8430  101.21569   49    5   91.00000  117.03922  28.6%   526 1387s
 110759  8271  109.58824   51   25   91.00000  116.94510  28.5%   526 1402s
 112545  8060     cutoff   51        91.00000  116.72549  28.3%   526 1416s
 114347  7971  111.97255   45   43   91.00000  116.45098  28.0%   525 1429s
 115754  7949 infeasible   50        91.00000  115.42565  26.8%   527 1444s
 117172  7877  104.53431   51   21   91.00000  113.95098  25.2%   528 1458s
 118708  7631  105.90196   48   57   91.00000  112.86275  24.0%   529 1473s
 120419  7441     cutoff   51        91.00000  112.54575  23.7%   530 1488s
 121860  7213  104.60784   50  101   91.00000  111.94717  23.0%   531 1502s
 123483  6782 infeasible   51        91.00000  111.77647  22.8%   532 1516s
 125468  6532 infeasible   51        91.00000  111.49132  22.5%   531 1529s
 126964  6304 infeasible   51        91.00000  111.00000  22.0%   532 1543s
 128741  6057 infeasible   53        91.00000  110.91036  21.9%   532 1558s
 130221  5584     cutoff   51        91.00000  110.85098  21.8%   533 1573s
 132116  5217     cutoff   48        91.00000  110.65686  21.6%   533 1587s
 133654  5046  102.90850   51   19   91.00000  110.22549  21.1%   533 1600s
 135076  4667     cutoff   53        91.00000  110.00000  20.9%   534 1614s
 136963  4309     cutoff   51        91.00000  109.81699  20.7%   533 1629s
 138484  4057 infeasible   47        91.00000  108.62353  19.4%   534 1645s
 139953  3803 infeasible   52        91.00000  106.40363  16.9%   535 1658s
 141095  3403   95.86275   53    1   91.00000  105.98039  16.5%   536 1676s
 142550  2864 infeasible   47        91.00000  104.97255  15.4%   538 1692s
 144071  2470 infeasible   50        91.00000  104.12157  14.4%   539 1708s
 145408  2127 infeasible   50        91.00000  104.00000  14.3%   541 1727s
 146289  1731     cutoff   50        91.00000  103.95425  14.2%   541 1746s
 147468   915 infeasible   51        91.00000  103.00000  13.2%   542 1767s
 149242     0 infeasible   52        91.00000   99.75163  9.62%   543 1779s

Explored 150340 nodes (81514957 simplex iterations) in 1779.46 seconds (4369.76 work units)
Thread count was 16 (of 16 available processors)

Solution count 10: 91 91 91 ... 77

Optimal solution found (tolerance 1.00e-04)
Best objective 9.100000000000e+01, best bound 9.100000000000e+01, gap 0.0000%

Wrote result file '/root/bgw/data/results/2026_03_24_17_16_53_set_vm-4-t1_vm-4-t1_s023_g001_max.sol'

