[2026-03-24T00:33:20.149Z] Pipeline "set_set_set_s001_g001" → 2026_03_24_00_33_19_set_set_set_s001_g001_max.sol
Set parameter WLSAccessID
Set parameter WLSSecret
Set parameter LicenseID to value 2792458
Set parameter LogFile to value "gurobi.log"
Using license file /root/gurobi.lic
Academic license 2792458 - for non-commercial use only - registered to an___@studenti.unipg.it

Gurobi Optimizer version 13.0.1 build v13.0.1rc0 (linux64 - "Ubuntu 24.04.4 LTS")
Copyright (c) 2026, Gurobi Optimization, LLC

Warning: Duplicate section found (read 'binary') - Is a variable name equal to an LP file format keyword?
Warning: Duplicate section found (read 'binary') - Is a variable name equal to an LP file format keyword?
Warning: Duplicate section found (read 'binary') - Is a variable name equal to an LP file format keyword?
Warning: Duplicate section found (read 'binary') - Is a variable name equal to an LP file format keyword?
Warning: Duplicate section found (read 'binary') - Is a variable name equal to an LP file format keyword?
Warning: Duplicate section found (read 'binary') - Is a variable name equal to an LP file format keyword?
Warning: Duplicate section found (read 'binary') - Is a variable name equal to an LP file format keyword?
Warning: Duplicate section found (read 'binary') - Is a variable name equal to an LP file format keyword?
Warning: Duplicate section found (read 'binary') - Is a variable name equal to an LP file format keyword?
Warning: Duplicate section found (read 'binary') - Is a variable name equal to an LP file format keyword?
Warning: Further warnings of this type will be omitted.
Read LP format model from file /root/bgw/data/uploads/2026_03_24_00_33_19_set_set_set_s001_g001_max.lp
Reading time = 0.00 seconds
: 219 rows, 53 columns, 558 nonzeros

Using Gurobi shared library /opt/gurobi1301/linux64/lib/libgurobi.so.13.0.1

CPU model: AMD EPYC-Genoa Processor, instruction set [SSE2|AVX|AVX2|AVX512]
Thread count: 16 physical cores, 16 logical processors, using up to 16 threads

Academic license 2792458 - for non-commercial use only - registered to an___@studenti.unipg.it
Optimize a model with 219 rows, 53 columns and 558 nonzeros (Max)
Model fingerprint: 0x00333466
Model has 17 linear objective coefficients
Variable types: 23 continuous, 30 integer (30 binary)
Coefficient statistics:
  Matrix range     [1e+00, 7e+00]
  Objective range  [1e+00, 1e+00]
  Bounds range     [1e+00, 1e+00]
  RHS range        [1e+00, 8e+00]

Found heuristic solution: objective 17.0000000
Presolve removed 149 rows and 20 columns
Presolve time: 0.00s
Presolved: 70 rows, 33 columns, 228 nonzeros
Variable types: 0 continuous, 33 integer (27 binary)
Found heuristic solution: objective 46.0000000

Root relaxation: objective 9.000000e+01, 21 iterations, 0.00 seconds (0.00 work units)

    Nodes    |    Current Node    |     Objective Bounds      |     Work
 Expl Unexpl |  Obj  Depth IntInf | Incumbent    BestBd   Gap | It/Node Time

     0     0   90.00000    0   17   46.00000   90.00000  95.7%     -    0s
H    0     0                      47.0000000   90.00000  91.5%     -    0s
     0     0   90.00000    0   19   47.00000   90.00000  91.5%     -    0s
     0     0   90.00000    0   17   47.00000   90.00000  91.5%     -    0s
     0     0   90.00000    0   17   47.00000   90.00000  91.5%     -    0s
     0     0   89.00000    0   18   47.00000   89.00000  89.4%     -    0s
     0     0   88.00000    0   18   47.00000   88.00000  87.2%     -    0s
     0     0   88.00000    0   18   47.00000   88.00000  87.2%     -    0s
     0     0   88.00000    0   18   47.00000   88.00000  87.2%     -    0s
     0     0   84.50000    0   20   47.00000   84.50000  79.8%     -    0s
     0     0   84.50000    0   17   47.00000   84.50000  79.8%     -    0s
     0     0   83.00000    0   19   47.00000   83.00000  76.6%     -    0s
     0     0   82.50000    0   20   47.00000   82.50000  75.5%     -    0s
     0     0   82.50000    0   20   47.00000   82.50000  75.5%     -    0s
     0     0   82.25000    0   20   47.00000   82.25000  75.0%     -    0s
     0     0   82.25000    0   20   47.00000   82.25000  75.0%     -    0s
     0     2   82.25000    0   19   47.00000   82.25000  75.0%     -    0s

Cutting planes:
  Gomory: 4
  Cover: 1
  MIR: 1
  Inf proof: 1
  Zero half: 5
  Mod-K: 1

Explored 1561 nodes (5495 simplex iterations) in 0.12 seconds (0.04 work units)
Thread count was 16 (of 16 available processors)

Solution count 3: 47 46 17 

Optimal solution found (tolerance 1.00e-04)
Best objective 4.700000000000e+01, best bound 4.700000000000e+01, gap 0.0000%

Wrote result file '/root/bgw/data/results/2026_03_24_00_33_19_set_set_set_s001_g001_max.sol'

