[2026-03-23T13:35:56.431Z] Pipeline "set_exp_2_exp_2_n014_c004_g005" → 2026_03_23_13_35_56_set_exp_2_exp_2_n014_c004_g005_max.sol
Set parameter WLSAccessID
Set parameter WLSSecret
Set parameter LicenseID to value 2792458
Set parameter LogFile to value "gurobi.log"
Using license file /root/gurobi.lic
Academic license 2792458 - for non-commercial use only - registered to an___@studenti.unipg.it

Gurobi Optimizer version 13.0.1 build v13.0.1rc0 (linux64 - "Ubuntu 24.04.4 LTS")
Copyright (c) 2026, Gurobi Optimization, LLC

Warning: Duplicate section found (read 'binary') - Is a variable name equal to an LP file format keyword?
Warning: Duplicate section found (read 'binary') - Is a variable name equal to an LP file format keyword?
Warning: Duplicate section found (read 'binary') - Is a variable name equal to an LP file format keyword?
Warning: Duplicate section found (read 'binary') - Is a variable name equal to an LP file format keyword?
Warning: Duplicate section found (read 'binary') - Is a variable name equal to an LP file format keyword?
Warning: Duplicate section found (read 'binary') - Is a variable name equal to an LP file format keyword?
Warning: Duplicate section found (read 'binary') - Is a variable name equal to an LP file format keyword?
Warning: Duplicate section found (read 'binary') - Is a variable name equal to an LP file format keyword?
Warning: Duplicate section found (read 'binary') - Is a variable name equal to an LP file format keyword?
Warning: Duplicate section found (read 'binary') - Is a variable name equal to an LP file format keyword?
Warning: Further warnings of this type will be omitted.
Read LP format model from file /root/bgw/data/uploads/2026_03_23_13_35_56_set_exp_2_exp_2_n014_c004_g005_max.lp
Reading time = 0.00 seconds
: 962 rows, 151 columns, 2828 nonzeros

Using Gurobi shared library /opt/gurobi1301/linux64/lib/libgurobi.so.13.0.1

CPU model: AMD EPYC-Genoa Processor, instruction set [SSE2|AVX|AVX2|AVX512]
Thread count: 16 physical cores, 16 logical processors, using up to 16 threads

Academic license 2792458 - for non-commercial use only - registered to an___@studenti.unipg.it
Optimize a model with 962 rows, 151 columns and 2828 nonzeros (Max)
Model fingerprint: 0xa766a0b3
Model has 4 linear objective coefficients
Variable types: 18 continuous, 133 integer (133 binary)
Coefficient statistics:
  Matrix range     [1e+00, 2e+01]
  Objective range  [1e+00, 1e+00]
  Bounds range     [1e+00, 1e+00]
  RHS range        [1e+00, 2e+01]

Found heuristic solution: objective 4.0000000
Presolve removed 203 rows and 40 columns
Presolve time: 0.00s
Presolved: 759 rows, 111 columns, 2376 nonzeros
Variable types: 0 continuous, 111 integer (102 binary)
Found heuristic solution: objective 6.0000000

Root relaxation: objective 1.600000e+01, 68 iterations, 0.00 seconds (0.00 work units)

    Nodes    |    Current Node    |     Objective Bounds      |     Work
 Expl Unexpl |  Obj  Depth IntInf | Incumbent    BestBd   Gap | It/Node Time

     0     0   16.00000    0   19    6.00000   16.00000   167%     -    0s
H    0     0                       7.0000000   16.00000   129%     -    0s
H    0     0                       9.0000000   16.00000  77.8%     -    0s
H    0     0                      11.0000000   16.00000  45.5%     -    0s
H    0     0                      12.0000000   16.00000  33.3%     -    0s
     0     0   16.00000    0   24   12.00000   16.00000  33.3%     -    0s
     0     0   16.00000    0   18   12.00000   16.00000  33.3%     -    0s
     0     0   16.00000    0   18   12.00000   16.00000  33.3%     -    0s
     0     0   16.00000    0   17   12.00000   16.00000  33.3%     -    0s
     0     0   16.00000    0   17   12.00000   16.00000  33.3%     -    0s
     0     0   16.00000    0   17   12.00000   16.00000  33.3%     -    0s
     0     0   16.00000    0   23   12.00000   16.00000  33.3%     -    0s
     0     0   16.00000    0   21   12.00000   16.00000  33.3%     -    0s
     0     0   15.91667    0   21   12.00000   15.91667  32.6%     -    0s
     0     0   15.91667    0   19   12.00000   15.91667  32.6%     -    0s
     0     0   15.00000    0   19   12.00000   15.00000  25.0%     -    0s
     0     0   15.00000    0   19   12.00000   15.00000  25.0%     -    0s
     0     0   15.00000    0   16   12.00000   15.00000  25.0%     -    0s
     0     0   15.00000    0   14   12.00000   15.00000  25.0%     -    0s
     0     0   15.00000    0   19   12.00000   15.00000  25.0%     -    0s
     0     0   15.00000    0   20   12.00000   15.00000  25.0%     -    0s
     0     0   15.00000    0   20   12.00000   15.00000  25.0%     -    0s
     0     0   15.00000    0   20   12.00000   15.00000  25.0%     -    0s
     0     0   15.00000    0   17   12.00000   15.00000  25.0%     -    0s
     0     2   15.00000    0   12   12.00000   15.00000  25.0%     -    0s

Cutting planes:
  Inf proof: 9

Explored 569 nodes (18603 simplex iterations) in 0.25 seconds (0.17 work units)
Thread count was 16 (of 16 available processors)

Solution count 6: 12 11 9 ... 4

Optimal solution found (tolerance 1.00e-04)
Best objective 1.200000000000e+01, best bound 1.200000000000e+01, gap 0.0000%

Wrote result file '/root/bgw/data/results/2026_03_23_13_35_56_set_exp_2_exp_2_n014_c004_g005_max.sol'

