[2026-03-23T14:13:04.225Z] Pipeline "set_exp_2_exp_2_n035_c008_g001" → 2026_03_23_14_13_04_set_exp_2_exp_2_n035_c008_g001_max.sol
Set parameter WLSAccessID
Set parameter WLSSecret
Set parameter LicenseID to value 2792458
Set parameter LogFile to value "gurobi.log"
Using license file /root/gurobi.lic
Academic license 2792458 - for non-commercial use only - registered to an___@studenti.unipg.it

Gurobi Optimizer version 13.0.1 build v13.0.1rc0 (linux64 - "Ubuntu 24.04.4 LTS")
Copyright (c) 2026, Gurobi Optimization, LLC

Warning: Duplicate section found (read 'binary') - Is a variable name equal to an LP file format keyword?
Warning: Duplicate section found (read 'binary') - Is a variable name equal to an LP file format keyword?
Warning: Duplicate section found (read 'binary') - Is a variable name equal to an LP file format keyword?
Warning: Duplicate section found (read 'binary') - Is a variable name equal to an LP file format keyword?
Warning: Duplicate section found (read 'binary') - Is a variable name equal to an LP file format keyword?
Warning: Duplicate section found (read 'binary') - Is a variable name equal to an LP file format keyword?
Warning: Duplicate section found (read 'binary') - Is a variable name equal to an LP file format keyword?
Warning: Duplicate section found (read 'binary') - Is a variable name equal to an LP file format keyword?
Warning: Duplicate section found (read 'binary') - Is a variable name equal to an LP file format keyword?
Warning: Duplicate section found (read 'binary') - Is a variable name equal to an LP file format keyword?
Warning: Further warnings of this type will be omitted.
Read LP format model from file /root/bgw/data/uploads/2026_03_23_14_13_04_set_exp_2_exp_2_n035_c008_g001_max.lp
Reading time = 0.01 seconds
: 14425 rows, 898 columns, 43111 nonzeros

Using Gurobi shared library /opt/gurobi1301/linux64/lib/libgurobi.so.13.0.1

CPU model: AMD EPYC-Genoa Processor, instruction set [SSE2|AVX|AVX2|AVX512]
Thread count: 16 physical cores, 16 logical processors, using up to 16 threads

Academic license 2792458 - for non-commercial use only - registered to an___@studenti.unipg.it
Optimize a model with 14425 rows, 898 columns and 43111 nonzeros (Max)
Model fingerprint: 0xdbe82452
Model has 8 linear objective coefficients
Variable types: 43 continuous, 855 integer (855 binary)
Coefficient statistics:
  Matrix range     [1e+00, 4e+01]
  Objective range  [1e+00, 1e+00]
  Bounds range     [1e+00, 1e+00]
  RHS range        [1e+00, 4e+01]

Found heuristic solution: objective 8.0000000
Presolve removed 1271 rows and 262 columns
Presolve time: 0.05s
Presolved: 13154 rows, 636 columns, 40038 nonzeros
Variable types: 0 continuous, 636 integer (618 binary)

Root relaxation: objective 3.200000e+01, 923 iterations, 0.08 seconds (0.12 work units)

    Nodes    |    Current Node    |     Objective Bounds      |     Work
 Expl Unexpl |  Obj  Depth IntInf | Incumbent    BestBd   Gap | It/Node Time

     0     0   32.00000    0   75    8.00000   32.00000   300%     -    0s
H    0     0                      11.0000000   32.00000   191%     -    0s
H    0     0                      21.0000000   32.00000  52.4%     -    0s
H    0     0                      22.0000000   32.00000  45.5%     -    0s
     0     0   32.00000    0   79   22.00000   32.00000  45.5%     -    0s
     0     0   32.00000    0   76   22.00000   32.00000  45.5%     -    0s
     0     0   32.00000    0   70   22.00000   32.00000  45.5%     -    0s
H    0     0                      23.0000000   32.00000  39.1%     -    0s
     0     0   32.00000    0   76   23.00000   32.00000  39.1%     -    0s
     0     0   32.00000    0   64   23.00000   32.00000  39.1%     -    0s
     0     0   32.00000    0   63   23.00000   32.00000  39.1%     -    0s
     0     0   32.00000    0   63   23.00000   32.00000  39.1%     -    0s
     0     0   32.00000    0   64   23.00000   32.00000  39.1%     -    0s
     0     0   32.00000    0   76   23.00000   32.00000  39.1%     -    0s
     0     0   32.00000    0   68   23.00000   32.00000  39.1%     -    1s
     0     0   32.00000    0   69   23.00000   32.00000  39.1%     -    1s
     0     0   32.00000    0   59   23.00000   32.00000  39.1%     -    1s
     0     0   32.00000    0   63   23.00000   32.00000  39.1%     -    1s
     0     0   32.00000    0   62   23.00000   32.00000  39.1%     -    2s
     0     0   32.00000    0   62   23.00000   32.00000  39.1%     -    2s
     0     0   32.00000    0   61   23.00000   32.00000  39.1%     -    2s
     0     2   32.00000    0   57   23.00000   32.00000  39.1%     -    2s
   163   150   31.00000    9   95   23.00000   32.00000  39.1%   423    5s
   721   471   29.96970   13  199   23.00000   31.96970  39.0%   348   10s
  1742   900 infeasible   22        23.00000   31.00000  34.8%   366   15s
  3663  1465   24.00000   24   18   23.00000   29.95455  30.2%   336   20s
  4300  1615   28.93939   13   45   23.00000   29.90909  30.0%   336   25s
  5088  1787 infeasible   32        23.00000   29.00000  26.1%   330   30s
  5982  1768   25.00000   34   18   23.00000   27.96970  21.6%   325   35s
  7447  1612   25.00000   28   49   23.00000   27.45455  19.4%   324   40s
  8763  1335 infeasible   32        23.00000   27.00000  17.4%   335   45s
 10264  1223     cutoff   31        23.00000   26.66667  15.9%   343   50s
 11856  1224   25.93939   29   60   23.00000   26.00000  13.0%   351   55s
 13256  1028     cutoff   33        23.00000   25.96970  12.9%   358   61s
 14910   578   25.00000   29   86   23.00000   25.00000  8.70%   364   66s

Cutting planes:
  Cover: 1
  MIR: 1
  Inf proof: 32

Explored 16213 nodes (5871555 simplex iterations) in 68.39 seconds (148.33 work units)
Thread count was 16 (of 16 available processors)

Solution count 8: 23 23 23 ... 8

Optimal solution found (tolerance 1.00e-04)
Best objective 2.300000000000e+01, best bound 2.300000000000e+01, gap 0.0000%

Wrote result file '/root/bgw/data/results/2026_03_23_14_13_04_set_exp_2_exp_2_n035_c008_g001_max.sol'

