[2026-03-23T16:03:50.688Z] Pipeline "set_exp_3_exp_3_n027_c003_g003" → 2026_03_23_16_03_50_set_exp_3_exp_3_n027_c003_g003_max.sol
Set parameter WLSAccessID
Set parameter WLSSecret
Set parameter LicenseID to value 2792458
Set parameter LogFile to value "gurobi.log"
Using license file /root/gurobi.lic
Academic license 2792458 - for non-commercial use only - registered to an___@studenti.unipg.it

Gurobi Optimizer version 13.0.1 build v13.0.1rc0 (linux64 - "Ubuntu 24.04.4 LTS")
Copyright (c) 2026, Gurobi Optimization, LLC

Warning: Duplicate section found (read 'binary') - Is a variable name equal to an LP file format keyword?
Warning: Duplicate section found (read 'binary') - Is a variable name equal to an LP file format keyword?
Warning: Duplicate section found (read 'binary') - Is a variable name equal to an LP file format keyword?
Warning: Duplicate section found (read 'binary') - Is a variable name equal to an LP file format keyword?
Warning: Duplicate section found (read 'binary') - Is a variable name equal to an LP file format keyword?
Warning: Duplicate section found (read 'binary') - Is a variable name equal to an LP file format keyword?
Warning: Duplicate section found (read 'binary') - Is a variable name equal to an LP file format keyword?
Warning: Duplicate section found (read 'binary') - Is a variable name equal to an LP file format keyword?
Warning: Duplicate section found (read 'binary') - Is a variable name equal to an LP file format keyword?
Warning: Duplicate section found (read 'binary') - Is a variable name equal to an LP file format keyword?
Warning: Further warnings of this type will be omitted.
Read LP format model from file /root/bgw/data/uploads/2026_03_23_16_03_50_set_exp_3_exp_3_n027_c003_g003_max.lp
Reading time = 0.02 seconds
: 6576 rows, 527 columns, 19683 nonzeros

Using Gurobi shared library /opt/gurobi1301/linux64/lib/libgurobi.so.13.0.1

CPU model: AMD EPYC-Genoa Processor, instruction set [SSE2|AVX|AVX2|AVX512]
Thread count: 16 physical cores, 16 logical processors, using up to 16 threads

Academic license 2792458 - for non-commercial use only - registered to an___@studenti.unipg.it
Optimize a model with 6576 rows, 527 columns and 19683 nonzeros (Max)
Model fingerprint: 0xdd5bdc1a
Model has 3 linear objective coefficients
Variable types: 30 continuous, 497 integer (497 binary)
Coefficient statistics:
  Matrix range     [1e+00, 3e+01]
  Objective range  [1e+00, 1e+00]
  Bounds range     [1e+00, 1e+00]
  RHS range        [1e+00, 3e+01]

Found heuristic solution: objective 3.0000000
Presolve removed 699 rows and 158 columns
Presolve time: 0.04s
Presolved: 5877 rows, 369 columns, 17847 nonzeros
Variable types: 0 continuous, 369 integer (360 binary)
Found heuristic solution: objective 4.0000000

Root relaxation: objective 1.200000e+01, 130 iterations, 0.01 seconds (0.01 work units)

    Nodes    |    Current Node    |     Objective Bounds      |     Work
 Expl Unexpl |  Obj  Depth IntInf | Incumbent    BestBd   Gap | It/Node Time

     0     0   12.00000    0   15    4.00000   12.00000   200%     -    0s
H    0     0                       9.0000000   12.00000  33.3%     -    0s
     0     0   12.00000    0   24    9.00000   12.00000  33.3%     -    0s
     0     0   12.00000    0   25    9.00000   12.00000  33.3%     -    0s
     0     0   12.00000    0   23    9.00000   12.00000  33.3%     -    0s
     0     0   12.00000    0   15    9.00000   12.00000  33.3%     -    0s
     0     0   12.00000    0   13    9.00000   12.00000  33.3%     -    0s
     0     0   12.00000    0   13    9.00000   12.00000  33.3%     -    0s
     0     0   12.00000    0   14    9.00000   12.00000  33.3%     -    0s
     0     0   12.00000    0   21    9.00000   12.00000  33.3%     -    0s
     0     0   12.00000    0   15    9.00000   12.00000  33.3%     -    0s
     0     0   11.00000    0   14    9.00000   11.00000  22.2%     -    0s
     0     0   11.00000    0   11    9.00000   11.00000  22.2%     -    0s
     0     0   11.00000    0   11    9.00000   11.00000  22.2%     -    0s
     0     0   11.00000    0   20    9.00000   11.00000  22.2%     -    0s
     0     0   11.00000    0   15    9.00000   11.00000  22.2%     -    0s
     0     0   11.00000    0   18    9.00000   11.00000  22.2%     -    0s
     0     0   11.00000    0   20    9.00000   11.00000  22.2%     -    0s
     0     0   11.00000    0   14    9.00000   11.00000  22.2%     -    0s
     0     0   11.00000    0   16    9.00000   11.00000  22.2%     -    0s
     0     0   11.00000    0   16    9.00000   11.00000  22.2%     -    0s
     0     0   11.00000    0   16    9.00000   11.00000  22.2%     -    0s
     0     0   11.00000    0   16    9.00000   11.00000  22.2%     -    0s
     0     0   11.00000    0   16    9.00000   11.00000  22.2%     -    0s
     0     2   11.00000    0   15    9.00000   11.00000  22.2%     -    0s

Cutting planes:
  Gomory: 1
  Lift-and-project: 10
  Cover: 6
  MIR: 3
  Inf proof: 8
  Zero half: 7
  Mod-K: 3

Explored 243 nodes (17771 simplex iterations) in 0.73 seconds (0.60 work units)
Thread count was 16 (of 16 available processors)

Solution count 3: 9 4 3 

Optimal solution found (tolerance 1.00e-04)
Best objective 9.000000000000e+00, best bound 9.000000000000e+00, gap 0.0000%

Wrote result file '/root/bgw/data/results/2026_03_23_16_03_50_set_exp_3_exp_3_n027_c003_g003_max.sol'

