[2026-03-24T21:03:38.153Z] Pipeline "set_vm-3-t3_vm-3-t3_s016_g001" → 2026_03_24_21_03_38_set_vm-3-t3_vm-3-t3_s016_g001_max.sol
Set parameter Username
Set parameter LicenseID to value 2796068
Set parameter LogFile to value "gurobi.log"
Using license file /opt/gurobi/gurobi.lic
Academic license - for non-commercial use only - expires 2027-03-23

Gurobi Optimizer version 13.0.1 build v13.0.1rc0 (linux64 - "Ubuntu 24.04.4 LTS")
Copyright (c) 2026, Gurobi Optimization, LLC

Warning: Duplicate section found (read 'binary') - Is a variable name equal to an LP file format keyword?
Warning: Duplicate section found (read 'binary') - Is a variable name equal to an LP file format keyword?
Warning: Duplicate section found (read 'binary') - Is a variable name equal to an LP file format keyword?
Warning: Duplicate section found (read 'binary') - Is a variable name equal to an LP file format keyword?
Warning: Duplicate section found (read 'binary') - Is a variable name equal to an LP file format keyword?
Warning: Duplicate section found (read 'binary') - Is a variable name equal to an LP file format keyword?
Warning: Duplicate section found (read 'binary') - Is a variable name equal to an LP file format keyword?
Warning: Duplicate section found (read 'binary') - Is a variable name equal to an LP file format keyword?
Warning: Duplicate section found (read 'binary') - Is a variable name equal to an LP file format keyword?
Warning: Duplicate section found (read 'binary') - Is a variable name equal to an LP file format keyword?
Warning: Further warnings of this type will be omitted.
Read LP format model from file /root/bgw/data/uploads/2026_03_24_21_03_38_set_vm-3-t3_vm-3-t3_s016_g001_max.lp
Reading time = 0.01 seconds
: 6207 rows, 542 columns, 18617 nonzeros

Using Gurobi shared library /opt/gurobi1301/linux64/lib/libgurobi.so.13.0.1

CPU model: AMD EPYC-Genoa Processor, instruction set [SSE2|AVX|AVX2|AVX512]
Thread count: 16 physical cores, 16 logical processors, using up to 16 threads

Optimize a model with 6207 rows, 542 columns and 18617 nonzeros (Max)
Model fingerprint: 0xde8f3793
Model has 89 linear objective coefficients
Variable types: 115 continuous, 427 integer (427 binary)
Coefficient statistics:
  Matrix range     [1e+00, 3e+01]
  Objective range  [1e+00, 1e+00]
  Bounds range     [1e+00, 1e+00]
  RHS range        [1e+00, 3e+01]

Found heuristic solution: objective 89.0000000
Presolve removed 930 rows and 173 columns
Presolve time: 0.02s
Presolved: 5277 rows, 369 columns, 16084 nonzeros
Variable types: 0 continuous, 369 integer (358 binary)
Found heuristic solution: objective 152.0000000

Root relaxation: objective 5.570000e+02, 336 iterations, 0.02 seconds (0.02 work units)

    Nodes    |    Current Node    |     Objective Bounds      |     Work
 Expl Unexpl |  Obj  Depth IntInf | Incumbent    BestBd   Gap | It/Node Time

     0     0  557.00000    0   65  152.00000  557.00000   266%     -    0s
H    0     0                     153.0000000  557.00000   264%     -    0s
H    0     0                     182.0000000  557.00000   206%     -    0s
H    0     0                     197.0000000  557.00000   183%     -    0s
H    0     0                     212.0000000  557.00000   163%     -    0s
H    0     0                     215.0000000  557.00000   159%     -    0s
     0     0  557.00000    0   65  215.00000  557.00000   159%     -    0s
H    0     0                     226.0000000  557.00000   146%     -    0s
     0     0  557.00000    0   65  226.00000  557.00000   146%     -    0s
     0     0  557.00000    0   65  226.00000  557.00000   146%     -    0s
H    0     0                     228.0000000  557.00000   144%     -    0s
     0     0  557.00000    0   65  228.00000  557.00000   144%     -    0s
H    0     0                     241.0000000  557.00000   131%     -    0s
     0     0  557.00000    0   71  241.00000  557.00000   131%     -    0s
     0     0  557.00000    0   60  241.00000  557.00000   131%     -    0s
H    0     0                     242.0000000  557.00000   130%     -    0s
     0     0  557.00000    0   50  242.00000  557.00000   130%     -    0s
     0     0  557.00000    0   64  242.00000  557.00000   130%     -    0s
     0     0  557.00000    0   51  242.00000  557.00000   130%     -    0s
H    0     0                     243.0000000  557.00000   129%     -    0s
     0     0  557.00000    0   63  243.00000  557.00000   129%     -    0s
     0     0  557.00000    0   63  243.00000  557.00000   129%     -    0s
     0     0  557.00000    0   63  243.00000  557.00000   129%     -    0s
     0     0  557.00000    0   61  243.00000  557.00000   129%     -    0s
     0     0  557.00000    0   61  243.00000  557.00000   129%     -    0s
H    0     0                     245.0000000  557.00000   127%     -    0s
     0     0  555.75000    0   61  245.00000  555.75000   127%     -    0s
     0     0  555.75000    0   61  245.00000  555.75000   127%     -    0s
     0     0  553.25000    0   61  245.00000  553.25000   126%     -    0s
     0     0  553.25000    0   61  245.00000  553.25000   126%     -    0s
     0     2  553.25000    0   51  245.00000  553.25000   126%     -    0s
H   11    14                     246.0000000  553.25000   125%   122    0s
  2856  1722  387.28125   24  103  246.00000  541.20833   120%   124    5s
  6337  2499  278.83333   44  133  246.00000  512.70833   108%   112   10s
 13490  5285  388.00000   34  113  246.00000  469.63889  90.9%   102   15s
 21294  8356  449.91667   38  207  246.00000  449.91667  82.9%   100   20s
 27671  9829  303.47645   56   52  246.00000  449.91667  82.9%   107   25s
 34069 11651  355.43116   49   43  246.00000  449.91667  82.9%   109   30s
 43537 13516  399.33328   46   86  246.00000  449.91667  82.9%   115   35s
 53261 17798  248.91667   56   45  246.00000  449.91667  82.9%   114   40s
 62222 22310  366.27778   45   42  246.00000  449.91667  82.9%   113   45s
 74363 28431  420.41667   45   73  246.00000  449.91667  82.9%   115   50s
 84235 33169  286.52424   53   31  246.00000  449.91667  82.9%   116   55s
 90566 36252  368.72630   48  124  246.00000  449.91667  82.9%   119   60s
 101054 41436  258.00000   62   25  246.00000  447.30616  81.8%   121   65s
 111005 46419     cutoff   59       246.00000  445.19411  81.0%   123   70s
 119570 50303 infeasible   62       246.00000  443.22563  80.2%   124   75s
 130117 55257  272.41667   61   24  246.00000  440.78788  79.2%   125   80s
 138741 58900  328.69167   53   16  246.00000  437.63949  77.9%   126   85s
 148782 63289  370.26739   46   74  246.00000  433.58333  76.3%   127   90s
 158492 68018  363.77303   46   81  246.00000  431.65000  75.5%   128   95s
 168604 72607  352.24306   48   60  246.00000  430.25000  74.9%   129  100s
 178700 77360 infeasible   58       246.00000  428.77717  74.3%   130  105s
 190531 82594  410.97283   41   49  246.00000  427.01510  73.6%   130  110s
 199173 86409  406.22736   47  145  246.00000  425.64130  73.0%   131  115s
 208199 90147  336.97917   53   36  246.00000  423.98551  72.4%   131  120s
 218633 94376  269.25000   54    3  246.00000  420.85833  71.1%   131  125s
 226537 97858  250.37500   57   42  246.00000  418.71558  70.2%   132  130s
 236574 102457  337.54982   52   39  246.00000  417.02232  69.5%   132  135s
 244324 105958  309.52927   55   51  246.00000  416.27657  69.2%   133  140s
 254294 110484  267.40683   61   36  246.00000  415.13988  68.8%   134  145s
 262528 114263  278.34167   55   40  246.00000  414.37500  68.4%   134  150s
 271678 118022  340.04861   51   78  246.00000  413.41667  68.1%   134  155s
 282166 122271  316.34457   54   95  246.00000  412.17855  67.6%   134  160s
 288934 125015  259.99167   55   84  246.00000  411.53571  67.3%   134  165s
 299825 129236  263.27083   59   68  246.00000  410.13043  66.7%   134  170s
 310205 132987  261.25000   61   49  246.00000  408.57518  66.1%   134  175s
 319379 135903  376.58877   46   70  246.00000  406.51123  65.2%   134  180s
 328203 139289  265.53646   60   32  246.00000  404.20833  64.3%   134  185s
 336442 142693  278.87500   54   55  246.00000  402.66667  63.7%   135  190s
 346633 146986  294.06250   57   55  246.00000  401.50000  63.2%   135  195s
 354599 150289  311.87319   57   46  246.00000  400.73750  62.9%   135  200s
 364609 154446  251.20833   60    5  246.00000  399.90000  62.6%   135  205s
 375009 158819  319.70833   53   20  246.00000  399.18297  62.3%   135  210s
 385516 162619  340.30000   54  115  246.00000  398.43590  62.0%   135  215s
 394743 165973  258.41667   61   68  246.00000  397.83333  61.7%   136  220s
 403014 169680  251.35119   56   16  246.00000  397.26042  61.5%   136  225s
 411430 172980  272.90833   56   12  246.00000  396.66667  61.2%   136  230s
 422184 176909 infeasible   45       246.00000  395.86006  60.9%   136  235s
 430880 179874  278.87500   56   36  246.00000  395.04348  60.6%   136  240s
 440813 183511  256.40761   56   33  246.00000  394.09466  60.2%   136  245s
 452053 187037  334.16667   55   32  246.00000  392.83394  59.7%   136  250s
 460934 189579  291.98478   53   55  246.00000  391.34783  59.1%   135  255s
 472124 193196  264.78750   54   55  246.00000  389.60938  58.4%   135  260s
 484594 197781  369.37681   47   78  246.00000  387.49638  57.5%   135  265s
 493882 201371  338.41111   49  109  246.00000  386.60417  57.2%   135  270s
 505693 205883  380.59390   47   60  246.00000  385.70833  56.8%   136  275s
 516559 209776  274.91257   58   25  246.00000  385.02911  56.5%   136  280s
 525189 213061  264.16319   60   29  246.00000  384.51042  56.3%   136  285s
 534151 215944  365.11876   51  122  246.00000  383.97917  56.1%   136  290s
 543517 219676  279.74411   54   19  246.00000  383.51786  55.9%   136  295s
 554285 223397  262.03889   59   86  246.00000  382.97283  55.7%   136  300s
 562619 226426  308.99577   55   49  246.00000  382.61655  55.5%   136  305s
 574598 230744  277.22917   58   69  246.00000  382.03646  55.3%   136  310s
 586318 234782 infeasible   55       246.00000  381.49167  55.1%   136  315s
 596654 237809  335.22283   53   49  246.00000  380.96698  54.9%   136  320s
 607027 241693  308.15833   55   83  246.00000  380.39553  54.6%   136  325s
 617481 244943  366.89167   50   36  246.00000  379.86218  54.4%   136  330s
 626424 247611  288.82488   52   38  246.00000  379.23732  54.2%   136  335s
 637097 250737  275.32562   59   29  246.00000  378.52491  53.9%   136  340s
 648144 253433  274.50000   56   81  246.00000  377.62500  53.5%   136  345s
 658736 256477  307.83333   52   38  246.00000  376.58333  53.1%   136  350s
 669563 259270  280.17500   55   48  246.00000  375.27083  52.5%   135  355s
 679965 262056     cutoff   57       246.00000  373.72222  51.9%   135  360s
 690980 265661  309.08333   55   84  246.00000  372.44000  51.4%   135  365s
 702886 269651  295.84783   53   59  246.00000  371.42917  51.0%   135  370s
 715334 273840  279.62500   57   66  246.00000  370.70833  50.7%   135  375s
 725615 277508  262.71528   61   46  246.00000  370.20652  50.5%   135  380s
 734824 280361  307.56944   50   47  246.00000  369.72464  50.3%   135  385s
 744235 283731  275.18116   55   26  246.00000  369.31250  50.1%   135  390s
 754386 287035  319.68116   56   54  246.00000  368.94022  50.0%   135  395s
 762742 289780  248.22283   57   43  246.00000  368.65217  49.9%   136  400s
 772457 293001  319.46993   56   62  246.00000  368.30357  49.7%   136  405s
 782174 296246  295.42981   55   29  246.00000  367.97283  49.6%   136  410s
 790949 299026  279.37500   59   38  246.00000  367.67867  49.5%   136  415s
 801000 302141  348.93247   48   51  246.00000  367.36979  49.3%   136  420s
 812821 305646 infeasible   51       246.00000  366.99591  49.2%   136  425s
 823109 308615  308.12500   53   82  246.00000  366.60417  49.0%   136  430s
 829900 310589  289.75000   58   45  246.00000  366.37500  48.9%   136  435s
 839604 313627  311.00000   55  108  246.00000  366.06250  48.8%   136  440s
 849811 316455     cutoff   59       246.00000  365.72283  48.7%   136  445s
 858386 318826  323.20833   52   33  246.00000  365.39722  48.5%   136  450s
 868648 321620  251.12500   54   44  246.00000  365.02083  48.4%   136  455s
 879287 324450  343.89583   51   48  246.00000  364.55616  48.2%   136  460s
 888113 326624  260.00000   63   36  246.00000  364.18116  48.0%   136  465s
 900192 329665     cutoff   60       246.00000  363.57488  47.8%   136  470s
 911295 332406  263.41667   55   78  246.00000  363.02899  47.6%   136  475s
 919941 334246  334.62500   51   36  246.00000  362.49396  47.4%   136  480s
 928992 335961  318.35024   50  168  246.00000  361.87153  47.1%   136  485s
 940009 338356 infeasible   54       246.00000  361.03442  46.8%   136  490s
 949925 340018  262.55556   55   36  246.00000  359.92335  46.3%   135  495s
 961534 342489  269.62500   56   32  246.00000  358.62500  45.8%   135  500s
 972746 345462  279.20894   55   74  246.00000  357.58631  45.4%   135  505s
 983853 348835  321.11111   52  101  246.00000  356.79167  45.0%   135  510s
 994774 351930  278.55616   55   91  246.00000  356.09429  44.8%   135  515s
 1005235 354971  248.87500   61    3  246.00000  355.64089  44.6%   135  520s
 1017002 358348  277.10205   54   68  246.00000  355.15000  44.4%   135  525s
 1028952 361943  266.05952   60  109  246.00000  354.73913  44.2%   135  530s
 1037582 364675  320.98958   53   55  246.00000  354.45833  44.1%   135  535s
 1045495 367127  247.45833   62   44  246.00000  354.21667  44.0%   135  540s
 1055832 369950 infeasible   58       246.00000  353.92601  43.9%   135  545s
 1064476 372238  264.39583   57   35  246.00000  353.70199  43.8%   135  550s
 1074711 375273  277.15761   58   27  246.00000  353.39027  43.7%   135  555s
 1083347 377621  277.15278   59  100  246.00000  353.16667  43.6%   135  560s
 1093313 380383 infeasible   55       246.00000  352.93452  43.5%   135  565s
 1102971 382987  277.82292   54  111  246.00000  352.72000  43.4%   135  570s
 1110675 385131     cutoff   54       246.00000  352.56944  43.3%   136  575s
 1120790 387776  263.20864   57   31  246.00000  352.33333  43.2%   136  580s
 1132315 391011  274.87500   58   49  246.00000  352.04167  43.1%   136  585s
 1142153 393316  337.24864   49   58  246.00000  351.82500  43.0%   136  590s
 1152195 395846 infeasible   61       246.00000  351.57065  42.9%   136  595s
 1162602 398361 infeasible   51       246.00000  351.33333  42.8%   136  600s
 1172535 400808  319.13023   52   87  246.00000  351.12500  42.7%   136  605s
 1180053 402519     cutoff   63       246.00000  350.94444  42.7%   136  610s
 1190416 405044     cutoff   58       246.00000  350.67878  42.6%   136  615s
 1198989 407013  259.90923   54   31  246.00000  350.44583  42.5%   136  620s
 1211132 409729  305.66848   53   64  246.00000  350.12500  42.3%   136  625s
 1219830 411829  262.95139   54   77  246.00000  349.91667  42.2%   136  630s
 1231721 414403  256.00000   62   30  246.00000  349.60870  42.1%   136  635s
 1241771 416614  276.26132   55   98  246.00000  349.29688  42.0%   136  640s
 1252135 418631 infeasible   57       246.00000  348.99405  41.9%   136  645s
 1262545 420686  300.97345   53   41  246.00000  348.66468  41.7%   136  650s
 1273217 422816  315.71784   52   52  246.00000  348.26923  41.6%   136  655s
 1282477 424519  259.77083   58   27  246.00000  347.89629  41.4%   136  660s
 1293411 426541 infeasible   49       246.00000  347.47328  41.2%   136  665s
 1301137 427550  254.77959   56    9  246.00000  347.08903  41.1%   135  670s
 1309496 428937  308.93519   51   96  246.00000  346.68297  40.9%   135  675s
 1320791 430578  270.37500   58    9  246.00000  346.09783  40.7%   135  680s
 1331948 432389     cutoff   54       246.00000  345.41954  40.4%   135  685s
 1345992 434028  262.27083   59   12  246.00000  344.32500  40.0%   135  690s
 1355436 435602  312.88247   53   32  246.00000  343.53804  39.6%   135  695s
 1367312 438044  326.59058   57   69  246.00000  342.53646  39.2%   135  700s
 1378559 440657 infeasible   57       246.00000  341.86413  39.0%   135  705s
 1387826 442823  293.12500   56   66  246.00000  341.37681  38.8%   135  710s
 1397372 445550  276.75926   58   21  246.00000  340.98273  38.6%   135  715s
 1407799 448023  337.41123   53   63  246.00000  340.61925  38.5%   135  720s
 1417910 450635 infeasible   53       246.00000  340.27038  38.3%   135  725s
 1429757 453742  265.41667   59   47  246.00000  339.91667  38.2%   135  730s
 1437859 455814  309.40833   55  103  246.00000  339.71212  38.1%   135  735s
 1447845 458352  321.91667   54  132  246.00000  339.48732  38.0%   135  740s
 1459158 461127     cutoff   61       246.00000  339.23551  37.9%   135  745s
 1469617 463672  338.80616   50  104  246.00000  338.98641  37.8%   135  750s
 1479702 466007 infeasible   51       246.00000  338.76993  37.7%   135  755s
 1489750 468369  259.53571   57   22  246.00000  338.54227  37.6%   135  760s
 1499847 470590  277.78559   54   29  246.00000  338.35784  37.5%   135  765s
 1509841 472860  248.06250   58   37  246.00000  338.17793  37.5%   135  770s
 1520365 475153  291.83333   55   27  246.00000  337.95833  37.4%   135  775s
 1527388 476931     cutoff   54       246.00000  337.83333  37.3%   135  780s
 1537492 479203  260.82065   58    4  246.00000  337.66667  37.3%   135  785s
 1547703 481423  262.10417   61   25  246.00000  337.48611  37.2%   135  790s
 1559584 483990     cutoff   63       246.00000  337.29167  37.1%   135  795s
 1569661 486101  279.88889   57   31  246.00000  337.11141  37.0%   135  800s
 1579338 488120  288.65278   56   39  246.00000  336.95440  37.0%   135  805s
 1587962 489788  259.52790   60   78  246.00000  336.80220  36.9%   135  810s
 1598137 491952  308.50000   55   28  246.00000  336.65000  36.8%   135  815s
 1607745 493856  275.14583   55   35  246.00000  336.47304  36.8%   135  820s
 1614062 495210  259.45188   63   33  246.00000  336.39444  36.7%   135  825s
 1624664 497122  276.47283   57   63  246.00000  336.19633  36.7%   135  830s
 1634960 498968  261.75000   57   35  246.00000  336.00785  36.6%   135  835s
 1644772 500687     cutoff   62       246.00000  335.84022  36.5%   135  840s
 1655601 502517  274.50000   60   25  246.00000  335.62500  36.4%   135  845s
 1666053 504369  299.95437   52   53  246.00000  335.43996  36.4%   135  850s
 1676349 506099  274.92391   54   27  246.00000  335.24819  36.3%   135  855s
 1687356 507924  261.26449   58   39  246.00000  335.05035  36.2%   135  860s
 1695649 509266  301.17482   50   95  246.00000  334.88542  36.1%   135  865s
 1706370 510974  277.02778   57   89  246.00000  334.66146  36.0%   135  870s
 1715678 512315  261.67536   54   14  246.00000  334.47222  36.0%   135  875s
 1725852 513961  269.30616   57    5  246.00000  334.25000  35.9%   135  880s
 1733131 515068  275.06250   57   80  246.00000  334.13768  35.8%   135  885s
 1743910 516538  247.30208   56   22  246.00000  333.87500  35.7%   135  890s
 1756523 518078  304.05256   50   32  246.00000  333.54861  35.6%   135  895s
 1769994 519584     cutoff   55       246.00000  333.17558  35.4%   135  900s
 1781193 520824  287.68116   57   30  246.00000  332.85197  35.3%   135  905s
 1794355 522189  293.67222   55   96  246.00000  332.47283  35.2%   135  910s
 1803752 523396  263.62500   56   50  246.00000  332.16727  35.0%   135  915s
 1815390 524504     cutoff   58       246.00000  331.75664  34.9%   134  920s
 1823466 525159     cutoff   59       246.00000  331.49653  34.8%   134  925s
 1834454 526206 infeasible   56       246.00000  331.06944  34.6%   134  930s
 1845844 527061 infeasible   57       246.00000  330.54167  34.4%   134  935s
 1854713 527563  273.98148   57   32  246.00000  330.05797  34.2%   134  940s
 1864804 528155  257.79762   57   14  246.00000  329.45833  33.9%   134  945s
 1876313 529336  267.06944   57   27  246.00000  328.70833  33.6%   134  950s
 1888214 530935  266.18750   60   59  246.00000  327.95833  33.3%   134  955s
 1901662 533259  279.56691   53   35  246.00000  327.25000  33.0%   134  960s
 1912237 535115  262.34524   58   41  246.00000  326.76993  32.8%   134  965s
 1922893 537168  262.55797   58  114  246.00000  326.34371  32.7%   134  970s
 1932036 538784 infeasible   52       246.00000  326.00000  32.5%   134  975s
 1941081 540478  293.88085   53  128  246.00000  325.70833  32.4%   134  980s
 1951255 542369  263.87233   59   54  246.00000  325.41667  32.3%   134  985s
 1961208 544255  306.93297   52   81  246.00000  325.17961  32.2%   134  990s
 1971183 546162 infeasible   62       246.00000  324.93992  32.1%   134  995s
 1981059 548208  281.10985   56   44  246.00000  324.73148  32.0%   134 1000s
 1991803 550368  290.63889   58   36  246.00000  324.54167  31.9%   134 1005s
 2002178 552363 infeasible   60       246.00000  324.33899  31.8%   134 1010s
 2012361 553944  278.88333   58   40  246.00000  324.18333  31.8%   134 1015s
 2022094 555868 infeasible   56       246.00000  323.96381  31.7%   134 1020s
 2032006 557738  297.30616   54   64  246.00000  323.79740  31.6%   134 1025s
 2041719 559293  262.38889   60   10  246.00000  323.64130  31.6%   134 1030s
 2051489 560997  262.25000   62    7  246.00000  323.49258  31.5%   134 1035s
 2061331 562588  306.20833   54   91  246.00000  323.33333  31.4%   134 1040s
 2071339 564226  291.86171   53   43  246.00000  323.18750  31.4%   134 1045s
 2080909 565785 infeasible   53       246.00000  323.04167  31.3%   134 1050s
 2092114 567481  248.22222   58   40  246.00000  322.87500  31.2%   134 1055s
 2104294 569306  307.46588   52   38  246.00000  322.70833  31.2%   134 1060s
 2111630 570533 infeasible   59       246.00000  322.60911  31.1%   134 1065s
 2122868 572227     cutoff   61       246.00000  322.46875  31.1%   134 1070s
 2132627 573633  259.62500   57   52  246.00000  322.35193  31.0%   134 1075s
 2141929 575073  292.34167   58   36  246.00000  322.22490  31.0%   134 1080s
 2151489 576385 infeasible   53       246.00000  322.10144  30.9%   134 1085s
 2158955 577468     cutoff   56       246.00000  322.00595  30.9%   134 1090s
 2168761 578827  306.10595   55   65  246.00000  321.89583  30.9%   134 1095s
 2178776 580121  248.00000   62    3  246.00000  321.76389  30.8%   134 1100s
 2188493 581463  275.18472   56   78  246.00000  321.63889  30.7%   134 1105s
 2199917 582689 infeasible   56       246.00000  321.48611  30.7%   134 1110s
 2210081 583945  288.76786   56   66  246.00000  321.34783  30.6%   134 1115s
 2222577 584925  305.39226   54   57  246.00000  321.17639  30.6%   134 1120s
 2230255 585945     cutoff   60       246.00000  321.07971  30.5%   134 1125s
 2240657 586948 infeasible   61       246.00000  320.94688  30.5%   134 1130s
 2249038 587854  260.29282   59   24  246.00000  320.80912  30.4%   134 1135s
 2259365 588681  280.13949   54   68  246.00000  320.66519  30.4%   134 1140s
 2270992 589745 infeasible   52       246.00000  320.50000  30.3%   134 1145s
 2279235 590470 infeasible   55       246.00000  320.39312  30.2%   134 1150s
 2289878 591236  263.13949   56    4  246.00000  320.23598  30.2%   134 1155s
 2297657 591739  247.96296   58   16  246.00000  320.11979  30.1%   134 1160s
 2309136 592745  274.76389   58   80  246.00000  319.95139  30.1%   134 1165s
 2319312 593581  276.44444   53   35  246.00000  319.79167  30.0%   134 1170s
 2331947 594631     cutoff   61       246.00000  319.61171  29.9%   134 1175s
 2343065 595420  289.50930   52   42  246.00000  319.44444  29.9%   134 1180s
 2353287 595908 infeasible   52       246.00000  319.27717  29.8%   134 1185s
 2361749 596426  304.55556   52   45  246.00000  319.13152  29.7%   134 1190s
 2372712 597060  276.09722   56   34  246.00000  318.94988  29.7%   134 1195s
 2383881 597611 infeasible   56       246.00000  318.72917  29.6%   134 1200s
 2394872 598209 infeasible   55       246.00000  318.53571  29.5%   134 1205s
 2405440 598857  291.20199   57   85  246.00000  318.36051  29.4%   134 1210s
 2418453 599213  257.91667   59   48  246.00000  318.07699  29.3%   134 1215s
 2431734 599804  289.01389   55   47  246.00000  317.80435  29.2%   134 1220s
 2442717 600165  262.37500   60   47  246.00000  317.54374  29.1%   134 1225s
 2455258 600362     cutoff   59       246.00000  317.22917  29.0%   133 1230s
 2464266 600519  272.91894   53   78  246.00000  317.00408  28.9%   133 1235s
 2474022 600691  276.63542   55   44  246.00000  316.75000  28.8%   133 1240s
 2485360 600847     cutoff   61       246.00000  316.42210  28.6%   133 1245s
 2497450 601022  253.98732   62    3  246.00000  316.04167  28.5%   133 1250s
 2508286 601311  292.79167   54   78  246.00000  315.67935  28.3%   133 1255s
 2521550 601272  300.50000   51   64  246.00000  315.18116  28.1%   133 1260s
 2535800 601329     cutoff   58       246.00000  314.54167  27.9%   133 1265s
 2549252 601764 infeasible   56       246.00000  313.87500  27.6%   133 1270s
 2563021 602168  274.47283   57   32  246.00000  313.20833  27.3%   133 1275s
 2574380 603341  264.00000   56   35  246.00000  312.67029  27.1%   133 1280s
 2586153 604628  279.50000   57   47  246.00000  312.23611  26.9%   132 1285s
 2597372 605658  270.95833   58   32  246.00000  311.81878  26.8%   132 1290s
 2605472 606701  276.55556   50   51  246.00000  311.53830  26.6%   132 1295s
 2617088 607815  278.72705   54   33  246.00000  311.15018  26.5%   132 1300s
 2627858 609077  308.90987   53   44  246.00000  310.85417  26.4%   132 1305s
 2640487 610511  267.04167   58   20  246.00000  310.56667  26.2%   132 1310s
 2652643 611861     cutoff   60       246.00000  310.29167  26.1%   132 1315s
 2665022 613354  292.14203   58   19  246.00000  310.04167  26.0%   132 1320s
 2675491 614528  291.05556   55   42  246.00000  309.87500  26.0%   132 1325s
 2684864 615779  261.16667   56   25  246.00000  309.72421  25.9%   132 1330s
 2694687 617068  261.30208   61   19  246.00000  309.58080  25.8%   132 1335s
 2705228 618355 infeasible   59       246.00000  309.43056  25.8%   132 1340s
 2715448 619259  250.69444   56   48  246.00000  309.29167  25.7%   132 1345s
 2721686 619925 infeasible   56       246.00000  309.20833  25.7%   132 1350s
 2731638 620871  261.33678   55   22  246.00000  309.02593  25.6%   132 1355s
 2742890 621841  247.80556   63   59  246.00000  308.87500  25.6%   132 1360s
 2752739 622966 infeasible   55       246.00000  308.75000  25.5%   132 1365s
 2764210 623885  306.70242   56   63  246.00000  308.59722  25.4%   132 1370s
 2773652 624569 infeasible   55       246.00000  308.46944  25.4%   132 1375s
 2784338 625416  272.47283   56   45  246.00000  308.33333  25.3%   132 1380s
 2794131 626004 infeasible   56       246.00000  308.21875  25.3%   132 1385s
 2803443 626794  256.91667   57   31  246.00000  308.11051  25.2%   133 1390s
 2813215 627255 infeasible   60       246.00000  307.99664  25.2%   133 1395s
 2819818 627672  307.12500   55  109  246.00000  307.91667  25.2%   133 1400s
 2826268 628237  273.89964   58   35  246.00000  307.84167  25.1%   133 1405s
 2834380 628764  278.28333   53   27  246.00000  307.75000  25.1%   133 1410s
 2845291 629506 infeasible   60       246.00000  307.63333  25.1%   133 1415s
 2856908 630370  276.15580   58   61  246.00000  307.52717  25.0%   133 1420s
 2866515 631028  289.38949   57   20  246.00000  307.42844  25.0%   133 1425s
 2877869 631729  250.69643   62   29  246.00000  307.32159  24.9%   133 1430s
 2887521 632164  263.97917   56   88  246.00000  307.22024  24.9%   133 1435s
 2897519 632509  275.91553   59   27  246.00000  307.11232  24.8%   133 1440s
 2905925 632769 infeasible   56       246.00000  307.03714  24.8%   133 1445s
 2915970 633120  290.22283   53   55  246.00000  306.92089  24.8%   133 1450s
 2927423 633595  274.75000   57   44  246.00000  306.79762  24.7%   133 1455s
 2937467 633978  260.19444   55   47  246.00000  306.70584  24.7%   133 1460s
 2947160 634214     cutoff   55       246.00000  306.60126  24.6%   133 1465s
 2958962 634410  271.83333   58   24  246.00000  306.47222  24.6%   133 1470s
 2970809 634552  279.22917   55   83  246.00000  306.34781  24.5%   133 1475s
 2983084 634706  278.06250   58   27  246.00000  306.22188  24.5%   133 1480s
 2993317 634765 infeasible   58       246.00000  306.11232  24.4%   133 1485s
 3003845 634774     cutoff   59       246.00000  306.00000  24.4%   133 1490s
 3013772 634848  258.71131   56   33  246.00000  305.90000  24.3%   133 1495s
 3022039 634751  260.12500   57   51  246.00000  305.80707  24.3%   133 1500s
 3031531 634835  275.29891   58   24  246.00000  305.72222  24.3%   133 1505s
 3041570 634873  259.58681   57   17  246.00000  305.60404  24.2%   133 1510s
 3053376 634778     cutoff   60       246.00000  305.48551  24.2%   133 1515s
 3063214 634741     cutoff   59       246.00000  305.37500  24.1%   133 1520s
 3074485 634690  287.88949   58   63  246.00000  305.25362  24.1%   133 1525s
 3085932 634434 infeasible   55       246.00000  305.11739  24.0%   133 1530s
 3096086 634214  262.54167   57   51  246.00000  305.00000  24.0%   133 1535s
 3105983 634098  304.83333   53   46  246.00000  304.88095  23.9%   133 1540s
 3118189 633958  300.38255   56   27  246.00000  304.73611  23.9%   133 1545s
 3126922 633653  273.09722   56   29  246.00000  304.62500  23.8%   132 1550s
 3136769 633287  274.97619   59   24  246.00000  304.50000  23.8%   132 1555s
 3147413 632992 infeasible   53       246.00000  304.37500  23.7%   132 1560s
 3157244 632777  259.86866   60   10  246.00000  304.25000  23.7%   132 1565s
 3170939 632048     cutoff   56       246.00000  304.05952  23.6%   132 1570s
 3184115 631497  302.84783   52   90  246.00000  303.88641  23.5%   132 1575s
 3195357 630643  274.33333   58   47  246.00000  303.72766  23.5%   132 1580s
 3207191 630183  264.25000   62   29  246.00000  303.55556  23.4%   132 1585s
 3218867 629491  271.04286   54   23  246.00000  303.37500  23.3%   132 1590s
 3228724 628806  287.47026   56   44  246.00000  303.22625  23.3%   132 1595s
 3238635 628011 infeasible   59       246.00000  303.05000  23.2%   132 1600s
 3249312 627346  273.19928   52   32  246.00000  302.87500  23.1%   132 1605s
 3260886 626336 infeasible   59       246.00000  302.65580  23.0%   132 1610s
 3272533 625302     cutoff   54       246.00000  302.42253  22.9%   132 1615s
 3285711 624390 infeasible   54       246.00000  302.17527  22.8%   132 1620s
 3297486 623439  275.79982   52   22  246.00000  301.94384  22.7%   132 1625s
 3310372 622246     cutoff   59       246.00000  301.63095  22.6%   132 1630s
 3321534 621282 infeasible   56       246.00000  301.38587  22.5%   132 1635s
 3333097 620292  256.85000   57   61  246.00000  301.07065  22.4%   132 1640s
 3344994 619165 infeasible   53       246.00000  300.74275  22.3%   131 1645s
 3356493 618022  274.60205   58   14  246.00000  300.36051  22.1%   131 1650s
 3366367 617253  261.87500   62   34  246.00000  300.00300  22.0%   131 1655s
 3376793 616160     cutoff   60       246.00000  299.63315  21.8%   131 1660s
 3388218 615293  248.08333   58   36  246.00000  299.19384  21.6%   131 1665s
 3399663 614458 infeasible   60       246.00000  298.73216  21.4%   131 1670s
 3409834 614095  274.77083   59   26  246.00000  298.34954  21.3%   131 1675s
 3414749 613927  259.05556   58   28  246.00000  298.12500  21.2%   131 1680s
 3426730 613904  280.41667   54   45  246.00000  297.62862  21.0%   131 1685s
 3438535 613794  279.54167   59   36  246.00000  297.22504  20.8%   131 1690s
 3449166 613938  279.31783   57  130  246.00000  296.89286  20.7%   131 1695s
 3457417 614201  279.93750   53   61  246.00000  296.68056  20.6%   131 1700s
 3468578 614202     cutoff   63       246.00000  296.33333  20.5%   131 1705s
 3478711 614218  261.84783   60   19  246.00000  296.04167  20.3%   131 1710s
 3489127 614492  263.94444   63   10  246.00000  295.79524  20.2%   131 1715s
 3499362 614733     cutoff   60       246.00000  295.60417  20.2%   131 1720s
 3511568 615100 infeasible   55       246.00000  295.37500  20.1%   131 1725s
 3523283 615106  261.41667   57   18  246.00000  295.16667  20.0%   131 1730s
 3532738 615249  263.63949   55   39  246.00000  295.00000  19.9%   131 1735s
 3544352 615468  279.75060   57   28  246.00000  294.82639  19.8%   131 1740s
 3554042 615667  291.69444   57   33  246.00000  294.70376  19.8%   131 1745s
 3563831 615717  259.00000   66   13  246.00000  294.56250  19.7%   131 1750s
 3571652 615742  261.41667   55   34  246.00000  294.45833  19.7%   131 1755s
 3581586 615645  274.93406   60   13  246.00000  294.31884  19.6%   131 1760s
 3591770 615422  277.87500   52   93  246.00000  294.16848  19.6%   131 1765s
 3601664 615160  263.58333   57   21  246.00000  294.02083  19.5%   131 1770s
 3610978 615186  262.04167   59   58  246.00000  293.91667  19.5%   131 1775s
 3619051 615115  260.91667   55    8  246.00000  293.83333  19.4%   131 1780s
 3630453 615041 infeasible   55       246.00000  293.71429  19.4%   131 1785s
 3639790 614912  248.79405   60   55  246.00000  293.62381  19.4%   131 1790s
 3648401 614577 infeasible   59       246.00000  293.51630  19.3%   131 1795s
 3656466 614231  267.25000   54   34  246.00000  293.45076  19.3%   131 1800s
 3665127 613839  261.55556   56   30  246.00000  293.32639  19.2%   131 1805s
 3674032 613399  248.79167   57    8  246.00000  293.22039  19.2%   131 1810s
 3684341 613059  247.59722   61   19  246.00000  293.10417  19.1%   131 1815s
 3694431 612787 infeasible   55       246.00000  293.00000  19.1%   131 1820s
 3703621 612472     cutoff   58       246.00000  292.91667  19.1%   131 1825s
 3713484 612162  282.91667   56   68  246.00000  292.81944  19.0%   131 1830s
 3725053 611525  276.91214   58   14  246.00000  292.70833  19.0%   131 1835s
 3735278 611111  249.32143   54   78  246.00000  292.62500  19.0%   131 1840s
 3745377 610773  262.66667   59   24  246.00000  292.54099  18.9%   131 1845s
 3755487 610195  274.56151   55   79  246.00000  292.44792  18.9%   131 1850s
 3765439 609575  259.97222   57    8  246.00000  292.36310  18.8%   131 1855s
 3775115 609144  274.45833   54   50  246.00000  292.27934  18.8%   131 1860s
 3783507 608648  275.50000   54   30  246.00000  292.20906  18.8%   131 1865s
 3792229 607992     cutoff   62       246.00000  292.12509  18.8%   131 1870s
 3803721 607183  262.23611   60   89  246.00000  292.03000  18.7%   131 1875s
 3813460 606658     cutoff   61       246.00000  291.95426  18.7%   131 1880s
 3825077 605821 infeasible   59       246.00000  291.84722  18.6%   131 1885s
 3836446 604878 infeasible   56       246.00000  291.75000  18.6%   131 1890s
 3846819 604047  247.04529   59   12  246.00000  291.66667  18.6%   131 1895s
 3857266 602975  273.86232   53   46  246.00000  291.55208  18.5%   131 1900s
 3868738 601818  259.94907   61   18  246.00000  291.45032  18.5%   131 1905s
 3878711 600836     cutoff   57       246.00000  291.35228  18.4%   131 1910s
 3888977 599677  275.11905   53   27  246.00000  291.25000  18.4%   131 1915s
 3899054 598559  247.90061   58   91  246.00000  291.15738  18.4%   131 1920s
 3909291 597318  272.68333   59   40  246.00000  291.06548  18.3%   131 1925s
 3919237 596030  271.06250   62   20  246.00000  290.95833  18.3%   131 1930s
 3931175 594559  275.48159   59   43  246.00000  290.83929  18.2%   131 1935s
 3942586 593009  290.69048   57   51  246.00000  290.72500  18.2%   131 1940s
 3954027 591567 infeasible   62       246.00000  290.61364  18.1%   131 1945s
 3965641 590087  257.67210   52    8  246.00000  290.50000  18.1%   131 1950s
 3975348 588642 infeasible   58       246.00000  290.38949  18.0%   131 1955s
 3987225 587067  262.27083   55   40  246.00000  290.27717  18.0%   131 1960s
 3998506 585410  272.72222   58   30  246.00000  290.14217  17.9%   131 1965s
 4008953 583814 infeasible   57       246.00000  290.02083  17.9%   131 1970s
 4017112 582830  272.86232   61    3  246.00000  289.94444  17.9%   131 1975s
 4027222 581392  258.60119   60   26  246.00000  289.83333  17.8%   131 1980s
 4039098 579665 infeasible   61       246.00000  289.70833  17.8%   131 1985s
 4051170 577841     cutoff   57       246.00000  289.57065  17.7%   131 1990s
 4064000 575964 infeasible   56       246.00000  289.42708  17.7%   131 1995s
 4075560 574216 infeasible   60       246.00000  289.30077  17.6%   131 2000s
 4087040 572334 infeasible   58       246.00000  289.16667  17.5%   131 2005s
 4098730 570514  269.87077   59   15  246.00000  289.02083  17.5%   131 2010s
 4110492 568698     cutoff   55       246.00000  288.87500  17.4%   131 2015s
 4118342 567311  265.43750   60   54  246.00000  288.77717  17.4%   131 2020s
 4130597 565289     cutoff   57       246.00000  288.60417  17.3%   131 2025s
 4140769 563550  258.85119   57   56  246.00000  288.46429  17.3%   131 2030s
 4150989 561728  257.48611   60   32  246.00000  288.32104  17.2%   130 2035s
 4164041 559214 infeasible   59       246.00000  288.12500  17.1%   130 2040s
 4168480 558427  272.51190   59   45  246.00000  288.05072  17.1%   130 2045s
 4180458 556136  287.68857   57   67  246.00000  287.83929  17.0%   130 2050s
 4194250 553655  261.12500   61   35  246.00000  287.59601  16.9%   130 2055s
 4205505 551562  257.80469   54   31  246.00000  287.37500  16.8%   130 2060s
 4217308 549314  257.41667   55   22  246.00000  287.14096  16.7%   130 2065s
 4228789 547227 infeasible   53       246.00000  286.89644  16.6%   130 2070s
 4238448 545503 infeasible   57       246.00000  286.68116  16.5%   130 2075s
 4248723 543641 infeasible   63       246.00000  286.40278  16.4%   130 2080s
 4260614 541383 infeasible   60       246.00000  286.08333  16.3%   130 2085s
 4272287 539015  248.04167   62   22  246.00000  285.70918  16.1%   130 2090s
 4285807 536587  274.04167   56   16  246.00000  285.25650  16.0%   130 2095s
 4298737 534399 infeasible   54       246.00000  284.76923  15.8%   130 2100s
 4311386 532547 infeasible   59       246.00000  284.24679  15.5%   130 2105s
 4322674 530898 infeasible   64       246.00000  283.71467  15.3%   130 2110s
 4334157 529638 infeasible   63       246.00000  283.23913  15.1%   130 2115s
 4343619 528569  281.11111   57   26  246.00000  282.82456  15.0%   130 2120s
 4355246 527498  247.25000   58   39  246.00000  282.40843  14.8%   130 2125s
 4362969 526743  251.41667   58   42  246.00000  282.22222  14.7%   130 2130s
 4371720 526091     cutoff   58       246.00000  281.88043  14.6%   130 2135s
 4381523 525361  262.73333   56   80  246.00000  281.62862  14.5%   130 2140s
 4391750 524310  265.98264   59   27  246.00000  281.33696  14.4%   130 2145s
 4403275 523068  250.37500   59   32  246.00000  281.04167  14.2%   130 2150s
 4414471 522093 infeasible   59       246.00000  280.81310  14.2%   130 2155s
 4426304 520802     cutoff   61       246.00000  280.56250  14.0%   130 2160s
 4436099 519565 infeasible   60       246.00000  280.36111  14.0%   130 2165s
 4447759 518176 infeasible   60       246.00000  280.14286  13.9%   130 2170s
 4457600 517171  265.25000   58   63  246.00000  279.97619  13.8%   130 2175s
 4467133 516272  254.92935   59   18  246.00000  279.83333  13.8%   130 2180s
 4478192 515043  264.04167   59   24  246.00000  279.67361  13.7%   130 2185s
 4488183 513836 infeasible   62       246.00000  279.54167  13.6%   130 2190s
 4496392 512729  250.55435   58   38  246.00000  279.45833  13.6%   130 2195s
 4507357 511129 infeasible   59       246.00000  279.26404  13.5%   130 2200s
 4518896 509379 infeasible   57       246.00000  279.08333  13.4%   130 2205s
 4529850 507972     cutoff   58       246.00000  278.93750  13.4%   130 2210s
 4539732 506662  263.30833   61   25  246.00000  278.83333  13.3%   130 2215s
 4547285 505626 infeasible   55       246.00000  278.75000  13.3%   130 2220s
 4556890 504189  262.29563   61   20  246.00000  278.63768  13.3%   130 2225s
 4567040 502554  248.48413   60   33  246.00000  278.53125  13.2%   130 2230s
 4577263 500978  262.29018   59   21  246.00000  278.42057  13.2%   130 2235s
 4585691 499578 infeasible   62       246.00000  278.33016  13.1%   130 2240s
 4595831 497618  256.66667   60   33  246.00000  278.21354  13.1%   130 2245s
 4604294 495924 infeasible   55       246.00000  278.11051  13.1%   130 2250s
 4614464 494487  261.97500   64   24  246.00000  278.00000  13.0%   130 2255s
 4624194 492766  276.82292   60   55  246.00000  277.89366  13.0%   130 2260s
 4634038 491183  275.32176   56   26  246.00000  277.80000  12.9%   130 2265s
 4643835 489375     cutoff   54       246.00000  277.71528  12.9%   130 2270s
 4653687 487684     cutoff   57       246.00000  277.62500  12.9%   130 2275s
 4662198 486162  259.00000   60   21  246.00000  277.56884  12.8%   130 2280s
 4672273 484345 infeasible   59       246.00000  277.48611  12.8%   130 2285s
 4682322 482463  261.52778   60   11  246.00000  277.39674  12.8%   130 2290s
 4692357 480468 infeasible   54       246.00000  277.31155  12.7%   130 2295s
 4700260 478792  261.19900   59   27  246.00000  277.23998  12.7%   130 2300s
 4711167 476470  270.27899   57    5  246.00000  277.12681  12.7%   130 2305s
 4721451 474181  262.62500   62   24  246.00000  277.02899  12.6%   130 2310s
 4733009 471757  260.21429   60  109  246.00000  276.93116  12.6%   130 2315s
 4744781 469069  262.41071   57   38  246.00000  276.80769  12.5%   130 2320s
 4755105 466581     cutoff   60       246.00000  276.70313  12.5%   130 2325s
 4764764 464156     cutoff   61       246.00000  276.59964  12.4%   130 2330s
 4776065 461271  257.83333   60    3  246.00000  276.48551  12.4%   130 2335s
 4786852 458580  274.25121   55   15  246.00000  276.37500  12.3%   130 2340s
 4795145 456396 infeasible   61       246.00000  276.27899  12.3%   130 2345s
 4802034 454961     cutoff   56       246.00000  276.19792  12.3%   130 2350s
 4809754 452360 infeasible   58       246.00000  276.10417  12.2%   130 2355s
 4822018 449139  275.87103   57   71  246.00000  275.95833  12.2%   130 2360s
 4833858 445801     cutoff   60       246.00000  275.82609  12.1%   130 2365s
 4844106 442898  273.61232   60   29  246.00000  275.70833  12.1%   130 2370s
 4855796 439453 infeasible   59       246.00000  275.56250  12.0%   130 2375s
 4867346 436104  271.70833   58   12  246.00000  275.41667  12.0%   130 2380s
 4877174 433217  260.66111   59   34  246.00000  275.29167  11.9%   130 2385s
 4885755 430413 infeasible   58       246.00000  275.19489  11.9%   130 2390s
 4897213 426995     cutoff   54       246.00000  275.02702  11.8%   130 2395s
 4907177 424139  258.68750   58   48  246.00000  274.91667  11.8%   130 2400s
 4918831 420586  274.72917   54   91  246.00000  274.75000  11.7%   130 2405s
 4930177 416877     cutoff   56       246.00000  274.58359  11.6%   130 2410s
 4941809 413122  259.09783   60   29  246.00000  274.43750  11.6%   129 2415s
 4955559 408814  258.37500   61   22  246.00000  274.25000  11.5%   129 2420s
 4965606 405696     cutoff   56       246.00000  274.09341  11.4%   129 2425s
 4975639 402272  258.09783   59  109  246.00000  273.95833  11.4%   129 2430s
 4985984 398781 infeasible   61       246.00000  273.77976  11.3%   129 2435s
 4997872 394664     cutoff   61       246.00000  273.58333  11.2%   129 2440s
 5009667 390462 infeasible   62       246.00000  273.35703  11.1%   129 2445s
 5020869 386123 infeasible   61       246.00000  273.10417  11.0%   129 2450s
 5032563 382159     cutoff   57       246.00000  272.86667  10.9%   129 2455s
 5042477 378581 infeasible   56       246.00000  272.62500  10.8%   129 2460s
 5055690 373648 infeasible   59       246.00000  272.27717  10.7%   129 2465s
 5068549 368824  262.57143   57   67  246.00000  271.91667  10.5%   129 2470s
 5080232 364417     cutoff   59       246.00000  271.54565  10.4%   129 2475s
 5089075 361022  262.54167   56   45  246.00000  271.23380  10.3%   129 2480s
 5097948 357724 infeasible   59       246.00000  270.94384  10.1%   129 2485s
 5108688 353819 infeasible   61       246.00000  270.45833  9.94%   129 2490s
 5119890 349513     cutoff   60       246.00000  269.87500  9.71%   129 2495s
 5130020 345976     cutoff   57       246.00000  269.29089  9.47%   129 2500s
 5139575 342806 infeasible   61       246.00000  268.74094  9.24%   129 2505s
 5150785 339106  267.08333   55   20  246.00000  267.97917  8.93%   129 2510s
 5162344 335678 infeasible   61       246.00000  267.37500  8.69%   129 2515s
 5172362 332751  265.99410   58   59  246.00000  266.91667  8.50%   129 2520s
 5182340 329899 infeasible   60       246.00000  266.58333  8.37%   129 2525s
 5189853 327446  251.88889   57   38  246.00000  266.32246  8.26%   129 2530s
 5201064 324105     cutoff   58       246.00000  265.90278  8.09%   129 2535s
 5211308 320927 infeasible   55       246.00000  265.62681  7.98%   129 2540s
 5221000 317781  251.58333   57   25  246.00000  265.38095  7.88%   129 2545s
 5231163 314345     cutoff   56       246.00000  265.12351  7.77%   129 2550s
 5240581 311663  264.79500   59   94  246.00000  264.90127  7.68%   129 2555s
 5250107 308480 infeasible   61       246.00000  264.70833  7.61%   129 2560s
 5260442 304992     cutoff   59       246.00000  264.50000  7.52%   129 2565s
 5272257 300482  258.76389   57   76  246.00000  264.21875  7.41%   129 2570s
 5283460 296570 infeasible   64       246.00000  263.96196  7.30%   129 2575s
 5292454 293095     cutoff   56       246.00000  263.83333  7.25%   129 2580s
 5301889 289483 infeasible   63       246.00000  263.66727  7.18%   129 2585s
 5308048 287007  260.16667   59   36  246.00000  263.58333  7.15%   129 2590s
 5316673 283445     cutoff   58       246.00000  263.45833  7.10%   129 2595s
 5326071 279677 infeasible   61       246.00000  263.31250  7.04%   129 2600s
 5336611 274890 infeasible   61       246.00000  263.12138  6.96%   129 2605s
 5346116 271501  262.95833   55   85  246.00000  262.97917  6.90%   129 2610s
 5356227 267258  262.79340   59   78  246.00000  262.83877  6.85%   129 2615s
 5365358 263223  248.85516   60   52  246.00000  262.72464  6.80%   129 2620s
 5375529 258734  262.44444   58   79  246.00000  262.60000  6.75%   129 2625s
 5387619 252894     cutoff   60       246.00000  262.44318  6.68%   129 2630s
 5399766 247415     cutoff   61       246.00000  262.26852  6.61%   129 2635s
 5409642 241910  257.87500   67    9  246.00000  262.11022  6.55%   129 2640s
 5418553 237382  261.94746   59   38  246.00000  261.98611  6.50%   129 2645s
 5429261 231114     cutoff   58       246.00000  261.77083  6.41%   129 2650s
 5440192 224749  260.33794   58   28  246.00000  261.56466  6.33%   129 2655s
 5450436 218180 infeasible   59       246.00000  261.34954  6.24%   129 2660s
 5462641 210078     cutoff   56       246.00000  261.04167  6.11%   129 2665s
 5475857 201386     cutoff   59       246.00000  260.75000  6.00%   129 2670s
 5489671 191556     cutoff   60       246.00000  260.41667  5.86%   129 2675s
 5505265 181127     cutoff   60       246.00000  260.00000  5.69%   129 2680s
 5518374 171557     cutoff   59       246.00000  259.70833  5.57%   129 2685s
 5532527 161655     cutoff   60       246.00000  259.37167  5.44%   129 2690s
 5543879 153793     cutoff   61       246.00000  259.08333  5.32%   129 2695s
 5560726 141318  257.70109   58   17  246.00000  258.54167  5.10%   128 2700s
 5577489 128655 infeasible   56       246.00000  257.85417  4.82%   128 2705s
 5592769 116976     cutoff   57       246.00000  257.05729  4.49%   128 2710s
 5609500 103597 infeasible   59       246.00000  256.00000  4.07%   128 2715s
 5622847 92815 infeasible   53       246.00000  254.71014  3.54%   128 2720s
 5634786 83290     cutoff   56       246.00000  253.11775  2.89%   128 2725s
 5647263 73880 infeasible   59       246.00000  251.68981  2.31%   128 2730s
 5660479 63482 infeasible   58       246.00000  250.59783  1.87%   128 2735s
 5672865 53783     cutoff   59       246.00000  249.78125  1.54%   128 2740s
 5686809 42201     cutoff   57       246.00000  248.91667  1.19%   128 2745s
 5703720 26954     cutoff   63       246.00000  248.25000  0.91%   128 2750s
 5707944 25125  247.95833   60    8  246.00000  248.00000  0.81%   128 2755s
 5719376 13348 infeasible   60       246.00000  247.69626  0.69%   127 2760s

Cutting planes:
  Inf proof: 1

Explored 5735962 nodes (729625761 simplex iterations) in 2764.39 seconds (5953.62 work units)
Thread count was 16 (of 16 available processors)

Solution count 10: 246 246 246 ... 226

Optimal solution found (tolerance 1.00e-04)
Best objective 2.460000000000e+02, best bound 2.460000000000e+02, gap 0.0000%

Wrote result file '/root/bgw/data/results/2026_03_24_21_03_38_set_vm-3-t3_vm-3-t3_s016_g001_max.sol'

