[2026-03-24T03:23:10.550Z] Pipeline "set_big_5_8_big_5_8_s000_g004" → 2026_03_24_03_23_10_set_big_5_8_big_5_8_s000_g004_max.sol
Set parameter WLSAccessID
Set parameter WLSSecret
Set parameter LicenseID to value 2792458
Set parameter LogFile to value "gurobi.log"
Using license file /root/gurobi.lic
Academic license 2792458 - for non-commercial use only - registered to an___@studenti.unipg.it

Gurobi Optimizer version 13.0.1 build v13.0.1rc0 (linux64 - "Ubuntu 24.04.4 LTS")
Copyright (c) 2026, Gurobi Optimization, LLC

Warning: Duplicate section found (read 'binary') - Is a variable name equal to an LP file format keyword?
Warning: Duplicate section found (read 'binary') - Is a variable name equal to an LP file format keyword?
Warning: Duplicate section found (read 'binary') - Is a variable name equal to an LP file format keyword?
Warning: Duplicate section found (read 'binary') - Is a variable name equal to an LP file format keyword?
Warning: Duplicate section found (read 'binary') - Is a variable name equal to an LP file format keyword?
Warning: Duplicate section found (read 'binary') - Is a variable name equal to an LP file format keyword?
Warning: Duplicate section found (read 'binary') - Is a variable name equal to an LP file format keyword?
Warning: Duplicate section found (read 'binary') - Is a variable name equal to an LP file format keyword?
Warning: Duplicate section found (read 'binary') - Is a variable name equal to an LP file format keyword?
Warning: Duplicate section found (read 'binary') - Is a variable name equal to an LP file format keyword?
Warning: Further warnings of this type will be omitted.
Read LP format model from file /root/bgw/data/uploads/2026_03_24_03_23_10_set_big_5_8_big_5_8_s000_g004_max.lp
Reading time = 0.00 seconds
: 3407 rows, 433 columns, 10217 nonzeros

Using Gurobi shared library /opt/gurobi1301/linux64/lib/libgurobi.so.13.0.1

CPU model: AMD EPYC-Genoa Processor, instruction set [SSE2|AVX|AVX2|AVX512]
Thread count: 16 physical cores, 16 logical processors, using up to 16 threads

Academic license 2792458 - for non-commercial use only - registered to an___@studenti.unipg.it
Optimize a model with 3407 rows, 433 columns and 10217 nonzeros (Max)
Model fingerprint: 0xe9d58b64
Model has 147 linear objective coefficients
Variable types: 167 continuous, 266 integer (266 binary)
Coefficient statistics:
  Matrix range     [1e+00, 2e+01]
  Objective range  [1e+00, 1e+00]
  Bounds range     [1e+00, 1e+00]
  RHS range        [1e+00, 2e+01]

Found heuristic solution: objective 147.0000000
Presolve removed 1049 rows and 199 columns
Presolve time: 0.01s
Presolved: 2358 rows, 234 columns, 7244 nonzeros
Variable types: 0 continuous, 234 integer (224 binary)
Found heuristic solution: objective 232.0000000

Root relaxation: objective 1.057000e+03, 326 iterations, 0.02 seconds (0.02 work units)

    Nodes    |    Current Node    |     Objective Bounds      |     Work
 Expl Unexpl |  Obj  Depth IntInf | Incumbent    BestBd   Gap | It/Node Time

     0     0 1057.00000    0   44  232.00000 1057.00000   356%     -    0s
H    0     0                     240.0000000 1057.00000   340%     -    0s
H    0     0                     352.0000000 1057.00000   200%     -    0s
H    0     0                     367.0000000 1057.00000   188%     -    0s
     0     0 1057.00000    0   54  367.00000 1057.00000   188%     -    0s
H    0     0                     386.0000000 1057.00000   174%     -    0s
     0     0 1057.00000    0   54  386.00000 1057.00000   174%     -    0s
     0     0 1057.00000    0   57  386.00000 1057.00000   174%     -    0s
     0     0 1057.00000    0   44  386.00000 1057.00000   174%     -    0s
H    0     0                     387.0000000 1057.00000   173%     -    0s
     0     0 1057.00000    0   54  387.00000 1057.00000   173%     -    0s
     0     0 1057.00000    0   54  387.00000 1057.00000   173%     -    0s
     0     0 1057.00000    0   44  387.00000 1057.00000   173%     -    0s
H    0     0                     399.0000000 1057.00000   165%     -    0s
     0     0 1057.00000    0   54  399.00000 1057.00000   165%     -    0s
     0     0 1057.00000    0   44  399.00000 1057.00000   165%     -    0s
     0     0 1057.00000    0   54  399.00000 1057.00000   165%     -    0s
     0     0 1057.00000    0   52  399.00000 1057.00000   165%     -    0s
     0     0 1057.00000    0   51  399.00000 1057.00000   165%     -    0s
     0     0 1057.00000    0   50  399.00000 1057.00000   165%     -    0s
     0     0 1057.00000    0   50  399.00000 1057.00000   165%     -    0s
     0     0 1057.00000    0   50  399.00000 1057.00000   165%     -    0s
     0     2 1057.00000    0   50  399.00000 1057.00000   165%     -    0s
H   14    13                     402.0000000 1057.00000   163%  83.1    0s
H   31    39                     418.0000000 1055.33333   152%   100    0s
 13923  5856 infeasible   49       418.00000  895.27778   114%  49.8    5s
 40655 11821 infeasible   52       418.00000  851.38889   104%  46.8   10s
 63411 22762  499.61111   55   45  418.00000  811.75926  94.2%  46.1   15s
 104780 35605 infeasible   54       418.00000  762.09259  82.3%  46.1   20s
 141132 47660  420.00000   58   19  418.00000  735.00000  75.8%  46.5   25s
 177157 59005  479.09259   49   45  418.00000  714.27778  70.9%  46.9   30s
 215185 70465  691.27778   43   54  418.00000  697.08730  66.8%  47.1   35s
 249742 79616  494.33333   57   32  418.00000  684.77778  63.8%  47.1   40s
 285856 89089  455.18519   51   41  418.00000  672.15873  60.8%  47.1   45s
 322481 98381     cutoff   55       418.00000  661.51389  58.3%  47.1   50s
 358107 107076 infeasible   48       418.00000  650.90404  55.7%  47.2   55s
 397720 116092  435.16667   55    5  418.00000  640.41742  53.2%  47.1   60s
 429803 123834  574.40625   45   75  418.00000  634.77778  51.9%  47.2   65s
 468251 131256  453.43333   57   48  418.00000  625.70370  49.7%  47.0   70s
 505458 138763 infeasible   61       418.00000  619.00000  48.1%  47.1   75s
 542341 145796  564.72222   51   38  418.00000  611.83333  46.4%  47.0   80s
 577954 152992 infeasible   56       418.00000  606.65000  45.1%  47.1   85s
 616684 160339  427.72222   58   46  418.00000  601.81746  44.0%  47.0   90s
 655739 166061  523.10000   52   50  418.00000  595.16667  42.4%  46.8   95s
 687478 172467  478.27778   55   34  418.00000  590.77485  41.3%  47.0  100s
 725178 178537 infeasible   54       418.00000  586.72222  40.4%  47.0  105s
 765975 183800 infeasible   49       418.00000  580.88889  39.0%  46.8  110s
 803272 190100  576.11111   49   39  418.00000  576.63889  38.0%  46.9  115s
 831478 196480  525.45556   49   31  418.00000  574.48291  37.4%  47.1  121s
 871913 200291  496.84921   54   64  418.00000  572.18519  36.9%  47.0  125s
 911842 204541  459.75000   55   53  418.00000  567.94444  35.9%  46.8  130s
 952434 209382  561.65556   49   55  418.00000  562.83333  34.6%  46.8  135s
 987947 214467  497.38889   52   32  418.00000  560.04444  34.0%  46.9  140s
 1027037 219398 infeasible   58       418.00000  557.33333  33.3%  46.9  145s
 1063016 223129  425.11111   58    6  418.00000  554.69444  32.7%  46.9  150s
 1099341 226051  440.05556   55   43  418.00000  551.00000  31.8%  46.8  155s
 1135602 229841 infeasible   50       418.00000  547.65278  31.0%  46.8  160s
 1171294 234605  528.11111   48   51  418.00000  545.58333  30.5%  46.9  165s
 1208561 239213  448.37037   57   33  418.00000  543.80065  30.1%  47.0  170s
 1248183 243334     cutoff   62       418.00000  542.05556  29.7%  47.0  175s
 1282094 246248     cutoff   56       418.00000  540.30000  29.3%  46.9  180s
 1323994 248739  423.00000   59   26  418.00000  537.51389  28.6%  46.8  185s
 1360967 251094 infeasible   62       418.00000  534.33333  27.8%  46.7  190s
 1398188 254663 infeasible   53       418.00000  531.85185  27.2%  46.7  195s
 1427294 255989  454.61111   55   22  418.00000  530.90278  27.0%  46.8  200s
 1458626 259084  529.25556   54   39  418.00000  529.53333  26.7%  46.9  205s
 1494724 262213  496.28889   50   40  418.00000  528.05556  26.3%  46.9  210s
 1529897 265024  447.98611   55   24  418.00000  526.83333  26.0%  46.9  215s
 1566996 266912 infeasible   57       418.00000  525.25556  25.7%  46.9  220s
 1602515 268330  516.77778   50   43  418.00000  523.61111  25.3%  46.8  225s
 1639494 269549  500.11111   53   39  418.00000  521.50000  24.8%  46.7  230s
 1675363 271115 infeasible   61       418.00000  519.50000  24.3%  46.6  235s
 1706636 272638  460.98611   52   47  418.00000  517.83333  23.9%  46.7  240s
 1741940 274629  460.72222   52   55  418.00000  516.21111  23.5%  46.7  245s
 1778199 276953  480.58333   56   32  418.00000  514.97778  23.2%  46.8  250s
 1814714 279193  478.83333   55   52  418.00000  513.94444  23.0%  46.8  255s
 1846239 280611  490.15839   54   48  418.00000  513.14815  22.8%  46.8  260s
 1883570 282242  464.50000   54   31  418.00000  512.16667  22.5%  46.8  265s
 1920664 283184     cutoff   52       418.00000  511.16667  22.3%  46.8  270s
 1954784 283800  447.52778   52   39  418.00000  510.18519  22.1%  46.8  275s
 1987997 284326  474.97222   53   13  418.00000  509.16667  21.8%  46.7  280s
 2027865 284528  470.27778   51   36  418.00000  507.77778  21.5%  46.6  285s
 2065680 284052  457.75556   51   25  418.00000  506.16667  21.1%  46.6  290s
 2103390 283806  464.42593   57   75  418.00000  504.38889  20.7%  46.5  295s
 2137588 284496 infeasible   58       418.00000  503.09722  20.4%  46.5  300s
 2174266 285358 infeasible   59       418.00000  501.97222  20.1%  46.5  305s
 2204977 285741  471.05556   55   23  418.00000  501.00000  19.9%  46.6  310s
 2239941 286148  491.07778   53   48  418.00000  499.98148  19.6%  46.6  315s
 2275746 286901  446.01389   58   27  418.00000  499.16667  19.4%  46.7  320s
 2309204 287167 infeasible   59       418.00000  498.38889  19.2%  46.7  325s
 2339881 287268  453.50000   52   13  418.00000  497.69444  19.1%  46.8  330s
 2376159 286817     cutoff   55       418.00000  496.90972  18.9%  46.8  335s
 2409181 286545  438.83333   57    6  418.00000  496.23457  18.7%  46.8  340s
 2445799 285430 infeasible   62       418.00000  495.38889  18.5%  46.8  345s
 2483263 283911  492.16667   56    8  418.00000  494.44444  18.3%  46.8  350s
 2519774 282312 infeasible   58       418.00000  493.50529  18.1%  46.7  355s
 2552765 280497  468.72222   54   35  418.00000  492.60794  17.8%  46.7  360s
 2587800 278666  429.83333   58   43  418.00000  491.50000  17.6%  46.7  365s
 2626563 276263 infeasible   59       418.00000  490.16667  17.3%  46.6  370s
 2662659 273955  448.77778   57   37  418.00000  488.88889  17.0%  46.6  375s
 2697551 272109 infeasible   58       418.00000  487.66667  16.7%  46.6  380s
 2729441 270411  436.44444   54   29  418.00000  486.66667  16.4%  46.7  385s
 2760032 269295 infeasible   61       418.00000  485.92593  16.3%  46.7  390s
 2791113 267929  478.11111   53   33  418.00000  485.18056  16.1%  46.8  395s
 2822882 266135  451.90000   53   85  418.00000  484.44444  15.9%  46.9  400s
 2849747 264566 infeasible   55       418.00000  483.83333  15.7%  46.9  405s
 2880082 262777 infeasible   57       418.00000  483.22222  15.6%  47.0  410s
 2911761 260392 infeasible   59       418.00000  482.61111  15.5%  47.0  415s
 2946477 257530  430.11111   57   72  418.00000  481.95833  15.3%  47.1  420s
 2982441 254492  427.38889   55   28  418.00000  481.28105  15.1%  47.1  425s
 3016900 251449  452.38889   55   25  418.00000  480.61111  15.0%  47.1  430s
 3050673 248420  464.83333   55   42  418.00000  479.96296  14.8%  47.1  435s
 3082274 245184 infeasible   60       418.00000  479.27778  14.7%  47.1  440s
 3117659 240881     cutoff   57       418.00000  478.44444  14.5%  47.1  445s
 3154834 236166  466.36111   54   46  418.00000  477.44444  14.2%  47.1  450s
 3191146 231148  436.61111   56   31  418.00000  476.38889  14.0%  47.1  455s
 3224436 226297  455.35714   57   25  418.00000  475.29060  13.7%  47.1  460s
 3258649 221015 infeasible   57       418.00000  474.07778  13.4%  47.1  465s
 3292578 215898  462.27778   57   22  418.00000  472.78819  13.1%  47.1  470s
 3324737 211858     cutoff   60       418.00000  471.94444  12.9%  47.1  475s
 3350209 208289 infeasible   56       418.00000  471.16667  12.7%  47.2  480s
 3381881 203377  430.29630   59   20  418.00000  470.15657  12.5%  47.2  485s
 3412797 198395 infeasible   53       418.00000  469.27778  12.3%  47.3  490s
 3440993 193623 infeasible   54       418.00000  468.55000  12.1%  47.4  495s
 3468413 188891 infeasible   57       418.00000  467.83333  11.9%  47.5  500s
 3493896 183931  462.88889   55   36  418.00000  467.22222  11.8%  47.6  505s
 3522817 178406  427.77778   56   32  418.00000  466.52778  11.6%  47.6  510s
 3551268 172663 infeasible   56       418.00000  465.83333  11.4%  47.7  515s
 3581458 166373  433.63889   56   16  418.00000  465.00000  11.2%  47.7  520s
 3613456 159124     cutoff   56       418.00000  464.16667  11.0%  47.8  525s
 3643920 151580  433.33333   57   28  418.00000  463.16667  10.8%  47.8  530s
 3671011 144723 infeasible   57       418.00000  462.22222  10.6%  47.9  535s
 3701260 136821 infeasible   57       418.00000  461.00000  10.3%  47.9  540s
 3723333 130643  436.98889   54   35  418.00000  460.05556  10.1%  47.9  545s
 3751808 122317  437.11111   57   38  418.00000  458.55556  9.70%  47.9  550s
 3782010 113676  432.87778   57   30  418.00000  456.80000  9.28%  48.0  555s
 3811021 105505  453.00000   51   35  418.00000  455.35802  8.94%  48.0  560s
 3839856 97669  423.00000   62   37  418.00000  454.00000  8.61%  48.1  565s
 3864998 90048  442.05556   54   38  418.00000  452.79167  8.32%  48.2  570s
 3894562 80845     cutoff   58       418.00000  451.33333  7.97%  48.2  575s
 3923862 71555 infeasible   52       418.00000  449.94444  7.64%  48.3  580s
 3952347 60892     cutoff   57       418.00000  447.88889  7.15%  48.4  585s
 3981509 48411 infeasible   57       418.00000  444.77778  6.41%  48.4  590s
 4009219 36134  438.66667   52   29  418.00000  440.50000  5.38%  48.4  595s
 4040412 21763     cutoff   56       418.00000  435.50000  4.19%  48.5  600s

Cutting planes:
  Inf proof: 1

Explored 4070454 nodes (197100299 simplex iterations) in 603.88 seconds (1077.20 work units)
Thread count was 16 (of 16 available processors)

Solution count 10: 418 418 418 ... 386

Optimal solution found (tolerance 1.00e-04)
Best objective 4.180000000000e+02, best bound 4.180000000000e+02, gap 0.0000%

Wrote result file '/root/bgw/data/results/2026_03_24_03_23_10_set_big_5_8_big_5_8_s000_g004_max.sol'

