[2026-03-24T00:33:17.884Z] Pipeline "set_set_set_s000_g005" → 2026_03_24_00_33_17_set_set_set_s000_g005_max.sol
Set parameter WLSAccessID
Set parameter WLSSecret
Set parameter LicenseID to value 2792458
Set parameter LogFile to value "gurobi.log"
Using license file /root/gurobi.lic
Academic license 2792458 - for non-commercial use only - registered to an___@studenti.unipg.it

Gurobi Optimizer version 13.0.1 build v13.0.1rc0 (linux64 - "Ubuntu 24.04.4 LTS")
Copyright (c) 2026, Gurobi Optimization, LLC

Warning: Duplicate section found (read 'binary') - Is a variable name equal to an LP file format keyword?
Warning: Duplicate section found (read 'binary') - Is a variable name equal to an LP file format keyword?
Warning: Duplicate section found (read 'binary') - Is a variable name equal to an LP file format keyword?
Warning: Duplicate section found (read 'binary') - Is a variable name equal to an LP file format keyword?
Warning: Duplicate section found (read 'binary') - Is a variable name equal to an LP file format keyword?
Warning: Duplicate section found (read 'binary') - Is a variable name equal to an LP file format keyword?
Warning: Duplicate section found (read 'binary') - Is a variable name equal to an LP file format keyword?
Warning: Duplicate section found (read 'binary') - Is a variable name equal to an LP file format keyword?
Warning: Duplicate section found (read 'binary') - Is a variable name equal to an LP file format keyword?
Warning: Duplicate section found (read 'binary') - Is a variable name equal to an LP file format keyword?
Warning: Further warnings of this type will be omitted.
Read LP format model from file /root/bgw/data/uploads/2026_03_24_00_33_17_set_set_set_s000_g005_max.lp
Reading time = 0.00 seconds
: 107 rows, 31 columns, 264 nonzeros

Using Gurobi shared library /opt/gurobi1301/linux64/lib/libgurobi.so.13.0.1

CPU model: AMD EPYC-Genoa Processor, instruction set [SSE2|AVX|AVX2|AVX512]
Thread count: 16 physical cores, 16 logical processors, using up to 16 threads

Academic license 2792458 - for non-commercial use only - registered to an___@studenti.unipg.it
Optimize a model with 107 rows, 31 columns and 264 nonzeros (Max)
Model fingerprint: 0xc49b3710
Model has 6 linear objective coefficients
Variable types: 11 continuous, 20 integer (20 binary)
Coefficient statistics:
  Matrix range     [1e+00, 6e+00]
  Objective range  [1e+00, 1e+00]
  Bounds range     [1e+00, 1e+00]
  RHS range        [1e+00, 7e+00]

Found heuristic solution: objective 6.0000000
Presolve removed 66 rows and 8 columns
Presolve time: 0.00s
Presolved: 41 rows, 23 columns, 133 nonzeros
Variable types: 0 continuous, 23 integer (18 binary)
Found heuristic solution: objective 14.0000000

Root relaxation: objective 2.700000e+01, 15 iterations, 0.00 seconds (0.00 work units)

    Nodes    |    Current Node    |     Objective Bounds      |     Work
 Expl Unexpl |  Obj  Depth IntInf | Incumbent    BestBd   Gap | It/Node Time

     0     0   27.00000    0   12   14.00000   27.00000  92.9%     -    0s
H    0     0                      17.0000000   27.00000  58.8%     -    0s
     0     0   27.00000    0   14   17.00000   27.00000  58.8%     -    0s
     0     0   24.00000    0   15   17.00000   24.00000  41.2%     -    0s
     0     0   24.00000    0   11   17.00000   24.00000  41.2%     -    0s
     0     0   21.44444    0   14   17.00000   21.44444  26.1%     -    0s
     0     0   21.44444    0   12   17.00000   21.44444  26.1%     -    0s
     0     0   20.00000    0   14   17.00000   20.00000  17.6%     -    0s
     0     0   20.00000    0   14   17.00000   20.00000  17.6%     -    0s
     0     0   18.00000    0   12   17.00000   18.00000  5.88%     -    0s
     0     0   18.00000    0   12   17.00000   18.00000  5.88%     -    0s
     0     0   18.00000    0   12   17.00000   18.00000  5.88%     -    0s
     0     0   18.00000    0   12   17.00000   18.00000  5.88%     -    0s
     0     2   18.00000    0   12   17.00000   18.00000  5.88%     -    0s

Cutting planes:
  Gomory: 2
  MIR: 4
  Inf proof: 1
  Zero half: 2
  Mod-K: 2

Explored 137 nodes (507 simplex iterations) in 0.05 seconds (0.01 work units)
Thread count was 16 (of 16 available processors)

Solution count 3: 17 14 6 

Optimal solution found (tolerance 1.00e-04)
Best objective 1.700000000000e+01, best bound 1.700000000000e+01, gap 0.0000%

Wrote result file '/root/bgw/data/results/2026_03_24_00_33_17_set_set_set_s000_g005_max.sol'

