[2026-03-24T16:04:44.661Z] Pipeline "set_vm-3-t1_vm-3-t1_s030_g001" → 2026_03_24_16_04_44_set_vm-3-t1_vm-3-t1_s030_g001_max.sol
Set parameter Username
Set parameter LicenseID to value 2796068
Set parameter LogFile to value "gurobi.log"
Using license file /opt/gurobi/gurobi.lic
Academic license - for non-commercial use only - expires 2027-03-23

Gurobi Optimizer version 13.0.1 build v13.0.1rc0 (linux64 - "Ubuntu 24.04.4 LTS")
Copyright (c) 2026, Gurobi Optimization, LLC

Warning: Duplicate section found (read 'binary') - Is a variable name equal to an LP file format keyword?
Warning: Duplicate section found (read 'binary') - Is a variable name equal to an LP file format keyword?
Warning: Duplicate section found (read 'binary') - Is a variable name equal to an LP file format keyword?
Warning: Duplicate section found (read 'binary') - Is a variable name equal to an LP file format keyword?
Warning: Duplicate section found (read 'binary') - Is a variable name equal to an LP file format keyword?
Warning: Duplicate section found (read 'binary') - Is a variable name equal to an LP file format keyword?
Warning: Duplicate section found (read 'binary') - Is a variable name equal to an LP file format keyword?
Warning: Duplicate section found (read 'binary') - Is a variable name equal to an LP file format keyword?
Warning: Duplicate section found (read 'binary') - Is a variable name equal to an LP file format keyword?
Warning: Duplicate section found (read 'binary') - Is a variable name equal to an LP file format keyword?
Warning: Further warnings of this type will be omitted.
Read LP format model from file /root/bgw/data/uploads/2026_03_24_16_04_44_set_vm-3-t1_vm-3-t1_s030_g001_max.lp
Reading time = 0.02 seconds
: 20436 rows, 946 columns, 62271 nonzeros

Using Gurobi shared library /opt/gurobi1301/linux64/lib/libgurobi.so.13.0.1

CPU model: AMD EPYC-Genoa Processor, instruction set [SSE2|AVX|AVX2|AVX512]
Thread count: 16 physical cores, 16 logical processors, using up to 16 threads

Optimize a model with 20436 rows, 946 columns and 62271 nonzeros (Max)
Model fingerprint: 0xe443d428
Model has 36 linear objective coefficients
Variable types: 76 continuous, 870 integer (870 binary)
Coefficient statistics:
  Matrix range     [1e+00, 4e+01]
  Objective range  [1e+00, 1e+00]
  Bounds range     [1e+00, 1e+00]
  RHS range        [1e+00, 4e+01]

Found heuristic solution: objective 36.0000000
Presolve removed 623 rows and 135 columns
Presolve time: 0.06s
Presolved: 19813 rows, 811 columns, 59772 nonzeros
Variable types: 0 continuous, 811 integer (802 binary)
Found heuristic solution: objective 43.0000000

Root relaxation: objective 1.910000e+02, 861 iterations, 0.10 seconds (0.13 work units)

    Nodes    |    Current Node    |     Objective Bounds      |     Work
 Expl Unexpl |  Obj  Depth IntInf | Incumbent    BestBd   Gap | It/Node Time

     0     0  191.00000    0   60   43.00000  191.00000   344%     -    0s
H    0     0                      52.0000000  191.00000   267%     -    0s
H    0     0                      60.0000000  191.00000   218%     -    0s
H    0     0                      64.0000000  191.00000   198%     -    0s
H    0     0                      67.0000000  191.00000   185%     -    0s
H    0     0                      73.0000000  191.00000   162%     -    0s
H    0     0                      74.0000000  191.00000   158%     -    0s
H    0     0                      76.0000000  191.00000   151%     -    0s
H    0     0                      77.0000000  191.00000   148%     -    0s
H    0     0                      80.0000000  191.00000   139%     -    0s
H    0     0                      81.0000000  191.00000   136%     -    0s
H    0     0                      85.0000000  191.00000   125%     -    0s
H    0     0                      87.0000000  191.00000   120%     -    0s
     0     0  191.00000    0   69   87.00000  191.00000   120%     -    0s
H    0     0                      90.0000000  191.00000   112%     -    0s
     0     0  191.00000    0   68   90.00000  191.00000   112%     -    0s
H    0     0                      92.0000000  191.00000   108%     -    0s
     0     0  191.00000    0   64   92.00000  191.00000   108%     -    0s
     0     0  191.00000    0   32   92.00000  191.00000   108%     -    0s
H    0     0                      97.0000000  191.00000  96.9%     -    0s
     0     0  191.00000    0   32   97.00000  191.00000  96.9%     -    0s
     0     0  191.00000    0   39   97.00000  191.00000  96.9%     -    0s
     0     0  191.00000    0   32   97.00000  191.00000  96.9%     -    0s
     0     0  191.00000    0   44   97.00000  191.00000  96.9%     -    1s
     0     0  191.00000    0   41   97.00000  191.00000  96.9%     -    1s
     0     0  190.81579    0   44   97.00000  190.81579  96.7%     -    1s
     0     0  190.81579    0   44   97.00000  190.81579  96.7%     -    1s
     0     0  190.63158    0   44   97.00000  190.63158  96.5%     -    1s
     0     0  190.07895    0   42   97.00000  190.07895  96.0%     -    1s
     0     0  190.07895    0   41   97.00000  190.07895  96.0%     -    1s
     0     0  184.00000    0   45   97.00000  184.00000  89.7%     -    1s
     0     0  184.00000    0   43   97.00000  184.00000  89.7%     -    1s
     0     0  184.00000    0   43   97.00000  184.00000  89.7%     -    1s
     0     0  184.00000    0   40   97.00000  184.00000  89.7%     -    1s
     0     2  184.00000    0   40   97.00000  184.00000  89.7%     -    1s
   488   324  116.71053   20   35   97.00000  184.00000  89.7%   231    5s
  1679   797  139.88947   13   45   97.00000  182.79342  88.4%   227   10s
  2911  1282  146.46579   10  113   97.00000  177.00000  82.5%   245   15s
  3816  1541  155.21053   10   43   97.00000  172.92105  78.3%   256   20s
  4071  1660  125.81579   26  200   97.00000  172.92105  78.3%   266   25s
  4490  1677 infeasible   36        97.00000  172.92105  78.3%   276   30s
  4921  1658  107.00000   32   46   97.00000  172.92105  78.3%   285   35s
  5444  1681 infeasible   27        97.00000  172.92105  78.3%   286   40s
  5975  1626  134.44737   27   61   97.00000  169.07895  74.3%   291   45s
  6199  1613 infeasible   33        97.00000  169.07895  74.3%   295   50s
  6742  1651 infeasible   36        97.00000  161.89474  66.9%   303   55s
  7790  1654  148.14474   24  132   97.00000  156.42105  61.3%   314   60s
  8380  1659  118.90789   28   63   97.00000  155.53947  60.3%   330   65s
  9843  1973  121.57895   28   37   97.00000  153.92105  58.7%   331   70s
 10889  2278  132.88291   24  200   97.00000  149.00000  53.6%   336   75s
 12224  2611  102.86842   31   35   97.00000  148.26316  52.8%   338   81s
 13262  2744  110.81579   33   54   97.00000  148.07895  52.7%   340   87s
 14258  2926  132.93860   26   43   97.00000  145.63158  50.1%   341   91s
 15293  3117  104.44737   36   17   97.00000  144.62281  49.1%   345   96s
 16295  3291 infeasible   27        97.00000  141.63158  46.0%   350  100s
 17816  3495 infeasible   32        97.00000  141.04825  45.4%   346  106s
 19286  3685  116.83333   29  177   97.00000  139.18623  43.5%   347  111s
 19927  3794 infeasible   26        97.00000  138.39474  42.7%   349  115s
 20828  3795  123.28421   27   40   97.00000  137.76316  42.0%   348  120s
 21088  3900  137.76316   37   47   97.00000  137.76316  42.0%   347  125s
 21432  3968  137.76316   29   38   97.00000  137.76316  42.0%   346  130s
 22033  3950 infeasible   32        97.00000  137.76316  42.0%   343  135s
 23049  4022  137.76316   38  141   97.00000  137.76316  42.0%   339  140s
 24140  4049 infeasible   43        97.00000  137.76316  42.0%   337  145s
 25538  4058  103.81579   46   26   97.00000  137.76316  42.0%   333  150s
 27548  4056  137.76316   35  117   97.00000  137.76316  42.0%   326  155s
 29224  4096  137.76316   36   70   97.00000  137.76316  42.0%   323  160s
 31077  3979  106.58772   46   27   97.00000  137.76316  42.0%   319  165s
 33160  4105  118.84211   44   61   97.00000  137.76316  42.0%   315  171s
 35025  4543   99.00000   47   13   97.00000  137.76316  42.0%   312  176s
 36134  4762     cutoff   42        97.00000  137.76316  42.0%   312  180s
 36874  4939 infeasible   44        97.00000  137.76316  42.0%   312  186s
 38502  5240  133.82164   39   39   97.00000  137.76316  42.0%   309  190s
 40694  5622     cutoff   44        97.00000  137.76316  42.0%   309  197s
 41509  5764 infeasible   41        97.00000  137.76316  42.0%   308  200s
 44484  6335 infeasible   39        97.00000  137.76316  42.0%   306  207s
 46638  6588  109.61404   41   30   97.00000  137.76316  42.0%   303  212s
 47372  6614  109.39474   37   91   97.00000  137.76316  42.0%   303  215s
 48111  6833  109.39474   38   35   97.00000  137.76316  42.0%   303  221s
 50262  7135 infeasible   42        97.00000  137.76316  42.0%   304  228s
 51622  7268  100.00000   43   51   97.00000  137.76316  42.0%   303  231s
 52932  7467  128.00000   39   45   97.00000  137.76316  42.0%   303  235s
 55828  7669  116.68421   37   65   97.00000  137.36842  41.6%   302  242s
 57513  7754  125.92105   41  102   97.00000  137.02632  41.3%   300  246s
 59016  7889  120.77632   39   82   97.00000  135.60526  39.8%   300  250s
 62224  8080   98.92105   47    1   97.00000  133.00000  37.1%   300  279s
 63903  8050  111.77500   38   91   97.00000  132.63158  36.7%   300  284s
 65270  8220  114.91520   44  159   97.00000  132.02632  36.1%   301  289s
 66818  8379     cutoff   44        97.00000  131.49342  35.6%   302  294s
 67987  8543  102.88158   44   73   97.00000  130.86842  34.9%   305  299s
 69684  8583  115.74342   42   22   97.00000  130.55263  34.6%   306  304s
 71223  8527     cutoff   40        97.00000  130.36842  34.4%   307  309s
 72962  8502 infeasible   45        97.00000  129.97368  34.0%   308  314s
 74679  8524  114.38421   40   69   97.00000  129.02632  33.0%   309  320s
 76131  8635 infeasible   41        97.00000  128.32895  32.3%   311  325s
 77738  8594 infeasible   44        97.00000  127.76692  31.7%   312  330s
 79361  8613  111.44737   40   72   97.00000  127.39474  31.3%   312  336s
 80860  8591     cutoff   46        97.00000  126.73684  30.7%   314  341s
 82182  8431 infeasible   39        97.00000  125.63158  29.5%   316  347s
 83736  8348     cutoff   42        97.00000  125.26316  29.1%   317  353s
 85484  8407  102.88158   41   57   97.00000  124.15789  28.0%   318  358s
 87012  8425     cutoff   43        97.00000  123.84211  27.7%   320  363s
 88508  8362 infeasible   45        97.00000  123.64474  27.5%   320  369s
 90181  8179 infeasible   37        97.00000  123.45591  27.3%   321  374s
 91807  7977  116.62281   41   49   97.00000  123.18421  27.0%   322  380s
 93779  7819 infeasible   41        97.00000  122.70142  26.5%   322  385s
 96666  7643  120.38681   43   45   97.00000  121.18421  24.9%   324  394s
 98342  7440 infeasible   45        97.00000  120.78947  24.5%   325  399s
 99989  7328 infeasible   42        97.00000  120.46053  24.2%   325  405s
 101298  7216     cutoff   41        97.00000  119.00000  22.7%   327  411s
 102445  6947  104.84580   43   36   97.00000  118.81579  22.5%   328  416s
 104204  6758  116.14123   42  106   97.00000  118.39888  22.1%   329  421s
 106111  6713  100.00000   47   29   97.00000  117.46711  21.1%   329  426s
 107675  6706     cutoff   41        97.00000  116.88158  20.5%   330  432s
 108113  6567  106.60526   42  190   97.00000  116.84211  20.5%   330  438s
 109618  6354 infeasible   41        97.00000  116.73026  20.3%   331  443s
 111752  5961 infeasible   41        97.00000  116.55702  20.2%   330  447s
 113496  5590  108.81579   41   26   97.00000  116.13635  19.7%   331  453s
 115291  5377  110.44737   44  110   97.00000  115.49393  19.1%   331  458s
 116788  5304 infeasible   45        97.00000  114.49123  18.0%   332  462s
 118490  5117  106.52394   44  186   97.00000  114.00000  17.5%   333  468s
 120312  4723 infeasible   45        97.00000  113.88947  17.4%   333  474s
 122146  4456  104.87741   46  144   97.00000  113.44737  17.0%   333  479s
 123639  4168  101.75221   44   30   97.00000  112.00000  15.5%   334  485s
 125154  3779 infeasible   42        97.00000  111.81579  15.3%   334  490s
 126981  3510  100.88158   44  117   97.00000  110.92105  14.4%   334  495s
 128594  3078  102.79135   41  114   97.00000  109.93421  13.3%   335  501s
 130201  2464 infeasible   43        97.00000  109.65789  13.0%   335  506s
 131831  2097 infeasible   47        97.00000  108.45704  11.8%   336  511s
 133311  1596  106.58158   45   68   97.00000  107.00000  10.3%   337  517s
 135049   813   99.62693   43   71   97.00000  106.92105  10.2%   337  523s
 136422     0 infeasible   43        97.00000  105.00000  8.25%   338  526s

Cutting planes:
  Cover: 9
  MIR: 2
  Flow cover: 21
  Inf proof: 17
  Zero half: 150
  RLT: 34

Explored 137429 nodes (46311953 simplex iterations) in 526.96 seconds (1155.40 work units)
Thread count was 16 (of 16 available processors)

Solution count 10: 97 97 97 ... 87

Optimal solution found (tolerance 1.00e-04)
Best objective 9.700000000000e+01, best bound 9.700000000000e+01, gap 0.0000%

Wrote result file '/root/bgw/data/results/2026_03_24_16_04_44_set_vm-3-t1_vm-3-t1_s030_g001_max.sol'

