[2026-03-24T16:14:10.586Z] Pipeline "set_vm-3-t1_vm-3-t1_s031_g002" → 2026_03_24_16_14_10_set_vm-3-t1_vm-3-t1_s031_g002_max.sol
Set parameter Username
Set parameter LicenseID to value 2796068
Set parameter LogFile to value "gurobi.log"
Using license file /opt/gurobi/gurobi.lic
Academic license - for non-commercial use only - expires 2027-03-23

Gurobi Optimizer version 13.0.1 build v13.0.1rc0 (linux64 - "Ubuntu 24.04.4 LTS")
Copyright (c) 2026, Gurobi Optimization, LLC

Warning: Duplicate section found (read 'binary') - Is a variable name equal to an LP file format keyword?
Warning: Duplicate section found (read 'binary') - Is a variable name equal to an LP file format keyword?
Warning: Duplicate section found (read 'binary') - Is a variable name equal to an LP file format keyword?
Warning: Duplicate section found (read 'binary') - Is a variable name equal to an LP file format keyword?
Warning: Duplicate section found (read 'binary') - Is a variable name equal to an LP file format keyword?
Warning: Duplicate section found (read 'binary') - Is a variable name equal to an LP file format keyword?
Warning: Duplicate section found (read 'binary') - Is a variable name equal to an LP file format keyword?
Warning: Duplicate section found (read 'binary') - Is a variable name equal to an LP file format keyword?
Warning: Duplicate section found (read 'binary') - Is a variable name equal to an LP file format keyword?
Warning: Duplicate section found (read 'binary') - Is a variable name equal to an LP file format keyword?
Warning: Further warnings of this type will be omitted.
Read LP format model from file /root/bgw/data/uploads/2026_03_24_16_14_10_set_vm-3-t1_vm-3-t1_s031_g002_max.lp
Reading time = 0.01 seconds
: 9442 rows, 590 columns, 28829 nonzeros

Using Gurobi shared library /opt/gurobi1301/linux64/lib/libgurobi.so.13.0.1

CPU model: AMD EPYC-Genoa Processor, instruction set [SSE2|AVX|AVX2|AVX512]
Thread count: 16 physical cores, 16 logical processors, using up to 16 threads

Optimize a model with 9442 rows, 590 columns and 28829 nonzeros (Max)
Model fingerprint: 0x4387fd6d
Model has 17 linear objective coefficients
Variable types: 48 continuous, 542 integer (542 binary)
Coefficient statistics:
  Matrix range     [1e+00, 3e+01]
  Objective range  [1e+00, 1e+00]
  Bounds range     [1e+00, 1e+00]
  RHS range        [1e+00, 3e+01]

Found heuristic solution: objective 17.0000000
Presolve removed 422 rows and 107 columns
Presolve time: 0.03s
Presolved: 9020 rows, 483 columns, 27228 nonzeros
Variable types: 0 continuous, 483 integer (477 binary)
Found heuristic solution: objective 25.0000000

Root relaxation: objective 9.000000e+01, 212 iterations, 0.02 seconds (0.02 work units)

    Nodes    |    Current Node    |     Objective Bounds      |     Work
 Expl Unexpl |  Obj  Depth IntInf | Incumbent    BestBd   Gap | It/Node Time

     0     0   90.00000    0   14   25.00000   90.00000   260%     -    0s
H    0     0                      39.0000000   90.00000   131%     -    0s
H    0     0                      46.0000000   90.00000  95.7%     -    0s
H    0     0                      47.0000000   90.00000  91.5%     -    0s
     0     0   90.00000    0   20   47.00000   90.00000  91.5%     -    0s
     0     0   90.00000    0   19   47.00000   90.00000  91.5%     -    0s
     0     0   90.00000    0   18   47.00000   90.00000  91.5%     -    0s
     0     0   90.00000    0   24   47.00000   90.00000  91.5%     -    0s
     0     0   90.00000    0   14   47.00000   90.00000  91.5%     -    0s
     0     0   90.00000    0   23   47.00000   90.00000  91.5%     -    0s
     0     0   90.00000    0   18   47.00000   90.00000  91.5%     -    0s
     0     0   83.00000    0   20   47.00000   83.00000  76.6%     -    0s
     0     0   83.00000    0   14   47.00000   83.00000  76.6%     -    0s
     0     0   82.96552    0   18   47.00000   82.96552  76.5%     -    0s
     0     0   82.96552    0   14   47.00000   82.96552  76.5%     -    0s
     0     0   82.75862    0   14   47.00000   82.75862  76.1%     -    0s
     0     0   82.75862    0   14   47.00000   82.75862  76.1%     -    0s
     0     2   82.75862    0   14   47.00000   82.75862  76.1%     -    0s

Cutting planes:
  Gomory: 1
  Cover: 7
  MIR: 2
  Inf proof: 20

Explored 1816 nodes (157217 simplex iterations) in 2.10 seconds (3.47 work units)
Thread count was 16 (of 16 available processors)

Solution count 5: 47 46 39 ... 17

Optimal solution found (tolerance 1.00e-04)
Best objective 4.700000000000e+01, best bound 4.700000000000e+01, gap 0.0000%

Wrote result file '/root/bgw/data/results/2026_03_24_16_14_10_set_vm-3-t1_vm-3-t1_s031_g002_max.sol'

