[2026-03-23T13:36:08.773Z] Pipeline "set_exp_2_exp_2_n017_c005_g001" → 2026_03_23_13_36_08_set_exp_2_exp_2_n017_c005_g001_max.sol
Set parameter WLSAccessID
Set parameter WLSSecret
Set parameter LicenseID to value 2792458
Set parameter LogFile to value "gurobi.log"
Using license file /root/gurobi.lic
Academic license 2792458 - for non-commercial use only - registered to an___@studenti.unipg.it

Gurobi Optimizer version 13.0.1 build v13.0.1rc0 (linux64 - "Ubuntu 24.04.4 LTS")
Copyright (c) 2026, Gurobi Optimization, LLC

Warning: Duplicate section found (read 'binary') - Is a variable name equal to an LP file format keyword?
Warning: Duplicate section found (read 'binary') - Is a variable name equal to an LP file format keyword?
Warning: Duplicate section found (read 'binary') - Is a variable name equal to an LP file format keyword?
Warning: Duplicate section found (read 'binary') - Is a variable name equal to an LP file format keyword?
Warning: Duplicate section found (read 'binary') - Is a variable name equal to an LP file format keyword?
Warning: Duplicate section found (read 'binary') - Is a variable name equal to an LP file format keyword?
Warning: Duplicate section found (read 'binary') - Is a variable name equal to an LP file format keyword?
Warning: Duplicate section found (read 'binary') - Is a variable name equal to an LP file format keyword?
Warning: Duplicate section found (read 'binary') - Is a variable name equal to an LP file format keyword?
Warning: Duplicate section found (read 'binary') - Is a variable name equal to an LP file format keyword?
Warning: Further warnings of this type will be omitted.
Read LP format model from file /root/bgw/data/uploads/2026_03_23_13_36_08_set_exp_2_exp_2_n017_c005_g001_max.lp
Reading time = 0.00 seconds
: 1726 rows, 225 columns, 5077 nonzeros

Using Gurobi shared library /opt/gurobi1301/linux64/lib/libgurobi.so.13.0.1

CPU model: AMD EPYC-Genoa Processor, instruction set [SSE2|AVX|AVX2|AVX512]
Thread count: 16 physical cores, 16 logical processors, using up to 16 threads

Academic license 2792458 - for non-commercial use only - registered to an___@studenti.unipg.it
Optimize a model with 1726 rows, 225 columns and 5077 nonzeros (Max)
Model fingerprint: 0x38911c67
Model has 5 linear objective coefficients
Variable types: 22 continuous, 203 integer (203 binary)
Coefficient statistics:
  Matrix range     [1e+00, 2e+01]
  Objective range  [1e+00, 1e+00]
  Bounds range     [1e+00, 1e+00]
  RHS range        [1e+00, 2e+01]

Found heuristic solution: objective 5.0000000
Presolve removed 337 rows and 71 columns
Presolve time: 0.01s
Presolved: 1389 rows, 154 columns, 4265 nonzeros
Variable types: 0 continuous, 154 integer (147 binary)
Found heuristic solution: objective 7.0000000

Root relaxation: objective 2.000000e+01, 101 iterations, 0.01 seconds (0.00 work units)

    Nodes    |    Current Node    |     Objective Bounds      |     Work
 Expl Unexpl |  Obj  Depth IntInf | Incumbent    BestBd   Gap | It/Node Time

     0     0   20.00000    0   23    7.00000   20.00000   186%     -    0s
H    0     0                       9.0000000   20.00000   122%     -    0s
H    0     0                      11.0000000   20.00000  81.8%     -    0s
H    0     0                      12.0000000   20.00000  66.7%     -    0s
H    0     0                      13.0000000   20.00000  53.8%     -    0s
H    0     0                      14.0000000   20.00000  42.9%     -    0s
     0     0   20.00000    0   27   14.00000   20.00000  42.9%     -    0s
     0     0   20.00000    0   27   14.00000   20.00000  42.9%     -    0s
     0     0   20.00000    0   22   14.00000   20.00000  42.9%     -    0s
     0     0   20.00000    0   25   14.00000   20.00000  42.9%     -    0s
     0     0   20.00000    0   21   14.00000   20.00000  42.9%     -    0s
     0     0   18.00000    0   19   14.00000   18.00000  28.6%     -    0s
     0     0   18.00000    0   19   14.00000   18.00000  28.6%     -    0s
     0     0   18.00000    0   24   14.00000   18.00000  28.6%     -    0s
     0     0   18.00000    0   21   14.00000   18.00000  28.6%     -    0s
     0     0   17.43333    0   19   14.00000   17.43333  24.5%     -    0s
     0     0   17.43333    0   19   14.00000   17.43333  24.5%     -    0s
     0     0   17.00000    0   22   14.00000   17.00000  21.4%     -    0s
     0     0   17.00000    0   22   14.00000   17.00000  21.4%     -    0s
     0     0   17.00000    0   22   14.00000   17.00000  21.4%     -    0s
     0     0   17.00000    0   17   14.00000   17.00000  21.4%     -    0s
     0     2   17.00000    0   17   14.00000   17.00000  21.4%     -    0s

Cutting planes:
  Cover: 2
  Inf proof: 6

Explored 679 nodes (26163 simplex iterations) in 0.43 seconds (0.42 work units)
Thread count was 16 (of 16 available processors)

Solution count 7: 14 13 12 ... 5

Optimal solution found (tolerance 1.00e-04)
Best objective 1.400000000000e+01, best bound 1.400000000000e+01, gap 0.0000%

Wrote result file '/root/bgw/data/results/2026_03_23_13_36_08_set_exp_2_exp_2_n017_c005_g001_max.sol'

