[2026-03-23T13:36:22.299Z] Pipeline "set_exp_2_exp_2_n020_c005_g001" → 2026_03_23_13_36_22_set_exp_2_exp_2_n020_c005_g001_max.sol
Set parameter WLSAccessID
Set parameter WLSSecret
Set parameter LicenseID to value 2792458
Set parameter LogFile to value "gurobi.log"
Using license file /root/gurobi.lic
Academic license 2792458 - for non-commercial use only - registered to an___@studenti.unipg.it

Gurobi Optimizer version 13.0.1 build v13.0.1rc0 (linux64 - "Ubuntu 24.04.4 LTS")
Copyright (c) 2026, Gurobi Optimization, LLC

Warning: Duplicate section found (read 'binary') - Is a variable name equal to an LP file format keyword?
Warning: Duplicate section found (read 'binary') - Is a variable name equal to an LP file format keyword?
Warning: Duplicate section found (read 'binary') - Is a variable name equal to an LP file format keyword?
Warning: Duplicate section found (read 'binary') - Is a variable name equal to an LP file format keyword?
Warning: Duplicate section found (read 'binary') - Is a variable name equal to an LP file format keyword?
Warning: Duplicate section found (read 'binary') - Is a variable name equal to an LP file format keyword?
Warning: Duplicate section found (read 'binary') - Is a variable name equal to an LP file format keyword?
Warning: Duplicate section found (read 'binary') - Is a variable name equal to an LP file format keyword?
Warning: Duplicate section found (read 'binary') - Is a variable name equal to an LP file format keyword?
Warning: Duplicate section found (read 'binary') - Is a variable name equal to an LP file format keyword?
Warning: Further warnings of this type will be omitted.
Read LP format model from file /root/bgw/data/uploads/2026_03_23_13_36_22_set_exp_2_exp_2_n020_c005_g001_max.lp
Reading time = 0.00 seconds
: 2689 rows, 293 columns, 8028 nonzeros

Using Gurobi shared library /opt/gurobi1301/linux64/lib/libgurobi.so.13.0.1

CPU model: AMD EPYC-Genoa Processor, instruction set [SSE2|AVX|AVX2|AVX512]
Thread count: 16 physical cores, 16 logical processors, using up to 16 threads

Academic license 2792458 - for non-commercial use only - registered to an___@studenti.unipg.it
Optimize a model with 2689 rows, 293 columns and 8028 nonzeros (Max)
Model fingerprint: 0xe9159660
Model has 5 linear objective coefficients
Variable types: 25 continuous, 268 integer (268 binary)
Coefficient statistics:
  Matrix range     [1e+00, 2e+01]
  Objective range  [1e+00, 1e+00]
  Bounds range     [1e+00, 1e+00]
  RHS range        [1e+00, 2e+01]

Found heuristic solution: objective 5.0000000
Presolve removed 374 rows and 81 columns
Presolve time: 0.01s
Presolved: 2315 rows, 212 columns, 7098 nonzeros
Variable types: 0 continuous, 212 integer (203 binary)
Found heuristic solution: objective 7.0000000

Root relaxation: objective 2.000000e+01, 258 iterations, 0.01 seconds (0.01 work units)

    Nodes    |    Current Node    |     Objective Bounds      |     Work
 Expl Unexpl |  Obj  Depth IntInf | Incumbent    BestBd   Gap | It/Node Time

     0     0   20.00000    0   36    7.00000   20.00000   186%     -    0s
H    0     0                      12.0000000   20.00000  66.7%     -    0s
H    0     0                      14.0000000   20.00000  42.9%     -    0s
H    0     0                      15.0000000   20.00000  33.3%     -    0s
     0     0   20.00000    0   42   15.00000   20.00000  33.3%     -    0s
     0     0   20.00000    0   42   15.00000   20.00000  33.3%     -    0s
     0     0   20.00000    0   40   15.00000   20.00000  33.3%     -    0s
     0     0   20.00000    0   37   15.00000   20.00000  33.3%     -    0s
     0     0   20.00000    0   37   15.00000   20.00000  33.3%     -    0s
     0     0   20.00000    0   25   15.00000   20.00000  33.3%     -    0s
     0     0   20.00000    0   38   15.00000   20.00000  33.3%     -    0s
     0     0   20.00000    0   38   15.00000   20.00000  33.3%     -    0s
     0     0   20.00000    0   37   15.00000   20.00000  33.3%     -    0s
     0     0   20.00000    0   29   15.00000   20.00000  33.3%     -    0s
     0     0   20.00000    0   38   15.00000   20.00000  33.3%     -    0s
     0     0   20.00000    0   25   15.00000   20.00000  33.3%     -    0s
     0     0   20.00000    0   39   15.00000   20.00000  33.3%     -    0s
     0     0   20.00000    0   36   15.00000   20.00000  33.3%     -    0s
     0     0   20.00000    0   36   15.00000   20.00000  33.3%     -    0s
     0     0   20.00000    0   25   15.00000   20.00000  33.3%     -    0s
     0     2   20.00000    0   25   15.00000   20.00000  33.3%     -    0s

Cutting planes:
  Cover: 4
  Inf proof: 10
  Zero half: 3

Explored 1238 nodes (89722 simplex iterations) in 0.96 seconds (1.40 work units)
Thread count was 16 (of 16 available processors)

Solution count 5: 15 14 12 ... 5

Optimal solution found (tolerance 1.00e-04)
Best objective 1.500000000000e+01, best bound 1.500000000000e+01, gap 0.0000%

Wrote result file '/root/bgw/data/results/2026_03_23_13_36_22_set_exp_2_exp_2_n020_c005_g001_max.sol'

