[2026-03-23T20:12:44.175Z] Pipeline "set_ds_1_ds_1_s011_g001" → 2026_03_23_20_12_44_set_ds_1_ds_1_s011_g001_max.sol
Set parameter WLSAccessID
Set parameter WLSSecret
Set parameter LicenseID to value 2792458
Set parameter LogFile to value "gurobi.log"
Using license file /root/gurobi.lic
Academic license 2792458 - for non-commercial use only - registered to an___@studenti.unipg.it

Gurobi Optimizer version 13.0.1 build v13.0.1rc0 (linux64 - "Ubuntu 24.04.4 LTS")
Copyright (c) 2026, Gurobi Optimization, LLC

Warning: Duplicate section found (read 'binary') - Is a variable name equal to an LP file format keyword?
Warning: Duplicate section found (read 'binary') - Is a variable name equal to an LP file format keyword?
Warning: Duplicate section found (read 'binary') - Is a variable name equal to an LP file format keyword?
Warning: Duplicate section found (read 'binary') - Is a variable name equal to an LP file format keyword?
Warning: Duplicate section found (read 'binary') - Is a variable name equal to an LP file format keyword?
Warning: Duplicate section found (read 'binary') - Is a variable name equal to an LP file format keyword?
Warning: Duplicate section found (read 'binary') - Is a variable name equal to an LP file format keyword?
Warning: Duplicate section found (read 'binary') - Is a variable name equal to an LP file format keyword?
Warning: Duplicate section found (read 'binary') - Is a variable name equal to an LP file format keyword?
Warning: Duplicate section found (read 'binary') - Is a variable name equal to an LP file format keyword?
Warning: Further warnings of this type will be omitted.
Read LP format model from file /root/bgw/data/uploads/2026_03_23_20_12_44_set_ds_1_ds_1_s011_g001_max.lp
Reading time = 0.00 seconds
: 3591 rows, 385 columns, 10376 nonzeros

Using Gurobi shared library /opt/gurobi1301/linux64/lib/libgurobi.so.13.0.1

CPU model: AMD EPYC-Genoa Processor, instruction set [SSE2|AVX|AVX2|AVX512]
Thread count: 16 physical cores, 16 logical processors, using up to 16 threads

Academic license 2792458 - for non-commercial use only - registered to an___@studenti.unipg.it
Optimize a model with 3591 rows, 385 columns and 10376 nonzeros (Max)
Model fingerprint: 0xa3fe7ff6
Model has 46 linear objective coefficients
Variable types: 67 continuous, 318 integer (318 binary)
Coefficient statistics:
  Matrix range     [1e+00, 2e+01]
  Objective range  [1e+00, 1e+00]
  Bounds range     [1e+00, 1e+00]
  RHS range        [1e+00, 2e+01]

Found heuristic solution: objective 46.0000000
Presolve removed 850 rows and 128 columns
Presolve time: 0.01s
Presolved: 2741 rows, 257 columns, 8457 nonzeros
Variable types: 0 continuous, 257 integer (244 binary)
Found heuristic solution: objective 71.0000000

Root relaxation: objective 2.270000e+02, 371 iterations, 0.02 seconds (0.02 work units)

    Nodes    |    Current Node    |     Objective Bounds      |     Work
 Expl Unexpl |  Obj  Depth IntInf | Incumbent    BestBd   Gap | It/Node Time

     0     0  227.00000    0   92   71.00000  227.00000   220%     -    0s
H    0     0                      73.0000000  227.00000   211%     -    0s
H    0     0                      75.0000000  227.00000   203%     -    0s
H    0     0                      84.0000000  227.00000   170%     -    0s
     0     0  227.00000    0   90   84.00000  227.00000   170%     -    0s
H    0     0                      87.0000000  227.00000   161%     -    0s
H    0     0                      90.0000000  227.00000   152%     -    0s
H    0     0                      92.0000000  227.00000   147%     -    0s
H    0     0                      96.0000000  227.00000   136%     -    0s
H    0     0                      99.0000000  227.00000   129%     -    0s
     0     0  227.00000    0   91   99.00000  227.00000   129%     -    0s
     0     0  227.00000    0   91   99.00000  227.00000   129%     -    0s
     0     0  227.00000    0   91   99.00000  227.00000   129%     -    0s
     0     0  227.00000    0   91   99.00000  227.00000   129%     -    0s
     0     0  227.00000    0   87   99.00000  227.00000   129%     -    0s
H    0     0                     100.0000000  227.00000   127%     -    0s
     0     0  227.00000    0   90  100.00000  227.00000   127%     -    0s
     0     0  227.00000    0   81  100.00000  227.00000   127%     -    0s
H    0     0                     105.0000000  227.00000   116%     -    0s
     0     0  227.00000    0   81  105.00000  227.00000   116%     -    0s
     0     0  227.00000    0   81  105.00000  227.00000   116%     -    0s
     0     0  227.00000    0   81  105.00000  227.00000   116%     -    0s
     0     0  227.00000    0   81  105.00000  227.00000   116%     -    0s
     0     0  227.00000    0   81  105.00000  227.00000   116%     -    0s
     0     0  227.00000    0   81  105.00000  227.00000   116%     -    0s
     0     0  227.00000    0   81  105.00000  227.00000   116%     -    0s
     0     0  227.00000    0   81  105.00000  227.00000   116%     -    0s
     0     2  227.00000    0   81  105.00000  227.00000   116%     -    0s
H  615   505                     106.0000000  227.00000   114%   102    1s
H 3843  1928                     108.0000000  225.36842   109%   105    4s
  5186  2190  128.78947   39   92  108.00000  220.00000   104%   100    5s
H17505  6710                     109.0000000  187.00000  71.6%  92.6    8s
 22397  9047  131.52632   33   98  109.00000  182.02632  67.0%  91.6   10s
H22987  9000                     110.0000000  181.52632  65.0%  91.4   10s
 40871 16089  144.80451   30   81  110.00000  169.02786  53.7%  86.6   15s
 53719 20520     cutoff   36       110.00000  164.05263  49.1%  86.4   20s
 65243 24301  118.85965   40  100  110.00000  160.73684  46.1%  87.0   25s
 83705 30188  126.16579   32   68  110.00000  155.68421  41.5%  87.4   30s
H84359 30008                     111.0000000  155.68421  40.3%  87.4   30s
 103457 35648  113.31579   37   59  111.00000  152.63158  37.5%  86.8   35s
 123618 41140  130.73947   33   81  111.00000  150.31579  35.4%  86.5   40s
 144671 46614  118.56391   35   63  111.00000  148.52632  33.8%  86.6   45s
 165024 51837  135.78947   38   55  111.00000  146.98246  32.4%  86.3   50s
 186369 57008 infeasible   43       111.00000  145.51128  31.1%  86.1   55s
 206177 61504     cutoff   39       111.00000  144.31579  30.0%  85.6   60s
 227067 66142 infeasible   44       111.00000  143.21404  29.0%  85.8   65s
 244842 69831  116.87218   43   81  111.00000  142.38596  28.3%  86.0   70s
 263447 73613 infeasible   39       111.00000  141.57895  27.5%  85.9   75s
 283350 77298     cutoff   38       111.00000  140.78947  26.8%  85.6   80s
 304006 80837  129.91579   38   68  111.00000  140.00000  26.1%  85.7   85s
 321203 83494  113.66667   36  147  111.00000  139.44737  25.6%  85.8   90s
 333711 85255     cutoff   37       111.00000  138.95356  25.2%  85.8   95s
 351779 87907 infeasible   39       111.00000  138.38947  24.7%  86.0  100s
 371490 90482  132.16842   34  101  111.00000  137.80952  24.2%  86.2  105s
 389173 92779 infeasible   43       111.00000  137.26316  23.7%  86.3  110s
 405928 94783  120.52632   37   75  111.00000  136.81053  23.3%  86.4  115s
 424201 97129  132.05263   40   60  111.00000  136.31579  22.8%  86.5  120s
 441794 99245  115.84211   38   54  111.00000  135.84211  22.4%  86.6  125s
 460200 101388  123.96083   44   66  111.00000  135.41053  22.0%  86.7  130s
 477896 103351  121.47368   36   96  111.00000  134.97608  21.6%  86.8  135s
 492342 104905  114.94737   45   50  111.00000  134.63158  21.3%  87.0  140s
 510151 106498  120.68421   38  132  111.00000  134.19549  20.9%  87.1  145s
 529227 108122 infeasible   38       111.00000  133.73684  20.5%  87.3  150s
 549038 110076  115.12281   37   60  111.00000  133.31579  20.1%  87.5  155s
 563926 111154  112.42105   39   57  111.00000  133.00000  19.8%  87.5  160s
 575904 112189  129.92544   39   81  111.00000  132.78947  19.6%  87.7  165s
 592389 113349  117.52632   42   77  111.00000  132.44737  19.3%  87.8  170s
 611861 114851  119.60526   36  103  111.00000  132.05789  19.0%  87.9  175s
 626471 115716     cutoff   39       111.00000  131.81053  18.7%  88.0  180s
 642414 116636 infeasible   39       111.00000  131.51316  18.5%  88.2  185s
 657052 117580     cutoff   39       111.00000  131.24060  18.2%  88.3  190s
 673459 118133  120.39474   36  100  111.00000  130.94737  18.0%  88.5  195s
 692926 118954  118.73684   37   69  111.00000  130.60526  17.7%  88.6  200s
 710463 119744  116.38947   38  102  111.00000  130.31579  17.4%  88.8  205s
 730278 120462 infeasible   41       111.00000  130.00000  17.1%  88.9  210s
 747995 120938  117.68421   42   63  111.00000  129.72932  16.9%  89.1  215s
 763315 121403  120.86184   42  118  111.00000  129.47895  16.6%  89.2  220s
 778404 121894     cutoff   42       111.00000  129.26316  16.5%  89.3  225s
 793688 122216  120.89474   39   69  111.00000  129.00000  16.2%  89.3  230s
 803892 122231     cutoff   36       111.00000  128.84211  16.1%  89.4  235s
 819426 122612 infeasible   42       111.00000  128.63158  15.9%  89.6  240s
 837621 123090 infeasible   39       111.00000  128.39098  15.7%  89.7  245s
 854238 123328 infeasible   31       111.00000  128.15789  15.5%  89.8  250s
 873381 122994  117.71930   38   61  111.00000  127.88722  15.2%  89.9  255s
 888877 123088  117.47368   42   56  111.00000  127.68421  15.0%  90.1  260s
 907710 123130  126.21053   42   50  111.00000  127.43707  14.8%  90.1  265s
 924146 122928  120.50877   37  107  111.00000  127.21053  14.6%  90.2  270s
 940181 122626 infeasible   39       111.00000  127.00000  14.4%  90.2  275s
 956133 122211 infeasible   43       111.00000  126.78947  14.2%  90.4  280s
 966179 122144  116.68421   39   81  111.00000  126.68421  14.1%  90.5  285s
 981512 121809  115.68421   36   57  111.00000  126.48684  14.0%  90.6  290s
 995893 121479     cutoff   38       111.00000  126.31579  13.8%  90.7  295s
 1012701 120662 infeasible   39       111.00000  126.07895  13.6%  90.7  300s
 1032024 119719  116.04211   37   92  111.00000  125.84211  13.4%  90.9  305s
 1050152 118946  114.63158   36   39  111.00000  125.63158  13.2%  91.0  310s
 1066719 118067  119.10526   39   70  111.00000  125.43233  13.0%  91.1  315s
 1079590 117243  114.61842   40   68  111.00000  125.26316  12.8%  91.1  320s
 1096082 116129  119.47368   39   71  111.00000  125.05263  12.7%  91.2  325s
 1110806 114939  118.47368   44   36  111.00000  124.86842  12.5%  91.3  330s
 1121317 114263  121.85263   40   92  111.00000  124.73684  12.4%  91.4  335s
 1134040 113448     cutoff   39       111.00000  124.61053  12.3%  91.5  340s
 1151400 112229  116.84211   43   98  111.00000  124.42105  12.1%  91.5  345s
 1170420 110663  117.58772   38   61  111.00000  124.20000  11.9%  91.6  350s
 1190442 108914  113.84211   42   58  111.00000  123.92982  11.6%  91.7  355s
 1206789 107450  115.94737   39   55  111.00000  123.75789  11.5%  91.8  360s
 1225148 105717 infeasible   49       111.00000  123.57895  11.3%  91.8  365s
 1239818 104316  113.00000   41   38  111.00000  123.42105  11.2%  91.9  370s
 1254647 102791 infeasible   38       111.00000  123.24211  11.0%  91.9  375s
 1271037 100788     cutoff   42       111.00000  123.00957  10.8%  92.0  380s
 1285753 99006  119.57895   40   63  111.00000  122.84211  10.7%  92.1  385s
 1302114 97135  119.44211   42   67  111.00000  122.68421  10.5%  92.1  390s
 1317117 95360 infeasible   44       111.00000  122.52632  10.4%  92.2  395s
 1336217 92628 infeasible   39       111.00000  122.29323  10.2%  92.3  400s
 1351246 90472  113.42632   42  119  111.00000  122.09211  10.0%  92.3  405s
 1365622 88272  118.25658   36   64  111.00000  121.90351  9.82%  92.4  410s
 1382350 85860  115.68421   34   67  111.00000  121.72281  9.66%  92.5  415s
 1397119 83708  116.19079   40   88  111.00000  121.57143  9.52%  92.6  420s
 1413702 80918     cutoff   40       111.00000  121.35088  9.33%  92.6  425s
 1429389 78206 infeasible   37       111.00000  121.15789  9.15%  92.7  430s
 1447486 75050 infeasible   44       111.00000  120.90061  8.92%  92.8  435s
 1465416 71943  115.15789   42   40  111.00000  120.68421  8.72%  92.9  440s
 1482359 68434  116.73026   35   85  111.00000  120.47368  8.53%  93.1  445s
 1501304 64185 infeasible   42       111.00000  120.15789  8.25%  93.1  450s
 1517318 60488 infeasible   46       111.00000  119.87368  7.99%  93.2  455s
 1530626 57542 infeasible   42       111.00000  119.68421  7.82%  93.3  460s
 1543015 54666 infeasible   39       111.00000  119.47368  7.63%  93.3  465s
 1556155 50894     cutoff   41       111.00000  119.21053  7.40%  93.4  470s
 1571508 46745 infeasible   40       111.00000  118.87719  7.10%  93.6  475s
 1584814 43072 infeasible   39       111.00000  118.63158  6.88%  93.7  480s
 1601549 37617 infeasible   40       111.00000  118.21053  6.50%  93.8  485s
 1619354 31366  116.81579   38  114  111.00000  117.69737  6.03%  93.9  490s
 1637929 23840  115.26316   38   95  111.00000  116.90526  5.32%  94.0  495s
 1653020 16311 infeasible   40       111.00000  116.00000  4.50%  94.1  500s
 1673106  1486     cutoff   37       111.00000  113.65789  2.39%  94.0  505s

Cutting planes:
  Flow cover: 1
  Zero half: 1

Explored 1677298 nodes (157530431 simplex iterations) in 505.26 seconds (1035.89 work units)
Thread count was 16 (of 16 available processors)

Solution count 10: 111 110 109 ... 100

Optimal solution found (tolerance 1.00e-04)
Best objective 1.110000000000e+02, best bound 1.110000000000e+02, gap 0.0000%

Wrote result file '/root/bgw/data/results/2026_03_23_20_12_44_set_ds_1_ds_1_s011_g001_max.sol'

