[2026-03-23T16:03:02.729Z] Pipeline "set_exp_3_exp_3_n026_c003_g002" → 2026_03_23_16_03_02_set_exp_3_exp_3_n026_c003_g002_max.sol
Set parameter WLSAccessID
Set parameter WLSSecret
Set parameter LicenseID to value 2792458
Set parameter LogFile to value "gurobi.log"
Using license file /root/gurobi.lic
Academic license 2792458 - for non-commercial use only - registered to an___@studenti.unipg.it

Gurobi Optimizer version 13.0.1 build v13.0.1rc0 (linux64 - "Ubuntu 24.04.4 LTS")
Copyright (c) 2026, Gurobi Optimization, LLC

Warning: Duplicate section found (read 'binary') - Is a variable name equal to an LP file format keyword?
Warning: Duplicate section found (read 'binary') - Is a variable name equal to an LP file format keyword?
Warning: Duplicate section found (read 'binary') - Is a variable name equal to an LP file format keyword?
Warning: Duplicate section found (read 'binary') - Is a variable name equal to an LP file format keyword?
Warning: Duplicate section found (read 'binary') - Is a variable name equal to an LP file format keyword?
Warning: Duplicate section found (read 'binary') - Is a variable name equal to an LP file format keyword?
Warning: Duplicate section found (read 'binary') - Is a variable name equal to an LP file format keyword?
Warning: Duplicate section found (read 'binary') - Is a variable name equal to an LP file format keyword?
Warning: Duplicate section found (read 'binary') - Is a variable name equal to an LP file format keyword?
Warning: Duplicate section found (read 'binary') - Is a variable name equal to an LP file format keyword?
Warning: Further warnings of this type will be omitted.
Read LP format model from file /root/bgw/data/uploads/2026_03_23_16_03_02_set_exp_3_exp_3_n026_c003_g002_max.lp
Reading time = 0.01 seconds
: 6073 rows, 524 columns, 17998 nonzeros

Using Gurobi shared library /opt/gurobi1301/linux64/lib/libgurobi.so.13.0.1

CPU model: AMD EPYC-Genoa Processor, instruction set [SSE2|AVX|AVX2|AVX512]
Thread count: 16 physical cores, 16 logical processors, using up to 16 threads

Academic license 2792458 - for non-commercial use only - registered to an___@studenti.unipg.it
Optimize a model with 6073 rows, 524 columns and 17998 nonzeros (Max)
Model fingerprint: 0xcb75573a
Model has 11 linear objective coefficients
Variable types: 37 continuous, 487 integer (487 binary)
Coefficient statistics:
  Matrix range     [1e+00, 3e+01]
  Objective range  [1e+00, 1e+00]
  Bounds range     [1e+00, 1e+00]
  RHS range        [1e+00, 3e+01]

Found heuristic solution: objective 11.0000000
Presolve removed 837 rows and 177 columns
Presolve time: 0.03s
Presolved: 5236 rows, 347 columns, 15892 nonzeros
Variable types: 0 continuous, 347 integer (339 binary)
Found heuristic solution: objective 19.0000000

Root relaxation: objective 5.000000e+01, 302 iterations, 0.02 seconds (0.02 work units)

    Nodes    |    Current Node    |     Objective Bounds      |     Work
 Expl Unexpl |  Obj  Depth IntInf | Incumbent    BestBd   Gap | It/Node Time

     0     0   50.00000    0   27   19.00000   50.00000   163%     -    0s
H    0     0                      20.0000000   50.00000   150%     -    0s
H    0     0                      21.0000000   50.00000   138%     -    0s
H    0     0                      24.0000000   50.00000   108%     -    0s
     0     0   50.00000    0   31   24.00000   50.00000   108%     -    0s
H    0     0                      25.0000000   50.00000   100%     -    0s
H    0     0                      27.0000000   50.00000  85.2%     -    0s
     0     0   50.00000    0   31   27.00000   50.00000  85.2%     -    0s
H    0     0                      28.0000000   50.00000  78.6%     -    0s
     0     0   50.00000    0   40   28.00000   50.00000  78.6%     -    0s
     0     0   50.00000    0   20   28.00000   50.00000  78.6%     -    0s
H    0     0                      30.0000000   50.00000  66.7%     -    0s
H    0     0                      31.0000000   50.00000  61.3%     -    0s
     0     0   50.00000    0   33   31.00000   50.00000  61.3%     -    0s
     0     0   50.00000    0   22   31.00000   50.00000  61.3%     -    0s
     0     0   50.00000    0   35   31.00000   50.00000  61.3%     -    0s
     0     0   50.00000    0   33   31.00000   50.00000  61.3%     -    0s
     0     0   50.00000    0   34   31.00000   50.00000  61.3%     -    0s
     0     0   50.00000    0   21   31.00000   50.00000  61.3%     -    0s
     0     0   49.00000    0   32   31.00000   49.00000  58.1%     -    0s
     0     0   49.00000    0   21   31.00000   49.00000  58.1%     -    0s
     0     0   48.00000    0   35   31.00000   48.00000  54.8%     -    0s
     0     0   48.00000    0   21   31.00000   48.00000  54.8%     -    0s
     0     0   48.00000    0   21   31.00000   48.00000  54.8%     -    0s
     0     0   48.00000    0   21   31.00000   48.00000  54.8%     -    0s
     0     2   48.00000    0   21   31.00000   48.00000  54.8%     -    0s
  4466   338   32.00000   14   57   31.00000   39.08333  26.1%   126    5s

Cutting planes:
  Cover: 27
  MIR: 1
  Inf proof: 49

Explored 5767 nodes (753966 simplex iterations) in 6.42 seconds (9.24 work units)
Thread count was 16 (of 16 available processors)

Solution count 10: 31 30 28 ... 11

Optimal solution found (tolerance 1.00e-04)
Best objective 3.100000000000e+01, best bound 3.100000000000e+01, gap 0.0000%

Wrote result file '/root/bgw/data/results/2026_03_23_16_03_02_set_exp_3_exp_3_n026_c003_g002_max.sol'

