[2026-03-24T15:44:12.212Z] Pipeline "set_vm-4-t1_vm-4-t1_s019_g001" → 2026_03_24_15_44_12_set_vm-4-t1_vm-4-t1_s019_g001_max.sol
Set parameter Username
Set parameter LicenseID to value 2797659
Set parameter LogFile to value "gurobi.log"
Using license file /opt/gurobi/gurobi.lic
Academic license - for non-commercial use only - expires 2027-03-24

Gurobi Optimizer version 13.0.1 build v13.0.1rc0 (linux64 - "Ubuntu 24.04.4 LTS")
Copyright (c) 2026, Gurobi Optimization, LLC

Warning: Duplicate section found (read 'binary') - Is a variable name equal to an LP file format keyword?
Warning: Duplicate section found (read 'binary') - Is a variable name equal to an LP file format keyword?
Warning: Duplicate section found (read 'binary') - Is a variable name equal to an LP file format keyword?
Warning: Duplicate section found (read 'binary') - Is a variable name equal to an LP file format keyword?
Warning: Duplicate section found (read 'binary') - Is a variable name equal to an LP file format keyword?
Warning: Duplicate section found (read 'binary') - Is a variable name equal to an LP file format keyword?
Warning: Duplicate section found (read 'binary') - Is a variable name equal to an LP file format keyword?
Warning: Duplicate section found (read 'binary') - Is a variable name equal to an LP file format keyword?
Warning: Duplicate section found (read 'binary') - Is a variable name equal to an LP file format keyword?
Warning: Duplicate section found (read 'binary') - Is a variable name equal to an LP file format keyword?
Warning: Further warnings of this type will be omitted.
Read LP format model from file /root/bgw/data/uploads/2026_03_24_15_44_12_set_vm-4-t1_vm-4-t1_s019_g001_max.lp
Reading time = 0.03 seconds
: 37281 rows, 1313 columns, 113767 nonzeros

Using Gurobi shared library /opt/gurobi1301/linux64/lib/libgurobi.so.13.0.1

CPU model: AMD EPYC-Genoa Processor, instruction set [SSE2|AVX|AVX2|AVX512]
Thread count: 16 physical cores, 16 logical processors, using up to 16 threads

Optimize a model with 37281 rows, 1313 columns and 113767 nonzeros (Max)
Model fingerprint: 0x80d07f4d
Model has 16 linear objective coefficients
Variable types: 65 continuous, 1248 integer (1248 binary)
Coefficient statistics:
  Matrix range     [1e+00, 5e+01]
  Objective range  [1e+00, 1e+00]
  Bounds range     [1e+00, 1e+00]
  RHS range        [1e+00, 5e+01]

Found heuristic solution: objective 16.0000000
Presolve removed 408 rows and 122 columns
Presolve time: 0.12s
Presolved: 36873 rows, 1191 columns, 110849 nonzeros
Variable types: 0 continuous, 1191 integer (1186 binary)
Found heuristic solution: objective 23.0000000
Root relaxation presolved: 18449 rows, 19615 columns, 74001 nonzeros


Root relaxation: objective 8.600000e+01, 389 iterations, 0.09 seconds (0.13 work units)

    Nodes    |    Current Node    |     Objective Bounds      |     Work
 Expl Unexpl |  Obj  Depth IntInf | Incumbent    BestBd   Gap | It/Node Time

     0     0   86.00000    0   20   23.00000   86.00000   274%     -    0s
H    0     0                      37.0000000   86.00000   132%     -    0s
H    0     0                      44.0000000   86.00000  95.5%     -    0s
     0     0   86.00000    0   20   44.00000   86.00000  95.5%     -    0s
     0     0   86.00000    0   22   44.00000   86.00000  95.5%     -    0s
     0     0   86.00000    0   14   44.00000   86.00000  95.5%     -    0s
     0     0   86.00000    0   15   44.00000   86.00000  95.5%     -    0s
     0     0   86.00000    0   14   44.00000   86.00000  95.5%     -    0s
     0     0   86.00000    0   16   44.00000   86.00000  95.5%     -    0s
     0     0   86.00000    0   14   44.00000   86.00000  95.5%     -    0s
     0     0   86.00000    0   13   44.00000   86.00000  95.5%     -    0s
     0     0   86.00000    0   14   44.00000   86.00000  95.5%     -    1s
     0     0   86.00000    0   14   44.00000   86.00000  95.5%     -    1s
     0     0   86.00000    0   16   44.00000   86.00000  95.5%     -    1s
     0     0   86.00000    0   14   44.00000   86.00000  95.5%     -    1s
     0     0   86.00000    0   14   44.00000   86.00000  95.5%     -    1s
     0     0   86.00000    0   14   44.00000   86.00000  95.5%     -    1s
     0     0   86.00000    0   14   44.00000   86.00000  95.5%     -    1s
     0     0   86.00000    0   14   44.00000   86.00000  95.5%     -    1s
     0     2   86.00000    0   14   44.00000   86.00000  95.5%     -    1s
   429    65   64.85106    8   10   44.00000   79.00000  79.5%   256    5s

Cutting planes:
  Gomory: 3
  Cover: 3
  MIR: 8
  Inf proof: 5
  Zero half: 3
  Mod-K: 1

Explored 772 nodes (217710 simplex iterations) in 8.09 seconds (15.82 work units)
Thread count was 16 (of 16 available processors)

Solution count 4: 44 37 23 16 

Optimal solution found (tolerance 1.00e-04)
Best objective 4.400000000000e+01, best bound 4.400000000000e+01, gap 0.0000%

Wrote result file '/root/bgw/data/results/2026_03_24_15_44_12_set_vm-4-t1_vm-4-t1_s019_g001_max.sol'

