[2026-03-23T16:10:02.591Z] Pipeline "set_ds_1_ds_1_s002_g003" → 2026_03_23_16_10_02_set_ds_1_ds_1_s002_g003_max.sol
Set parameter WLSAccessID
Set parameter WLSSecret
Set parameter LicenseID to value 2792458
Set parameter LogFile to value "gurobi.log"
Using license file /root/gurobi.lic
Academic license 2792458 - for non-commercial use only - registered to an___@studenti.unipg.it

Gurobi Optimizer version 13.0.1 build v13.0.1rc0 (linux64 - "Ubuntu 24.04.4 LTS")
Copyright (c) 2026, Gurobi Optimization, LLC

Warning: Duplicate section found (read 'binary') - Is a variable name equal to an LP file format keyword?
Warning: Duplicate section found (read 'binary') - Is a variable name equal to an LP file format keyword?
Warning: Duplicate section found (read 'binary') - Is a variable name equal to an LP file format keyword?
Warning: Duplicate section found (read 'binary') - Is a variable name equal to an LP file format keyword?
Warning: Duplicate section found (read 'binary') - Is a variable name equal to an LP file format keyword?
Warning: Duplicate section found (read 'binary') - Is a variable name equal to an LP file format keyword?
Warning: Duplicate section found (read 'binary') - Is a variable name equal to an LP file format keyword?
Warning: Duplicate section found (read 'binary') - Is a variable name equal to an LP file format keyword?
Warning: Duplicate section found (read 'binary') - Is a variable name equal to an LP file format keyword?
Warning: Duplicate section found (read 'binary') - Is a variable name equal to an LP file format keyword?
Warning: Further warnings of this type will be omitted.
Read LP format model from file /root/bgw/data/uploads/2026_03_23_16_10_02_set_ds_1_ds_1_s002_g003_max.lp
Reading time = 0.00 seconds
: 1149 rows, 192 columns, 3057 nonzeros

Using Gurobi shared library /opt/gurobi1301/linux64/lib/libgurobi.so.13.0.1

CPU model: AMD EPYC-Genoa Processor, instruction set [SSE2|AVX|AVX2|AVX512]
Thread count: 16 physical cores, 16 logical processors, using up to 16 threads

Academic license 2792458 - for non-commercial use only - registered to an___@studenti.unipg.it
Optimize a model with 1149 rows, 192 columns and 3057 nonzeros (Max)
Model fingerprint: 0x65d70a63
Model has 57 linear objective coefficients
Variable types: 69 continuous, 123 integer (123 binary)
Coefficient statistics:
  Matrix range     [1e+00, 1e+01]
  Objective range  [1e+00, 1e+00]
  Bounds range     [1e+00, 1e+00]
  RHS range        [1e+00, 1e+01]

Found heuristic solution: objective 57.0000000
Presolve removed 643 rows and 88 columns
Presolve time: 0.00s
Presolved: 506 rows, 104 columns, 1608 nonzeros
Variable types: 0 continuous, 104 integer (94 binary)
Found heuristic solution: objective 108.0000000

Root relaxation: objective 3.130000e+02, 100 iterations, 0.00 seconds (0.00 work units)

    Nodes    |    Current Node    |     Objective Bounds      |     Work
 Expl Unexpl |  Obj  Depth IntInf | Incumbent    BestBd   Gap | It/Node Time

     0     0  313.00000    0   52  108.00000  313.00000   190%     -    0s
H    0     0                     116.0000000  313.00000   170%     -    0s
H    0     0                     123.0000000  313.00000   154%     -    0s
H    0     0                     127.0000000  313.00000   146%     -    0s
     0     0  313.00000    0   54  127.00000  313.00000   146%     -    0s
H    0     0                     128.0000000  313.00000   145%     -    0s
H    0     0                     129.0000000  313.00000   143%     -    0s
H    0     0                     134.0000000  313.00000   134%     -    0s
     0     0  313.00000    0   54  134.00000  313.00000   134%     -    0s
     0     0  313.00000    0   52  134.00000  313.00000   134%     -    0s
     0     0  313.00000    0   52  134.00000  313.00000   134%     -    0s
     0     0  313.00000    0   44  134.00000  313.00000   134%     -    0s
     0     0  313.00000    0   51  134.00000  313.00000   134%     -    0s
     0     0  313.00000    0   51  134.00000  313.00000   134%     -    0s
     0     0  310.00000    0   53  134.00000  310.00000   131%     -    0s
     0     0  310.00000    0   53  134.00000  310.00000   131%     -    0s
H    0     0                     135.0000000  306.00000   127%     -    0s
     0     0  306.00000    0   52  135.00000  306.00000   127%     -    0s
     0     0  306.00000    0   51  135.00000  306.00000   127%     -    0s
     0     0  306.00000    0   53  135.00000  306.00000   127%     -    0s
     0     0  306.00000    0   51  135.00000  306.00000   127%     -    0s
     0     0  306.00000    0   51  135.00000  306.00000   127%     -    0s
     0     0  306.00000    0   51  135.00000  306.00000   127%     -    0s
     0     2  306.00000    0   51  135.00000  306.00000   127%     -    0s
H   33    38                     137.0000000  306.00000   123%  36.8    0s
H  138   161                     139.0000000  306.00000   120%  30.6    0s
H  912   608                     140.0000000  306.00000   119%  24.2    0s
H 2884  1557                     142.0000000  286.95000   102%  22.5    0s
H 3100  1552                     143.0000000  286.95000   101%  22.3    0s
H 3696  1739                     144.0000000  286.95000  99.3%  22.8    0s
H 3842  1710                     146.0000000  286.95000  96.5%  22.8    0s
 92381 14831  159.92000   31   44  146.00000  184.60000  26.4%  18.1    5s

Cutting planes:
  Gomory: 1

Explored 195361 nodes (3435276 simplex iterations) in 8.93 seconds (10.12 work units)
Thread count was 16 (of 16 available processors)

Solution count 10: 146 144 143 ... 134

Optimal solution found (tolerance 1.00e-04)
Best objective 1.460000000000e+02, best bound 1.460000000000e+02, gap 0.0000%

Wrote result file '/root/bgw/data/results/2026_03_23_16_10_02_set_ds_1_ds_1_s002_g003_max.sol'

