[2026-03-24T13:59:13.723Z] Pipeline "set_vm-4-t1_vm-4-t1_s009_g001" → 2026_03_24_13_59_13_set_vm-4-t1_vm-4-t1_s009_g001_max.sol
Set parameter Username
Set parameter LicenseID to value 2797659
Set parameter LogFile to value "gurobi.log"
Using license file /opt/gurobi/gurobi.lic
Academic license - for non-commercial use only - expires 2027-03-24

Gurobi Optimizer version 13.0.1 build v13.0.1rc0 (linux64 - "Ubuntu 24.04.4 LTS")
Copyright (c) 2026, Gurobi Optimization, LLC

Warning: Duplicate section found (read 'binary') - Is a variable name equal to an LP file format keyword?
Warning: Duplicate section found (read 'binary') - Is a variable name equal to an LP file format keyword?
Warning: Duplicate section found (read 'binary') - Is a variable name equal to an LP file format keyword?
Warning: Duplicate section found (read 'binary') - Is a variable name equal to an LP file format keyword?
Warning: Duplicate section found (read 'binary') - Is a variable name equal to an LP file format keyword?
Warning: Duplicate section found (read 'binary') - Is a variable name equal to an LP file format keyword?
Warning: Duplicate section found (read 'binary') - Is a variable name equal to an LP file format keyword?
Warning: Duplicate section found (read 'binary') - Is a variable name equal to an LP file format keyword?
Warning: Duplicate section found (read 'binary') - Is a variable name equal to an LP file format keyword?
Warning: Duplicate section found (read 'binary') - Is a variable name equal to an LP file format keyword?
Warning: Further warnings of this type will be omitted.
Read LP format model from file /root/bgw/data/uploads/2026_03_24_13_59_13_set_vm-4-t1_vm-4-t1_s009_g001_max.lp
Reading time = 0.02 seconds
: 18851 rows, 904 columns, 57492 nonzeros

Using Gurobi shared library /opt/gurobi1301/linux64/lib/libgurobi.so.13.0.1

CPU model: AMD EPYC-Genoa Processor, instruction set [SSE2|AVX|AVX2|AVX512]
Thread count: 16 physical cores, 16 logical processors, using up to 16 threads

Optimize a model with 18851 rows, 904 columns and 57492 nonzeros (Max)
Model fingerprint: 0x1efb022a
Model has 22 linear objective coefficients
Variable types: 61 continuous, 843 integer (843 binary)
Coefficient statistics:
  Matrix range     [1e+00, 4e+01]
  Objective range  [1e+00, 1e+00]
  Bounds range     [1e+00, 1e+00]
  RHS range        [1e+00, 4e+01]

Found heuristic solution: objective 22.0000000
Presolve removed 524 rows and 133 columns
Presolve time: 0.06s
Presolved: 18327 rows, 771 columns, 55377 nonzeros
Variable types: 0 continuous, 771 integer (760 binary)

Root relaxation: objective 1.130000e+02, 1190 iterations, 0.14 seconds (0.20 work units)

    Nodes    |    Current Node    |     Objective Bounds      |     Work
 Expl Unexpl |  Obj  Depth IntInf | Incumbent    BestBd   Gap | It/Node Time

     0     0  113.00000    0   39   22.00000  113.00000   414%     -    0s
H    0     0                      45.0000000  113.00000   151%     -    0s
H    0     0                      51.0000000  113.00000   122%     -    0s
H    0     0                      53.0000000  113.00000   113%     -    0s
H    0     0                      58.0000000  113.00000  94.8%     -    0s
H    0     0                      61.0000000  113.00000  85.2%     -    0s
     0     0  113.00000    0   43   61.00000  113.00000  85.2%     -    0s
     0     0  113.00000    0   43   61.00000  113.00000  85.2%     -    0s
     0     0  113.00000    0   44   61.00000  113.00000  85.2%     -    0s
     0     0  113.00000    0   36   61.00000  113.00000  85.2%     -    0s
     0     0  113.00000    0   41   61.00000  113.00000  85.2%     -    0s
     0     0  113.00000    0   32   61.00000  113.00000  85.2%     -    0s
     0     0  113.00000    0   37   61.00000  113.00000  85.2%     -    0s
     0     0  113.00000    0   37   61.00000  113.00000  85.2%     -    0s
     0     0  113.00000    0   39   61.00000  113.00000  85.2%     -    0s
     0     0  113.00000    0   38   61.00000  113.00000  85.2%     -    0s
     0     0  113.00000    0   37   61.00000  113.00000  85.2%     -    1s
     0     0  113.00000    0   37   61.00000  113.00000  85.2%     -    1s
     0     0  113.00000    0   40   61.00000  113.00000  85.2%     -    1s
     0     0  113.00000    0   37   61.00000  113.00000  85.2%     -    1s
     0     0  113.00000    0   37   61.00000  113.00000  85.2%     -    1s
     0     0  113.00000    0   37   61.00000  113.00000  85.2%     -    1s
     0     2  113.00000    0   37   61.00000  113.00000  85.2%     -    1s
   253   215   95.43243   10   48   61.00000  113.00000  85.2%   410    5s
   999   504   83.10811   13   73   61.00000  112.91892  85.1%   323   10s
  2202   898   81.24324   14   20   61.00000  109.47297  79.5%   307   15s
  4021  1384   80.61509   15   85   61.00000  104.00000  70.5%   309   20s
  4641  1497   90.98280   11  173   61.00000  102.00000  67.2%   314   25s
  5249  1506   70.00000   26   43   61.00000  102.00000  67.2%   312   30s
  5898  1407   83.90541   24   43   61.00000   91.00000  49.2%   305   35s
  7110  1153   63.00000   27   84   61.00000   77.00000  26.2%   300   40s
  8693   657   66.86100   31   20   61.00000   70.00000  14.8%   291   45s
 10313   221   63.15444   31   16   61.00000   69.81333  14.4%   278   50s

Cutting planes:
  Inf proof: 9

Explored 11001 nodes (3007547 simplex iterations) in 50.88 seconds (116.94 work units)
Thread count was 16 (of 16 available processors)

Solution count 9: 61 61 61 ... 22

Optimal solution found (tolerance 1.00e-04)
Best objective 6.100000000000e+01, best bound 6.100000000000e+01, gap 0.0000%

Wrote result file '/root/bgw/data/results/2026_03_24_13_59_13_set_vm-4-t1_vm-4-t1_s009_g001_max.sol'

