[2026-03-24T14:37:26.638Z] Pipeline "set_vm-3-t1_vm-3-t1_s019_g001" → 2026_03_24_14_37_26_set_vm-3-t1_vm-3-t1_s019_g001_max.sol
Set parameter Username
Set parameter LicenseID to value 2796068
Set parameter LogFile to value "gurobi.log"
Using license file /opt/gurobi/gurobi.lic
Academic license - for non-commercial use only - expires 2027-03-23

Gurobi Optimizer version 13.0.1 build v13.0.1rc0 (linux64 - "Ubuntu 24.04.4 LTS")
Copyright (c) 2026, Gurobi Optimization, LLC

Warning: Duplicate section found (read 'binary') - Is a variable name equal to an LP file format keyword?
Warning: Duplicate section found (read 'binary') - Is a variable name equal to an LP file format keyword?
Warning: Duplicate section found (read 'binary') - Is a variable name equal to an LP file format keyword?
Warning: Duplicate section found (read 'binary') - Is a variable name equal to an LP file format keyword?
Warning: Duplicate section found (read 'binary') - Is a variable name equal to an LP file format keyword?
Warning: Duplicate section found (read 'binary') - Is a variable name equal to an LP file format keyword?
Warning: Duplicate section found (read 'binary') - Is a variable name equal to an LP file format keyword?
Warning: Duplicate section found (read 'binary') - Is a variable name equal to an LP file format keyword?
Warning: Duplicate section found (read 'binary') - Is a variable name equal to an LP file format keyword?
Warning: Duplicate section found (read 'binary') - Is a variable name equal to an LP file format keyword?
Warning: Further warnings of this type will be omitted.
Read LP format model from file /root/bgw/data/uploads/2026_03_24_14_37_26_set_vm-3-t1_vm-3-t1_s019_g001_max.lp
Reading time = 0.01 seconds
: 7660 rows, 506 columns, 23439 nonzeros

Using Gurobi shared library /opt/gurobi1301/linux64/lib/libgurobi.so.13.0.1

CPU model: AMD EPYC-Genoa Processor, instruction set [SSE2|AVX|AVX2|AVX512]
Thread count: 16 physical cores, 16 logical processors, using up to 16 threads

Optimize a model with 7660 rows, 506 columns and 23439 nonzeros (Max)
Model fingerprint: 0x5a3b174d
Model has 11 linear objective coefficients
Variable types: 40 continuous, 466 integer (466 binary)
Coefficient statistics:
  Matrix range     [1e+00, 3e+01]
  Objective range  [1e+00, 1e+00]
  Bounds range     [1e+00, 1e+00]
  RHS range        [1e+00, 3e+01]

Found heuristic solution: objective 11.0000000
Presolve removed 319 rows and 80 columns
Presolve time: 0.02s
Presolved: 7341 rows, 426 columns, 22205 nonzeros
Variable types: 0 continuous, 426 integer (419 binary)

Root relaxation: objective 5.000000e+01, 357 iterations, 0.02 seconds (0.03 work units)

    Nodes    |    Current Node    |     Objective Bounds      |     Work
 Expl Unexpl |  Obj  Depth IntInf | Incumbent    BestBd   Gap | It/Node Time

     0     0   50.00000    0   27   11.00000   50.00000   355%     -    0s
H    0     0                      21.0000000   50.00000   138%     -    0s
H    0     0                      25.0000000   50.00000   100%     -    0s
H    0     0                      28.0000000   50.00000  78.6%     -    0s
H    0     0                      31.0000000   50.00000  61.3%     -    0s
     0     0   50.00000    0   48   31.00000   50.00000  61.3%     -    0s
     0     0   50.00000    0   35   31.00000   50.00000  61.3%     -    0s
     0     0   50.00000    0   26   31.00000   50.00000  61.3%     -    0s
     0     0   50.00000    0   26   31.00000   50.00000  61.3%     -    0s
     0     0   50.00000    0   26   31.00000   50.00000  61.3%     -    0s
     0     0   50.00000    0   25   31.00000   50.00000  61.3%     -    0s
     0     0   49.88889    0   25   31.00000   49.88889  60.9%     -    0s
     0     0   49.74074    0   27   31.00000   49.74074  60.5%     -    0s
     0     0   49.74074    0   24   31.00000   49.74074  60.5%     -    0s
     0     0   47.00000    0   26   31.00000   47.00000  51.6%     -    0s
     0     0   47.00000    0   25   31.00000   47.00000  51.6%     -    0s
     0     0   46.88889    0   28   31.00000   46.88889  51.3%     -    0s
     0     0   46.88889    0   15   31.00000   46.88889  51.3%     -    0s
     0     0   46.88889    0   29   31.00000   46.88889  51.3%     -    0s
     0     0   46.88889    0   24   31.00000   46.88889  51.3%     -    0s
     0     0   46.00000    0   24   31.00000   46.00000  48.4%     -    0s
     0     0   46.00000    0   18   31.00000   46.00000  48.4%     -    0s
     0     0   45.44444    0   18   31.00000   45.44444  46.6%     -    0s
     0     0   45.44444    0   18   31.00000   45.44444  46.6%     -    0s
     0     2   45.44444    0   18   31.00000   45.44444  46.6%     -    0s

Cutting planes:
  Cover: 12
  Inf proof: 27

Explored 2794 nodes (390919 simplex iterations) in 3.28 seconds (6.39 work units)
Thread count was 16 (of 16 available processors)

Solution count 5: 31 28 25 ... 11

Optimal solution found (tolerance 1.00e-04)
Best objective 3.100000000000e+01, best bound 3.100000000000e+01, gap 0.0000%

Wrote result file '/root/bgw/data/results/2026_03_24_14_37_26_set_vm-3-t1_vm-3-t1_s019_g001_max.sol'

