[2026-03-23T17:03:44.465Z] Pipeline "set_ds_1_ds_1_s010_g001" → 2026_03_23_17_03_44_set_ds_1_ds_1_s010_g001_max.sol
Set parameter WLSAccessID
Set parameter WLSSecret
Set parameter LicenseID to value 2792458
Set parameter LogFile to value "gurobi.log"
Using license file /root/gurobi.lic
Academic license 2792458 - for non-commercial use only - registered to an___@studenti.unipg.it

Gurobi Optimizer version 13.0.1 build v13.0.1rc0 (linux64 - "Ubuntu 24.04.4 LTS")
Copyright (c) 2026, Gurobi Optimization, LLC

Warning: Duplicate section found (read 'binary') - Is a variable name equal to an LP file format keyword?
Warning: Duplicate section found (read 'binary') - Is a variable name equal to an LP file format keyword?
Warning: Duplicate section found (read 'binary') - Is a variable name equal to an LP file format keyword?
Warning: Duplicate section found (read 'binary') - Is a variable name equal to an LP file format keyword?
Warning: Duplicate section found (read 'binary') - Is a variable name equal to an LP file format keyword?
Warning: Duplicate section found (read 'binary') - Is a variable name equal to an LP file format keyword?
Warning: Duplicate section found (read 'binary') - Is a variable name equal to an LP file format keyword?
Warning: Duplicate section found (read 'binary') - Is a variable name equal to an LP file format keyword?
Warning: Duplicate section found (read 'binary') - Is a variable name equal to an LP file format keyword?
Warning: Duplicate section found (read 'binary') - Is a variable name equal to an LP file format keyword?
Warning: Further warnings of this type will be omitted.
Read LP format model from file /root/bgw/data/uploads/2026_03_23_17_03_44_set_ds_1_ds_1_s010_g001_max.lp
Reading time = 0.00 seconds
: 3026 rows, 334 columns, 8781 nonzeros

Using Gurobi shared library /opt/gurobi1301/linux64/lib/libgurobi.so.13.0.1

CPU model: AMD EPYC-Genoa Processor, instruction set [SSE2|AVX|AVX2|AVX512]
Thread count: 16 physical cores, 16 logical processors, using up to 16 threads

Academic license 2792458 - for non-commercial use only - registered to an___@studenti.unipg.it
Optimize a model with 3026 rows, 334 columns and 8781 nonzeros (Max)
Model fingerprint: 0x72b9ab6c
Model has 34 linear objective coefficients
Variable types: 54 continuous, 280 integer (280 binary)
Coefficient statistics:
  Matrix range     [1e+00, 2e+01]
  Objective range  [1e+00, 1e+00]
  Bounds range     [1e+00, 1e+00]
  RHS range        [1e+00, 2e+01]

Found heuristic solution: objective 34.0000000
Presolve removed 672 rows and 101 columns
Presolve time: 0.01s
Presolved: 2354 rows, 233 columns, 7266 nonzeros
Variable types: 0 continuous, 233 integer (221 binary)
Found heuristic solution: objective 45.0000000

Root relaxation: objective 1.570000e+02, 345 iterations, 0.02 seconds (0.02 work units)

    Nodes    |    Current Node    |     Objective Bounds      |     Work
 Expl Unexpl |  Obj  Depth IntInf | Incumbent    BestBd   Gap | It/Node Time

     0     0  157.00000    0   79   45.00000  157.00000   249%     -    0s
H    0     0                      46.0000000  157.00000   241%     -    0s
H    0     0                      56.0000000  157.00000   180%     -    0s
H    0     0                      59.0000000  157.00000   166%     -    0s
     0     0  157.00000    0   78   59.00000  157.00000   166%     -    0s
     0     0  157.00000    0   79   59.00000  157.00000   166%     -    0s
H    0     0                      60.0000000  157.00000   162%     -    0s
     0     0  157.00000    0   75   60.00000  157.00000   162%     -    0s
     0     0  157.00000    0   65   60.00000  157.00000   162%     -    0s
H    0     0                      61.0000000  157.00000   157%     -    0s
H    0     0                      62.0000000  157.00000   153%     -    0s
H    0     0                      65.0000000  157.00000   142%     -    0s
H    0     0                      68.0000000  157.00000   131%     -    0s
H    0     0                      72.0000000  157.00000   118%     -    0s
     0     0  157.00000    0   77   72.00000  157.00000   118%     -    0s
     0     0  157.00000    0   75   72.00000  157.00000   118%     -    0s
H    0     0                      74.0000000  157.00000   112%     -    0s
     0     0  157.00000    0   76   74.00000  157.00000   112%     -    0s
     0     0  157.00000    0   74   74.00000  157.00000   112%     -    0s
     0     0  154.00000    0   75   74.00000  154.00000   108%     -    0s
     0     0  154.00000    0   75   74.00000  154.00000   108%     -    0s
     0     0  154.00000    0   75   74.00000  154.00000   108%     -    0s
     0     0  154.00000    0   75   74.00000  154.00000   108%     -    0s
     0     0  154.00000    0   76   74.00000  154.00000   108%     -    0s
     0     0  154.00000    0   75   74.00000  154.00000   108%     -    0s
     0     0  154.00000    0   75   74.00000  154.00000   108%     -    0s
     0     0  154.00000    0   59   74.00000  154.00000   108%     -    0s
     0     2  154.00000    0   59   74.00000  154.00000   108%     -    0s
H  929   639                      77.0000000  154.00000   100%  84.3    1s
H 3127  1672                      81.0000000  151.64815  87.2%  70.0    2s
  9462  3298 infeasible   43        81.00000  143.26111  76.9%  73.0    5s
 24625  9157  113.81481   45   71   81.00000  134.29630  65.8%  70.6   10s
 46214 13466   97.83333   55   42   81.00000  134.29630  65.8%  68.3   15s
 70145 24406  134.29630   42   70   81.00000  134.29630  65.8%  67.9   20s
 98440 36153   89.27778   54   28   81.00000  134.29630  65.8%  67.5   25s
 123426 45941  119.54321   49   63   81.00000  134.29630  65.8%  67.9   30s
 146606 55648  101.63704   55   53   81.00000  134.24537  65.7%  67.8   35s
 171421 65434   82.82937   58   70   81.00000  132.87963  64.0%  67.6   40s
 199141 75653   92.03783   52   67   81.00000  131.61111  62.5%  67.4   45s
 226766 85846 infeasible   53        81.00000  130.48750  61.1%  67.4   50s
 256225 95908 infeasible   44        81.00000  129.48958  59.9%  67.2   55s
 282566 104914 infeasible   59        81.00000  128.66667  58.8%  67.0   60s
 308042 114113  121.37172   43   76   81.00000  127.91111  57.9%  66.9   65s
 336348 123579   97.44444   52   62   81.00000  127.19753  57.0%  66.9   70s
 359945 131598   95.25556   52   61   81.00000  126.63889  56.3%  66.7   75s
 386249 140079   94.39506   57   47   81.00000  126.02778  55.6%  66.5   80s
 414033 149085  123.72764   47   69   81.00000  125.39444  54.8%  66.3   85s
 445470 159120   90.55185   59   72   81.00000  124.76389  54.0%  66.2   90s
 474610 168318  102.18022   51   59   81.00000  124.22222  53.4%  66.0   95s
 505250 177772   97.59596   52   85   81.00000  123.66667  52.7%  65.8  100s
 534167 186613   94.56614   55   78   81.00000  123.19444  52.1%  65.8  105s
 560039 194495  111.16667   49   60   81.00000  122.74603  51.5%  65.7  110s
 586129 202115     cutoff   57        81.00000  122.33333  51.0%  65.5  115s
 612444 209695   84.77778   55   35   81.00000  121.88889  50.5%  65.4  120s
 635528 216813   90.15079   57   46   81.00000  121.54031  50.0%  65.3  125s
 662924 224737 infeasible   62        81.00000  121.16667  49.6%  65.2  130s
 692969 233354  101.76667   49   50   81.00000  120.76620  49.1%  65.2  135s
 726283 242635 infeasible   47        81.00000  120.33333  48.6%  65.2  140s
 759254 251761  113.37037   52  107   81.00000  119.91111  48.0%  65.0  145s
 789231 259896  103.97222   50   75   81.00000  119.55952  47.6%  64.9  150s
 811670 266113 infeasible   58        81.00000  119.29861  47.3%  64.8  155s
 841090 273845  113.68765   52   71   81.00000  118.93651  46.8%  64.7  160s
 864806 280143   93.83333   55   35   81.00000  118.66667  46.5%  64.6  165s
 891863 287558   88.53968   59   82   81.00000  118.36842  46.1%  64.6  170s
 918530 294400  112.96801   42   70   81.00000  118.08481  45.8%  64.5  175s
 947684 301739 infeasible   56        81.00000  117.77778  45.4%  64.4  180s
 974103 308462  116.72222   47   99   81.00000  117.51212  45.1%  64.3  185s
 1005160 316444   89.02778   61   36   81.00000  117.20912  44.7%  64.3  190s
 1029322 322164   85.37778   51   51   81.00000  116.97778  44.4%  64.2  195s
 1051469 327921  109.57738   48   61   81.00000  116.76291  44.2%  64.2  200s
 1079974 335063 infeasible   50        81.00000  116.50000  43.8%  64.2  205s
 1107981 341975  102.00000   55   65   81.00000  116.24603  43.5%  64.1  210s
 1134279 348313 infeasible   59        81.00000  116.02315  43.2%  64.0  215s
 1158779 354279   94.04057   53   66   81.00000  115.80688  43.0%  64.0  220s
 1184947 360210   89.61806   58   49   81.00000  115.58899  42.7%  64.0  225s
 1207787 365665  100.63889   53   69   81.00000  115.38889  42.5%  63.9  230s
 1233987 371611   90.82114   57   89   81.00000  115.16667  42.2%  63.9  235s
 1255872 376579   90.80159   55   73   81.00000  114.98088  42.0%  63.8  240s
 1282244 382753   88.00000   63   59   81.00000  114.77778  41.7%  63.8  245s
 1308881 388748  100.77778   53   59   81.00000  114.57937  41.5%  63.7  250s
 1336875 394924  101.44974   51   53   81.00000  114.36111  41.2%  63.6  255s
 1363484 400874     cutoff   63        81.00000  114.16667  40.9%  63.6  260s
 1388881 406367 infeasible   59        81.00000  113.97222  40.7%  63.5  265s
 1415157 412180 infeasible   55        81.00000  113.77778  40.5%  63.5  270s
 1438472 417282   93.86250   58   80   81.00000  113.61905  40.3%  63.4  275s
 1454533 420988   94.67778   53   69   81.00000  113.52381  40.2%  63.4  280s
 1480267 426740   84.64815   60   56   81.00000  113.34524  39.9%  63.3  285s
 1506511 432520  100.51930   49   93   81.00000  113.16667  39.7%  63.3  290s
 1525471 436501     cutoff   58        81.00000  113.05556  39.6%  63.2  295s
 1553426 442169  103.11111   52   65   81.00000  112.87153  39.3%  63.2  300s
 1579110 447509 infeasible   51        81.00000  112.68627  39.1%  63.1  305s
 1607148 453242 infeasible   57        81.00000  112.50437  38.9%  63.1  310s
 1634939 458765 infeasible   53        81.00000  112.33333  38.7%  63.1  315s
 1665052 465015   95.76389   50   59   81.00000  112.14444  38.4%  63.1  320s
 1689799 469615  105.24653   52   47   81.00000  111.99691  38.3%  63.0  325s
 1711739 474276   98.95238   57   41   81.00000  111.85450  38.1%  63.0  330s
 1736413 479197   83.66667   56   37   81.00000  111.71111  37.9%  63.0  335s
 1760550 483757   93.33889   57   65   81.00000  111.56481  37.7%  62.9  340s
 1786623 488888  102.38889   52   74   81.00000  111.42222  37.6%  62.9  345s
 1815186 494110     cutoff   55        81.00000  111.25743  37.4%  62.9  350s
 1843376 499353     cutoff   58        81.00000  111.09259  37.2%  62.8  355s
 1872603 504762   92.57179   57   40   81.00000  110.92222  36.9%  62.8  360s
 1903969 510516   83.95833   61   41   81.00000  110.75397  36.7%  62.8  365s
 1932786 515770   90.72222   57   65   81.00000  110.60037  36.5%  62.7  370s
 1961628 521297 infeasible   55        81.00000  110.44444  36.4%  62.7  375s
 1985098 525585   84.66667   57   51   81.00000  110.33333  36.2%  62.6  380s
 2010421 530185   92.34722   56   67   81.00000  110.19136  36.0%  62.6  385s
 2039991 535387     cutoff   64        81.00000  110.03333  35.8%  62.6  390s
 2069454 540137  107.81111   48   68   81.00000  109.88889  35.7%  62.5  395s
 2092486 543875   92.65556   57   52   81.00000  109.77381  35.5%  62.5  400s
 2125385 549525   84.17929   55   48   81.00000  109.61111  35.3%  62.5  405s
 2160145 555320   94.22222   52   57   81.00000  109.44444  35.1%  62.5  410s
 2194788 561076  101.55556   48   74   81.00000  109.27778  34.9%  62.4  415s
 2229346 566990  103.22222   52   55   81.00000  109.12044  34.7%  62.4  420s
 2257676 571646   91.71528   51   82   81.00000  109.00000  34.6%  62.4  425s
 2286265 576467   88.22501   56   40   81.00000  108.85185  34.4%  62.3  430s
 2317289 581345   87.33333   56   36   81.00000  108.71212  34.2%  62.3  435s
 2343668 585661  101.36667   55   70   81.00000  108.59259  34.1%  62.3  440s
 2371990 590388 infeasible   50        81.00000  108.46667  33.9%  62.2  445s
 2402308 595244 infeasible   52        81.00000  108.33333  33.7%  62.2  450s
 2434836 600466   97.40667   58   52   81.00000  108.19444  33.6%  62.2  455s
 2470752 605998   94.29630   58   65   81.00000  108.03968  33.4%  62.2  460s
 2503453 611155   86.88889   57   76   81.00000  107.89841  33.2%  62.2  465s
 2537470 616344 infeasible   57        81.00000  107.76190  33.0%  62.1  470s
 2568373 620893   87.90556   53   58   81.00000  107.63333  32.9%  62.1  475s
 2593487 624769     cutoff   64        81.00000  107.52951  32.8%  62.1  480s
 2621900 628961   82.77778   57   20   81.00000  107.42308  32.6%  62.1  485s
 2650106 633092   93.27222   58   37   81.00000  107.31481  32.5%  62.0  490s
 2678692 637171   87.61287   59   39   81.00000  107.20000  32.3%  62.0  495s
 2712668 641933   90.94444   52   64   81.00000  107.05556  32.2%  62.0  500s
 2747844 646964   94.22222   50   78   81.00000  106.92063  32.0%  62.0  505s
 2783511 651963   84.36667   59   42   81.00000  106.77778  31.8%  62.0  510s
 2817998 656848 infeasible   56        81.00000  106.66667  31.7%  61.9  515s
 2846008 660708   87.00000   63   52   81.00000  106.55556  31.6%  61.9  520s
 2864286 663157 infeasible   58        81.00000  106.50000  31.5%  61.9  525s
 2892559 667110   92.32407   56   54   81.00000  106.38889  31.3%  61.9  530s
 2921723 671091   87.29167   59   76   81.00000  106.29167  31.2%  61.9  535s
 2949785 674728     cutoff   56        81.00000  106.19048  31.1%  61.9  540s
 2979073 678513     cutoff   57        81.00000  106.08889  31.0%  61.8  545s
 3009762 682384   83.00000   60   23   81.00000  105.97619  30.8%  61.8  550s
 3048269 687318   96.88889   54   46   81.00000  105.83333  30.7%  61.8  555s
 3083362 691673   85.28638   58   60   81.00000  105.72222  30.5%  61.7  560s
 3115829 695654  105.00694   51   61   81.00000  105.61111  30.4%  61.7  565s
 3146037 699659   94.28333   55   67   81.00000  105.50926  30.3%  61.7  570s
 3177178 703510   96.92889   53   45   81.00000  105.41338  30.1%  61.7  575s
 3209095 707502  100.58333   52   56   81.00000  105.30952  30.0%  61.7  580s
 3240855 711073  104.60053   54   60   81.00000  105.20707  29.9%  61.7  585s
 3270659 714441   96.88889   55   53   81.00000  105.11111  29.8%  61.6  590s
 3301765 717836   88.72222   54   59   81.00000  105.00000  29.6%  61.6  595s
 3337003 721706  104.46032   49   62   81.00000  104.88889  29.5%  61.6  600s
 3367288 725099   86.29630   56   78   81.00000  104.78889  29.4%  61.6  605s
 3405705 729425  103.87778   55   45   81.00000  104.66667  29.2%  61.6  610s
 3439742 733613   85.47222   51   77   81.00000  104.56713  29.1%  61.6  615s
*3467879 732053              62      82.0000000  104.48611  27.4%  61.5  619s
 3469288 732181 infeasible   54        82.00000  104.48148  27.4%  61.6  620s
 3499778 734746     cutoff   59        82.00000  104.38889  27.3%  61.5  625s
 3529282 737549   93.06019   56   80   82.00000  104.29167  27.2%  61.5  630s
 3559883 740188 infeasible   58        82.00000  104.19722  27.1%  61.5  635s
 3591164 742639   89.61111   56   53   82.00000  104.10000  27.0%  61.5  640s
 3620369 745034  100.29167   55   47   82.00000  104.00000  26.8%  61.5  645s
 3654843 747870   86.51587   55   86   82.00000  103.89683  26.7%  61.5  650s
 3690297 750830   89.23889   59   73   82.00000  103.79973  26.6%  61.5  655s
 3726102 753716 infeasible   55        82.00000  103.69444  26.5%  61.4  660s
 3754398 755957   95.17460   59   25   82.00000  103.61111  26.4%  61.4  665s
 3780271 757904   96.88889   53   78   82.00000  103.54167  26.3%  61.4  670s
 3808467 760237 infeasible   56        82.00000  103.46296  26.2%  61.4  675s
 3839616 762366   84.82407   61   65   82.00000  103.37778  26.1%  61.4  680s
 3869211 764562 infeasible   52        82.00000  103.28889  26.0%  61.4  685s
 3899745 766873  100.07705   55   52   82.00000  103.20833  25.9%  61.4  690s
 3928571 768986   91.40509   61   50   82.00000  103.12222  25.8%  61.4  695s
 3965882 771267   93.25103   54  122   82.00000  103.01471  25.6%  61.3  700s
 4003083 773520   88.52778   55   45   82.00000  102.90675  25.5%  61.3  705s
 4023919 774843 infeasible   56        82.00000  102.84568  25.4%  61.3  710s
 4053119 776526 infeasible   53        82.00000  102.76984  25.3%  61.3  715s
 4083742 778390 infeasible   59        82.00000  102.68254  25.2%  61.3  720s
 4109889 779721 infeasible   55        82.00000  102.61443  25.1%  61.3  725s
 4140259 781416   89.00000   62   73   82.00000  102.53333  25.0%  61.3  730s
 4171530 783255   94.66667   56   34   82.00000  102.44444  24.9%  61.3  735s
 4204135 785098 infeasible   61        82.00000  102.37234  24.8%  61.3  740s
 4239107 787061   89.30247   57   62   82.00000  102.27778  24.7%  61.3  745s
 4273545 788978  101.27778   51   33   82.00000  102.18687  24.6%  61.3  750s
 4307132 790483   93.83333   54   31   82.00000  102.10159  24.5%  61.2  755s
 4338403 791958 infeasible   54        82.00000  102.01162  24.4%  61.2  760s
 4365667 793083   92.90741   59   67   82.00000  101.94444  24.3%  61.2  765s
 4395916 794479 infeasible   54        82.00000  101.86343  24.2%  61.2  770s
 4423901 795405   99.73333   56   55   82.00000  101.78748  24.1%  61.2  775s
 4453408 796386 infeasible   54        82.00000  101.72222  24.1%  61.2  780s
 4481589 797430 infeasible   60        82.00000  101.64198  24.0%  61.2  785s
 4511679 798608 infeasible   63        82.00000  101.56481  23.9%  61.2  790s
 4543780 799660   89.55556   60   45   82.00000  101.50000  23.8%  61.2  795s
 4577712 801023 infeasible   59        82.00000  101.41111  23.7%  61.2  800s
 4604373 801984   85.80864   61   47   82.00000  101.34161  23.6%  61.2  805s
 4634205 802723   83.40000   62   67   82.00000  101.27778  23.5%  61.2  810s
 4662490 803558   90.91270   50   61   82.00000  101.20000  23.4%  61.2  815s
 4685888 804151     cutoff   62        82.00000  101.14444  23.3%  61.2  820s
 4713590 804887   88.88889   60   39   82.00000  101.07407  23.3%  61.2  825s
 4745519 805738   87.50000   58   63   82.00000  101.00000  23.2%  61.2  830s
 4777785 806793   93.69444   58   29   82.00000  100.91667  23.1%  61.2  835s
 4809932 807274     cutoff   61        82.00000  100.83333  23.0%  61.1  840s
 4841658 808079   90.00000   59   42   82.00000  100.75926  22.9%  61.1  845s
 4874169 808770 infeasible   61        82.00000  100.68203  22.8%  61.1  850s
 4906130 809120  100.23611   57   55   82.00000  100.61111  22.7%  61.1  855s
 4937804 810040   84.50000   60   59   82.00000  100.53858  22.6%  61.1  860s
 4966471 810657   91.57190   55   55   82.00000  100.47778  22.5%  61.1  865s
 4996412 811180   99.45833   56   49   82.00000  100.41111  22.5%  61.1  870s
 5022825 811582   89.39683   55   88   82.00000  100.35648  22.4%  61.1  875s
 5056690 811943 infeasible   49        82.00000  100.27778  22.3%  61.1  880s
 5091261 812438   88.37050   60   45   82.00000  100.20000  22.2%  61.1  885s
 5124517 812630   91.93611   52   87   82.00000  100.11905  22.1%  61.1  890s
 5161861 812574   89.62037   60   51   82.00000  100.03333  22.0%  61.1  895s
 5195091 812761 infeasible   63        82.00000   99.95257  21.9%  61.1  900s
 5223687 812437 infeasible   54        82.00000   99.88889  21.8%  61.0  905s
 5254841 812543 infeasible   56        82.00000   99.82540  21.7%  61.0  910s
 5270456 812485 infeasible   55        82.00000   99.78395  21.7%  61.0  915s
 5297747 812286   86.89683   58   49   82.00000   99.72222  21.6%  61.0  920s
 5327696 812244   90.93056   56   47   82.00000   99.66667  21.5%  61.0  925s
 5358520 812546   92.00000   53   45   82.00000   99.60317  21.5%  61.0  930s
 5391019 812668   90.30556   55   65   82.00000   99.52778  21.4%  61.0  935s
 5422778 812641   90.11476   59   49   82.00000   99.45833  21.3%  61.0  940s
 5456839 812356   87.11111   57   29   82.00000   99.38889  21.2%  61.0  945s
 5487896 812092   92.86458   57   60   82.00000   99.33333  21.1%  61.0  950s
 5518088 811859   89.20370   54   49   82.00000   99.26604  21.1%  61.0  955s
 5546935 811675   97.03704   52   53   82.00000   99.20139  21.0%  61.0  960s
 5570358 811207 infeasible   60        82.00000   99.15226  20.9%  61.0  965s
 5599887 810654     cutoff   57        82.00000   99.08333  20.8%  61.0  970s
 5631808 810162   90.56793   58   43   82.00000   99.00820  20.7%  61.0  975s
 5665716 809350 infeasible   60        82.00000   98.94444  20.7%  61.0  980s
 5696461 808858   98.84175   53   70   82.00000   98.87937  20.6%  61.0  985s
 5726026 808324 infeasible   52        82.00000   98.81647  20.5%  61.0  990s
 5756346 807558   95.60000   50   47   82.00000   98.75000  20.4%  61.0  995s
 5785789 806916   89.21605   58   52   82.00000   98.69444  20.4%  61.0 1000s
 5814800 806204   87.38889   56   46   82.00000   98.63333  20.3%  61.0 1005s
 5845287 805307 infeasible   57        82.00000   98.56667  20.2%  61.0 1010s
 5873210 804527   86.68056   55   57   82.00000   98.51111  20.1%  61.0 1015s
 5902918 803571   90.00000   55   49   82.00000   98.44815  20.1%  61.0 1020s
 5928979 802877   87.37998   57   60   82.00000   98.39815  20.0%  61.0 1025s
 5961373 802006 infeasible   53        82.00000   98.33333  19.9%  61.0 1030s
 5994028 800919     cutoff   57        82.00000   98.27778  19.9%  61.0 1035s
 6022154 800177     cutoff   59        82.00000   98.22222  19.8%  61.0 1040s
 6055555 799263   85.56944   54   75   82.00000   98.15079  19.7%  61.0 1045s
 6087276 798048 infeasible   55        82.00000   98.08333  19.6%  61.0 1050s
 6120727 796855 infeasible   60        82.00000   98.00422  19.5%  61.0 1055s
 6150585 795585   88.55556   60   31   82.00000   97.94709  19.4%  61.0 1060s
 6184344 793990     cutoff   60        82.00000   97.88889  19.4%  61.0 1065s
 6215115 792598     cutoff   54        82.00000   97.82576  19.3%  61.0 1070s
 6246138 791176   92.19312   57   43   82.00000   97.76091  19.2%  61.0 1075s
 6277393 789619   94.86111   48   48   82.00000   97.69792  19.1%  61.0 1080s
 6301847 788322   97.43519   57   87   82.00000   97.65741  19.1%  61.0 1085s
 6326037 787030   84.66667   55   41   82.00000   97.60937  19.0%  61.1 1090s
 6352609 785417 infeasible   62        82.00000   97.55556  19.0%  61.1 1095s
 6382049 783636   90.41667   53   54   82.00000   97.50000  18.9%  61.1 1100s
 6408540 782011   93.34641   59   73   82.00000   97.44444  18.8%  61.1 1105s
 6436494 780170 infeasible   52        82.00000   97.38889  18.8%  61.1 1110s
 6465901 778154   97.23333   55   52   82.00000   97.33333  18.7%  61.2 1115s
 6492915 775976   85.35556   56   37   82.00000   97.27778  18.6%  61.2 1120s
 6522205 773465 infeasible   56        82.00000   97.20952  18.5%  61.2 1125s
 6550357 771117   88.41667   55   96   82.00000   97.14815  18.5%  61.2 1130s
 6576624 768721   91.25926   58   22   82.00000   97.09031  18.4%  61.2 1135s
 6601333 766501 infeasible   64        82.00000   97.03175  18.3%  61.2 1140s
 6623970 764372   92.34127   53   65   82.00000   96.98611  18.3%  61.2 1145s
 6652880 761787   92.39087   57   58   82.00000   96.91862  18.2%  61.2 1150s
 6680761 759000   96.43056   53   57   82.00000   96.85714  18.1%  61.3 1155s
 6709611 756226 infeasible   61        82.00000   96.79452  18.0%  61.3 1160s
 6732056 753851 infeasible   56        82.00000   96.74800  18.0%  61.3 1165s
 6746635 752315   88.11458   52   72   82.00000   96.72222  18.0%  61.3 1170s
 6771465 749821 infeasible   62        82.00000   96.66667  17.9%  61.3 1175s
 6794224 747660   89.66667   54   41   82.00000   96.61235  17.8%  61.4 1180s
 6818789 745468   88.02778   54   42   82.00000   96.56576  17.8%  61.4 1185s
 6845185 742657   88.39683   57   92   82.00000   96.51091  17.7%  61.4 1190s
 6871459 739958   93.56111   54   64   82.00000   96.45988  17.6%  61.4 1195s
 6899242 736959   95.38889   58   39   82.00000   96.40000  17.6%  61.5 1200s
 6923022 734465 infeasible   62        82.00000   96.35532  17.5%  61.5 1205s
 6953567 731249 infeasible   59        82.00000   96.29365  17.4%  61.5 1210s
 6981388 727976     cutoff   65        82.00000   96.23611  17.4%  61.6 1215s
 7007862 724977 infeasible   64        82.00000   96.17778  17.3%  61.6 1220s
 7030507 722315 infeasible   57        82.00000   96.13235  17.2%  61.6 1225s
 7055480 719379   93.33333   56   48   82.00000   96.07639  17.2%  61.6 1230s
 7082090 716054 infeasible   57        82.00000   96.01235  17.1%  61.6 1235s
 7108314 712927 infeasible   62        82.00000   95.95556  17.0%  61.6 1240s
 7132537 709743 infeasible   54        82.00000   95.89964  17.0%  61.7 1245s
 7161707 705907   90.44444   58   56   82.00000   95.83333  16.9%  61.7 1250s
 7192781 701787 infeasible   55        82.00000   95.77778  16.8%  61.7 1255s
 7222239 697909 infeasible   55        82.00000   95.70833  16.7%  61.7 1260s
 7247063 694498   92.28889   59   57   82.00000   95.66049  16.7%  61.8 1265s
 7268567 691594   94.94444   55   47   82.00000   95.61111  16.6%  61.8 1270s
 7290397 688825   87.27778   59   32   82.00000   95.55787  16.5%  61.8 1275s
 7312012 686056   92.75231   52   53   82.00000   95.51667  16.5%  61.8 1280s
 7333038 683041   89.43333   51   52   82.00000   95.47531  16.4%  61.9 1285s
 7353242 680155   86.38889   64   34   82.00000   95.43750  16.4%  61.9 1290s
 7374935 677244   83.27083   58   68   82.00000   95.38889  16.3%  61.9 1295s
 7398950 674314 infeasible   62        82.00000   95.33333  16.3%  61.9 1300s
 7421455 671437   95.19444   54   70   82.00000   95.29004  16.2%  61.9 1305s
 7450489 667273   89.90741   59  107   82.00000   95.22678  16.1%  61.9 1310s
 7478959 663182   86.56790   55   79   82.00000   95.16667  16.1%  62.0 1315s
 7503562 659641 infeasible   61        82.00000   95.11111  16.0%  62.0 1320s
 7524657 656511 infeasible   56        82.00000   95.05903  15.9%  62.0 1325s
 7546178 653436   88.09894   57   59   82.00000   95.00868  15.9%  62.0 1330s
 7567368 650218   94.77778   53   60   82.00000   94.96667  15.8%  62.0 1335s
 7589029 646811   86.18783   58   70   82.00000   94.91667  15.8%  62.0 1340s
 7604979 644136   87.38095   55   75   82.00000   94.88482  15.7%  62.0 1345s
 7627387 640514     cutoff   51        82.00000   94.83333  15.7%  62.1 1350s
 7653018 636543 infeasible   57        82.00000   94.77778  15.6%  62.1 1355s
 7681612 632205   90.35185   60   47   82.00000   94.71111  15.5%  62.1 1360s
 7709310 627828 infeasible   59        82.00000   94.65317  15.4%  62.1 1365s
 7735662 623620 infeasible   55        82.00000   94.59582  15.4%  62.2 1370s
 7762095 619819   94.38889   54   67   82.00000   94.53968  15.3%  62.2 1375s
 7780023 616636   91.09808   57   48   82.00000   94.50000  15.2%  62.2 1380s
 7799703 613911   91.23016   59   60   82.00000   94.45602  15.2%  62.2 1385s
 7820954 610390   86.83750   52   75   82.00000   94.41435  15.1%  62.3 1390s
 7840981 607069   88.40278   60   44   82.00000   94.37179  15.1%  62.3 1395s
 7862423 603651   88.99132   57   64   82.00000   94.33333  15.0%  62.3 1400s
 7882630 600524 infeasible   60        82.00000   94.27778  15.0%  62.3 1405s
 7906931 596430   85.27778   59   51   82.00000   94.22222  14.9%  62.3 1410s
 7935689 591541 infeasible   58        82.00000   94.16667  14.8%  62.4 1415s
 7961582 587143 infeasible   54        82.00000   94.10582  14.8%  62.4 1420s
 7984880 582831   89.46032   55   47   82.00000   94.04444  14.7%  62.4 1425s
 8008521 578784   85.70370   57   21   82.00000   93.99383  14.6%  62.4 1430s
 8031676 574574   93.51852   59   39   82.00000   93.93519  14.6%  62.4 1435s
 8053247 570618 infeasible   58        82.00000   93.88304  14.5%  62.5 1440s
 8074626 566767   84.14815   55   47   82.00000   93.83333  14.4%  62.5 1445s
 8097658 562483 infeasible   57        82.00000   93.77778  14.4%  62.5 1450s
 8119227 558520   90.96473   56   55   82.00000   93.72222  14.3%  62.5 1455s
 8138437 555085     cutoff   59        82.00000   93.68012  14.2%  62.6 1460s
 8161500 550686   84.03704   52   25   82.00000   93.62963  14.2%  62.6 1465s
 8182018 546898   89.99306   52   43   82.00000   93.58704  14.1%  62.6 1470s
 8209501 541839 infeasible   58        82.00000   93.52593  14.1%  62.6 1475s
 8235907 536730   91.93148   57   37   82.00000   93.46667  14.0%  62.7 1480s
 8263985 531461   87.35317   52   64   82.00000   93.40404  13.9%  62.7 1485s
 8289056 526711   88.62963   55   86   82.00000   93.34722  13.8%  62.7 1490s
 8310308 522728   84.13194   54   59   82.00000   93.30072  13.8%  62.7 1495s
 8331266 518379   92.56296   52   64   82.00000   93.25282  13.7%  62.8 1500s
 8354434 513729 infeasible   55        82.00000   93.19444  13.7%  62.8 1505s
 8374517 509502   88.34656   59   55   82.00000   93.14583  13.6%  62.8 1510s
 8391049 506407     cutoff   56        82.00000   93.10607  13.5%  62.8 1515s
 8401123 504154 infeasible   58        82.00000   93.07500  13.5%  62.8 1520s
 8424331 499310     cutoff   61        82.00000   93.00794  13.4%  62.8 1525s
 8449409 493911   90.50000   55   38   82.00000   92.94444  13.3%  62.8 1530s
 8477406 487814   85.74286   59   71   82.00000   92.87500  13.3%  62.9 1535s
 8503644 482146 infeasible   57        82.00000   92.80556  13.2%  62.9 1540s
 8526657 477190     cutoff   58        82.00000   92.74444  13.1%  62.9 1545s
 8548540 472469 infeasible   60        82.00000   92.68889  13.0%  62.9 1550s
 8570119 467874 infeasible   55        82.00000   92.63889  13.0%  63.0 1555s
 8591383 463246   87.96930   54  138   82.00000   92.58333  12.9%  63.0 1560s
 8614370 458243 infeasible   59        82.00000   92.52991  12.8%  63.0 1565s
 8637775 453259   91.64815   58   42   82.00000   92.47222  12.8%  63.0 1570s
 8656644 448723 infeasible   56        82.00000   92.42741  12.7%  63.1 1575s
 8682256 443144 infeasible   57        82.00000   92.36111  12.6%  63.1 1580s
 8710490 436655   83.27222   56   62   82.00000   92.28395  12.5%  63.1 1585s
 8740593 429817   86.84896   58   58   82.00000   92.20833  12.4%  63.1 1590s
 8768676 423466   92.11224   51   82   82.00000   92.12444  12.3%  63.1 1595s
 8795094 416965     cutoff   61        82.00000   92.04348  12.2%  63.2 1600s
 8814801 412716 infeasible   58        82.00000   91.99383  12.2%  63.2 1605s
 8836528 407265   88.90278   61   52   82.00000   91.92593  12.1%  63.2 1610s
 8856397 402563   84.22222   57   36   82.00000   91.86508  12.0%  63.2 1615s
 8877851 397251   88.71546   56   66   82.00000   91.80556  12.0%  63.2 1620s
 8900743 391504 infeasible   59        82.00000   91.73704  11.9%  63.3 1625s
 8920415 386726 infeasible   59        82.00000   91.67778  11.8%  63.3 1630s
 8939987 381364 infeasible   63        82.00000   91.63333  11.7%  63.3 1635s
 8963492 375183   88.50000   60   38   82.00000   91.55556  11.7%  63.4 1640s
 8989932 368340 infeasible   58        82.00000   91.48718  11.6%  63.4 1645s
 9016373 361461   86.05247   54   70   82.00000   91.40741  11.5%  63.4 1650s
 9039742 355124   90.77778   60   51   82.00000   91.33333  11.4%  63.5 1655s
 9064460 348460   84.41811   59   57   82.00000   91.25926  11.3%  63.5 1660s
 9086260 342281 infeasible   62        82.00000   91.17966  11.2%  63.5 1665s
 9109766 335364   85.94444   59   49   82.00000   91.09259  11.1%  63.5 1670s
 9131268 329354 infeasible   55        82.00000   91.00000  11.0%  63.5 1675s
 9149720 324110 infeasible   56        82.00000   90.94872  10.9%  63.6 1680s
 9173363 317345 infeasible   61        82.00000   90.86275  10.8%  63.6 1685s
 9194347 311088     cutoff   59        82.00000   90.78278  10.7%  63.6 1690s
 9216200 304748   88.59259   56   38   82.00000   90.71296  10.6%  63.6 1695s
 9238428 298163     cutoff   64        82.00000   90.63333  10.5%  63.7 1700s
 9260745 291478 infeasible   56        82.00000   90.55556  10.4%  63.7 1705s
 9280514 285595 infeasible   64        82.00000   90.48889  10.4%  63.7 1710s
 9302270 279112     cutoff   60        82.00000   90.40317  10.2%  63.7 1715s
 9321270 273161 infeasible   60        82.00000   90.33333  10.2%  63.8 1720s
 9341268 267292   88.40222   62   58   82.00000   90.24859  10.1%  63.8 1725s
 9360949 261139 infeasible   55        82.00000   90.16667  10.0%  63.8 1730s
 9382590 253472 infeasible   63        82.00000   90.04762  9.81%  63.8 1735s
 9405677 246381   89.33492   56   49   82.00000   89.94444  9.69%  63.8 1740s
 9430143 238520     cutoff   58        82.00000   89.83045  9.55%  63.9 1745s
 9449373 232275     cutoff   60        82.00000   89.73457  9.43%  63.9 1750s
 9474167 223922 infeasible   58        82.00000   89.62121  9.29%  63.9 1755s
 9496064 216670   86.59853   58   49   82.00000   89.52222  9.17%  63.9 1760s
 9517868 209261     cutoff   54        82.00000   89.42361  9.05%  64.0 1765s
 9540841 201067 infeasible   56        82.00000   89.29688  8.90%  64.0 1770s
 9562666 193207 infeasible   58        82.00000   89.16667  8.74%  64.0 1775s
 9581307 186182 infeasible   59        82.00000   89.05556  8.60%  64.0 1780s
 9600670 179831   86.33333   53   66   82.00000   88.94444  8.47%  64.1 1785s
 9619660 172167   85.85174   57   79   82.00000   88.83333  8.33%  64.1 1790s
 9639519 164204   88.46124   56   52   82.00000   88.70040  8.17%  64.1 1795s
 9658988 155883 infeasible   60        82.00000   88.57292  8.02%  64.2 1800s
 9681131 146372 infeasible   60        82.00000   88.41111  7.82%  64.2 1805s
 9699363 138198   84.76667   58   35   82.00000   88.25556  7.63%  64.2 1810s
 9721903 128075 infeasible   57        82.00000   88.00000  7.32%  64.2 1815s
 9743167 118405 infeasible   60        82.00000   87.83333  7.11%  64.3 1820s
 9762769 108649 infeasible   57        82.00000   87.63465  6.87%  64.3 1825s
 9783095 98259   87.34954   57   55   82.00000   87.39542  6.58%  64.3 1830s
 9803758 87014     cutoff   62        82.00000   87.06667  6.18%  64.3 1835s
 9823099 77716 infeasible   57        82.00000   86.83333  5.89%  64.3 1840s
 9841156 67673   83.56250   61   31   82.00000   86.58390  5.59%  64.4 1845s
 9862530 53920   83.64286   59   62   82.00000   86.11859  5.02%  64.4 1850s
 9886699 36550   84.46296   63   40   82.00000   85.51042  4.28%  64.4 1855s
 9915369 12707   83.94444   60   36   82.00000   84.15432  2.63%  64.4 1860s
 9928879  1204     cutoff   58        82.00000   83.25000  1.52%  64.3 1865s

Cutting planes:
  Zero half: 2

Explored 9931004 nodes (638631151 simplex iterations) in 1866.99 seconds (3700.76 work units)
Thread count was 16 (of 16 available processors)

Solution count 10: 82 81 81 ... 72

Optimal solution found (tolerance 1.00e-04)
Best objective 8.200000000000e+01, best bound 8.200000000000e+01, gap 0.0000%

Wrote result file '/root/bgw/data/results/2026_03_23_17_03_44_set_ds_1_ds_1_s010_g001_max.sol'

