[2026-03-23T15:58:20.269Z] Pipeline "set_exp_3_exp_3_n015_c005_g002" → 2026_03_23_15_58_20_set_exp_3_exp_3_n015_c005_g002_max.sol
Set parameter WLSAccessID
Set parameter WLSSecret
Set parameter LicenseID to value 2792458
Set parameter LogFile to value "gurobi.log"
Using license file /root/gurobi.lic
Academic license 2792458 - for non-commercial use only - registered to an___@studenti.unipg.it

Gurobi Optimizer version 13.0.1 build v13.0.1rc0 (linux64 - "Ubuntu 24.04.4 LTS")
Copyright (c) 2026, Gurobi Optimization, LLC

Warning: Duplicate section found (read 'binary') - Is a variable name equal to an LP file format keyword?
Warning: Duplicate section found (read 'binary') - Is a variable name equal to an LP file format keyword?
Warning: Duplicate section found (read 'binary') - Is a variable name equal to an LP file format keyword?
Warning: Duplicate section found (read 'binary') - Is a variable name equal to an LP file format keyword?
Warning: Duplicate section found (read 'binary') - Is a variable name equal to an LP file format keyword?
Warning: Duplicate section found (read 'binary') - Is a variable name equal to an LP file format keyword?
Warning: Duplicate section found (read 'binary') - Is a variable name equal to an LP file format keyword?
Warning: Duplicate section found (read 'binary') - Is a variable name equal to an LP file format keyword?
Warning: Duplicate section found (read 'binary') - Is a variable name equal to an LP file format keyword?
Warning: Duplicate section found (read 'binary') - Is a variable name equal to an LP file format keyword?
Warning: Further warnings of this type will be omitted.
Read LP format model from file /root/bgw/data/uploads/2026_03_23_15_58_20_set_exp_3_exp_3_n015_c005_g002_max.lp
Reading time = 0.00 seconds
: 1182 rows, 173 columns, 3479 nonzeros

Using Gurobi shared library /opt/gurobi1301/linux64/lib/libgurobi.so.13.0.1

CPU model: AMD EPYC-Genoa Processor, instruction set [SSE2|AVX|AVX2|AVX512]
Thread count: 16 physical cores, 16 logical processors, using up to 16 threads

Academic license 2792458 - for non-commercial use only - registered to an___@studenti.unipg.it
Optimize a model with 1182 rows, 173 columns and 3479 nonzeros (Max)
Model fingerprint: 0x1ae584e0
Model has 5 linear objective coefficients
Variable types: 20 continuous, 153 integer (153 binary)
Coefficient statistics:
  Matrix range     [1e+00, 2e+01]
  Objective range  [1e+00, 1e+00]
  Bounds range     [1e+00, 1e+00]
  RHS range        [1e+00, 2e+01]

Found heuristic solution: objective 5.0000000
Presolve removed 239 rows and 47 columns
Presolve time: 0.01s
Presolved: 943 rows, 126 columns, 2937 nonzeros
Variable types: 0 continuous, 126 integer (117 binary)
Found heuristic solution: objective 6.0000000

Root relaxation: objective 2.000000e+01, 103 iterations, 0.00 seconds (0.00 work units)

    Nodes    |    Current Node    |     Objective Bounds      |     Work
 Expl Unexpl |  Obj  Depth IntInf | Incumbent    BestBd   Gap | It/Node Time

     0     0   20.00000    0   25    6.00000   20.00000   233%     -    0s
H    0     0                      12.0000000   20.00000  66.7%     -    0s
H    0     0                      13.0000000   20.00000  53.8%     -    0s
H    0     0                      14.0000000   20.00000  42.9%     -    0s
     0     0   20.00000    0   21   14.00000   20.00000  42.9%     -    0s
H    0     0                      15.0000000   20.00000  33.3%     -    0s
     0     0   20.00000    0   23   15.00000   20.00000  33.3%     -    0s
     0     0   20.00000    0   15   15.00000   20.00000  33.3%     -    0s
     0     0   20.00000    0   15   15.00000   20.00000  33.3%     -    0s
     0     0   20.00000    0   19   15.00000   20.00000  33.3%     -    0s
     0     0   20.00000    0   18   15.00000   20.00000  33.3%     -    0s
     0     0   20.00000    0   21   15.00000   20.00000  33.3%     -    0s
     0     0   20.00000    0   21   15.00000   20.00000  33.3%     -    0s
     0     0   20.00000    0   24   15.00000   20.00000  33.3%     -    0s
     0     0   20.00000    0   20   15.00000   20.00000  33.3%     -    0s
     0     0   19.00000    0   21   15.00000   19.00000  26.7%     -    0s
     0     0   19.00000    0   19   15.00000   19.00000  26.7%     -    0s
     0     0   19.00000    0   21   15.00000   19.00000  26.7%     -    0s
     0     0   19.00000    0   21   15.00000   19.00000  26.7%     -    0s
     0     0   19.00000    0   21   15.00000   19.00000  26.7%     -    0s
     0     0   19.00000    0   18   15.00000   19.00000  26.7%     -    0s
     0     2   19.00000    0   17   15.00000   19.00000  26.7%     -    0s

Cutting planes:
  Cover: 1
  Inf proof: 10
  Zero half: 3

Explored 437 nodes (12896 simplex iterations) in 0.29 seconds (0.15 work units)
Thread count was 16 (of 16 available processors)

Solution count 6: 15 14 13 ... 5

Optimal solution found (tolerance 1.00e-04)
Best objective 1.500000000000e+01, best bound 1.500000000000e+01, gap 0.0000%

Wrote result file '/root/bgw/data/results/2026_03_23_15_58_20_set_exp_3_exp_3_n015_c005_g002_max.sol'

