[2026-03-24T20:39:31.595Z] Pipeline "set_big_6-10_big_6-10_s001_g001" → 2026_03_24_20_39_31_set_big_6-10_big_6-10_s001_g001_max.sol
Set parameter WLSAccessID
Set parameter WLSSecret
Set parameter LicenseID to value 2792458
Set parameter LogFile to value "gurobi.log"
Using license file /root/gurobi.lic
Academic license 2792458 - for non-commercial use only - registered to an___@studenti.unipg.it

Gurobi Optimizer version 13.0.1 build v13.0.1rc0 (linux64 - "Ubuntu 24.04.4 LTS")
Copyright (c) 2026, Gurobi Optimization, LLC

Warning: Duplicate section found (read 'binary') - Is a variable name equal to an LP file format keyword?
Warning: Duplicate section found (read 'binary') - Is a variable name equal to an LP file format keyword?
Warning: Duplicate section found (read 'binary') - Is a variable name equal to an LP file format keyword?
Warning: Duplicate section found (read 'binary') - Is a variable name equal to an LP file format keyword?
Warning: Duplicate section found (read 'binary') - Is a variable name equal to an LP file format keyword?
Warning: Duplicate section found (read 'binary') - Is a variable name equal to an LP file format keyword?
Warning: Duplicate section found (read 'binary') - Is a variable name equal to an LP file format keyword?
Warning: Duplicate section found (read 'binary') - Is a variable name equal to an LP file format keyword?
Warning: Duplicate section found (read 'binary') - Is a variable name equal to an LP file format keyword?
Warning: Duplicate section found (read 'binary') - Is a variable name equal to an LP file format keyword?
Warning: Further warnings of this type will be omitted.
Read LP format model from file /root/bgw/data/uploads/2026_03_24_20_39_31_set_big_6-10_big_6-10_s001_g001_max.lp
Reading time = 0.00 seconds
: 967 rows, 173 columns, 2832 nonzeros

Using Gurobi shared library /opt/gurobi1301/linux64/lib/libgurobi.so.13.0.1

CPU model: AMD EPYC-Genoa Processor, instruction set [SSE2|AVX|AVX2|AVX512]
Thread count: 16 physical cores, 16 logical processors, using up to 16 threads

Academic license 2792458 - for non-commercial use only - registered to an___@studenti.unipg.it
Optimize a model with 967 rows, 173 columns and 2832 nonzeros (Max)
Model fingerprint: 0x2e4bc97f
Model has 42 linear objective coefficients
Variable types: 55 continuous, 118 integer (118 binary)
Coefficient statistics:
  Matrix range     [1e+00, 1e+01]
  Objective range  [1e+00, 1e+00]
  Bounds range     [1e+00, 1e+00]
  RHS range        [1e+00, 2e+01]

Found heuristic solution: objective 42.0000000
Presolve removed 359 rows and 74 columns
Presolve time: 0.00s
Presolved: 608 rows, 99 columns, 1884 nonzeros
Variable types: 0 continuous, 99 integer (93 binary)
Found heuristic solution: objective 57.0000000

Root relaxation: objective 2.670000e+02, 64 iterations, 0.00 seconds (0.00 work units)

    Nodes    |    Current Node    |     Objective Bounds      |     Work
 Expl Unexpl |  Obj  Depth IntInf | Incumbent    BestBd   Gap | It/Node Time

     0     0  267.00000    0   25   57.00000  267.00000   368%     -    0s
H    0     0                     102.0000000  267.00000   162%     -    0s
H    0     0                     117.0000000  267.00000   128%     -    0s
     0     0  267.00000    0   24  117.00000  267.00000   128%     -    0s
     0     0  267.00000    0   24  117.00000  267.00000   128%     -    0s
     0     0  252.00000    0   21  117.00000  252.00000   115%     -    0s
     0     0  252.00000    0   14  117.00000  252.00000   115%     -    0s
     0     0  252.00000    0   19  117.00000  252.00000   115%     -    0s
     0     0  252.00000    0   19  117.00000  252.00000   115%     -    0s
     0     0  252.00000    0   21  117.00000  252.00000   115%     -    0s
     0     0  252.00000    0   14  117.00000  252.00000   115%     -    0s
     0     0  236.09091    0   20  117.00000  236.09091   102%     -    0s
     0     0  236.09091    0   14  117.00000  236.09091   102%     -    0s
     0     0  234.27273    0   21  117.00000  234.27273   100%     -    0s
     0     0  234.27273    0   20  117.00000  234.27273   100%     -    0s
     0     0  233.59091    0   20  117.00000  233.59091   100%     -    0s
     0     0  233.59091    0   19  117.00000  233.59091   100%     -    0s
     0     0  233.59091    0   14  117.00000  233.59091   100%     -    0s
     0     0  232.90909    0   14  117.00000  232.90909  99.1%     -    0s
     0     0  232.90909    0   14  117.00000  232.90909  99.1%     -    0s
     0     2  232.90909    0   14  117.00000  232.90909  99.1%     -    0s

Cutting planes:
  Gomory: 7
  Cover: 29
  MIR: 11
  StrongCG: 2
  Inf proof: 70
  Zero half: 7

Explored 5389 nodes (84163 simplex iterations) in 0.37 seconds (0.39 work units)
Thread count was 16 (of 16 available processors)

Solution count 4: 117 102 57 42 

Optimal solution found (tolerance 1.00e-04)
Best objective 1.170000000000e+02, best bound 1.170000000000e+02, gap 0.0000%

Wrote result file '/root/bgw/data/results/2026_03_24_20_39_31_set_big_6-10_big_6-10_s001_g001_max.sol'

