[2026-03-24T10:23:03.051Z] Pipeline "set_big_5-7_big_5-7_s007_g002" → 2026_03_24_10_23_02_set_big_5-7_big_5-7_s007_g002_max.sol
Set parameter WLSAccessID
Set parameter WLSSecret
Set parameter LicenseID to value 2792458
Set parameter LogFile to value "gurobi.log"
Using license file /root/gurobi.lic
Academic license 2792458 - for non-commercial use only - registered to an___@studenti.unipg.it

Gurobi Optimizer version 13.0.1 build v13.0.1rc0 (linux64 - "Ubuntu 24.04.4 LTS")
Copyright (c) 2026, Gurobi Optimization, LLC

Warning: Duplicate section found (read 'binary') - Is a variable name equal to an LP file format keyword?
Warning: Duplicate section found (read 'binary') - Is a variable name equal to an LP file format keyword?
Warning: Duplicate section found (read 'binary') - Is a variable name equal to an LP file format keyword?
Warning: Duplicate section found (read 'binary') - Is a variable name equal to an LP file format keyword?
Warning: Duplicate section found (read 'binary') - Is a variable name equal to an LP file format keyword?
Warning: Duplicate section found (read 'binary') - Is a variable name equal to an LP file format keyword?
Warning: Duplicate section found (read 'binary') - Is a variable name equal to an LP file format keyword?
Warning: Duplicate section found (read 'binary') - Is a variable name equal to an LP file format keyword?
Warning: Duplicate section found (read 'binary') - Is a variable name equal to an LP file format keyword?
Warning: Duplicate section found (read 'binary') - Is a variable name equal to an LP file format keyword?
Warning: Further warnings of this type will be omitted.
Read LP format model from file /root/bgw/data/uploads/2026_03_24_10_23_02_set_big_5-7_big_5-7_s007_g002_max.lp
Reading time = 0.02 seconds
: 9447 rows, 589 columns, 28966 nonzeros

Using Gurobi shared library /opt/gurobi1301/linux64/lib/libgurobi.so.13.0.1

CPU model: AMD EPYC-Genoa Processor, instruction set [SSE2|AVX|AVX2|AVX512]
Thread count: 16 physical cores, 16 logical processors, using up to 16 threads

Academic license 2792458 - for non-commercial use only - registered to an___@studenti.unipg.it
Optimize a model with 9447 rows, 589 columns and 28966 nonzeros (Max)
Model fingerprint: 0x9b657a84
Model has 42 linear objective coefficients
Variable types: 73 continuous, 516 integer (516 binary)
Coefficient statistics:
  Matrix range     [1e+00, 3e+01]
  Objective range  [1e+00, 1e+00]
  Bounds range     [1e+00, 1e+00]
  RHS range        [1e+00, 3e+01]

Found heuristic solution: objective 42.0000000
Presolve removed 421 rows and 103 columns
Presolve time: 0.04s
Presolved: 9026 rows, 486 columns, 27246 nonzeros
Variable types: 0 continuous, 486 integer (480 binary)
Found heuristic solution: objective 72.0000000

Root relaxation: objective 2.670000e+02, 228 iterations, 0.02 seconds (0.02 work units)

    Nodes    |    Current Node    |     Objective Bounds      |     Work
 Expl Unexpl |  Obj  Depth IntInf | Incumbent    BestBd   Gap | It/Node Time

     0     0  267.00000    0   24   72.00000  267.00000   271%     -    0s
H    0     0                     102.0000000  267.00000   162%     -    0s
H    0     0                     117.0000000  267.00000   128%     -    0s
     0     0  267.00000    0   24  117.00000  267.00000   128%     -    0s
     0     0  267.00000    0   24  117.00000  267.00000   128%     -    0s
     0     0  267.00000    0   22  117.00000  267.00000   128%     -    0s
     0     0  267.00000    0   14  117.00000  267.00000   128%     -    0s
     0     0  267.00000    0   20  117.00000  267.00000   128%     -    0s
     0     0  267.00000    0   14  117.00000  267.00000   128%     -    0s
     0     0  267.00000    0   16  117.00000  267.00000   128%     -    0s
     0     0  267.00000    0   16  117.00000  267.00000   128%     -    0s
     0     0  267.00000    0   14  117.00000  267.00000   128%     -    0s
     0     0  267.00000    0   16  117.00000  267.00000   128%     -    0s
     0     0  267.00000    0   14  117.00000  267.00000   128%     -    0s
     0     0  252.00000    0   14  117.00000  252.00000   115%     -    0s
     0     0  252.00000    0   20  117.00000  252.00000   115%     -    0s
     0     0  252.00000    0   14  117.00000  252.00000   115%     -    0s
     0     0  252.00000    0   20  117.00000  252.00000   115%     -    0s
     0     0  252.00000    0   20  117.00000  252.00000   115%     -    0s
     0     0  252.00000    0   20  117.00000  252.00000   115%     -    0s
     0     0  252.00000    0   20  117.00000  252.00000   115%     -    0s
     0     0  252.00000    0   14  117.00000  252.00000   115%     -    0s
     0     2  252.00000    0   14  117.00000  252.00000   115%     -    0s
  5597     7 infeasible   13       117.00000  157.45694  34.6%   122    5s

Cutting planes:
  Gomory: 3
  Cover: 29
  MIR: 5
  StrongCG: 1
  Inf proof: 75
  Zero half: 7

Explored 5719 nodes (701416 simplex iterations) in 5.13 seconds (11.14 work units)
Thread count was 16 (of 16 available processors)

Solution count 4: 117 102 72 42 

Optimal solution found (tolerance 1.00e-04)
Best objective 1.170000000000e+02, best bound 1.170000000000e+02, gap 0.0000%

Wrote result file '/root/bgw/data/results/2026_03_24_10_23_02_set_big_5-7_big_5-7_s007_g002_max.sol'

