[2026-03-23T13:36:51.102Z] Pipeline "set_exp_2_exp_2_n023_c004_g002" → 2026_03_23_13_36_50_set_exp_2_exp_2_n023_c004_g002_max.sol
Set parameter WLSAccessID
Set parameter WLSSecret
Set parameter LicenseID to value 2792458
Set parameter LogFile to value "gurobi.log"
Using license file /root/gurobi.lic
Academic license 2792458 - for non-commercial use only - registered to an___@studenti.unipg.it

Gurobi Optimizer version 13.0.1 build v13.0.1rc0 (linux64 - "Ubuntu 24.04.4 LTS")
Copyright (c) 2026, Gurobi Optimization, LLC

Warning: Duplicate section found (read 'binary') - Is a variable name equal to an LP file format keyword?
Warning: Duplicate section found (read 'binary') - Is a variable name equal to an LP file format keyword?
Warning: Duplicate section found (read 'binary') - Is a variable name equal to an LP file format keyword?
Warning: Duplicate section found (read 'binary') - Is a variable name equal to an LP file format keyword?
Warning: Duplicate section found (read 'binary') - Is a variable name equal to an LP file format keyword?
Warning: Duplicate section found (read 'binary') - Is a variable name equal to an LP file format keyword?
Warning: Duplicate section found (read 'binary') - Is a variable name equal to an LP file format keyword?
Warning: Duplicate section found (read 'binary') - Is a variable name equal to an LP file format keyword?
Warning: Duplicate section found (read 'binary') - Is a variable name equal to an LP file format keyword?
Warning: Duplicate section found (read 'binary') - Is a variable name equal to an LP file format keyword?
Warning: Further warnings of this type will be omitted.
Read LP format model from file /root/bgw/data/uploads/2026_03_23_13_36_50_set_exp_2_exp_2_n023_c004_g002_max.lp
Reading time = 0.00 seconds
: 4041 rows, 381 columns, 12115 nonzeros

Using Gurobi shared library /opt/gurobi1301/linux64/lib/libgurobi.so.13.0.1

CPU model: AMD EPYC-Genoa Processor, instruction set [SSE2|AVX|AVX2|AVX512]
Thread count: 16 physical cores, 16 logical processors, using up to 16 threads

Academic license 2792458 - for non-commercial use only - registered to an___@studenti.unipg.it
Optimize a model with 4041 rows, 381 columns and 12115 nonzeros (Max)
Model fingerprint: 0x9c6a4c3f
Model has 4 linear objective coefficients
Variable types: 27 continuous, 354 integer (354 binary)
Coefficient statistics:
  Matrix range     [1e+00, 2e+01]
  Objective range  [1e+00, 1e+00]
  Bounds range     [1e+00, 1e+00]
  RHS range        [1e+00, 3e+01]

Found heuristic solution: objective 4.0000000
Presolve removed 465 rows and 106 columns
Presolve time: 0.02s
Presolved: 3576 rows, 275 columns, 10928 nonzeros
Variable types: 0 continuous, 275 integer (265 binary)
Found heuristic solution: objective 7.0000000

Root relaxation: objective 1.600000e+01, 230 iterations, 0.01 seconds (0.01 work units)

    Nodes    |    Current Node    |     Objective Bounds      |     Work
 Expl Unexpl |  Obj  Depth IntInf | Incumbent    BestBd   Gap | It/Node Time

     0     0   16.00000    0   26    7.00000   16.00000   129%     -    0s
H    0     0                       9.0000000   16.00000  77.8%     -    0s
H    0     0                      11.0000000   16.00000  45.5%     -    0s
H    0     0                      12.0000000   16.00000  33.3%     -    0s
     0     0   16.00000    0   31   12.00000   16.00000  33.3%     -    0s
     0     0   16.00000    0   43   12.00000   16.00000  33.3%     -    0s
     0     0   16.00000    0   28   12.00000   16.00000  33.3%     -    0s
     0     0   16.00000    0   28   12.00000   16.00000  33.3%     -    0s
     0     0   16.00000    0   27   12.00000   16.00000  33.3%     -    0s
     0     0   16.00000    0   31   12.00000   16.00000  33.3%     -    0s
     0     0   16.00000    0   26   12.00000   16.00000  33.3%     -    0s
     0     0   16.00000    0   27   12.00000   16.00000  33.3%     -    0s
     0     0   16.00000    0   27   12.00000   16.00000  33.3%     -    0s
     0     0   16.00000    0   28   12.00000   16.00000  33.3%     -    0s
     0     0   16.00000    0   35   12.00000   16.00000  33.3%     -    0s
     0     0   16.00000    0   26   12.00000   16.00000  33.3%     -    0s
     0     0   15.97619    0   26   12.00000   15.97619  33.1%     -    0s
     0     0   15.97619    0   26   12.00000   15.97619  33.1%     -    0s
     0     2   15.00000    0   26   12.00000   15.00000  25.0%     -    0s

Cutting planes:
  Cover: 4
  Inf proof: 11

Explored 807 nodes (58821 simplex iterations) in 0.86 seconds (1.02 work units)
Thread count was 16 (of 16 available processors)

Solution count 5: 12 11 9 ... 4

Optimal solution found (tolerance 1.00e-04)
Best objective 1.200000000000e+01, best bound 1.200000000000e+01, gap 0.0000%

Wrote result file '/root/bgw/data/results/2026_03_23_13_36_50_set_exp_2_exp_2_n023_c004_g002_max.sol'

