[2026-03-23T15:58:18.083Z] Pipeline "set_exp_3_exp_3_n015_c004_g005" → 2026_03_23_15_58_17_set_exp_3_exp_3_n015_c004_g005_max.sol
Set parameter WLSAccessID
Set parameter WLSSecret
Set parameter LicenseID to value 2792458
Set parameter LogFile to value "gurobi.log"
Using license file /root/gurobi.lic
Academic license 2792458 - for non-commercial use only - registered to an___@studenti.unipg.it

Gurobi Optimizer version 13.0.1 build v13.0.1rc0 (linux64 - "Ubuntu 24.04.4 LTS")
Copyright (c) 2026, Gurobi Optimization, LLC

Warning: Duplicate section found (read 'binary') - Is a variable name equal to an LP file format keyword?
Warning: Duplicate section found (read 'binary') - Is a variable name equal to an LP file format keyword?
Warning: Duplicate section found (read 'binary') - Is a variable name equal to an LP file format keyword?
Warning: Duplicate section found (read 'binary') - Is a variable name equal to an LP file format keyword?
Warning: Duplicate section found (read 'binary') - Is a variable name equal to an LP file format keyword?
Warning: Duplicate section found (read 'binary') - Is a variable name equal to an LP file format keyword?
Warning: Duplicate section found (read 'binary') - Is a variable name equal to an LP file format keyword?
Warning: Duplicate section found (read 'binary') - Is a variable name equal to an LP file format keyword?
Warning: Duplicate section found (read 'binary') - Is a variable name equal to an LP file format keyword?
Warning: Duplicate section found (read 'binary') - Is a variable name equal to an LP file format keyword?
Warning: Further warnings of this type will be omitted.
Read LP format model from file /root/bgw/data/uploads/2026_03_23_15_58_17_set_exp_3_exp_3_n015_c004_g005_max.lp
Reading time = 0.00 seconds
: 1125 rows, 165 columns, 3363 nonzeros

Using Gurobi shared library /opt/gurobi1301/linux64/lib/libgurobi.so.13.0.1

CPU model: AMD EPYC-Genoa Processor, instruction set [SSE2|AVX|AVX2|AVX512]
Thread count: 16 physical cores, 16 logical processors, using up to 16 threads

Academic license 2792458 - for non-commercial use only - registered to an___@studenti.unipg.it
Optimize a model with 1125 rows, 165 columns and 3363 nonzeros (Max)
Model fingerprint: 0xa291247c
Model has 4 linear objective coefficients
Variable types: 19 continuous, 146 integer (146 binary)
Coefficient statistics:
  Matrix range     [1e+00, 2e+01]
  Objective range  [1e+00, 1e+00]
  Bounds range     [1e+00, 1e+00]
  RHS range        [1e+00, 2e+01]

Found heuristic solution: objective 4.0000000
Presolve removed 188 rows and 43 columns
Presolve time: 0.00s
Presolved: 937 rows, 122 columns, 2895 nonzeros
Variable types: 0 continuous, 122 integer (115 binary)
Found heuristic solution: objective 5.0000000

Root relaxation: objective 1.600000e+01, 102 iterations, 0.00 seconds (0.00 work units)

    Nodes    |    Current Node    |     Objective Bounds      |     Work
 Expl Unexpl |  Obj  Depth IntInf | Incumbent    BestBd   Gap | It/Node Time

     0     0   16.00000    0   21    5.00000   16.00000   220%     -    0s
H    0     0                       8.0000000   16.00000   100%     -    0s
H    0     0                      10.0000000   16.00000  60.0%     -    0s
H    0     0                      12.0000000   16.00000  33.3%     -    0s
     0     0   16.00000    0   20   12.00000   16.00000  33.3%     -    0s
     0     0   16.00000    0   19   12.00000   16.00000  33.3%     -    0s
     0     0   16.00000    0   33   12.00000   16.00000  33.3%     -    0s
     0     0   16.00000    0   24   12.00000   16.00000  33.3%     -    0s
     0     0   16.00000    0   26   12.00000   16.00000  33.3%     -    0s
     0     0   16.00000    0   22   12.00000   16.00000  33.3%     -    0s
     0     0   16.00000    0   21   12.00000   16.00000  33.3%     -    0s
     0     0   16.00000    0   21   12.00000   16.00000  33.3%     -    0s
     0     0   16.00000    0   22   12.00000   16.00000  33.3%     -    0s
     0     0   16.00000    0   22   12.00000   16.00000  33.3%     -    0s
     0     0   15.69231    0   22   12.00000   15.69231  30.8%     -    0s
     0     0   15.69231    0   22   12.00000   15.69231  30.8%     -    0s
     0     0   15.00000    0   22   12.00000   15.00000  25.0%     -    0s
     0     0   15.00000    0   22   12.00000   15.00000  25.0%     -    0s
     0     2   15.00000    0   22   12.00000   15.00000  25.0%     -    0s

Cutting planes:
  Cover: 1
  Inf proof: 2
  Zero half: 2
  Mod-K: 1

Explored 265 nodes (8633 simplex iterations) in 0.25 seconds (0.15 work units)
Thread count was 16 (of 16 available processors)

Solution count 5: 12 10 8 ... 4

Optimal solution found (tolerance 1.00e-04)
Best objective 1.200000000000e+01, best bound 1.200000000000e+01, gap 0.0000%

Wrote result file '/root/bgw/data/results/2026_03_23_15_58_17_set_exp_3_exp_3_n015_c004_g005_max.sol'

