[2026-03-24T16:43:42.955Z] Pipeline "set_vm-3-t3_vm-3-t3_s007_g002" → 2026_03_24_16_43_42_set_vm-3-t3_vm-3-t3_s007_g002_max.sol
Set parameter Username
Set parameter LicenseID to value 2796068
Set parameter LogFile to value "gurobi.log"
Using license file /opt/gurobi/gurobi.lic
Academic license - for non-commercial use only - expires 2027-03-23

Gurobi Optimizer version 13.0.1 build v13.0.1rc0 (linux64 - "Ubuntu 24.04.4 LTS")
Copyright (c) 2026, Gurobi Optimization, LLC

Warning: Duplicate section found (read 'binary') - Is a variable name equal to an LP file format keyword?
Warning: Duplicate section found (read 'binary') - Is a variable name equal to an LP file format keyword?
Warning: Duplicate section found (read 'binary') - Is a variable name equal to an LP file format keyword?
Warning: Duplicate section found (read 'binary') - Is a variable name equal to an LP file format keyword?
Warning: Duplicate section found (read 'binary') - Is a variable name equal to an LP file format keyword?
Warning: Duplicate section found (read 'binary') - Is a variable name equal to an LP file format keyword?
Warning: Duplicate section found (read 'binary') - Is a variable name equal to an LP file format keyword?
Warning: Duplicate section found (read 'binary') - Is a variable name equal to an LP file format keyword?
Warning: Duplicate section found (read 'binary') - Is a variable name equal to an LP file format keyword?
Warning: Duplicate section found (read 'binary') - Is a variable name equal to an LP file format keyword?
Warning: Further warnings of this type will be omitted.
Read LP format model from file /root/bgw/data/uploads/2026_03_24_16_43_42_set_vm-3-t3_vm-3-t3_s007_g002_max.lp
Reading time = 0.00 seconds
: 1800 rows, 241 columns, 5400 nonzeros

Using Gurobi shared library /opt/gurobi1301/linux64/lib/libgurobi.so.13.0.1

CPU model: AMD EPYC-Genoa Processor, instruction set [SSE2|AVX|AVX2|AVX512]
Thread count: 16 physical cores, 16 logical processors, using up to 16 threads

Optimize a model with 1800 rows, 241 columns and 5400 nonzeros (Max)
Model fingerprint: 0xe10b8cc6
Model has 43 linear objective coefficients
Variable types: 60 continuous, 181 integer (181 binary)
Coefficient statistics:
  Matrix range     [1e+00, 2e+01]
  Objective range  [1e+00, 1e+00]
  Bounds range     [1e+00, 1e+00]
  RHS range        [1e+00, 2e+01]

Found heuristic solution: objective 43.0000000
Presolve removed 399 rows and 81 columns
Presolve time: 0.01s
Presolved: 1401 rows, 160 columns, 4301 nonzeros
Variable types: 0 continuous, 160 integer (153 binary)
Found heuristic solution: objective 73.0000000

Root relaxation: objective 2.710000e+02, 128 iterations, 0.01 seconds (0.00 work units)

    Nodes    |    Current Node    |     Objective Bounds      |     Work
 Expl Unexpl |  Obj  Depth IntInf | Incumbent    BestBd   Gap | It/Node Time

     0     0  271.00000    0   32   73.00000  271.00000   271%     -    0s
H    0     0                      88.0000000  271.00000   208%     -    0s
H    0     0                      89.0000000  271.00000   204%     -    0s
H    0     0                     105.0000000  271.00000   158%     -    0s
     0     0  271.00000    0   29  105.00000  271.00000   158%     -    0s
H    0     0                     119.0000000  271.00000   128%     -    0s
     0     0  271.00000    0   29  119.00000  271.00000   128%     -    0s
     0     0  271.00000    0   25  119.00000  271.00000   128%     -    0s
     0     0  271.00000    0   25  119.00000  271.00000   128%     -    0s
     0     0  271.00000    0   25  119.00000  271.00000   128%     -    0s
     0     0  271.00000    0   24  119.00000  271.00000   128%     -    0s
     0     0  271.00000    0   24  119.00000  271.00000   128%     -    0s
     0     0  271.00000    0   27  119.00000  271.00000   128%     -    0s
     0     0  271.00000    0   27  119.00000  271.00000   128%     -    0s
     0     0  271.00000    0   26  119.00000  271.00000   128%     -    0s
     0     0  271.00000    0   28  119.00000  271.00000   128%     -    0s
     0     0  271.00000    0   26  119.00000  271.00000   128%     -    0s
     0     0  270.00000    0   27  119.00000  270.00000   127%     -    0s
     0     0  270.00000    0   27  119.00000  270.00000   127%     -    0s
     0     0  269.00000    0   27  119.00000  269.00000   126%     -    0s
     0     0  269.00000    0   27  119.00000  269.00000   126%     -    0s
     0     0  269.00000    0   27  119.00000  269.00000   126%     -    0s
     0     0  269.00000    0   27  119.00000  269.00000   126%     -    0s
     0     2  269.00000    0   26  119.00000  269.00000   126%     -    0s
H  100    96                     120.0000000  269.00000   124%  33.0    0s

Cutting planes:
  Cover: 109
  MIR: 3
  StrongCG: 1
  Inf proof: 132
  Zero half: 2

Explored 13385 nodes (606746 simplex iterations) in 1.90 seconds (2.95 work units)
Thread count was 16 (of 16 available processors)

Solution count 7: 120 119 105 ... 43

Optimal solution found (tolerance 1.00e-04)
Best objective 1.200000000000e+02, best bound 1.200000000000e+02, gap 0.0000%

Wrote result file '/root/bgw/data/results/2026_03_24_16_43_42_set_vm-3-t3_vm-3-t3_s007_g002_max.sol'

