[2026-03-23T13:35:51.648Z] Pipeline "set_exp_2_exp_2_n014_c002_g005" → 2026_03_23_13_35_51_set_exp_2_exp_2_n014_c002_g005_max.sol
Set parameter WLSAccessID
Set parameter WLSSecret
Set parameter LicenseID to value 2792458
Set parameter LogFile to value "gurobi.log"
Using license file /root/gurobi.lic
Academic license 2792458 - for non-commercial use only - registered to an___@studenti.unipg.it

Gurobi Optimizer version 13.0.1 build v13.0.1rc0 (linux64 - "Ubuntu 24.04.4 LTS")
Copyright (c) 2026, Gurobi Optimization, LLC

Warning: Duplicate section found (read 'binary') - Is a variable name equal to an LP file format keyword?
Warning: Duplicate section found (read 'binary') - Is a variable name equal to an LP file format keyword?
Warning: Duplicate section found (read 'binary') - Is a variable name equal to an LP file format keyword?
Warning: Duplicate section found (read 'binary') - Is a variable name equal to an LP file format keyword?
Warning: Duplicate section found (read 'binary') - Is a variable name equal to an LP file format keyword?
Warning: Duplicate section found (read 'binary') - Is a variable name equal to an LP file format keyword?
Warning: Duplicate section found (read 'binary') - Is a variable name equal to an LP file format keyword?
Warning: Duplicate section found (read 'binary') - Is a variable name equal to an LP file format keyword?
Warning: Duplicate section found (read 'binary') - Is a variable name equal to an LP file format keyword?
Warning: Duplicate section found (read 'binary') - Is a variable name equal to an LP file format keyword?
Warning: Further warnings of this type will be omitted.
Read LP format model from file /root/bgw/data/uploads/2026_03_23_13_35_51_set_exp_2_exp_2_n014_c002_g005_max.lp
Reading time = 0.00 seconds
: 960 rows, 149 columns, 2820 nonzeros

Using Gurobi shared library /opt/gurobi1301/linux64/lib/libgurobi.so.13.0.1

CPU model: AMD EPYC-Genoa Processor, instruction set [SSE2|AVX|AVX2|AVX512]
Thread count: 16 physical cores, 16 logical processors, using up to 16 threads

Academic license 2792458 - for non-commercial use only - registered to an___@studenti.unipg.it
Optimize a model with 960 rows, 149 columns and 2820 nonzeros (Max)
Model fingerprint: 0x15ec4112
Model has 2 linear objective coefficients
Variable types: 16 continuous, 133 integer (133 binary)
Coefficient statistics:
  Matrix range     [1e+00, 2e+01]
  Objective range  [1e+00, 1e+00]
  Bounds range     [1e+00, 1e+00]
  RHS range        [1e+00, 2e+01]

Found heuristic solution: objective 2.0000000
Presolve removed 214 rows and 46 columns
Presolve time: 0.00s
Presolved: 746 rows, 103 columns, 2304 nonzeros
Variable types: 0 continuous, 103 integer (97 binary)
Found heuristic solution: objective 3.0000000

Root relaxation: objective 8.000000e+00, 39 iterations, 0.00 seconds (0.00 work units)

    Nodes    |    Current Node    |     Objective Bounds      |     Work
 Expl Unexpl |  Obj  Depth IntInf | Incumbent    BestBd   Gap | It/Node Time

     0     0    8.00000    0   11    3.00000    8.00000   167%     -    0s
H    0     0                       6.0000000    8.00000  33.3%     -    0s
     0     0    8.00000    0   12    6.00000    8.00000  33.3%     -    0s
     0     0    8.00000    0    9    6.00000    8.00000  33.3%     -    0s
     0     0    7.91667    0   11    6.00000    7.91667  31.9%     -    0s
     0     0    7.00000    0    9    6.00000    7.00000  16.7%     -    0s
     0     0    7.00000    0   11    6.00000    7.00000  16.7%     -    0s
     0     0    7.00000    0   11    6.00000    7.00000  16.7%     -    0s

Cutting planes:
  Gomory: 2
  Cover: 3
  MIR: 2
  Zero half: 1
  Mod-K: 1

Explored 1 nodes (165 simplex iterations) in 0.06 seconds (0.02 work units)
Thread count was 16 (of 16 available processors)

Solution count 3: 6 3 2 

Optimal solution found (tolerance 1.00e-04)
Best objective 6.000000000000e+00, best bound 6.000000000000e+00, gap 0.0000%

Wrote result file '/root/bgw/data/results/2026_03_23_13_35_51_set_exp_2_exp_2_n014_c002_g005_max.sol'

