[2026-03-24T09:28:11.705Z] Pipeline "set_big_5_8_big_5_8_s002_g002" → 2026_03_24_09_28_11_set_big_5_8_big_5_8_s002_g002_max.sol
Set parameter WLSAccessID
Set parameter WLSSecret
Set parameter LicenseID to value 2792458
Set parameter LogFile to value "gurobi.log"
Using license file /root/gurobi.lic
Academic license 2792458 - for non-commercial use only - registered to an___@studenti.unipg.it

Gurobi Optimizer version 13.0.1 build v13.0.1rc0 (linux64 - "Ubuntu 24.04.4 LTS")
Copyright (c) 2026, Gurobi Optimization, LLC

Warning: Duplicate section found (read 'binary') - Is a variable name equal to an LP file format keyword?
Warning: Duplicate section found (read 'binary') - Is a variable name equal to an LP file format keyword?
Warning: Duplicate section found (read 'binary') - Is a variable name equal to an LP file format keyword?
Warning: Duplicate section found (read 'binary') - Is a variable name equal to an LP file format keyword?
Warning: Duplicate section found (read 'binary') - Is a variable name equal to an LP file format keyword?
Warning: Duplicate section found (read 'binary') - Is a variable name equal to an LP file format keyword?
Warning: Duplicate section found (read 'binary') - Is a variable name equal to an LP file format keyword?
Warning: Duplicate section found (read 'binary') - Is a variable name equal to an LP file format keyword?
Warning: Duplicate section found (read 'binary') - Is a variable name equal to an LP file format keyword?
Warning: Duplicate section found (read 'binary') - Is a variable name equal to an LP file format keyword?
Warning: Further warnings of this type will be omitted.
Read LP format model from file /root/bgw/data/uploads/2026_03_24_09_28_11_set_big_5_8_big_5_8_s002_g002_max.lp
Reading time = 0.01 seconds
: 4703 rows, 428 columns, 14221 nonzeros

Using Gurobi shared library /opt/gurobi1301/linux64/lib/libgurobi.so.13.0.1

CPU model: AMD EPYC-Genoa Processor, instruction set [SSE2|AVX|AVX2|AVX512]
Thread count: 16 physical cores, 16 logical processors, using up to 16 threads

Academic license 2792458 - for non-commercial use only - registered to an___@studenti.unipg.it
Optimize a model with 4703 rows, 428 columns and 14221 nonzeros (Max)
Model fingerprint: 0x1a46139b
Model has 59 linear objective coefficients
Variable types: 83 continuous, 345 integer (345 binary)
Coefficient statistics:
  Matrix range     [1e+00, 2e+01]
  Objective range  [1e+00, 1e+00]
  Bounds range     [1e+00, 1e+00]
  RHS range        [1e+00, 3e+01]

Found heuristic solution: objective 59.0000000
Presolve removed 593 rows and 116 columns
Presolve time: 0.03s
Presolved: 4110 rows, 312 columns, 12540 nonzeros
Variable types: 0 continuous, 312 integer (302 binary)
Found heuristic solution: objective 96.0000000

Root relaxation: objective 3.570000e+02, 464 iterations, 0.02 seconds (0.03 work units)

    Nodes    |    Current Node    |     Objective Bounds      |     Work
 Expl Unexpl |  Obj  Depth IntInf | Incumbent    BestBd   Gap | It/Node Time

     0     0  357.00000    0   50   96.00000  357.00000   272%     -    0s
H    0     0                     111.0000000  357.00000   222%     -    0s
H    0     0                     119.0000000  357.00000   200%     -    0s
H    0     0                     141.0000000  357.00000   153%     -    0s
     0     0  357.00000    0   61  141.00000  357.00000   153%     -    0s
H    0     0                     148.0000000  357.00000   141%     -    0s
H    0     0                     155.0000000  342.00000   121%     -    0s
     0     0  342.00000    0   48  155.00000  342.00000   121%     -    0s
     0     0  342.00000    0   48  155.00000  342.00000   121%     -    0s
     0     0  342.00000    0   48  155.00000  342.00000   121%     -    0s
     0     0  342.00000    0   48  155.00000  342.00000   121%     -    0s
H    0     0                     156.0000000  342.00000   119%     -    0s
     0     0  342.00000    0   48  156.00000  342.00000   119%     -    0s
     0     0  342.00000    0   46  156.00000  342.00000   119%     -    0s
     0     0  342.00000    0   46  156.00000  342.00000   119%     -    0s
H    0     0                     164.0000000  342.00000   109%     -    0s
     0     0  342.00000    0   46  164.00000  342.00000   109%     -    0s
     0     0  342.00000    0   50  164.00000  342.00000   109%     -    0s
     0     0  342.00000    0   50  164.00000  342.00000   109%     -    0s
     0     0  341.31818    0   50  164.00000  341.31818   108%     -    0s
     0     0  341.31818    0   50  164.00000  341.31818   108%     -    0s
     0     2  341.31818    0   49  164.00000  341.31818   108%     -    0s
  5660  1884  214.27273   28   86  164.00000  328.59091   100%   103    5s
 20866  4800  250.90909   36   58  164.00000  250.90909  53.0%  76.9   10s
 34418  6042  229.75455   49   42  164.00000  250.90909  53.0%  83.4   15s
 52098 12043 infeasible   54       164.00000  250.90909  53.0%  84.1   20s
 72403 17648  175.36364   54   10  164.00000  237.00000  44.5%  82.1   25s
 94008 22352  177.04545   56    2  164.00000  223.12338  36.1%  79.6   30s
 116624 26223  175.56061   48   75  164.00000  212.31818  29.5%  77.5   35s
 140603 30066  176.27273   50  109  164.00000  204.41775  24.6%  75.3   40s
 165391 32203  181.04545   55   21  164.00000  196.94156  20.1%  73.2   45s
 194467 35328  190.00000   52   23  164.00000  190.64935  16.2%  70.8   50s
 227093 35474 infeasible   56       164.00000  185.00000  12.8%  67.3   55s
 257777 35104  180.00000   52   68  164.00000  182.28571  11.1%  65.3   60s
 289143 30808  169.76136   56   16  164.00000  177.00000  7.93%  63.2   65s
 315648 25126     cutoff   55       164.00000  175.36364  6.93%  62.8   70s
 350783  8159  167.96212   51   90  164.00000  168.68182  2.85%  60.2   75s

Explored 364562 nodes (21449205 simplex iterations) in 76.23 seconds (210.51 work units)
Thread count was 16 (of 16 available processors)

Solution count 10: 164 164 164 ... 111

Optimal solution found (tolerance 1.00e-04)
Best objective 1.640000000000e+02, best bound 1.640000000000e+02, gap 0.0000%

Wrote result file '/root/bgw/data/results/2026_03_24_09_28_11_set_big_5_8_big_5_8_s002_g002_max.sol'

