[2026-03-24T16:32:11.298Z] Pipeline "set_vm-3-t2_vm-3-t2_s002_g002" → 2026_03_24_16_32_11_set_vm-3-t2_vm-3-t2_s002_g002_max.sol
Set parameter Username
Set parameter LicenseID to value 2796068
Set parameter LogFile to value "gurobi.log"
Using license file /opt/gurobi/gurobi.lic
Academic license - for non-commercial use only - expires 2027-03-23

Gurobi Optimizer version 13.0.1 build v13.0.1rc0 (linux64 - "Ubuntu 24.04.4 LTS")
Copyright (c) 2026, Gurobi Optimization, LLC

Warning: Duplicate section found (read 'binary') - Is a variable name equal to an LP file format keyword?
Warning: Duplicate section found (read 'binary') - Is a variable name equal to an LP file format keyword?
Warning: Duplicate section found (read 'binary') - Is a variable name equal to an LP file format keyword?
Warning: Duplicate section found (read 'binary') - Is a variable name equal to an LP file format keyword?
Warning: Duplicate section found (read 'binary') - Is a variable name equal to an LP file format keyword?
Warning: Duplicate section found (read 'binary') - Is a variable name equal to an LP file format keyword?
Warning: Duplicate section found (read 'binary') - Is a variable name equal to an LP file format keyword?
Warning: Duplicate section found (read 'binary') - Is a variable name equal to an LP file format keyword?
Warning: Duplicate section found (read 'binary') - Is a variable name equal to an LP file format keyword?
Warning: Duplicate section found (read 'binary') - Is a variable name equal to an LP file format keyword?
Warning: Further warnings of this type will be omitted.
Read LP format model from file /root/bgw/data/uploads/2026_03_24_16_32_11_set_vm-3-t2_vm-3-t2_s002_g002_max.lp
Reading time = 0.00 seconds
: 628 rows, 114 columns, 1870 nonzeros

Using Gurobi shared library /opt/gurobi1301/linux64/lib/libgurobi.so.13.0.1

CPU model: AMD EPYC-Genoa Processor, instruction set [SSE2|AVX|AVX2|AVX512]
Thread count: 16 physical cores, 16 logical processors, using up to 16 threads

Optimize a model with 628 rows, 114 columns and 1870 nonzeros (Max)
Model fingerprint: 0xe3470d64
Model has 16 linear objective coefficients
Variable types: 28 continuous, 86 integer (86 binary)
Coefficient statistics:
  Matrix range     [1e+00, 1e+01]
  Objective range  [1e+00, 1e+00]
  Bounds range     [1e+00, 1e+00]
  RHS range        [1e+00, 1e+01]

Found heuristic solution: objective 16.0000000
Presolve removed 163 rows and 33 columns
Presolve time: 0.00s
Presolved: 465 rows, 81 columns, 1440 nonzeros
Variable types: 0 continuous, 81 integer (76 binary)
Found heuristic solution: objective 30.0000000

Root relaxation: objective 8.600000e+01, 66 iterations, 0.00 seconds (0.00 work units)

    Nodes    |    Current Node    |     Objective Bounds      |     Work
 Expl Unexpl |  Obj  Depth IntInf | Incumbent    BestBd   Gap | It/Node Time

     0     0   86.00000    0   20   30.00000   86.00000   187%     -    0s
H    0     0                      37.0000000   86.00000   132%     -    0s
H    0     0                      44.0000000   86.00000  95.5%     -    0s
     0     0   86.00000    0   18   44.00000   86.00000  95.5%     -    0s
     0     0   79.00000    0   20   44.00000   79.00000  79.5%     -    0s
     0     0   79.00000    0   14   44.00000   79.00000  79.5%     -    0s
     0     0   79.00000    0   14   44.00000   79.00000  79.5%     -    0s
     0     0   79.00000    0   13   44.00000   79.00000  79.5%     -    0s
     0     0   79.00000    0   13   44.00000   79.00000  79.5%     -    0s
     0     0   79.00000    0   13   44.00000   79.00000  79.5%     -    0s
     0     0   79.00000    0   13   44.00000   79.00000  79.5%     -    0s
     0     0   79.00000    0   13   44.00000   79.00000  79.5%     -    0s
     0     0   77.60000    0   13   44.00000   77.60000  76.4%     -    0s
     0     0   77.60000    0   13   44.00000   77.60000  76.4%     -    0s
     0     0   76.90000    0   14   44.00000   76.90000  74.8%     -    0s
     0     0   76.90000    0   13   44.00000   76.90000  74.8%     -    0s
     0     0   76.90000    0   13   44.00000   76.90000  74.8%     -    0s
     0     0   76.90000    0   13   44.00000   76.90000  74.8%     -    0s
     0     2   76.90000    0   13   44.00000   76.90000  74.8%     -    0s

Cutting planes:
  Gomory: 2
  MIR: 1
  Inf proof: 6
  Zero half: 4

Explored 543 nodes (7408 simplex iterations) in 0.12 seconds (0.08 work units)
Thread count was 16 (of 16 available processors)

Solution count 4: 44 37 30 16 

Optimal solution found (tolerance 1.00e-04)
Best objective 4.400000000000e+01, best bound 4.400000000000e+01, gap 0.0000%

Wrote result file '/root/bgw/data/results/2026_03_24_16_32_11_set_vm-3-t2_vm-3-t2_s002_g002_max.sol'

