[2026-03-23T15:59:09.907Z] Pipeline "set_exp_3_exp_3_n018_c004_g001" → 2026_03_23_15_59_09_set_exp_3_exp_3_n018_c004_g001_max.sol
Set parameter WLSAccessID
Set parameter WLSSecret
Set parameter LicenseID to value 2792458
Set parameter LogFile to value "gurobi.log"
Using license file /root/gurobi.lic
Academic license 2792458 - for non-commercial use only - registered to an___@studenti.unipg.it

Gurobi Optimizer version 13.0.1 build v13.0.1rc0 (linux64 - "Ubuntu 24.04.4 LTS")
Copyright (c) 2026, Gurobi Optimization, LLC

Warning: Duplicate section found (read 'binary') - Is a variable name equal to an LP file format keyword?
Warning: Duplicate section found (read 'binary') - Is a variable name equal to an LP file format keyword?
Warning: Duplicate section found (read 'binary') - Is a variable name equal to an LP file format keyword?
Warning: Duplicate section found (read 'binary') - Is a variable name equal to an LP file format keyword?
Warning: Duplicate section found (read 'binary') - Is a variable name equal to an LP file format keyword?
Warning: Duplicate section found (read 'binary') - Is a variable name equal to an LP file format keyword?
Warning: Duplicate section found (read 'binary') - Is a variable name equal to an LP file format keyword?
Warning: Duplicate section found (read 'binary') - Is a variable name equal to an LP file format keyword?
Warning: Duplicate section found (read 'binary') - Is a variable name equal to an LP file format keyword?
Warning: Duplicate section found (read 'binary') - Is a variable name equal to an LP file format keyword?
Warning: Further warnings of this type will be omitted.
Read LP format model from file /root/bgw/data/uploads/2026_03_23_15_59_09_set_exp_3_exp_3_n018_c004_g001_max.lp
Reading time = 0.00 seconds
: 2026 rows, 241 columns, 5980 nonzeros

Using Gurobi shared library /opt/gurobi1301/linux64/lib/libgurobi.so.13.0.1

CPU model: AMD EPYC-Genoa Processor, instruction set [SSE2|AVX|AVX2|AVX512]
Thread count: 16 physical cores, 16 logical processors, using up to 16 threads

Academic license 2792458 - for non-commercial use only - registered to an___@studenti.unipg.it
Optimize a model with 2026 rows, 241 columns and 5980 nonzeros (Max)
Model fingerprint: 0x50fa39c9
Model has 4 linear objective coefficients
Variable types: 22 continuous, 219 integer (219 binary)
Coefficient statistics:
  Matrix range     [1e+00, 2e+01]
  Objective range  [1e+00, 1e+00]
  Bounds range     [1e+00, 1e+00]
  RHS range        [1e+00, 2e+01]

Found heuristic solution: objective 4.0000000
Presolve removed 366 rows and 70 columns
Presolve time: 0.01s
Presolved: 1660 rows, 171 columns, 5100 nonzeros
Variable types: 0 continuous, 171 integer (163 binary)
Found heuristic solution: objective 8.0000000

Root relaxation: objective 1.600000e+01, 80 iterations, 0.00 seconds (0.00 work units)

    Nodes    |    Current Node    |     Objective Bounds      |     Work
 Expl Unexpl |  Obj  Depth IntInf | Incumbent    BestBd   Gap | It/Node Time

     0     0   16.00000    0   18    8.00000   16.00000   100%     -    0s
H    0     0                      10.0000000   16.00000  60.0%     -    0s
H    0     0                      11.0000000   16.00000  45.5%     -    0s
     0     0   16.00000    0   17   11.00000   16.00000  45.5%     -    0s
H    0     0                      12.0000000   16.00000  33.3%     -    0s
     0     0   16.00000    0   19   12.00000   16.00000  33.3%     -    0s
     0     0   16.00000    0   18   12.00000   16.00000  33.3%     -    0s
     0     0   16.00000    0   18   12.00000   16.00000  33.3%     -    0s
     0     0   16.00000    0   17   12.00000   16.00000  33.3%     -    0s
     0     0   15.91667    0   21   12.00000   15.91667  32.6%     -    0s
     0     0   15.78125    0   13   12.00000   15.78125  31.5%     -    0s
     0     0   15.78125    0   13   12.00000   15.78125  31.5%     -    0s
     0     0   15.00000    0   21   12.00000   15.00000  25.0%     -    0s
     0     0   15.00000    0   20   12.00000   15.00000  25.0%     -    0s
     0     0   14.00000    0   20   12.00000   14.00000  16.7%     -    0s
     0     0   14.00000    0   20   12.00000   14.00000  16.7%     -    0s
     0     0   14.00000    0   17   12.00000   14.00000  16.7%     -    0s
     0     0   14.00000    0   17   12.00000   14.00000  16.7%     -    0s
     0     0   14.00000    0   17   12.00000   14.00000  16.7%     -    0s
     0     0   14.00000    0   17   12.00000   14.00000  16.7%     -    0s
     0     0   14.00000    0   17   12.00000   14.00000  16.7%     -    0s
     0     0   14.00000    0   17   12.00000   14.00000  16.7%     -    0s
     0     2   14.00000    0   16   12.00000   14.00000  16.7%     -    0s

Cutting planes:
  Gomory: 3
  Cover: 2
  MIR: 4
  Zero half: 3

Explored 543 nodes (20957 simplex iterations) in 0.40 seconds (0.29 work units)
Thread count was 16 (of 16 available processors)

Solution count 5: 12 11 10 ... 4

Optimal solution found (tolerance 1.00e-04)
Best objective 1.200000000000e+01, best bound 1.200000000000e+01, gap 0.0000%

Wrote result file '/root/bgw/data/results/2026_03_23_15_59_09_set_exp_3_exp_3_n018_c004_g001_max.sol'

