[2026-03-24T16:34:57.189Z] Pipeline "set_vm-3-t3_vm-3-t3_s006_g001" → 2026_03_24_16_34_57_set_vm-3-t3_vm-3-t3_s006_g001_max.sol
Set parameter Username
Set parameter LicenseID to value 2796068
Set parameter LogFile to value "gurobi.log"
Using license file /opt/gurobi/gurobi.lic
Academic license - for non-commercial use only - expires 2027-03-23

Gurobi Optimizer version 13.0.1 build v13.0.1rc0 (linux64 - "Ubuntu 24.04.4 LTS")
Copyright (c) 2026, Gurobi Optimization, LLC

Warning: Duplicate section found (read 'binary') - Is a variable name equal to an LP file format keyword?
Warning: Duplicate section found (read 'binary') - Is a variable name equal to an LP file format keyword?
Warning: Duplicate section found (read 'binary') - Is a variable name equal to an LP file format keyword?
Warning: Duplicate section found (read 'binary') - Is a variable name equal to an LP file format keyword?
Warning: Duplicate section found (read 'binary') - Is a variable name equal to an LP file format keyword?
Warning: Duplicate section found (read 'binary') - Is a variable name equal to an LP file format keyword?
Warning: Duplicate section found (read 'binary') - Is a variable name equal to an LP file format keyword?
Warning: Duplicate section found (read 'binary') - Is a variable name equal to an LP file format keyword?
Warning: Duplicate section found (read 'binary') - Is a variable name equal to an LP file format keyword?
Warning: Duplicate section found (read 'binary') - Is a variable name equal to an LP file format keyword?
Warning: Further warnings of this type will be omitted.
Read LP format model from file /root/bgw/data/uploads/2026_03_24_16_34_57_set_vm-3-t3_vm-3-t3_s006_g001_max.lp
Reading time = 0.00 seconds
: 1610 rows, 235 columns, 4747 nonzeros

Using Gurobi shared library /opt/gurobi1301/linux64/lib/libgurobi.so.13.0.1

CPU model: AMD EPYC-Genoa Processor, instruction set [SSE2|AVX|AVX2|AVX512]
Thread count: 16 physical cores, 16 logical processors, using up to 16 threads

Optimize a model with 1610 rows, 235 columns and 4747 nonzeros (Max)
Model fingerprint: 0xe2b8b11a
Model has 42 linear objective coefficients
Variable types: 58 continuous, 177 integer (177 binary)
Coefficient statistics:
  Matrix range     [1e+00, 2e+01]
  Objective range  [1e+00, 1e+00]
  Bounds range     [1e+00, 1e+00]
  RHS range        [1e+00, 2e+01]

Found heuristic solution: objective 42.0000000
Presolve removed 454 rows and 94 columns
Presolve time: 0.00s
Presolved: 1156 rows, 141 columns, 3546 nonzeros
Variable types: 0 continuous, 141 integer (135 binary)
Found heuristic solution: objective 72.0000000

Root relaxation: objective 2.670000e+02, 141 iterations, 0.00 seconds (0.00 work units)

    Nodes    |    Current Node    |     Objective Bounds      |     Work
 Expl Unexpl |  Obj  Depth IntInf | Incumbent    BestBd   Gap | It/Node Time

     0     0  267.00000    0   21   72.00000  267.00000   271%     -    0s
H    0     0                     117.0000000  267.00000   128%     -    0s
     0     0  267.00000    0   21  117.00000  267.00000   128%     -    0s
     0     0  267.00000    0   21  117.00000  267.00000   128%     -    0s
     0     0  267.00000    0   21  117.00000  267.00000   128%     -    0s
     0     0  267.00000    0   20  117.00000  267.00000   128%     -    0s
     0     0  267.00000    0   13  117.00000  267.00000   128%     -    0s
     0     0  267.00000    0   20  117.00000  267.00000   128%     -    0s
     0     0  267.00000    0   14  117.00000  267.00000   128%     -    0s
     0     0  265.39286    0   19  117.00000  265.39286   127%     -    0s
     0     0  264.85714    0   19  117.00000  264.85714   126%     -    0s
     0     0  264.85714    0   19  117.00000  264.85714   126%     -    0s
     0     0  252.00000    0   19  117.00000  252.00000   115%     -    0s
     0     0  252.00000    0   19  117.00000  252.00000   115%     -    0s
     0     0  252.00000    0   19  117.00000  252.00000   115%     -    0s
     0     0  252.00000    0   14  117.00000  252.00000   115%     -    0s
     0     0  252.00000    0   15  117.00000  252.00000   115%     -    0s
     0     0  252.00000    0   19  117.00000  252.00000   115%     -    0s
     0     0  252.00000    0   14  117.00000  252.00000   115%     -    0s
     0     0  250.92857    0   14  117.00000  250.92857   114%     -    0s
     0     0  250.92857    0   14  117.00000  250.92857   114%     -    0s
     0     2  250.92857    0   14  117.00000  250.92857   114%     -    0s

Cutting planes:
  Gomory: 5
  Cover: 18
  MIR: 7
  Inf proof: 77
  Zero half: 3
  Mod-K: 2

Explored 5692 nodes (200433 simplex iterations) in 0.71 seconds (0.92 work units)
Thread count was 16 (of 16 available processors)

Solution count 3: 117 72 42 

Optimal solution found (tolerance 1.00e-04)
Best objective 1.170000000000e+02, best bound 1.170000000000e+02, gap 0.0000%

Wrote result file '/root/bgw/data/results/2026_03_24_16_34_57_set_vm-3-t3_vm-3-t3_s006_g001_max.sol'

