[2026-03-24T00:33:30.628Z] Pipeline "set_set_set_s003_g005" → 2026_03_24_00_33_30_set_set_set_s003_g005_max.sol
Set parameter WLSAccessID
Set parameter WLSSecret
Set parameter LicenseID to value 2792458
Set parameter LogFile to value "gurobi.log"
Using license file /root/gurobi.lic
Academic license 2792458 - for non-commercial use only - registered to an___@studenti.unipg.it

Gurobi Optimizer version 13.0.1 build v13.0.1rc0 (linux64 - "Ubuntu 24.04.4 LTS")
Copyright (c) 2026, Gurobi Optimization, LLC

Warning: Duplicate section found (read 'binary') - Is a variable name equal to an LP file format keyword?
Warning: Duplicate section found (read 'binary') - Is a variable name equal to an LP file format keyword?
Warning: Duplicate section found (read 'binary') - Is a variable name equal to an LP file format keyword?
Warning: Duplicate section found (read 'binary') - Is a variable name equal to an LP file format keyword?
Warning: Duplicate section found (read 'binary') - Is a variable name equal to an LP file format keyword?
Warning: Duplicate section found (read 'binary') - Is a variable name equal to an LP file format keyword?
Warning: Duplicate section found (read 'binary') - Is a variable name equal to an LP file format keyword?
Warning: Duplicate section found (read 'binary') - Is a variable name equal to an LP file format keyword?
Warning: Duplicate section found (read 'binary') - Is a variable name equal to an LP file format keyword?
Warning: Duplicate section found (read 'binary') - Is a variable name equal to an LP file format keyword?
Warning: Further warnings of this type will be omitted.
Read LP format model from file /root/bgw/data/uploads/2026_03_24_00_33_30_set_set_set_s003_g005_max.lp
Reading time = 0.00 seconds
: 527 rows, 111 columns, 1410 nonzeros

Using Gurobi shared library /opt/gurobi1301/linux64/lib/libgurobi.so.13.0.1

CPU model: AMD EPYC-Genoa Processor, instruction set [SSE2|AVX|AVX2|AVX512]
Thread count: 16 physical cores, 16 logical processors, using up to 16 threads

Academic license 2792458 - for non-commercial use only - registered to an___@studenti.unipg.it
Optimize a model with 527 rows, 111 columns and 1410 nonzeros (Max)
Model fingerprint: 0x1b9db752
Model has 47 linear objective coefficients
Variable types: 55 continuous, 56 integer (56 binary)
Coefficient statistics:
  Matrix range     [1e+00, 9e+00]
  Objective range  [1e+00, 1e+00]
  Bounds range     [1e+00, 1e+00]
  RHS range        [1e+00, 1e+01]

Found heuristic solution: objective 47.0000000
Presolve removed 367 rows and 55 columns
Presolve time: 0.00s
Presolved: 160 rows, 56 columns, 520 nonzeros
Variable types: 0 continuous, 56 integer (48 binary)
Found heuristic solution: objective 124.0000000

Root relaxation: objective 2.900000e+02, 50 iterations, 0.00 seconds (0.00 work units)

    Nodes    |    Current Node    |     Objective Bounds      |     Work
 Expl Unexpl |  Obj  Depth IntInf | Incumbent    BestBd   Gap | It/Node Time

     0     0  290.00000    0   33  124.00000  290.00000   134%     -    0s
H    0     0                     125.0000000  290.00000   132%     -    0s
H    0     0                     126.0000000  290.00000   130%     -    0s
     0     0  290.00000    0   25  126.00000  290.00000   130%     -    0s
H    0     0                     127.0000000  290.00000   128%     -    0s
     0     0  290.00000    0   33  127.00000  290.00000   128%     -    0s
     0     0  290.00000    0   27  127.00000  290.00000   128%     -    0s
H    0     0                     128.0000000  290.00000   127%     -    0s
     0     0  290.00000    0   35  128.00000  290.00000   127%     -    0s
     0     0  290.00000    0   35  128.00000  290.00000   127%     -    0s
     0     0  290.00000    0   33  128.00000  290.00000   127%     -    0s
     0     0  290.00000    0   35  128.00000  290.00000   127%     -    0s
     0     0  290.00000    0   33  128.00000  290.00000   127%     -    0s
H    0     0                     130.0000000  290.00000   123%     -    0s
     0     0  290.00000    0   35  130.00000  290.00000   123%     -    0s
     0     0  290.00000    0   34  130.00000  290.00000   123%     -    0s
     0     0  290.00000    0   33  130.00000  290.00000   123%     -    0s
     0     0  290.00000    0   34  130.00000  290.00000   123%     -    0s
     0     0  290.00000    0   33  130.00000  290.00000   123%     -    0s
     0     0  290.00000    0   33  130.00000  290.00000   123%     -    0s
     0     0  290.00000    0   33  130.00000  290.00000   123%     -    0s
     0     2  290.00000    0   33  130.00000  290.00000   123%     -    0s

Cutting planes:
  Gomory: 17
  Cover: 87
  Inf proof: 99
  Zero half: 10

Explored 19481 nodes (149364 simplex iterations) in 0.47 seconds (0.39 work units)
Thread count was 16 (of 16 available processors)

Solution count 7: 130 128 127 ... 47

Optimal solution found (tolerance 1.00e-04)
Best objective 1.300000000000e+02, best bound 1.300000000000e+02, gap 0.0000%

Wrote result file '/root/bgw/data/results/2026_03_24_00_33_30_set_set_set_s003_g005_max.sol'

