[2026-03-24T21:57:20.653Z] Pipeline "set_vm-3-t3_vm-3-t3_s018_g001" → 2026_03_24_21_57_20_set_vm-3-t3_vm-3-t3_s018_g001_max.sol
Set parameter Username
Set parameter LicenseID to value 2796068
Set parameter LogFile to value "gurobi.log"
Using license file /opt/gurobi/gurobi.lic
Academic license - for non-commercial use only - expires 2027-03-23

Gurobi Optimizer version 13.0.1 build v13.0.1rc0 (linux64 - "Ubuntu 24.04.4 LTS")
Copyright (c) 2026, Gurobi Optimization, LLC

Warning: Duplicate section found (read 'binary') - Is a variable name equal to an LP file format keyword?
Warning: Duplicate section found (read 'binary') - Is a variable name equal to an LP file format keyword?
Warning: Duplicate section found (read 'binary') - Is a variable name equal to an LP file format keyword?
Warning: Duplicate section found (read 'binary') - Is a variable name equal to an LP file format keyword?
Warning: Duplicate section found (read 'binary') - Is a variable name equal to an LP file format keyword?
Warning: Duplicate section found (read 'binary') - Is a variable name equal to an LP file format keyword?
Warning: Duplicate section found (read 'binary') - Is a variable name equal to an LP file format keyword?
Warning: Duplicate section found (read 'binary') - Is a variable name equal to an LP file format keyword?
Warning: Duplicate section found (read 'binary') - Is a variable name equal to an LP file format keyword?
Warning: Duplicate section found (read 'binary') - Is a variable name equal to an LP file format keyword?
Warning: Further warnings of this type will be omitted.
Read LP format model from file /root/bgw/data/uploads/2026_03_24_21_57_20_set_vm-3-t3_vm-3-t3_s018_g001_max.lp
Reading time = 0.01 seconds
: 7726 rows, 649 columns, 23469 nonzeros

Using Gurobi shared library /opt/gurobi1301/linux64/lib/libgurobi.so.13.0.1

CPU model: AMD EPYC-Genoa Processor, instruction set [SSE2|AVX|AVX2|AVX512]
Thread count: 16 physical cores, 16 logical processors, using up to 16 threads

Optimize a model with 7726 rows, 649 columns and 23469 nonzeros (Max)
Model fingerprint: 0x2bba6205
Model has 142 linear objective coefficients
Variable types: 170 continuous, 479 integer (479 binary)
Coefficient statistics:
  Matrix range     [1e+00, 3e+01]
  Objective range  [1e+00, 1e+00]
  Bounds range     [1e+00, 1e+00]
  RHS range        [1e+00, 3e+01]

Found heuristic solution: objective 142.0000000
Presolve removed 1085 rows and 220 columns
Presolve time: 0.03s
Presolved: 6641 rows, 429 columns, 20248 nonzeros
Variable types: 0 continuous, 429 integer (416 binary)
Found heuristic solution: objective 188.0000000

Root relaxation: objective 1.021000e+03, 956 iterations, 0.11 seconds (0.12 work units)

    Nodes    |    Current Node    |     Objective Bounds      |     Work
 Expl Unexpl |  Obj  Depth IntInf | Incumbent    BestBd   Gap | It/Node Time

     0     0 1021.00000    0   96  188.00000 1021.00000   443%     -    0s
H    0     0                     203.0000000 1021.00000   403%     -    0s
H    0     0                     265.0000000 1021.00000   285%     -    0s
H    0     0                     266.0000000 1021.00000   284%     -    0s
H    0     0                     297.0000000 1021.00000   244%     -    0s
H    0     0                     312.0000000 1021.00000   227%     -    0s
H    0     0                     313.0000000 1021.00000   226%     -    0s
     0     0 1021.00000    0   92  313.00000 1021.00000   226%     -    0s
H    0     0                     327.0000000 1021.00000   212%     -    0s
H    0     0                     358.0000000 1021.00000   185%     -    0s
     0     0 1021.00000    0   92  358.00000 1021.00000   185%     -    0s
     0     0 1021.00000    0   95  358.00000 1021.00000   185%     -    0s
     0     0 1021.00000    0   93  358.00000 1021.00000   185%     -    0s
H    0     0                     373.0000000 1021.00000   174%     -    0s
     0     0 1021.00000    0   94  373.00000 1021.00000   174%     -    0s
     0     0 1021.00000    0   84  373.00000 1021.00000   174%     -    0s
     0     0 1021.00000    0   85  373.00000 1021.00000   174%     -    0s
     0     0 1021.00000    0   83  373.00000 1021.00000   174%     -    0s
H    0     0                     374.0000000 1021.00000   173%     -    0s
     0     0 1021.00000    0   83  374.00000 1021.00000   173%     -    1s
     0     0 1021.00000    0   83  374.00000 1021.00000   173%     -    1s
     0     0 1021.00000    0   83  374.00000 1021.00000   173%     -    1s
     0     0 1021.00000    0   80  374.00000 1021.00000   173%     -    1s
     0     0 1021.00000    0   81  374.00000 1021.00000   173%     -    1s
     0     0 1021.00000    0   81  374.00000 1021.00000   173%     -    1s
H    0     0                     389.0000000 1021.00000   162%     -    1s
     0     0 1021.00000    0   81  389.00000 1021.00000   162%     -    1s
     0     0 1021.00000    0   81  389.00000 1021.00000   162%     -    1s
     0     2 1021.00000    0   80  389.00000 1021.00000   162%     -    1s
H  333   272                     390.0000000 1020.28994   162%   199    3s
  1223   887  557.73077   34  102  390.00000 1016.32692   161%   172    5s
  2865  1808  602.67788   29  166  390.00000 1005.42308   158%   172   10s
H 3255  1858                     404.0000000  955.25231   136%   173   12s
H 3715  1839                     405.0000000  929.73077   130%   174   13s
  4459  1989  812.46154   26  130  405.00000  918.38462   127%   171   15s
  9727  3373 infeasible   54       405.00000  812.83946   101%   153   20s
 13678  5044  417.26923   44  118  405.00000  783.84615  93.5%   149   25s
 18511  7056 infeasible   45       405.00000  758.00000  87.2%   148   30s
 21731  7880  554.26923   53   62  405.00000  743.84615  83.7%   144   35s
 27046  8902  521.93346   51   62  405.00000  743.84615  83.7%   141   40s
 34759 10157  569.42579   54   83  405.00000  743.84615  83.7%   137   45s
 41264 10985  736.88462   45  110  405.00000  743.84615  83.7%   136   50s
 48448 13306  556.07692   55  145  405.00000  743.84615  83.7%   134   55s
 54495 16100  493.14176   56   67  405.00000  743.84615  83.7%   134   60s
 60059 18657 infeasible   62       405.00000  743.84615  83.7%   133   65s
 67325 21748 infeasible   56       405.00000  743.84615  83.7%   133   70s
 74266 24580  492.90904   56   87  405.00000  743.84615  83.7%   133   75s
 82897 28019 infeasible   59       405.00000  743.84615  83.7%   132   80s
 89886 30911  466.00000   60  107  405.00000  743.84615  83.7%   132   85s
 98832 34218  583.94866   53  121  405.00000  743.02571  83.5%   131   90s
 105148 37114     cutoff   58       405.00000  737.42308  82.1%   132   95s
 111703 39843  614.84615   51  111  405.00000  735.08308  81.5%   133  100s
 119008 42520 infeasible   60       405.00000  731.35538  80.6%   132  105s
 127454 45735  546.62538   50   69  405.00000  723.61538  78.7%   132  111s
 133744 48249  477.87179   56   76  405.00000  721.21006  78.1%   133  115s
 140666 50671  706.32089   44  101  405.00000  717.98077  77.3%   133  120s
 147772 53031  555.76000   50   74  405.00000  709.73077  75.2%   132  125s
 155421 56029  677.41538   48   90  405.00000  707.10073  74.6%   133  130s
 163265 58814  464.40000   66   26  405.00000  705.13538  74.1%   133  135s
 170179 61139     cutoff   58       405.00000  703.26923  73.6%   133  140s
 179368 63991 infeasible   45       405.00000  698.96000  72.6%   133  145s
 187547 66863  629.55641   46   96  405.00000  693.48154  71.2%   133  150s
 192777 68789  449.65962   62   68  405.00000  692.27473  70.9%   134  155s
 197378 70396  565.09231   49   54  405.00000  690.73436  70.6%   134  160s
 203997 72694  638.48308   50   58  405.00000  688.86263  70.1%   134  165s
 213168 75280 infeasible   51       405.00000  685.31846  69.2%   134  171s
 219758 77398  505.81641   51   96  405.00000  678.88077  67.6%   134  176s
 225473 79521  612.08462   53  110  405.00000  677.22654  67.2%   135  180s
 233137 82207  477.26923   56   70  405.00000  675.93191  66.9%   135  185s
 240060 84456  437.74615   56   35  405.00000  674.61538  66.6%   135  190s
 248223 87220  552.03846   50   50  405.00000  673.16154  66.2%   136  195s
 257398 90003  534.25000   54  103  405.00000  670.65736  65.6%   135  200s
 264384 91907  578.11890   50   77  405.00000  667.89333  64.9%   135  205s
 271524 93849  459.23077   53   56  405.00000  663.74000  63.9%   135  210s
 277243 95993 infeasible   47       405.00000  662.39308  63.6%   135  215s
 283418 98005 infeasible   58       405.00000  660.83962  63.2%   135  220s
 291179 100613  431.03846   58   24  405.00000  659.30154  62.8%   136  226s
 295563 102138 infeasible   61       405.00000  658.30385  62.5%   136  230s
 300963 103441  414.67308   62  128  405.00000  657.19077  62.3%   136  235s
 309566 105829     cutoff   59       405.00000  654.48788  61.6%   136  241s
 317060 107444  553.09295   52   76  405.00000  648.92308  60.2%   135  245s
 323447 109489  520.56769   53   97  405.00000  647.11538  59.8%   135  250s
 330918 111848 infeasible   63       405.00000  645.76974  59.4%   136  255s
 337291 113891  515.13077   50   74  405.00000  645.03846  59.3%   136  260s
 343734 115755 infeasible   56       405.00000  644.32692  59.1%   136  265s
 349662 118028  521.18269   50   91  405.00000  643.52770  58.9%   136  270s
 357892 120622  489.12513   54   54  405.00000  642.27662  58.6%   136  276s
 365386 122732     cutoff   58       405.00000  641.08295  58.3%   136  280s
 372949 124759  482.35692   53   86  405.00000  639.88462  58.0%   136  285s
 381069 126630  453.87692   59   54  405.00000  638.15538  57.6%   135  290s
 390724 128580  477.42308   50   35  405.00000  633.38923  56.4%   135  295s
 398199 130641  570.36891   46   87  405.00000  631.61538  56.0%   135  300s
 404787 132536  443.43077   54   71  405.00000  630.53404  55.7%   136  305s
 413212 134987  599.10667   51   78  405.00000  629.35341  55.4%   136  310s
 419216 136650  509.00000   53   59  405.00000  628.31161  55.1%   136  315s
 425826 138360  445.40000   60   60  405.00000  627.38166  54.9%   136  320s
 433266 140002  562.20769   52   75  405.00000  626.05538  54.6%   136  326s
 439454 141564  458.96154   55   70  405.00000  624.76000  54.3%   136  331s
 447233 142761     cutoff   63       405.00000  622.08223  53.6%   135  335s
 454356 144402  521.53846   52   73  405.00000  617.62222  52.5%   135  340s
 462139 146685  538.80769   50   49  405.00000  616.07692  52.1%   135  346s
 468392 148591  435.17582   59  126  405.00000  615.29846  51.9%   136  350s
 476309 150990  445.83077   56  116  405.00000  614.57692  51.7%   136  355s
 482865 152835  516.23077   51   69  405.00000  613.95299  51.6%   136  360s
 490828 155089  550.63462   50  138  405.00000  613.28901  51.4%   136  366s
 495378 156639  474.80769   55   68  405.00000  612.84555  51.3%   136  370s
 504066 158968 infeasible   65       405.00000  612.16154  51.2%   136  376s
 511007 160754 infeasible   61       405.00000  611.48615  51.0%   136  381s
 518393 162633  478.17415   58  115  405.00000  610.81054  50.8%   136  386s
 524013 164054 infeasible   66       405.00000  610.28744  50.7%   136  390s
 532731 166012  433.26923   62   37  405.00000  609.21242  50.4%   136  396s
 540046 167443  514.30684   54  183  405.00000  607.94846  50.1%   136  400s
 550162 168880 infeasible   50       405.00000  605.74231  49.6%   135  406s
 557223 170416  432.55769   60   55  405.00000  602.72923  48.8%   135  410s
 563618 172021  506.69231   53   43  405.00000  601.79333  48.6%   135  415s
 570247 173908  536.94000   49  126  405.00000  600.76000  48.3%   135  420s
 577242 175744  507.44615   57  128  405.00000  600.00230  48.1%   135  426s
 584089 177636  565.67385   59   96  405.00000  599.48205  48.0%   135  430s
 590738 179282  475.34615   54   68  405.00000  598.90462  47.9%   135  435s
 597582 181059 infeasible   58       405.00000  598.31846  47.7%   135  440s
 606146 183198 infeasible   51       405.00000  597.35299  47.5%   136  446s
 613465 184774     cutoff   59       405.00000  596.64103  47.3%   135  450s
 620824 186446  461.06923   57   55  405.00000  595.76549  47.1%   135  455s
 629577 188171  508.05128   52   42  405.00000  594.64904  46.8%   135  460s
 639652 189872 infeasible   58       405.00000  592.72077  46.4%   135  465s
 647739 190707  446.01319   56   67  405.00000  590.00962  45.7%   135  470s
 654838 192034     cutoff   61       405.00000  586.88423  44.9%   135  475s
 660386 193961  461.26923   58   52  405.00000  585.90385  44.7%   135  480s
 669031 196271  417.84615   61   42  405.00000  585.18590  44.5%   135  486s
 675253 197920 infeasible   58       405.00000  584.65837  44.4%   135  491s
 682291 199716  413.15385   64   75  405.00000  584.20427  44.2%   135  495s
 688927 201748  461.84615   60   81  405.00000  583.82879  44.2%   135  500s
 696071 203681  488.83692   58   83  405.00000  583.45413  44.1%   135  505s
 702900 205498  448.40000   62   25  405.00000  583.05769  44.0%   135  510s
 710138 207569 infeasible   60       405.00000  582.67308  43.9%   135  515s
 719502 209847  418.06614   66   47  405.00000  582.27778  43.8%   135  520s
 725953 211549  479.40000   60   48  405.00000  581.92596  43.7%   135  525s
 734400 213618  430.47436   55  120  405.00000  581.44780  43.6%   135  530s
 742916 215804 infeasible   66       405.00000  580.96519  43.4%   135  536s
 750167 217697  539.78410   51  120  405.00000  580.54725  43.3%   135  540s
 757595 219445  568.69038   54   82  405.00000  580.06821  43.2%   135  545s
 766360 221428  519.73070   54  144  405.00000  579.58000  43.1%   135  550s
 774066 223148  463.24615   63   24  405.00000  579.08838  43.0%   134  555s
 782374 224651  449.00000   59   54  405.00000  578.42571  42.8%   134  561s
 788753 226079  449.00000   61   16  405.00000  577.80769  42.7%   134  565s
 799448 227661  432.16346   62   48  405.00000  576.44000  42.3%   134  570s
 810442 228779  411.50000   65   59  405.00000  574.22308  41.8%   133  575s
 818140 230077  421.00000   62   52  405.00000  571.83179  41.2%   133  580s
 827962 232509  507.94615   50   43  405.00000  571.00000  41.0%   133  585s
 834692 234240 infeasible   62       405.00000  570.44615  40.9%   133  590s
 841207 236070  462.26923   59   38  405.00000  569.98077  40.7%   133  595s
 849903 238268  444.24038   56  123  405.00000  569.52308  40.6%   133  600s
 857123 239908     cutoff   60       405.00000  569.13615  40.5%   133  605s
 864617 241258  554.26923   53  104  405.00000  568.66923  40.4%   133  610s
 871434 242977  429.51538   62   37  405.00000  568.46154  40.4%   133  615s
 878339 244545  490.48385   60   72  405.00000  568.11538  40.3%   133  620s
 886543 246369  417.84615   63   13  405.00000  567.59349  40.1%   133  625s
 895664 248207 infeasible   62       405.00000  567.15385  40.0%   133  630s
 904027 249992  431.13462   60  151  405.00000  566.60615  39.9%   133  635s
 911753 251265  468.53923   56   56  405.00000  566.10577  39.8%   133  640s
 918315 252597  494.14769   60   76  405.00000  565.60989  39.7%   133  645s
 927407 254072 infeasible   59       405.00000  564.94923  39.5%   133  651s
 931354 255168  461.42720   54   79  405.00000  564.59769  39.4%   133  655s
 938828 256404 infeasible   59       405.00000  563.90000  39.2%   133  660s
 946464 257541  459.77747   58   38  405.00000  563.05769  39.0%   133  665s
 955974 258781 infeasible   52       405.00000  561.68308  38.7%   133  670s
 966116 259481 infeasible   51       405.00000  559.94505  38.3%   132  675s
 974788 260575  554.11538   49   64  405.00000  556.53846  37.4%   132  680s
 983302 262569  444.76923   61   92  405.00000  555.45577  37.1%   132  685s
 992050 264810     cutoff   64       405.00000  555.00000  37.0%   132  691s
 998364 266437  522.26923   53   86  405.00000  554.66346  37.0%   132  695s
 1007624 268690  522.27723   52   59  405.00000  554.26923  36.9%   132  701s
 1014251 270228  521.80769   55   35  405.00000  554.03297  36.8%   132  705s
 1022321 272207 infeasible   56       405.00000  553.71538  36.7%   132  710s
 1029224 273800  492.64286   51   72  405.00000  553.46673  36.7%   132  715s
 1038208 275942  491.05608   55   81  405.00000  553.15385  36.6%   132  720s
 1044849 277269  442.73798   57  102  405.00000  552.95055  36.5%   132  725s
 1052916 279198  504.33846   51  159  405.00000  552.70769  36.5%   132  730s
 1061915 281011 infeasible   62       405.00000  552.48894  36.4%   132  735s
 1070586 282925  493.82906   56   84  405.00000  552.24319  36.4%   132  740s
 1079239 284847 infeasible   63       405.00000  551.99760  36.3%   132  746s
 1081156 285002 infeasible   59       405.00000  551.93375  36.3%   132  750s
 1088740 286886  448.42308   62    8  405.00000  551.71179  36.2%   132  756s
 1095751 288279 infeasible   57       405.00000  551.52163  36.2%   132  760s
 1102990 289740  487.50714   53   82  405.00000  551.28154  36.1%   132  765s
 1111700 291480     cutoff   62       405.00000  550.98774  36.0%   132  770s
 1119199 292995 infeasible   54       405.00000  550.76431  36.0%   132  775s
 1128023 294673  518.50000   57   95  405.00000  550.46154  35.9%   132  780s
 1134111 295865  428.53846   53   52  405.00000  550.26923  35.9%   132  785s
 1143125 297555  442.02564   60   90  405.00000  549.96077  35.8%   132  790s
 1151987 299212 infeasible   61       405.00000  549.60769  35.7%   132  795s
 1159788 300527  488.90385   57  111  405.00000  549.30769  35.6%   132  800s
 1169153 302262 infeasible   64       405.00000  548.90615  35.5%   132  805s
 1176810 303392     cutoff   66       405.00000  548.56250  35.4%   132  810s
 1186291 305119  423.67142   58  119  405.00000  548.04492  35.3%   132  815s
 1194128 306395  472.36154   55   71  405.00000  547.67033  35.2%   132  820s
 1204250 307754  411.06500   57  127  405.00000  547.05769  35.1%   131  826s
 1211933 308783  442.20769   63   40  405.00000  546.42084  34.9%   131  830s
 1222385 309705     cutoff   57       405.00000  545.50834  34.7%   131  835s
 1232585 310154     cutoff   64       405.00000  543.95385  34.3%   131  841s
 1240303 310561  432.11538   61  178  405.00000  542.00000  33.8%   131  845s
 1249393 312023 infeasible   63       405.00000  540.56769  33.5%   131  850s
 1258409 314160  447.00000   50   79  405.00000  540.00000  33.3%   131  855s
 1266226 315931  446.45299   57  172  405.00000  539.99038  33.3%   131  860s
 1274089 317653  523.56346   50  128  405.00000  539.76068  33.3%   131  865s
 1280909 319112  477.82906   56  103  405.00000  539.44615  33.2%   131  870s
 1287527 320466  463.84615   59  129  405.00000  539.25385  33.1%   131  875s
 1294305 321965  430.09038   62   37  405.00000  539.00000  33.1%   131  880s
 1301435 323651  477.84615   54   33  405.00000  538.80769  33.0%   131  885s
 1310617 325525  478.00000   53   50  405.00000  538.63846  33.0%   131  890s
 1319325 327068  519.10989   59  116  405.00000  538.38462  32.9%   131  895s
 1328344 328692 infeasible   63       405.00000  538.10154  32.9%   131  900s
 1336756 330469     cutoff   66       405.00000  537.72650  32.8%   131  905s
 1345317 331851  522.26923   56   60  405.00000  537.61538  32.7%   131  910s
 1354496 333382  475.44708   59   62  405.00000  537.36615  32.7%   131  915s
 1361364 334568 infeasible   59       405.00000  537.09936  32.6%   131  920s
 1369645 335952  420.00000   67   14  405.00000  536.78846  32.5%   131  926s
 1376932 337116  504.33846   53   47  405.00000  536.50000  32.5%   130  930s
 1384590 338282  411.08791   58   61  405.00000  536.26453  32.4%   130  935s
 1393113 339660  429.03846   58   69  405.00000  535.94308  32.3%   130  940s
 1400349 340755 infeasible   56       405.00000  535.66154  32.3%   130  945s
 1410032 341951  432.73380   58   89  405.00000  535.29753  32.2%   130  951s
 1414870 342865     cutoff   57       405.00000  535.11453  32.1%   130  955s
 1423938 344286  471.08667   53   67  405.00000  534.69872  32.0%   130  960s
 1430998 345233  476.89692   53   65  405.00000  534.40210  32.0%   130  965s
 1440086 346343 infeasible   59       405.00000  533.92308  31.8%   130  970s
 1447120 347252  532.00769   54   67  405.00000  533.53846  31.7%   130  975s
 1456735 348307 infeasible   57       405.00000  532.94231  31.6%   130  980s
 1463636 349186  462.56154   58   88  405.00000  532.57692  31.5%   130  985s
 1473070 350242     cutoff   56       405.00000  531.86513  31.3%   130  990s
 1480902 351125  438.73077   57   69  405.00000  531.26581  31.2%   130  995s
 1490782 351804  495.13538   56   69  405.00000  530.34615  30.9%   130 1000s
 1500704 352228 infeasible   59       405.00000  528.88462  30.6%   129 1005s
 1510111 352863  469.02220   58   82  405.00000  526.76000  30.1%   129 1010s
 1518554 354287     cutoff   63       405.00000  525.50841  29.8%   129 1015s
 1527138 355997 infeasible   63       405.00000  525.00000  29.6%   129 1020s
 1533823 356903 infeasible   60       405.00000  524.76282  29.6%   129 1025s
 1537338 357974  492.89744   57   65  405.00000  524.56731  29.5%   130 1030s
 1541495 358859  492.14011   58  110  405.00000  524.40385  29.5%   130 1035s
 1549975 360619  435.00000   56   60  405.00000  524.08013  29.4%   130 1040s
 1557316 362100  442.29316   59   52  405.00000  523.99038  29.4%   129 1045s
 1564236 363250  444.00000   64   37  405.00000  523.81624  29.3%   130 1050s
 1572316 364818  459.78205   57   75  405.00000  523.61154  29.3%   130 1055s
 1580286 366410  448.42308   62   51  405.00000  523.41903  29.2%   130 1060s
 1590352 368432  429.67821   54   42  405.00000  523.26923  29.2%   130 1065s
 1599178 369992  491.09295   55  128  405.00000  523.18047  29.2%   130 1070s
 1608049 371448  491.26923   52   44  405.00000  523.01077  29.1%   129 1076s
 1614480 372829     cutoff   68       405.00000  522.87080  29.1%   130 1080s
 1621441 374103  432.53147   55   55  405.00000  522.72154  29.1%   130 1085s
 1629823 375612  430.52747   57   65  405.00000  522.57692  29.0%   130 1091s
 1636846 376814  417.09441   65   90  405.00000  522.44505  29.0%   129 1095s
 1643619 378037 infeasible   63       405.00000  522.30128  29.0%   130 1100s
 1652976 379590  446.95231   58  100  405.00000  522.16103  28.9%   129 1106s
 1660750 380912  457.41385   57   58  405.00000  522.02923  28.9%   129 1110s
 1669286 382364  479.40000   60   38  405.00000  521.86440  28.9%   129 1115s
 1678367 383864  476.30769   57   63  405.00000  521.69333  28.8%   129 1120s
 1688396 385473  431.53462   59   43  405.00000  521.53846  28.8%   129 1125s
 1698036 387257  416.75000   65   46  405.00000  521.47009  28.8%   129 1130s
 1705467 388324     cutoff   60       405.00000  521.35440  28.7%   129 1135s
 1710561 389350  460.96154   59   83  405.00000  521.27493  28.7%   129 1140s
 1719782 390811  449.42308   60   52  405.00000  521.07931  28.7%   129 1145s
 1727855 392083  490.93846   57   77  405.00000  520.96154  28.6%   129 1150s
 1735846 393199  504.60577   54  108  405.00000  520.80769  28.6%   129 1155s
 1744147 394410  449.42308   58   37  405.00000  520.63301  28.6%   129 1160s
 1750959 395636 infeasible   61       405.00000  520.52967  28.5%   129 1165s
 1761859 397258 infeasible   61       405.00000  520.31692  28.5%   129 1171s
 1769011 398363 infeasible   58       405.00000  520.15262  28.4%   129 1175s
 1777223 399581 infeasible   56       405.00000  519.96528  28.4%   129 1180s
 1786490 401156  479.40000   60   85  405.00000  519.80769  28.3%   129 1185s
 1796209 402738  516.63761   58   83  405.00000  519.69846  28.3%   129 1191s
 1803582 403742  415.13916   59   66  405.00000  519.57143  28.3%   129 1195s
 1810738 404692  449.00000   62   65  405.00000  519.43077  28.3%   129 1200s
 1820284 405981  428.07692   61   60  405.00000  519.20769  28.2%   129 1206s
 1827666 406908  464.00000   60   64  405.00000  519.03846  28.2%   129 1210s
 1834838 408063  444.29915   58  108  405.00000  518.84462  28.1%   129 1215s
 1843768 409370 infeasible   59       405.00000  518.65385  28.1%   129 1220s
 1853592 410586  446.70484   61   69  405.00000  518.45705  28.0%   128 1225s
 1862519 411716  473.25641   54   99  405.00000  518.21337  28.0%   128 1230s
 1873057 413387  488.55769   58   91  405.00000  518.07692  27.9%   128 1235s
 1880719 414332  485.16923   59   60  405.00000  517.88986  27.9%   128 1240s
 1883127 414808  419.73558   61   27  405.00000  517.83761  27.9%   128 1245s
 1893161 416157  512.64835   55   83  405.00000  517.51692  27.8%   128 1251s
 1901308 417089  460.38462   58   56  405.00000  517.31538  27.7%   128 1255s
 1911477 418280     cutoff   60       405.00000  517.01013  27.7%   128 1260s
 1921489 419253  411.69231   64  117  405.00000  516.64530  27.6%   128 1265s
 1931700 420620  435.00000   62   48  405.00000  516.34615  27.5%   128 1270s
 1942149 421785  474.33173   53  111  405.00000  516.06410  27.4%   128 1275s
 1952502 422808 infeasible   57       405.00000  515.57692  27.3%   127 1280s
 1965223 424090  496.12747   55   57  405.00000  515.03846  27.2%   127 1285s
 1975810 424592  512.80769   62   71  405.00000  514.31526  27.0%   127 1290s
 1983581 425069 infeasible   64       405.00000  513.68654  26.8%   127 1295s
 1992845 425385  446.75385   58   31  405.00000  512.51346  26.5%   127 1300s
 2001582 425900 infeasible   64       405.00000  511.40385  26.3%   127 1305s
 2008298 426508  451.84615   59   51  405.00000  510.79231  26.1%   127 1310s
 2017116 427743  479.00000   55   33  405.00000  510.00000  25.9%   127 1316s
 2023344 428460  505.83692   56   65  405.00000  509.96154  25.9%   127 1320s
 2031660 429559  477.56923   55  136  405.00000  509.62523  25.8%   127 1325s
 2039788 430493  430.08269   60   20  405.00000  509.23077  25.7%   127 1330s
 2049197 431944  416.09231   58   22  405.00000  509.00000  25.7%   127 1335s
 2061406 433803  418.42308   65   77  405.00000  509.00000  25.7%   127 1340s
 2072972 435684  447.00000   55   67  405.00000  509.00000  25.7%   127 1345s
 2083084 437071  463.44121   58   65  405.00000  508.96923  25.7%   127 1350s
 2089061 438033 infeasible   54       405.00000  508.92308  25.7%   127 1355s
 2096348 439127  446.67308   59   98  405.00000  508.86325  25.6%   127 1360s
 2102505 440074 infeasible   60       405.00000  508.82906  25.6%   127 1365s
 2110195 440858     cutoff   64       405.00000  508.76000  25.6%   127 1370s
 2114920 441373 infeasible   68       405.00000  508.65385  25.6%   127 1375s
 2121386 442502  445.02154   56   89  405.00000  508.49519  25.6%   127 1380s
 2131942 444011  438.83252   61   89  405.00000  508.29846  25.5%   127 1385s
 2140302 445034  445.54422   65   35  405.00000  508.10440  25.5%   127 1390s
 2152780 446491  476.78846   57  120  405.00000  507.96154  25.4%   127 1395s
 2159153 447562  445.44231   60  113  405.00000  507.83916  25.4%   127 1400s
 2169251 448817  494.55769   58   90  405.00000  507.69471  25.4%   127 1405s
 2178236 450008  431.16933   58   78  405.00000  507.60615  25.3%   127 1410s
 2184965 450899  474.84641   58   56  405.00000  507.50000  25.3%   127 1415s
 2192706 451861  446.44615   56   62  405.00000  507.35637  25.3%   127 1420s
 2201884 452982  418.24679   64   37  405.00000  507.23504  25.2%   127 1425s
 2208986 453733  476.11538   58  108  405.00000  507.11538  25.2%   127 1430s
 2217585 454696  444.33654   61   63  405.00000  506.98077  25.2%   127 1435s
 2225846 455747  490.84066   59   53  405.00000  506.86538  25.2%   127 1440s
 2234687 456842 infeasible   56       405.00000  506.70769  25.1%   127 1445s
 2244039 457777  475.29915   58  140  405.00000  506.66923  25.1%   126 1450s
 2252440 458721  450.00000   59   37  405.00000  506.53846  25.1%   126 1455s
 2261443 459683  480.00000   58   61  405.00000  506.48635  25.1%   126 1460s
 2267848 460272     cutoff   57       405.00000  506.38462  25.0%   126 1465s
 2276632 461138  429.87978   64   35  405.00000  506.23077  25.0%   126 1470s
 2285342 462147  432.80385   58   38  405.00000  506.08654  25.0%   126 1475s
 2294831 463019     cutoff   63       405.00000  505.87912  24.9%   126 1480s
 2303526 463953 infeasible   57       405.00000  505.71617  24.9%   126 1485s
 2313630 464902     cutoff   63       405.00000  505.53846  24.8%   126 1490s
 2323510 465914     cutoff   59       405.00000  505.38462  24.8%   126 1495s
 2329813 466498  474.84615   58   86  405.00000  505.30769  24.8%   126 1500s
 2339712 467598     cutoff   61       405.00000  505.10256  24.7%   126 1505s
 2348408 468442  441.45385   54   52  405.00000  504.91575  24.7%   126 1510s
 2357602 469027     cutoff   65       405.00000  504.73846  24.6%   126 1516s
 2358641 469239  432.84615   63   47  405.00000  504.73675  24.6%   126 1520s
 2366451 470080  474.46154   52   74  405.00000  504.56838  24.6%   126 1525s
 2377851 471143  500.09808   54   58  405.00000  504.37154  24.5%   126 1530s
 2387818 472339  431.45299   58   68  405.00000  504.23077  24.5%   126 1535s
 2398042 473393  484.95299   56   87  405.00000  504.00481  24.4%   126 1540s
 2406608 474236 infeasible   61       405.00000  503.80769  24.4%   126 1545s
 2415884 475103  473.53333   56   60  405.00000  503.65385  24.4%   126 1550s
 2427257 476116 infeasible   57       405.00000  503.39560  24.3%   126 1556s
 2434251 476791  492.21538   59   43  405.00000  503.23077  24.3%   126 1560s
 2442232 477546  459.19231   52   76  405.00000  503.07692  24.2%   126 1565s
 2449544 478275     cutoff   61       405.00000  502.92308  24.2%   126 1570s
 2456146 478750     cutoff   62       405.00000  502.74923  24.1%   126 1575s
 2465666 479466  460.33956   60  164  405.00000  502.44011  24.1%   126 1580s
 2473885 480086     cutoff   69       405.00000  502.12670  24.0%   126 1585s
 2484101 480792     cutoff   61       405.00000  501.92308  23.9%   126 1590s
 2492804 481437     cutoff   59       405.00000  501.59341  23.9%   126 1595s
 2503893 482633  446.17308   58   39  405.00000  501.32738  23.8%   126 1600s
 2513469 483879  419.71608   63   83  405.00000  501.10684  23.7%   126 1606s
 2521236 484428  428.09295   56   47  405.00000  500.86264  23.7%   125 1610s
 2530917 485050  445.25192   58   96  405.00000  500.45769  23.6%   125 1616s
 2539803 485554  447.42308   61   30  405.00000  500.15569  23.5%   125 1620s
 2549575 485815  433.42308   62  102  405.00000  499.63385  23.4%   125 1625s
 2558264 485765  418.00000   59   30  405.00000  499.03846  23.2%   125 1630s
 2567415 485802     cutoff   62       405.00000  498.31538  23.0%   125 1635s
 2576577 486091  454.86538   58   75  405.00000  497.52846  22.8%   125 1640s
 2586054 486286 infeasible   52       405.00000  496.67308  22.6%   125 1645s
 2597070 486712  419.61538   67   47  405.00000  495.75385  22.4%   125 1650s
 2602858 486965  461.00064   58   40  405.00000  495.48115  22.3%   125 1655s
 2610879 488194 infeasible   58       405.00000  494.99923  22.2%   125 1660s
 2617441 488772 infeasible   61       405.00000  494.83333  22.2%   125 1665s
 2624933 489456  464.09829   55   58  405.00000  494.54615  22.1%   125 1670s
 2632340 490547  494.42308   58   71  405.00000  494.42308  22.1%   125 1675s
 2637967 491358  493.18308   51   76  405.00000  494.30769  22.1%   125 1680s
 2644711 492224  419.18077   59   69  405.00000  494.15769  22.0%   125 1685s
 2651002 492954  422.57692   54   59  405.00000  494.02991  22.0%   125 1690s
 2661997 494662  459.83692   60   35  405.00000  493.99038  22.0%   125 1695s
 2668860 495660     cutoff   63       405.00000  493.88462  21.9%   125 1700s
 2677597 496560  432.25214   61   62  405.00000  493.82576  21.9%   125 1705s
 2685548 497341  454.61538   59   80  405.00000  493.65385  21.9%   125 1710s
 2693022 498156  462.51099   56   86  405.00000  493.55662  21.9%   125 1715s
 2699223 499228 infeasible   55       405.00000  493.42308  21.8%   125 1720s
 2705816 500089 infeasible   59       405.00000  493.38462  21.8%   125 1725s
 2714265 501092 infeasible   57       405.00000  493.26923  21.8%   125 1731s
 2721485 501826  434.00000   57   51  405.00000  493.23077  21.8%   125 1735s
 2728382 502751  462.01538   58   36  405.00000  493.13462  21.8%   125 1740s
 2736427 503814  460.01648   58   78  405.00000  493.05220  21.7%   125 1745s
 2745216 505148  458.50000   58   39  405.00000  493.00000  21.7%   125 1750s
 2755323 506489  430.84266   63   42  405.00000  492.90110  21.7%   125 1755s
 2760404 507109  461.69231   57   28  405.00000  492.84615  21.7%   125 1760s
 2772445 508615  443.81731   55   66  405.00000  492.82308  21.7%   125 1765s
 2778948 509437     cutoff   61       405.00000  492.77564  21.7%   125 1770s
 2787676 510486  460.86410   59   62  405.00000  492.71046  21.7%   125 1775s
 2795211 511339 infeasible   61       405.00000  492.69231  21.7%   125 1780s
 2803647 512218  420.42308   67   20  405.00000  492.61722  21.6%   125 1785s
 2811903 513193  418.60615   61   61  405.00000  492.54017  21.6%   125 1790s
 2820057 514138 infeasible   59       405.00000  492.47077  21.6%   125 1796s
 2826238 514973 infeasible   66       405.00000  492.42308  21.6%   125 1800s
 2834688 515968  461.88077   54   94  405.00000  492.34615  21.6%   125 1805s
 2846792 517128  434.00000   57   28  405.00000  492.26923  21.5%   125 1810s
 2857995 518087  448.60256   62   56  405.00000  492.26923  21.5%   125 1815s
 2867889 518898  433.93201   58   41  405.00000  492.22393  21.5%   125 1820s
 2876130 519601 infeasible   59       405.00000  492.14423  21.5%   125 1825s
 2885859 520404     cutoff   62       405.00000  492.11538  21.5%   125 1830s
 2895066 520996  430.55556   60  107  405.00000  492.05772  21.5%   125 1836s
 2901863 521405  432.17308   62   30  405.00000  492.00385  21.5%   125 1840s
 2905814 521959 infeasible   67       405.00000  491.99487  21.5%   125 1845s
 2914284 522674  463.27260   60   67  405.00000  491.87500  21.5%   125 1850s
 2924106 523626  459.59615   63  146  405.00000  491.79846  21.4%   125 1856s
 2930843 524385 infeasible   54       405.00000  491.72115  21.4%   125 1860s
 2942181 525598     cutoff   54       405.00000  491.66923  21.4%   125 1865s
 2950104 526252 infeasible   64       405.00000  491.56068  21.4%   125 1870s
 2959760 527120 infeasible   62       405.00000  491.51077  21.4%   125 1875s
 2966154 527780  428.66946   60   72  405.00000  491.44752  21.3%   125 1880s
 2975313 528633  418.42308   61   41  405.00000  491.38346  21.3%   125 1885s
 2983214 529493 infeasible   64       405.00000  491.29060  21.3%   125 1890s
 2991601 530247 infeasible   62       405.00000  491.25874  21.3%   125 1895s
 3000337 531134     cutoff   60       405.00000  491.16923  21.3%   125 1900s
 3009473 532111  431.98077   63   43  405.00000  491.10957  21.3%   125 1906s
 3016370 532798 infeasible   62       405.00000  491.04000  21.2%   125 1910s
 3027213 533675 infeasible   64       405.00000  490.95410  21.2%   125 1915s
 3036354 534589  447.84615   60   25  405.00000  490.87538  21.2%   125 1920s
 3044425 535118     cutoff   60       405.00000  490.78923  21.2%   125 1925s
 3052554 535744  472.52692   56   56  405.00000  490.70154  21.2%   125 1930s
 3061458 536281 infeasible   56       405.00000  490.61538  21.1%   125 1935s
 3071658 536963 infeasible   64       405.00000  490.53846  21.1%   125 1940s
 3077722 537363  445.00000   54   51  405.00000  490.53846  21.1%   125 1945s
 3086265 537990  446.40288   61   81  405.00000  490.53846  21.1%   124 1950s
 3094645 538614  460.45240   56  100  405.00000  490.44231  21.1%   124 1955s
 3104847 539526  460.41231   57   52  405.00000  490.38462  21.1%   124 1960s
 3111874 539901  460.53846   58   57  405.00000  490.35055  21.1%   124 1965s
 3122070 540345  446.11538   58  116  405.00000  490.24176  21.0%   124 1971s
 3122556 540425  473.79405   58   76  405.00000  490.24038  21.0%   124 1975s
 3129636 540960  417.70192   60   45  405.00000  490.15641  21.0%   124 1980s
 3140071 541523 infeasible   62       405.00000  490.03846  21.0%   124 1985s
 3149214 542221     cutoff   64       405.00000  489.95299  21.0%   124 1990s
 3159450 542796  418.27795   61   40  405.00000  489.87981  21.0%   124 1995s
 3169211 543472  429.03187   60   57  405.00000  489.79626  20.9%   124 2000s
 3178125 543879 infeasible   57       405.00000  489.69846  20.9%   124 2005s
 3185361 544273  413.36058   59   77  405.00000  489.61846  20.9%   124 2010s
 3194280 544806  409.57143   59   67  405.00000  489.53846  20.9%   124 2015s
 3203024 545295  447.89263   62   76  405.00000  489.43708  20.8%   124 2020s
 3210953 545800 infeasible   62       405.00000  489.35451  20.8%   124 2025s
 3216869 546132  427.03077   65   25  405.00000  489.28857  20.8%   124 2030s
 3226702 546715 infeasible   58       405.00000  489.18269  20.8%   124 2035s
 3235666 547297 infeasible   60       405.00000  489.07385  20.8%   124 2040s
 3244202 547837     cutoff   57       405.00000  488.97559  20.7%   124 2045s
 3253549 548422  462.30769   61   32  405.00000  488.84615  20.7%   124 2050s
 3266142 549345  472.07692   57   74  405.00000  488.80769  20.7%   124 2055s
 3275845 549811     cutoff   60       405.00000  488.73932  20.7%   124 2061s
 3283756 550395  449.18834   62   40  405.00000  488.65385  20.7%   124 2065s
 3293737 551008  462.44872   58   87  405.00000  488.57692  20.6%   124 2070s
 3302410 551520  449.50000   62   71  405.00000  488.46277  20.6%   124 2075s
 3312256 551986  427.33248   59   66  405.00000  488.33138  20.6%   124 2080s
 3321254 552575  414.38462   55   73  405.00000  488.23077  20.6%   124 2085s
 3331360 553030  443.03077   57   24  405.00000  488.10000  20.5%   124 2090s
 3341363 553817     cutoff   60       405.00000  488.03846  20.5%   123 2096s
 3348960 554252 infeasible   63       405.00000  487.94231  20.5%   123 2100s
 3357565 554790  438.92991   59   67  405.00000  487.82593  20.5%   123 2105s
 3366912 555131     cutoff   59       405.00000  487.72940  20.4%   123 2110s
 3376857 555652  457.20769   53   40  405.00000  487.60817  20.4%   123 2115s
 3383223 555841 infeasible   64       405.00000  487.52089  20.4%   123 2121s
 3391414 556161     cutoff   59       405.00000  487.43077  20.4%   123 2125s
 3402025 556601 infeasible   58       405.00000  487.24527  20.3%   123 2130s
 3412024 557087  433.40000   59   34  405.00000  487.10000  20.3%   123 2135s
 3425891 557841  485.72637   58   52  405.00000  487.02154  20.3%   123 2140s
 3436260 558362 infeasible   56       405.00000  486.87692  20.2%   123 2145s
 3443789 558575  444.46154   60   52  405.00000  486.80000  20.2%   123 2150s
 3453321 558808 infeasible   55       405.00000  486.61538  20.2%   123 2155s
 3464577 559147     cutoff   61       405.00000  486.46154  20.1%   123 2160s
 3474185 559421  485.28462   58  125  405.00000  486.27308  20.1%   123 2165s
 3481354 559654     cutoff   61       405.00000  486.10577  20.0%   123 2170s
 3492248 560119 infeasible   62       405.00000  485.91346  20.0%   123 2175s
 3503580 560444 infeasible   63       405.00000  485.73077  19.9%   123 2180s
 3513523 560929  413.46538   60   81  405.00000  485.52308  19.9%   122 2185s
 3525675 561217 infeasible   64       405.00000  485.34231  19.8%   122 2191s
 3535362 561158 infeasible   58       405.00000  485.11058  19.8%   122 2195s
 3541631 561128 infeasible   61       405.00000  484.94017  19.7%   122 2200s
 3551027 561037  462.42308   55   31  405.00000  484.67692  19.7%   122 2205s
 3560484 561256  465.00000   59   36  405.00000  484.41648  19.6%   122 2210s
 3567786 561361  463.24615   61   39  405.00000  484.18437  19.6%   122 2215s
 3576029 561293     cutoff   59       405.00000  483.91484  19.5%   122 2220s
 3587322 561335 infeasible   56       405.00000  483.47802  19.4%   122 2225s
 3596470 561308 infeasible   59       405.00000  483.15975  19.3%   122 2230s
 3607037 561173  446.45000   60   37  405.00000  482.72277  19.2%   122 2235s
 3615745 561232  470.63462   53   46  405.00000  482.23077  19.1%   122 2240s
 3625230 561034  417.24439   63   52  405.00000  481.70615  18.9%   122 2245s
 3633898 560858  435.00000   60   43  405.00000  481.14769  18.8%   122 2250s
 3639898 561114     cutoff   67       405.00000  481.00000  18.8%   122 2255s
 3647825 561188     cutoff   61       405.00000  480.80128  18.7%   122 2260s
 3655855 561428 infeasible   65       405.00000  480.43333  18.6%   122 2265s
 3663917 561617  447.87363   58   61  405.00000  480.06154  18.5%   122 2270s
 3670733 562000 infeasible   60       405.00000  480.00000  18.5%   122 2275s
 3676031 562366 infeasible   57       405.00000  480.00000  18.5%   122 2280s
 3682713 562795 infeasible   64       405.00000  480.00000  18.5%   122 2285s
 3690206 563226 infeasible   62       405.00000  480.00000  18.5%   122 2290s
 3697526 563807     cutoff   62       405.00000  480.00000  18.5%   122 2295s
 3704376 564126  448.75077   62   60  405.00000  479.83077  18.5%   122 2300s
 3710437 564269  431.87637   57  103  405.00000  479.76068  18.5%   122 2305s
 3715977 564385  448.40000   59   64  405.00000  479.65385  18.4%   122 2310s
 3723457 564745  478.83462   57   74  405.00000  479.43269  18.4%   122 2315s
 3732139 565659  432.26923   64   40  405.00000  479.38000  18.4%   122 2320s
 3742620 566189 infeasible   63       405.00000  479.17415  18.3%   122 2325s
 3750454 566821  428.96154   62   41  405.00000  479.03077  18.3%   122 2330s
 3758326 567276  473.77949   61   78  405.00000  479.00000  18.3%   122 2335s
 3766263 567709     cutoff   64       405.00000  479.00000  18.3%   122 2340s
 3772712 567891     cutoff   67       405.00000  478.88504  18.2%   122 2345s
 3779110 568438  433.26923   63   40  405.00000  478.84615  18.2%   122 2350s
 3786283 568806  462.09231   58   45  405.00000  478.80000  18.2%   122 2355s
 3794197 569168  429.36154   59   59  405.00000  478.69231  18.2%   122 2360s
 3801478 569850  448.08217   59   56  405.00000  478.60684  18.2%   122 2365s
 3808987 570229 infeasible   59       405.00000  478.50000  18.1%   122 2370s
 3817076 571009  435.42308   61   61  405.00000  478.41154  18.1%   123 2375s
 3824536 571835  414.95280   58  136  405.00000  478.36154  18.1%   123 2380s
 3832322 572303 infeasible   60       405.00000  478.26923  18.1%   123 2385s
 3838289 572756  463.26923   62   40  405.00000  478.24615  18.1%   123 2390s
 3846516 573523 infeasible   66       405.00000  478.20673  18.1%   123 2395s
 3853035 574246 infeasible   57       405.00000  478.13462  18.1%   123 2400s
 3862148 574927  463.81119   60   62  405.00000  478.10000  18.0%   123 2405s
 3870746 575694  416.66608   56   60  405.00000  478.02991  18.0%   123 2411s
 3880114 576011     cutoff   57       405.00000  478.00000  18.0%   123 2415s
 3895355 576449     cutoff   58       405.00000  478.00000  18.0%   122 2420s
 3907174 576652     cutoff   57       405.00000  478.00000  18.0%   122 2425s
 3913632 577082 infeasible   59       405.00000  477.97077  18.0%   122 2430s
 3922201 577544 infeasible   61       405.00000  477.93558  18.0%   122 2435s
 3928570 577858  443.20171   59   84  405.00000  477.89904  18.0%   122 2440s
 3936247 578212 infeasible   62       405.00000  477.85043  18.0%   122 2445s
 3948060 578980 infeasible   56       405.00000  477.84615  18.0%   122 2450s
 3955750 579710  431.09231   56   76  405.00000  477.84615  18.0%   122 2455s
 3963700 580116 infeasible   66       405.00000  477.82906  18.0%   122 2460s
 3972452 580346  444.79231   61   71  405.00000  477.77692  18.0%   122 2465s
 3980394 580950  432.03846   54   59  405.00000  477.71795  18.0%   122 2470s
 3988626 581368 infeasible   58       405.00000  477.69231  17.9%   122 2475s
 3994160 581587  477.56923   55   99  405.00000  477.65385  17.9%   122 2480s
 4001064 581957  448.74904   60   61  405.00000  477.60684  17.9%   122 2485s
 4007022 582262  448.69231   63   57  405.00000  477.53846  17.9%   122 2490s
 4014606 582708     cutoff   66       405.00000  477.45846  17.9%   122 2495s
 4022882 583261     cutoff   60       405.00000  477.40410  17.9%   122 2500s
 4030492 583885  443.80769   61   65  405.00000  477.32730  17.9%   122 2505s
 4038374 584431  475.92654   60   41  405.00000  477.26923  17.8%   122 2510s
 4045853 584807  431.53846   59   51  405.00000  477.23077  17.8%   122 2515s
 4055847 585289  430.26923   62   41  405.00000  477.12308  17.8%   122 2520s
 4062868 585545  462.69231   55   66  405.00000  477.09487  17.8%   122 2525s
 4071475 585979 infeasible   57       405.00000  477.05385  17.8%   122 2530s
 4084175 585971  442.91538   57   39  405.00000  477.00000  17.8%   122 2535s
 4086977 586093     cutoff   59       405.00000  476.98452  17.8%   122 2541s
 4089322 586192  461.23077   59   43  405.00000  476.97552  17.8%   122 2545s
 4094752 586403     cutoff   63       405.00000  476.92548  17.8%   122 2550s
 4100677 586797  415.66596   57  146  405.00000  476.87607  17.7%   122 2555s
 4110470 587527 infeasible   61       405.00000  476.84615  17.7%   122 2560s
 4120499 587727  460.60190   60   62  405.00000  476.76154  17.7%   122 2565s
 4126354 588016     cutoff   67       405.00000  476.71368  17.7%   122 2570s
 4136343 588603  444.93077   56   52  405.00000  476.69231  17.7%   122 2575s
 4143119 588739  406.00000   63   19  405.00000  476.67308  17.7%   122 2580s
 4151894 588962  431.07692   61   40  405.00000  476.61538  17.7%   122 2585s
 4158663 589150 infeasible   57       405.00000  476.56410  17.7%   122 2590s
 4167119 589393     cutoff   63       405.00000  476.53846  17.7%   122 2595s
 4173931 589485 infeasible   55       405.00000  476.50000  17.7%   122 2600s
 4182196 589688     cutoff   58       405.00000  476.45385  17.6%   122 2605s
 4189972 589908     cutoff   62       405.00000  476.39147  17.6%   122 2610s
 4197744 590107  413.40064   60   93  405.00000  476.33462  17.6%   122 2615s
 4208628 590197 infeasible   62       405.00000  476.26923  17.6%   122 2620s
 4216827 590325 infeasible   61       405.00000  476.21154  17.6%   122 2626s
 4223425 590486     cutoff   61       405.00000  476.15769  17.6%   122 2630s
 4228679 589806  462.23077   58   34  405.00000  476.11538  17.6%   122 2641s
 4246959 589591  443.37703   65   76  405.00000  476.08974  17.6%   122 2645s
 4254855 589646  434.01154   56   51  405.00000  476.02923  17.5%   122 2651s
 4262010 589772 infeasible   55       405.00000  475.96154  17.5%   122 2655s
 4271996 589818 infeasible   63       405.00000  475.92453  17.5%   122 2660s
 4281044 589883 infeasible   59       405.00000  475.84286  17.5%   122 2666s
 4287921 589935  458.97515   56   50  405.00000  475.77692  17.5%   122 2670s
 4296602 590092 infeasible   66       405.00000  475.70769  17.5%   122 2675s
 4305997 590225 infeasible   61       405.00000  475.67308  17.5%   122 2680s
 4314812 590194  430.56044   58   73  405.00000  475.60615  17.4%   122 2685s
 4321498 590202     cutoff   61       405.00000  475.54103  17.4%   122 2690s
 4330733 590389  427.95192   55   97  405.00000  475.53846  17.4%   122 2695s
 4339696 590199     cutoff   59       405.00000  475.50000  17.4%   122 2700s
 4349484 590072 infeasible   55       405.00000  475.40385  17.4%   122 2706s
 4358026 590095     cutoff   61       405.00000  475.37363  17.4%   122 2710s
 4366182 590105 infeasible   60       405.00000  475.32308  17.4%   122 2715s
 4370710 589292  428.73608   57   67  405.00000  475.29915  17.4%   122 2726s
 4384998 589276  415.98509   66   37  405.00000  475.19780  17.3%   122 2730s
 4394169 589273     cutoff   67       405.00000  475.11538  17.3%   122 2735s
 4402496 589153     cutoff   61       405.00000  475.05652  17.3%   122 2740s
 4411193 589063  433.00000   65   37  405.00000  474.96154  17.3%   122 2745s
 4419908 588960  415.36801   58   68  405.00000  474.92000  17.3%   122 2750s
 4430318 589154 infeasible   63       405.00000  474.80769  17.2%   122 2755s
 4440071 589308  456.46154   58  109  405.00000  474.76923  17.2%   122 2760s
 4449333 589248  416.89162   64   44  405.00000  474.70000  17.2%   122 2765s
 4458154 589341     cutoff   62       405.00000  474.61538  17.2%   122 2770s
 4467258 589343  414.71635   64   45  405.00000  474.53846  17.2%   122 2775s
 4477034 589287  445.23077   61   38  405.00000  474.46154  17.2%   122 2780s
 4486634 589350  415.53846   60   45  405.00000  474.38462  17.1%   122 2785s
 4496175 589089 infeasible   61       405.00000  474.33846  17.1%   122 2790s
 4503699 589081  429.14462   62  118  405.00000  474.24359  17.1%   122 2795s
 4513209 589106  417.86346   66   59  405.00000  474.18269  17.1%   122 2800s
 4522194 589035 infeasible   60       405.00000  474.12821  17.1%   122 2805s
 4528507 588968 infeasible   64       405.00000  474.05846  17.1%   122 2810s
 4535308 588918 infeasible   65       405.00000  473.98462  17.0%   122 2815s
 4545134 588832  408.31369   58   69  405.00000  473.88462  17.0%   122 2820s
 4554500 588779     cutoff   65       405.00000  473.80769  17.0%   121 2825s
 4564109 588647     cutoff   60       405.00000  473.76923  17.0%   121 2830s
 4572426 588635  459.79670   59  132  405.00000  473.66538  17.0%   121 2835s
 4581969 588694  432.27778   61   65  405.00000  473.61538  16.9%   121 2840s
 4590328 588702  455.03077   58   65  405.00000  473.54231  16.9%   121 2845s
 4599940 588505  430.42308   64   50  405.00000  473.40769  16.9%   121 2850s
 4609151 588307 infeasible   59       405.00000  473.31231  16.9%   121 2855s
 4619487 588290  419.82308   60   27  405.00000  473.21731  16.8%   121 2860s
 4628441 588175 infeasible   59       405.00000  473.10769  16.8%   121 2865s
 4636949 588088 infeasible   59       405.00000  473.07495  16.8%   121 2870s
 4644827 588032  438.05345   59   56  405.00000  473.00275  16.8%   121 2875s
 4654060 588064  413.38531   61   71  405.00000  472.92569  16.8%   121 2880s
 4665049 587971  412.06593   59   70  405.00000  472.80769  16.7%   121 2885s
 4670618 587874  442.07077   59   64  405.00000  472.77726  16.7%   121 2890s
 4679428 587642  408.67937   63   29  405.00000  472.65385  16.7%   121 2895s
 4691540 587208 infeasible   61       405.00000  472.55385  16.7%   121 2900s
 4701904 587086 infeasible   59       405.00000  472.44056  16.7%   121 2905s
 4711852 586869  443.19872   57   86  405.00000  472.31006  16.6%   121 2910s
 4720325 586620     cutoff   56       405.00000  472.19471  16.6%   121 2915s
 4730869 586472 infeasible   69       405.00000  472.07692  16.6%   121 2920s
 4741288 586322  410.08791   58   22  405.00000  471.99077  16.5%   121 2925s
 4750176 586282     cutoff   59       405.00000  471.92308  16.5%   121 2930s
 4760869 586129     cutoff   60       405.00000  471.83077  16.5%   121 2935s
 4769374 585882 infeasible   68       405.00000  471.68376  16.5%   121 2940s
 4780575 585463  443.11538   59   59  405.00000  471.50909  16.4%   121 2945s
 4790408 585247  443.53846   59   86  405.00000  471.34615  16.4%   121 2950s
 4799017 584989 infeasible   65       405.00000  471.24308  16.4%   121 2955s
 4808733 584625 infeasible   55       405.00000  471.07692  16.3%   121 2960s
 4818831 584369 infeasible   60       405.00000  470.93162  16.3%   121 2965s
 4825466 583820  454.15897   59   82  405.00000  470.90237  16.3%   121 2970s
 4837445 583357  413.49301   59   53  405.00000  470.70280  16.2%   121 2975s
 4847475 582945  443.70513   62  136  405.00000  470.51096  16.2%   120 2980s
 4855912 582563     cutoff   60       405.00000  470.35385  16.1%   120 2985s
 4867943 582153  409.90385   62   47  405.00000  470.19231  16.1%   120 2990s
 4877709 581830 infeasible   57       405.00000  470.03846  16.1%   120 2995s
 4888864 581436 infeasible   61       405.00000  469.80374  16.0%   120 3000s
 4900186 580545     cutoff   61       405.00000  469.59231  15.9%   120 3005s
 4909434 579982     cutoff   60       405.00000  469.33846  15.9%   120 3010s
 4917427 579393  410.50000   64   27  405.00000  469.14128  15.8%   120 3015s
 4927480 578833  461.06916   58  134  405.00000  468.87179  15.8%   120 3020s
 4937498 578035 infeasible   58       405.00000  468.57115  15.7%   120 3025s
 4945928 577526 infeasible   60       405.00000  468.32579  15.6%   120 3030s
 4955905 577064  429.31538   60  112  405.00000  468.01538  15.6%   120 3035s
 4964897 576238 infeasible   59       405.00000  467.72906  15.5%   120 3040s
 4972380 575485  424.87637   60   62  405.00000  467.41538  15.4%   120 3045s
 4980112 575174 infeasible   65       405.00000  467.14615  15.3%   120 3050s
 4990981 574318 infeasible   59       405.00000  466.73077  15.2%   120 3055s
 4999249 573794 infeasible   60       405.00000  466.40154  15.2%   120 3060s
 5008453 573323  429.37538   62   55  405.00000  466.00000  15.1%   120 3065s
 5014171 573159  446.33846   61   53  405.00000  466.00000  15.1%   120 3070s
 5019447 572979 infeasible   64       405.00000  466.00000  15.1%   120 3075s
 5026670 572564 infeasible   61       405.00000  465.75385  15.0%   120 3080s
 5037019 572243 infeasible   59       405.00000  465.34615  14.9%   120 3085s
 5044807 571827     cutoff   63       405.00000  465.07692  14.8%   120 3090s
 5050857 571373 infeasible   58       405.00000  465.00000  14.8%   120 3095s
 5057492 571065  461.80530   59  114  405.00000  465.00000  14.8%   120 3100s
 5063637 570908 infeasible   65       405.00000  465.00000  14.8%   120 3105s
 5070066 570780 infeasible   61       405.00000  465.00000  14.8%   120 3110s
 5076283 570502 infeasible   62       405.00000  464.92457  14.8%   120 3115s
 5083349 570334 infeasible   58       405.00000  464.79915  14.8%   120 3120s
 5087040 570026     cutoff   65       405.00000  464.76068  14.8%   120 3125s
 5096043 569809 infeasible   59       405.00000  464.60462  14.7%   120 3130s
 5104493 569917     cutoff   56       405.00000  464.42308  14.7%   120 3135s
 5112616 570105  434.42308   65   23  405.00000  464.38462  14.7%   120 3140s
 5121839 569758  413.50769   62   30  405.00000  464.23077  14.6%   120 3145s
 5127629 569837  417.07692   64   18  405.00000  464.13462  14.6%   120 3150s
 5135393 570079  433.83516   60   48  405.00000  464.03846  14.6%   120 3155s
 5142009 570058 infeasible   65       405.00000  464.00000  14.6%   120 3160s
 5149787 570242 infeasible   66       405.00000  464.00000  14.6%   120 3165s
 5157593 570294  432.68034   62   72  405.00000  463.93077  14.6%   121 3170s
 5165007 570206     cutoff   67       405.00000  463.84615  14.5%   121 3175s
 5173262 570286     cutoff   62       405.00000  463.82967  14.5%   121 3180s
 5182079 570582 infeasible   61       405.00000  463.78205  14.5%   121 3185s
 5190092 570873  449.42308   63   79  405.00000  463.70962  14.5%   121 3190s
 5197912 571113 infeasible   64       405.00000  463.65385  14.5%   121 3195s
 5206105 571366     cutoff   64       405.00000  463.61538  14.5%   121 3201s
 5211446 571659  430.73327   61   70  405.00000  463.57077  14.5%   121 3205s
 5220134 572103  425.54725   61   33  405.00000  463.53846  14.5%   121 3210s
 5228986 572733  462.46673   58   79  405.00000  463.51923  14.4%   121 3215s
 5234532 572729     cutoff   57       405.00000  463.48269  14.4%   121 3220s
 5246564 572946     cutoff   62       405.00000  463.42308  14.4%   121 3225s
 5258127 573048  447.80879   60   45  405.00000  463.42308  14.4%   121 3230s
 5267564 573135     cutoff   63       405.00000  463.42308  14.4%   121 3235s
 5275142 573260  448.42308   58   53  405.00000  463.42308  14.4%   121 3240s
 5282634 573522 infeasible   60       405.00000  463.42308  14.4%   121 3245s
 5290025 573457  432.96853   60   61  405.00000  463.38889  14.4%   121 3250s
 5295818 573541  417.10513   63   27  405.00000  463.35385  14.4%   121 3255s
 5301468 573558 infeasible   59       405.00000  463.32051  14.4%   121 3260s
 5301559 572709  415.32692   62   36  405.00000  463.32051  14.4%   121 3275s
 5320776 572791  430.13846   61   37  405.00000  463.26319  14.4%   121 3280s
 5328685 572696  415.79121   61   38  405.00000  463.23077  14.4%   121 3285s
 5336019 572695  447.55769   61   33  405.00000  463.20085  14.4%   121 3290s
 5342965 572763     cutoff   58       405.00000  463.16346  14.4%   121 3295s
 5349404 572873  427.00769   61   72  405.00000  463.13462  14.4%   121 3300s
 5357088 573065  434.13462   62   57  405.00000  463.07692  14.3%   121 3305s
 5364955 573145  435.00000   69   75  405.00000  463.05357  14.3%   121 3310s
 5373439 573206     cutoff   60       405.00000  463.00000  14.3%   121 3315s
 5381916 573418  430.69231   58   43  405.00000  463.00000  14.3%   121 3320s
 5390083 573726  428.07692   62   69  405.00000  462.98077  14.3%   121 3325s
 5394506 573644  431.22999   61   78  405.00000  462.96154  14.3%   121 3330s
 5400244 573594  448.32275   62   53  405.00000  462.91958  14.3%   121 3335s
 5408204 573497  430.96261   64   50  405.00000  462.86154  14.3%   121 3341s
 5416576 573735 infeasible   58       405.00000  462.84615  14.3%   121 3345s
 5425137 573875     cutoff   62       405.00000  462.84615  14.3%   121 3350s
 5432969 573757  433.45305   60   98  405.00000  462.78846  14.3%   121 3355s
 5439238 573479  432.19231   60   58  405.00000  462.73846  14.3%   121 3360s
 5447976 573214  430.69231   60  106  405.00000  462.69231  14.2%   121 3365s
 5457630 573182  429.29487   59   51  405.00000  462.65385  14.2%   121 3370s
 5465945 573135  447.84615   62   32  405.00000  462.62607  14.2%   121 3375s
 5471871 573169 infeasible   64       405.00000  462.60000  14.2%   121 3380s
 5479925 572891 infeasible   57       405.00000  462.55712  14.2%   121 3385s
 5488234 572829 infeasible   66       405.00000  462.51346  14.2%   121 3390s
 5496129 572516  418.12308   63   15  405.00000  462.46514  14.2%   121 3395s
 5505046 572457 infeasible   68       405.00000  462.42308  14.2%   121 3400s
 5516187 572557  461.24615   59   41  405.00000  462.42308  14.2%   121 3405s
 5525791 572601  446.26923   62   59  405.00000  462.42308  14.2%   121 3410s
 5531675 572450  418.42308   64   36  405.00000  462.39641  14.2%   121 3415s
 5539713 572194 infeasible   61       405.00000  462.33692  14.2%   121 3420s
 5548402 572096  445.01820   58   73  405.00000  462.27885  14.1%   121 3425s
 5557175 571982  446.32418   62   58  405.00000  462.26923  14.1%   121 3430s
 5565111 571769  418.72654   62  114  405.00000  462.25000  14.1%   121 3435s
 5575483 571405  431.65385   64   28  405.00000  462.20833  14.1%   121 3440s
 5582931 571118  460.37538   56   49  405.00000  462.15522  14.1%   121 3445s
 5590374 571267     cutoff   63       405.00000  462.13462  14.1%   121 3450s
 5600008 571023 infeasible   61       405.00000  462.09890  14.1%   121 3455s
 5608267 570789 infeasible   63       405.00000  462.07692  14.1%   121 3460s
 5616778 570714  431.26923   59   45  405.00000  462.03846  14.1%   121 3465s
 5625117 570691  430.47692   59  102  405.00000  462.00000  14.1%   121 3470s
 5633269 570714 infeasible   66       405.00000  461.98615  14.1%   121 3475s
 5642358 570614     cutoff   63       405.00000  461.95769  14.1%   121 3480s
 5650339 570366  429.21538   58   58  405.00000  461.92308  14.1%   121 3485s
 5658537 570064  428.78067   61  143  405.00000  461.88235  14.0%   121 3490s
 5662496 569985  445.71978   60   78  405.00000  461.85714  14.0%   121 3495s
 5671920 570016  460.69231   58   42  405.00000  461.84615  14.0%   121 3500s
 5683383 569276  446.84615   57   25  405.00000  461.81250  14.0%   121 3505s
 5692595 568881     cutoff   65       405.00000  461.76374  14.0%   121 3510s
 5700207 568540  427.76923   58   68  405.00000  461.71163  14.0%   121 3515s
 5711589 567918  430.45231   56   67  405.00000  461.69231  14.0%   121 3520s
 5719518 567644     cutoff   59       405.00000  461.69231  14.0%   121 3525s
 5728983 567079     cutoff   65       405.00000  461.65385  14.0%   121 3530s
 5736424 566808 infeasible   62       405.00000  461.61538  14.0%   121 3535s
 5744490 566282  442.96154   60   80  405.00000  461.56731  14.0%   121 3540s
 5753198 565916  430.20000   63   53  405.00000  461.53846  14.0%   121 3545s
 5761145 565568  447.01099   59  108  405.00000  461.51923  14.0%   121 3550s
 5770590 565161  426.41538   66   58  405.00000  461.48462  13.9%   121 3555s
 5777832 565001 infeasible   61       405.00000  461.45299  13.9%   121 3560s
 5786716 564581  430.77762   55   57  405.00000  461.41538  13.9%   121 3565s
 5792111 564322     cutoff   66       405.00000  461.39423  13.9%   121 3570s
 5799724 563891     cutoff   65       405.00000  461.34615  13.9%   121 3575s
 5808077 563482  435.00000   60   90  405.00000  461.29532  13.9%   121 3580s
 5818385 562660  429.53846   58   37  405.00000  461.26923  13.9%   121 3585s
 5828755 561938 infeasible   64       405.00000  461.24615  13.9%   121 3590s
 5835768 561488  442.56838   57   88  405.00000  461.20330  13.9%   121 3595s
 5844542 560896  414.38462   61   32  405.00000  461.14744  13.9%   121 3600s
 5855072 560008  417.13462   62   41  405.00000  461.11538  13.9%   121 3605s
 5864817 559224  431.06154   59   87  405.00000  461.06731  13.8%   121 3610s
 5872266 558631     cutoff   58       405.00000  461.01538  13.8%   121 3615s
 5880947 558024     cutoff   59       405.00000  460.96154  13.8%   121 3620s
 5889216 557599     cutoff   63       405.00000  460.92308  13.8%   121 3625s
 5896844 557071  411.07692   63   55  405.00000  460.88308  13.8%   121 3630s
 5905347 556707  445.92308   62   44  405.00000  460.83818  13.8%   121 3635s
 5913798 556217  416.41774   63   37  405.00000  460.79762  13.8%   121 3640s
 5919357 555867  430.25962   64   32  405.00000  460.76923  13.8%   121 3645s
 5928290 555207  446.84615   61   37  405.00000  460.70330  13.8%   121 3650s
 5938907 554525 infeasible   61       405.00000  460.68029  13.7%   121 3655s
 5946359 553984 infeasible   68       405.00000  460.62019  13.7%   121 3660s
 5954751 553377 infeasible   61       405.00000  460.55769  13.7%   121 3665s
 5964046 552720  414.96154   66   50  405.00000  460.53846  13.7%   121 3670s
 5971909 551927  427.30513   58   51  405.00000  460.50000  13.7%   121 3675s
 5980501 551214  446.27244   63   77  405.00000  460.45000  13.7%   121 3680s
 5989887 550530     cutoff   59       405.00000  460.38462  13.7%   121 3685s
 5997698 549882  457.67538   63   40  405.00000  460.35714  13.7%   121 3690s
 6006865 549308 infeasible   64       405.00000  460.30142  13.7%   121 3695s
 6015192 548500  429.14423   66   56  405.00000  460.26000  13.6%   121 3700s
 6022779 547746  440.91538   56   86  405.00000  460.21154  13.6%   121 3705s
 6029406 547258  442.64359   57   57  405.00000  460.15385  13.6%   121 3710s
 6038524 546604  446.52404   59   41  405.00000  460.11301  13.6%   121 3715s
 6046211 545873  428.51923   65   95  405.00000  460.04769  13.6%   121 3720s
 6054235 545127     cutoff   58       405.00000  459.96581  13.6%   121 3725s
 6063192 544255 infeasible   63       405.00000  459.93357  13.6%   121 3730s
 6069376 543747  441.07621   58   85  405.00000  459.87821  13.6%   121 3735s
 6074801 543390     cutoff   63       405.00000  459.84615  13.5%   121 3740s
 6085319 542290 infeasible   62       405.00000  459.77885  13.5%   121 3745s
 6093053 541627  441.63077   59  113  405.00000  459.72222  13.5%   121 3750s
 6101412 540912  421.00000   61   37  405.00000  459.66346  13.5%   121 3755s
 6109261 540037  447.84808   58   63  405.00000  459.61538  13.5%   121 3760s
 6118325 538934 infeasible   60       405.00000  459.53846  13.5%   121 3765s
 6128597 537992  425.32357   61   64  405.00000  459.51709  13.5%   121 3770s
 6135723 537172  428.60256   57   90  405.00000  459.44231  13.4%   121 3775s
 6144869 536163  413.51923   64   18  405.00000  459.38462  13.4%   121 3780s
 6154671 535203  423.50000   60   41  405.00000  459.36154  13.4%   121 3785s
 6163961 534233  419.14542   61   37  405.00000  459.28205  13.4%   121 3790s
 6174383 533269  428.82975   62   43  405.00000  459.22664  13.4%   120 3795s
 6182495 532485     cutoff   58       405.00000  459.16593  13.4%   120 3800s
 6189895 531855     cutoff   66       405.00000  459.10790  13.4%   120 3805s
 6197690 530894     cutoff   57       405.00000  459.03846  13.3%   120 3810s
 6206619 530040     cutoff   59       405.00000  458.96154  13.3%   120 3815s
 6211598 529415  455.08173   58   97  405.00000  458.93846  13.3%   120 3820s
 6219614 528794     cutoff   62       405.00000  458.85055  13.3%   120 3825s
 6228709 527843 infeasible   62       405.00000  458.80769  13.3%   120 3830s
 6238036 526772  429.46154   59   70  405.00000  458.73932  13.3%   120 3835s
 6248181 525857  412.73077   58   60  405.00000  458.65385  13.2%   120 3840s
 6256711 525133     cutoff   63       405.00000  458.61538  13.2%   120 3845s
 6266562 524145 infeasible   61       405.00000  458.53846  13.2%   120 3850s
 6274293 523254 infeasible   57       405.00000  458.47308  13.2%   120 3855s
 6282605 522251  424.78462   58   38  405.00000  458.39231  13.2%   120 3860s
 6292699 521076  415.71218   62   30  405.00000  458.30769  13.2%   120 3865s
 6300908 520137  417.73077   61   47  405.00000  458.23077  13.1%   120 3870s
 6310990 518959 infeasible   67       405.00000  458.18308  13.1%   120 3875s
 6320287 517851 infeasible   56       405.00000  458.08462  13.1%   120 3880s
 6328232 517018     cutoff   58       405.00000  458.02802  13.1%   120 3885s
 6337436 516193  444.47154   57   62  405.00000  457.95385  13.1%   120 3890s
 6344331 515169     cutoff   61       405.00000  457.88462  13.1%   120 3895s
 6353860 514121  426.07692   58   62  405.00000  457.80769  13.0%   120 3900s
 6363467 512941     cutoff   60       405.00000  457.73077  13.0%   120 3905s
 6371792 511880  426.40769   57   49  405.00000  457.65385  13.0%   120 3910s
 6381726 510738  425.87500   58   70  405.00000  457.58462  13.0%   120 3915s
 6389798 509658  443.73333   59   80  405.00000  457.50000  13.0%   120 3920s
 6399379 508446  441.04327   61   37  405.00000  457.39560  12.9%   120 3925s
 6410667 507033  452.75962   58   59  405.00000  457.26084  12.9%   120 3930s
 6419647 506233  435.00000   63   68  405.00000  457.20000  12.9%   120 3935s
 6430232 504801     cutoff   62       405.00000  457.07692  12.9%   120 3940s
 6440129 503670  447.73427   62  123  405.00000  457.00769  12.8%   120 3945s
 6449824 502560     cutoff   64       405.00000  456.92308  12.8%   120 3950s
 6460459 501137  430.52198   61   98  405.00000  456.83077  12.8%   120 3955s
 6469193 500026 infeasible   61       405.00000  456.71703  12.8%   120 3960s
 6477415 498730 infeasible   58       405.00000  456.62308  12.7%   120 3965s
 6488792 497112  428.10023   57   65  405.00000  456.47177  12.7%   120 3970s
 6497571 495763  425.51099   59   32  405.00000  456.35246  12.7%   120 3975s
 6505059 494575  433.13462   58   74  405.00000  456.26154  12.7%   120 3980s
 6514012 493283 infeasible   65       405.00000  456.14615  12.6%   120 3985s
 6522513 492207     cutoff   68       405.00000  456.04000  12.6%   120 3990s
 6532524 490545     cutoff   57       405.00000  455.90385  12.6%   120 3995s
 6540486 489199  443.07692   59   43  405.00000  455.78902  12.5%   120 4000s
 6548441 487917     cutoff   57       405.00000  455.65385  12.5%   120 4005s
 6556417 486600  449.42308   60   71  405.00000  455.51099  12.5%   120 4010s
 6566695 484962  426.43077   64   34  405.00000  455.34615  12.4%   120 4015s
 6576473 483304  433.96703   60   54  405.00000  455.15385  12.4%   120 4020s
 6584874 481860 infeasible   60       405.00000  454.97773  12.3%   120 4025s
 6592780 480373  445.91538   60  110  405.00000  454.82308  12.3%   120 4030s
 6601349 478793  412.62019   60   93  405.00000  454.66154  12.3%   120 4035s
 6609931 477186     cutoff   63       405.00000  454.48802  12.2%   120 4040s
 6619497 475297  445.80633   62   43  405.00000  454.26224  12.2%   120 4045s
 6628110 473615 infeasible   61       405.00000  454.06154  12.1%   120 4050s
 6637931 471982 infeasible   61       405.00000  453.83297  12.1%   120 4055s
 6646195 470288  421.30769   60   47  405.00000  453.61538  12.0%   120 4060s
 6656117 468717  412.46615   64   62  405.00000  453.31731  11.9%   120 4065s
 6663305 467060 infeasible   62       405.00000  453.09154  11.9%   120 4070s
 6672370 465571     cutoff   62       405.00000  452.81282  11.8%   120 4075s
 6682211 463630 infeasible   57       405.00000  452.46154  11.7%   120 4080s
 6690251 462149 infeasible   61       405.00000  452.16752  11.6%   120 4085s
 6698362 460684 infeasible   61       405.00000  451.90385  11.6%   120 4090s
 6706369 459324  432.46955   62   46  405.00000  451.53846  11.5%   120 4095s
 6715935 457725  409.37297   56   59  405.00000  451.15385  11.4%   120 4100s
 6723716 456558  432.42308   63   48  405.00000  450.90000  11.3%   120 4105s
 6731461 455441  446.61538   59   53  405.00000  450.58654  11.3%   120 4110s
 6739506 454629 infeasible   62       405.00000  450.29720  11.2%   120 4115s
 6747185 453737  450.00000   61   97  405.00000  450.09761  11.1%   120 4121s
 6753613 453561  411.15385   60    7  405.00000  450.00000  11.1%   120 4125s
 6761204 453051  449.73590   63   59  405.00000  450.00000  11.1%   120 4130s
 6767118 452596  449.13077   59   38  405.00000  450.00000  11.1%   120 4135s
 6774576 452106  433.57692   59   49  405.00000  450.00000  11.1%   120 4141s
 6779208 451652  416.45000   67   16  405.00000  450.00000  11.1%   120 4145s
 6784642 450936  449.38462   60   51  405.00000  449.96154  11.1%   120 4150s
 6792057 450237  449.19723   63   61  405.00000  449.84615  11.1%   120 4155s
 6800926 449491 infeasible   62       405.00000  449.72028  11.0%   120 4160s
 6807599 448812 infeasible   63       405.00000  449.61538  11.0%   120 4165s
 6816128 447911  433.55495   63   19  405.00000  449.50000  11.0%   120 4170s
 6822361 447313  433.84615   66    2  405.00000  449.42308  11.0%   120 4175s
 6831364 446556 infeasible   59       405.00000  449.38462  11.0%   120 4181s
 6837767 445688     cutoff   57       405.00000  449.26923  10.9%   120 4185s
 6845576 444980  449.12308   60   63  405.00000  449.15385  10.9%   120 4191s
 6852785 444220 infeasible   61       405.00000  449.07692  10.9%   120 4195s
 6861088 443797     cutoff   65       405.00000  449.01346  10.9%   120 4200s
 6874680 442812  449.00000   59   44  405.00000  449.00000  10.9%   120 4205s
 6883464 442088  418.61538   62   14  405.00000  449.00000  10.9%   120 4210s
 6892122 441388     cutoff   64       405.00000  449.00000  10.9%   120 4215s
 6898533 440901  432.26923   64   11  405.00000  449.00000  10.9%   120 4220s
 6906632 440339  416.04615   65    4  405.00000  449.00000  10.9%   120 4225s
 6916550 439602  432.68462   62   17  405.00000  449.00000  10.9%   120 4230s
 6924752 439085 infeasible   64       405.00000  449.00000  10.9%   121 4235s
 6932916 438576  414.35096   60   40  405.00000  449.00000  10.9%   121 4240s
 6942718 437923  434.00000   63   24  405.00000  449.00000  10.9%   121 4245s
 6950879 437416 infeasible   61       405.00000  449.00000  10.9%   121 4250s
 6958933 436910  432.24615   64   40  405.00000  449.00000  10.9%   121 4255s
 6966473 436418  418.12308   62   24  405.00000  449.00000  10.9%   121 4260s
 6974579 435885  448.40000   60   23  405.00000  449.00000  10.9%   121 4265s
 6982496 435430  416.08132   62   24  405.00000  449.00000  10.9%   121 4271s
 6987210 434804  432.76876   62   89  405.00000  448.98077  10.9%   121 4276s
 6993998 433935     cutoff   67       405.00000  448.90769  10.8%   121 4281s
 7000402 433060  435.00000   63   39  405.00000  448.85270  10.8%   121 4286s
 7006395 432677  432.11538   62   77  405.00000  448.84615  10.8%   121 4290s
 7007848 432224  428.53654   61   41  405.00000  448.84615  10.8%   121 4295s
 7014788 431371 infeasible   64       405.00000  448.82249  10.8%   121 4300s
 7021845 430179  448.14525   63   43  405.00000  448.78077  10.8%   121 4305s
 7029414 428278  433.68269   63   31  405.00000  448.74615  10.8%   121 4310s
 7038545 427301     cutoff   63       405.00000  448.71154  10.8%   121 4315s
 7044905 426712     cutoff   63       405.00000  448.66608  10.8%   121 4320s
 7052653 426078  432.96923   63   81  405.00000  448.60684  10.8%   121 4325s
 7058930 425462  417.66653   65   44  405.00000  448.55673  10.8%   121 4330s
 7067355 424626  418.13462   63   69  405.00000  448.46154  10.7%   121 4335s
 7076288 423636 infeasible   66       405.00000  448.42308  10.7%   121 4340s
 7087686 422385  432.24615   63   46  405.00000  448.40000  10.7%   121 4345s
 7096223 421441  432.24615   62   20  405.00000  448.40000  10.7%   121 4350s
 7103014 420454  432.83516   59   30  405.00000  448.36154  10.7%   121 4355s
 7109236 419724  447.69231   67    3  405.00000  448.30769  10.7%   121 4360s
 7116967 418783  432.90659   60  109  405.00000  448.26923  10.7%   121 4365s
 7125619 417833  429.19670   62   30  405.00000  448.22346  10.7%   121 4370s
 7133681 416865  431.76346   58   40  405.00000  448.15487  10.7%   121 4375s
 7141559 415903  444.69846   62   36  405.00000  448.10879  10.6%   121 4380s
 7150810 414861  445.12413   61   47  405.00000  448.03846  10.6%   121 4385s
 7157974 414163  433.00000   62   44  405.00000  448.00000  10.6%   121 4390s
 7166718 413353  432.29846   64   34  405.00000  448.00000  10.6%   121 4395s
 7176439 412663  433.00000   63   20  405.00000  448.00000  10.6%   121 4400s
 7184472 412100 infeasible   64       405.00000  448.00000  10.6%   121 4405s
 7190505 411538  431.30808   62  151  405.00000  447.98077  10.6%   121 4410s
 7198685 410655  430.95735   60   84  405.00000  447.91827  10.6%   121 4415s
 7204328 409967  426.39510   65   88  405.00000  447.86813  10.6%   121 4420s
 7211086 409221 infeasible   58       405.00000  447.84615  10.6%   121 4425s
 7221822 408211  417.54423   65   44  405.00000  447.83761  10.6%   121 4430s
 7230661 407036  431.32906   64   38  405.00000  447.78764  10.6%   121 4435s
 7238649 405989     cutoff   66       405.00000  447.72837  10.6%   121 4440s
 7246832 404711  416.30769   66   23  405.00000  447.68750  10.5%   121 4445s
 7254445 403728  431.77967   58   94  405.00000  447.64286  10.5%   121 4450s
 7263688 402841     cutoff   58       405.00000  447.61538  10.5%   121 4455s
 7270254 401892 infeasible   63       405.00000  447.56227  10.5%   121 4460s
 7277326 400916 infeasible   65       405.00000  447.53462  10.5%   121 4465s
 7285199 400062  434.00000   60   46  405.00000  447.48718  10.5%   121 4470s
 7291182 399306     cutoff   56       405.00000  447.46154  10.5%   121 4475s
 7302073 398466  444.30769   55   75  405.00000  447.42308  10.5%   121 4480s
 7309877 397572  431.81538   60   35  405.00000  447.40000  10.5%   121 4485s
 7318734 396499 infeasible   60       405.00000  447.35538  10.5%   121 4490s
 7324790 395783     cutoff   58       405.00000  447.30769  10.4%   121 4495s
 7333738 394644 infeasible   63       405.00000  447.26923  10.4%   121 4500s
 7342141 393660 infeasible   65       405.00000  447.26923  10.4%   121 4505s
 7352701 392399 infeasible   64       405.00000  447.24615  10.4%   121 4510s
 7361544 391368 infeasible   59       405.00000  447.20000  10.4%   121 4515s
 7370854 390143     cutoff   57       405.00000  447.13462  10.4%   121 4520s
 7381011 388680  428.89011   61   91  405.00000  447.10769  10.4%   121 4525s
 7388931 387632     cutoff   61       405.00000  447.07521  10.4%   121 4530s
 7395732 386766  416.99231   62   70  405.00000  447.02991  10.4%   121 4535s
 7403258 385325  439.68308   68   42  405.00000  447.00000  10.4%   121 4540s
 7409714 384269  430.66346   63   60  405.00000  446.96769  10.4%   121 4545s
 7417686 383045  430.51786   60   41  405.00000  446.90110  10.3%   121 4550s
 7427984 381484 infeasible   64       405.00000  446.84615  10.3%   121 4555s
 7438356 380314 infeasible   65       405.00000  446.84615  10.3%   121 4560s
 7448775 378650  431.34965   63   57  405.00000  446.80000  10.3%   121 4565s
 7457243 377326     cutoff   62       405.00000  446.73077  10.3%   121 4570s
 7466280 375819 infeasible   60       405.00000  446.69231  10.3%   121 4575s
 7472674 374912 infeasible   57       405.00000  446.67415  10.3%   121 4580s
 7480172 373748  431.89423   65   42  405.00000  446.63135  10.3%   121 4585s
 7488653 372489  433.36538   64   45  405.00000  446.56538  10.3%   121 4590s
 7495644 371510 infeasible   61       405.00000  446.53846  10.3%   121 4595s
 7503891 370340  418.79487   60   53  405.00000  446.49111  10.2%   121 4600s
 7512192 369167 infeasible   66       405.00000  446.43846  10.2%   121 4605s
 7522533 367816     cutoff   55       405.00000  446.38462  10.2%   121 4610s
 7531916 366492  432.09231   62   78  405.00000  446.31538  10.2%   121 4615s
 7540356 365162  446.26923   60   75  405.00000  446.26923  10.2%   121 4620s
 7548852 363927  429.33846   58   43  405.00000  446.24423  10.2%   121 4625s
 7556658 362712  426.26319   55   67  405.00000  446.17319  10.2%   121 4630s
 7565382 361381 infeasible   64       405.00000  446.11538  10.2%   121 4635s
 7572966 359899 infeasible   60       405.00000  446.07692  10.1%   121 4640s
 7581490 358226  443.65963   60  133  405.00000  446.01538  10.1%   121 4645s
 7589752 356689     cutoff   62       405.00000  445.96154  10.1%   121 4650s
 7599308 354932  432.02991   59  126  405.00000  445.87692  10.1%   121 4655s
 7609794 353120 infeasible   63       405.00000  445.82308  10.1%   121 4660s
 7615133 351938  430.25000   59   49  405.00000  445.76923  10.1%   121 4665s
 7624127 349980     cutoff   60       405.00000  445.69231  10.0%   121 4670s
 7632508 348344  413.10785   62   57  405.00000  445.63251  10.0%   121 4675s
 7640452 346594 infeasible   65       405.00000  445.54571  10.0%   121 4680s
 7649650 344997  430.79072   57   82  405.00000  445.52051  10.0%   121 4685s
 7657252 343430 infeasible   66       405.00000  445.44676  10.0%   121 4690s
 7667255 341414 infeasible   60       405.00000  445.36154  10.0%   121 4695s
 7675628 339671  443.73077   58   74  405.00000  445.29121  9.95%   121 4700s
 7685230 337744 infeasible   63       405.00000  445.19231  9.92%   121 4705s
 7694885 335558 infeasible   57       405.00000  445.10857  9.90%   121 4710s
 7703163 333789 infeasible   62       405.00000  445.01538  9.88%   121 4715s
 7711747 332101 infeasible   63       405.00000  444.94872  9.86%   121 4720s
 7719994 330228 infeasible   61       405.00000  444.84981  9.84%   121 4725s
 7729889 328100  413.49915   61  138  405.00000  444.76923  9.82%   121 4730s
 7738402 326351 infeasible   65       405.00000  444.68077  9.80%   121 4735s
 7748023 324241     cutoff   60       405.00000  444.57033  9.77%   121 4740s
 7754213 322815 infeasible   61       405.00000  444.53846  9.76%   121 4745s
 7764339 320355 infeasible   56       405.00000  444.40000  9.73%   121 4750s
 7772749 318405  439.91319   56   62  405.00000  444.33077  9.71%   121 4755s
 7781396 316352 infeasible   59       405.00000  444.22378  9.68%   121 4760s
 7791037 314126  417.48998   67   40  405.00000  444.09829  9.65%   121 4765s
 7799278 312028     cutoff   62       405.00000  443.98521  9.63%   121 4770s
 7808019 310195 infeasible   62       405.00000  443.89949  9.60%   121 4775s
 7818130 307783     cutoff   61       405.00000  443.79231  9.58%   121 4780s
 7826200 305802 infeasible   66       405.00000  443.68510  9.55%   121 4785s
 7834739 303973     cutoff   59       405.00000  443.59135  9.53%   121 4790s
 7844320 301680  427.69231   64   51  405.00000  443.46154  9.50%   121 4795s
 7854528 299334  419.05385   65    8  405.00000  443.32007  9.46%   121 4800s
 7862888 297300 infeasible   58       405.00000  443.21795  9.44%   121 4805s
 7871842 295228 infeasible   60       405.00000  443.08654  9.40%   121 4810s
 7880620 293313 infeasible   54       405.00000  443.00000  9.38%   121 4815s
 7886603 291753  431.26923   63   33  405.00000  442.89011  9.36%   121 4820s
 7895587 289624 infeasible   60       405.00000  442.76923  9.33%   121 4825s
 7903572 287503  413.39918   64   51  405.00000  442.65155  9.30%   121 4830s
 7913330 285188  434.47198   61   58  405.00000  442.50000  9.26%   121 4835s
 7923651 282832  408.35897   61   25  405.00000  442.32349  9.22%   121 4840s
 7932006 281342  433.26923   64    8  405.00000  442.20000  9.19%   121 4845s
 7942523 278865     cutoff   59       405.00000  442.07692  9.15%   121 4850s
 7950464 276654  436.13077   65   27  405.00000  441.92418  9.12%   121 4855s
 7960205 274483     cutoff   53       405.00000  441.74545  9.07%   121 4860s
 7968584 272181  425.68681   60   68  405.00000  441.58462  9.03%   121 4865s
 7977321 269980     cutoff   65       405.00000  441.42308  8.99%   121 4870s
 7987043 267540     cutoff   59       405.00000  441.21154  8.94%   121 4875s
 7995001 265554  413.37483   67   72  405.00000  441.04918  8.90%   121 4880s
 8004887 262752 infeasible   64       405.00000  440.80769  8.84%   121 4885s
 8012883 260801 infeasible   66       405.00000  440.57692  8.78%   121 4890s
 8020180 258327 infeasible   58       405.00000  440.34615  8.73%   121 4895s
 8029245 255877     cutoff   60       405.00000  440.08800  8.66%   121 4900s
 8037619 253690  416.84615   70   58  405.00000  439.86923  8.61%   121 4905s
 8045732 251522     cutoff   63       405.00000  439.58846  8.54%   121 4910s
 8055436 248973     cutoff   63       405.00000  439.21154  8.45%   121 4915s
 8063581 247739  433.34615   61   14  405.00000  439.00000  8.40%   121 4920s
 8071778 245672     cutoff   64       405.00000  438.75385  8.33%   121 4925s
 8081495 243257 infeasible   58       405.00000  438.40904  8.25%   121 4930s
 8089461 241516     cutoff   65       405.00000  438.07692  8.17%   121 4935s
 8099488 239250     cutoff   67       405.00000  437.67692  8.07%   121 4940s
 8107529 237532     cutoff   66       405.00000  437.31054  7.98%   121 4945s
 8114139 236085 infeasible   68       405.00000  437.10051  7.93%   121 4950s
 8122474 234111  430.26465   59   44  405.00000  436.75502  7.84%   121 4955s
 8127380 233312     cutoff   68       405.00000  436.48411  7.77%   121 4960s
 8128359 232863 infeasible   61       405.00000  436.46154  7.77%   121 4965s
 8134837 231473  426.89012   63   34  405.00000  436.11538  7.68%   121 4970s
 8143223 230411  419.58392   64   57  405.00000  436.00000  7.65%   121 4975s
 8148144 229294  434.11434   58   63  405.00000  435.91168  7.63%   121 4980s
 8157097 227681 infeasible   57       405.00000  435.50641  7.53%   121 4985s
 8163968 226540     cutoff   68       405.00000  435.29720  7.48%   121 4990s
 8172296 225323 infeasible   65       405.00000  435.00000  7.41%   121 4995s
 8180666 223410     cutoff   66       405.00000  435.00000  7.41%   121 5001s
 8186691 221752 infeasible   58       405.00000  435.00000  7.41%   121 5005s
 8192319 220168  412.45385   63   38  405.00000  435.00000  7.41%   121 5010s
 8198378 218506 infeasible   60       405.00000  435.00000  7.41%   121 5015s
 8204533 216720     cutoff   66       405.00000  434.96154  7.40%   121 5020s
 8214164 214446     cutoff   64       405.00000  434.72676  7.34%   121 5025s
 8224135 212854 infeasible   58       405.00000  434.68000  7.33%   121 5030s
 8232098 211445     cutoff   59       405.00000  434.53500  7.29%   121 5035s
 8240620 209747 infeasible   65       405.00000  434.42308  7.26%   121 5040s
 8244745 208753     cutoff   63       405.00000  434.40000  7.26%   121 5045s
 8253652 206704     cutoff   62       405.00000  434.15192  7.20%   121 5050s
 8262488 205211  432.61538   62   28  405.00000  434.00000  7.16%   121 5055s
 8272096 202932  434.00000   67   16  405.00000  434.00000  7.16%   121 5060s
 8280980 200548  418.30769   65   19  405.00000  434.00000  7.16%   121 5065s
 8289793 198065  432.50000   62   42  405.00000  434.00000  7.16%   121 5070s
 8297223 196188 infeasible   61       405.00000  434.00000  7.16%   121 5075s
 8303519 194239     cutoff   62       405.00000  433.96923  7.15%   121 5080s
 8312247 191769     cutoff   66       405.00000  433.84615  7.12%   121 5085s
 8319087 189422  432.63370   67   23  405.00000  433.79487  7.11%   121 5090s
 8327597 185983  417.26923   60    9  405.00000  433.71795  7.09%   121 5095s
 8336140 183948  428.70513   64   28  405.00000  433.60000  7.06%   121 5100s
 8344911 181820 infeasible   59       405.00000  433.44615  7.02%   121 5105s
 8354445 179977 infeasible   61       405.00000  433.41550  7.02%   121 5110s
 8362933 177992 infeasible   61       405.00000  433.30769  6.99%   121 5115s
 8372873 176016 infeasible   61       405.00000  433.19231  6.96%   121 5120s
 8379346 174024  432.84615   63   48  405.00000  433.08822  6.94%   121 5125s
 8388013 171658 infeasible   64       405.00000  433.00000  6.91%   121 5130s
 8395447 169585     cutoff   62       405.00000  432.96154  6.90%   121 5135s
 8405545 167098  432.84615   65   45  405.00000  432.84615  6.88%   121 5140s
 8415685 164433 infeasible   64       405.00000  432.80000  6.86%   121 5145s
 8423684 162315  428.00769   61   24  405.00000  432.69391  6.84%   121 5150s
 8432979 160031 infeasible   64       405.00000  432.60000  6.81%   121 5155s
 8442570 157224  414.77179   64   34  405.00000  432.49048  6.79%   121 5160s
 8456304 153887  432.39011   56   53  405.00000  432.42308  6.77%   121 5165s
 8464705 151676     cutoff   61       405.00000  432.31657  6.74%   121 5170s
 8473019 149108 infeasible   62       405.00000  432.25214  6.73%   121 5175s
 8482711 146417  421.15385   67    4  405.00000  432.13462  6.70%   121 5180s
 8490825 144195     cutoff   63       405.00000  432.03846  6.68%   121 5185s
 8500366 141308     cutoff   60       405.00000  431.91453  6.65%   121 5190s
 8506243 139701  414.88462   56   43  405.00000  431.84615  6.63%   121 5195s
 8515916 136303     cutoff   65       405.00000  431.72000  6.60%   121 5200s
 8526324 133066 infeasible   55       405.00000  431.59295  6.57%   121 5205s
 8537113 129658  429.69231   58   41  405.00000  431.42308  6.52%   121 5210s
 8545200 126985 infeasible   60       405.00000  431.27051  6.49%   121 5215s
 8555447 123638     cutoff   59       405.00000  431.11538  6.45%   121 5220s
 8565049 120642 infeasible   66       405.00000  430.94200  6.41%   121 5225s
 8575078 116953  430.69231   55   71  405.00000  430.69231  6.34%   121 5230s
 8583797 113891     cutoff   64       405.00000  430.51538  6.30%   121 5235s
 8593556 110430 infeasible   60       405.00000  430.24615  6.23%   121 5240s
 8603319 106495 infeasible   64       405.00000  429.90909  6.15%   121 5245s
 8614662 101900 infeasible   63       405.00000  429.40385  6.03%   121 5250s
 8624539 97960 infeasible   60       405.00000  428.95128  5.91%   121 5255s
 8629945 95365  410.28846   62   29  405.00000  428.63869  5.84%   121 5260s
 8638996 91589  428.05385   64   43  405.00000  428.11026  5.71%   121 5265s
 8649006 86571  409.06068   60   70  405.00000  427.46154  5.55%   121 5270s
 8657415 82336  411.36538   67   71  405.00000  426.79354  5.38%   121 5275s
 8667010 77503     cutoff   64       405.00000  425.73462  5.12%   121 5280s
 8675466 72647 infeasible   63       405.00000  424.63462  4.85%   121 5285s
 8682904 68450 infeasible   57       405.00000  423.32308  4.52%   121 5290s
 8689849 64147 infeasible   62       405.00000  421.70330  4.12%   121 5295s
 8696310 62038  406.00000   61   13  405.00000  421.00000  3.95%   121 5300s
 8700647 60205  421.00000   67   17  405.00000  421.00000  3.95%   121 5306s
 8705514 57447  419.84615   61   48  405.00000  420.60684  3.85%   121 5310s
 8713745 51634  417.46154   67   36  405.00000  419.78462  3.65%   121 5316s
 8722257 45894  417.50000   66   28  405.00000  419.00000  3.46%   121 5320s
 8732807 38462 infeasible   65       405.00000  418.09615  3.23%   121 5325s
 8744583 30150 infeasible   64       405.00000  417.41725  3.07%   121 5330s
 8754826 22675     cutoff   62       405.00000  416.44103  2.82%   121 5335s
 8770181 10969     cutoff   55       405.00000  413.96923  2.21%   121 5340s

Explored 8784373 nodes (1062831805 simplex iterations) in 5343.50 seconds (11323.87 work units)
Thread count was 16 (of 16 available processors)

Solution count 10: 405 404 390 ... 358

Optimal solution found (tolerance 1.00e-04)
Best objective 4.050000000000e+02, best bound 4.050000000000e+02, gap 0.0000%

Wrote result file '/root/bgw/data/results/2026_03_24_21_57_20_set_vm-3-t3_vm-3-t3_s018_g001_max.sol'

