[2026-03-24T20:51:31.624Z] Pipeline "set_vm-4-t3_vm-4-t3_s000_g002" → 2026_03_24_20_51_31_set_vm-4-t3_vm-4-t3_s000_g002_max.sol
Set parameter Username
Set parameter LicenseID to value 2797659
Set parameter LogFile to value "gurobi.log"
Using license file /opt/gurobi/gurobi.lic
Academic license - for non-commercial use only - expires 2027-03-24

Gurobi Optimizer version 13.0.1 build v13.0.1rc0 (linux64 - "Ubuntu 24.04.4 LTS")
Copyright (c) 2026, Gurobi Optimization, LLC

Warning: Duplicate section found (read 'binary') - Is a variable name equal to an LP file format keyword?
Warning: Duplicate section found (read 'binary') - Is a variable name equal to an LP file format keyword?
Warning: Duplicate section found (read 'binary') - Is a variable name equal to an LP file format keyword?
Warning: Duplicate section found (read 'binary') - Is a variable name equal to an LP file format keyword?
Warning: Duplicate section found (read 'binary') - Is a variable name equal to an LP file format keyword?
Warning: Duplicate section found (read 'binary') - Is a variable name equal to an LP file format keyword?
Warning: Duplicate section found (read 'binary') - Is a variable name equal to an LP file format keyword?
Warning: Duplicate section found (read 'binary') - Is a variable name equal to an LP file format keyword?
Warning: Duplicate section found (read 'binary') - Is a variable name equal to an LP file format keyword?
Warning: Duplicate section found (read 'binary') - Is a variable name equal to an LP file format keyword?
Warning: Further warnings of this type will be omitted.
Read LP format model from file /root/bgw/data/uploads/2026_03_24_20_51_31_set_vm-4-t3_vm-4-t3_s000_g002_max.lp
Reading time = 0.01 seconds
: 9824 rows, 1015 columns, 32714 nonzeros

Using Gurobi shared library /opt/gurobi1301/linux64/lib/libgurobi.so.13.0.1

CPU model: AMD EPYC-Genoa Processor, instruction set [SSE2|AVX|AVX2|AVX512]
Thread count: 16 physical cores, 16 logical processors, using up to 16 threads

Optimize a model with 9824 rows, 1015 columns and 32714 nonzeros (Max)
Model fingerprint: 0x31b53248
Model has 466 linear objective coefficients
Variable types: 496 continuous, 519 integer (519 binary)
Coefficient statistics:
  Matrix range     [1e+00, 3e+01]
  Objective range  [1e+00, 1e+00]
  Bounds range     [1e+00, 1e+00]
  RHS range        [1e+00, 3e+01]

Found heuristic solution: objective 466.0000000
Presolve removed 1623 rows and 535 columns
Presolve time: 0.05s
Presolved: 8201 rows, 480 columns, 24846 nonzeros
Variable types: 0 continuous, 480 integer (471 binary)
Found heuristic solution: objective 720.0000000

Root relaxation: objective 5.038000e+03, 409 iterations, 0.05 seconds (0.04 work units)

    Nodes    |    Current Node    |     Objective Bounds      |     Work
 Expl Unexpl |  Obj  Depth IntInf | Incumbent    BestBd   Gap | It/Node Time

     0     0 5038.00000    0   44  720.00000 5038.00000   600%     -    0s
H    0     0                     847.0000000 5038.00000   495%     -    0s
H    0     0                    1355.0000000 5038.00000   272%     -    0s
H    0     0                    1482.0000000 5038.00000   240%     -    0s
     0     0 5038.00000    0   53 1482.00000 5038.00000   240%     -    0s
     0     0 5038.00000    0   53 1482.00000 5038.00000   240%     -    0s
     0     0 5038.00000    0   51 1482.00000 5038.00000   240%     -    0s
     0     0 5038.00000    0   43 1482.00000 5038.00000   240%     -    0s
     0     0 5038.00000    0   54 1482.00000 5038.00000   240%     -    0s
     0     0 5038.00000    0   44 1482.00000 5038.00000   240%     -    0s
     0     0 4911.00000    0   50 1482.00000 4911.00000   231%     -    0s
     0     0 4911.00000    0   43 1482.00000 4911.00000   231%     -    0s
     0     0 4911.00000    0   43 1482.00000 4911.00000   231%     -    0s
     0     0 4911.00000    0   43 1482.00000 4911.00000   231%     -    0s
     0     0 4906.46429    0   43 1482.00000 4906.46429   231%     -    0s
     0     0 4906.46429    0   44 1482.00000 4906.46429   231%     -    1s
     0     0 4906.46429    0   43 1482.00000 4906.46429   231%     -    1s
     0     0 4879.25000    0   43 1482.00000 4879.25000   229%     -    1s
     0     0 4879.25000    0   43 1482.00000 4879.25000   229%     -    1s
     0     2 4879.25000    0   43 1482.00000 4879.25000   229%     -    1s
  2822  1619 2749.73214   26   56 1482.00000 4745.44643   220%  90.2    5s
  4242  2031 infeasible   51      1482.00000 4740.91071   220%  97.5   10s
  9165  3322 2094.32143   45   36 1482.00000 4103.64286   177%  96.0   15s
 12696  4789 2739.90476   38  235 1482.00000 3953.96429   167%  95.5   20s
 18760  7773 1986.59821   47   57 1482.00000 3780.70000   155%  98.4   25s
 21574  8578 2625.00000   51   62 1482.00000 3727.17857   151%   100   30s
 25470  9475 3727.17857   43   34 1482.00000 3727.17857   151%   107   35s
 30708 10736     cutoff   68      1482.00000 3727.17857   151%   115   40s
 35374 11769 3105.53373   50   74 1482.00000 3727.17857   151%   118   45s
 42922 13284 3318.44740   43   59 1482.00000 3727.17857   151%   120   50s
 48051 14924 2977.34101   48   73 1482.00000 3727.17857   151%   123   55s
 54285 18336 infeasible   61      1482.00000 3727.17857   151%   124   60s
 60563 21614 infeasible   64      1482.00000 3727.17857   151%   126   65s
 66377 24477 1858.38029   57   20 1482.00000 3717.93915   151%   127   71s
 71593 26827 2360.71905   57   31 1482.00000 3694.92460   149%   128   75s
 77629 29598 2112.46429   60   43 1482.00000 3622.85714   144%   129   80s
 82078 32040 1609.00000   62   29 1482.00000 3608.41005   143%   130   85s
 89222 35387 2470.61772   53   61 1482.00000 3586.57143   142%   130   90s
 96830 38261 1976.22487   59   35 1482.00000 3551.71362   140%   130   96s
 101923 40672 2479.68915   57   52 1482.00000 3500.39286   136%   130  100s
 108179 43734 infeasible   66      1482.00000 3480.73810   135%   131  106s
 113020 45893 3340.69092   48   46 1482.00000 3471.78297   134%   132  110s
 120165 48897 infeasible   50      1482.00000 3453.89339   133%   132  116s
 125552 50963 1609.00000   61   21 1482.00000 3436.03891   132%   132  120s
 131168 52961 1609.00000   66   33 1482.00000 3387.00000   129%   132  125s
 137444 55954 2237.95238   55   25 1482.00000 3359.78571   127%   133  131s
 142338 58002 2477.33730   54   46 1482.00000 3353.06614   126%   133  136s
 146372 60110 2951.40344   49   32 1482.00000 3346.17857   126%   134  140s
 152922 62803 infeasible   63      1482.00000 3332.90741   125%   135  146s
 158260 64711 1734.43210   55   46 1482.00000 3322.02169   124%   135  150s
 165720 66965 2212.08201   51   23 1482.00000 3300.48545   123%   134  156s
 171398 69264 2962.04277   50   64 1482.00000 3249.24868   119%   134  160s
 175396 71015 infeasible   51      1482.00000 3239.16931   119%   134  165s
 181741 73868     cutoff   61      1482.00000 3229.89630   118%   135  171s
 186448 75865 1861.18571   59   55 1482.00000 3223.71429   118%   135  175s
 192444 78380 2946.86772   49   50 1482.00000 3216.49074   117%   136  181s
 197520 80297 1858.29630   60   26 1482.00000 3209.43519   117%   136  185s
 204281 82841     cutoff   70      1482.00000 3199.18783   116%   136  191s
 209902 84563 2217.60166   49   23 1482.00000 3187.09259   115%   136  195s
 217827 86557 1853.76058   58   17 1482.00000 3154.67063   113%   135  201s
 223210 88885 2493.38029   57   51 1482.00000 3119.22487   110%   135  205s
 228979 91368 2221.32143   57   29 1482.00000 3110.32143   110%   135  211s
 233455 93287 1726.92857   63  111 1482.00000 3105.78571   110%   136  215s
 239186 95655 2963.35869   51  103 1482.00000 3100.91402   109%   136  220s
 245553 98272 1726.92857   55    2 1482.00000 3094.46743   109%   137  225s
 250191 100026 2338.57804   51   41 1482.00000 3089.91071   108%   137  230s
 256360 102226     cutoff   63      1482.00000 3082.77116   108%   137  235s
 261740 104050 infeasible   63      1482.00000 3077.89947   108%   137  240s
 269554 106116 1974.71296   56   24 1482.00000 3065.63624   107%   137  245s
 275614 107258 infeasible   50      1482.00000 3051.02116   106%   136  250s
 282692 108881 2237.95238   52   29 1482.00000 3018.76720   104%   136  255s
 287711 110989 1976.22487   57   68 1482.00000 2992.22487   102%   136  260s
 294083 113900 2220.81746   55   28 1482.00000 2987.52116   102%   136  265s
 300308 116142 2821.88360   54  109 1482.00000 2981.38955   101%   136  271s
 304160 117895 2117.00000   57   42 1482.00000 2978.78571   101%   137  275s
 308456 119788 infeasible   60      1482.00000 2975.42593   101%   137  280s
 315199 122303 1728.22449   66   16 1482.00000 2970.86621   100%   137  286s
 320274 123910 2579.22288   48   28 1482.00000 2968.03439   100%   137  290s
 326843 126123 1985.46429   63   39 1482.00000 2962.93871   100%   137  296s
 331123 127477 2062.23545   60    6 1482.00000 2960.47487   100%   137  300s
 335913 128923 infeasible   62      1482.00000 2956.61111   100%   137  305s
 343192 130908 1726.76058   56    2 1482.00000 2951.06746  99.1%   137  310s
 348908 132371 1858.46429   58   19 1482.00000 2944.01190  98.7%   137  315s
 357073 133798 2449.58545   53   22 1482.00000 2932.91168  97.9%   137  321s
 363555 134176 2084.74603   58   26 1482.00000 2913.65382  96.6%   136  325s
 371057 137014 1858.46429   61   27 1482.00000 2869.59259  93.6%   136  330s
 376423 139116 1980.33501   56   60 1482.00000 2865.39286  93.3%   136  336s
 380394 140769 1983.71978   65   24 1482.00000 2860.85714  93.0%   136  340s
 386580 143074 2103.22487   56   20 1482.00000 2856.95979  92.8%   136  346s
 391407 144759 1731.46429   64   29 1482.00000 2854.34755  92.6%   137  350s
 397627 146918 infeasible   56      1482.00000 2850.71058  92.4%   137  356s
 402115 148517 infeasible   64      1482.00000 2847.65797  92.1%   137  360s
 408138 150494 2327.23876   54   32 1482.00000 2845.75743  92.0%   137  365s
 412832 151948 1844.68915   52    3 1482.00000 2842.71429  91.8%   137  370s
 419482 153908 2107.76058   58   31 1482.00000 2840.02646  91.6%   138  375s
 426141 155912 1979.11429   62   21 1482.00000 2837.50661  91.5%   138  381s
 431271 157347 2346.37755   56   28 1482.00000 2834.22318  91.2%   138  385s
 436683 158768 2217.02090   56   21 1482.00000 2831.28429  91.0%   138  390s
 444183 160437     cutoff   61      1482.00000 2825.83135  90.7%   137  395s
 448930 161286 1858.46429   63   20 1482.00000 2822.08519  90.4%   137  400s
 453450 162292 1975.45212   62   23 1482.00000 2818.14583  90.2%   137  405s
 461598 162629 1732.59821   66   16 1482.00000 2808.89242  89.5%   137  410s
 469072 162612 2343.44974   53   22 1482.00000 2777.82237  87.4%   136  415s
 475720 165354 1736.00000   66   16 1482.00000 2744.77646  85.2%   136  421s
 480419 167238 1735.51371   68   22 1482.00000 2740.66071  84.9%   136  425s
 486583 169581 2209.45018   56   22 1482.00000 2737.78551  84.7%   136  430s
 490804 171288 1731.46429   57   52 1482.00000 2734.02513  84.5%   137  435s
 497394 173498 infeasible   60      1482.00000 2731.58929  84.3%   137  440s
 501592 174781 infeasible   66      1482.00000 2729.48942  84.2%   137  445s
 505179 176233 2719.91402   54   30 1482.00000 2729.32143  84.2%   137  450s
 511311 178322 1982.07650   62   22 1482.00000 2726.53231  84.0%   137  455s
 516101 179855 2232.20714   53   80 1482.00000 2724.78571  83.9%   137  460s
 522077 181508 infeasible   57      1482.00000 2723.27381  83.8%   138  465s
 528547 183395 2101.34339   54   31 1482.00000 2720.25000  83.6%   138  470s
 533538 184508 infeasible   61      1482.00000 2719.86202  83.5%   138  475s
 538716 186002 2437.85979   49   24 1482.00000 2717.74093  83.4%   138  480s
 543428 187190 infeasible   54      1482.00000 2715.71429  83.2%   138  485s
 550764 188953 1609.00000   64   20 1482.00000 2713.73201  83.1%   138  490s
 557764 190658 infeasible   65      1482.00000 2710.85786  82.9%   138  496s
 562713 191920 1858.46429   55   33 1482.00000 2708.65873  82.8%   138  500s
 569707 193302 infeasible   58      1482.00000 2704.74005  82.5%   138  505s
 576733 194408     cutoff   62      1482.00000 2701.68071  82.3%   138  511s
 582908 195230 1732.64021   64   14 1482.00000 2697.06746  82.0%   137  515s
 592474 195524 infeasible   54      1482.00000 2686.94564  81.3%   137  520s
 600679 195057 1736.00000   56   17 1482.00000 2670.35714  80.2%   136  525s
 606800 196172 2234.92857   54   97 1482.00000 2633.06349  77.7%   136  530s
 614054 198755 2240.47222   57   25 1482.00000 2619.45635  76.8%   136  535s
 620486 201013 2342.53448   57   28 1482.00000 2615.76058  76.5%   136  541s
 625083 202306 2117.00000   58   72 1482.00000 2612.93836  76.3%   136  545s
 630006 204148 1977.52679   59   28 1482.00000 2611.33686  76.2%   136  551s
 634513 205521 1732.47222   61   37 1482.00000 2609.12500  76.1%   136  555s
 640366 207297 1987.64815   61  112 1482.00000 2606.89615  75.9%   136  560s
 645239 208643 2450.08942   54   21 1482.00000 2606.68915  75.9%   137  565s
 651227 210441 infeasible   60      1482.00000 2604.58929  75.7%   137  570s
 657692 212382 2112.46429   60   19 1482.00000 2602.32143  75.6%   137  576s
 661329 213394 2470.78571   52   43 1482.00000 2602.32143  75.6%   137  580s
 667146 214898 2595.51786   54   39 1482.00000 2601.81746  75.6%   137  586s
 671597 216045 1736.00000   59   36 1482.00000 2600.05357  75.4%   137  590s
 678022 217569     cutoff   64      1482.00000 2598.06170  75.3%   137  595s
 681854 218429 1609.00000   59   16 1482.00000 2597.61772  75.3%   137  600s
 687939 219757 1733.64815   60  116 1482.00000 2596.10582  75.2%   138  605s
 694748 221324 1609.00000   62    7 1482.00000 2593.25000  75.0%   138  610s
 701651 222675 infeasible   56      1482.00000 2592.56512  74.9%   138  616s
 706943 223816 1856.28042   56   15 1482.00000 2590.22619  74.8%   138  620s
 713765 225141 1722.22487   58    3 1482.00000 2588.37831  74.7%   138  625s
 718990 226032 infeasible   56      1482.00000 2587.37037  74.6%   138  630s
 726403 227373 infeasible   56      1482.00000 2584.01058  74.4%   137  635s
 732389 228103 2202.66168   53   58 1482.00000 2583.17063  74.3%   137  641s
 737584 228673     cutoff   65      1482.00000 2579.64286  74.1%   137  645s
 745927 229190     cutoff   65      1482.00000 2575.67411  73.8%   137  651s
 752058 229195 1825.70635   55    4 1482.00000 2571.39271  73.5%   137  655s
 761095 228288 infeasible   52      1482.00000 2561.83598  72.9%   136  660s
 769936 226870 2078.36243   55   19 1482.00000 2544.95304  71.7%   136  665s
 778004 228782 1975.88889   63   29 1482.00000 2498.00000  68.6%   136  671s
 782959 230452 2371.00000   60   22 1482.00000 2495.42087  68.4%   136  675s
 789276 232558 1986.97619   64   39 1482.00000 2492.79233  68.2%   136  681s
 793834 234173 infeasible   66      1482.00000 2488.92857  67.9%   136  685s
 800258 236064 1839.64947   60    8 1482.00000 2487.41667  67.8%   136  690s
 805097 237437 2468.02589   56   27 1482.00000 2485.90476  67.7%   136  695s
 811379 239019 1859.59821   59   37 1482.00000 2484.39286  67.6%   136  700s
 816019 240194 2098.52116   57   20 1482.00000 2484.05688  67.6%   136  705s
 821146 241579 1853.92857   58    9 1482.00000 2482.71296  67.5%   136  711s
 825946 242779 1979.11429   57   44 1482.00000 2481.59009  67.4%   136  715s
 832097 244315 2348.32143   58   60 1482.00000 2479.85714  67.3%   136  720s
 838243 245748 1863.00000   64   32 1482.00000 2479.68915  67.3%   136  726s
 843254 246762 infeasible   60      1482.00000 2479.02920  67.3%   136  730s
 849757 248100 infeasible   59      1482.00000 2477.33730  67.2%   137  736s
 854506 249202     cutoff   62      1482.00000 2475.88139  67.1%   137  740s
 861963 250492 2112.29630   59   50 1482.00000 2475.32143  67.0%   137  745s
 866743 251083 1736.00000   56   36 1482.00000 2474.81746  67.0%   137  750s
 871526 252155 infeasible   60      1482.00000 2473.23500  66.9%   137  755s
 876277 252856 infeasible   60      1482.00000 2472.15963  66.8%   137  760s
 882387 253953 2343.78571   58   48 1482.00000 2470.78571  66.7%   137  765s
 887450 254797 1736.00000   64   33 1482.00000 2470.28175  66.7%   137  770s
 893700 255859 infeasible   57      1482.00000 2468.30037  66.6%   137  775s
 900952 256876 1863.00000   61   53 1482.00000 2466.25000  66.4%   137  781s
 906044 257483 infeasible   59      1482.00000 2465.91402  66.4%   137  785s
 913223 258375 1733.73214   64   11 1482.00000 2464.15013  66.3%   137  790s
 918633 258830 1850.62478   63   14 1482.00000 2462.05026  66.1%   137  795s
 926638 259431 infeasible   62      1482.00000 2461.35431  66.1%   136  800s
 933437 259555 infeasible   61      1482.00000 2459.53042  66.0%   136  806s
 939184 259859 1722.05688   61    2 1482.00000 2456.84259  65.8%   136  810s
 947043 259908 1852.11429   61   12 1482.00000 2453.93878  65.6%   136  815s
 954514 259647 1853.92857   57   58 1482.00000 2450.66058  65.4%   136  820s
 963177 258947 infeasible   64      1482.00000 2445.75529  65.0%   135  825s
 974484 256698 infeasible   61      1482.00000 2432.82011  64.2%   135  830s
 982316 255748 1986.97619   60   23 1482.00000 2408.46164  62.5%   134  835s
 988960 257014 1985.46429   66   24 1482.00000 2375.19974  60.3%   134  841s
 993811 258761 2086.66391   62   30 1482.00000 2370.66402  60.0%   134  845s
 1000344 260741 1853.92857   55   25 1482.00000 2366.46429  59.7%   134  850s
 1006875 262644     cutoff   66      1482.00000 2364.19643  59.5%   134  855s
 1012927 264192 1863.00000   62   51 1482.00000 2361.92857  59.4%   134  860s
 1019243 265850 1609.00000   61   72 1482.00000 2361.92857  59.4%   135  866s
 1024843 267086 2225.85714   54   74 1482.00000 2361.59259  59.4%   134  870s
 1030566 268383 2101.65697   54   15 1482.00000 2360.10266  59.3%   135  875s
 1036302 269817 2357.05688   58   23 1482.00000 2358.68078  59.2%   135  881s
 1043206 271351 1967.15344   59    4 1482.00000 2357.39286  59.1%   135  886s
 1050058 272637 infeasible   60      1482.00000 2357.39286  59.1%   135  890s
 1056567 273782 2098.68915   55   15 1482.00000 2357.22487  59.1%   135  895s
 1061857 274705 infeasible   62      1482.00000 2356.78051  59.0%   135  901s
 1066281 275631 1980.76058   56   20 1482.00000 2355.54497  58.9%   135  905s
 1072588 276738 infeasible   64      1482.00000 2354.25146  58.9%   135  910s
 1078920 277894 1609.00000   62   43 1482.00000 2352.85714  58.8%   135  915s
 1084647 278804 2089.28175   60    5 1482.00000 2352.85714  58.8%   135  920s
 1091878 279661 infeasible   57      1482.00000 2352.35317  58.7%   135  925s
 1098014 280567 infeasible   60      1482.00000 2350.74048  58.6%   135  930s
 1101740 280923 1732.97619   62   12 1482.00000 2350.33730  58.6%   135  935s
 1107171 281668     cutoff   64      1482.00000 2349.01923  58.5%   135  940s
 1114535 282607 infeasible   57      1482.00000 2348.32143  58.5%   135  945s
 1121354 283081 1731.46429   64   13 1482.00000 2347.98545  58.4%   135  951s
 1125538 283621 infeasible   53      1482.00000 2347.12450  58.4%   135  955s
 1132519 284315     cutoff   66      1482.00000 2345.63360  58.3%   135  960s
 1139589 284781 1731.46429   62   51 1482.00000 2343.78571  58.2%   135  966s
 1145469 285167 infeasible   57      1482.00000 2343.61772  58.1%   135  970s
 1152374 285239     cutoff   59      1482.00000 2343.11376  58.1%   135  975s
 1159228 285492 2330.17857   54   39 1482.00000 2341.26587  58.0%   135  981s
 1164805 285686 2334.37831   59   29 1482.00000 2339.25000  57.8%   135  985s
 1172526 285842 infeasible   61      1482.00000 2338.91402  57.8%   135  990s
 1177069 285734 infeasible   65      1482.00000 2338.57804  57.8%   135  995s
 1186204 285324 1725.41667   58    8 1482.00000 2334.71429  57.5%   134 1000s
 1195023 284861 infeasible   57      1482.00000 2333.53836  57.5%   134 1005s
 1201757 284189 infeasible   57      1482.00000 2330.17857  57.2%   134 1010s
 1212113 282559 infeasible   61      1482.00000 2325.47487  56.9%   134 1015s
 1221084 280554 infeasible   59      1482.00000 2320.00121  56.5%   133 1020s
 1230960 277368 infeasible   57      1482.00000 2307.71599  55.7%   133 1025s
 1239977 275955 infeasible   59      1482.00000 2287.50926  54.4%   133 1030s
 1245908 276499 infeasible   60      1482.00000 2259.25344  52.4%   133 1035s
 1254152 279085 2110.11243   58   92 1482.00000 2244.00000  51.4%   133 1041s
 1257853 280179 2237.19643   55   20 1482.00000 2241.73214  51.3%   133 1045s
 1263873 281662 1975.00694   54   14 1482.00000 2239.46429  51.1%   133 1050s
 1270629 283271 1863.00000   62   30 1482.00000 2239.29630  51.1%   133 1055s
 1276667 284593 infeasible   67      1482.00000 2237.72840  51.0%   133 1060s
 1283893 286341 1609.00000   64   32 1482.00000 2236.94444  50.9%   133 1065s
 1289561 287499 1609.00000   63   29 1482.00000 2235.29143  50.8%   133 1070s
 1297069 288743 1853.92857   60   91 1482.00000 2234.92857  50.8%   133 1076s
 1302197 289699 infeasible   63      1482.00000 2234.92857  50.8%   133 1080s
 1308291 290808 infeasible   64      1482.00000 2234.92857  50.8%   133 1085s
 1315908 291938 1697.44643   58   21 1482.00000 2234.76058  50.8%   133 1090s
 1323066 293120 infeasible   59      1482.00000 2234.02143  50.7%   133 1096s
 1327454 293703 1976.22487   59   35 1482.00000 2233.11429  50.7%   133 1100s
 1332550 294747 1732.47222   61   10 1482.00000 2232.57672  50.6%   133 1106s
 1337090 295313 infeasible   66      1482.00000 2231.79277  50.6%   133 1110s
 1342902 296210 infeasible   63      1482.00000 2230.42732  50.5%   133 1115s
 1348554 297028 1654.35714   65    3 1482.00000 2230.39286  50.5%   133 1120s
 1355506 298011 1736.00000   59   10 1482.00000 2230.39286  50.5%   133 1125s
 1363038 298723 1861.84507   62   27 1482.00000 2230.22487  50.5%   133 1130s
 1368653 299232 1844.85714   60   59 1482.00000 2229.88889  50.5%   133 1135s
 1374290 299771 1736.00000   59   34 1482.00000 2228.78214  50.4%   133 1140s
 1380693 300438 1736.00000   60   24 1482.00000 2227.94021  50.3%   133 1145s
 1386919 300917 infeasible   59      1482.00000 2226.76429  50.3%   133 1151s
 1390799 301162 2225.68915   58   12 1482.00000 2225.85714  50.2%   133 1155s
 1397834 301593     cutoff   61      1482.00000 2225.85714  50.2%   133 1160s
 1403127 301791 infeasible   58      1482.00000 2225.68915  50.2%   133 1165s
 1406384 301874 1729.11243   62    9 1482.00000 2225.52116  50.2%   133 1170s
 1412780 302027 1726.59259   62    2 1482.00000 2224.34524  50.1%   133 1175s
 1418675 302337 infeasible   60      1482.00000 2223.41484  50.0%   133 1180s
 1425821 302277 1844.85714   58   21 1482.00000 2221.96939  49.9%   133 1185s
 1433524 302297 2216.44974   57   74 1482.00000 2221.32143  49.9%   133 1191s
 1440220 302200     cutoff   64      1482.00000 2220.98545  49.9%   133 1196s
 1446798 301954 2206.20238   56   11 1482.00000 2219.78553  49.8%   133 1201s
 1451990 301643     cutoff   59      1482.00000 2218.52933  49.7%   133 1205s
 1457919 301469 1609.00000   64   26 1482.00000 2216.78571  49.6%   133 1210s
 1466347 301015 1962.61772   57    5 1482.00000 2216.61772  49.6%   133 1215s
 1473313 300160 infeasible   67      1482.00000 2216.04656  49.5%   133 1220s
 1479985 299038 1970.87720   56   18 1482.00000 2213.89058  49.4%   132 1226s
 1486958 298213 1851.49272   59   30 1482.00000 2212.08201  49.3%   132 1231s
 1494337 296909 1965.13757   59   14 1482.00000 2210.90608  49.2%   132 1235s
 1502369 295492 1722.39286   56   76 1482.00000 2207.71429  49.0%   132 1240s
 1510786 293289 infeasible   58      1482.00000 2204.43849  48.7%   132 1245s
 1520844 290247 infeasible   59      1482.00000 2200.03477  48.5%   131 1250s
 1531197 286436 infeasible   56      1482.00000 2191.71329  47.9%   131 1255s
 1538988 283921 infeasible   63      1482.00000 2180.50000  47.1%   131 1260s
 1547197 282463 1717.85714   54   28 1482.00000 2163.19709  46.0%   131 1265s
 1553068 282388 1717.85714   62    3 1482.00000 2144.55026  44.7%   131 1270s
 1557898 283235 1856.72840   61   13 1482.00000 2121.36772  43.1%   131 1275s
 1563987 284907 infeasible   62      1482.00000 2117.00000  42.8%   131 1280s
 1569700 286577 1971.85714   58   12 1482.00000 2117.00000  42.8%   131 1285s
 1576330 288080 1731.84226   63   16 1482.00000 2115.94407  42.8%   131 1290s
 1582867 289399     cutoff   70      1482.00000 2114.64815  42.7%   131 1296s
 1587576 290296 infeasible   64      1482.00000 2113.60421  42.6%   131 1300s
 1594353 291526 1733.04219   62   19 1482.00000 2112.46429  42.5%   131 1305s
 1603747 293029 1971.85714   57   36 1482.00000 2112.46429  42.5%   131 1311s
 1610662 294095 1844.35317   59    4 1482.00000 2112.46429  42.5%   131 1316s
 1616056 294808 1985.46429   64   24 1482.00000 2112.29630  42.5%   131 1320s
 1622804 295693 infeasible   57      1482.00000 2111.65794  42.5%   131 1325s
 1628888 296502 infeasible   63      1482.00000 2110.58280  42.4%   131 1330s
 1636306 297206 1858.29630   60   19 1482.00000 2110.01644  42.4%   131 1336s
 1640822 297706 infeasible   63      1482.00000 2109.29207  42.3%   131 1340s
 1647275 298067 1729.19643   59   11 1482.00000 2107.92857  42.2%   131 1345s
 1654413 298675 infeasible   61      1482.00000 2107.92857  42.2%   131 1351s
 1660007 299138 1717.85714   63   14 1482.00000 2107.92857  42.2%   131 1355s
 1667038 299722 1815.68298   57   10 1482.00000 2107.92857  42.2%   131 1360s
 1674661 299943 1708.78571   63    4 1482.00000 2107.76058  42.2%   131 1365s
 1680035 300398 1736.00000   57   53 1482.00000 2107.50214  42.2%   130 1370s
 1685919 300595 infeasible   61      1482.00000 2106.41667  42.1%   131 1376s
 1690249 300689 1708.78571   60   13 1482.00000 2105.98315  42.1%   131 1380s
 1696908 300966 2076.01058   61    5 1482.00000 2105.24074  42.1%   131 1385s
 1701683 301025 infeasible   65      1482.00000 2104.52679  42.0%   131 1390s
 1709485 301224 1981.36054   58   20 1482.00000 2103.39286  41.9%   131 1396s
 1715343 301401 1726.92857   65   60 1482.00000 2103.39286  41.9%   131 1400s
 1722363 301492 1726.76058   66    2 1482.00000 2103.39286  41.9%   131 1405s
 1729224 301305 1972.47030   60   20 1482.00000 2103.22487  41.9%   130 1410s
 1736697 301007 1852.02469   62    8 1482.00000 2102.88889  41.9%   130 1415s
 1742141 300836     cutoff   60      1482.00000 2102.09094  41.8%   130 1420s
 1747385 300561 infeasible   64      1482.00000 2101.20899  41.8%   130 1425s
 1754019 300176     cutoff   62      1482.00000 2100.35613  41.7%   130 1430s
 1761012 299347     cutoff   62      1482.00000 2098.85714  41.6%   130 1435s
 1768037 298736 infeasible   64      1482.00000 2098.85714  41.6%   130 1440s
 1776576 297668 infeasible   60      1482.00000 2098.52116  41.6%   130 1445s
 1782822 296866 infeasible   54      1482.00000 2097.28224  41.5%   130 1450s
 1789777 295952 1720.71296   59    8 1482.00000 2096.00132  41.4%   130 1455s
 1798752 294619 1847.65697   58    8 1482.00000 2094.32143  41.3%   130 1460s
 1805580 293699 infeasible   61      1482.00000 2094.15344  41.3%   130 1465s
 1814111 291820 1851.35212   60   22 1482.00000 2092.87997  41.2%   130 1470s
 1819279 290563 infeasible   56      1482.00000 2091.14363  41.1%   130 1475s
 1829261 288439     cutoff   64      1482.00000 2089.61772  41.0%   130 1480s
 1837455 286113 1825.87434   65    5 1482.00000 2088.59299  40.9%   129 1485s
 1845468 283443 infeasible   59      1482.00000 2085.25000  40.7%   129 1490s
 1854154 280330 1931.03571   62    6 1482.00000 2082.81415  40.5%   129 1495s
 1864168 276935 infeasible   59      1482.00000 2079.87434  40.3%   129 1500s
 1873934 273029 infeasible   59      1482.00000 2074.64567  40.0%   129 1505s
 1882144 270021     cutoff   59      1482.00000 2069.02702  39.6%   128 1510s
 1890172 267111 infeasible   63      1482.00000 2057.86772  38.9%   128 1515s
 1897022 266349 1857.81885   61   22 1482.00000 2048.46032  38.2%   128 1520s
 1899745 265513 infeasible   65      1482.00000 2041.74074  37.8%   128 1525s
 1905247 264934 1858.90323   60   22 1482.00000 2025.15089  36.6%   128 1530s
 1911439 264974 1990.00000   62   21 1482.00000 2000.14236  35.0%   128 1535s
 1918290 265802 1990.00000   60   92 1482.00000 1990.00000  34.3%   128 1541s
 1924448 266626 1722.39286   58   49 1482.00000 1990.00000  34.3%   128 1545s
 1932023 267537 1957.74603   64   16 1482.00000 1990.00000  34.3%   128 1551s
 1937037 268188 1734.18571   63   25 1482.00000 1990.00000  34.3%   128 1555s
 1944343 269142 1861.86607   59   66 1482.00000 1990.00000  34.3%   128 1560s
 1950929 269922 1731.46429   61   12 1482.00000 1990.00000  34.3%   128 1565s
 1955812 270428 1853.92857   61   11 1482.00000 1990.00000  34.3%   128 1570s
 1962638 271039 infeasible   61      1482.00000 1989.83201  34.3%   128 1575s
 1967801 271349 1736.00000   60   26 1482.00000 1988.48810  34.2%   128 1580s
 1974395 271778 1727.91551   65   19 1482.00000 1987.40816  34.1%   128 1585s
 1980597 272044 1948.84259   59   25 1482.00000 1986.47222  34.0%   128 1590s
 1986615 271818 1731.46429   59   14 1482.00000 1985.46429  34.0%   128 1595s
 1996323 271841 1713.32143   67    4 1482.00000 1985.46429  34.0%   128 1601s
 2003619 271651 1723.84877   63    8 1482.00000 1985.46429  34.0%   128 1605s
 2010958 271188 1724.57672   62   82 1482.00000 1985.29630  34.0%   128 1610s
 2016145 271156 infeasible   65      1482.00000 1984.58234  33.9%   128 1615s
 2022961 271192 1858.46429   58    6 1482.00000 1983.76339  33.9%   128 1620s
 2028379 270965 1980.92857   65   43 1482.00000 1983.19643  33.8%   128 1625s
 2035738 270516 infeasible   66      1482.00000 1982.44048  33.8%   128 1631s
 2042451 270003 1980.92857   62   20 1482.00000 1981.53228  33.7%   128 1636s
 2050627 269631 infeasible   59      1482.00000 1980.92857  33.7%   128 1640s
 2057728 269166     cutoff   62      1482.00000 1980.92857  33.7%   128 1645s
 2064122 268757 1849.39286   61   49 1482.00000 1980.92857  33.7%   128 1650s
 2070235 268260 infeasible   64      1482.00000 1980.92857  33.7%   128 1655s
 2077170 267616 1961.94577   62    4 1482.00000 1980.76058  33.7%   128 1660s
 2083933 267049 1860.73214   58   20 1482.00000 1980.68052  33.6%   128 1665s
 2090919 266586 infeasible   63      1482.00000 1980.59259  33.6%   128 1670s
 2097943 265769 1728.94444   62   23 1482.00000 1979.41667  33.6%   128 1676s
 2104192 264985 infeasible   64      1482.00000 1978.66071  33.5%   128 1681s
 2110723 264138 infeasible   57      1482.00000 1977.90476  33.5%   128 1685s
 2118086 262847 infeasible   64      1482.00000 1976.39286  33.4%   128 1690s
 2127608 261381 infeasible   68      1482.00000 1976.39286  33.4%   128 1695s
 2133990 260290 1708.78571   62    3 1482.00000 1976.39286  33.4%   127 1700s
 2142078 259066 1853.76058   64   23 1482.00000 1976.22487  33.3%   127 1705s
 2151739 256964 1844.52116   60    3 1482.00000 1975.88889  33.3%   127 1710s
 2158285 255283 1729.78439   62    7 1482.00000 1974.79136  33.3%   127 1715s
 2166215 253290 1609.00000   63   13 1482.00000 1973.15306  33.1%   127 1720s
 2175406 250814 infeasible   64      1482.00000 1971.85714  33.1%   127 1725s
 2183926 248364 infeasible   65      1482.00000 1971.52116  33.0%   127 1730s
 2191614 245848 infeasible   55      1482.00000 1969.97566  32.9%   127 1735s
 2203790 242386 1845.59630   63   12 1482.00000 1967.32143  32.7%   126 1740s
 2214294 238684 infeasible   57      1482.00000 1965.80952  32.6%   126 1745s
 2222029 235315 1844.85714   66   16 1482.00000 1962.78571  32.4%   126 1750s
 2229889 231777 infeasible   58      1482.00000 1958.83796  32.2%   126 1755s
 2240482 227437 1609.00000   62   86 1482.00000 1951.69032  31.7%   126 1760s
 2247739 225375 infeasible   63      1482.00000 1944.47487  31.2%   126 1765s
 2255086 223393 1609.00000   60   41 1482.00000 1931.03571  30.3%   126 1770s
 2262664 222576 infeasible   68      1482.00000 1918.26852  29.4%   126 1776s
 2267597 221923 infeasible   59      1482.00000 1901.13360  28.3%   126 1780s
 2274446 221019 1846.25275   61   15 1482.00000 1877.90306  26.7%   126 1785s
 2281051 220739 1731.46429   63   14 1482.00000 1863.00000  25.7%   126 1790s
 2287468 220280 1609.00000   67    9 1482.00000 1863.00000  25.7%   126 1796s
 2289883 220265     cutoff   65      1482.00000 1863.00000  25.7%   126 1800s
 2294701 219899 infeasible   64      1482.00000 1863.00000  25.7%   126 1805s
 2302052 219515 1726.76058   63   17 1482.00000 1863.00000  25.7%   126 1810s
 2309021 218988 1852.19268   63    8 1482.00000 1863.00000  25.7%   126 1816s
 2314289 218763 1729.95238   64   24 1482.00000 1863.00000  25.7%   126 1820s
 2319722 218417 1734.93607   66   19 1482.00000 1863.00000  25.7%   126 1825s
 2326843 217894 1732.86420   65   53 1482.00000 1863.00000  25.7%   126 1830s
 2333571 217115 1732.51422   62   20 1482.00000 1863.00000  25.7%   126 1835s
 2341660 216499 1733.64815   63   32 1482.00000 1861.48810  25.6%   126 1840s
 2348053 215699 1844.18519   64    3 1482.00000 1860.73214  25.6%   126 1845s
 2354104 215171 1826.37831   62    5 1482.00000 1859.97619  25.5%   126 1850s
 2360316 214471     cutoff   69      1482.00000 1859.59821  25.5%   126 1855s
 2366940 213213     cutoff   58      1482.00000 1858.46429  25.4%   126 1860s
 2373705 212002 1730.81633   62   19 1482.00000 1858.46429  25.4%   126 1865s
 2380397 210941 infeasible   62      1482.00000 1858.46429  25.4%   126 1870s
 2386830 209930 1853.92857   60   38 1482.00000 1858.46429  25.4%   126 1875s
 2393562 208132 1853.70459   63   34 1482.00000 1858.29630  25.4%   126 1880s
 2400162 206724 1732.59821   59   10 1482.00000 1857.81473  25.4%   126 1885s
 2407902 205485 infeasible   63      1482.00000 1856.84039  25.3%   126 1890s
 2416899 203999     cutoff   63      1482.00000 1856.11243  25.2%   126 1895s
 2424944 202169 1844.68915   60    3 1482.00000 1855.18849  25.2%   126 1900s
 2432491 200112 infeasible   66      1482.00000 1853.92857  25.1%   126 1905s
 2440163 198221 1853.92857   65   18 1482.00000 1853.92857  25.1%   126 1910s
 2449154 196095 1844.85714   64   28 1482.00000 1853.92857  25.1%   126 1915s
 2457458 193868 infeasible   60      1482.00000 1853.92857  25.1%   125 1920s
 2468352 190786 1729.95238   56    7 1482.00000 1853.67659  25.1%   125 1925s
 2476482 188310 1847.12500   63   14 1482.00000 1852.80864  25.0%   125 1930s
 2485229 185027 1609.00000   61    9 1482.00000 1850.90476  24.9%   125 1936s
 2495264 181910 1849.39286   60   18 1482.00000 1849.39286  24.8%   125 1940s
 2504818 177390 infeasible   64      1482.00000 1849.39286  24.8%   125 1945s
 2516516 172636 infeasible   60      1482.00000 1848.34615  24.7%   124 1950s
 2525908 167541 1813.10714   60   36 1482.00000 1844.85714  24.5%   124 1955s
 2538028 160907 infeasible   61      1482.00000 1840.65741  24.2%   124 1960s
 2550058 154728 infeasible   60      1482.00000 1835.28175  23.8%   124 1965s
 2559918 148761     cutoff   65      1482.00000 1820.16270  22.8%   124 1970s
 2565381 146342 infeasible   66      1482.00000 1808.57143  22.0%   124 1975s
 2572396 144040 1736.00000   57   45 1482.00000 1792.69643  21.0%   124 1980s
 2580312 141082     cutoff   65      1482.00000 1749.81077  18.1%   124 1985s
 2586862 140009     cutoff   64      1482.00000 1736.00000  17.1%   124 1990s
 2592608 139115 1734.48810   57   21 1482.00000 1736.00000  17.1%   124 1996s
 2597312 137910 1722.22487   65   12 1482.00000 1736.00000  17.1%   124 2000s
 2601165 136763 infeasible   63      1482.00000 1736.00000  17.1%   124 2005s
 2605854 135395 1731.29630   62   59 1482.00000 1736.00000  17.1%   124 2010s
 2611375 134132     cutoff   65      1482.00000 1736.00000  17.1%   124 2015s
 2616683 132805 1609.00000   65   24 1482.00000 1736.00000  17.1%   124 2020s
 2621648 131548 infeasible   65      1482.00000 1736.00000  17.1%   124 2025s
 2626681 130312 1609.00000   63   25 1482.00000 1736.00000  17.1%   124 2030s
 2632362 128902 infeasible   61      1482.00000 1736.00000  17.1%   125 2035s
 2638821 127512 infeasible   66      1482.00000 1736.00000  17.1%   125 2041s
 2641842 126552 infeasible   63      1482.00000 1736.00000  17.1%   125 2045s
 2647178 124803 1726.76058   58   20 1482.00000 1736.00000  17.1%   125 2050s
 2655456 121858     cutoff   63      1482.00000 1735.22245  17.1%   125 2055s
 2662865 118773 infeasible   59      1482.00000 1733.73214  17.0%   125 2061s
 2670437 115614 1726.92857   65    2 1482.00000 1732.59821  16.9%   125 2065s
 2679447 111562     cutoff   66      1482.00000 1731.46429  16.8%   125 2070s
 2689423 107126 infeasible   64      1482.00000 1731.46429  16.8%   125 2075s
 2695091 103907 infeasible   64      1482.00000 1731.46429  16.8%   125 2080s
 2704872 98791 infeasible   63      1482.00000 1731.29630  16.8%   124 2085s
 2714463 93439 1707.27381   56    9 1482.00000 1729.04524  16.7%   124 2090s
 2724204 85893 infeasible   60      1482.00000 1726.92857  16.5%   124 2095s
 2738055 76405     cutoff   66      1482.00000 1726.59259  16.5%   124 2100s
 2750555 65570 1722.28086   66    8 1482.00000 1722.39286  16.2%   124 2105s
 2765882 52354 infeasible   65      1482.00000 1710.71759  15.4%   123 2110s
 2775309 44315     cutoff   65      1482.00000 1670.14815  12.7%   123 2115s
 2783001 37432 infeasible   63      1482.00000 1609.00000  8.57%   123 2120s
 2791458 31399 infeasible   61      1482.00000 1609.00000  8.57%   123 2125s
 2800170 24555 infeasible   64      1482.00000 1609.00000  8.57%   123 2131s
 2806778 20126 infeasible   65      1482.00000 1609.00000  8.57%   123 2136s
 2812989 15140 infeasible   66      1482.00000 1609.00000  8.57%   123 2140s
 2820395  9693     cutoff   57      1482.00000 1609.00000  8.57%   123 2145s
 2831179  1970     cutoff   65      1482.00000 1609.00000  8.57%   123 2152s

Explored 2837173 nodes (348347092 simplex iterations) in 2154.31 seconds (4009.92 work units)
Thread count was 16 (of 16 available processors)

Solution count 8: 1482 1482 1482 ... 466

Optimal solution found (tolerance 1.00e-04)
Best objective 1.482000000000e+03, best bound 1.482000000000e+03, gap 0.0000%

Wrote result file '/root/bgw/data/results/2026_03_24_20_51_31_set_vm-4-t3_vm-4-t3_s000_g002_max.sol'

