[2026-03-23T13:37:12.830Z] Pipeline "set_exp_2_exp_2_n023_c007_g001" → 2026_03_23_13_37_12_set_exp_2_exp_2_n023_c007_g001_max.sol
Set parameter WLSAccessID
Set parameter WLSSecret
Set parameter LicenseID to value 2792458
Set parameter LogFile to value "gurobi.log"
Using license file /root/gurobi.lic
Academic license 2792458 - for non-commercial use only - registered to an___@studenti.unipg.it

Gurobi Optimizer version 13.0.1 build v13.0.1rc0 (linux64 - "Ubuntu 24.04.4 LTS")
Copyright (c) 2026, Gurobi Optimization, LLC

Warning: Duplicate section found (read 'binary') - Is a variable name equal to an LP file format keyword?
Warning: Duplicate section found (read 'binary') - Is a variable name equal to an LP file format keyword?
Warning: Duplicate section found (read 'binary') - Is a variable name equal to an LP file format keyword?
Warning: Duplicate section found (read 'binary') - Is a variable name equal to an LP file format keyword?
Warning: Duplicate section found (read 'binary') - Is a variable name equal to an LP file format keyword?
Warning: Duplicate section found (read 'binary') - Is a variable name equal to an LP file format keyword?
Warning: Duplicate section found (read 'binary') - Is a variable name equal to an LP file format keyword?
Warning: Duplicate section found (read 'binary') - Is a variable name equal to an LP file format keyword?
Warning: Duplicate section found (read 'binary') - Is a variable name equal to an LP file format keyword?
Warning: Duplicate section found (read 'binary') - Is a variable name equal to an LP file format keyword?
Warning: Further warnings of this type will be omitted.
Read LP format model from file /root/bgw/data/uploads/2026_03_23_13_37_12_set_exp_2_exp_2_n023_c007_g001_max.lp
Reading time = 0.01 seconds
: 4080 rows, 384 columns, 12199 nonzeros

Using Gurobi shared library /opt/gurobi1301/linux64/lib/libgurobi.so.13.0.1

CPU model: AMD EPYC-Genoa Processor, instruction set [SSE2|AVX|AVX2|AVX512]
Thread count: 16 physical cores, 16 logical processors, using up to 16 threads

Academic license 2792458 - for non-commercial use only - registered to an___@studenti.unipg.it
Optimize a model with 4080 rows, 384 columns and 12199 nonzeros (Max)
Model fingerprint: 0x5a25d09b
Model has 7 linear objective coefficients
Variable types: 30 continuous, 354 integer (354 binary)
Coefficient statistics:
  Matrix range     [1e+00, 2e+01]
  Objective range  [1e+00, 1e+00]
  Bounds range     [1e+00, 1e+00]
  RHS range        [1e+00, 3e+01]

Found heuristic solution: objective 7.0000000
Presolve removed 492 rows and 102 columns
Presolve time: 0.03s
Presolved: 3588 rows, 282 columns, 11004 nonzeros
Variable types: 0 continuous, 282 integer (270 binary)
Found heuristic solution: objective 8.0000000

Root relaxation: objective 2.800000e+01, 261 iterations, 0.01 seconds (0.01 work units)

    Nodes    |    Current Node    |     Objective Bounds      |     Work
 Expl Unexpl |  Obj  Depth IntInf | Incumbent    BestBd   Gap | It/Node Time

     0     0   28.00000    0   54    8.00000   28.00000   250%     -    0s
H    0     0                      15.0000000   28.00000  86.7%     -    0s
H    0     0                      17.0000000   28.00000  64.7%     -    0s
     0     0   28.00000    0   58   17.00000   28.00000  64.7%     -    0s
     0     0   28.00000    0   58   17.00000   28.00000  64.7%     -    0s
     0     0   28.00000    0   60   17.00000   28.00000  64.7%     -    0s
     0     0   28.00000    0   39   17.00000   28.00000  64.7%     -    0s
H    0     0                      18.0000000   28.00000  55.6%     -    0s
     0     0   28.00000    0   38   18.00000   28.00000  55.6%     -    0s
     0     0   28.00000    0   38   18.00000   28.00000  55.6%     -    0s
     0     0   28.00000    0   37   18.00000   28.00000  55.6%     -    0s
     0     0   28.00000    0   42   18.00000   28.00000  55.6%     -    0s
     0     0   28.00000    0   40   18.00000   28.00000  55.6%     -    0s
     0     0   28.00000    0   41   18.00000   28.00000  55.6%     -    0s
     0     0   28.00000    0   31   18.00000   28.00000  55.6%     -    0s
     0     0   28.00000    0   40   18.00000   28.00000  55.6%     -    0s
     0     0   28.00000    0   40   18.00000   28.00000  55.6%     -    0s
     0     0   28.00000    0   40   18.00000   28.00000  55.6%     -    0s
     0     0   28.00000    0   38   18.00000   28.00000  55.6%     -    0s
H    0     0                      19.0000000   28.00000  47.4%     -    0s
     0     0   28.00000    0   43   19.00000   28.00000  47.4%     -    0s
     0     0   28.00000    0   36   19.00000   28.00000  47.4%     -    0s
     0     0   28.00000    0   36   19.00000   28.00000  47.4%     -    0s
     0     0   28.00000    0   36   19.00000   28.00000  47.4%     -    0s
     0     2   28.00000    0   36   19.00000   28.00000  47.4%     -    0s

Cutting planes:
  Cover: 44
  Inf proof: 71

Explored 6360 nodes (672588 simplex iterations) in 3.51 seconds (6.98 work units)
Thread count was 16 (of 16 available processors)

Solution count 6: 19 18 17 ... 7

Optimal solution found (tolerance 1.00e-04)
Best objective 1.900000000000e+01, best bound 1.900000000000e+01, gap 0.0000%

Wrote result file '/root/bgw/data/results/2026_03_23_13_37_12_set_exp_2_exp_2_n023_c007_g001_max.sol'

