[2026-03-23T22:53:13.456Z] Pipeline "set_ds_1_ds_1_s012_g004" → 2026_03_23_22_53_13_set_ds_1_ds_1_s012_g004_max.sol
Set parameter WLSAccessID
Set parameter WLSSecret
Set parameter LicenseID to value 2792458
Set parameter LogFile to value "gurobi.log"
Using license file /root/gurobi.lic
Academic license 2792458 - for non-commercial use only - registered to an___@studenti.unipg.it

Gurobi Optimizer version 13.0.1 build v13.0.1rc0 (linux64 - "Ubuntu 24.04.4 LTS")
Copyright (c) 2026, Gurobi Optimization, LLC

Warning: Duplicate section found (read 'binary') - Is a variable name equal to an LP file format keyword?
Warning: Duplicate section found (read 'binary') - Is a variable name equal to an LP file format keyword?
Warning: Duplicate section found (read 'binary') - Is a variable name equal to an LP file format keyword?
Warning: Duplicate section found (read 'binary') - Is a variable name equal to an LP file format keyword?
Warning: Duplicate section found (read 'binary') - Is a variable name equal to an LP file format keyword?
Warning: Duplicate section found (read 'binary') - Is a variable name equal to an LP file format keyword?
Warning: Duplicate section found (read 'binary') - Is a variable name equal to an LP file format keyword?
Warning: Duplicate section found (read 'binary') - Is a variable name equal to an LP file format keyword?
Warning: Duplicate section found (read 'binary') - Is a variable name equal to an LP file format keyword?
Warning: Duplicate section found (read 'binary') - Is a variable name equal to an LP file format keyword?
Warning: Further warnings of this type will be omitted.
Read LP format model from file /root/bgw/data/uploads/2026_03_23_22_53_13_set_ds_1_ds_1_s012_g004_max.lp
Reading time = 0.00 seconds
: 3642 rows, 356 columns, 10867 nonzeros

Using Gurobi shared library /opt/gurobi1301/linux64/lib/libgurobi.so.13.0.1

CPU model: AMD EPYC-Genoa Processor, instruction set [SSE2|AVX|AVX2|AVX512]
Thread count: 16 physical cores, 16 logical processors, using up to 16 threads

Academic license 2792458 - for non-commercial use only - registered to an___@studenti.unipg.it
Optimize a model with 3642 rows, 356 columns and 10867 nonzeros (Max)
Model fingerprint: 0xe76a0935
Model has 24 linear objective coefficients
Variable types: 46 continuous, 310 integer (310 binary)
Coefficient statistics:
  Matrix range     [1e+00, 2e+01]
  Objective range  [1e+00, 1e+00]
  Bounds range     [1e+00, 1e+00]
  RHS range        [1e+00, 2e+01]

Found heuristic solution: objective 24.0000000
Presolve removed 503 rows and 90 columns
Presolve time: 0.01s
Presolved: 3139 rows, 266 columns, 9626 nonzeros
Variable types: 0 continuous, 266 integer (255 binary)
Found heuristic solution: objective 29.0000000

Root relaxation: objective 1.110000e+02, 371 iterations, 0.02 seconds (0.02 work units)

    Nodes    |    Current Node    |     Objective Bounds      |     Work
 Expl Unexpl |  Obj  Depth IntInf | Incumbent    BestBd   Gap | It/Node Time

     0     0  111.00000    0   64   29.00000  111.00000   283%     -    0s
H    0     0                      43.0000000  111.00000   158%     -    0s
H    0     0                      52.0000000  111.00000   113%     -    0s
H    0     0                      55.0000000  111.00000   102%     -    0s
     0     0  111.00000    0   71   55.00000  111.00000   102%     -    0s
     0     0  111.00000    0   71   55.00000  111.00000   102%     -    0s
     0     0  111.00000    0   68   55.00000  111.00000   102%     -    0s
     0     0  111.00000    0   59   55.00000  111.00000   102%     -    0s
     0     0  111.00000    0   60   55.00000  111.00000   102%     -    0s
     0     0  111.00000    0   58   55.00000  111.00000   102%     -    0s
     0     0  111.00000    0   59   55.00000  111.00000   102%     -    0s
     0     0  111.00000    0   59   55.00000  111.00000   102%     -    0s
     0     0  111.00000    0   58   55.00000  111.00000   102%     -    0s
     0     0  111.00000    0   58   55.00000  111.00000   102%     -    0s
H    0     0                      56.0000000  111.00000  98.2%     -    0s
     0     0  111.00000    0   59   56.00000  111.00000  98.2%     -    0s
     0     0  111.00000    0   59   56.00000  111.00000  98.2%     -    0s
     0     0  111.00000    0   59   56.00000  111.00000  98.2%     -    0s
     0     0  111.00000    0   58   56.00000  111.00000  98.2%     -    0s
     0     2  111.00000    0   58   56.00000  111.00000  98.2%     -    0s
H    7    15                      57.0000000  111.00000  94.7%  89.0    0s
H    9    15                      61.0000000  111.00000  82.0%  98.0    0s
  4432  1787   91.25000   24   48   61.00000  103.55000  69.8%  91.3    5s
H 6791  1768                      62.0000000   98.25000  58.5%  86.4    6s
 15030  3405   66.45000   31   71   62.00000   89.25000  44.0%  80.5   10s
 28381  5755   65.70000   34   40   62.00000   82.62500  33.3%  79.4   15s
 42069  6858   70.55000   30   99   62.00000   78.85000  27.2%  79.8   20s
 58814  6382   68.86667   30   55   62.00000   75.23333  21.3%  79.4   25s
 76767  4549 infeasible   30        62.00000   71.72143  15.7%  79.5   30s

Cutting planes:
  Inf proof: 4

Explored 93598 nodes (7492880 simplex iterations) in 35.00 seconds (60.60 work units)
Thread count was 16 (of 16 available processors)

Solution count 10: 62 61 61 ... 43

Optimal solution found (tolerance 1.00e-04)
Best objective 6.200000000000e+01, best bound 6.200000000000e+01, gap 0.0000%

Wrote result file '/root/bgw/data/results/2026_03_23_22_53_13_set_ds_1_ds_1_s012_g004_max.sol'

