[2026-03-23T15:59:51.177Z] Pipeline "set_exp_3_exp_3_n020_c003_g002" → 2026_03_23_15_59_51_set_exp_3_exp_3_n020_c003_g002_max.sol
Set parameter WLSAccessID
Set parameter WLSSecret
Set parameter LicenseID to value 2792458
Set parameter LogFile to value "gurobi.log"
Using license file /root/gurobi.lic
Academic license 2792458 - for non-commercial use only - registered to an___@studenti.unipg.it

Gurobi Optimizer version 13.0.1 build v13.0.1rc0 (linux64 - "Ubuntu 24.04.4 LTS")
Copyright (c) 2026, Gurobi Optimization, LLC

Warning: Duplicate section found (read 'binary') - Is a variable name equal to an LP file format keyword?
Warning: Duplicate section found (read 'binary') - Is a variable name equal to an LP file format keyword?
Warning: Duplicate section found (read 'binary') - Is a variable name equal to an LP file format keyword?
Warning: Duplicate section found (read 'binary') - Is a variable name equal to an LP file format keyword?
Warning: Duplicate section found (read 'binary') - Is a variable name equal to an LP file format keyword?
Warning: Duplicate section found (read 'binary') - Is a variable name equal to an LP file format keyword?
Warning: Duplicate section found (read 'binary') - Is a variable name equal to an LP file format keyword?
Warning: Duplicate section found (read 'binary') - Is a variable name equal to an LP file format keyword?
Warning: Duplicate section found (read 'binary') - Is a variable name equal to an LP file format keyword?
Warning: Duplicate section found (read 'binary') - Is a variable name equal to an LP file format keyword?
Warning: Further warnings of this type will be omitted.
Read LP format model from file /root/bgw/data/uploads/2026_03_23_15_59_51_set_exp_3_exp_3_n020_c003_g002_max.lp
Reading time = 0.00 seconds
: 2743 rows, 298 columns, 8132 nonzeros

Using Gurobi shared library /opt/gurobi1301/linux64/lib/libgurobi.so.13.0.1

CPU model: AMD EPYC-Genoa Processor, instruction set [SSE2|AVX|AVX2|AVX512]
Thread count: 16 physical cores, 16 logical processors, using up to 16 threads

Academic license 2792458 - for non-commercial use only - registered to an___@studenti.unipg.it
Optimize a model with 2743 rows, 298 columns and 8132 nonzeros (Max)
Model fingerprint: 0x85cbc202
Model has 3 linear objective coefficients
Variable types: 23 continuous, 275 integer (275 binary)
Coefficient statistics:
  Matrix range     [1e+00, 2e+01]
  Objective range  [1e+00, 1e+00]
  Bounds range     [1e+00, 1e+00]
  RHS range        [1e+00, 2e+01]

Found heuristic solution: objective 3.0000000
Presolve removed 436 rows and 90 columns
Presolve time: 0.01s
Presolved: 2307 rows, 208 columns, 7074 nonzeros
Variable types: 0 continuous, 208 integer (199 binary)
Found heuristic solution: objective 5.0000000

Root relaxation: objective 1.200000e+01, 53 iterations, 0.00 seconds (0.00 work units)

    Nodes    |    Current Node    |     Objective Bounds      |     Work
 Expl Unexpl |  Obj  Depth IntInf | Incumbent    BestBd   Gap | It/Node Time

     0     0   12.00000    0   15    5.00000   12.00000   140%     -    0s
H    0     0                       9.0000000   12.00000  33.3%     -    0s
     0     0   12.00000    0   16    9.00000   12.00000  33.3%     -    0s
     0     0   12.00000    0   17    9.00000   12.00000  33.3%     -    0s
     0     0   12.00000    0   15    9.00000   12.00000  33.3%     -    0s
     0     0   11.94444    0   16    9.00000   11.94444  32.7%     -    0s
     0     0   11.94444    0   15    9.00000   11.94444  32.7%     -    0s
     0     0   11.00000    0   19    9.00000   11.00000  22.2%     -    0s
     0     0   11.00000    0   16    9.00000   11.00000  22.2%     -    0s
     0     0   11.00000    0   14    9.00000   11.00000  22.2%     -    0s
     0     0   11.00000    0   15    9.00000   11.00000  22.2%     -    0s
     0     0   11.00000    0   15    9.00000   11.00000  22.2%     -    0s
     0     0   11.00000    0   15    9.00000   11.00000  22.2%     -    0s
     0     0   11.00000    0   15    9.00000   11.00000  22.2%     -    0s
     0     2   11.00000    0   15    9.00000   11.00000  22.2%     -    0s

Cutting planes:
  Gomory: 6
  Lift-and-project: 6
  Cover: 5
  MIR: 6
  Inf proof: 5
  Zero half: 5

Explored 245 nodes (10922 simplex iterations) in 0.30 seconds (0.24 work units)
Thread count was 16 (of 16 available processors)

Solution count 3: 9 5 3 

Optimal solution found (tolerance 1.00e-04)
Best objective 9.000000000000e+00, best bound 9.000000000000e+00, gap 0.0000%

Wrote result file '/root/bgw/data/results/2026_03_23_15_59_51_set_exp_3_exp_3_n020_c003_g002_max.sol'

