[2026-03-24T00:43:39.619Z] Pipeline "set_prova_set_prova_set_s003_g004" → 2026_03_24_00_43_39_set_prova_set_prova_set_s003_g004_max.sol
Set parameter WLSAccessID
Set parameter WLSSecret
Set parameter LicenseID to value 2792458
Set parameter LogFile to value "gurobi.log"
Using license file /root/gurobi.lic
Academic license 2792458 - for non-commercial use only - registered to an___@studenti.unipg.it

Gurobi Optimizer version 13.0.1 build v13.0.1rc0 (linux64 - "Ubuntu 24.04.4 LTS")
Copyright (c) 2026, Gurobi Optimization, LLC

Warning: Duplicate section found (read 'binary') - Is a variable name equal to an LP file format keyword?
Warning: Duplicate section found (read 'binary') - Is a variable name equal to an LP file format keyword?
Warning: Duplicate section found (read 'binary') - Is a variable name equal to an LP file format keyword?
Warning: Duplicate section found (read 'binary') - Is a variable name equal to an LP file format keyword?
Warning: Duplicate section found (read 'binary') - Is a variable name equal to an LP file format keyword?
Warning: Duplicate section found (read 'binary') - Is a variable name equal to an LP file format keyword?
Warning: Duplicate section found (read 'binary') - Is a variable name equal to an LP file format keyword?
Warning: Duplicate section found (read 'binary') - Is a variable name equal to an LP file format keyword?
Warning: Duplicate section found (read 'binary') - Is a variable name equal to an LP file format keyword?
Warning: Duplicate section found (read 'binary') - Is a variable name equal to an LP file format keyword?
Warning: Further warnings of this type will be omitted.
Read LP format model from file /root/bgw/data/uploads/2026_03_24_00_43_39_set_prova_set_prova_set_s003_g004_max.lp
Reading time = 0.00 seconds
: 4291 rows, 351 columns, 13175 nonzeros

Using Gurobi shared library /opt/gurobi1301/linux64/lib/libgurobi.so.13.0.1

CPU model: AMD EPYC-Genoa Processor, instruction set [SSE2|AVX|AVX2|AVX512]
Thread count: 16 physical cores, 16 logical processors, using up to 16 threads

Academic license 2792458 - for non-commercial use only - registered to an___@studenti.unipg.it
Optimize a model with 4291 rows, 351 columns and 13175 nonzeros (Max)
Model fingerprint: 0xdba40974
Model has 7 linear objective coefficients
Variable types: 31 continuous, 320 integer (320 binary)
Coefficient statistics:
  Matrix range     [1e+00, 2e+01]
  Objective range  [1e+00, 1e+00]
  Bounds range     [1e+00, 1e+00]
  RHS range        [1e+00, 3e+01]

Found heuristic solution: objective 7.0000000
Presolve removed 214 rows and 57 columns
Presolve time: 0.02s
Presolved: 4077 rows, 294 columns, 12378 nonzeros
Variable types: 0 continuous, 294 integer (287 binary)
Found heuristic solution: objective 10.0000000

Root relaxation: objective 3.100000e+01, 219 iterations, 0.01 seconds (0.01 work units)

    Nodes    |    Current Node    |     Objective Bounds      |     Work
 Expl Unexpl |  Obj  Depth IntInf | Incumbent    BestBd   Gap | It/Node Time

     0     0   31.00000    0   22   10.00000   31.00000   210%     -    0s
H    0     0                      13.0000000   31.00000   138%     -    0s
H    0     0                      19.0000000   31.00000  63.2%     -    0s
     0     0   31.00000    0   26   19.00000   31.00000  63.2%     -    0s
     0     0   31.00000    0   27   19.00000   31.00000  63.2%     -    0s
     0     0   31.00000    0   22   19.00000   31.00000  63.2%     -    0s
H    0     0                      20.0000000   31.00000  55.0%     -    0s
     0     0   31.00000    0   23   20.00000   31.00000  55.0%     -    0s
     0     0   31.00000    0   23   20.00000   31.00000  55.0%     -    0s
     0     0   31.00000    0   23   20.00000   31.00000  55.0%     -    0s
     0     0   31.00000    0   23   20.00000   31.00000  55.0%     -    0s
     0     0   31.00000    0   21   20.00000   31.00000  55.0%     -    0s
     0     0   30.59091    0   21   20.00000   30.59091  53.0%     -    0s
     0     0   30.00000    0   22   20.00000   30.00000  50.0%     -    0s
     0     0   30.00000    0   22   20.00000   30.00000  50.0%     -    0s
     0     0   30.00000    0   15   20.00000   30.00000  50.0%     -    0s
     0     0   30.00000    0   15   20.00000   30.00000  50.0%     -    0s
     0     0   30.00000    0   24   20.00000   30.00000  50.0%     -    0s
     0     0   30.00000    0   22   20.00000   30.00000  50.0%     -    0s
     0     0   30.00000    0   22   20.00000   30.00000  50.0%     -    0s
     0     0   30.00000    0   22   20.00000   30.00000  50.0%     -    0s
     0     2   30.00000    0   22   20.00000   30.00000  50.0%     -    0s

Cutting planes:
  Cover: 3
  Inf proof: 9

Explored 731 nodes (48135 simplex iterations) in 1.14 seconds (1.37 work units)
Thread count was 16 (of 16 available processors)

Solution count 5: 20 19 13 ... 7

Optimal solution found (tolerance 1.00e-04)
Best objective 2.000000000000e+01, best bound 2.000000000000e+01, gap 0.0000%

Wrote result file '/root/bgw/data/results/2026_03_24_00_43_39_set_prova_set_prova_set_s003_g004_max.sol'

