[2026-03-23T16:00:20.707Z] Pipeline "set_exp_3_exp_3_n021_c004_g005" → 2026_03_23_16_00_20_set_exp_3_exp_3_n021_c004_g005_max.sol
Set parameter WLSAccessID
Set parameter WLSSecret
Set parameter LicenseID to value 2792458
Set parameter LogFile to value "gurobi.log"
Using license file /root/gurobi.lic
Academic license 2792458 - for non-commercial use only - registered to an___@studenti.unipg.it

Gurobi Optimizer version 13.0.1 build v13.0.1rc0 (linux64 - "Ubuntu 24.04.4 LTS")
Copyright (c) 2026, Gurobi Optimization, LLC

Warning: Duplicate section found (read 'binary') - Is a variable name equal to an LP file format keyword?
Warning: Duplicate section found (read 'binary') - Is a variable name equal to an LP file format keyword?
Warning: Duplicate section found (read 'binary') - Is a variable name equal to an LP file format keyword?
Warning: Duplicate section found (read 'binary') - Is a variable name equal to an LP file format keyword?
Warning: Duplicate section found (read 'binary') - Is a variable name equal to an LP file format keyword?
Warning: Duplicate section found (read 'binary') - Is a variable name equal to an LP file format keyword?
Warning: Duplicate section found (read 'binary') - Is a variable name equal to an LP file format keyword?
Warning: Duplicate section found (read 'binary') - Is a variable name equal to an LP file format keyword?
Warning: Duplicate section found (read 'binary') - Is a variable name equal to an LP file format keyword?
Warning: Duplicate section found (read 'binary') - Is a variable name equal to an LP file format keyword?
Warning: Further warnings of this type will be omitted.
Read LP format model from file /root/bgw/data/uploads/2026_03_23_16_00_20_set_exp_3_exp_3_n021_c004_g005_max.lp
Reading time = 0.00 seconds
: 3129 rows, 320 columns, 9325 nonzeros

Using Gurobi shared library /opt/gurobi1301/linux64/lib/libgurobi.so.13.0.1

CPU model: AMD EPYC-Genoa Processor, instruction set [SSE2|AVX|AVX2|AVX512]
Thread count: 16 physical cores, 16 logical processors, using up to 16 threads

Academic license 2792458 - for non-commercial use only - registered to an___@studenti.unipg.it
Optimize a model with 3129 rows, 320 columns and 9325 nonzeros (Max)
Model fingerprint: 0x8d35fd75
Model has 4 linear objective coefficients
Variable types: 25 continuous, 295 integer (295 binary)
Coefficient statistics:
  Matrix range     [1e+00, 2e+01]
  Objective range  [1e+00, 1e+00]
  Bounds range     [1e+00, 1e+00]
  RHS range        [1e+00, 2e+01]

Found heuristic solution: objective 4.0000000
Presolve removed 441 rows and 92 columns
Presolve time: 0.01s
Presolved: 2688 rows, 228 columns, 8208 nonzeros
Variable types: 0 continuous, 228 integer (220 binary)
Found heuristic solution: objective 7.0000000

Root relaxation: objective 1.600000e+01, 65 iterations, 0.01 seconds (0.00 work units)

    Nodes    |    Current Node    |     Objective Bounds      |     Work
 Expl Unexpl |  Obj  Depth IntInf | Incumbent    BestBd   Gap | It/Node Time

     0     0   16.00000    0   19    7.00000   16.00000   129%     -    0s
H    0     0                       8.0000000   16.00000   100%     -    0s
H    0     0                      12.0000000   16.00000  33.3%     -    0s
     0     0   16.00000    0   26   12.00000   16.00000  33.3%     -    0s
     0     0   16.00000    0   21   12.00000   16.00000  33.3%     -    0s
     0     0   16.00000    0   19   12.00000   16.00000  33.3%     -    0s
     0     0   16.00000    0   19   12.00000   16.00000  33.3%     -    0s
     0     0   16.00000    0   19   12.00000   16.00000  33.3%     -    0s
     0     0   16.00000    0   19   12.00000   16.00000  33.3%     -    0s
     0     0   16.00000    0   21   12.00000   16.00000  33.3%     -    0s
     0     0   16.00000    0   20   12.00000   16.00000  33.3%     -    0s
     0     0   16.00000    0   19   12.00000   16.00000  33.3%     -    0s
     0     0   16.00000    0   21   12.00000   16.00000  33.3%     -    0s
     0     0   16.00000    0   21   12.00000   16.00000  33.3%     -    0s
     0     0   15.94737    0   21   12.00000   15.94737  32.9%     -    0s
     0     0   15.89474    0   23   12.00000   15.89474  32.5%     -    0s
     0     0   15.89474    0   23   12.00000   15.89474  32.5%     -    0s
     0     0   15.00000    0   23   12.00000   15.00000  25.0%     -    0s
     0     0   15.00000    0   21   12.00000   15.00000  25.0%     -    0s
     0     2   15.00000    0   21   12.00000   15.00000  25.0%     -    0s

Cutting planes:
  Gomory: 4
  Lift-and-project: 2
  Cover: 2
  MIR: 6
  StrongCG: 2
  Inf proof: 3
  Zero half: 2
  Mod-K: 2

Explored 215 nodes (11608 simplex iterations) in 0.36 seconds (0.28 work units)
Thread count was 16 (of 16 available processors)

Solution count 4: 12 8 7 4 

Optimal solution found (tolerance 1.00e-04)
Best objective 1.200000000000e+01, best bound 1.200000000000e+01, gap 0.0000%

Wrote result file '/root/bgw/data/results/2026_03_23_16_00_20_set_exp_3_exp_3_n021_c004_g005_max.sol'

