[2026-03-24T00:39:26.949Z] Pipeline "set_prova_set_prova_set_s002_g003" → 2026_03_24_00_39_26_set_prova_set_prova_set_s002_g003_max.sol
Set parameter WLSAccessID
Set parameter WLSSecret
Set parameter LicenseID to value 2792458
Set parameter LogFile to value "gurobi.log"
Using license file /root/gurobi.lic
Academic license 2792458 - for non-commercial use only - registered to an___@studenti.unipg.it

Gurobi Optimizer version 13.0.1 build v13.0.1rc0 (linux64 - "Ubuntu 24.04.4 LTS")
Copyright (c) 2026, Gurobi Optimization, LLC

Warning: Duplicate section found (read 'binary') - Is a variable name equal to an LP file format keyword?
Warning: Duplicate section found (read 'binary') - Is a variable name equal to an LP file format keyword?
Warning: Duplicate section found (read 'binary') - Is a variable name equal to an LP file format keyword?
Warning: Duplicate section found (read 'binary') - Is a variable name equal to an LP file format keyword?
Warning: Duplicate section found (read 'binary') - Is a variable name equal to an LP file format keyword?
Warning: Duplicate section found (read 'binary') - Is a variable name equal to an LP file format keyword?
Warning: Duplicate section found (read 'binary') - Is a variable name equal to an LP file format keyword?
Warning: Duplicate section found (read 'binary') - Is a variable name equal to an LP file format keyword?
Warning: Duplicate section found (read 'binary') - Is a variable name equal to an LP file format keyword?
Warning: Duplicate section found (read 'binary') - Is a variable name equal to an LP file format keyword?
Warning: Further warnings of this type will be omitted.
Read LP format model from file /root/bgw/data/uploads/2026_03_24_00_39_26_set_prova_set_prova_set_s002_g003_max.lp
Reading time = 0.01 seconds
: 2581 rows, 270 columns, 7834 nonzeros

Using Gurobi shared library /opt/gurobi1301/linux64/lib/libgurobi.so.13.0.1

CPU model: AMD EPYC-Genoa Processor, instruction set [SSE2|AVX|AVX2|AVX512]
Thread count: 16 physical cores, 16 logical processors, using up to 16 threads

Academic license 2792458 - for non-commercial use only - registered to an___@studenti.unipg.it
Optimize a model with 2581 rows, 270 columns and 7834 nonzeros (Max)
Model fingerprint: 0x275fce7d
Model has 13 linear objective coefficients
Variable types: 33 continuous, 237 integer (237 binary)
Coefficient statistics:
  Matrix range     [1e+00, 2e+01]
  Objective range  [1e+00, 1e+00]
  Bounds range     [1e+00, 1e+00]
  RHS range        [1e+00, 2e+01]

Found heuristic solution: objective 13.0000000
Presolve removed 255 rows and 52 columns
Presolve time: 0.02s
Presolved: 2326 rows, 218 columns, 7148 nonzeros
Variable types: 0 continuous, 218 integer (208 binary)
Found heuristic solution: objective 16.0000000

Root relaxation: objective 5.800000e+01, 280 iterations, 0.01 seconds (0.01 work units)

    Nodes    |    Current Node    |     Objective Bounds      |     Work
 Expl Unexpl |  Obj  Depth IntInf | Incumbent    BestBd   Gap | It/Node Time

     0     0   58.00000    0   49   16.00000   58.00000   262%     -    0s
H    0     0                      26.0000000   58.00000   123%     -    0s
H    0     0                      28.0000000   58.00000   107%     -    0s
H    0     0                      32.0000000   58.00000  81.2%     -    0s
H    0     0                      34.0000000   58.00000  70.6%     -    0s
     0     0   58.00000    0   46   34.00000   58.00000  70.6%     -    0s
     0     0   58.00000    0   46   34.00000   58.00000  70.6%     -    0s
     0     0   58.00000    0   49   34.00000   58.00000  70.6%     -    0s
     0     0   58.00000    0   48   34.00000   58.00000  70.6%     -    0s
H    0     0                      35.0000000   58.00000  65.7%     -    0s
H    0     0                      36.0000000   58.00000  61.1%     -    0s
     0     0   58.00000    0   43   36.00000   58.00000  61.1%     -    0s
     0     0   58.00000    0   43   36.00000   58.00000  61.1%     -    0s
     0     0   58.00000    0   46   36.00000   58.00000  61.1%     -    0s
     0     0   58.00000    0   46   36.00000   58.00000  61.1%     -    0s
     0     0   58.00000    0   42   36.00000   58.00000  61.1%     -    0s
     0     0   58.00000    0   42   36.00000   58.00000  61.1%     -    0s
     0     0   58.00000    0   42   36.00000   58.00000  61.1%     -    0s
     0     0   58.00000    0   42   36.00000   58.00000  61.1%     -    0s
     0     0   58.00000    0   42   36.00000   58.00000  61.1%     -    0s
H    0     0                      37.0000000   58.00000  56.8%     -    0s
     0     0   58.00000    0   42   37.00000   58.00000  56.8%     -    0s
     0     0   58.00000    0   42   37.00000   58.00000  56.8%     -    0s
     0     0   58.00000    0   42   37.00000   58.00000  56.8%     -    0s
     0     0   58.00000    0   42   37.00000   58.00000  56.8%     -    0s
     0     2   58.00000    0   42   37.00000   58.00000  56.8%     -    0s
 13308   480     cutoff   19        37.00000   42.00000  13.5%  82.7    5s

Cutting planes:
  Cover: 90
  MIR: 5
  StrongCG: 1
  Inf proof: 87
  Zero half: 6

Explored 14538 nodes (1200385 simplex iterations) in 5.38 seconds (9.68 work units)
Thread count was 16 (of 16 available processors)

Solution count 9: 37 36 35 ... 13

Optimal solution found (tolerance 1.00e-04)
Best objective 3.700000000000e+01, best bound 3.700000000000e+01, gap 0.0000%

Wrote result file '/root/bgw/data/results/2026_03_24_00_39_26_set_prova_set_prova_set_s002_g003_max.sol'

