[2026-03-23T22:12:43.990Z] Pipeline "set_ds_1_ds_1_s012_g001" → 2026_03_23_22_12_43_set_ds_1_ds_1_s012_g001_max.sol
Set parameter WLSAccessID
Set parameter WLSSecret
Set parameter LicenseID to value 2792458
Set parameter LogFile to value "gurobi.log"
Using license file /root/gurobi.lic
Academic license 2792458 - for non-commercial use only - registered to an___@studenti.unipg.it

Gurobi Optimizer version 13.0.1 build v13.0.1rc0 (linux64 - "Ubuntu 24.04.4 LTS")
Copyright (c) 2026, Gurobi Optimization, LLC

Warning: Duplicate section found (read 'binary') - Is a variable name equal to an LP file format keyword?
Warning: Duplicate section found (read 'binary') - Is a variable name equal to an LP file format keyword?
Warning: Duplicate section found (read 'binary') - Is a variable name equal to an LP file format keyword?
Warning: Duplicate section found (read 'binary') - Is a variable name equal to an LP file format keyword?
Warning: Duplicate section found (read 'binary') - Is a variable name equal to an LP file format keyword?
Warning: Duplicate section found (read 'binary') - Is a variable name equal to an LP file format keyword?
Warning: Duplicate section found (read 'binary') - Is a variable name equal to an LP file format keyword?
Warning: Duplicate section found (read 'binary') - Is a variable name equal to an LP file format keyword?
Warning: Duplicate section found (read 'binary') - Is a variable name equal to an LP file format keyword?
Warning: Duplicate section found (read 'binary') - Is a variable name equal to an LP file format keyword?
Warning: Further warnings of this type will be omitted.
Read LP format model from file /root/bgw/data/uploads/2026_03_23_22_12_43_set_ds_1_ds_1_s012_g001_max.lp
Reading time = 0.00 seconds
: 3374 rows, 305 columns, 10298 nonzeros

Using Gurobi shared library /opt/gurobi1301/linux64/lib/libgurobi.so.13.0.1

CPU model: AMD EPYC-Genoa Processor, instruction set [SSE2|AVX|AVX2|AVX512]
Thread count: 16 physical cores, 16 logical processors, using up to 16 threads

Academic license 2792458 - for non-commercial use only - registered to an___@studenti.unipg.it
Optimize a model with 3374 rows, 305 columns and 10298 nonzeros (Max)
Model fingerprint: 0x0b05e1fa
Model has 12 linear objective coefficients
Variable types: 34 continuous, 271 integer (271 binary)
Coefficient statistics:
  Matrix range     [1e+00, 2e+01]
  Objective range  [1e+00, 1e+00]
  Bounds range     [1e+00, 1e+00]
  RHS range        [1e+00, 2e+01]

Found heuristic solution: objective 12.0000000
Presolve removed 259 rows and 53 columns
Presolve time: 0.01s
Presolved: 3115 rows, 252 columns, 9478 nonzeros
Variable types: 0 continuous, 252 integer (245 binary)
Found heuristic solution: objective 18.0000000

Root relaxation: objective 5.400000e+01, 223 iterations, 0.01 seconds (0.01 work units)

    Nodes    |    Current Node    |     Objective Bounds      |     Work
 Expl Unexpl |  Obj  Depth IntInf | Incumbent    BestBd   Gap | It/Node Time

     0     0   54.00000    0   17   18.00000   54.00000   200%     -    0s
H    0     0                      24.0000000   54.00000   125%     -    0s
H    0     0                      25.0000000   54.00000   116%     -    0s
H    0     0                      26.0000000   54.00000   108%     -    0s
     0     0   54.00000    0   27   26.00000   54.00000   108%     -    0s
H    0     0                      27.0000000   54.00000   100%     -    0s
     0     0   54.00000    0   27   27.00000   54.00000   100%     -    0s
     0     0   54.00000    0   29   27.00000   54.00000   100%     -    0s
     0     0   54.00000    0   26   27.00000   54.00000   100%     -    0s
H    0     0                      29.0000000   54.00000  86.2%     -    0s
     0     0   54.00000    0   27   29.00000   54.00000  86.2%     -    0s
     0     0   54.00000    0   24   29.00000   54.00000  86.2%     -    0s
     0     0   53.65000    0   25   29.00000   53.65000  85.0%     -    0s
     0     0   53.65000    0   16   29.00000   53.65000  85.0%     -    0s
H    0     0                      30.0000000   53.65000  78.8%     -    0s
H    0     0                      31.0000000   53.65000  73.1%     -    0s
     0     0   51.00000    0   28   31.00000   51.00000  64.5%     -    0s
     0     0   51.00000    0   25   31.00000   51.00000  64.5%     -    0s
H    0     0                      32.0000000   51.00000  59.4%     -    0s
     0     0   51.00000    0   34   32.00000   51.00000  59.4%     -    0s
     0     0   51.00000    0   26   32.00000   51.00000  59.4%     -    0s
     0     0   50.80000    0   26   32.00000   50.80000  58.7%     -    0s
     0     0   50.80000    0   18   32.00000   50.80000  58.7%     -    0s
     0     2   50.80000    0   18   32.00000   50.80000  58.7%     -    0s

Cutting planes:
  Cover: 39
  Inf proof: 64

Explored 5215 nodes (385025 simplex iterations) in 2.06 seconds (3.31 work units)
Thread count was 16 (of 16 available processors)

Solution count 10: 32 31 30 ... 12

Optimal solution found (tolerance 1.00e-04)
Best objective 3.200000000000e+01, best bound 3.200000000000e+01, gap 0.0000%

Wrote result file '/root/bgw/data/results/2026_03_23_22_12_43_set_ds_1_ds_1_s012_g001_max.sol'

