[2026-03-24T15:30:09.874Z] Pipeline "set_vm-4-t1_vm-4-t1_s015_g001" → 2026_03_24_15_30_09_set_vm-4-t1_vm-4-t1_s015_g001_max.sol
Set parameter Username
Set parameter LicenseID to value 2797659
Set parameter LogFile to value "gurobi.log"
Using license file /opt/gurobi/gurobi.lic
Academic license - for non-commercial use only - expires 2027-03-24

Gurobi Optimizer version 13.0.1 build v13.0.1rc0 (linux64 - "Ubuntu 24.04.4 LTS")
Copyright (c) 2026, Gurobi Optimization, LLC

Warning: Duplicate section found (read 'binary') - Is a variable name equal to an LP file format keyword?
Warning: Duplicate section found (read 'binary') - Is a variable name equal to an LP file format keyword?
Warning: Duplicate section found (read 'binary') - Is a variable name equal to an LP file format keyword?
Warning: Duplicate section found (read 'binary') - Is a variable name equal to an LP file format keyword?
Warning: Duplicate section found (read 'binary') - Is a variable name equal to an LP file format keyword?
Warning: Duplicate section found (read 'binary') - Is a variable name equal to an LP file format keyword?
Warning: Duplicate section found (read 'binary') - Is a variable name equal to an LP file format keyword?
Warning: Duplicate section found (read 'binary') - Is a variable name equal to an LP file format keyword?
Warning: Duplicate section found (read 'binary') - Is a variable name equal to an LP file format keyword?
Warning: Duplicate section found (read 'binary') - Is a variable name equal to an LP file format keyword?
Warning: Further warnings of this type will be omitted.
Read LP format model from file /root/bgw/data/uploads/2026_03_24_15_30_09_set_vm-4-t1_vm-4-t1_s015_g001_max.lp
Reading time = 0.02 seconds
: 28738 rows, 1111 columns, 87804 nonzeros

Using Gurobi shared library /opt/gurobi1301/linux64/lib/libgurobi.so.13.0.1

CPU model: AMD EPYC-Genoa Processor, instruction set [SSE2|AVX|AVX2|AVX512]
Thread count: 16 physical cores, 16 logical processors, using up to 16 threads

Optimize a model with 28738 rows, 1111 columns and 87804 nonzeros (Max)
Model fingerprint: 0x680156aa
Model has 5 linear objective coefficients
Variable types: 50 continuous, 1061 integer (1061 binary)
Coefficient statistics:
  Matrix range     [1e+00, 5e+01]
  Objective range  [1e+00, 1e+00]
  Bounds range     [1e+00, 1e+00]
  RHS range        [1e+00, 5e+01]

Found heuristic solution: objective 5.0000000
Presolve removed 342 rows and 111 columns
Presolve time: 0.10s
Presolved: 28396 rows, 1000 columns, 85356 nonzeros
Variable types: 0 continuous, 1000 integer (996 binary)
Root relaxation presolved: 14206 rows, 15190 columns, 56976 nonzeros


Root relaxation: objective 2.300000e+01, 162 iterations, 0.06 seconds (0.08 work units)

    Nodes    |    Current Node    |     Objective Bounds      |     Work
 Expl Unexpl |  Obj  Depth IntInf | Incumbent    BestBd   Gap | It/Node Time

     0     0   23.00000    0    9    5.00000   23.00000   360%     -    0s
H    0     0                      14.0000000   23.00000  64.3%     -    0s
     0     0   23.00000    0    9   14.00000   23.00000  64.3%     -    0s
     0     0   23.00000    0    5   14.00000   23.00000  64.3%     -    0s
     0     0   23.00000    0    4   14.00000   23.00000  64.3%     -    0s
     0     0   23.00000    0    9   14.00000   23.00000  64.3%     -    0s
     0     0   23.00000    0   11   14.00000   23.00000  64.3%     -    0s
     0     0   23.00000    0   12   14.00000   23.00000  64.3%     -    0s
     0     0   23.00000    0    5   14.00000   23.00000  64.3%     -    0s
     0     0   20.00000    0   10   14.00000   20.00000  42.9%     -    0s
     0     0   20.00000    0   10   14.00000   20.00000  42.9%     -    0s
     0     0   20.00000    0    6   14.00000   20.00000  42.9%     -    1s
     0     0   20.00000    0    4   14.00000   20.00000  42.9%     -    1s
     0     0   20.00000    0    7   14.00000   20.00000  42.9%     -    1s
     0     0   20.00000    0   10   14.00000   20.00000  42.9%     -    1s
     0     0   20.00000    0   11   14.00000   20.00000  42.9%     -    1s
     0     0   20.00000    0    9   14.00000   20.00000  42.9%     -    1s
     0     0   20.00000    0    9   14.00000   20.00000  42.9%     -    1s
     0     2   20.00000    0    9   14.00000   20.00000  42.9%     -    1s

Cutting planes:
  Gomory: 4
  Lift-and-project: 2
  MIR: 4
  Zero half: 3
  Mod-K: 1

Explored 77 nodes (10491 simplex iterations) in 1.95 seconds (2.14 work units)
Thread count was 16 (of 16 available processors)

Solution count 2: 14 5 

Optimal solution found (tolerance 1.00e-04)
Best objective 1.400000000000e+01, best bound 1.400000000000e+01, gap 0.0000%

Wrote result file '/root/bgw/data/results/2026_03_24_15_30_09_set_vm-4-t1_vm-4-t1_s015_g001_max.sol'

