[2026-03-23T15:59:47.271Z] Pipeline "set_exp_3_exp_3_n020_c002_g001" → 2026_03_23_15_59_47_set_exp_3_exp_3_n020_c002_g001_max.sol
Set parameter WLSAccessID
Set parameter WLSSecret
Set parameter LicenseID to value 2792458
Set parameter LogFile to value "gurobi.log"
Using license file /root/gurobi.lic
Academic license 2792458 - for non-commercial use only - registered to an___@studenti.unipg.it

Gurobi Optimizer version 13.0.1 build v13.0.1rc0 (linux64 - "Ubuntu 24.04.4 LTS")
Copyright (c) 2026, Gurobi Optimization, LLC

Warning: Duplicate section found (read 'binary') - Is a variable name equal to an LP file format keyword?
Warning: Duplicate section found (read 'binary') - Is a variable name equal to an LP file format keyword?
Warning: Duplicate section found (read 'binary') - Is a variable name equal to an LP file format keyword?
Warning: Duplicate section found (read 'binary') - Is a variable name equal to an LP file format keyword?
Warning: Duplicate section found (read 'binary') - Is a variable name equal to an LP file format keyword?
Warning: Duplicate section found (read 'binary') - Is a variable name equal to an LP file format keyword?
Warning: Duplicate section found (read 'binary') - Is a variable name equal to an LP file format keyword?
Warning: Duplicate section found (read 'binary') - Is a variable name equal to an LP file format keyword?
Warning: Duplicate section found (read 'binary') - Is a variable name equal to an LP file format keyword?
Warning: Duplicate section found (read 'binary') - Is a variable name equal to an LP file format keyword?
Warning: Further warnings of this type will be omitted.
Read LP format model from file /root/bgw/data/uploads/2026_03_23_15_59_47_set_exp_3_exp_3_n020_c002_g001_max.lp
Reading time = 0.00 seconds
: 2790 rows, 308 columns, 8235 nonzeros

Using Gurobi shared library /opt/gurobi1301/linux64/lib/libgurobi.so.13.0.1

CPU model: AMD EPYC-Genoa Processor, instruction set [SSE2|AVX|AVX2|AVX512]
Thread count: 16 physical cores, 16 logical processors, using up to 16 threads

Academic license 2792458 - for non-commercial use only - registered to an___@studenti.unipg.it
Optimize a model with 2790 rows, 308 columns and 8235 nonzeros (Max)
Model fingerprint: 0xf3898ddb
Model has 6 linear objective coefficients
Variable types: 26 continuous, 282 integer (282 binary)
Coefficient statistics:
  Matrix range     [1e+00, 2e+01]
  Objective range  [1e+00, 1e+00]
  Bounds range     [1e+00, 1e+00]
  RHS range        [1e+00, 2e+01]

Found heuristic solution: objective 6.0000000
Presolve removed 485 rows and 102 columns
Presolve time: 0.01s
Presolved: 2305 rows, 206 columns, 7034 nonzeros
Variable types: 0 continuous, 206 integer (199 binary)
Found heuristic solution: objective 9.0000000

Root relaxation: objective 2.700000e+01, 76 iterations, 0.00 seconds (0.00 work units)

    Nodes    |    Current Node    |     Objective Bounds      |     Work
 Expl Unexpl |  Obj  Depth IntInf | Incumbent    BestBd   Gap | It/Node Time

     0     0   27.00000    0   10    9.00000   27.00000   200%     -    0s
H    0     0                      17.0000000   27.00000  58.8%     -    0s
     0     0   27.00000    0   17   17.00000   27.00000  58.8%     -    0s
     0     0   27.00000    0   17   17.00000   27.00000  58.8%     -    0s
     0     0   27.00000    0   10   17.00000   27.00000  58.8%     -    0s
     0     0   26.83333    0   14   17.00000   26.83333  57.8%     -    0s
     0     0   24.00000    0    9   17.00000   24.00000  41.2%     -    0s
     0     0   24.00000    0   14   17.00000   24.00000  41.2%     -    0s
     0     0   24.00000    0   14   17.00000   24.00000  41.2%     -    0s
     0     0   24.00000    0   14   17.00000   24.00000  41.2%     -    0s
     0     0   24.00000    0   11   17.00000   24.00000  41.2%     -    0s
     0     0   24.00000    0   10   17.00000   24.00000  41.2%     -    0s
     0     0   23.66667    0    9   17.00000   23.66667  39.2%     -    0s
     0     0   23.66667    0    9   17.00000   23.66667  39.2%     -    0s
     0     2   23.66667    0    9   17.00000   23.66667  39.2%     -    0s

Cutting planes:
  Gomory: 6
  Cover: 3
  MIR: 5
  Inf proof: 7
  Zero half: 4
  Mod-K: 3

Explored 247 nodes (8276 simplex iterations) in 0.25 seconds (0.19 work units)
Thread count was 16 (of 16 available processors)

Solution count 3: 17 9 6 

Optimal solution found (tolerance 1.00e-04)
Best objective 1.700000000000e+01, best bound 1.700000000000e+01, gap 0.0000%

Wrote result file '/root/bgw/data/results/2026_03_23_15_59_47_set_exp_3_exp_3_n020_c002_g001_max.sol'

