[2026-03-23T16:00:30.414Z] Pipeline "set_exp_3_exp_3_n022_c002_g002" → 2026_03_23_16_00_30_set_exp_3_exp_3_n022_c002_g002_max.sol
Set parameter WLSAccessID
Set parameter WLSSecret
Set parameter LicenseID to value 2792458
Set parameter LogFile to value "gurobi.log"
Using license file /root/gurobi.lic
Academic license 2792458 - for non-commercial use only - registered to an___@studenti.unipg.it

Gurobi Optimizer version 13.0.1 build v13.0.1rc0 (linux64 - "Ubuntu 24.04.4 LTS")
Copyright (c) 2026, Gurobi Optimization, LLC

Warning: Duplicate section found (read 'binary') - Is a variable name equal to an LP file format keyword?
Warning: Duplicate section found (read 'binary') - Is a variable name equal to an LP file format keyword?
Warning: Duplicate section found (read 'binary') - Is a variable name equal to an LP file format keyword?
Warning: Duplicate section found (read 'binary') - Is a variable name equal to an LP file format keyword?
Warning: Duplicate section found (read 'binary') - Is a variable name equal to an LP file format keyword?
Warning: Duplicate section found (read 'binary') - Is a variable name equal to an LP file format keyword?
Warning: Duplicate section found (read 'binary') - Is a variable name equal to an LP file format keyword?
Warning: Duplicate section found (read 'binary') - Is a variable name equal to an LP file format keyword?
Warning: Duplicate section found (read 'binary') - Is a variable name equal to an LP file format keyword?
Warning: Duplicate section found (read 'binary') - Is a variable name equal to an LP file format keyword?
Warning: Further warnings of this type will be omitted.
Read LP format model from file /root/bgw/data/uploads/2026_03_23_16_00_30_set_exp_3_exp_3_n022_c002_g002_max.lp
Reading time = 0.00 seconds
: 3524 rows, 342 columns, 10572 nonzeros

Using Gurobi shared library /opt/gurobi1301/linux64/lib/libgurobi.so.13.0.1

CPU model: AMD EPYC-Genoa Processor, instruction set [SSE2|AVX|AVX2|AVX512]
Thread count: 16 physical cores, 16 logical processors, using up to 16 threads

Academic license 2792458 - for non-commercial use only - registered to an___@studenti.unipg.it
Optimize a model with 3524 rows, 342 columns and 10572 nonzeros (Max)
Model fingerprint: 0xebb10ea1
Model has 2 linear objective coefficients
Variable types: 24 continuous, 318 integer (318 binary)
Coefficient statistics:
  Matrix range     [1e+00, 2e+01]
  Objective range  [1e+00, 1e+00]
  Bounds range     [1e+00, 1e+00]
  RHS range        [1e+00, 2e+01]

Found heuristic solution: objective 2.0000000
Presolve removed 430 rows and 102 columns
Presolve time: 0.01s
Presolved: 3094 rows, 240 columns, 9358 nonzeros
Variable types: 0 continuous, 240 integer (236 binary)
Found heuristic solution: objective 3.0000000

Root relaxation: objective 8.000000e+00, 36 iterations, 0.01 seconds (0.00 work units)

    Nodes    |    Current Node    |     Objective Bounds      |     Work
 Expl Unexpl |  Obj  Depth IntInf | Incumbent    BestBd   Gap | It/Node Time

     0     0    8.00000    0    5    3.00000    8.00000   167%     -    0s
H    0     0                       6.0000000    8.00000  33.3%     -    0s
     0     0    8.00000    0   11    6.00000    8.00000  33.3%     -    0s
     0     0    8.00000    0    7    6.00000    8.00000  33.3%     -    0s
     0     0    8.00000    0    9    6.00000    8.00000  33.3%     -    0s
     0     0    7.95000    0    5    6.00000    7.95000  32.5%     -    0s
     0     0    7.00000    0    7    6.00000    7.00000  16.7%     -    0s
     0     0    7.00000    0    6    6.00000    7.00000  16.7%     -    0s
     0     0    7.00000    0   10    6.00000    7.00000  16.7%     -    0s
     0     0    7.00000    0   10    6.00000    7.00000  16.7%     -    0s
     0     0    7.00000    0    6    6.00000    7.00000  16.7%     -    0s

Cutting planes:
  MIR: 2

Explored 1 nodes (492 simplex iterations) in 0.14 seconds (0.10 work units)
Thread count was 16 (of 16 available processors)

Solution count 3: 6 3 2 

Optimal solution found (tolerance 1.00e-04)
Best objective 6.000000000000e+00, best bound 6.000000000000e+00, gap 0.0000%

Wrote result file '/root/bgw/data/results/2026_03_23_16_00_30_set_exp_3_exp_3_n022_c002_g002_max.sol'

