[2026-03-24T16:03:21.534Z] Pipeline "set_vm-4-t1_vm-4-t1_s020_g003" → 2026_03_24_16_03_21_set_vm-4-t1_vm-4-t1_s020_g003_max.sol
Set parameter Username
Set parameter LicenseID to value 2797659
Set parameter LogFile to value "gurobi.log"
Using license file /opt/gurobi/gurobi.lic
Academic license - for non-commercial use only - expires 2027-03-24

Gurobi Optimizer version 13.0.1 build v13.0.1rc0 (linux64 - "Ubuntu 24.04.4 LTS")
Copyright (c) 2026, Gurobi Optimization, LLC

Warning: Duplicate section found (read 'binary') - Is a variable name equal to an LP file format keyword?
Warning: Duplicate section found (read 'binary') - Is a variable name equal to an LP file format keyword?
Warning: Duplicate section found (read 'binary') - Is a variable name equal to an LP file format keyword?
Warning: Duplicate section found (read 'binary') - Is a variable name equal to an LP file format keyword?
Warning: Duplicate section found (read 'binary') - Is a variable name equal to an LP file format keyword?
Warning: Duplicate section found (read 'binary') - Is a variable name equal to an LP file format keyword?
Warning: Duplicate section found (read 'binary') - Is a variable name equal to an LP file format keyword?
Warning: Duplicate section found (read 'binary') - Is a variable name equal to an LP file format keyword?
Warning: Duplicate section found (read 'binary') - Is a variable name equal to an LP file format keyword?
Warning: Duplicate section found (read 'binary') - Is a variable name equal to an LP file format keyword?
Warning: Further warnings of this type will be omitted.
Read LP format model from file /root/bgw/data/uploads/2026_03_24_16_03_21_set_vm-4-t1_vm-4-t1_s020_g003_max.lp
Reading time = 0.05 seconds
: 39878 rows, 1414 columns, 121464 nonzeros

Using Gurobi shared library /opt/gurobi1301/linux64/lib/libgurobi.so.13.0.1

CPU model: AMD EPYC-Genoa Processor, instruction set [SSE2|AVX|AVX2|AVX512]
Thread count: 16 physical cores, 16 logical processors, using up to 16 threads

Optimize a model with 39878 rows, 1414 columns and 121464 nonzeros (Max)
Model fingerprint: 0x2a2249ff
Model has 32 linear objective coefficients
Variable types: 82 continuous, 1332 integer (1332 binary)
Coefficient statistics:
  Matrix range     [1e+00, 5e+01]
  Objective range  [1e+00, 1e+00]
  Bounds range     [1e+00, 1e+00]
  RHS range        [1e+00, 5e+01]

Found heuristic solution: objective 32.0000000
Presolve removed 629 rows and 160 columns
Presolve time: 0.15s
Presolved: 39249 rows, 1254 columns, 118170 nonzeros
Variable types: 0 continuous, 1254 integer (1245 binary)
Root relaxation presolved: 19649 rows, 20854 columns, 78970 nonzeros


Root relaxation: objective 1.720000e+02, 1180 iterations, 0.23 seconds (0.29 work units)

    Nodes    |    Current Node    |     Objective Bounds      |     Work
 Expl Unexpl |  Obj  Depth IntInf | Incumbent    BestBd   Gap | It/Node Time

     0     0  172.00000    0   60   32.00000  172.00000   438%     -    0s
H    0     0                      74.0000000  172.00000   132%     -    0s
H    0     0                      88.0000000  172.00000  95.5%     -    0s
     0     0  172.00000    0   63   88.00000  172.00000  95.5%     -    0s
     0     0  172.00000    0   63   88.00000  172.00000  95.5%     -    1s
     0     0  172.00000    0   63   88.00000  172.00000  95.5%     -    1s
     0     0  172.00000    0   44   88.00000  172.00000  95.5%     -    1s
     0     0  172.00000    0   27   88.00000  172.00000  95.5%     -    1s
     0     0  172.00000    0   27   88.00000  172.00000  95.5%     -    1s
     0     0  172.00000    0   48   88.00000  172.00000  95.5%     -    1s
     0     0  172.00000    0   48   88.00000  172.00000  95.5%     -    1s
     0     0  172.00000    0   31   88.00000  172.00000  95.5%     -    1s
     0     0  172.00000    0   42   88.00000  172.00000  95.5%     -    2s
     0     0  172.00000    0   41   88.00000  172.00000  95.5%     -    2s
     0     0  172.00000    0   42   88.00000  172.00000  95.5%     -    2s
     0     0  172.00000    0   42   88.00000  172.00000  95.5%     -    2s
     0     0  172.00000    0   31   88.00000  172.00000  95.5%     -    2s
     0     0  172.00000    0   40   88.00000  172.00000  95.5%     -    2s
     0     0  172.00000    0   40   88.00000  172.00000  95.5%     -    2s
     0     0  172.00000    0   39   88.00000  172.00000  95.5%     -    2s
     0     0  172.00000    0   39   88.00000  172.00000  95.5%     -    2s
     0     0  172.00000    0   31   88.00000  172.00000  95.5%     -    2s
     0     0  172.00000    0   31   88.00000  172.00000  95.5%     -    2s
     0     0  172.00000    0   31   88.00000  172.00000  95.5%     -    2s
     0     2  172.00000    0   31   88.00000  172.00000  95.5%     -    3s
   138   125  136.70833   10   55   88.00000  165.00000  87.5%   319    5s
   529   330 infeasible   12        88.00000  165.00000  87.5%   387   11s
   757   440 infeasible   19        88.00000  165.00000  87.5%   405   15s
   988   498  108.65000   20   12   88.00000  164.70833  87.2%   415   20s
  1201   590  122.12500   16   99   88.00000  164.56250  87.0%   416   25s
  1589   685 infeasible   16        88.00000  164.03167  86.4%   425   32s
  1686   730  101.56250   22   31   88.00000  164.03167  86.4%   440   37s
  1949   806  143.28250   10  166   88.00000  157.85417  79.4%   451   40s
  2326   955  129.14250   15  253   88.00000  157.73333  79.2%   454   47s
  2552  1017  106.81250   19    5   88.00000  157.27083  78.7%   466   52s
  2798  1107 infeasible   21        88.00000  156.97917  78.4%   479   57s
  3011  1171 infeasible   22        88.00000  153.21980  74.1%   485   61s
  3111  1217  101.70833   21    2   88.00000  153.12417  74.0%   492   65s
  3526  1379 infeasible   24        88.00000  150.85417  71.4%   515   73s
  3669  1381  115.74193   15   34   88.00000  150.85417  71.4%   522   76s
  3681  1392  150.85417   11   77   88.00000  150.85417  71.4%   522   80s
  3786  1460  150.85417   20   54   88.00000  150.85417  71.4%   521   85s
  3911  1497  129.85417   24   42   88.00000  150.85417  71.4%   522   90s
  3999  1507  115.70833   28   38   88.00000  150.85417  71.4%   528   95s
  4097  1530     cutoff   32        88.00000  150.85417  71.4%   533  100s
  4227  1523  150.56250   19  215   88.00000  150.85417  71.4%   540  106s
  4316  1535  150.56250   20  215   88.00000  150.85417  71.4%   540  110s
  4404  1525  143.70833   21  228   88.00000  150.85417  71.4%   546  115s
  4546  1532  129.56250   26   31   88.00000  150.85417  71.4%   548  123s
  4600  1528  122.70833   27   30   88.00000  150.85417  71.4%   556  125s
  4719  1535  136.32917   22   59   88.00000  150.85417  71.4%   558  131s
  4795  1524     cutoff   31        88.00000  150.85417  71.4%   559  135s
  4898  1497  150.22627   18  252   88.00000  150.85417  71.4%   564  141s
  5019  1526  143.14250   20  192   88.00000  150.85417  71.4%   561  145s
  5232  1507  101.70833   29   39   88.00000  150.85417  71.4%   562  151s
  5306  1498 infeasible   31        88.00000  150.85417  71.4%   565  156s
  5398  1510  150.85417   22   50   88.00000  150.85417  71.4%   566  164s
  5466  1525  149.32292   23   49   88.00000  150.85417  71.4%   566  167s
  5564  1526  150.85417   18   77   88.00000  150.85417  71.4%   562  170s
  5689  1532  144.00000   20   64   88.00000  150.85417  71.4%   569  176s
  5795  1561  137.00000   22   31   88.00000  150.85417  71.4%   579  183s
  5909  1579  143.56250   22   43   88.00000  150.85417  71.4%   582  186s
  6144  1562  136.56250   22   50   88.00000  150.85417  71.4%   594  194s
  6298  1548  123.00000   25   60   88.00000  150.85417  71.4%   597  198s
  6471  1538  120.52083   27   23   88.00000  150.85417  71.4%   601  204s
  6633  1553  122.70833   26   35   88.00000  150.85417  71.4%   604  208s
  6872  1543  101.56250   33    2   88.00000  150.85417  71.4%   604  212s
  7125  1524  102.00000   32   17   88.00000  150.85417  71.4%   603  218s
  7350  1459  101.89063   33   16   88.00000  150.85417  71.4%   607  222s
  7371  1495 infeasible   34        88.00000  150.76667  71.3%   607  226s
  7567  1494  101.75000   34   15   88.00000  150.76667  71.3%   602  233s
  7875  1503     cutoff   35        88.00000  150.22222  70.7%   599  237s
  8300  1605  136.41667   23  153   88.00000  149.90625  70.3%   589  242s
  8663  1668  101.09583   30   12   88.00000  149.68750  70.1%   586  248s
  8908  1731  130.00000   22  210   88.00000  144.14583  63.8%   590  255s
  9080  1810     cutoff   33        88.00000  144.00000  63.6%   600  262s
  9324  1856 infeasible   30        88.00000  143.85616  63.5%   605  268s
  9575  1951     cutoff   31        88.00000  143.85417  63.5%   612  274s
  9951  2037  108.89063   27   45   88.00000  143.85417  63.5%   611  280s
 10269  2050 infeasible   32        88.00000  143.70833  63.3%   614  285s
 10579  2102 infeasible   30        88.00000  143.56250  63.1%   619  291s
 10975  2186 infeasible   30        88.00000  143.41667  63.0%   618  297s
 11518  2279  108.85417   27   31   88.00000  143.27083  62.8%   612  303s
 12164  2351 infeasible   24        88.00000  142.97917  62.5%   601  310s
 12547  2422 infeasible   28        88.00000  142.20376  61.6%   604  318s
 12872  2428   95.00000   31    9   88.00000  141.01042  60.2%   611  328s
 12903  2483 infeasible   32        88.00000  141.01042  60.2%   613  335s
 13200  2578  116.00000   28   25   88.00000  137.00000  55.7%   618  344s
 13586  2687  127.37500   26   54   88.00000  137.00000  55.7%   626  353s
 14003  2749  108.70833   24   38   88.00000  137.00000  55.7%   631  360s
 14391  2823  122.71238   26  267   88.00000  136.85417  55.5%   638  368s
 14763  2936     cutoff   31        88.00000  136.85417  55.5%   646  378s
 15311  3023  101.46528   32  181   88.00000  136.70833  55.4%   646  386s
 15838  3124  128.72396   24   23   88.00000  136.61314  55.2%   649  395s
 16420  3170     cutoff   29        88.00000  136.56250  55.2%   651  405s
 17030  3259 infeasible   29        88.00000  136.46528  55.1%   651  414s
 17940  3294     cutoff   29        88.00000  136.11139  54.7%   642  424s
 18572  3386     cutoff   31        88.00000  135.97917  54.5%   644  435s
 19131  3479  109.00000   25   50   88.00000  130.00000  47.7%   650  448s
 19648  3564  101.61111   27   57   88.00000  130.00000  47.7%   658  460s
 20234  3701 infeasible   29        88.00000  130.00000  47.7%   664  471s
 20968  3702  122.70833   28   31   88.00000  130.00000  47.7%   666  521s
 20988  3726  130.00000   26  114   88.00000  130.00000  47.7%   666  527s
 21003  3737  130.00000   27   91   88.00000  130.00000  47.7%   666  530s
 21051  3761  130.00000   29   50   88.00000  130.00000  47.7%   667  537s
 21072  3770  130.00000   31   49   88.00000  130.00000  47.7%   667  543s
 21103  3787  130.00000   31   64   88.00000  130.00000  47.7%   670  547s
 21142  3800  130.00000   32   45   88.00000  130.00000  47.7%   671  551s
 21187  3818  130.00000   33   41   88.00000  130.00000  47.7%   671  555s
 21265  3831  130.00000   37   38   88.00000  130.00000  47.7%   672  560s
 21316  3857  130.00000   39   40   88.00000  130.00000  47.7%   672  569s
 21347  3865  130.00000   39   38   88.00000  130.00000  47.7%   673  575s
 21400  3859  130.00000   40   73   88.00000  130.00000  47.7%   673  582s
 21420  3861  130.00000   40   37   88.00000  130.00000  47.7%   673  585s
 21468  3890  129.70833   41   42   88.00000  130.00000  47.7%   674  591s
 21526  3895  122.90278   42   41   88.00000  130.00000  47.7%   674  596s
 21602  3907  115.56250   45   27   88.00000  130.00000  47.7%   674  601s
 21766  3945 infeasible   52        88.00000  130.00000  47.7%   674  606s
 21942  3972  129.97917   40   40   88.00000  130.00000  47.7%   675  613s
 22039  3946  122.91898   43  148   88.00000  130.00000  47.7%   675  616s
 22115  3994  115.49769   45   50   88.00000  130.00000  47.7%   675  623s
 22224  3984   95.00000   48   63   88.00000  130.00000  47.7%   675  629s
 22334  4017 infeasible   40        88.00000  130.00000  47.7%   675  632s
 22459  4026  130.00000   37   54   88.00000  130.00000  47.7%   675  636s
 22645  4060     cutoff   47        88.00000  130.00000  47.7%   674  641s
 22791  4055 infeasible   46        88.00000  130.00000  47.7%   673  645s
 23048  4057 infeasible   44        88.00000  130.00000  47.7%   675  654s
 23209  4067  130.00000   32   46   88.00000  130.00000  47.7%   675  658s
 23389  4086 infeasible   49        88.00000  130.00000  47.7%   675  662s
 23530  4150  130.00000   32   41   88.00000  130.00000  47.7%   676  666s
 23911  4165 infeasible   49        88.00000  130.00000  47.7%   676  675s
 24094  4172  130.00000   34  130   88.00000  130.00000  47.7%   676  680s
 24243  4177  122.99450   38  131   88.00000  130.00000  47.7%   678  687s
 24360  4227  116.00000   42   75   88.00000  130.00000  47.7%   681  690s
 24563  4225  102.00000   48   30   88.00000  130.00000  47.7%   681  697s
 24745  4228  130.00000   38   51   88.00000  130.00000  47.7%   683  702s
 24947  4262  108.95139   40   28   88.00000  130.00000  47.7%   684  709s
 25170  4236 infeasible   45        88.00000  130.00000  47.7%   685  715s
 25376  4222     cutoff   44        88.00000  130.00000  47.7%   686  721s
 25567  4219  129.56250   38   32   88.00000  130.00000  47.7%   688  728s
 25746  4230 infeasible   38        88.00000  130.00000  47.7%   690  735s
 25933  4171  121.10417   41   45   88.00000  130.00000  47.7%   693  740s
 25957  4173  116.00000   42   48   88.00000  130.00000  47.7%   694  746s
 25979  4169  114.10417   43  160   88.00000  130.00000  47.7%   694  752s
 26005  4169  116.00000   43   70   88.00000  130.00000  47.7%   694  757s
 26056  4205  114.10417   44   23   88.00000  130.00000  47.7%   694  763s
 26213  4227  115.70833   45   21   88.00000  130.00000  47.7%   692  771s
 26416  4274  101.85417   48   18   88.00000  130.00000  47.7%   693  777s
 26688  4291 infeasible   50        88.00000  130.00000  47.7%   694  785s
 27038  4287  129.70833   44   23   88.00000  130.00000  47.7%   693  791s
 27368  4358  130.00000   38   29   88.00000  130.00000  47.7%   693  798s
 27883  4297  115.70833   44   40   88.00000  130.00000  47.7%   690  805s
 28223  4341  130.00000   36   51   88.00000  130.00000  47.7%   691  812s
 28715  4321  101.70833   45   20   88.00000  130.00000  47.7%   689  819s
 29202  4313 infeasible   45        88.00000  130.00000  47.7%   688  825s
 29725  4258  115.63542   43   84   88.00000  130.00000  47.7%   686  836s
 30245  4258  130.00000   38   48   88.00000  130.00000  47.7%   685  846s
 30789  4227  102.00000   41  117   88.00000  130.00000  47.7%   684  856s
 31267  4199  102.00000   42   18   88.00000  130.00000  47.7%   685  866s
 31698  4222     cutoff   47        88.00000  130.00000  47.7%   688  878s
 32167  4288  130.00000   37   41   88.00000  130.00000  47.7%   690  889s
 32800  4508  130.00000   38   46   88.00000  130.00000  47.7%   689  898s
 33326  4692 infeasible   41        88.00000  130.00000  47.7%   691  907s
 33798  4886  129.63542   37   43   88.00000  130.00000  47.7%   693  919s
 34359  5092  129.85417   40   25   88.00000  130.00000  47.7%   695  929s
 34971  5315  115.90278   45   21   88.00000  130.00000  47.7%   696  940s
 35668  5565 infeasible   51        88.00000  130.00000  47.7%   697  951s
 36518  5779  101.41667   43   21   88.00000  130.00000  47.7%   694  964s
 37554  5996 infeasible   38        88.00000  130.00000  47.7%   690  975s
 38357  6204 infeasible   43        88.00000  130.00000  47.7%   688  987s
 39276  6382  101.85417   47   21   88.00000  130.00000  47.7%   687  998s
 40384  6545 infeasible   45        88.00000  130.00000  47.7%   683 1012s
 40938  6741  101.27083   43   28   88.00000  130.00000  47.7%   686 1027s
 41553  6989  130.00000   37   36   88.00000  130.00000  47.7%   689 1043s
 42234  7358  130.00000   40   41   88.00000  130.00000  47.7%   694 1064s
 43212  7730 infeasible   54        88.00000  130.00000  47.7%   699 1082s
 44030  8082  115.80556   47   18   88.00000  130.00000  47.7%   707 1102s
 45155  8467  108.85417   42   21   88.00000  130.00000  47.7%   711 1123s
 46308  8899  130.00000   37   43   88.00000  130.00000  47.7%   715 1145s
 47585  9228   95.00000   47    9   88.00000  130.00000  47.7%   717 1166s
 49041  9466 infeasible   38        88.00000  130.00000  47.7%   717 1188s
 50020  9831  108.48958   44   33   88.00000  130.00000  47.7%   717 1209s
 51538 10133  102.00000   39   38   88.00000  130.00000  47.7%   717 1233s
 53315 10362 infeasible   44        88.00000  130.00000  47.7%   713 1255s
 55461 10718  122.92708   39   42   88.00000  130.00000  47.7%   708 1277s
 57063 11084  130.00000   42   32   88.00000  130.00000  47.7%   708 1300s
 58500 11443  108.92708   45   15   88.00000  130.00000  47.7%   709 1326s
 59613 11961 infeasible   42        88.00000  130.00000  47.7%   713 1349s
 61154 12321  108.56250   42   16   88.00000  130.00000  47.7%   716 1373s
 62949 12322  123.00000   38   31   88.00000  130.00000  47.7%   718 1410s
 62956 12332  130.00000   33   52   88.00000  130.00000  47.7%   718 1415s
 63097 12404  130.00000   40   50   88.00000  130.00000  47.7%   717 1421s
 63215 12442  130.00000   44   38   88.00000  130.00000  47.7%   717 1425s
 63318 12470  115.70833   48   33   88.00000  130.00000  47.7%   717 1431s
 63393 12475 infeasible   54        88.00000  130.00000  47.7%   717 1436s
 63469 12487 infeasible   47        88.00000  130.00000  47.7%   717 1442s
 63628 12512  122.27083   52   46   88.00000  130.00000  47.7%   717 1447s
 63758 12508 infeasible   58        88.00000  130.00000  47.7%   716 1450s
 64029 12487  130.00000   45   48   88.00000  130.00000  47.7%   716 1455s
 64125 12517  122.56250   48   45   88.00000  130.00000  47.7%   715 1460s
 64272 12565 infeasible   56        88.00000  130.00000  47.7%   715 1465s
 64705 12576 infeasible   44        88.00000  130.00000  47.7%   713 1472s
 64775 12581  130.00000   40   39   88.00000  130.00000  47.7%   712 1475s
 65021 12611  101.70833   54    2   88.00000  130.00000  47.7%   712 1481s
 65298 12618 infeasible   45        88.00000  130.00000  47.7%   711 1485s
 65599 12645     cutoff   56        88.00000  130.00000  47.7%   711 1490s
 65977 12659   95.00000   55   25   88.00000  130.00000  47.7%   709 1496s
 66308 12624  102.00000   53   29   88.00000  130.00000  47.7%   709 1502s
 66356 12628  101.70833   54   19   88.00000  130.00000  47.7%   709 1508s
 66419 12618 infeasible   55        88.00000  130.00000  47.7%   709 1511s
 66463 12625 infeasible   55        88.00000  130.00000  47.7%   709 1515s
 66620 12656  130.00000   50   43   88.00000  130.00000  47.7%   708 1522s
 66921 12692 infeasible   52        88.00000  130.00000  47.7%   707 1527s
 67119 12690 infeasible   53        88.00000  130.00000  47.7%   706 1531s
 67632 12705  130.00000   45   29   88.00000  130.00000  47.7%   704 1537s
 67938 12691 infeasible   56        88.00000  130.00000  47.7%   703 1541s
 68461 12695  130.00000   42   40   88.00000  130.00000  47.7%   703 1549s
 68730 12717  101.70833   51   18   88.00000  130.00000  47.7%   702 1553s
 69020 12791 infeasible   55        88.00000  130.00000  47.7%   702 1556s
 69383 12791  129.81771   47   34   88.00000  130.00000  47.7%   701 1560s
 70148 12786     cutoff   49        88.00000  130.00000  47.7%   699 1569s
 70437 12838  130.00000   47   29   88.00000  130.00000  47.7%   699 1574s
 70817 12829 infeasible   59        88.00000  130.00000  47.7%   698 1578s
 71240 12839 infeasible   57        88.00000  130.00000  47.7%   697 1582s
 71727 12863 infeasible   54        88.00000  130.00000  47.7%   695 1588s
 72360 12793  130.00000   43  116   88.00000  130.00000  47.7%   693 1593s
 72976 12716 infeasible   45        88.00000  130.00000  47.7%   691 1598s
 73497 12681  108.76667   52   26   88.00000  130.00000  47.7%   689 1604s
 73969 12724  115.88333   48   80   88.00000  130.00000  47.7%   689 1611s
 74438 12748  101.12500   53   34   88.00000  130.00000  47.7%   689 1616s
 74863 12774  101.27083   51   37   88.00000  130.00000  47.7%   689 1622s
 75280 12847  130.00000   50   84   88.00000  130.00000  47.7%   689 1628s
 75776 12834  102.00000   56   24   88.00000  130.00000  47.7%   689 1635s
 76233 12878 infeasible   46        88.00000  130.00000  47.7%   689 1643s
 76871 12838 infeasible   57        88.00000  130.00000  47.7%   688 1649s
 77477 12831 infeasible   57        88.00000  130.00000  47.7%   687 1656s
 78147 12804  115.94391   55   24   88.00000  130.00000  47.7%   686 1663s
 78886 12711 infeasible   54        88.00000  130.00000  47.7%   685 1670s
 79626 12650 infeasible   55        88.00000  130.00000  47.7%   684 1677s
 80466 12544 infeasible   51        88.00000  130.00000  47.7%   682 1684s
 81416 12413  101.80556   53   24   88.00000  130.00000  47.7%   680 1691s
 82376 12323  130.00000   44   34   88.00000  130.00000  47.7%   677 1700s
 83146 12298 infeasible   57        88.00000  130.00000  47.7%   677 1709s
 83888 12344 infeasible   50        88.00000  130.00000  47.7%   677 1771s
 84581 12403  122.70833   50   49   88.00000  130.00000  47.7%   678 1783s
 85424 12410 infeasible   46        88.00000  130.00000  47.7%   679 1797s
 86393 12517  101.67188   52   36   88.00000  130.00000  47.7%   679 1811s
 87574 12427  108.85417   49  106   88.00000  130.00000  47.7%   680 1824s
 88833 12355     cutoff   52        88.00000  130.00000  47.7%   679 1837s
 90161 12265  130.00000   48   96   88.00000  130.00000  47.7%   678 1851s
 91463 12158  122.55000   48   31   88.00000  130.00000  47.7%   677 1863s
 92874 11941  115.65000   50   94   88.00000  130.00000  47.7%   675 1877s
 94393 11650  130.00000   46  145   88.00000  130.00000  47.7%   673 1889s
 95979 11245  130.00000   46  155   88.00000  130.00000  47.7%   671 1902s
 97613 10951  108.67187   51   20   88.00000  130.00000  47.7%   669 1916s
 98924 10879  115.70833   53   24   88.00000  130.00000  47.7%   669 1930s
 100254 10930  115.75694   49   88   88.00000  130.00000  47.7%   669 1946s
 101503 11228 infeasible   55        88.00000  130.00000  47.7%   670 1965s
 102751 11679  129.67917   47  109   88.00000  130.00000  47.7%   672 1985s
 104483 12086  101.80556   56   41   88.00000  130.00000  47.7%   671 2004s
 105974 12547  101.85417   50   55   88.00000  130.00000  47.7%   672 2026s
 107589 13012  129.85417   49   44   88.00000  130.00000  47.7%   673 2046s
 109590 13360  130.00000   48  285   88.00000  130.00000  47.7%   672 2064s
 111352 13599 infeasible   60        88.00000  130.00000  47.7%   671 2083s
 113222 13924     cutoff   60        88.00000  130.00000  47.7%   670 2103s
 114839 14219  129.70833   46  153   88.00000  130.00000  47.7%   669 2120s
 116601 14438  101.41667   58   16   88.00000  130.00000  47.7%   668 2138s
 118638 14604 infeasible   45        88.00000  130.00000  47.7%   666 2153s
 120453 14629   95.00000   50    7   88.00000  130.00000  47.7%   665 2170s
 122439 14650  107.92588   48   28   88.00000  130.00000  47.7%   662 2188s
 122615 14645  115.70833   54   34   88.00000  130.00000  47.7%   662 2206s
 124294 14821     cutoff   56        88.00000  130.00000  47.7%   660 2223s
 126122 15155 infeasible   59        88.00000  130.00000  47.7%   659 2241s
 127852 15400 infeasible   55        88.00000  130.00000  47.7%   659 2258s
 129224 15738 infeasible   62        88.00000  130.00000  47.7%   660 2274s
 130719 16045 infeasible   54        88.00000  130.00000  47.7%   661 2291s
 132327 16273  121.68750   48   67   88.00000  130.00000  47.7%   662 2311s
 133948 16575  108.27083   48   22   88.00000  130.00000  47.7%   662 2330s
 135699 16863 infeasible   56        88.00000  130.00000  47.7%   663 2348s
 137003 17218 infeasible   55        88.00000  130.00000  47.7%   664 2365s
 138684 17572 infeasible   51        88.00000  130.00000  47.7%   664 2382s
 140518 17859  108.43910   49   31   88.00000  129.96729  47.7%   664 2401s
 142292 18040  116.00000   52    7   88.00000  129.90278  47.6%   664 2419s
 143943 18303 infeasible   54        88.00000  129.85417  47.6%   665 2437s
 145912 18435     cutoff   59        88.00000  129.81250  47.5%   663 2454s
 147788 18554     cutoff   54        88.00000  129.75694  47.5%   662 2471s
 149727 18653  115.97917   52   57   88.00000  129.70833  47.4%   661 2485s
 151518 18747  115.56250   51   37   88.00000  129.70213  47.4%   660 2501s
 152964 18804 infeasible   52        88.00000  129.61111  47.3%   659 2515s
 154648 18830 infeasible   50        88.00000  129.56250  47.2%   658 2530s
 156125 18822     cutoff   52        88.00000  129.51389  47.2%   658 2545s
 157814 18816  108.80556   49   39   88.00000  129.41667  47.1%   658 2561s
 159462 18723 infeasible   58        88.00000  129.39143  47.0%   657 2575s
 161262 18628  102.00000   58   25   88.00000  129.27083  46.9%   656 2590s
 163250 18447 infeasible   52        88.00000  129.12500  46.7%   654 2603s
 164944 18215  101.13997   49  202   88.00000  128.90625  46.5%   652 2617s
 166678 18198  108.70833   50  178   88.00000  128.46076  46.0%   651 2630s
 168076 18285  101.27083   54   37   88.00000  127.94213  45.4%   650 2646s
 169433 18449  100.97917   52   19   88.00000  126.42708  43.7%   651 2661s
 171125 18572  108.45139   51   31   88.00000  125.23611  42.3%   650 2677s
 172432 18685     cutoff   56        88.00000  123.00000  39.8%   651 2695s
 173921 18847     cutoff   58        88.00000  123.00000  39.8%   652 2713s
 175374 18950  108.41603   50  205   88.00000  123.00000  39.8%   653 2731s
 177309 19024  108.27083   54  128   88.00000  123.00000  39.8%   653 2751s
 178644 19015  122.56250   53  111   88.00000  123.00000  39.8%   653 2769s
 180424 19096  102.00000   59   85   88.00000  123.00000  39.8%   654 2787s
 182073 19142 infeasible   52        88.00000  123.00000  39.8%   655 2804s
 183521 19194  108.85417   51   65   88.00000  123.00000  39.8%   655 2823s
 184223 19224  108.56250   55   23   88.00000  123.00000  39.8%   656 2842s
 186117 19363 infeasible   53        88.00000  123.00000  39.8%   656 2858s
 188065 19466  102.00000   55   37   88.00000  123.00000  39.8%   656 2876s
 190084 19570  108.37778   55   37   88.00000  122.96023  39.7%   655 2893s
 191965 19578  115.85417   54   23   88.00000  122.88333  39.6%   655 2906s
 193464 19600     cutoff   54        88.00000  122.85417  39.6%   655 2921s
 194943 19593 infeasible   57        88.00000  122.85417  39.6%   655 2937s
 196582 19615  122.38900   53  229   88.00000  122.85417  39.6%   655 2952s
 198349 19605  108.89240   57  222   88.00000  122.80556  39.6%   655 2967s
 200018 19559  114.91667   48   65   88.00000  122.73904  39.5%   654 2982s
 201795 19437 infeasible   50        88.00000  122.70833  39.4%   654 2997s
 203586 19334     cutoff   51        88.00000  122.70833  39.4%   653 3013s
 205451 19253  101.78125   57   23   88.00000  122.67188  39.4%   652 3026s
 207035 19092  108.80556   51   90   88.00000  122.62083  39.3%   652 3042s
 208756 18914     cutoff   58        88.00000  122.56250  39.3%   651 3059s
 210387 18798  115.63542   55   32   88.00000  122.55629  39.3%   651 3075s
 211688 18575     cutoff   55        88.00000  122.50245  39.2%   651 3093s
 213325 18322     cutoff   52        88.00000  122.41667  39.1%   650 3111s
 215136 17955  121.82523   52   31   88.00000  122.35417  39.0%   649 3127s
 217044 17576     cutoff   55        88.00000  122.27083  38.9%   648 3142s
 218645 17201  108.12500   53   62   88.00000  122.12500  38.8%   648 3157s
 220585 16795  108.56250   49  129   88.00000  121.90625  38.5%   647 3172s
 222344 16673     cutoff   49        88.00000  121.39583  37.9%   646 3187s
 224113 16652  108.67188   54   67   88.00000  120.59375  37.0%   645 3202s
 225926 16582  102.00000   53   82   88.00000  119.42708  35.7%   644 3219s
 227587 16540   95.00000   53   37   88.00000  118.99113  35.2%   644 3232s
 229080 16463  116.00000   52   44   88.00000  116.14583  32.0%   644 3246s
 230333 16446     cutoff   54        88.00000  116.00000  31.8%   644 3259s
 231492 16429  102.00000   51   53   88.00000  116.00000  31.8%   644 3272s
 232858 16384  108.70833   57   61   88.00000  116.00000  31.8%   645 3285s
 234243 16392  108.89583   49   27   88.00000  116.00000  31.8%   645 3300s
 235717 16303     cutoff   57        88.00000  116.00000  31.8%   646 3316s
 237226 16200     cutoff   57        88.00000  116.00000  31.8%   646 3333s
 238923 16095  108.70833   55   45   88.00000  116.00000  31.8%   647 3349s
 240561 15959     cutoff   59        88.00000  116.00000  31.8%   647 3366s
 242075 15829  108.99439   51  114   88.00000  116.00000  31.8%   648 3382s
 243813 15748  101.85417   51   44   88.00000  116.00000  31.8%   649 3398s
 245584 15607  108.63225   57  159   88.00000  116.00000  31.8%   649 3413s
 247556 15583  108.41667   58   23   88.00000  115.95139  31.8%   649 3431s
 248130 15417 infeasible   58        88.00000  115.94167  31.8%   649 3447s
 250099 15165 infeasible   57        88.00000  115.90278  31.7%   648 3463s
 252099 14925  101.56250   51   40   88.00000  115.85417  31.7%   648 3479s
 254016 14762 infeasible   52        88.00000  115.85417  31.7%   648 3494s
 255876 14529     cutoff   55        88.00000  115.80000  31.6%   647 3509s
 257459 14145  101.73021   51   82   88.00000  115.72656  31.5%   647 3525s
 259479 13789     cutoff   56        88.00000  115.70833  31.5%   646 3539s
 261242 13504 infeasible   49        88.00000  115.70833  31.5%   646 3554s
 262771 13025     cutoff   57        88.00000  115.68750  31.5%   646 3570s
 264855 12534 infeasible   56        88.00000  115.56667  31.3%   645 3585s
 266718 11929  101.95139   52  113   88.00000  115.53080  31.3%   644 3598s
 268623 11350 infeasible   51        88.00000  115.41667  31.2%   643 3613s
 270264 10687 infeasible   51        88.00000  115.29386  31.0%   643 3627s
 271936 10237  108.93348   49  105   88.00000  115.12500  30.8%   642 3640s
 273686  9961  101.31944   51   22   88.00000  114.29861  29.9%   642 3652s
 275394  9803     cutoff   48        88.00000  113.35556  28.8%   641 3664s
 277083  9633     cutoff   57        88.00000  112.35417  27.7%   641 3679s
 278397  9386 infeasible   49        88.00000  112.20199  27.5%   640 3692s
 280161  9107 infeasible   58        88.00000  109.67448  24.6%   640 3704s
 281452  8873     cutoff   56        88.00000  109.00000  23.9%   640 3715s
 282921  8646  101.69010   55   11   88.00000  109.00000  23.9%   640 3728s
 284135  8310  109.00000   51   40   88.00000  109.00000  23.9%   641 3741s
 285596  7958     cutoff   49        88.00000  109.00000  23.9%   642 3753s
 286904  7644 infeasible   53        88.00000  109.00000  23.9%   642 3766s
 288282  7272 infeasible   54        88.00000  108.98810  23.9%   643 3779s
 289919  6839     cutoff   55        88.00000  108.92708  23.8%   643 3793s
 291736  6330     cutoff   54        88.00000  108.85417  23.7%   643 3806s
 293446  5626     cutoff   59        88.00000  108.85417  23.7%   643 3819s
 295341  4601     cutoff   53        88.00000  108.70833  23.5%   642 3833s
 297313  3795  101.91250   57   15   88.00000  108.47396  23.3%   641 3846s
 298838  3176     cutoff   51        88.00000  106.70312  21.3%   642 3859s
 300396  2878 infeasible   53        88.00000  102.00000  15.9%   642 3872s
 301324  2438  102.00000   53   36   88.00000  102.00000  15.9%   642 3886s
 302801  1611 infeasible   59        88.00000  102.00000  15.9%   643 3899s
 304684   213     cutoff   57        88.00000  102.00000  15.9%   643 3908s

Cutting planes:
  Cover: 6
  Flow cover: 11
  Inf proof: 11
  Zero half: 100
  RLT: 10

Explored 306548 nodes (196287836 simplex iterations) in 3909.25 seconds (8476.74 work units)
Thread count was 16 (of 16 available processors)

Solution count 10: 88 88 88 ... 88

Optimal solution found (tolerance 1.00e-04)
Best objective 8.800000000000e+01, best bound 8.800000000000e+01, gap 0.0000%

Wrote result file '/root/bgw/data/results/2026_03_24_16_03_21_set_vm-4-t1_vm-4-t1_s020_g003_max.sol'

