[2026-03-24T00:39:38.761Z] Pipeline "set_big_5-7_big_5-7_s002_g001" → 2026_03_24_00_39_38_set_big_5-7_big_5-7_s002_g001_max.sol
Set parameter WLSAccessID
Set parameter WLSSecret
Set parameter LicenseID to value 2792458
Set parameter LogFile to value "gurobi.log"
Using license file /root/gurobi.lic
Academic license 2792458 - for non-commercial use only - registered to an___@studenti.unipg.it

Gurobi Optimizer version 13.0.1 build v13.0.1rc0 (linux64 - "Ubuntu 24.04.4 LTS")
Copyright (c) 2026, Gurobi Optimization, LLC

Warning: Duplicate section found (read 'binary') - Is a variable name equal to an LP file format keyword?
Warning: Duplicate section found (read 'binary') - Is a variable name equal to an LP file format keyword?
Warning: Duplicate section found (read 'binary') - Is a variable name equal to an LP file format keyword?
Warning: Duplicate section found (read 'binary') - Is a variable name equal to an LP file format keyword?
Warning: Duplicate section found (read 'binary') - Is a variable name equal to an LP file format keyword?
Warning: Duplicate section found (read 'binary') - Is a variable name equal to an LP file format keyword?
Warning: Duplicate section found (read 'binary') - Is a variable name equal to an LP file format keyword?
Warning: Duplicate section found (read 'binary') - Is a variable name equal to an LP file format keyword?
Warning: Duplicate section found (read 'binary') - Is a variable name equal to an LP file format keyword?
Warning: Duplicate section found (read 'binary') - Is a variable name equal to an LP file format keyword?
Warning: Further warnings of this type will be omitted.
Read LP format model from file /root/bgw/data/uploads/2026_03_24_00_39_38_set_big_5-7_big_5-7_s002_g001_max.lp
Reading time = 0.00 seconds
: 2643 rows, 464 columns, 8139 nonzeros

Using Gurobi shared library /opt/gurobi1301/linux64/lib/libgurobi.so.13.0.1

CPU model: AMD EPYC-Genoa Processor, instruction set [SSE2|AVX|AVX2|AVX512]
Thread count: 16 physical cores, 16 logical processors, using up to 16 threads

Academic license 2792458 - for non-commercial use only - registered to an___@studenti.unipg.it
Optimize a model with 2643 rows, 464 columns and 8139 nonzeros (Max)
Model fingerprint: 0x3da4a74b
Model has 255 linear objective coefficients
Variable types: 271 continuous, 193 integer (193 binary)
Coefficient statistics:
  Matrix range     [1e+00, 2e+01]
  Objective range  [1e+00, 1e+00]
  Bounds range     [1e+00, 1e+00]
  RHS range        [1e+00, 2e+01]

Found heuristic solution: objective 255.0000000
Presolve removed 1430 rows and 292 columns
Presolve time: 0.01s
Presolved: 1213 rows, 172 columns, 3782 nonzeros
Variable types: 0 continuous, 172 integer (161 binary)
Found heuristic solution: objective 365.0000000

Root relaxation: objective 2.019000e+03, 222 iterations, 0.01 seconds (0.01 work units)

    Nodes    |    Current Node    |     Objective Bounds      |     Work
 Expl Unexpl |  Obj  Depth IntInf | Incumbent    BestBd   Gap | It/Node Time

     0     0 2019.00000    0   62  365.00000 2019.00000   453%     -    0s
H    0     0                     422.0000000 2019.00000   378%     -    0s
H    0     0                     530.0000000 2019.00000   281%     -    0s
H    0     0                     553.0000000 2019.00000   265%     -    0s
     0     0 2019.00000    0   63  553.00000 2019.00000   265%     -    0s
H    0     0                     589.0000000 2019.00000   243%     -    0s
H    0     0                     620.0000000 2019.00000   226%     -    0s
H    0     0                     674.0000000 2019.00000   200%     -    0s
     0     0 2019.00000    0   64  674.00000 2019.00000   200%     -    0s
     0     0 2019.00000    0   63  674.00000 2019.00000   200%     -    0s
     0     0 2019.00000    0   64  674.00000 2019.00000   200%     -    0s
     0     0 2019.00000    0   63  674.00000 2019.00000   200%     -    0s
     0     0 2019.00000    0   64  674.00000 2019.00000   200%     -    0s
     0     0 2019.00000    0   63  674.00000 2019.00000   200%     -    0s
H    0     0                     702.0000000 2019.00000   188%     -    0s
     0     0 2019.00000    0   63  702.00000 2019.00000   188%     -    0s
     0     0 2019.00000    0   63  702.00000 2019.00000   188%     -    0s
H    0     0                     703.0000000 2019.00000   187%     -    0s
     0     0 2004.00000    0   62  703.00000 2004.00000   185%     -    0s
     0     0 2004.00000    0   62  703.00000 2004.00000   185%     -    0s
     0     0 2004.00000    0   62  703.00000 2004.00000   185%     -    0s
     0     0 2004.00000    0   62  703.00000 2004.00000   185%     -    0s
     0     2 2004.00000    0   62  703.00000 2004.00000   185%     -    0s
H    8    11                     711.0000000 2004.00000   182%  70.8    0s
H  375   326                     719.0000000 1991.78571   177%  55.8    0s
H  391   326                     723.0000000 1991.78571   175%  54.8    0s
 39160 19105 1505.55714   31   68  723.00000 1562.64286   116%  37.7    5s
 92871 42351 1326.28571   36   65  723.00000 1429.06190  97.7%  36.6   10s
 168520 72566 1314.45408   43   58  723.00000 1338.14286  85.1%  36.0   15s
 236341 98067 1222.42857   40   66  723.00000 1292.16837  78.7%  35.3   20s
 307629 124425  831.48214   47   54  723.00000 1257.28571  73.9%  34.9   25s
 380954 149822  782.00000   54   32  723.00000 1229.28571  70.0%  34.3   30s
 449298 172174 infeasible   52       723.00000 1207.85714  67.1%  34.0   35s
 524912 196515  916.50000   48   46  723.00000 1187.89286  64.3%  33.7   40s
 603541 221078 1097.28571   41   56  723.00000 1169.78571  61.8%  33.5   45s
 678477 243916  863.81429   46   52  723.00000 1154.92857  59.7%  33.2   50s
 756325 266043  846.42857   50   48  723.00000 1140.92857  57.8%  33.0   55s
 818399 283308  826.07143   50   39  723.00000 1131.00000  56.4%  32.8   60s
 893075 303104  763.64286   53   53  723.00000 1118.95408  54.8%  32.7   65s
 970066 322972 1004.97321   46   55  723.00000 1108.32653  53.3%  32.4   70s
 1045065 342258  801.64286   54   64  723.00000 1098.28571  51.9%  32.2   75s
 1120567 360332  992.29821   44   60  723.00000 1088.78571  50.6%  32.1   80s
 1197351 378725  765.00000   57   43  723.00000 1079.78571  49.3%  31.9   85s
 1275881 397113  793.64286   60   29  723.00000 1071.00000  48.1%  31.7   90s
 1340611 411229  929.89796   51   38  723.00000 1065.07143  47.3%  31.5   95s
 1418240 427938  898.57143   59   35  723.00000 1057.41758  46.3%  31.4  100s
 1497539 444946  927.00000   46   41  723.00000 1049.85714  45.2%  31.2  105s
 1576835 461597  962.02381   45   50  723.00000 1043.00000  44.3%  31.1  110s
 1654622 477880 1001.65476   52   50  723.00000 1036.54762  43.4%  30.9  115s
 1736751 494403  830.59524   62   44  723.00000 1030.00000  42.5%  30.8  120s
 1810076 508868  980.65306   48   50  723.00000 1024.80000  41.7%  30.6  125s
 1887732 523836  939.35714   51   44  723.00000 1019.42857  41.0%  30.5  130s
 1966672 538440 infeasible   53       723.00000 1014.07937  40.3%  30.4  135s
 2046222 552670  788.73214   52   44  723.00000 1008.92857  39.5%  30.3  140s
 2125572 567336 1000.78571   42   48  723.00000 1004.09524  38.9%  30.2  145s
 2201929 580926  940.69643   56   48  723.00000  999.64286  38.3%  30.1  150s
 2271019 592784 infeasible   60       723.00000  995.75000  37.7%  30.0  155s
 2351184 606682 infeasible   45       723.00000  991.53571  37.1%  29.9  160s
 2436264 621186  851.65714   46   57  723.00000  987.30357  36.6%  29.8  165s
 2514707 634503  771.50000   58   51  723.00000  983.78571  36.1%  29.7  170s
 2599455 647776 infeasible   54       723.00000  979.92857  35.5%  29.6  175s
 2680751 660365  766.21429   53   43  723.00000  976.45238  35.1%  29.5  180s
 2747875 670868  856.22857   47   79  723.00000  973.64286  34.7%  29.4  185s
 2831829 683182  916.00000   48   56  723.00000  970.21429  34.2%  29.4  190s
 2914561 695402  887.35714   50   75  723.00000  966.92857  33.7%  29.3  195s
 2996768 707383 infeasible   52       723.00000  963.71429  33.3%  29.2  200s
 3079382 719750 infeasible   58       723.00000  960.71429  32.9%  29.2  205s
 3150163 729451 infeasible   51       723.00000  958.28571  32.5%  29.1  210s
 3231884 739820  852.07143   47   39  723.00000  955.47619  32.2%  29.0  215s
 3314176 750935  844.07143   48   44  723.00000  952.80612  31.8%  29.0  220s
 3384848 760017  789.28571   54   37  723.00000  950.57143  31.5%  28.9  225s
 3467543 769954  920.52381   50   48  723.00000  947.97143  31.1%  28.8  230s
 3549568 779584  859.35714   51   56  723.00000  945.54762  30.8%  28.8  235s
 3629224 789286 infeasible   47       723.00000  943.17143  30.5%  28.7  240s
 3705692 798397  908.81633   49   50  723.00000  940.92857  30.1%  28.7  245s
 3784507 807260 infeasible   60       723.00000  938.78571  29.8%  28.6  250s
 3868815 816580     cutoff   50       723.00000  936.50000  29.5%  28.6  255s
 3951550 825615 infeasible   57       723.00000  934.28571  29.2%  28.5  260s
 4033716 834312  817.76190   52   62  723.00000  932.14286  28.9%  28.5  265s
 4109890 842319  904.42857   46   56  723.00000  930.14286  28.7%  28.5  270s
 4189695 849866  788.67347   59   61  723.00000  928.08673  28.4%  28.4  275s
 4273124 857435  786.50000   57   59  723.00000  926.00000  28.1%  28.4  280s
 4356043 864409  836.40476   50   43  723.00000  923.92857  27.8%  28.3  285s
 4432917 870863  741.30000   60   27  723.00000  922.14286  27.5%  28.3  290s
 4513577 876875 infeasible   45       723.00000  920.18571  27.3%  28.3  295s
 4583427 882734  747.71429   42   51  723.00000  918.57143  27.0%  28.2  300s
 4664658 889181  757.54762   61   62  723.00000  916.71429  26.8%  28.2  305s
 4738715 894633  766.10714   53   62  723.00000  915.13265  26.6%  28.2  310s
 4817294 899892     cutoff   54       723.00000  913.35714  26.3%  28.1  315s
 4897779 905513 infeasible   55       723.00000  911.57143  26.1%  28.1  320s
 4978270 910618  881.50000   50   75  723.00000  909.92857  25.9%  28.1  325s
 5058364 915798  833.14286   61   31  723.00000  908.28968  25.6%  28.1  330s
 5135088 920207  796.96429   53   37  723.00000  906.76190  25.4%  28.0  335s
 5205808 923474  848.69429   55   46  723.00000  905.33333  25.2%  28.0  340s
 5286001 927693 infeasible   57       723.00000  903.71429  25.0%  28.0  345s
 5353931 930809  847.42857   49   46  723.00000  902.35714  24.8%  28.0  350s
 5430996 934400 infeasible   47       723.00000  900.82857  24.6%  27.9  355s
 5507874 937342  724.07143   60   23  723.00000  899.28571  24.4%  27.9  360s
 5584565 940229  784.68571   50   71  723.00000  897.85714  24.2%  27.9  365s
 5656069 943058  833.09524   45   48  723.00000  896.50000  24.0%  27.9  370s
 5739755 946095  863.71429   60   30  723.00000  895.00000  23.8%  27.8  375s
 5820091 948728 infeasible   62       723.00000  893.50000  23.6%  27.8  380s
 5898600 951071  826.00000   60   27  723.00000  892.05714  23.4%  27.8  385s
 5970636 953245  857.21429   50   72  723.00000  890.78571  23.2%  27.8  390s
 6033050 953744  799.50000   51   36  723.00000  889.64286  23.0%  27.8  395s
 6115010 955113  850.42857   52   38  723.00000  888.17347  22.8%  27.7  400s
 6195622 956162  834.07143   58   31  723.00000  886.69184  22.6%  27.7  405s
 6276433 957202 infeasible   66       723.00000  885.23810  22.4%  27.7  410s
 6350517 958017 infeasible   53       723.00000  883.89286  22.3%  27.7  415s
 6431233 958862  816.33333   47   59  723.00000  882.44286  22.1%  27.7  420s
 6512113 959289  878.57143   48   38  723.00000  881.01020  21.9%  27.6  425s
 6591036 959346  838.42857   49   72  723.00000  879.66327  21.7%  27.6  430s
 6669465 959237     cutoff   54       723.00000  878.32143  21.5%  27.6  435s
 6737853 959121 infeasible   49       723.00000  877.21429  21.3%  27.6  440s
 6816651 959107  736.57619   48   34  723.00000  875.92857  21.2%  27.6  445s
 6893227 958242  872.75000   56   37  723.00000  874.64286  21.0%  27.6  450s
 6976317 956963  751.65238   61   66  723.00000  873.28571  20.8%  27.5  455s
 7058504 956081     cutoff   60       723.00000  871.96429  20.6%  27.5  460s
 7147968 953966  869.34286   52   36  723.00000  870.47619  20.4%  27.5  465s
 7230036 952103  790.92857   54   36  723.00000  869.14286  20.2%  27.5  470s
 7321176 949870  804.03571   57   32  723.00000  867.64286  20.0%  27.5  475s
 7409035 947278 infeasible   59       723.00000  866.21429  19.8%  27.5  480s
 7494229 944385  734.85714   53   46  723.00000  864.83333  19.6%  27.4  485s
 7572909 942018  838.07143   59   61  723.00000  863.62857  19.5%  27.4  490s
 7657496 939042  792.14286   60   40  723.00000  862.24490  19.3%  27.4  495s
 7743555 935607  834.28571   49   53  723.00000  860.85714  19.1%  27.4  500s
 7827490 932385 infeasible   46       723.00000  859.60714  18.9%  27.4  505s
 7913536 928208  761.78571   60   52  723.00000  858.28571  18.7%  27.4  510s
 7993211 924369 infeasible   56       723.00000  857.07143  18.5%  27.4  515s
 8076923 919913 infeasible   58       723.00000  855.78571  18.4%  27.4  520s
 8148422 915927  853.46429   50   57  723.00000  854.71429  18.2%  27.3  525s
 8240610 909988 infeasible   55       723.00000  853.21429  18.0%  27.3  530s
 8327202 904140  735.67857   44   53  723.00000  851.85714  17.8%  27.3  535s
 8406534 898507 infeasible   61       723.00000  850.62500  17.7%  27.3  540s
 8489791 892634 infeasible   55       723.00000  849.35714  17.5%  27.3  545s
 8573789 886559  775.14286   57   28  723.00000  848.07143  17.3%  27.3  550s
 8652773 880219  834.00000   56   47  723.00000  846.85714  17.1%  27.3  555s
 8741994 873060  763.14286   55   67  723.00000  845.50000  16.9%  27.3  560s
 8828505 865743     cutoff   56       723.00000  844.21429  16.8%  27.3  565s
 8913850 858171 infeasible   51       723.00000  842.92857  16.6%  27.3  570s
 9003072 850124  813.45918   53   49  723.00000  841.57143  16.4%  27.3  575s
 9076600 843406  810.07143   48   45  723.00000  840.42857  16.2%  27.3  580s
 9152138 836151  780.00000   53   68  723.00000  839.28571  16.1%  27.3  585s
 9228318 828314 infeasible   54       723.00000  838.12245  15.9%  27.3  590s
 9309207 820024  749.23469   56   52  723.00000  836.85714  15.7%  27.2  595s
 9388956 811447  769.85714   54   35  723.00000  835.64286  15.6%  27.2  600s
 9441185 805307  748.19643   59   72  723.00000  834.82143  15.5%  27.2  605s
 9518281 796319  748.02381   49   29  723.00000  833.57143  15.3%  27.2  610s
 9603720 786321  780.97619   51   48  723.00000  832.25000  15.1%  27.2  615s
 9680459 776940 infeasible   50       723.00000  831.07143  14.9%  27.2  620s
 9751906 767757  774.41837   55   44  723.00000  829.92857  14.8%  27.2  625s
 9820670 758490 infeasible   53       723.00000  828.82653  14.6%  27.2  630s
 9891565 748697  766.00000   59   32  723.00000  827.70000  14.5%  27.2  635s
 9963732 738248  757.10714   57   45  723.00000  826.50000  14.3%  27.2  640s
 10038345 727381  820.57143   47   49  723.00000  825.32143  14.2%  27.2  645s
 10111978 716401  757.40476   53   59  723.00000  824.14116  14.0%  27.2  650s
 10181485 706017  797.71429   51   30  723.00000  822.98214  13.8%  27.2  655s
 10255446 694796     cutoff   56       723.00000  821.78571  13.7%  27.2  660s
 10332596 682238  805.85714   56   36  723.00000  820.49749  13.5%  27.2  665s
 10406484 670791  785.57143   48   37  723.00000  819.28571  13.3%  27.2  670s
 10477960 659452  727.41429   54   34  723.00000  818.11905  13.2%  27.3  675s
 10541552 648813  813.64286   57   32  723.00000  817.07143  13.0%  27.3  680s
 10611035 636989 infeasible   52       723.00000  815.92857  12.9%  27.3  685s
 10683931 624069 infeasible   58       723.00000  814.64286  12.7%  27.3  690s
 10753556 611184 infeasible   55       723.00000  813.42857  12.5%  27.3  695s
 10819159 598963  754.14286   54   48  723.00000  812.28571  12.3%  27.3  700s
 10886610 585736 infeasible   61       723.00000  811.09524  12.2%  27.3  705s
 10953344 572361  736.44898   52   59  723.00000  809.92857  12.0%  27.3  710s
 11017597 558929  794.90476   54   39  723.00000  808.71429  11.9%  27.3  715s
 11081647 546003  734.00000   61   29  723.00000  807.50000  11.7%  27.3  720s
 11116557 537863 infeasible   56       723.00000  806.78571  11.6%  27.3  725s
 11185567 522173 infeasible   49       723.00000  805.39286  11.4%  27.3  730s
 11246548 507708  764.66964   53   63  723.00000  804.16327  11.2%  27.4  735s
 11306172 493378 infeasible   52       723.00000  802.92857  11.1%  27.4  740s
 11366792 478607 infeasible   51       723.00000  801.64286  10.9%  27.4  745s
 11420167 465271 infeasible   55       723.00000  800.50000  10.7%  27.4  750s
 11482778 449205 infeasible   58       723.00000  799.14082  10.5%  27.4  755s
 11544876 432810  742.28571   50   45  723.00000  797.71429  10.3%  27.4  760s
 11605287 415953  790.99107   62   37  723.00000  796.28571  10.1%  27.5  765s
 11664032 399663 infeasible   48       723.00000  794.87143  9.94%  27.5  770s
 11724676 382184  734.35714   53   40  723.00000  793.28571  9.72%  27.5  775s
 11780891 366067  758.38571   55   30  723.00000  791.89286  9.53%  27.5  780s
 11842018 348046  761.19388   59   41  723.00000  790.07540  9.28%  27.5  785s
 11902331 329920 infeasible   56       723.00000  788.39286  9.04%  27.6  790s
 11962870 311007 infeasible   56       723.00000  786.57143  8.79%  27.6  795s
 12022218 291673 infeasible   54       723.00000  784.66071  8.53%  27.6  800s
 12076328 273279     cutoff   61       723.00000  782.80612  8.27%  27.6  805s
 12136635 252322 infeasible   54       723.00000  780.64286  7.97%  27.7  810s
 12196000 231086 infeasible   56       723.00000  778.17551  7.63%  27.7  815s
 12251395 210646  769.46429   62   37  723.00000  775.67347  7.29%  27.7  820s
 12310737 187882     cutoff   52       723.00000  772.64286  6.87%  27.7  825s
 12364936 166499 infeasible   58       723.00000  769.64286  6.45%  27.8  830s
 12422782 142288 infeasible   62       723.00000  765.93750  5.94%  27.8  835s
 12482916 115258  731.92857   54   26  723.00000  761.26190  5.29%  27.8  840s
 12542668 85393     cutoff   58       723.00000  755.15714  4.45%  27.8  845s
 12603323 48234 infeasible   54       723.00000  745.74286  3.15%  27.8  850s

Cutting planes:
  Flow cover: 1
  Zero half: 1

Explored 12664924 nodes (352163040 simplex iterations) in 854.73 seconds (1381.50 work units)
Thread count was 16 (of 16 available processors)

Solution count 10: 723 723 719 ... 620

Optimal solution found (tolerance 1.00e-04)
Best objective 7.230000000000e+02, best bound 7.230000000000e+02, gap 0.0000%

Wrote result file '/root/bgw/data/results/2026_03_24_00_39_38_set_big_5-7_big_5-7_s002_g001_max.sol'

