[2026-03-24T13:36:44.025Z] Pipeline "set_vm-3-t1_vm-3-t1_s003_g002" → 2026_03_24_13_36_44_set_vm-3-t1_vm-3-t1_s003_g002_max.sol
Set parameter Username
Set parameter LicenseID to value 2796068
Set parameter LogFile to value "gurobi.log"
Using license file /opt/gurobi/gurobi.lic
Academic license - for non-commercial use only - expires 2027-03-23

Gurobi Optimizer version 13.0.1 build v13.0.1rc0 (linux64 - "Ubuntu 24.04.4 LTS")
Copyright (c) 2026, Gurobi Optimization, LLC

Warning: Duplicate section found (read 'binary') - Is a variable name equal to an LP file format keyword?
Warning: Duplicate section found (read 'binary') - Is a variable name equal to an LP file format keyword?
Warning: Duplicate section found (read 'binary') - Is a variable name equal to an LP file format keyword?
Warning: Duplicate section found (read 'binary') - Is a variable name equal to an LP file format keyword?
Warning: Duplicate section found (read 'binary') - Is a variable name equal to an LP file format keyword?
Warning: Duplicate section found (read 'binary') - Is a variable name equal to an LP file format keyword?
Warning: Duplicate section found (read 'binary') - Is a variable name equal to an LP file format keyword?
Warning: Duplicate section found (read 'binary') - Is a variable name equal to an LP file format keyword?
Warning: Duplicate section found (read 'binary') - Is a variable name equal to an LP file format keyword?
Warning: Duplicate section found (read 'binary') - Is a variable name equal to an LP file format keyword?
Warning: Further warnings of this type will be omitted.
Read LP format model from file /root/bgw/data/uploads/2026_03_24_13_36_44_set_vm-3-t1_vm-3-t1_s003_g002_max.lp
Reading time = 0.00 seconds
: 694 rows, 116 columns, 2116 nonzeros

Using Gurobi shared library /opt/gurobi1301/linux64/lib/libgurobi.so.13.0.1

CPU model: AMD EPYC-Genoa Processor, instruction set [SSE2|AVX|AVX2|AVX512]
Thread count: 16 physical cores, 16 logical processors, using up to 16 threads

Optimize a model with 694 rows, 116 columns and 2116 nonzeros (Max)
Model fingerprint: 0xbad7b709
Model has 5 linear objective coefficients
Variable types: 18 continuous, 98 integer (98 binary)
Coefficient statistics:
  Matrix range     [1e+00, 1e+01]
  Objective range  [1e+00, 1e+00]
  Bounds range     [1e+00, 1e+00]
  RHS range        [1e+00, 2e+01]

Found heuristic solution: objective 5.0000000
Presolve removed 106 rows and 28 columns
Presolve time: 0.00s
Presolved: 588 rows, 88 columns, 1804 nonzeros
Variable types: 0 continuous, 88 integer (84 binary)
Found heuristic solution: objective 11.0000000

Root relaxation: objective 2.300000e+01, 22 iterations, 0.00 seconds (0.00 work units)

    Nodes    |    Current Node    |     Objective Bounds      |     Work
 Expl Unexpl |  Obj  Depth IntInf | Incumbent    BestBd   Gap | It/Node Time

     0     0   23.00000    0    5   11.00000   23.00000   109%     -    0s
H    0     0                      14.0000000   23.00000  64.3%     -    0s
     0     0   23.00000    0    9   14.00000   23.00000  64.3%     -    0s
     0     0   22.72727    0   11   14.00000   22.72727  62.3%     -    0s
     0     0   22.72727    0    9   14.00000   22.72727  62.3%     -    0s
     0     0   20.00000    0    4   14.00000   20.00000  42.9%     -    0s
     0     0   20.00000    0    9   14.00000   20.00000  42.9%     -    0s
     0     0   20.00000    0    7   14.00000   20.00000  42.9%     -    0s
     0     0   20.00000    0   10   14.00000   20.00000  42.9%     -    0s
     0     0   20.00000    0   10   14.00000   20.00000  42.9%     -    0s
     0     0   14.00000    0    5   14.00000   14.00000  0.00%     -    0s

Cutting planes:
  Gomory: 1
  Lift-and-project: 2
  Cover: 1
  MIR: 4
  Mod-K: 1

Explored 1 nodes (61 simplex iterations) in 0.04 seconds (0.02 work units)
Thread count was 16 (of 16 available processors)

Solution count 3: 14 11 5 

Optimal solution found (tolerance 1.00e-04)
Best objective 1.400000000000e+01, best bound 1.400000000000e+01, gap 0.0000%

Wrote result file '/root/bgw/data/results/2026_03_24_13_36_44_set_vm-3-t1_vm-3-t1_s003_g002_max.sol'

