[2026-03-23T13:48:54.110Z] Pipeline "set_exp_2_exp_2_n032_c004_g004" → 2026_03_23_13_48_53_set_exp_2_exp_2_n032_c004_g004_max.sol
Set parameter WLSAccessID
Set parameter WLSSecret
Set parameter LicenseID to value 2792458
Set parameter LogFile to value "gurobi.log"
Using license file /root/gurobi.lic
Academic license 2792458 - for non-commercial use only - registered to an___@studenti.unipg.it

Gurobi Optimizer version 13.0.1 build v13.0.1rc0 (linux64 - "Ubuntu 24.04.4 LTS")
Copyright (c) 2026, Gurobi Optimization, LLC

Warning: Duplicate section found (read 'binary') - Is a variable name equal to an LP file format keyword?
Warning: Duplicate section found (read 'binary') - Is a variable name equal to an LP file format keyword?
Warning: Duplicate section found (read 'binary') - Is a variable name equal to an LP file format keyword?
Warning: Duplicate section found (read 'binary') - Is a variable name equal to an LP file format keyword?
Warning: Duplicate section found (read 'binary') - Is a variable name equal to an LP file format keyword?
Warning: Duplicate section found (read 'binary') - Is a variable name equal to an LP file format keyword?
Warning: Duplicate section found (read 'binary') - Is a variable name equal to an LP file format keyword?
Warning: Duplicate section found (read 'binary') - Is a variable name equal to an LP file format keyword?
Warning: Duplicate section found (read 'binary') - Is a variable name equal to an LP file format keyword?
Warning: Duplicate section found (read 'binary') - Is a variable name equal to an LP file format keyword?
Warning: Further warnings of this type will be omitted.
Read LP format model from file /root/bgw/data/uploads/2026_03_23_13_48_53_set_exp_2_exp_2_n032_c004_g004_max.lp
Reading time = 0.01 seconds
: 11156 rows, 768 columns, 33211 nonzeros

Using Gurobi shared library /opt/gurobi1301/linux64/lib/libgurobi.so.13.0.1

CPU model: AMD EPYC-Genoa Processor, instruction set [SSE2|AVX|AVX2|AVX512]
Thread count: 16 physical cores, 16 logical processors, using up to 16 threads

Academic license 2792458 - for non-commercial use only - registered to an___@studenti.unipg.it
Optimize a model with 11156 rows, 768 columns and 33211 nonzeros (Max)
Model fingerprint: 0xc8c2acdf
Model has 8 linear objective coefficients
Variable types: 40 continuous, 728 integer (728 binary)
Coefficient statistics:
  Matrix range     [1e+00, 3e+01]
  Objective range  [1e+00, 1e+00]
  Bounds range     [1e+00, 1e+00]
  RHS range        [1e+00, 3e+01]

Found heuristic solution: objective 8.0000000
Presolve removed 1194 rows and 245 columns
Presolve time: 0.04s
Presolved: 9962 rows, 523 columns, 30234 nonzeros
Variable types: 0 continuous, 523 integer (511 binary)
Found heuristic solution: objective 12.0000000

Root relaxation: objective 3.500000e+01, 381 iterations, 0.02 seconds (0.03 work units)

    Nodes    |    Current Node    |     Objective Bounds      |     Work
 Expl Unexpl |  Obj  Depth IntInf | Incumbent    BestBd   Gap | It/Node Time

     0     0   35.00000    0   29   12.00000   35.00000   192%     -    0s
H    0     0                      22.0000000   35.00000  59.1%     -    0s
H    0     0                      23.0000000   35.00000  52.2%     -    0s
     0     0   35.00000    0   39   23.00000   35.00000  52.2%     -    0s
     0     0   35.00000    0   39   23.00000   35.00000  52.2%     -    0s
     0     0   35.00000    0   32   23.00000   35.00000  52.2%     -    0s
     0     0   35.00000    0   27   23.00000   35.00000  52.2%     -    0s
     0     0   35.00000    0   26   23.00000   35.00000  52.2%     -    0s
     0     0   35.00000    0   26   23.00000   35.00000  52.2%     -    0s
     0     0   35.00000    0   25   23.00000   35.00000  52.2%     -    0s
     0     0   35.00000    0   25   23.00000   35.00000  52.2%     -    0s
     0     0   35.00000    0   26   23.00000   35.00000  52.2%     -    0s
     0     0   35.00000    0   27   23.00000   35.00000  52.2%     -    0s
     0     0   35.00000    0   24   23.00000   35.00000  52.2%     -    0s
     0     0   35.00000    0   24   23.00000   35.00000  52.2%     -    0s
     0     0   35.00000    0   25   23.00000   35.00000  52.2%     -    0s
     0     0   35.00000    0   24   23.00000   35.00000  52.2%     -    0s
     0     0   35.00000    0   36   23.00000   35.00000  52.2%     -    0s
     0     0   35.00000    0   36   23.00000   35.00000  52.2%     -    0s
     0     0   35.00000    0   33   23.00000   35.00000  52.2%     -    0s
     0     0   35.00000    0   33   23.00000   35.00000  52.2%     -    0s
     0     0   35.00000    0   27   23.00000   35.00000  52.2%     -    0s
     0     2   35.00000    0   27   23.00000   35.00000  52.2%     -    0s

Cutting planes:
  Cover: 4
  MIR: 1
  Inf proof: 26

Explored 1328 nodes (161352 simplex iterations) in 2.85 seconds (5.24 work units)
Thread count was 16 (of 16 available processors)

Solution count 4: 23 22 12 8 

Optimal solution found (tolerance 1.00e-04)
Best objective 2.300000000000e+01, best bound 2.300000000000e+01, gap 0.0000%

Wrote result file '/root/bgw/data/results/2026_03_23_13_48_53_set_exp_2_exp_2_n032_c004_g004_max.sol'

