[2026-03-23T13:37:45.874Z] Pipeline "set_exp_2_exp_2_n026_c002_g003" → 2026_03_23_13_37_45_set_exp_2_exp_2_n026_c002_g003_max.sol
Set parameter WLSAccessID
Set parameter WLSSecret
Set parameter LicenseID to value 2792458
Set parameter LogFile to value "gurobi.log"
Using license file /root/gurobi.lic
Academic license 2792458 - for non-commercial use only - registered to an___@studenti.unipg.it

Gurobi Optimizer version 13.0.1 build v13.0.1rc0 (linux64 - "Ubuntu 24.04.4 LTS")
Copyright (c) 2026, Gurobi Optimization, LLC

Warning: Duplicate section found (read 'binary') - Is a variable name equal to an LP file format keyword?
Warning: Duplicate section found (read 'binary') - Is a variable name equal to an LP file format keyword?
Warning: Duplicate section found (read 'binary') - Is a variable name equal to an LP file format keyword?
Warning: Duplicate section found (read 'binary') - Is a variable name equal to an LP file format keyword?
Warning: Duplicate section found (read 'binary') - Is a variable name equal to an LP file format keyword?
Warning: Duplicate section found (read 'binary') - Is a variable name equal to an LP file format keyword?
Warning: Duplicate section found (read 'binary') - Is a variable name equal to an LP file format keyword?
Warning: Duplicate section found (read 'binary') - Is a variable name equal to an LP file format keyword?
Warning: Duplicate section found (read 'binary') - Is a variable name equal to an LP file format keyword?
Warning: Duplicate section found (read 'binary') - Is a variable name equal to an LP file format keyword?
Warning: Further warnings of this type will be omitted.
Read LP format model from file /root/bgw/data/uploads/2026_03_23_13_37_45_set_exp_2_exp_2_n026_c002_g003_max.lp
Reading time = 0.01 seconds
: 5828 rows, 482 columns, 17484 nonzeros

Using Gurobi shared library /opt/gurobi1301/linux64/lib/libgurobi.so.13.0.1

CPU model: AMD EPYC-Genoa Processor, instruction set [SSE2|AVX|AVX2|AVX512]
Thread count: 16 physical cores, 16 logical processors, using up to 16 threads

Academic license 2792458 - for non-commercial use only - registered to an___@studenti.unipg.it
Optimize a model with 5828 rows, 482 columns and 17484 nonzeros (Max)
Model fingerprint: 0x30127148
Model has 2 linear objective coefficients
Variable types: 28 continuous, 454 integer (454 binary)
Coefficient statistics:
  Matrix range     [1e+00, 3e+01]
  Objective range  [1e+00, 1e+00]
  Bounds range     [1e+00, 1e+00]
  RHS range        [1e+00, 3e+01]

Found heuristic solution: objective 2.0000000
Presolve removed 610 rows and 145 columns
Presolve time: 0.03s
Presolved: 5218 rows, 337 columns, 15792 nonzeros
Variable types: 0 continuous, 337 integer (331 binary)

Root relaxation: objective 8.000000e+00, 203 iterations, 0.01 seconds (0.01 work units)

    Nodes    |    Current Node    |     Objective Bounds      |     Work
 Expl Unexpl |  Obj  Depth IntInf | Incumbent    BestBd   Gap | It/Node Time

     0     0    8.00000    0   10    2.00000    8.00000   300%     -    0s
H    0     0                       6.0000000    8.00000  33.3%     -    0s
     0     0    8.00000    0   10    6.00000    8.00000  33.3%     -    0s
     0     0    8.00000    0    9    6.00000    8.00000  33.3%     -    0s
     0     0    8.00000    0    8    6.00000    8.00000  33.3%     -    0s
     0     0    8.00000    0    7    6.00000    8.00000  33.3%     -    0s
     0     0    8.00000    0    8    6.00000    8.00000  33.3%     -    0s
     0     0    8.00000    0    6    6.00000    8.00000  33.3%     -    0s
     0     0    8.00000    0    8    6.00000    8.00000  33.3%     -    0s
     0     0    7.95833    0    7    6.00000    7.95833  32.6%     -    0s
     0     0    7.00000    0   10    6.00000    7.00000  16.7%     -    0s
     0     0    7.00000    0   10    6.00000    7.00000  16.7%     -    0s
     0     0    7.00000    0   10    6.00000    7.00000  16.7%     -    0s
     0     0    7.00000    0   10    6.00000    7.00000  16.7%     -    0s
     0     2    7.00000    0   10    6.00000    7.00000  16.7%     -    0s

Cutting planes:
  Gomory: 1
  Cover: 6
  MIR: 1
  Zero half: 1
  Mod-K: 4

Explored 55 nodes (4680 simplex iterations) in 0.33 seconds (0.27 work units)
Thread count was 16 (of 16 available processors)

Solution count 2: 6 2 

Optimal solution found (tolerance 1.00e-04)
Best objective 6.000000000000e+00, best bound 6.000000000000e+00, gap 0.0000%

Wrote result file '/root/bgw/data/results/2026_03_23_13_37_45_set_exp_2_exp_2_n026_c002_g003_max.sol'

