[2026-03-24T00:33:31.849Z] Pipeline "set_set_set_s003_g007" → 2026_03_24_00_33_31_set_set_set_s003_g007_max.sol
Set parameter WLSAccessID
Set parameter WLSSecret
Set parameter LicenseID to value 2792458
Set parameter LogFile to value "gurobi.log"
Using license file /root/gurobi.lic
Academic license 2792458 - for non-commercial use only - registered to an___@studenti.unipg.it

Gurobi Optimizer version 13.0.1 build v13.0.1rc0 (linux64 - "Ubuntu 24.04.4 LTS")
Copyright (c) 2026, Gurobi Optimization, LLC

Warning: Duplicate section found (read 'binary') - Is a variable name equal to an LP file format keyword?
Warning: Duplicate section found (read 'binary') - Is a variable name equal to an LP file format keyword?
Warning: Duplicate section found (read 'binary') - Is a variable name equal to an LP file format keyword?
Warning: Duplicate section found (read 'binary') - Is a variable name equal to an LP file format keyword?
Warning: Duplicate section found (read 'binary') - Is a variable name equal to an LP file format keyword?
Warning: Duplicate section found (read 'binary') - Is a variable name equal to an LP file format keyword?
Warning: Duplicate section found (read 'binary') - Is a variable name equal to an LP file format keyword?
Warning: Duplicate section found (read 'binary') - Is a variable name equal to an LP file format keyword?
Warning: Duplicate section found (read 'binary') - Is a variable name equal to an LP file format keyword?
Warning: Duplicate section found (read 'binary') - Is a variable name equal to an LP file format keyword?
Warning: Further warnings of this type will be omitted.
Read LP format model from file /root/bgw/data/uploads/2026_03_24_00_33_31_set_set_set_s003_g007_max.lp
Reading time = 0.00 seconds
: 338 rows, 76 columns, 873 nonzeros

Using Gurobi shared library /opt/gurobi1301/linux64/lib/libgurobi.so.13.0.1

CPU model: AMD EPYC-Genoa Processor, instruction set [SSE2|AVX|AVX2|AVX512]
Thread count: 16 physical cores, 16 logical processors, using up to 16 threads

Academic license 2792458 - for non-commercial use only - registered to an___@studenti.unipg.it
Optimize a model with 338 rows, 76 columns and 873 nonzeros (Max)
Model fingerprint: 0x1fe1b866
Model has 14 linear objective coefficients
Variable types: 22 continuous, 54 integer (54 binary)
Coefficient statistics:
  Matrix range     [1e+00, 9e+00]
  Objective range  [1e+00, 1e+00]
  Bounds range     [1e+00, 1e+00]
  RHS range        [1e+00, 1e+01]

Found heuristic solution: objective 14.0000000
Presolve removed 191 rows and 27 columns
Presolve time: 0.00s
Presolved: 147 rows, 49 columns, 476 nonzeros
Variable types: 0 continuous, 49 integer (42 binary)
Found heuristic solution: objective 34.0000000

Root relaxation: objective 6.500000e+01, 31 iterations, 0.00 seconds (0.00 work units)

    Nodes    |    Current Node    |     Objective Bounds      |     Work
 Expl Unexpl |  Obj  Depth IntInf | Incumbent    BestBd   Gap | It/Node Time

     0     0   65.00000    0   24   34.00000   65.00000  91.2%     -    0s
H    0     0                      35.0000000   65.00000  85.7%     -    0s
H    0     0                      37.0000000   65.00000  75.7%     -    0s
     0     0   65.00000    0   27   37.00000   65.00000  75.7%     -    0s
     0     0   65.00000    0   25   37.00000   65.00000  75.7%     -    0s
     0     0   65.00000    0   24   37.00000   65.00000  75.7%     -    0s
     0     0   65.00000    0   26   37.00000   65.00000  75.7%     -    0s
     0     0   65.00000    0   25   37.00000   65.00000  75.7%     -    0s
     0     0   65.00000    0   25   37.00000   65.00000  75.7%     -    0s
     0     0   65.00000    0   26   37.00000   65.00000  75.7%     -    0s
     0     0   65.00000    0   25   37.00000   65.00000  75.7%     -    0s
     0     0   64.50000    0   27   37.00000   64.50000  74.3%     -    0s
     0     0   64.50000    0   26   37.00000   64.50000  74.3%     -    0s
     0     0   64.50000    0   24   37.00000   64.50000  74.3%     -    0s
     0     0   63.50000    0   24   37.00000   63.50000  71.6%     -    0s
     0     0   63.50000    0   17   37.00000   63.50000  71.6%     -    0s
H    0     0                      39.0000000   63.50000  62.8%     -    0s
     0     0   62.00000    0   26   39.00000   62.00000  59.0%     -    0s
     0     0   62.00000    0   17   39.00000   62.00000  59.0%     -    0s
     0     0   62.00000    0   17   39.00000   62.00000  59.0%     -    0s
     0     0   62.00000    0   17   39.00000   62.00000  59.0%     -    0s
     0     2   62.00000    0   17   39.00000   62.00000  59.0%     -    0s

Cutting planes:
  Gomory: 4
  Cover: 3
  MIR: 7
  Inf proof: 18
  Zero half: 1

Explored 3259 nodes (25017 simplex iterations) in 0.21 seconds (0.13 work units)
Thread count was 16 (of 16 available processors)

Solution count 5: 39 37 35 ... 14

Optimal solution found (tolerance 1.00e-04)
Best objective 3.900000000000e+01, best bound 3.900000000000e+01, gap 0.0000%

Wrote result file '/root/bgw/data/results/2026_03_24_00_33_31_set_set_set_s003_g007_max.sol'

