[2026-03-23T15:57:58.044Z] Pipeline "set_exp_3_exp_3_n014_c002_g004" → 2026_03_23_15_57_57_set_exp_3_exp_3_n014_c002_g004_max.sol
Set parameter WLSAccessID
Set parameter WLSSecret
Set parameter LicenseID to value 2792458
Set parameter LogFile to value "gurobi.log"
Using license file /root/gurobi.lic
Academic license 2792458 - for non-commercial use only - registered to an___@studenti.unipg.it

Gurobi Optimizer version 13.0.1 build v13.0.1rc0 (linux64 - "Ubuntu 24.04.4 LTS")
Copyright (c) 2026, Gurobi Optimization, LLC

Warning: Duplicate section found (read 'binary') - Is a variable name equal to an LP file format keyword?
Warning: Duplicate section found (read 'binary') - Is a variable name equal to an LP file format keyword?
Warning: Duplicate section found (read 'binary') - Is a variable name equal to an LP file format keyword?
Warning: Duplicate section found (read 'binary') - Is a variable name equal to an LP file format keyword?
Warning: Duplicate section found (read 'binary') - Is a variable name equal to an LP file format keyword?
Warning: Duplicate section found (read 'binary') - Is a variable name equal to an LP file format keyword?
Warning: Duplicate section found (read 'binary') - Is a variable name equal to an LP file format keyword?
Warning: Duplicate section found (read 'binary') - Is a variable name equal to an LP file format keyword?
Warning: Duplicate section found (read 'binary') - Is a variable name equal to an LP file format keyword?
Warning: Duplicate section found (read 'binary') - Is a variable name equal to an LP file format keyword?
Warning: Further warnings of this type will be omitted.
Read LP format model from file /root/bgw/data/uploads/2026_03_23_15_57_57_set_exp_3_exp_3_n014_c002_g004_max.lp
Reading time = 0.00 seconds
: 960 rows, 151 columns, 2831 nonzeros

Using Gurobi shared library /opt/gurobi1301/linux64/lib/libgurobi.so.13.0.1

CPU model: AMD EPYC-Genoa Processor, instruction set [SSE2|AVX|AVX2|AVX512]
Thread count: 16 physical cores, 16 logical processors, using up to 16 threads

Academic license 2792458 - for non-commercial use only - registered to an___@studenti.unipg.it
Optimize a model with 960 rows, 151 columns and 2831 nonzeros (Max)
Model fingerprint: 0xf4be1c90
Model has 6 linear objective coefficients
Variable types: 20 continuous, 131 integer (131 binary)
Coefficient statistics:
  Matrix range     [1e+00, 2e+01]
  Objective range  [1e+00, 1e+00]
  Bounds range     [1e+00, 1e+00]
  RHS range        [1e+00, 2e+01]

Found heuristic solution: objective 6.0000000
Presolve removed 211 rows and 47 columns
Presolve time: 0.00s
Presolved: 749 rows, 104 columns, 2302 nonzeros
Variable types: 0 continuous, 104 integer (99 binary)
Found heuristic solution: objective 10.0000000

Root relaxation: objective 2.700000e+01, 56 iterations, 0.00 seconds (0.00 work units)

    Nodes    |    Current Node    |     Objective Bounds      |     Work
 Expl Unexpl |  Obj  Depth IntInf | Incumbent    BestBd   Gap | It/Node Time

     0     0   27.00000    0   11   10.00000   27.00000   170%     -    0s
H    0     0                      12.0000000   27.00000   125%     -    0s
H    0     0                      17.0000000   27.00000  58.8%     -    0s
     0     0   27.00000    0   15   17.00000   27.00000  58.8%     -    0s
     0     0   27.00000    0   13   17.00000   27.00000  58.8%     -    0s
     0     0   27.00000    0   12   17.00000   27.00000  58.8%     -    0s
     0     0   27.00000    0   14   17.00000   27.00000  58.8%     -    0s
     0     0   27.00000    0   14   17.00000   27.00000  58.8%     -    0s
     0     0   27.00000    0   15   17.00000   27.00000  58.8%     -    0s
     0     0   27.00000    0   14   17.00000   27.00000  58.8%     -    0s
     0     0   27.00000    0   14   17.00000   27.00000  58.8%     -    0s
     0     0   27.00000    0   14   17.00000   27.00000  58.8%     -    0s
     0     0   27.00000    0   14   17.00000   27.00000  58.8%     -    0s
     0     0   27.00000    0   12   17.00000   27.00000  58.8%     -    0s
     0     0   27.00000    0   12   17.00000   27.00000  58.8%     -    0s
     0     0   27.00000    0   12   17.00000   27.00000  58.8%     -    0s
     0     0   27.00000    0   12   17.00000   27.00000  58.8%     -    0s
     0     2   27.00000    0   12   17.00000   27.00000  58.8%     -    0s

Cutting planes:
  Gomory: 4
  Lift-and-project: 1
  Cover: 1
  MIR: 2
  StrongCG: 1
  Inf proof: 1
  Zero half: 2
  Mod-K: 2

Explored 284 nodes (4559 simplex iterations) in 0.22 seconds (0.10 work units)
Thread count was 16 (of 16 available processors)

Solution count 4: 17 12 10 6 

Optimal solution found (tolerance 1.00e-04)
Best objective 1.700000000000e+01, best bound 1.700000000000e+01, gap 0.0000%

Wrote result file '/root/bgw/data/results/2026_03_23_15_57_57_set_exp_3_exp_3_n014_c002_g004_max.sol'

