[2026-03-24T15:32:58.417Z] Pipeline "set_vm-3-t1_vm-3-t1_s026_g002" → 2026_03_24_15_32_58_set_vm-3-t1_vm-3-t1_s026_g002_max.sol
Set parameter Username
Set parameter LicenseID to value 2796068
Set parameter LogFile to value "gurobi.log"
Using license file /opt/gurobi/gurobi.lic
Academic license - for non-commercial use only - expires 2027-03-23

Gurobi Optimizer version 13.0.1 build v13.0.1rc0 (linux64 - "Ubuntu 24.04.4 LTS")
Copyright (c) 2026, Gurobi Optimization, LLC

Warning: Duplicate section found (read 'binary') - Is a variable name equal to an LP file format keyword?
Warning: Duplicate section found (read 'binary') - Is a variable name equal to an LP file format keyword?
Warning: Duplicate section found (read 'binary') - Is a variable name equal to an LP file format keyword?
Warning: Duplicate section found (read 'binary') - Is a variable name equal to an LP file format keyword?
Warning: Duplicate section found (read 'binary') - Is a variable name equal to an LP file format keyword?
Warning: Duplicate section found (read 'binary') - Is a variable name equal to an LP file format keyword?
Warning: Duplicate section found (read 'binary') - Is a variable name equal to an LP file format keyword?
Warning: Duplicate section found (read 'binary') - Is a variable name equal to an LP file format keyword?
Warning: Duplicate section found (read 'binary') - Is a variable name equal to an LP file format keyword?
Warning: Duplicate section found (read 'binary') - Is a variable name equal to an LP file format keyword?
Warning: Further warnings of this type will be omitted.
Read LP format model from file /root/bgw/data/uploads/2026_03_24_15_32_58_set_vm-3-t1_vm-3-t1_s026_g002_max.lp
Reading time = 0.01 seconds
: 14961 rows, 787 columns, 45547 nonzeros

Using Gurobi shared library /opt/gurobi1301/linux64/lib/libgurobi.so.13.0.1

CPU model: AMD EPYC-Genoa Processor, instruction set [SSE2|AVX|AVX2|AVX512]
Thread count: 16 physical cores, 16 logical processors, using up to 16 threads

Optimize a model with 14961 rows, 787 columns and 45547 nonzeros (Max)
Model fingerprint: 0x3ab07a2d
Model has 37 linear objective coefficients
Variable types: 73 continuous, 714 integer (714 binary)
Coefficient statistics:
  Matrix range     [1e+00, 4e+01]
  Objective range  [1e+00, 1e+00]
  Bounds range     [1e+00, 1e+00]
  RHS range        [1e+00, 4e+01]

Found heuristic solution: objective 37.0000000
Presolve removed 626 rows and 125 columns
Presolve time: 0.05s
Presolved: 14335 rows, 662 columns, 43302 nonzeros
Variable types: 0 continuous, 662 integer (653 binary)
Found heuristic solution: objective 47.0000000

Root relaxation: objective 1.950000e+02, 1000 iterations, 0.11 seconds (0.14 work units)

    Nodes    |    Current Node    |     Objective Bounds      |     Work
 Expl Unexpl |  Obj  Depth IntInf | Incumbent    BestBd   Gap | It/Node Time

     0     0  195.00000    0   44   47.00000  195.00000   315%     -    0s
H    0     0                      64.0000000  195.00000   205%     -    0s
H    0     0                      78.0000000  195.00000   150%     -    0s
H    0     0                      79.0000000  195.00000   147%     -    0s
H    0     0                      85.0000000  195.00000   129%     -    0s
H    0     0                      95.0000000  195.00000   105%     -    0s
H    0     0                      98.0000000  195.00000  99.0%     -    0s
     0     0  195.00000    0   46   98.00000  195.00000  99.0%     -    0s
     0     0  195.00000    0   59   98.00000  195.00000  99.0%     -    0s
     0     0  195.00000    0   40   98.00000  195.00000  99.0%     -    0s
     0     0  195.00000    0   44   98.00000  195.00000  99.0%     -    0s
     0     0  195.00000    0   42   98.00000  195.00000  99.0%     -    0s
     0     0  188.00000    0   44   98.00000  188.00000  91.8%     -    0s
     0     0  188.00000    0   42   98.00000  188.00000  91.8%     -    0s
     0     0  188.00000    0   43   98.00000  188.00000  91.8%     -    1s
     0     0  188.00000    0   43   98.00000  188.00000  91.8%     -    1s
     0     0  188.00000    0   43   98.00000  188.00000  91.8%     -    1s
     0     0  188.00000    0   45   98.00000  188.00000  91.8%     -    1s
     0     0  188.00000    0   42   98.00000  188.00000  91.8%     -    1s
     0     0  188.00000    0   42   98.00000  188.00000  91.8%     -    1s
     0     0  188.00000    0   42   98.00000  188.00000  91.8%     -    1s
     0     2  188.00000    0   42   98.00000  188.00000  91.8%     -    1s
  1096   554  153.06373   10  111   98.00000  187.39706  91.2%   162    5s
  3298  1344  116.38235   20   35   98.00000  172.47059  76.0%   207   10s
  4116  1589  167.82353   15   67   98.00000  167.82353  71.2%   212   15s
  4954  1647  139.71176   21   36   98.00000  167.82353  71.2%   217   20s
  6070  1618   99.79412   36   16   98.00000  167.01634  70.4%   219   25s
  7971  1471  109.90588   28   55   98.00000  159.38235  62.6%   229   30s
 10594  1805 infeasible   29        98.00000  146.94118  49.9%   230   35s
 12836  2110  131.64706   28   23   98.00000  140.35294  43.2%   233   40s
 14604  2384 infeasible   35        98.00000  136.97059  39.8%   229   45s
 17494  2668 infeasible   30        98.00000  133.26471  36.0%   231   50s
 20551  2847  120.00000   26   42   98.00000  129.82353  32.5%   229   57s
 20817  2952  129.82353   32  115   98.00000  129.82353  32.5%   228   60s
 22216  3057   99.38235   44   44   98.00000  129.82353  32.5%   226   65s
 25583  3108 infeasible   31        98.00000  129.82353  32.5%   219   70s
 29880  3136  122.67647   41   15   98.00000  129.82353  32.5%   212   75s
 34102  4170  129.82353   33  124   98.00000  129.82353  32.5%   208   80s
 39173  5126  113.63866   42   99   98.00000  129.82353  32.5%   204   85s
 43532  5862  105.51373   41  214   98.00000  129.82353  32.5%   201   90s
 47291  6285  100.27731   36   60   98.00000  129.82353  32.5%   199   95s
 51564  6721 infeasible   42        98.00000  129.82353  32.5%   198  100s
 56680  7126  125.53431   39   31   98.00000  129.82353  32.5%   198  106s
 61552  7242  109.57843   43   33   98.00000  129.82353  32.5%   196  111s
 62120  7320  109.79412   39   75   98.00000  129.82353  32.5%   196  130s
 66712  7219  107.37433   41  111   98.00000  128.35294  31.0%   195  135s
 69497  7157  111.89216   37   67   98.00000  127.00000  29.6%   197  140s
 74117  6810  100.80000   41   53   98.00000  125.18235  27.7%   199  146s
 76897  6667 infeasible   40        98.00000  123.63619  26.2%   201  150s
 79916  6481 infeasible   46        98.00000  122.42647  24.9%   201  155s
 84469  5983  112.43800   40  165   98.00000  120.52941  23.0%   204  162s
 87665  5616 infeasible   41        98.00000  119.38235  21.8%   205  166s
 90785  5105  111.28235   40  118   98.00000  118.49020  20.9%   207  171s
 94269  4677 infeasible   41        98.00000  116.72059  19.1%   208  176s
 97635  4073  113.94118   45   30   98.00000  115.41176  17.8%   209  181s
 100442  3343 infeasible   43        98.00000  113.65686  16.0%   211  185s
 102794  2588 infeasible   42        98.00000  112.70588  15.0%   211  191s
 106073  1407 infeasible   43        98.00000  109.00000  11.2%   213  196s
 109291   105   99.50980   40   50   98.00000  105.66176  7.82%   215  201s

Cutting planes:
  Cover: 5
  MIR: 8
  Flow cover: 50
  Inf proof: 15
  Zero half: 109
  RLT: 39

Explored 110259 nodes (23624246 simplex iterations) in 201.89 seconds (492.99 work units)
Thread count was 16 (of 16 available processors)

Solution count 10: 98 98 98 ... 79

Optimal solution found (tolerance 1.00e-04)
Best objective 9.800000000000e+01, best bound 9.800000000000e+01, gap 0.0000%

Wrote result file '/root/bgw/data/results/2026_03_24_15_32_58_set_vm-3-t1_vm-3-t1_s026_g002_max.sol'

