[2026-03-23T16:08:08.745Z] Pipeline "set_exp_3_exp_3_n030_c005_g003" → 2026_03_23_16_08_08_set_exp_3_exp_3_n030_c005_g003_max.sol
Set parameter WLSAccessID
Set parameter WLSSecret
Set parameter LicenseID to value 2792458
Set parameter LogFile to value "gurobi.log"
Using license file /root/gurobi.lic
Academic license 2792458 - for non-commercial use only - registered to an___@studenti.unipg.it

Gurobi Optimizer version 13.0.1 build v13.0.1rc0 (linux64 - "Ubuntu 24.04.4 LTS")
Copyright (c) 2026, Gurobi Optimization, LLC

Warning: Duplicate section found (read 'binary') - Is a variable name equal to an LP file format keyword?
Warning: Duplicate section found (read 'binary') - Is a variable name equal to an LP file format keyword?
Warning: Duplicate section found (read 'binary') - Is a variable name equal to an LP file format keyword?
Warning: Duplicate section found (read 'binary') - Is a variable name equal to an LP file format keyword?
Warning: Duplicate section found (read 'binary') - Is a variable name equal to an LP file format keyword?
Warning: Duplicate section found (read 'binary') - Is a variable name equal to an LP file format keyword?
Warning: Duplicate section found (read 'binary') - Is a variable name equal to an LP file format keyword?
Warning: Duplicate section found (read 'binary') - Is a variable name equal to an LP file format keyword?
Warning: Duplicate section found (read 'binary') - Is a variable name equal to an LP file format keyword?
Warning: Duplicate section found (read 'binary') - Is a variable name equal to an LP file format keyword?
Warning: Further warnings of this type will be omitted.
Read LP format model from file /root/bgw/data/uploads/2026_03_23_16_08_08_set_exp_3_exp_3_n030_c005_g003_max.lp
Reading time = 0.01 seconds
: 8875 rows, 628 columns, 26720 nonzeros

Using Gurobi shared library /opt/gurobi1301/linux64/lib/libgurobi.so.13.0.1

CPU model: AMD EPYC-Genoa Processor, instruction set [SSE2|AVX|AVX2|AVX512]
Thread count: 16 physical cores, 16 logical processors, using up to 16 threads

Academic license 2792458 - for non-commercial use only - registered to an___@studenti.unipg.it
Optimize a model with 8875 rows, 628 columns and 26720 nonzeros (Max)
Model fingerprint: 0x4d64f683
Model has 5 linear objective coefficients
Variable types: 35 continuous, 593 integer (593 binary)
Coefficient statistics:
  Matrix range     [1e+00, 3e+01]
  Objective range  [1e+00, 1e+00]
  Bounds range     [1e+00, 1e+00]
  RHS range        [1e+00, 3e+01]

Found heuristic solution: objective 5.0000000
Presolve removed 710 rows and 163 columns
Presolve time: 0.03s
Presolved: 8165 rows, 465 columns, 24900 nonzeros
Variable types: 0 continuous, 465 integer (450 binary)

Root relaxation: objective 2.000000e+01, 394 iterations, 0.03 seconds (0.04 work units)

    Nodes    |    Current Node    |     Objective Bounds      |     Work
 Expl Unexpl |  Obj  Depth IntInf | Incumbent    BestBd   Gap | It/Node Time

     0     0   20.00000    0   45    5.00000   20.00000   300%     -    0s
H    0     0                      15.0000000   20.00000  33.3%     -    0s
     0     0   20.00000    0   35   15.00000   20.00000  33.3%     -    0s
     0     0   20.00000    0   32   15.00000   20.00000  33.3%     -    0s
     0     0   20.00000    0   29   15.00000   20.00000  33.3%     -    0s
     0     0   20.00000    0   29   15.00000   20.00000  33.3%     -    0s
     0     0   20.00000    0   29   15.00000   20.00000  33.3%     -    0s
     0     0   20.00000    0   29   15.00000   20.00000  33.3%     -    0s
     0     0   20.00000    0   27   15.00000   20.00000  33.3%     -    0s
     0     0   20.00000    0   27   15.00000   20.00000  33.3%     -    0s
     0     0   20.00000    0   26   15.00000   20.00000  33.3%     -    0s
     0     0   20.00000    0   30   15.00000   20.00000  33.3%     -    0s
     0     0   20.00000    0   29   15.00000   20.00000  33.3%     -    0s
     0     0   20.00000    0   29   15.00000   20.00000  33.3%     -    0s
     0     0   20.00000    0   26   15.00000   20.00000  33.3%     -    0s
     0     0   20.00000    0   26   15.00000   20.00000  33.3%     -    0s
     0     0   20.00000    0   24   15.00000   20.00000  33.3%     -    0s
     0     0   20.00000    0   26   15.00000   20.00000  33.3%     -    0s
     0     0   20.00000    0   25   15.00000   20.00000  33.3%     -    0s
     0     0   20.00000    0   39   15.00000   20.00000  33.3%     -    0s
     0     0   20.00000    0   37   15.00000   20.00000  33.3%     -    0s
     0     0   20.00000    0   35   15.00000   20.00000  33.3%     -    0s
     0     0   19.00000    0   35   15.00000   19.00000  26.7%     -    0s
     0     0   19.00000    0   35   15.00000   19.00000  26.7%     -    0s
     0     2   19.00000    0   35   15.00000   19.00000  26.7%     -    0s
  3612   615     cutoff   12        15.00000   18.00000  20.0%   132    5s

Cutting planes:
  Cover: 30
  MIR: 19
  Inf proof: 63
  Zero half: 4

Explored 4638 nodes (653033 simplex iterations) in 6.20 seconds (10.70 work units)
Thread count was 16 (of 16 available processors)

Solution count 2: 15 5 

Optimal solution found (tolerance 1.00e-04)
Best objective 1.500000000000e+01, best bound 1.500000000000e+01, gap 0.0000%

Wrote result file '/root/bgw/data/results/2026_03_23_16_08_08_set_exp_3_exp_3_n030_c005_g003_max.sol'

