[2026-03-24T16:32:27.179Z] Pipeline "set_vm-3-t2_vm-3-t2_s018_g001" → 2026_03_24_16_32_27_set_vm-3-t2_vm-3-t2_s018_g001_max.sol
Set parameter Username
Set parameter LicenseID to value 2796068
Set parameter LogFile to value "gurobi.log"
Using license file /opt/gurobi/gurobi.lic
Academic license - for non-commercial use only - expires 2027-03-23

Gurobi Optimizer version 13.0.1 build v13.0.1rc0 (linux64 - "Ubuntu 24.04.4 LTS")
Copyright (c) 2026, Gurobi Optimization, LLC

Warning: Duplicate section found (read 'binary') - Is a variable name equal to an LP file format keyword?
Warning: Duplicate section found (read 'binary') - Is a variable name equal to an LP file format keyword?
Warning: Duplicate section found (read 'binary') - Is a variable name equal to an LP file format keyword?
Warning: Duplicate section found (read 'binary') - Is a variable name equal to an LP file format keyword?
Warning: Duplicate section found (read 'binary') - Is a variable name equal to an LP file format keyword?
Warning: Duplicate section found (read 'binary') - Is a variable name equal to an LP file format keyword?
Warning: Duplicate section found (read 'binary') - Is a variable name equal to an LP file format keyword?
Warning: Duplicate section found (read 'binary') - Is a variable name equal to an LP file format keyword?
Warning: Duplicate section found (read 'binary') - Is a variable name equal to an LP file format keyword?
Warning: Duplicate section found (read 'binary') - Is a variable name equal to an LP file format keyword?
Warning: Further warnings of this type will be omitted.
Read LP format model from file /root/bgw/data/uploads/2026_03_24_16_32_27_set_vm-3-t2_vm-3-t2_s018_g001_max.lp
Reading time = 0.01 seconds
: 6836 rows, 462 columns, 21006 nonzeros

Using Gurobi shared library /opt/gurobi1301/linux64/lib/libgurobi.so.13.0.1

CPU model: AMD EPYC-Genoa Processor, instruction set [SSE2|AVX|AVX2|AVX512]
Thread count: 16 physical cores, 16 logical processors, using up to 16 threads

Optimize a model with 6836 rows, 462 columns and 21006 nonzeros (Max)
Model fingerprint: 0x342b55fc
Model has 16 linear objective coefficients
Variable types: 44 continuous, 418 integer (418 binary)
Coefficient statistics:
  Matrix range     [1e+00, 3e+01]
  Objective range  [1e+00, 1e+00]
  Bounds range     [1e+00, 1e+00]
  RHS range        [1e+00, 3e+01]

Found heuristic solution: objective 16.0000000
Presolve removed 259 rows and 69 columns
Presolve time: 0.02s
Presolved: 6577 rows, 393 columns, 19856 nonzeros
Variable types: 0 continuous, 393 integer (388 binary)

Root relaxation: objective 8.600000e+01, 196 iterations, 0.01 seconds (0.01 work units)

    Nodes    |    Current Node    |     Objective Bounds      |     Work
 Expl Unexpl |  Obj  Depth IntInf | Incumbent    BestBd   Gap | It/Node Time

     0     0   86.00000    0   66   16.00000   86.00000   438%     -    0s
H    0     0                      44.0000000   86.00000  95.5%     -    0s
     0     0   85.73077    0   34   44.00000   85.73077  94.8%     -    0s
     0     0   79.00000    0   33   44.00000   79.00000  79.5%     -    0s
     0     0   79.00000    0   31   44.00000   79.00000  79.5%     -    0s
     0     0   79.00000    0   14   44.00000   79.00000  79.5%     -    0s
     0     0   79.00000    0   14   44.00000   79.00000  79.5%     -    0s
     0     0   79.00000    0   13   44.00000   79.00000  79.5%     -    0s
     0     0   79.00000    0   15   44.00000   79.00000  79.5%     -    0s
     0     0   79.00000    0   14   44.00000   79.00000  79.5%     -    0s
     0     0   79.00000    0   13   44.00000   79.00000  79.5%     -    0s
     0     0   79.00000    0   15   44.00000   79.00000  79.5%     -    0s
     0     0   79.00000    0   15   44.00000   79.00000  79.5%     -    0s
     0     0   79.00000    0   14   44.00000   79.00000  79.5%     -    0s
     0     0   79.00000    0   14   44.00000   79.00000  79.5%     -    0s
     0     0   79.00000    0   13   44.00000   79.00000  79.5%     -    0s
     0     0   79.00000    0   14   44.00000   79.00000  79.5%     -    0s
     0     0   79.00000    0   13   44.00000   79.00000  79.5%     -    0s
     0     0   79.00000    0   13   44.00000   79.00000  79.5%     -    0s
     0     0   79.00000    0   13   44.00000   79.00000  79.5%     -    0s
     0     0   79.00000    0   13   44.00000   79.00000  79.5%     -    0s
     0     2   79.00000    0   13   44.00000   79.00000  79.5%     -    0s

Cutting planes:
  Gomory: 2
  Cover: 1
  MIR: 10
  StrongCG: 1
  Inf proof: 6
  Zero half: 9

Explored 650 nodes (36118 simplex iterations) in 0.91 seconds (1.14 work units)
Thread count was 16 (of 16 available processors)

Solution count 2: 44 16 

Optimal solution found (tolerance 1.00e-04)
Best objective 4.400000000000e+01, best bound 4.400000000000e+01, gap 0.0000%

Wrote result file '/root/bgw/data/results/2026_03_24_16_32_27_set_vm-3-t2_vm-3-t2_s018_g001_max.sol'

