[2026-03-23T15:57:42.008Z] Pipeline "set_exp_3_exp_3_n012_c004_g005" → 2026_03_23_15_57_41_set_exp_3_exp_3_n012_c004_g005_max.sol
Set parameter WLSAccessID
Set parameter WLSSecret
Set parameter LicenseID to value 2792458
Set parameter LogFile to value "gurobi.log"
Using license file /root/gurobi.lic
Academic license 2792458 - for non-commercial use only - registered to an___@studenti.unipg.it

Gurobi Optimizer version 13.0.1 build v13.0.1rc0 (linux64 - "Ubuntu 24.04.4 LTS")
Copyright (c) 2026, Gurobi Optimization, LLC

Warning: Duplicate section found (read 'binary') - Is a variable name equal to an LP file format keyword?
Warning: Duplicate section found (read 'binary') - Is a variable name equal to an LP file format keyword?
Warning: Duplicate section found (read 'binary') - Is a variable name equal to an LP file format keyword?
Warning: Duplicate section found (read 'binary') - Is a variable name equal to an LP file format keyword?
Warning: Duplicate section found (read 'binary') - Is a variable name equal to an LP file format keyword?
Warning: Duplicate section found (read 'binary') - Is a variable name equal to an LP file format keyword?
Warning: Duplicate section found (read 'binary') - Is a variable name equal to an LP file format keyword?
Warning: Duplicate section found (read 'binary') - Is a variable name equal to an LP file format keyword?
Warning: Duplicate section found (read 'binary') - Is a variable name equal to an LP file format keyword?
Warning: Duplicate section found (read 'binary') - Is a variable name equal to an LP file format keyword?
Warning: Further warnings of this type will be omitted.
Read LP format model from file /root/bgw/data/uploads/2026_03_23_15_57_41_set_exp_3_exp_3_n012_c004_g005_max.lp
Reading time = 0.00 seconds
: 588 rows, 113 columns, 1744 nonzeros

Using Gurobi shared library /opt/gurobi1301/linux64/lib/libgurobi.so.13.0.1

CPU model: AMD EPYC-Genoa Processor, instruction set [SSE2|AVX|AVX2|AVX512]
Thread count: 16 physical cores, 16 logical processors, using up to 16 threads

Academic license 2792458 - for non-commercial use only - registered to an___@studenti.unipg.it
Optimize a model with 588 rows, 113 columns and 1744 nonzeros (Max)
Model fingerprint: 0x74a3d664
Model has 4 linear objective coefficients
Variable types: 16 continuous, 97 integer (97 binary)
Coefficient statistics:
  Matrix range     [1e+00, 1e+01]
  Objective range  [1e+00, 1e+00]
  Bounds range     [1e+00, 1e+00]
  RHS range        [1e+00, 1e+01]

Found heuristic solution: objective 4.0000000
Presolve removed 118 rows and 28 columns
Presolve time: 0.00s
Presolved: 470 rows, 85 columns, 1482 nonzeros
Variable types: 0 continuous, 85 integer (77 binary)
Found heuristic solution: objective 8.0000000

Root relaxation: objective 1.600000e+01, 75 iterations, 0.00 seconds (0.00 work units)

    Nodes    |    Current Node    |     Objective Bounds      |     Work
 Expl Unexpl |  Obj  Depth IntInf | Incumbent    BestBd   Gap | It/Node Time

     0     0   16.00000    0   35    8.00000   16.00000   100%     -    0s
H    0     0                       9.0000000   16.00000  77.8%     -    0s
H    0     0                      10.0000000   16.00000  60.0%     -    0s
H    0     0                      11.0000000   16.00000  45.5%     -    0s
     0     0   16.00000    0   34   11.00000   16.00000  45.5%     -    0s
     0     0   16.00000    0   31   11.00000   16.00000  45.5%     -    0s
     0     0   16.00000    0   31   11.00000   16.00000  45.5%     -    0s
     0     0   16.00000    0   31   11.00000   16.00000  45.5%     -    0s
     0     0   16.00000    0   21   11.00000   16.00000  45.5%     -    0s
     0     0   16.00000    0   21   11.00000   16.00000  45.5%     -    0s
     0     0   16.00000    0   29   11.00000   16.00000  45.5%     -    0s
     0     0   16.00000    0   31   11.00000   16.00000  45.5%     -    0s
     0     0   16.00000    0   30   11.00000   16.00000  45.5%     -    0s
     0     0   16.00000    0   22   11.00000   16.00000  45.5%     -    0s
     0     0   16.00000    0   35   11.00000   16.00000  45.5%     -    0s
     0     0   16.00000    0   33   11.00000   16.00000  45.5%     -    0s
     0     0   16.00000    0   24   11.00000   16.00000  45.5%     -    0s
     0     0   16.00000    0   24   11.00000   16.00000  45.5%     -    0s
     0     0   16.00000    0   33   11.00000   16.00000  45.5%     -    0s
     0     0   16.00000    0   30   11.00000   16.00000  45.5%     -    0s
     0     0   15.80000    0   34   11.00000   15.80000  43.6%     -    0s
     0     0   15.78000    0   34   11.00000   15.78000  43.5%     -    0s
     0     0   15.78000    0   30   11.00000   15.78000  43.5%     -    0s
     0     0   15.00000    0   30   11.00000   15.00000  36.4%     -    0s
     0     0   15.00000    0   30   11.00000   15.00000  36.4%     -    0s
     0     2   15.00000    0   30   11.00000   15.00000  36.4%     -    0s

Cutting planes:
  Gomory: 1
  Cover: 11
  MIR: 2
  Inf proof: 13
  Zero half: 1

Explored 1823 nodes (39186 simplex iterations) in 0.39 seconds (0.26 work units)
Thread count was 16 (of 16 available processors)

Solution count 5: 11 10 9 ... 4

Optimal solution found (tolerance 1.00e-04)
Best objective 1.100000000000e+01, best bound 1.100000000000e+01, gap 0.0000%

Wrote result file '/root/bgw/data/results/2026_03_23_15_57_41_set_exp_3_exp_3_n012_c004_g005_max.sol'

