[2026-03-24T15:42:43.211Z] Pipeline "set_vm-4-t1_vm-4-t1_s018_g002" → 2026_03_24_15_42_43_set_vm-4-t1_vm-4-t1_s018_g002_max.sol
Set parameter Username
Set parameter LicenseID to value 2797659
Set parameter LogFile to value "gurobi.log"
Using license file /opt/gurobi/gurobi.lic
Academic license - for non-commercial use only - expires 2027-03-24

Gurobi Optimizer version 13.0.1 build v13.0.1rc0 (linux64 - "Ubuntu 24.04.4 LTS")
Copyright (c) 2026, Gurobi Optimization, LLC

Warning: Duplicate section found (read 'binary') - Is a variable name equal to an LP file format keyword?
Warning: Duplicate section found (read 'binary') - Is a variable name equal to an LP file format keyword?
Warning: Duplicate section found (read 'binary') - Is a variable name equal to an LP file format keyword?
Warning: Duplicate section found (read 'binary') - Is a variable name equal to an LP file format keyword?
Warning: Duplicate section found (read 'binary') - Is a variable name equal to an LP file format keyword?
Warning: Duplicate section found (read 'binary') - Is a variable name equal to an LP file format keyword?
Warning: Duplicate section found (read 'binary') - Is a variable name equal to an LP file format keyword?
Warning: Duplicate section found (read 'binary') - Is a variable name equal to an LP file format keyword?
Warning: Duplicate section found (read 'binary') - Is a variable name equal to an LP file format keyword?
Warning: Duplicate section found (read 'binary') - Is a variable name equal to an LP file format keyword?
Warning: Further warnings of this type will be omitted.
Read LP format model from file /root/bgw/data/uploads/2026_03_24_15_42_43_set_vm-4-t1_vm-4-t1_s018_g002_max.lp
Reading time = 0.03 seconds
: 35060 rows, 1273 columns, 106974 nonzeros

Using Gurobi shared library /opt/gurobi1301/linux64/lib/libgurobi.so.13.0.1

CPU model: AMD EPYC-Genoa Processor, instruction set [SSE2|AVX|AVX2|AVX512]
Thread count: 16 physical cores, 16 logical processors, using up to 16 threads

Optimize a model with 35060 rows, 1273 columns and 106974 nonzeros (Max)
Model fingerprint: 0x12e56ee0
Model has 16 linear objective coefficients
Variable types: 64 continuous, 1209 integer (1209 binary)
Coefficient statistics:
  Matrix range     [1e+00, 5e+01]
  Objective range  [1e+00, 1e+00]
  Bounds range     [1e+00, 1e+00]
  RHS range        [1e+00, 5e+01]

Found heuristic solution: objective 16.0000000
Presolve removed 443 rows and 130 columns
Presolve time: 0.13s
Presolved: 34617 rows, 1143 columns, 104076 nonzeros
Variable types: 0 continuous, 1143 integer (1138 binary)
Found heuristic solution: objective 23.0000000
Root relaxation presolved: 17321 rows, 18439 columns, 69484 nonzeros


Root relaxation: objective 8.600000e+01, 189 iterations, 0.11 seconds (0.10 work units)

    Nodes    |    Current Node    |     Objective Bounds      |     Work
 Expl Unexpl |  Obj  Depth IntInf | Incumbent    BestBd   Gap | It/Node Time

     0     0   86.00000    0   13   23.00000   86.00000   274%     -    0s
H    0     0                      30.0000000   86.00000   187%     -    0s
H    0     0                      44.0000000   86.00000  95.5%     -    0s
     0     0   86.00000    0   16   44.00000   86.00000  95.5%     -    0s
     0     0   86.00000    0   17   44.00000   86.00000  95.5%     -    0s
     0     0   86.00000    0   14   44.00000   86.00000  95.5%     -    0s
     0     0   86.00000    0   14   44.00000   86.00000  95.5%     -    0s
     0     0   86.00000    0   14   44.00000   86.00000  95.5%     -    0s
     0     0   86.00000    0   13   44.00000   86.00000  95.5%     -    0s
     0     0   86.00000    0   14   44.00000   86.00000  95.5%     -    0s
     0     0   86.00000    0   12   44.00000   86.00000  95.5%     -    1s
     0     0   86.00000    0   14   44.00000   86.00000  95.5%     -    1s
     0     0   86.00000    0   14   44.00000   86.00000  95.5%     -    1s
     0     0   86.00000    0   14   44.00000   86.00000  95.5%     -    1s
     0     0   86.00000    0   14   44.00000   86.00000  95.5%     -    1s
     0     0   86.00000    0   14   44.00000   86.00000  95.5%     -    1s
     0     0   86.00000    0   14   44.00000   86.00000  95.5%     -    1s
     0     0   86.00000    0   14   44.00000   86.00000  95.5%     -    1s
     0     2   86.00000    0   14   44.00000   86.00000  95.5%     -    1s
   500    35 infeasible   10        44.00000   71.79710  63.2%   224    5s

Cutting planes:
  Gomory: 3
  Lift-and-project: 1
  Cover: 3
  MIR: 6
  StrongCG: 1
  Inf proof: 2
  Zero half: 1

Explored 634 nodes (146855 simplex iterations) in 6.29 seconds (11.09 work units)
Thread count was 16 (of 16 available processors)

Solution count 4: 44 30 23 16 

Optimal solution found (tolerance 1.00e-04)
Best objective 4.400000000000e+01, best bound 4.400000000000e+01, gap 0.0000%

Wrote result file '/root/bgw/data/results/2026_03_24_15_42_43_set_vm-4-t1_vm-4-t1_s018_g002_max.sol'

