[2026-03-24T19:43:39.309Z] Pipeline "set_vm-3-t3_vm-3-t3_s012_g001" → 2026_03_24_19_43_39_set_vm-3-t3_vm-3-t3_s012_g001_max.sol
Set parameter Username
Set parameter LicenseID to value 2796068
Set parameter LogFile to value "gurobi.log"
Using license file /opt/gurobi/gurobi.lic
Academic license - for non-commercial use only - expires 2027-03-23

Gurobi Optimizer version 13.0.1 build v13.0.1rc0 (linux64 - "Ubuntu 24.04.4 LTS")
Copyright (c) 2026, Gurobi Optimization, LLC

Warning: Duplicate section found (read 'binary') - Is a variable name equal to an LP file format keyword?
Warning: Duplicate section found (read 'binary') - Is a variable name equal to an LP file format keyword?
Warning: Duplicate section found (read 'binary') - Is a variable name equal to an LP file format keyword?
Warning: Duplicate section found (read 'binary') - Is a variable name equal to an LP file format keyword?
Warning: Duplicate section found (read 'binary') - Is a variable name equal to an LP file format keyword?
Warning: Duplicate section found (read 'binary') - Is a variable name equal to an LP file format keyword?
Warning: Duplicate section found (read 'binary') - Is a variable name equal to an LP file format keyword?
Warning: Duplicate section found (read 'binary') - Is a variable name equal to an LP file format keyword?
Warning: Duplicate section found (read 'binary') - Is a variable name equal to an LP file format keyword?
Warning: Duplicate section found (read 'binary') - Is a variable name equal to an LP file format keyword?
Warning: Further warnings of this type will be omitted.
Read LP format model from file /root/bgw/data/uploads/2026_03_24_19_43_39_set_vm-3-t3_vm-3-t3_s012_g001_max.lp
Reading time = 0.01 seconds
: 4183 rows, 498 columns, 12621 nonzeros

Using Gurobi shared library /opt/gurobi1301/linux64/lib/libgurobi.so.13.0.1

CPU model: AMD EPYC-Genoa Processor, instruction set [SSE2|AVX|AVX2|AVX512]
Thread count: 16 physical cores, 16 logical processors, using up to 16 threads

Optimize a model with 4183 rows, 498 columns and 12621 nonzeros (Max)
Model fingerprint: 0x1e90d4f7
Model has 141 linear objective coefficients
Variable types: 163 continuous, 335 integer (335 binary)
Coefficient statistics:
  Matrix range     [1e+00, 2e+01]
  Objective range  [1e+00, 1e+00]
  Bounds range     [1e+00, 1e+00]
  RHS range        [1e+00, 2e+01]

Found heuristic solution: objective 141.0000000
Presolve removed 1019 rows and 219 columns
Presolve time: 0.02s
Presolved: 3164 rows, 279 columns, 9720 nonzeros
Variable types: 0 continuous, 279 integer (267 binary)
Found heuristic solution: objective 203.0000000

Root relaxation: objective 1.017000e+03, 349 iterations, 0.02 seconds (0.02 work units)

    Nodes    |    Current Node    |     Objective Bounds      |     Work
 Expl Unexpl |  Obj  Depth IntInf | Incumbent    BestBd   Gap | It/Node Time

     0     0 1017.00000    0   80  203.00000 1017.00000   401%     -    0s
H    0     0                     233.0000000 1017.00000   336%     -    0s
H    0     0                     279.0000000 1017.00000   265%     -    0s
H    0     0                     325.0000000 1017.00000   213%     -    0s
     0     0 1017.00000    0   79  325.00000 1017.00000   213%     -    0s
H    0     0                     342.0000000 1017.00000   197%     -    0s
H    0     0                     357.0000000 1017.00000   185%     -    0s
H    0     0                     372.0000000 1017.00000   173%     -    0s
     0     0 1017.00000    0   71  372.00000 1017.00000   173%     -    0s
     0     0 1017.00000    0   71  372.00000 1017.00000   173%     -    0s
     0     0 1017.00000    0   83  372.00000 1017.00000   173%     -    0s
     0     0 1017.00000    0   83  372.00000 1017.00000   173%     -    0s
     0     0 1017.00000    0   71  372.00000 1017.00000   173%     -    0s
H    0     0                     387.0000000 1002.00000   159%     -    0s
     0     0 1002.00000    0   71  387.00000 1002.00000   159%     -    0s
     0     0 1002.00000    0   71  387.00000 1002.00000   159%     -    0s
     0     0 1002.00000    0   73  387.00000 1002.00000   159%     -    0s
     0     0 1002.00000    0   71  387.00000 1002.00000   159%     -    0s
     0     0 1002.00000    0   71  387.00000 1002.00000   159%     -    0s
     0     0 1002.00000    0   71  387.00000 1002.00000   159%     -    0s
     0     0 1002.00000    0   71  387.00000 1002.00000   159%     -    0s
     0     0 1002.00000    0   71  387.00000 1002.00000   159%     -    0s
     0     0 1002.00000    0   71  387.00000 1002.00000   159%     -    0s
     0     0 1002.00000    0   71  387.00000 1002.00000   159%     -    0s
     0     2 1002.00000    0   71  387.00000 1002.00000   159%     -    0s
H   11    16                     402.0000000 1002.00000   149%  88.4    0s
  4444  2153 infeasible   49       402.00000  918.60000   129%  88.1    5s
 19539  8455  507.62500   37   36  402.00000  799.25000  98.8%  83.7   10s
 41968 19117  548.10833   33   67  402.00000  752.25000  87.1%  76.6   16s
 62278 27694 infeasible   46       402.00000  725.00000  80.3%  74.1   20s
 95010 40196  438.15000   54    4  402.00000  708.20000  76.2%  68.9   25s
 127540 53227 infeasible   51       402.00000  694.25000  72.7%  67.5   30s
 157599 63381  608.15000   45   11  402.00000  681.00000  69.4%  66.3   35s
 184907 73526 infeasible   54       402.00000  679.45000  69.0%  66.7   40s
 214804 83132  523.50000   47   23  402.00000  675.25000  68.0%  66.4   45s
 246489 94360     cutoff   49       402.00000  666.00000  65.7%  66.2   50s
 269053 101733  646.13333   44   68  402.00000  664.62500  65.3%  66.9   55s
 298380 110286  601.00000   39   36  402.00000  661.25000  64.5%  67.1   60s
 334027 120887  414.45000   55   30  402.00000  653.02500  62.4%  65.9   65s
 354375 126225  556.96667   47   56  402.00000  650.00000  61.7%  67.1   70s
 369570 129283  506.50000   56   50  402.00000  650.00000  61.7%  67.8   75s
 386745 131508  581.45000   42   59  402.00000  650.00000  61.7%  68.3   80s
 407940 133658 infeasible   43       402.00000  650.00000  61.7%  68.6   85s
 433178 135467  503.61842   50   80  402.00000  650.00000  61.7%  69.0   90s
 459922 136749  552.00000   49   49  402.00000  641.90000  59.7%  69.3   95s
 485891 136973 infeasible   44       402.00000  614.00000  52.7%  69.1  100s
 512487 139118  581.45000   48   64  402.00000  612.36842  52.3%  69.4  105s
 535482 140190  476.25000   57   33  402.00000  609.35000  51.6%  69.6  110s
 565496 139883  583.00000   51   39  402.00000  583.00000  45.0%  69.3  115s
 591976 141951  464.12500   53   62  402.00000  582.27259  44.8%  69.5  120s
 613836 142607  547.50000   50   59  402.00000  581.45000  44.6%  69.5  125s
 643921 142474  475.00000   55   35  402.00000  579.90000  44.3%  69.3  130s
 674917 140721 infeasible   48       402.00000  566.36842  40.9%  68.9  135s
 704095 140098  535.05000   47   83  402.00000  552.00000  37.3%  68.6  140s
 728609 140499  460.50000   56   20  402.00000  552.00000  37.3%  68.9  145s
 750804 141717  473.58333   62   33  402.00000  552.00000  37.3%  69.3  150s
 777585 150863  521.00000   46   67  402.00000  552.00000  37.3%  69.6  155s
 795533 157880  500.00000   52  114  402.00000  552.00000  37.3%  69.9  160s
 819724 166812  458.00000   55   53  402.00000  552.00000  37.3%  70.2  165s
 844681 175596  519.45000   51   30  402.00000  551.25000  37.1%  70.3  170s
 873392 185494 infeasible   55       402.00000  550.45000  36.9%  70.2  175s
 901354 194605 infeasible   67       402.00000  550.36842  36.9%  70.1  180s
 932223 204946  446.00000   60   64  402.00000  548.93333  36.6%  69.8  185s
 963868 212457     cutoff   61       402.00000  546.05000  35.8%  69.4  190s
 993356 221825     cutoff   55       402.00000  539.60000  34.2%  69.0  195s
 1016844 229441  431.25000   63   11  402.00000  537.00000  33.6%  69.1  200s
 1037378 236455  503.25000   54   48  402.00000  537.00000  33.6%  69.4  205s
 1059231 243602  446.25000   58   33  402.00000  536.50000  33.5%  69.6  210s
 1084916 252420  476.25000   56   33  402.00000  535.08333  33.1%  69.5  215s
 1115008 261326 infeasible   50       402.00000  534.00000  32.8%  69.3  220s
 1146063 267817 infeasible   60       402.00000  531.00000  32.1%  68.9  225s
 1174647 275336  520.83333   53   50  402.00000  528.00000  31.3%  68.6  230s
 1201893 283495  460.50000   63   14  402.00000  525.00000  30.6%  68.3  235s
 1230622 291260  489.00000   55   46  402.00000  522.00000  29.9%  68.2  240s
 1251735 298271 infeasible   57       402.00000  522.00000  29.9%  68.2  245s
 1279382 307203  520.25000   53   21  402.00000  521.00000  29.6%  68.2  250s
 1313976 317849  431.00000   61   29  402.00000  521.00000  29.6%  68.0  255s
 1345038 327784  473.00000   50   35  402.00000  521.00000  29.6%  67.9  260s
 1377391 337590  521.00000   51   34  402.00000  521.00000  29.6%  67.8  265s
 1403491 346305  426.20000   59   25  402.00000  521.00000  29.6%  67.8  270s
 1433538 356406  428.37500   62   10  402.00000  521.00000  29.6%  67.8  275s
 1463174 365749  488.00000   53   38  402.00000  521.00000  29.6%  67.8  280s
 1490893 375107  497.00000   52   42  402.00000  521.00000  29.6%  67.9  285s
 1520742 384582  490.00000   52   48  402.00000  521.00000  29.6%  67.9  290s
 1549076 392985  439.73750   53   52  402.00000  521.00000  29.6%  68.0  295s
 1577507 401957  517.25000   53   51  402.00000  521.00000  29.6%  68.1  300s
 1599369 408605  415.00000   62   20  402.00000  521.00000  29.6%  68.1  305s
 1624396 417209  472.37500   52   40  402.00000  521.00000  29.6%  68.2  310s
 1652225 426033  500.00000   53   55  402.00000  521.00000  29.6%  68.2  315s
 1679322 434610  405.61607   52   61  402.00000  521.00000  29.6%  68.3  320s
 1709344 443996  490.62500   54   43  402.00000  521.00000  29.6%  68.3  325s
 1738050 452955 infeasible   52       402.00000  521.00000  29.6%  68.4  330s
 1764663 461306 infeasible   57       402.00000  521.00000  29.6%  68.4  335s
 1792306 467716 infeasible   59       402.00000  520.50000  29.5%  68.4  340s
 1816105 475134 infeasible   58       402.00000  520.25000  29.4%  68.3  345s
 1847147 484216 infeasible   59       402.00000  520.25000  29.4%  68.2  350s
 1875489 492519 infeasible   64       402.00000  520.23750  29.4%  68.1  355s
 1906267 499629  459.75000   58   26  402.00000  519.78289  29.3%  67.9  360s
 1927038 504484  502.05000   56   16  402.00000  519.63000  29.3%  68.0  365s
 1953530 510893     cutoff   68       402.00000  519.45000  29.2%  67.8  370s
 1987903 519396     cutoff   59       402.00000  519.05882  29.1%  67.6  375s
 2023532 528320  489.25000   51   67  402.00000  518.70000  29.0%  67.2  380s
 2055935 535989  446.00000   56   16  402.00000  518.00000  28.9%  67.0  385s
 2091712 543007  431.25000   66   28  402.00000  517.55000  28.7%  66.6  390s
 2110707 547203  504.00000   51   79  402.00000  517.50000  28.7%  66.6  395s
 2145149 553530 infeasible   59       402.00000  516.50000  28.5%  66.3  400s
 2179405 560445  410.00000   58   47  402.00000  515.25000  28.2%  66.1  405s
 2212199 567346  460.00000   60   38  402.00000  513.99000  27.9%  65.9  410s
 2240791 574841  446.00000   63   14  402.00000  513.00000  27.6%  65.8  415s
 2274447 582269  429.00000   66    3  402.00000  511.00000  27.1%  65.6  420s
 2305647 590140 infeasible   59       402.00000  509.95000  26.9%  65.5  425s
 2335107 596556     cutoff   63       402.00000  508.00000  26.4%  65.4  430s
 2360829 602052 infeasible   60       402.00000  506.62500  26.0%  65.3  435s
 2381641 607104  421.45000   59  107  402.00000  506.10000  25.9%  65.4  440s
 2412946 614564  443.75000   59   39  402.00000  506.00000  25.9%  65.4  445s
 2443933 621908 infeasible   64       402.00000  506.00000  25.9%  65.4  450s
 2468363 627686  484.25000   57   28  402.00000  506.00000  25.9%  65.3  455s
 2500674 636207  414.12500   61   27  402.00000  506.00000  25.9%  65.3  460s
 2528871 643494  484.25000   54   22  402.00000  506.00000  25.9%  65.3  465s
 2558513 650563 infeasible   58       402.00000  506.00000  25.9%  65.3  470s
 2586622 657398  472.89286   56   31  402.00000  506.00000  25.9%  65.4  475s
 2610462 663612 infeasible   62       402.00000  506.00000  25.9%  65.4  480s
 2639873 671243  460.62500   57   23  402.00000  506.00000  25.9%  65.4  485s
 2666131 677965 infeasible   60       402.00000  506.00000  25.9%  65.5  490s
 2693916 685094  488.75000   55   40  402.00000  506.00000  25.9%  65.5  495s
 2720470 691834  428.75000   62   36  402.00000  506.00000  25.9%  65.6  500s
 2745806 698061 infeasible   61       402.00000  506.00000  25.9%  65.6  505s
 2765136 703051 infeasible   60       402.00000  506.00000  25.9%  65.7  510s
 2791346 709668 infeasible   64       402.00000  506.00000  25.9%  65.7  515s
 2817687 715784  482.20000   53   43  402.00000  505.87500  25.8%  65.8  520s
 2839322 719593 infeasible   63       402.00000  505.50000  25.7%  65.9  525s
 2858253 722787  446.47500   58   33  402.00000  505.50000  25.7%  66.0  530s
 2886568 728748  440.87500   56   18  402.00000  505.25000  25.7%  66.0  535s
 2916055 735728 infeasible   66       402.00000  505.12500  25.7%  65.9  540s
 2945212 742481  484.25000   57   17  402.00000  504.50000  25.5%  65.8  545s
 2979612 752295  445.50000   58   31  402.00000  504.45000  25.5%  65.6  550s
 3008883 759294  413.75000   60    3  402.00000  504.12500  25.4%  65.5  555s
 3036860 764985 infeasible   61       402.00000  503.93341  25.4%  65.4  560s
 3071085 771142 infeasible   50       402.00000  503.75000  25.3%  65.2  565s
 3104724 777914  441.39286   54   59  402.00000  503.50000  25.2%  65.0  570s
 3137574 783509  408.00000   62   25  402.00000  503.25000  25.2%  64.8  575s
 3174967 789827  444.03125   58   31  402.00000  503.00000  25.1%  64.6  580s
 3197070 794182  458.00000   59   66  402.00000  503.00000  25.1%  64.5  585s
 3229041 798747 infeasible   62       402.00000  502.50000  25.0%  64.3  590s
 3253984 802812 infeasible   62       402.00000  502.50000  25.0%  64.3  595s
 3286143 804605 infeasible   56       402.00000  502.00000  24.9%  64.0  600s
 3325732 809760 infeasible   66       402.00000  501.38158  24.7%  63.8  605s
 3356289 815487  447.00000   56   36  402.00000  501.00000  24.6%  63.7  610s
 3393823 820381  459.50000   55   50  402.00000  500.13235  24.4%  63.4  615s
 3433141 827546  428.75000   56   38  402.00000  500.00000  24.4%  63.2  620s
 3466334 833514     cutoff   64       402.00000  499.85000  24.3%  63.0  625s
 3494859 839602  443.20000   59   56  402.00000  499.50000  24.3%  62.9  630s
 3526208 843732 infeasible   63       402.00000  498.68750  24.1%  62.8  635s
 3556113 849070  405.75000   62   57  402.00000  498.00000  23.9%  62.7  640s
 3591612 853674  412.25000   61    4  402.00000  497.00000  23.6%  62.5  645s
 3620458 859448  446.00000   64   33  402.00000  497.00000  23.6%  62.4  650s
 3646990 864298  485.25000   56   73  402.00000  496.50000  23.5%  62.3  655s
 3680508 869589 infeasible   63       402.00000  495.46667  23.3%  62.2  660s
 3713619 874219  421.25000   62   35  402.00000  494.00000  22.9%  62.0  665s
 3746470 880587     cutoff   61       402.00000  493.50000  22.8%  61.9  670s
 3779260 885339  443.16667   60   55  402.00000  492.75000  22.6%  61.8  675s
 3806597 889203  446.25000   62   46  402.00000  491.75000  22.3%  61.7  680s
 3821336 891671  475.45000   56   28  402.00000  491.31579  22.2%  61.8  685s
 3843347 895270 infeasible   64       402.00000  491.25000  22.2%  61.9  690s
 3862508 898428 infeasible   61       402.00000  491.25000  22.2%  62.0  695s
 3880163 901575  453.00000   58   50  402.00000  491.25000  22.2%  62.2  700s
 3902775 905625     cutoff   56       402.00000  491.00000  22.1%  62.2  705s
 3932899 911614  444.87500   51   37  402.00000  491.00000  22.1%  62.2  710s
 3962240 917545  457.75000   56   22  402.00000  491.00000  22.1%  62.2  715s
 3991391 923512  450.00000   60   33  402.00000  491.00000  22.1%  62.2  720s
 4018011 928278  408.41964   60   33  402.00000  491.00000  22.1%  62.2  725s
 4048426 933618  427.55000   62   35  402.00000  490.50000  22.0%  62.2  730s
 4063278 935807 infeasible   62       402.00000  490.50000  22.0%  62.2  735s
 4093549 942073     cutoff   63       402.00000  490.25000  22.0%  62.1  740s
 4126670 949543  454.00000   57   23  402.00000  490.25000  22.0%  62.0  745s
 4162245 957876  490.25000   53   37  402.00000  490.25000  22.0%  61.9  750s
 4194226 965273  465.75000   57   73  402.00000  490.25000  22.0%  61.8  755s
 4227099 971361  413.50000   63   17  402.00000  490.00000  21.9%  61.8  760s
 4265083 978742  421.50000   57   37  402.00000  490.00000  21.9%  61.7  765s
 4292661 984319     cutoff   58       402.00000  490.00000  21.9%  61.6  770s
 4326990 991076  490.00000   52   34  402.00000  490.00000  21.9%  61.6  775s
 4360411 997513     cutoff   63       402.00000  490.00000  21.9%  61.5  780s
 4392114 1003345  426.75000   59   18  402.00000  490.00000  21.9%  61.5  785s
 4425035 1009418 infeasible   55       402.00000  490.00000  21.9%  61.5  790s
 4457695 1015361  429.25000   58   22  402.00000  490.00000  21.9%  61.5  795s
 4482727 1020452  472.60000   51   31  402.00000  490.00000  21.9%  61.4  800s
 4512749 1026466  443.50000   53   62  402.00000  490.00000  21.9%  61.4  805s
 4544701 1032344  447.00000   59   36  402.00000  490.00000  21.9%  61.4  810s
 4574364 1038108 infeasible   60       402.00000  490.00000  21.9%  61.4  815s
 4604307 1043538  458.50000   54   65  402.00000  490.00000  21.9%  61.4  820s
 4632138 1048961  429.25000   54   43  402.00000  490.00000  21.9%  61.4  825s
 4656665 1053426  489.25000   52   24  402.00000  490.00000  21.9%  61.4  830s
 4684673 1059203     cutoff   56       402.00000  490.00000  21.9%  61.4  835s
 4714112 1064963  441.75000   54   34  402.00000  490.00000  21.9%  61.4  840s
 4744270 1070449 infeasible   55       402.00000  490.00000  21.9%  61.4  845s
 4776282 1075877     cutoff   57       402.00000  489.87500  21.9%  61.4  850s
 4801676 1079547 infeasible   60       402.00000  489.75000  21.8%  61.4  855s
 4824331 1083069 infeasible   55       402.00000  489.75000  21.8%  61.4  860s
 4852904 1087823  425.75000   56   19  402.00000  489.50000  21.8%  61.4  865s
 4878849 1091478     cutoff   59       402.00000  489.50000  21.8%  61.3  870s
 4904560 1094927 infeasible   62       402.00000  489.50000  21.8%  61.4  875s
 4928587 1098108  429.50000   55   31  402.00000  489.50000  21.8%  61.4  880s
 4946459 1100934  475.00000   53   36  402.00000  489.50000  21.8%  61.4  885s
 4968585 1104016  437.91228   60   37  402.00000  489.50000  21.8%  61.4  890s
 4991096 1107078  474.87500   56   41  402.00000  489.50000  21.8%  61.4  895s
 5012539 1110145     cutoff   59       402.00000  489.50000  21.8%  61.4  900s
 5034856 1113959     cutoff   58       402.00000  489.31250  21.7%  61.4  905s
 5064061 1118190 infeasible   61       402.00000  489.25000  21.7%  61.3  910s
 5090504 1122096  443.87500   54   45  402.00000  489.25000  21.7%  61.3  915s
 5116788 1126072 infeasible   58       402.00000  489.25000  21.7%  61.3  920s
 5140562 1129461 infeasible   63       402.00000  489.20000  21.7%  61.2  925s
 5167267 1132967  423.45455   58   27  402.00000  489.12500  21.7%  61.2  930s
 5183638 1135277 infeasible   63       402.00000  489.07143  21.7%  61.2  935s
 5205239 1137649 infeasible   60       402.00000  489.00000  21.6%  61.2  940s
 5223521 1139946  429.20614   56   72  402.00000  488.96053  21.6%  61.2  945s
 5250085 1141985 infeasible   61       402.00000  488.75000  21.6%  61.2  950s
 5275031 1143897     cutoff   65       402.00000  488.75000  21.6%  61.2  955s
 5301301 1146626  469.95000   54   34  402.00000  488.75000  21.6%  61.1  960s
 5323678 1149515  440.64286   59   36  402.00000  488.75000  21.6%  61.1  965s
 5333445 1151215 infeasible   58       402.00000  488.75000  21.6%  61.1  970s
 5356848 1154652  488.75000   54   70  402.00000  488.75000  21.6%  61.1  975s
 5379488 1157333  426.75000   57   32  402.00000  488.62500  21.5%  61.1  980s
 5407589 1159798 infeasible   58       402.00000  488.50000  21.5%  61.0  985s
 5431157 1161426  467.15625   55   46  402.00000  488.36842  21.5%  61.0  990s
 5451822 1163790 infeasible   60       402.00000  488.25000  21.5%  61.0  995s
 5474342 1166560  431.00000   59   32  402.00000  488.10000  21.4%  61.0 1000s
 5509287 1169345  477.50000   51  100  402.00000  488.00000  21.4%  60.9 1005s
 5543152 1172466 infeasible   60       402.00000  487.75000  21.3%  60.8 1010s
 5574208 1175936  442.19444   63   37  402.00000  487.54000  21.3%  60.7 1015s
 5603593 1178307 infeasible   53       402.00000  487.50000  21.3%  60.7 1020s
 5626852 1179896     cutoff   60       402.00000  487.25000  21.2%  60.6 1025s
 5659501 1182112 infeasible   58       402.00000  487.10000  21.2%  60.6 1030s
 5695154 1184625  422.00000   56   16  402.00000  486.85526  21.1%  60.4 1035s
 5720496 1186234  438.50000   52   45  402.00000  486.75000  21.1%  60.4 1040s
 5761628 1187349  482.00000   56   30  402.00000  486.50000  21.0%  60.3 1045s
 5797470 1191567 infeasible   53       402.00000  486.50000  21.0%  60.2 1050s
 5833538 1196539  470.00000   57   52  402.00000  486.50000  21.0%  60.1 1055s
 5872352 1198888     cutoff   63       402.00000  486.12000  20.9%  60.0 1060s
 5902959 1200443  475.25000   56   18  402.00000  485.75000  20.8%  59.9 1065s
 5941011 1202488  413.00000   64   16  402.00000  485.65000  20.8%  59.8 1070s
 5977687 1204773 infeasible   55       402.00000  485.25000  20.7%  59.7 1075s
 6000003 1205741  429.00000   60   30  402.00000  485.00000  20.6%  59.7 1080s
 6036809 1207756  442.50000   58   23  402.00000  484.50000  20.5%  59.6 1085s
 6073837 1210071 infeasible   62       402.00000  484.25000  20.5%  59.5 1090s
 6106066 1214915  431.00000   55   54  402.00000  484.25000  20.5%  59.4 1095s
 6140940 1219036  429.50000   61   35  402.00000  483.93571  20.4%  59.4 1100s
 6174400 1221124 infeasible   62       402.00000  483.50000  20.3%  59.3 1105s
 6207332 1223865  409.50000   61   36  402.00000  483.00000  20.1%  59.2 1110s
 6244145 1225480  427.00000   58   50  402.00000  482.50000  20.0%  59.1 1115s
 6272774 1229457  457.70000   55   43  402.00000  482.25000  20.0%  59.1 1120s
 6311412 1234895  414.50000   56   37  402.00000  482.00000  19.9%  59.0 1125s
 6344655 1239045  408.25000   61   29  402.00000  481.86842  19.9%  58.9 1130s
 6380896 1241830 infeasible   62       402.00000  481.25000  19.7%  58.8 1135s
 6414713 1243885 infeasible   59       402.00000  480.50000  19.5%  58.7 1140s
 6442278 1245806  434.50000   54   33  402.00000  480.05000  19.4%  58.6 1145s
 6479143 1248600  423.50000   60   33  402.00000  479.75000  19.3%  58.5 1150s
 6510616 1251221  458.50000   55   56  402.00000  479.25000  19.2%  58.5 1155s
 6546837 1253499  473.57500   55   34  402.00000  478.50000  19.0%  58.4 1160s
 6580852 1254998 infeasible   63       402.00000  477.70000  18.8%  58.3 1165s
 6610914 1257360  462.00000   55    7  402.00000  477.00000  18.7%  58.2 1170s
 6637767 1260288 infeasible   59       402.00000  477.00000  18.7%  58.3 1175s
 6663742 1262875  445.87500   56   31  402.00000  477.00000  18.7%  58.3 1180s
 6685833 1265013 infeasible   62       402.00000  477.00000  18.7%  58.4 1185s
 6703190 1266598  450.10000   60   56  402.00000  477.00000  18.7%  58.5 1190s
 6720180 1268086 infeasible   58       402.00000  477.00000  18.7%  58.5 1195s
 6738389 1269674  476.25000   54   14  402.00000  477.00000  18.7%  58.6 1200s
 6754655 1271388  414.25000   58   23  402.00000  477.00000  18.7%  58.7 1205s
 6773003 1273407  445.87500   57   10  402.00000  477.00000  18.7%  58.7 1210s
 6792066 1275196 infeasible   56       402.00000  477.00000  18.7%  58.8 1215s
 6809209 1277221  407.42424   62   32  402.00000  477.00000  18.7%  58.9 1220s
 6826587 1279318     cutoff   62       402.00000  477.00000  18.7%  59.0 1225s
 6843778 1281173  432.50000   57   90  402.00000  477.00000  18.7%  59.1 1230s
 6861738 1283170 infeasible   63       402.00000  477.00000  18.7%  59.1 1235s
 6877429 1285053     cutoff   59       402.00000  477.00000  18.7%  59.2 1240s
 6892177 1286770     cutoff   60       402.00000  477.00000  18.7%  59.3 1245s
 6912524 1289135  451.40625   57   49  402.00000  477.00000  18.7%  59.3 1250s
 6931907 1291271 infeasible   64       402.00000  477.00000  18.7%  59.4 1255s
 6950768 1293424  475.50000   56   41  402.00000  477.00000  18.7%  59.5 1260s
 6981332 1294866 infeasible   64       402.00000  476.64425  18.6%  59.4 1265s
 7004807 1296938  431.25000   60   11  402.00000  476.25000  18.5%  59.4 1270s
 7034085 1299454  460.50000   56   14  402.00000  476.25000  18.5%  59.5 1275s
 7057871 1301214  429.75000   61   26  402.00000  476.25000  18.5%  59.5 1280s
 7086719 1304561  413.40625   65   23  402.00000  476.00000  18.4%  59.5 1285s
 7111829 1307019 infeasible   56       402.00000  475.91667  18.4%  59.5 1290s
 7124097 1309308  446.00000   63   15  402.00000  475.75000  18.3%  59.5 1297s
 7152217 1311288  427.25000   64   34  402.00000  475.50000  18.3%  59.5 1300s
 7179288 1315316  446.32500   54   42  402.00000  475.50000  18.3%  59.5 1305s
 7189346 1316735  430.25000   59   48  402.00000  475.50000  18.3%  59.5 1310s
 7211880 1319782  429.75000   62   26  402.00000  475.50000  18.3%  59.5 1315s
 7237637 1322989 infeasible   61       402.00000  475.40000  18.3%  59.5 1320s
 7268718 1327644     cutoff   64       402.00000  475.25000  18.2%  59.5 1325s
 7297883 1331769  467.70000   52   48  402.00000  475.25000  18.2%  59.5 1330s
 7327431 1334310  429.25000   58    9  402.00000  475.00000  18.2%  59.5 1335s
 7357518 1336416  472.50000   59   33  402.00000  475.00000  18.2%  59.4 1340s
 7386886 1338807  443.50000   58   18  402.00000  475.00000  18.2%  59.4 1345s
 7416931 1340703  443.50000   59   43  402.00000  475.00000  18.2%  59.4 1350s
 7447045 1342941  475.00000   58   27  402.00000  475.00000  18.2%  59.4 1355s
 7475603 1345209  412.00000   56   17  402.00000  475.00000  18.2%  59.4 1360s
 7499722 1346901 infeasible   59       402.00000  475.00000  18.2%  59.4 1365s
 7524610 1348863  456.25000   57   31  402.00000  475.00000  18.2%  59.4 1370s
 7552998 1350820 infeasible   58       402.00000  475.00000  18.2%  59.4 1375s
 7580620 1353017 infeasible   53       402.00000  475.00000  18.2%  59.4 1380s
 7607794 1354916  427.00000   54   22  402.00000  475.00000  18.2%  59.4 1385s
 7635074 1356846     cutoff   57       402.00000  475.00000  18.2%  59.4 1390s
 7664051 1359079  410.50000   56    5  402.00000  475.00000  18.2%  59.4 1395s
 7686238 1360914  427.00000   55   69  402.00000  475.00000  18.2%  59.4 1400s
 7715982 1363188     cutoff   60       402.00000  475.00000  18.2%  59.4 1405s
 7743546 1365555  455.65000   56   32  402.00000  475.00000  18.2%  59.4 1410s
 7769932 1367900  426.35714   56   31  402.00000  475.00000  18.2%  59.5 1415s
 7798046 1370266  434.87500   51   53  402.00000  475.00000  18.2%  59.5 1420s
 7824242 1372535  472.39000   58   36  402.00000  475.00000  18.2%  59.5 1425s
 7848030 1374492 infeasible   57       402.00000  475.00000  18.2%  59.5 1430s
 7877380 1377004  454.25000   62   11  402.00000  474.87500  18.1%  59.5 1435s
 7905486 1379738  460.25000   57   30  402.00000  474.87500  18.1%  59.5 1440s
 7931380 1382344 infeasible   60       402.00000  474.87500  18.1%  59.5 1445s
 7956148 1383883     cutoff   59       402.00000  474.75000  18.1%  59.5 1450s
 7978371 1384587  459.00000   57   70  402.00000  474.75000  18.1%  59.5 1455s
 7998359 1385950  445.59615   58   22  402.00000  474.68333  18.1%  59.6 1460s
 8023565 1387036  427.75000   63    9  402.00000  474.50000  18.0%  59.6 1465s
 8050683 1387276  443.75000   56   41  402.00000  474.50000  18.0%  59.6 1470s
 8077536 1388049  442.62500   58   21  402.00000  474.50000  18.0%  59.6 1475s
 8105950 1389112 infeasible   60       402.00000  474.50000  18.0%  59.6 1480s
 8131752 1389779 infeasible   62       402.00000  474.50000  18.0%  59.6 1485s
 8155021 1390349  431.00000   61   15  402.00000  474.50000  18.0%  59.7 1490s
 8175823 1391457  471.50000   53   15  402.00000  474.50000  18.0%  59.7 1495s
 8200794 1392585 infeasible   54       402.00000  474.50000  18.0%  59.7 1500s
 8223697 1393938  444.50000   59   31  402.00000  474.50000  18.0%  59.7 1505s
 8246721 1395312  472.25000   51   37  402.00000  474.50000  18.0%  59.7 1510s
 8269569 1397014  468.87500   55   38  402.00000  474.50000  18.0%  59.8 1515s
 8292272 1398537 infeasible   62       402.00000  474.50000  18.0%  59.8 1520s
 8310077 1399516  409.45417   65   30  402.00000  474.50000  18.0%  59.8 1525s
 8333188 1400210  413.75000   64    3  402.00000  474.31250  18.0%  59.8 1530s
 8362982 1401729     cutoff   57       402.00000  474.25000  18.0%  59.8 1535s
 8390419 1403078  443.17857   56   42  402.00000  474.25000  18.0%  59.8 1540s
 8417245 1404211     cutoff   60       402.00000  474.12500  17.9%  59.8 1545s
 8445326 1404860  455.62500   53   60  402.00000  474.00000  17.9%  59.7 1550s
 8470964 1406492 infeasible   59       402.00000  473.81250  17.9%  59.7 1555s
 8504302 1406712  414.00000   62   16  402.00000  473.75000  17.8%  59.7 1560s
 8533490 1407655  444.87500   62   22  402.00000  473.75000  17.8%  59.7 1565s
 8561865 1408926     cutoff   59       402.00000  473.56250  17.8%  59.6 1570s
 8594310 1411323 infeasible   61       402.00000  473.50000  17.8%  59.6 1575s
 8621492 1413298  458.75000   58   14  402.00000  473.45000  17.8%  59.5 1580s
 8651301 1415041     cutoff   59       402.00000  473.32500  17.7%  59.5 1585s
 8682769 1415758     cutoff   56       402.00000  473.25000  17.7%  59.4 1590s
 8713545 1416568  443.75000   55   36  402.00000  473.08772  17.7%  59.4 1595s
 8746644 1416106  412.37500   64   30  402.00000  473.00000  17.7%  59.3 1600s
 8780111 1417512  419.32500   57   65  402.00000  473.00000  17.7%  59.3 1605s
 8806142 1419221  470.00000   57   43  402.00000  473.00000  17.7%  59.3 1610s
 8833412 1419580  429.50000   65   21  402.00000  472.85000  17.6%  59.2 1615s
 8868391 1418402  437.50000   60   20  402.00000  472.75000  17.6%  59.2 1620s
 8895530 1418382  457.75000   58   30  402.00000  472.75000  17.6%  59.1 1625s
 8928575 1418519 infeasible   64       402.00000  472.62500  17.6%  59.0 1630s
 8959237 1418178  426.75000   58   36  402.00000  472.50000  17.5%  59.0 1635s
 8981462 1418575 infeasible   65       402.00000  472.50000  17.5%  59.0 1640s
 9001409 1419100  404.40000   57   23  402.00000  472.43571  17.5%  59.0 1645s
 9032265 1417721  471.75000   56   32  402.00000  472.25000  17.5%  58.9 1650s
 9062131 1416968  439.76429   61   33  402.00000  472.25000  17.5%  58.9 1655s
 9089933 1417674  428.75000   55   14  402.00000  472.25000  17.5%  58.8 1660s
 9120645 1416533  426.75000   60   31  402.00000  472.00000  17.4%  58.8 1665s
 9133516 1416706  427.00000   62   25  402.00000  472.00000  17.4%  58.8 1670s
 9155551 1417702  470.50000   57   34  402.00000  472.00000  17.4%  58.7 1675s
 9184438 1417503  460.00000   55   29  402.00000  471.83333  17.4%  58.7 1680s
 9209466 1416937  427.25000   62    4  402.00000  471.71429  17.3%  58.7 1685s
 9247106 1411686     cutoff   63       402.00000  471.50000  17.3%  58.6 1690s
 9279205 1410830 infeasible   56       402.00000  471.50000  17.3%  58.5 1695s
 9309031 1411699  458.75000   48   62  402.00000  471.50000  17.3%  58.5 1700s
 9328684 1411252 infeasible   54       402.00000  471.38333  17.3%  58.5 1705s
 9363535 1406931 infeasible   52       402.00000  471.23438  17.2%  58.4 1710s
 9397131 1405431  426.73750   61  105  402.00000  471.00000  17.2%  58.4 1715s
 9429721 1402473  441.50000   61   41  402.00000  470.75000  17.1%  58.3 1720s
 9469886 1399684  427.96429   60   33  402.00000  470.50000  17.0%  58.2 1725s
 9502971 1399329  412.50000   59   47  402.00000  470.25000  17.0%  58.2 1730s
 9528723 1400040     cutoff   53       402.00000  470.12500  16.9%  58.2 1735s
 9564294 1398179  464.73333   53   46  402.00000  470.00000  16.9%  58.1 1740s
 9600996 1400084  425.00000   57   68  402.00000  470.00000  16.9%  58.0 1745s
 9637466 1399799 infeasible   60       402.00000  469.75000  16.9%  58.0 1750s
 9670495 1399471  453.65000   56   41  402.00000  469.45000  16.8%  57.9 1755s
 9703465 1397485  460.50000   59   15  402.00000  469.14098  16.7%  57.8 1760s
 9735775 1398664  412.75000   58   33  402.00000  469.00000  16.7%  57.8 1765s
 9774065 1400036  440.50000   49   65  402.00000  469.00000  16.7%  57.7 1770s
 9805988 1400056 infeasible   59       402.00000  468.68750  16.6%  57.6 1775s
 9844538 1399411  467.75000   59   91  402.00000  468.50000  16.5%  57.5 1780s
 9880646 1398846  446.00000   59   20  402.00000  468.12500  16.4%  57.5 1785s
 9907906 1399724  432.00000   57   32  402.00000  468.00000  16.4%  57.5 1790s
 9942193 1400120  428.75000   56   24  402.00000  467.75000  16.4%  57.4 1795s
 9976171 1399557  414.87500   61   22  402.00000  467.50227  16.3%  57.3 1800s
 10005530 1400344 infeasible   58       402.00000  467.25000  16.2%  57.3 1805s
 10039761 1399359 infeasible   58       402.00000  467.00000  16.2%  57.2 1810s
 10075129 1400185     cutoff   62       402.00000  466.68182  16.1%  57.2 1815s
 10109645 1398632  413.00000   64   26  402.00000  466.25000  16.0%  57.1 1820s
 10149171 1397698  407.50000   63   61  402.00000  466.00000  15.9%  57.0 1825s
 10177534 1397739  446.00000   63   78  402.00000  465.68750  15.8%  57.0 1830s
 10216756 1396867  423.21667   59   62  402.00000  465.35000  15.8%  56.9 1835s
 10253185 1398465  424.50000   58   75  402.00000  465.00000  15.7%  56.9 1840s
 10279142 1397684  448.25000   55   83  402.00000  464.75000  15.6%  56.8 1845s
 10316016 1397582 infeasible   63       402.00000  464.38983  15.5%  56.7 1850s
 10348006 1397009  447.84211   54   64  402.00000  464.00000  15.4%  56.7 1855s
 10381812 1395786  444.71429   59   28  402.00000  463.43421  15.3%  56.6 1860s
 10415982 1395575     cutoff   57       402.00000  463.00000  15.2%  56.6 1865s
 10446703 1395581  414.50000   60   38  402.00000  462.53571  15.1%  56.6 1870s
 10481279 1394268  459.75000   57   17  402.00000  462.05592  14.9%  56.5 1875s
 10504333 1393460 infeasible   66       402.00000  462.00000  14.9%  56.6 1880s
 10528956 1392318 infeasible   59       402.00000  462.00000  14.9%  56.6 1885s
 10552293 1390929  447.00000   60   13  402.00000  462.00000  14.9%  56.7 1890s
 10573019 1389750 infeasible   61       402.00000  462.00000  14.9%  56.7 1895s
 10599677 1388556 infeasible   58       402.00000  462.00000  14.9%  56.7 1900s
 10617685 1387831 infeasible   59       402.00000  462.00000  14.9%  56.8 1905s
 10634893 1387753     cutoff   64       402.00000  462.00000  14.9%  56.8 1910s
 10652699 1387605  433.38750   58   57  402.00000  462.00000  14.9%  56.9 1915s
 10671261 1387773 infeasible   55       402.00000  462.00000  14.9%  56.9 1920s
 10688244 1387902 infeasible   63       402.00000  462.00000  14.9%  57.0 1925s
 10703919 1387843  432.00000   61   27  402.00000  462.00000  14.9%  57.0 1930s
 10719221 1387801  431.50000   58   56  402.00000  462.00000  14.9%  57.1 1935s
 10741459 1386719  432.00000   58   78  402.00000  461.75000  14.9%  57.1 1940s
 10767883 1386530     cutoff   60       402.00000  461.50000  14.8%  57.1 1945s
 10791329 1386175  445.50000   64   38  402.00000  461.25000  14.7%  57.1 1950s
 10810426 1386088  430.25000   59   27  402.00000  461.22500  14.7%  57.1 1955s
 10833970 1387024  414.25000   63   18  402.00000  461.00000  14.7%  57.2 1960s
 10854587 1387860  445.43750   57   34  402.00000  461.00000  14.7%  57.2 1965s
 10877994 1387349  445.25000   63   19  402.00000  460.76316  14.6%  57.2 1970s
 10901603 1387822  443.75000   66   34  402.00000  460.62500  14.6%  57.2 1975s
 10925574 1389435  446.00000   57   32  402.00000  460.55000  14.6%  57.2 1980s
 10963354 1389036 infeasible   63       402.00000  460.50000  14.6%  57.2 1985s
 10988711 1388634 infeasible   58       402.00000  460.50000  14.6%  57.2 1990s
 11010145 1388716 infeasible   60       402.00000  460.50000  14.6%  57.2 1995s
 11028135 1388539  432.00000   57   67  402.00000  460.50000  14.6%  57.3 2000s
 11045642 1388388  414.75000   63   51  402.00000  460.50000  14.6%  57.3 2005s
 11071682 1390033 infeasible   59       402.00000  460.40000  14.5%  57.3 2010s
 11093890 1391239  460.25000   56   39  402.00000  460.30357  14.5%  57.4 2015s
 11116661 1391104  444.50000   55   16  402.00000  460.25000  14.5%  57.4 2020s
 11141204 1391480 infeasible   58       402.00000  460.25000  14.5%  57.4 2025s
 11165428 1391569  409.25000   61   11  402.00000  460.25000  14.5%  57.4 2030s
 11188263 1391744  446.00000   62   21  402.00000  460.25000  14.5%  57.5 2035s
 11209600 1391829  428.00000   58   32  402.00000  460.25000  14.5%  57.5 2040s
 11211350 1391910  414.78125   57   29  402.00000  460.25000  14.5%  57.5 2045s
 11236148 1392274  413.00000   67    3  402.00000  460.25000  14.5%  57.5 2050s
 11256823 1392650  460.25000   52   25  402.00000  460.25000  14.5%  57.6 2055s
 11278789 1393184     cutoff   55       402.00000  460.25000  14.5%  57.6 2060s
 11300983 1393732  429.50000   65   14  402.00000  460.25000  14.5%  57.6 2065s
 11323303 1394059  442.62500   61   19  402.00000  460.25000  14.5%  57.7 2070s
 11347763 1394769 infeasible   58       402.00000  460.25000  14.5%  57.7 2075s
 11372259 1395584  460.25000   56   29  402.00000  460.25000  14.5%  57.8 2080s
 11394878 1396374  427.25000   57   17  402.00000  460.25000  14.5%  57.8 2085s
 11417673 1396985  415.25000   58   18  402.00000  460.25000  14.5%  57.8 2090s
 11439902 1397510 infeasible   61       402.00000  460.25000  14.5%  57.9 2095s
 11462430 1398312  446.00000   59   29  402.00000  460.25000  14.5%  57.9 2100s
 11485251 1399135  423.28571   59   27  402.00000  460.25000  14.5%  57.9 2105s
 11507717 1399760     cutoff   60       402.00000  460.25000  14.5%  58.0 2110s
 11529539 1400524  430.50000   57   33  402.00000  460.25000  14.5%  58.0 2115s
 11547320 1401205  414.00000   62    8  402.00000  460.25000  14.5%  58.0 2120s
 11568015 1401969  429.87500   59   30  402.00000  460.25000  14.5%  58.1 2125s
 11589222 1402810 infeasible   66       402.00000  460.25000  14.5%  58.1 2130s
 11608441 1403586  455.20833   58   70  402.00000  460.25000  14.5%  58.1 2135s
 11631453 1404268 infeasible   63       402.00000  460.25000  14.5%  58.2 2140s
 11649511 1404605 infeasible   63       402.00000  460.19152  14.5%  58.2 2145s
 11676271 1404653 infeasible   63       402.00000  460.00000  14.4%  58.2 2150s
 11698602 1403624  427.37500   56   31  402.00000  460.00000  14.4%  58.2 2155s
 11727886 1403198  457.75000   54   43  402.00000  460.00000  14.4%  58.2 2160s
 11755569 1402920  443.50000   61   26  402.00000  460.00000  14.4%  58.2 2165s
 11781666 1402735     cutoff   59       402.00000  460.00000  14.4%  58.3 2170s
 11808675 1402492  429.25000   61   44  402.00000  460.00000  14.4%  58.3 2175s
 11833756 1402003  429.65000   60   34  402.00000  459.87500  14.4%  58.3 2180s
 11859634 1400829  445.17188   60   13  402.00000  459.75000  14.4%  58.3 2185s
 11880679 1398499  447.00000   55   48  402.00000  459.75000  14.4%  58.3 2190s
 11909025 1397724     cutoff   59       402.00000  459.62500  14.3%  58.2 2195s
 11938056 1396124     cutoff   64       402.00000  459.50000  14.3%  58.2 2200s
 11969245 1394420     cutoff   64       402.00000  459.50000  14.3%  58.2 2205s
 11999086 1393594  412.25000   61   10  402.00000  459.50000  14.3%  58.2 2210s
 12025318 1393228     cutoff   61       402.00000  459.50000  14.3%  58.2 2215s
 12054207 1392013  413.31250   58   18  402.00000  459.35000  14.3%  58.2 2220s
 12087961 1391145  442.00000   58   21  402.00000  459.25000  14.2%  58.2 2225s
 12122874 1389977  442.90000   59   33  402.00000  459.25000  14.2%  58.2 2230s
 12154910 1389611  457.75000   55   31  402.00000  459.25000  14.2%  58.1 2235s
 12182841 1389473     cutoff   58       402.00000  459.25000  14.2%  58.1 2240s
 12216602 1389146     cutoff   61       402.00000  459.25000  14.2%  58.1 2245s
 12248891 1388822  429.62500   60   24  402.00000  459.25000  14.2%  58.1 2250s
 12280225 1387178  421.41379   60   31  402.00000  459.12143  14.2%  58.1 2255s
 12309919 1385669 infeasible   62       402.00000  459.00000  14.2%  58.1 2260s
 12341303 1385104  426.75000   59   30  402.00000  459.00000  14.2%  58.0 2265s
 12374165 1384672     cutoff   52       402.00000  459.00000  14.2%  58.1 2270s
 12402674 1384837  444.00000   55   30  402.00000  459.00000  14.2%  58.1 2275s
 12425666 1385097  459.00000   57   47  402.00000  459.00000  14.2%  58.1 2280s
 12455072 1385381 infeasible   60       402.00000  459.00000  14.2%  58.1 2285s
 12478646 1385440  459.00000   52   38  402.00000  459.00000  14.2%  58.1 2290s
 12502778 1385384  454.04000   59   30  402.00000  459.00000  14.2%  58.1 2295s
 12532926 1384217  452.25000   60   67  402.00000  458.87500  14.1%  58.1 2300s
 12564758 1382343     cutoff   59       402.00000  458.75000  14.1%  58.1 2305s
 12593859 1380602  429.50000   63    6  402.00000  458.75000  14.1%  58.0 2310s
 12627384 1379192  445.25000   58   35  402.00000  458.75000  14.1%  58.0 2315s
 12655784 1378381 infeasible   64       402.00000  458.75000  14.1%  58.0 2320s
 12683540 1377906 infeasible   53       402.00000  458.75000  14.1%  58.0 2325s
 12710001 1377276  411.60714   64   15  402.00000  458.70000  14.1%  57.9 2330s
 12739165 1376019  412.78571   64   25  402.00000  458.56250  14.1%  57.9 2335s
 12773815 1373534 infeasible   57       402.00000  458.50000  14.1%  57.9 2340s
 12805870 1370774  441.62500   58   20  402.00000  458.50000  14.1%  57.9 2345s
 12836728 1368183     cutoff   55       402.00000  458.50000  14.1%  57.9 2350s
 12860084 1366249 infeasible   63       402.00000  458.50000  14.1%  57.9 2355s
 12890840 1363849 infeasible   56       402.00000  458.50000  14.1%  57.8 2360s
 12922505 1360934  413.75000   57    3  402.00000  458.32143  14.0%  57.8 2365s
 12960386 1359449  441.37500   57   33  402.00000  458.25000  14.0%  57.8 2370s
 12990069 1357520  440.00000   54   68  402.00000  458.25000  14.0%  57.7 2375s
 13021125 1356595     cutoff   61       402.00000  458.16053  14.0%  57.7 2380s
 13052359 1354804  432.00000   61   34  402.00000  458.04412  13.9%  57.7 2385s
 13081879 1349944  413.00000   61   13  402.00000  458.00000  13.9%  57.7 2390s
 13111495 1346353 infeasible   64       402.00000  458.00000  13.9%  57.6 2395s
 13141166 1344327  429.03125   65   66  402.00000  458.00000  13.9%  57.6 2400s
 13170453 1343021 infeasible   54       402.00000  458.00000  13.9%  57.6 2405s
 13194932 1340524 infeasible   64       402.00000  457.87500  13.9%  57.6 2410s
 13230467 1335769 infeasible   54       402.00000  457.75000  13.9%  57.6 2415s
 13264909 1332613  428.50000   58   35  402.00000  457.75000  13.9%  57.5 2420s
 13292878 1331518  455.95000   54   66  402.00000  457.75000  13.9%  57.5 2425s
 13326399 1330752 infeasible   61       402.00000  457.75000  13.9%  57.5 2430s
 13357030 1326876     cutoff   53       402.00000  457.54286  13.8%  57.4 2435s
 13384257 1323336  414.50000   63   26  402.00000  457.50000  13.8%  57.4 2440s
 13409839 1321340  457.36842   55   32  402.00000  457.38205  13.8%  57.4 2445s
 13444718 1314163 infeasible   56       402.00000  457.25000  13.7%  57.4 2450s
 13473373 1311155     cutoff   65       402.00000  457.25000  13.7%  57.3 2455s
 13502456 1309178 infeasible   62       402.00000  457.23333  13.7%  57.3 2460s
 13535189 1305150  442.00000   58   18  402.00000  457.00000  13.7%  57.3 2465s
 13570435 1300069 infeasible   61       402.00000  457.00000  13.7%  57.2 2470s
 13601054 1295869 infeasible   66       402.00000  456.77273  13.6%  57.2 2475s
 13630080 1292923     cutoff   65       402.00000  456.65000  13.6%  57.2 2480s
 13670374 1287739 infeasible   61       402.00000  456.50000  13.6%  57.2 2485s
 13705682 1281098  426.50000   60   48  402.00000  456.50000  13.6%  57.1 2490s
 13735212 1278295  428.37500   62   21  402.00000  456.31250  13.5%  57.1 2495s
 13770638 1273261 infeasible   62       402.00000  456.21875  13.5%  57.0 2500s
 13804133 1267830  424.78571   62   29  402.00000  456.00000  13.4%  57.0 2505s
 13823804 1266848  439.58333   61   49  402.00000  456.00000  13.4%  57.0 2510s
 13854085 1262283  446.00000   60   10  402.00000  455.76316  13.4%  57.0 2515s
 13888462 1257760  425.28125   55   40  402.00000  455.75000  13.4%  56.9 2520s
 13918206 1255244     cutoff   63       402.00000  455.61000  13.3%  56.9 2525s
 13958610 1248462  435.25000   55   37  402.00000  455.50000  13.3%  56.9 2530s
 13993331 1245525 infeasible   56       402.00000  455.50000  13.3%  56.8 2535s
 14023443 1242175     cutoff   61       402.00000  455.36842  13.3%  56.8 2540s
 14051979 1238765  426.07143   61   43  402.00000  455.21068  13.2%  56.8 2545s
 14084249 1233315     cutoff   56       402.00000  455.00000  13.2%  56.7 2550s
 14114587 1229725  454.25000   56   81  402.00000  455.00000  13.2%  56.7 2555s
 14131070 1227741  440.60000   61   32  402.00000  454.86538  13.2%  56.7 2560s
 14150783 1225750     cutoff   57       402.00000  454.75000  13.1%  56.7 2565s
 14184466 1221779  439.37500   54   59  402.00000  454.75000  13.1%  56.6 2570s
 14211821 1218367  438.75000   56   44  402.00000  454.51250  13.1%  56.6 2575s
 14236760 1216427     cutoff   59       402.00000  454.44718  13.0%  56.6 2580s
 14273553 1209569  441.50000   56   54  402.00000  454.25000  13.0%  56.6 2585s
 14302407 1206273  436.00000   58   59  402.00000  454.00000  12.9%  56.5 2590s
 14336410 1200688 infeasible   62       402.00000  453.80000  12.9%  56.5 2595s
 14364938 1198346     cutoff   59       402.00000  453.69167  12.9%  56.5 2600s
 14400035 1192894  427.25000   58   36  402.00000  453.50000  12.8%  56.5 2605s
 14431295 1188312  424.00000   62   19  402.00000  453.25000  12.7%  56.4 2610s
 14459971 1185585     cutoff   59       402.00000  453.25000  12.7%  56.4 2615s
 14493185 1182025 infeasible   60       402.00000  453.00000  12.7%  56.4 2620s
 14520354 1179268  413.42857   67   20  402.00000  452.92500  12.7%  56.3 2625s
 14551918 1173918     cutoff   62       402.00000  452.65000  12.6%  56.3 2630s
 14585851 1169481 infeasible   62       402.00000  452.38594  12.5%  56.3 2635s
 14616322 1166330 infeasible   63       402.00000  452.16667  12.5%  56.3 2640s
 14650794 1161579  428.60000   63   15  402.00000  452.00000  12.4%  56.2 2645s
 14684183 1157292 infeasible   54       402.00000  451.79545  12.4%  56.2 2650s
 14713280 1152792  436.80000   59   26  402.00000  451.53125  12.3%  56.2 2655s
 14742220 1150376 infeasible   59       402.00000  451.37143  12.3%  56.1 2660s
 14773600 1146009  424.00000   60   39  402.00000  451.12500  12.2%  56.1 2665s
 14807912 1143526  417.89683   56   48  402.00000  451.00000  12.2%  56.1 2670s
 14837511 1140336  441.19444   63   44  402.00000  450.75000  12.1%  56.0 2675s
 14869024 1135119 infeasible   57       402.00000  450.45000  12.1%  56.0 2680s
 14899123 1130555 infeasible   61       402.00000  450.07759  12.0%  56.0 2685s
 14928586 1126093  428.00000   56   70  402.00000  449.75000  11.9%  56.0 2690s
 14960316 1121166     cutoff   62       402.00000  449.30000  11.8%  55.9 2695s
 14992396 1116370 infeasible   54       402.00000  449.00000  11.7%  55.9 2700s
 15024124 1110886  426.92857   60   30  402.00000  448.55000  11.6%  55.9 2705s
 15045382 1108252 infeasible   66       402.00000  448.31212  11.5%  55.8 2710s
 15077405 1103002 infeasible   57       402.00000  447.95000  11.4%  55.8 2715s
 15107804 1098918     cutoff   54       402.00000  447.50000  11.3%  55.8 2720s
 15139806 1093825  431.25000   61   14  402.00000  447.00000  11.2%  55.8 2725s
 15163189 1091309     cutoff   65       402.00000  447.00000  11.2%  55.8 2730s
 15179576 1089524  431.25000   60   18  402.00000  447.00000  11.2%  55.9 2735s
 15196851 1087996  428.25000   58   42  402.00000  447.00000  11.2%  55.9 2740s
 15219532 1085168  430.00000   61   59  402.00000  446.75000  11.1%  55.9 2745s
 15246180 1081749  415.50000   65    2  402.00000  446.50000  11.1%  56.0 2750s
 15276380 1078406 infeasible   63       402.00000  446.48333  11.1%  55.9 2755s
 15296765 1076190  432.00000   62   23  402.00000  446.25000  11.0%  56.0 2760s
 15311463 1075189  446.25000   65   37  402.00000  446.25000  11.0%  56.0 2765s
 15328677 1073722  415.50000   60    2  402.00000  446.25000  11.0%  56.0 2770s
 15341839 1072659     cutoff   65       402.00000  446.25000  11.0%  56.1 2775s
 15366859 1071195 infeasible   60       402.00000  446.00000  10.9%  56.1 2780s
 15390948 1069435  431.00000   58   22  402.00000  446.00000  10.9%  56.1 2785s
 15419694 1067353  445.25000   59   17  402.00000  446.00000  10.9%  56.2 2790s
 15445934 1065040     cutoff   67       402.00000  446.00000  10.9%  56.2 2795s
 15468628 1063238  443.00000   65   14  402.00000  446.00000  10.9%  56.2 2800s
 15494933 1061121  444.50000   61   22  402.00000  446.00000  10.9%  56.2 2805s
 15518194 1059328     cutoff   59       402.00000  446.00000  10.9%  56.3 2810s
 15542519 1057115  429.50000   58    7  402.00000  446.00000  10.9%  56.3 2815s
 15560519 1055584     cutoff   62       402.00000  446.00000  10.9%  56.3 2820s
 15584301 1053644 infeasible   64       402.00000  446.00000  10.9%  56.3 2825s
 15608794 1051497  429.50000   59   14  402.00000  446.00000  10.9%  56.4 2830s
 15631753 1049661  412.25000   61    4  402.00000  446.00000  10.9%  56.4 2835s
 15653369 1047853  431.00000   56   22  402.00000  446.00000  10.9%  56.5 2840s
 15674128 1046411     cutoff   61       402.00000  446.00000  10.9%  56.5 2845s
 15696187 1044728  431.00000   61   18  402.00000  446.00000  10.9%  56.5 2850s
 15717796 1043221  446.00000   59   27  402.00000  446.00000  10.9%  56.6 2855s
 15739213 1041434  444.92857   58   29  402.00000  446.00000  10.9%  56.6 2860s
 15762295 1039587 infeasible   68       402.00000  446.00000  10.9%  56.6 2865s
 15783592 1037959  429.50000   61   19  402.00000  446.00000  10.9%  56.7 2870s
 15804810 1036585  431.00000   61    7  402.00000  446.00000  10.9%  56.7 2875s
 15823043 1035176 infeasible   63       402.00000  446.00000  10.9%  56.7 2880s
 15844900 1033673  428.00000   66   12  402.00000  446.00000  10.9%  56.8 2885s
 15866358 1032402     cutoff   62       402.00000  446.00000  10.9%  56.8 2890s
 15887609 1031065  445.25000   59   31  402.00000  446.00000  10.9%  56.8 2895s
 15908917 1029213  445.00000   59   40  402.00000  446.00000  10.9%  56.9 2900s
 15929012 1027757 infeasible   58       402.00000  446.00000  10.9%  56.9 2905s
 15950344 1026287 infeasible   62       402.00000  446.00000  10.9%  57.0 2910s
 15967465 1025078  429.25000   56   49  402.00000  446.00000  10.9%  57.0 2915s
 15987488 1023502  428.00000   62   44  402.00000  446.00000  10.9%  57.0 2920s
 16009335 1022040  445.25000   62   15  402.00000  446.00000  10.9%  57.1 2925s
 16030306 1020549  414.50000   59    7  402.00000  446.00000  10.9%  57.1 2930s
 16052007 1019166 infeasible   59       402.00000  446.00000  10.9%  57.2 2935s
 16073227 1017641  419.18750   62   51  402.00000  446.00000  10.9%  57.2 2940s
 16079423 1017138  419.75000   61   41  402.00000  446.00000  10.9%  57.2 2945s
 16092904 1016150 infeasible   58       402.00000  446.00000  10.9%  57.2 2950s
 16113972 1014673     cutoff   63       402.00000  446.00000  10.9%  57.3 2955s
 16132652 1013221 infeasible   63       402.00000  446.00000  10.9%  57.3 2960s
 16152784 1011731     cutoff   62       402.00000  446.00000  10.9%  57.4 2965s
 16172759 1010378  431.00000   57   26  402.00000  446.00000  10.9%  57.4 2970s
 16192311 1008971 infeasible   62       402.00000  446.00000  10.9%  57.5 2975s
 16212431 1007704  436.25000   56   32  402.00000  446.00000  10.9%  57.5 2980s
 16230532 1006516  445.25000   63   24  402.00000  446.00000  10.9%  57.5 2985s
 16249016 1005233  422.00000   57   48  402.00000  446.00000  10.9%  57.6 2990s
 16270538 1003850 infeasible   56       402.00000  446.00000  10.9%  57.6 2995s
 16289971 1002722     cutoff   62       402.00000  446.00000  10.9%  57.6 3000s
 16313215 998892  442.46429   63   21  402.00000  445.85000  10.9%  57.7 3005s
 16340829 994529 infeasible   57       402.00000  445.62500  10.9%  57.7 3010s
 16365165 991979 infeasible   65       402.00000  445.50000  10.8%  57.7 3015s
 16395135 984312  412.25000   59   29  402.00000  445.50000  10.8%  57.6 3020s
 16417585 981102  429.25000   61   87  402.00000  445.45000  10.8%  57.7 3025s
 16441921 978236  427.75568   59   33  402.00000  445.27083  10.8%  57.7 3030s
 16470510 973827  421.80000   61   16  402.00000  445.25000  10.8%  57.7 3035s
 16496684 970245 infeasible   62       402.00000  445.25000  10.8%  57.7 3040s
 16516654 967619  426.15625   61   56  402.00000  445.25000  10.8%  57.7 3045s
 16540732 964673  431.00000   59   57  402.00000  445.25000  10.8%  57.7 3050s
 16565091 961468  444.50000   61   81  402.00000  445.10000  10.7%  57.7 3055s
 16593899 957984  445.00000   60   35  402.00000  445.00000  10.7%  57.7 3060s
 16622434 954216     cutoff   58       402.00000  444.87500  10.7%  57.7 3065s
 16651063 950526     cutoff   62       402.00000  444.80000  10.6%  57.7 3070s
 16692225 945824  431.25000   60   22  402.00000  444.75000  10.6%  57.6 3075s
 16717149 942881  426.40000   64   26  402.00000  444.75000  10.6%  57.6 3080s
 16740329 940736 infeasible   62       402.00000  444.62500  10.6%  57.6 3085s
 16768484 937844  430.00000   60   15  402.00000  444.50000  10.6%  57.6 3090s
 16802878 934020  428.75000   60   22  402.00000  444.50000  10.6%  57.6 3095s
 16834403 930918  413.00000   65    3  402.00000  444.50000  10.6%  57.6 3100s
 16864214 927891  428.75000   63   10  402.00000  444.50000  10.6%  57.5 3105s
 16894032 925059     cutoff   61       402.00000  444.50000  10.6%  57.5 3110s
 16923895 922367  431.00000   56   50  402.00000  444.50000  10.6%  57.5 3115s
 16953862 918921 infeasible   60       402.00000  444.44643  10.6%  57.5 3120s
 16983049 915275  429.25000   58   33  402.00000  444.25000  10.5%  57.5 3125s
 17009951 913160  425.25000   59   17  402.00000  444.25000  10.5%  57.5 3130s
 17042949 909531  422.50000   64    6  402.00000  444.19048  10.5%  57.5 3135s
 17071106 905459     cutoff   62       402.00000  444.07143  10.5%  57.4 3140s
 17103051 899664  426.00000   57   40  402.00000  444.00000  10.4%  57.4 3145s
 17133897 895517 infeasible   60       402.00000  444.00000  10.4%  57.4 3150s
 17163122 891962     cutoff   58       402.00000  444.00000  10.4%  57.4 3155s
 17190536 888459 infeasible   59       402.00000  444.00000  10.4%  57.4 3160s
 17212767 885238  428.64286   57   14  402.00000  443.93750  10.4%  57.4 3165s
 17250819 880072  443.87500   54   37  402.00000  443.87500  10.4%  57.4 3170s
 17282076 875739 infeasible   65       402.00000  443.77632  10.4%  57.4 3175s
 17316689 866829  428.93750   62   18  402.00000  443.75000  10.4%  57.4 3180s
 17347519 861048     cutoff   56       402.00000  443.75000  10.4%  57.3 3185s
 17378617 856067  425.52586   56   44  402.00000  443.66228  10.4%  57.3 3190s
 17411067 850321  424.60000   61   21  402.00000  443.50000  10.3%  57.3 3195s
 17447470 844191     cutoff   59       402.00000  443.50000  10.3%  57.3 3200s
 17482451 838454     cutoff   61       402.00000  443.50000  10.3%  57.2 3205s
 17517334 833263  424.75000   63   45  402.00000  443.50000  10.3%  57.2 3210s
 17551521 828665 infeasible   59       402.00000  443.50000  10.3%  57.2 3215s
 17574337 825293     cutoff   62       402.00000  443.47826  10.3%  57.2 3220s
 17607076 818893  427.00000   62   24  402.00000  443.25000  10.3%  57.2 3225s
 17631882 814995  422.66667   59   38  402.00000  443.25000  10.3%  57.2 3230s
 17664649 809122  431.00000   63   29  402.00000  443.06429  10.2%  57.2 3235s
 17696977 800227  422.75000   63   35  402.00000  443.00000  10.2%  57.1 3240s
 17726294 794429  427.70000   56   44  402.00000  442.85000  10.2%  57.1 3245s
 17762406 786402 infeasible   55       402.00000  442.75000  10.1%  57.1 3250s
 17792689 780123 infeasible   57       402.00000  442.54000  10.1%  57.1 3255s
 17820756 774595     cutoff   66       402.00000  442.46429  10.1%  57.1 3260s
 17844382 769674  417.25000   64   33  402.00000  442.32895  10.0%  57.1 3265s
 17879004 761209     cutoff   63       402.00000  442.25000  10.0%  57.0 3270s
 17909728 754738 infeasible   63       402.00000  442.06250  10.0%  57.0 3275s
 17945992 747185     cutoff   53       402.00000  442.00000  10.0%  57.0 3280s
 17979079 739262 infeasible   63       402.00000  441.75000  9.89%  56.9 3285s
 18006778 733414 infeasible   63       402.00000  441.68028  9.87%  56.9 3290s
 18040705 723900  423.50000   63   27  402.00000  441.50000  9.83%  56.9 3295s
 18066947 718950  409.68939   58   45  402.00000  441.50000  9.83%  56.9 3300s
 18094121 711777 infeasible   57       402.00000  441.25000  9.76%  56.9 3305s
 18127048 704219 infeasible   57       402.00000  441.07143  9.72%  56.8 3310s
 18149783 698546 infeasible   65       402.00000  440.99624  9.70%  56.8 3315s
 18179008 690364 infeasible   59       402.00000  440.75000  9.64%  56.8 3320s
 18208557 681279     cutoff   60       402.00000  440.50000  9.58%  56.8 3325s
 18240428 673703  426.00000   57   22  402.00000  440.31250  9.53%  56.7 3330s
 18272930 664079 infeasible   58       402.00000  440.00000  9.45%  56.7 3335s
 18302103 655596  418.89286   61   17  402.00000  439.76667  9.39%  56.7 3340s
 18336486 648023     cutoff   62       402.00000  439.50000  9.33%  56.7 3345s
 18366139 640667  423.50000   57   10  402.00000  439.25000  9.27%  56.7 3350s
 18394339 635018  423.48777   61   42  402.00000  439.16667  9.25%  56.6 3355s
 18424141 629491  420.00000   56   69  402.00000  439.00000  9.20%  56.6 3360s
 18426392 629344  426.25000   61   56  402.00000  439.00000  9.20%  56.6 3365s
 18448509 624291  416.62500   62    8  402.00000  438.75000  9.14%  56.6 3370s
 18476220 618410     cutoff   61       402.00000  438.50000  9.08%  56.6 3375s
 18499595 611720  438.25000   53   27  402.00000  438.37500  9.05%  56.6 3380s
 18529996 604758 infeasible   59       402.00000  438.00000  8.96%  56.6 3385s
 18560570 598087  429.50000   58   33  402.00000  437.75000  8.89%  56.5 3390s
 18593124 589995 infeasible   60       402.00000  437.37500  8.80%  56.5 3395s
 18625692 582047  426.92857   61   18  402.00000  437.00000  8.71%  56.5 3400s
 18658794 574770 infeasible   63       402.00000  436.75000  8.64%  56.5 3405s
 18692391 565863  406.25000   57   32  402.00000  436.25000  8.52%  56.4 3410s
 18724609 557397  412.00000   60   14  402.00000  435.65185  8.37%  56.4 3415s
 18757937 548683     cutoff   64       402.00000  435.10000  8.23%  56.4 3420s
 18792249 539285  430.55000   59   40  402.00000  434.37500  8.05%  56.4 3425s
 18822884 531342  428.25000   58   20  402.00000  433.80000  7.91%  56.3 3430s
 18852742 522802 infeasible   58       402.00000  433.00000  7.71%  56.3 3435s
 18883034 514431 infeasible   55       402.00000  432.15663  7.50%  56.3 3440s
 18898154 513121  431.25000   66    8  402.00000  432.00000  7.46%  56.3 3445s
 18915750 510457  432.00000   57   26  402.00000  432.00000  7.46%  56.3 3450s
 18930174 507088  406.72500   64   23  402.00000  432.00000  7.46%  56.4 3455s
 18943439 503850  416.25000   66    1  402.00000  432.00000  7.46%  56.4 3460s
 18955402 500307  409.50000   58   36  402.00000  432.00000  7.46%  56.5 3465s
 18965927 497230 infeasible   62       402.00000  432.00000  7.46%  56.5 3470s
 18975170 494702  409.95000   60   69  402.00000  432.00000  7.46%  56.6 3475s
 18986360 491585  429.75000   59   43  402.00000  432.00000  7.46%  56.6 3480s
 18997169 488089     cutoff   62       402.00000  432.00000  7.46%  56.7 3485s
 19023194 481554 infeasible   62       402.00000  431.50000  7.34%  56.7 3490s
 19044405 474159 infeasible   63       402.00000  431.25000  7.28%  56.7 3495s
 19066113 466275     cutoff   61       402.00000  431.25000  7.28%  56.7 3500s
 19089620 459914     cutoff   64       402.00000  431.25000  7.28%  56.7 3505s
 19115012 452923 infeasible   66       402.00000  431.00000  7.21%  56.7 3510s
 19137564 446587  413.75000   59   10  402.00000  431.00000  7.21%  56.7 3515s
 19158745 441496 infeasible   63       402.00000  431.00000  7.21%  56.7 3520s
 19175865 437160     cutoff   60       402.00000  431.00000  7.21%  56.7 3525s
 19195374 432514  431.00000   60   27  402.00000  431.00000  7.21%  56.8 3530s
 19215033 427907     cutoff   60       402.00000  431.00000  7.21%  56.8 3535s
 19232685 423837 infeasible   61       402.00000  431.00000  7.21%  56.9 3540s
 19248785 420155     cutoff   64       402.00000  431.00000  7.21%  56.9 3545s
 19266900 416304  414.33333   61   28  402.00000  431.00000  7.21%  56.9 3550s
 19279194 413527 infeasible   61       402.00000  431.00000  7.21%  57.0 3555s
 19296074 409640  429.31250   60   33  402.00000  431.00000  7.21%  57.0 3560s
 19315124 404108     cutoff   65       402.00000  430.80000  7.16%  57.0 3565s
 19343153 395096 infeasible   61       402.00000  430.50000  7.09%  57.0 3570s
 19364831 387926  429.75000   62    8  402.00000  430.45000  7.08%  57.0 3575s
 19390206 380601  413.75000   58   37  402.00000  430.25000  7.03%  57.0 3580s
 19411363 374502  430.00000   63   25  402.00000  430.00000  6.97%  57.0 3585s
 19433925 369193  427.25000   59    6  402.00000  429.95000  6.95%  57.0 3590s
 19466909 359159  429.50000   65   57  402.00000  429.75000  6.90%  57.0 3595s
 19492973 350609 infeasible   61       402.00000  429.50000  6.84%  57.0 3600s
 19516853 340743  429.50000   60   28  402.00000  429.50000  6.84%  57.0 3605s
 19544537 331990     cutoff   64       402.00000  429.50000  6.84%  57.0 3610s
 19573283 323355     cutoff   57       402.00000  429.25000  6.78%  57.0 3615s
 19603889 314320 infeasible   58       402.00000  429.25000  6.78%  56.9 3620s
 19632852 306254  429.25000   60   76  402.00000  429.25000  6.78%  56.9 3625s
 19662536 297321  426.00000   53   34  402.00000  429.00000  6.72%  56.9 3630s
 19688833 289091 infeasible   63       402.00000  428.75000  6.65%  56.9 3635s
 19715443 277578 infeasible   63       402.00000  428.60938  6.62%  56.9 3640s
 19746325 265798  428.25000   56   31  402.00000  428.25000  6.53%  56.9 3645s
 19775740 254865 infeasible   57       402.00000  428.00000  6.47%  56.8 3650s
 19808371 243575  427.75000   56   69  402.00000  427.75000  6.41%  56.8 3655s
 19839627 229098 infeasible   61       402.00000  427.25000  6.28%  56.8 3660s
 19872478 213962  424.87500   59   31  402.00000  426.75000  6.16%  56.7 3665s
 19896577 202134 infeasible   57       402.00000  426.25000  6.03%  56.7 3670s
 19927936 185249 infeasible   59       402.00000  425.15789  5.76%  56.7 3675s
 19955412 171031 infeasible   64       402.00000  424.00000  5.47%  56.7 3680s
 19985023 154685  415.41667   57   20  402.00000  422.50000  5.10%  56.7 3685s
 20016141 134632 infeasible   62       402.00000  419.95455  4.47%  56.6 3690s
 20043313 112619 infeasible   63       402.00000  417.00000  3.73%  56.6 3695s
 20074826 88565     cutoff   63       402.00000  415.50000  3.36%  56.6 3700s
 20112662 56012 infeasible   63       402.00000  414.25000  3.05%  56.6 3705s
 20157730 18427     cutoff   59       402.00000  410.50000  2.11%  56.5 3710s

Explored 20179650 nodes (1139188770 simplex iterations) in 3711.94 seconds (7459.83 work units)
Thread count was 16 (of 16 available processors)

Solution count 10: 402 402 402 ... 342

Optimal solution found (tolerance 1.00e-04)
Best objective 4.020000000000e+02, best bound 4.020000000000e+02, gap 0.0000%

Wrote result file '/root/bgw/data/results/2026_03_24_19_43_39_set_vm-3-t3_vm-3-t3_s012_g001_max.sol'

