[2026-03-23T14:05:20.836Z] Pipeline "set_exp_2_exp_2_n035_c007_g004" → 2026_03_23_14_05_20_set_exp_2_exp_2_n035_c007_g004_max.sol
Set parameter WLSAccessID
Set parameter WLSSecret
Set parameter LicenseID to value 2792458
Set parameter LogFile to value "gurobi.log"
Using license file /root/gurobi.lic
Academic license 2792458 - for non-commercial use only - registered to an___@studenti.unipg.it

Gurobi Optimizer version 13.0.1 build v13.0.1rc0 (linux64 - "Ubuntu 24.04.4 LTS")
Copyright (c) 2026, Gurobi Optimization, LLC

Warning: Duplicate section found (read 'binary') - Is a variable name equal to an LP file format keyword?
Warning: Duplicate section found (read 'binary') - Is a variable name equal to an LP file format keyword?
Warning: Duplicate section found (read 'binary') - Is a variable name equal to an LP file format keyword?
Warning: Duplicate section found (read 'binary') - Is a variable name equal to an LP file format keyword?
Warning: Duplicate section found (read 'binary') - Is a variable name equal to an LP file format keyword?
Warning: Duplicate section found (read 'binary') - Is a variable name equal to an LP file format keyword?
Warning: Duplicate section found (read 'binary') - Is a variable name equal to an LP file format keyword?
Warning: Duplicate section found (read 'binary') - Is a variable name equal to an LP file format keyword?
Warning: Duplicate section found (read 'binary') - Is a variable name equal to an LP file format keyword?
Warning: Duplicate section found (read 'binary') - Is a variable name equal to an LP file format keyword?
Warning: Further warnings of this type will be omitted.
Read LP format model from file /root/bgw/data/uploads/2026_03_23_14_05_20_set_exp_2_exp_2_n035_c007_g004_max.lp
Reading time = 0.03 seconds
: 14524 rows, 909 columns, 43329 nonzeros

Using Gurobi shared library /opt/gurobi1301/linux64/lib/libgurobi.so.13.0.1

CPU model: AMD EPYC-Genoa Processor, instruction set [SSE2|AVX|AVX2|AVX512]
Thread count: 16 physical cores, 16 logical processors, using up to 16 threads

Academic license 2792458 - for non-commercial use only - registered to an___@studenti.unipg.it
Optimize a model with 14524 rows, 909 columns and 43329 nonzeros (Max)
Model fingerprint: 0x444d029f
Model has 15 linear objective coefficients
Variable types: 50 continuous, 859 integer (859 binary)
Coefficient statistics:
  Matrix range     [1e+00, 4e+01]
  Objective range  [1e+00, 1e+00]
  Bounds range     [1e+00, 1e+00]
  RHS range        [1e+00, 4e+01]

Found heuristic solution: objective 15.0000000
Presolve removed 1366 rows and 271 columns
Presolve time: 0.05s
Presolved: 13158 rows, 638 columns, 40050 nonzeros
Variable types: 0 continuous, 638 integer (620 binary)
Found heuristic solution: objective 22.0000000

Root relaxation: objective 6.600000e+01, 1140 iterations, 0.12 seconds (0.16 work units)

    Nodes    |    Current Node    |     Objective Bounds      |     Work
 Expl Unexpl |  Obj  Depth IntInf | Incumbent    BestBd   Gap | It/Node Time

     0     0   66.00000    0   80   22.00000   66.00000   200%     -    0s
H    0     0                      28.0000000   66.00000   136%     -    0s
H    0     0                      36.0000000   66.00000  83.3%     -    0s
H    0     0                      39.0000000   66.00000  69.2%     -    0s
H    0     0                      40.0000000   66.00000  65.0%     -    0s
     0     0   66.00000    0   61   40.00000   66.00000  65.0%     -    0s
H    0     0                      41.0000000   66.00000  61.0%     -    0s
     0     0   66.00000    0   60   41.00000   66.00000  61.0%     -    0s
     0     0   66.00000    0  102   41.00000   66.00000  61.0%     -    0s
     0     0   66.00000    0   44   41.00000   66.00000  61.0%     -    0s
     0     0   66.00000    0   44   41.00000   66.00000  61.0%     -    0s
     0     0   66.00000    0   47   41.00000   66.00000  61.0%     -    0s
     0     0   66.00000    0   31   41.00000   66.00000  61.0%     -    0s
     0     0   66.00000    0   58   41.00000   66.00000  61.0%     -    0s
     0     0   66.00000    0   39   41.00000   66.00000  61.0%     -    0s
H    0     0                      42.0000000   66.00000  57.1%     -    0s
     0     0   66.00000    0   73   42.00000   66.00000  57.1%     -    1s
     0     0   66.00000    0   43   42.00000   66.00000  57.1%     -    1s
     0     0   66.00000    0   39   42.00000   66.00000  57.1%     -    1s
     0     0   66.00000    0   43   42.00000   66.00000  57.1%     -    1s
     0     0   66.00000    0   42   42.00000   66.00000  57.1%     -    1s
     0     0   66.00000    0   41   42.00000   66.00000  57.1%     -    1s
     0     0   66.00000    0   41   42.00000   66.00000  57.1%     -    1s
     0     0   66.00000    0   34   42.00000   66.00000  57.1%     -    1s
     0     0   66.00000    0   49   42.00000   66.00000  57.1%     -    1s
     0     0   66.00000    0   43   42.00000   66.00000  57.1%     -    1s
     0     0   66.00000    0   43   42.00000   66.00000  57.1%     -    1s
     0     0   66.00000    0   43   42.00000   66.00000  57.1%     -    1s
     0     2   66.00000    0   43   42.00000   66.00000  57.1%     -    1s
   469   397   60.00000   18   80   42.00000   66.00000  57.1%   259    5s
  1934  1227   62.94697    7   94   42.00000   65.93939  57.0%   233   10s
  3104  1724   60.00000   14   37   42.00000   60.00000  42.9%   249   15s
  3756  1934     cutoff   37        42.00000   60.00000  42.9%   263   20s
  4674  2012   56.88057   19  154   42.00000   59.98449  42.8%   269   25s
  5971  1977   45.90909   31   44   42.00000   58.31818  38.9%   283   30s
  7345  1993   45.94286   24  176   42.00000   56.98449  35.7%   296   35s
  8987  2172 infeasible   26        42.00000   56.85120  35.4%   305   40s
 11468  2751 infeasible   30        42.00000   54.90909  30.7%   309   45s
 13254  3188   46.00000   25   80   42.00000   54.00000  28.6%   315   51s
 15170  3614   50.93274   22   60   42.00000   53.92161  28.4%   319   56s
 16937  3888   48.82432   22  187   42.00000   53.75092  28.0%   320   60s
 19010  4143   44.93939   30   66   42.00000   52.69697  25.5%   320   65s
 20482  4214   45.00000   26   44   42.00000   51.96212  23.7%   320   70s
 21383  4552 infeasible   48        42.00000   51.96212  23.7%   319   75s
 22886  4893   50.82857   28  164   42.00000   51.96212  23.7%   321   80s
 24765  5187   45.93939   41   29   42.00000   51.96212  23.7%   324   85s
 26916  5731   47.00000   36   63   42.00000   51.96212  23.7%   328   90s
 29094  6323   46.96970   42   39   42.00000   51.96212  23.7%   331   95s
 31246  6780   46.00000   35   42   42.00000   51.96212  23.7%   332  100s
 33165  7204   43.96970   40   55   42.00000   51.96212  23.7%   333  105s
 35486  8514   48.89110   36   25   42.00000   51.96212  23.7%   335  111s
 37278  9379   43.96970   39   12   42.00000   51.96212  23.7%   339  116s
 39353 10174   45.00000   38   43   42.00000   51.96212  23.7%   341  121s
 40979 10924   44.00000   42   40   42.00000   51.81250  23.4%   343  125s
 43929 12410   44.94286   41   94   42.00000   51.00000  21.4%   342  130s
 47206 13983   44.93939   45   23   42.00000   50.90625  21.2%   341  136s
 49632 14965   43.96970   37   27   42.00000   50.00000  19.0%   341  141s
 52076 16062   45.00000   41   37   42.00000   50.00000  19.0%   341  146s
 55054 16992     cutoff   44        42.00000   49.81818  18.6%   341  152s
 56500 17277     cutoff   45        42.00000   49.72727  18.4%   341  156s
 59169 18390   43.90909   43   15   42.00000   48.42424  15.3%   342  163s
 60543 19157   46.00000   34   31   42.00000   48.00000  14.3%   343  167s
 61976 19932   44.93939   40   64   42.00000   48.00000  14.3%   345  170s
 64950 21460   45.96970   35   33   42.00000   48.00000  14.3%   348  176s
 67852 22800     cutoff   47        42.00000   48.00000  14.3%   350  183s
 69473 23173   46.00000   38   18   42.00000   48.00000  14.3%   351  186s
 72442 23861     cutoff   40        42.00000   47.93939  14.1%   352  193s
 74314 24076   43.98990   37   35   42.00000   47.91429  14.1%   351  198s
 76603 24603     cutoff   46        42.00000   47.87879  14.0%   348  202s
 78365 25126   43.00000   36   36   42.00000   47.45455  13.0%   349  206s
 79826 25531   44.96970   36   44   42.00000   47.00000  11.9%   350  211s
 80813 25986   43.93939   43   51   42.00000   47.00000  11.9%   351  215s
 83429 26904   43.00000   42   39   42.00000   47.00000  11.9%   354  222s
 84712 27399     cutoff   44        42.00000   47.00000  11.9%   356  226s
 87962 28240     cutoff   42        42.00000   47.00000  11.9%   357  232s
 89264 28826   43.93939   43   15   42.00000   47.00000  11.9%   358  236s
 92439 29540 infeasible   41        42.00000   47.00000  11.9%   358  243s
 93937 29674     cutoff   43        42.00000   46.99832  11.9%   358  248s
 95647 29563 infeasible   38        42.00000   46.95455  11.8%   358  253s
 97180 29506   43.96970   36   70   42.00000   46.93939  11.8%   358  258s
 99166 29293   45.00000   43   33   42.00000   46.93939  11.8%   358  262s
 101351 29299     cutoff   43        42.00000   46.90909  11.7%   355  266s
 104406 29627     cutoff   41        42.00000   46.45455  10.6%   355  273s
 105756 29896   43.96970   38   23   42.00000   46.00000  9.52%   355  276s
 108660 30351     cutoff   44        42.00000   46.00000  9.52%   357  282s
 110255 30824   43.00000   39   33   42.00000   46.00000  9.52%   357  286s
 114108 31618   43.96970   36   29   42.00000   46.00000  9.52%   356  292s
 115887 32143   43.00000   38   23   42.00000   46.00000  9.52%   355  296s
 118048 32505     cutoff   38        42.00000   46.00000  9.52%   353  300s
 122621 33094   43.93939   37   25   42.00000   46.00000  9.52%   350  308s
 124506 33461     cutoff   41        42.00000   46.00000  9.52%   350  311s
 126444 33496   43.00000   41   46   42.00000   46.00000  9.52%   349  315s
 129825 33535   43.93939   40   26   42.00000   45.96970  9.45%   348  322s
 133143 32971   44.00000   38   42   42.00000   45.93939  9.38%   347  327s
 136750 32237     cutoff   46        42.00000   45.90909  9.31%   344  332s
 138208 32109   43.96970   37   28   42.00000   45.71212  8.84%   344  335s
 142228 31907     cutoff   40        42.00000   45.00000  7.14%   340  340s
 145112 31924     cutoff   42        42.00000   45.00000  7.14%   339  347s
 147265 31924     cutoff   43        42.00000   45.00000  7.14%   338  350s
 151510 31767 infeasible   40        42.00000   45.00000  7.14%   336  357s
 153678 31716     cutoff   40        42.00000   45.00000  7.14%   335  361s
 156955 31548   43.93939   39   23   42.00000   45.00000  7.14%   333  367s
 158572 31497 infeasible   38        42.00000   45.00000  7.14%   332  370s
 161412 31133 infeasible   43        42.00000   45.00000  7.14%   332  375s
 164626 30203 infeasible   40        42.00000   44.96970  7.07%   331  380s
 168266 29450     cutoff   43        42.00000   44.96927  7.07%   328  386s
 170007 28727     cutoff   35        42.00000   44.93939  7.00%   330  392s
 170931 28234 infeasible   41        42.00000   44.93939  7.00%   331  396s
 173711 26613     cutoff   43        42.00000   44.93939  7.00%   331  403s
 175688 25938     cutoff   39        42.00000   44.87879  6.85%   330  406s
 180510 24209 infeasible   38        42.00000   44.00000  4.76%   326  412s
 183307 23390 infeasible   42        42.00000   44.00000  4.76%   323  415s
 186974 21767     cutoff   44        42.00000   44.00000  4.76%   321  420s
 191088 18596   43.00000   40   88   42.00000   43.96970  4.69%   319  426s
 194853 16716 infeasible   42        42.00000   43.96970  4.69%   316  431s
 197135 14296     cutoff   42        42.00000   43.93939  4.62%   316  436s
 201184 10826 infeasible   39        42.00000   43.87879  4.47%   313  441s
 206765  6133     cutoff   48        42.00000   43.00000  2.38%   308  448s
 209551  3508     cutoff   44        42.00000   43.00000  2.38%   306  452s
 212534   825 infeasible   41        42.00000   43.00000  2.38%   304  456s

Cutting planes:
  Inf proof: 9

Explored 216801 nodes (65267713 simplex iterations) in 457.92 seconds (1210.46 work units)
Thread count was 16 (of 16 available processors)

Solution count 10: 42 42 42 ... 22

Optimal solution found (tolerance 1.00e-04)
Best objective 4.200000000000e+01, best bound 4.200000000000e+01, gap 0.0000%

Wrote result file '/root/bgw/data/results/2026_03_23_14_05_20_set_exp_2_exp_2_n035_c007_g004_max.sol'

