[2026-03-24T12:25:55.535Z] Pipeline "set_big_5-7_big_5-7_s009_g002" → 2026_03_24_12_25_55_set_big_5-7_big_5-7_s009_g002_max.sol
Set parameter WLSAccessID
Set parameter WLSSecret
Set parameter LicenseID to value 2792458
Set parameter LogFile to value "gurobi.log"
Using license file /root/gurobi.lic
Academic license 2792458 - for non-commercial use only - registered to an___@studenti.unipg.it

Gurobi Optimizer version 13.0.1 build v13.0.1rc0 (linux64 - "Ubuntu 24.04.4 LTS")
Copyright (c) 2026, Gurobi Optimization, LLC

Warning: Duplicate section found (read 'binary') - Is a variable name equal to an LP file format keyword?
Warning: Duplicate section found (read 'binary') - Is a variable name equal to an LP file format keyword?
Warning: Duplicate section found (read 'binary') - Is a variable name equal to an LP file format keyword?
Warning: Duplicate section found (read 'binary') - Is a variable name equal to an LP file format keyword?
Warning: Duplicate section found (read 'binary') - Is a variable name equal to an LP file format keyword?
Warning: Duplicate section found (read 'binary') - Is a variable name equal to an LP file format keyword?
Warning: Duplicate section found (read 'binary') - Is a variable name equal to an LP file format keyword?
Warning: Duplicate section found (read 'binary') - Is a variable name equal to an LP file format keyword?
Warning: Duplicate section found (read 'binary') - Is a variable name equal to an LP file format keyword?
Warning: Duplicate section found (read 'binary') - Is a variable name equal to an LP file format keyword?
Warning: Further warnings of this type will be omitted.
Read LP format model from file /root/bgw/data/uploads/2026_03_24_12_25_55_set_big_5-7_big_5-7_s009_g002_max.lp
Reading time = 0.01 seconds
: 16489 rows, 887 columns, 50179 nonzeros

Using Gurobi shared library /opt/gurobi1301/linux64/lib/libgurobi.so.13.0.1

CPU model: AMD EPYC-Genoa Processor, instruction set [SSE2|AVX|AVX2|AVX512]
Thread count: 16 physical cores, 16 logical processors, using up to 16 threads

Academic license 2792458 - for non-commercial use only - registered to an___@studenti.unipg.it
Optimize a model with 16489 rows, 887 columns and 50179 nonzeros (Max)
Model fingerprint: 0xb2bcfdef
Model has 84 linear objective coefficients
Variable types: 121 continuous, 766 integer (766 binary)
Coefficient statistics:
  Matrix range     [1e+00, 4e+01]
  Objective range  [1e+00, 1e+00]
  Bounds range     [1e+00, 1e+00]
  RHS range        [1e+00, 4e+01]

Found heuristic solution: objective 84.0000000
Presolve removed 881 rows and 182 columns
Presolve time: 0.05s
Presolved: 15608 rows, 705 columns, 47164 nonzeros
Variable types: 0 continuous, 705 integer (695 binary)
Found heuristic solution: objective 114.0000000

Root relaxation: objective 5.340000e+02, 776 iterations, 0.07 seconds (0.09 work units)

    Nodes    |    Current Node    |     Objective Bounds      |     Work
 Expl Unexpl |  Obj  Depth IntInf | Incumbent    BestBd   Gap | It/Node Time

     0     0  534.00000    0   50  114.00000  534.00000   368%     -    0s
H    0     0                     144.0000000  534.00000   271%     -    0s
H    0     0                     159.0000000  534.00000   236%     -    0s
H    0     0                     204.0000000  534.00000   162%     -    0s
H    0     0                     219.0000000  534.00000   144%     -    0s
     0     0  534.00000    0   71  219.00000  534.00000   144%     -    0s
     0     0  534.00000    0   69  219.00000  534.00000   144%     -    0s
     0     0  534.00000    0   51  219.00000  534.00000   144%     -    0s
     0     0  534.00000    0   52  219.00000  534.00000   144%     -    0s
     0     0  534.00000    0   50  219.00000  534.00000   144%     -    0s
H    0     0                     234.0000000  534.00000   128%     -    0s
     0     0  534.00000    0   70  234.00000  534.00000   128%     -    0s
     0     0  534.00000    0   50  234.00000  534.00000   128%     -    0s
     0     0  534.00000    0   55  234.00000  534.00000   128%     -    1s
     0     0  534.00000    0   50  234.00000  534.00000   128%     -    1s
     0     0  534.00000    0   50  234.00000  534.00000   128%     -    1s
     0     0  534.00000    0   65  234.00000  534.00000   128%     -    1s
     0     0  534.00000    0   44  234.00000  534.00000   128%     -    1s
     0     0  534.00000    0   73  234.00000  534.00000   128%     -    1s
     0     0  534.00000    0   50  234.00000  534.00000   128%     -    1s
     0     0  534.00000    0   50  234.00000  534.00000   128%     -    1s
     0     0  534.00000    0   50  234.00000  534.00000   128%     -    1s
     0     2  534.00000    0   50  234.00000  534.00000   128%     -    1s
   573   366  478.34874   11   79  234.00000  532.07143   127%   176    5s
  2144  1201 infeasible   23       234.00000  514.09142   120%   198   10s
  3446  1767 infeasible   20       234.00000  500.57143   114%   208   15s
  4638  1981  457.14286   21   66  234.00000  500.57143   114%   202   20s
  7194  2227  350.35714   30   95  234.00000  466.92857   100%   195   25s
  9967  2821  396.71429   26  105  234.00000  440.89286  88.4%   185   30s
 13282  4228  278.14286   35   85  234.00000  426.46753  82.3%   178   35s
 16907  5495  308.75510   37   84  234.00000  415.28571  77.5%   180   40s
 20708  6654  339.00000   31   50  234.00000  410.93878  75.6%   184   48s
 20742  6682  410.93878   32   60  234.00000  410.93878  75.6%   184   50s
 21804  6961  410.93878   37   71  234.00000  410.93878  75.6%   186   55s
 24537  7545  321.41597   55   34  234.00000  410.93878  75.6%   191   60s
 27427  8095  383.57143   47   72  234.00000  410.93878  75.6%   196   65s
 30893  8818  368.14286   46   42  234.00000  410.93878  75.6%   199   70s
 34494  9517 infeasible   44       234.00000  410.93878  75.6%   203   75s
 37669  9998  410.93878   42   48  234.00000  410.93878  75.6%   206   80s
 40712 10473  335.31393   48   77  234.00000  410.93878  75.6%   209   85s
 44348 12574  383.40000   43   46  234.00000  410.93878  75.6%   213   90s
 47789 14208  263.13025   52   13  234.00000  410.93878  75.6%   215   95s
 51861 16016  264.00000   51   38  234.00000  410.93878  75.6%   214  100s
 56346 18110  352.70588   51   40  234.00000  410.93878  75.6%   214  105s
 60975 20342  338.30357   52   43  234.00000  410.93878  75.6%   216  111s
 64086 21712  322.71429   54   34  234.00000  410.93878  75.6%   217  116s
 67456 22963  406.38655   43   49  234.00000  410.93878  75.6%   218  120s
 72346 25033  308.14286   53   35  234.00000  410.93878  75.6%   218  127s
 75612 26502  261.41597   56   16  234.00000  410.93878  75.6%   219  131s
 78884 28057  293.49790   52   31  234.00000  410.93878  75.6%   221  135s
 83809 30118  382.50000   49  104  234.00000  410.93878  75.6%   223  142s
 86421 31109 infeasible   53       234.00000  410.93878  75.6%   224  146s
 89776 32398  363.97899   43   56  234.00000  410.15546  75.3%   225  151s
 93376 33427  337.28571   43   66  234.00000  409.27311  74.9%   225  156s
 96526 34877  338.57143   50   49  234.00000  406.42857  73.7%   225  160s
 101860 37213  294.00000   56   29  234.00000  398.42857  70.3%   227  166s
 105318 38496 infeasible   56       234.00000  397.91597  70.0%   228  171s
 108350 39922  294.00000   52   37  234.00000  397.39286  69.8%   229  175s
 113522 41776 infeasible   61       234.00000  396.71429  69.5%   229  181s
 116400 42836 infeasible   65       234.00000  395.98739  69.2%   230  186s
 120087 44044 infeasible   62       234.00000  395.35714  69.0%   230  190s
 126028 45775  249.00000   54  129  234.00000  393.58403  68.2%   229  196s
 129666 47155  323.30798   52   71  234.00000  391.25735  67.2%   229  201s
 132986 48725  324.00000   52   29  234.00000  384.00000  64.1%   230  205s
 138025 50755  278.57143   57   44  234.00000  383.14286  63.7%   231  212s
 141076 52045  260.98739   57    4  234.00000  382.92227  63.6%   231  216s
 144659 53392  290.71429   51   83  234.00000  382.69538  63.5%   232  220s
 148026 54554     cutoff   58       234.00000  382.37143  63.4%   232  225s
 153232 56251  323.57143   47   45  234.00000  381.93529  63.2%   233  231s
 156672 57008  278.57143   50   79  234.00000  381.51681  63.0%   233  235s
 158889 57875  278.14286   58   33  234.00000  381.26471  62.9%   233  240s
 164049 59236  277.28571   55   22  234.00000  380.43495  62.6%   233  246s
 167491 60037  351.84710   49   54  234.00000  379.63445  62.2%   233  251s
 171525 60867     cutoff   59       234.00000  378.71429  61.8%   232  255s
 177424 62753  290.50840   55   23  234.00000  373.10924  59.4%   232  261s
 180545 64142  263.55882   57   40  234.00000  369.00000  57.7%   232  265s
 183567 65468  338.57143   48   68  234.00000  368.57143  57.5%   233  270s
 187701 67164  323.13025   51   59  234.00000  368.16807  57.3%   234  276s
 190948 68438  353.43673   46   45  234.00000  368.14286  57.3%   235  281s
 194449 69518  263.86286   54   43  234.00000  367.91282  57.2%   235  285s
 197608 70559     cutoff   50       234.00000  367.71429  57.1%   235  290s
 202435 72097  337.96555   46   55  234.00000  367.37143  57.0%   236  296s
 205691 73143  249.00000   58   19  234.00000  367.28571  57.0%   236  300s
 209238 74223 infeasible   52       234.00000  366.98445  56.8%   236  305s
 213614 75474  294.00000   50   31  234.00000  366.81933  56.8%   236  311s
 216604 76100  293.57143   50   60  234.00000  366.42857  56.6%   236  316s
 220043 76902  294.00000   52   58  234.00000  366.10264  56.5%   236  320s
 225109 77904  278.14286   44   44  234.00000  365.54622  56.2%   236  326s
 229426 78600 infeasible   47       234.00000  364.92857  56.0%   235  331s
 233384 79394  263.38739   50   26  234.00000  363.87605  55.5%   235  335s
 239823 80758 infeasible   53       234.00000  361.09664  54.3%   234  341s
 243256 82022  308.89796   54   32  234.00000  354.64286  51.6%   234  345s
 248158 84030  264.00000   54   23  234.00000  353.78466  51.2%   234  352s
 250906 85118  278.13025   57   41  234.00000  353.57143  51.1%   235  356s
 254004 86273  323.41176   52   30  234.00000  353.56513  51.1%   235  360s
 258631 88053  264.00000   60   34  234.00000  353.14286  50.9%   236  366s
 261972 89137  278.41176   54   65  234.00000  353.14286  50.9%   236  370s
 265529 90307     cutoff   54       234.00000  353.13025  50.9%   236  375s
 270355 91603  323.24055   46   47  234.00000  352.92227  50.8%   236  381s
 273268 92575  337.14286   51   39  234.00000  352.71429  50.7%   237  385s
 275512 93059 infeasible   56       234.00000  352.71429  50.7%   237  390s
 280585 94465 infeasible   56       234.00000  352.56303  50.7%   237  396s
 284100 95320  249.00000   59   18  234.00000  352.40756  50.6%   237  400s
 287864 96167  293.22857   49  112  234.00000  352.28571  50.5%   237  405s
 293035 97590  274.71429   55    5  234.00000  351.94538  50.4%   237  411s
 297009 98056 infeasible   59       234.00000  351.84454  50.4%   236  415s
 299644 98671 infeasible   52       234.00000  351.67563  50.3%   236  420s
 305709 99740 infeasible   49       234.00000  351.23077  50.1%   236  426s
 309607 100240 infeasible   49       234.00000  350.91597  50.0%   235  430s
 315568 101033  263.77941   48   79  234.00000  350.12485  49.6%   235  437s
 319365 101373 infeasible   48       234.00000  349.42857  49.3%   234  441s
 323255 101567  278.41176   58   95  234.00000  348.86345  49.1%   234  445s
 329029 102710  339.00000   49   34  234.00000  345.96744  47.8%   234  451s
 332651 103701  307.71429   50   74  234.00000  343.50000  46.8%   233  456s
 335822 104829  337.76606   53  110  234.00000  339.00000  44.9%   234  460s
 339800 106513  323.70588   50   37  234.00000  339.00000  44.9%   234  466s
 343053 107671  294.00000   53   93  234.00000  338.91176  44.8%   235  470s
 347763 109464  262.07323   51   46  234.00000  338.59874  44.7%   235  476s
 351327 110319  293.05714   55   49  234.00000  338.57143  44.7%   235  481s
 353774 111243  263.57143   48  137  234.00000  338.55882  44.7%   235  485s
 358933 112847  262.26471   54   33  234.00000  338.28571  44.6%   235  491s
 362497 113806  293.32113   56   56  234.00000  338.14286  44.5%   235  495s
 367621 115198     cutoff   60       234.00000  338.14286  44.5%   236  502s
 371333 116057  263.35714   58  104  234.00000  338.11765  44.5%   235  506s
 374486 116908  278.57143   54   36  234.00000  337.92857  44.4%   236  510s
 379625 117976  263.23469   56   69  234.00000  337.71429  44.3%   236  516s
 383042 118797  263.35714   54   20  234.00000  337.71429  44.3%   236  521s
 386749 119606  276.83193   52   29  234.00000  337.65966  44.3%   236  525s
 391985 120717  322.60714   52   29  234.00000  337.33929  44.2%   236  532s
 395574 121291 infeasible   59       234.00000  337.28571  44.1%   236  536s
 399209 121739 infeasible   53       234.00000  337.16912  44.1%   236  540s
 401933 122163  277.28571   56   27  234.00000  337.07503  44.0%   235  545s
 405826 122557  264.00000   58   75  234.00000  336.85714  44.0%   235  550s
 409462 122995 infeasible   56       234.00000  336.71429  43.9%   235  555s
 415617 123462  279.00000   52   36  234.00000  336.41597  43.8%   234  562s
 419137 123738  306.48529   50   42  234.00000  336.11688  43.6%   234  566s
 423073 123869 infeasible   55       234.00000  335.98739  43.6%   234  571s
 426063 124006  277.50000   55   11  234.00000  335.65714  43.4%   234  575s
 430020 124231  291.42857   45   32  234.00000  335.42857  43.3%   233  580s
 436895 124251  263.57143   55   28  234.00000  334.57143  43.0%   232  586s
 440628 124187  307.05882   50  121  234.00000  333.81933  42.7%   232  590s
 445577 124632  293.65714   57   64  234.00000  332.69748  42.2%   231  596s
 449009 125297 infeasible   53       234.00000  330.71429  41.3%   231  600s
 454687 126406  262.28571   57   14  234.00000  326.65406  39.6%   231  607s
 458085 127506  307.93758   52   23  234.00000  324.21429  38.6%   231  611s
 461332 128446 infeasible   59       234.00000  324.00000  38.5%   231  615s
 466040 129880     cutoff   57       234.00000  324.00000  38.5%   232  621s
 468960 130717  293.57143   51   30  234.00000  324.00000  38.5%   232  626s
 472019 131599  278.93506   57   37  234.00000  323.98739  38.5%   232  630s
 476208 132967  278.57143   58   84  234.00000  323.77941  38.4%   232  636s
 479480 134012  278.34139   54   29  234.00000  323.65714  38.3%   233  640s
 484966 135148     cutoff   59       234.00000  323.57143  38.3%   233  646s
 488522 136021  263.49346   58   22  234.00000  323.55882  38.3%   233  650s
 491761 136873  277.28571   55   18  234.00000  323.42857  38.2%   233  655s
 496991 137969 infeasible   53       234.00000  323.28151  38.2%   233  661s
 499933 138674  292.89796   53   45  234.00000  323.14286  38.1%   233  665s
 505320 139581  307.70168   53   65  234.00000  323.14286  38.1%   233  671s
 508691 140112  321.75000   50   58  234.00000  323.14286  38.1%   233  676s
 512407 140659  292.62101   52   30  234.00000  323.13025  38.1%   233  680s
 517074 141520  279.00000   51   51  234.00000  322.97143  38.0%   233  686s
 520234 142070  294.00000   52   42  234.00000  322.85714  38.0%   233  690s
 525885 143018     cutoff   57       234.00000  322.71429  37.9%   233  696s
 529493 143399     cutoff   55       234.00000  322.71429  37.9%   233  700s
 534541 143792  264.00000   54  103  234.00000  322.57796  37.9%   232  706s
 536546 144123     cutoff   51       234.00000  322.50000  37.8%   232  711s
 540098 144467  293.13025   48   43  234.00000  322.30909  37.7%   232  715s
 546065 144829     cutoff   56       234.00000  322.27311  37.7%   232  721s
 549891 144992  263.13025   48   82  234.00000  322.13217  37.7%   232  725s
 555931 145233  290.76681   52   66  234.00000  321.85714  37.5%   231  731s
 560343 145333  262.62857   47   50  234.00000  321.83193  37.5%   231  735s
 564978 145046 infeasible   59       234.00000  321.48151  37.4%   231  741s
 569419 144934     cutoff   49       234.00000  321.40336  37.4%   230  745s
 575129 144651 infeasible   50       234.00000  321.00000  37.2%   230  751s
 577483 144434  262.77731   50   93  234.00000  320.85714  37.1%   230  755s
 584557 143852 infeasible   48       234.00000  320.35714  36.9%   229  760s
 589847 143119  277.70168   47   54  234.00000  319.67647  36.6%   228  765s
 594431 142875     cutoff   59       234.00000  318.81933  36.2%   228  770s
 601431 142972  262.28571   65   16  234.00000  316.90433  35.4%   227  776s
 605264 143307 infeasible   60       234.00000  315.53571  34.8%   227  780s
 610778 144045  278.74286   50   42  234.00000  312.35714  33.5%   227  786s
 613985 144860  309.00000   53   45  234.00000  309.56723  32.3%   227  790s
 619397 146061  278.55882   60   24  234.00000  309.00000  32.1%   227  796s
 622258 146904  263.78571   64   71  234.00000  309.00000  32.1%   227  800s
 626730 147938  308.42437   55   28  234.00000  309.00000  32.1%   228  806s
 629909 148685  293.77941   55   24  234.00000  309.00000  32.1%   228  810s
 634626 149743  278.57143   51   38  234.00000  309.00000  32.1%   228  815s
 637671 150350  279.00000   51   82  234.00000  308.91303  32.0%   228  820s
 642312 151280  249.00000   61   16  234.00000  308.77941  32.0%   228  825s
 645097 151757  278.82353   54   24  234.00000  308.70588  31.9%   228  830s
 650483 152651     cutoff   55       234.00000  308.57143  31.9%   228  835s
 655712 153364  263.57143   51   93  234.00000  308.57143  31.9%   229  841s
 659506 153923     cutoff   55       234.00000  308.55882  31.9%   228  845s
 664346 154795  263.82857   56   59  234.00000  308.40000  31.8%   229  851s
 667813 155089  292.54286   45   24  234.00000  308.33333  31.8%   229  855s
 672595 155533 infeasible   61       234.00000  308.14286  31.7%   229  861s
 676433 155881  278.32653   53   37  234.00000  308.14286  31.7%   228  865s
 681762 156276  249.00000   55  138  234.00000  308.14286  31.7%   228  871s
 685156 156414  262.70168   61   69  234.00000  308.14286  31.7%   228  875s
 690852 156665  292.73333   51   49  234.00000  308.05714  31.6%   228  881s
 694543 157004  259.82953   53   21  234.00000  307.95798  31.6%   228  885s
 699680 157131     cutoff   56       234.00000  307.82143  31.5%   228  891s
 703965 157266     cutoff   62       234.00000  307.71429  31.5%   228  895s
 709783 157347 infeasible   61       234.00000  307.71429  31.5%   228  901s
 713698 157214  263.35714   55   25  234.00000  307.68908  31.5%   227  905s
 718501 157082  264.00000   49   64  234.00000  307.50000  31.4%   227  910s
 721664 157018  292.19748   55   30  234.00000  307.37143  31.4%   227  915s
 725241 156801     cutoff   52       234.00000  307.28571  31.3%   227  922s
 729806 156594  263.78571   54   86  234.00000  307.27580  31.3%   226  925s
 734582 156269  275.14286   53   60  234.00000  307.19622  31.3%   226  930s
 739180 155815     cutoff   60       234.00000  306.97059  31.2%   226  935s
 744671 155120 infeasible   50       234.00000  306.84454  31.1%   225  940s
 751203 154066  278.28571   49   53  234.00000  306.47395  31.0%   225  946s
 756367 153330     cutoff   59       234.00000  306.40336  30.9%   224  951s
 761819 152325  249.00000   57   78  234.00000  306.00000  30.8%   224  955s
 766896 151221  260.57143   57   28  234.00000  305.63709  30.6%   223  960s
 773791 149819     cutoff   61       234.00000  305.09244  30.4%   223  966s
 777934 148710  261.79097   54  100  234.00000  304.60084  30.2%   222  970s
 782694 148162     cutoff   61       234.00000  303.71429  29.8%   222  975s
 788643 147614     cutoff   55       234.00000  302.21669  29.2%   222  981s
 793095 147922  288.41597   54   37  234.00000  301.10924  28.7%   222  986s
 796597 147806  263.13025   60   13  234.00000  299.88655  28.2%   222  990s
 801721 148005  262.54286   50  113  234.00000  297.03297  26.9%   222  996s
 807182 148492  279.00000   57   33  234.00000  294.00000  25.6%   222 1001s
 810915 148822     cutoff   58       234.00000  294.00000  25.6%   222 1005s
 815688 149472  262.55357   53   83  234.00000  294.00000  25.6%   222 1011s
 818427 149871  278.30672   54   42  234.00000  294.00000  25.6%   222 1015s
 823385 150601  263.28571   60   80  234.00000  294.00000  25.6%   222 1020s
 828134 151182     cutoff   58       234.00000  294.00000  25.6%   222 1026s
 831196 151532     cutoff   55       234.00000  294.00000  25.6%   222 1030s
 835602 152084     cutoff   55       234.00000  294.00000  25.6%   223 1035s
 838200 152288  276.69129   49   36  234.00000  293.98739  25.6%   223 1040s
 842707 152756  263.90816   54   44  234.00000  293.82078  25.6%   223 1045s
 847878 153030  263.34694   55   97  234.00000  293.71429  25.5%   223 1051s
 851537 153022  263.71429   55   29  234.00000  293.57143  25.5%   223 1055s
 856802 153195  278.57143   54   51  234.00000  293.57143  25.5%   223 1060s
 861764 153250     cutoff   57       234.00000  293.57143  25.5%   223 1066s
 865555 153127  261.63655   57   78  234.00000  293.55882  25.5%   223 1070s
 868819 153142  278.85714   48   26  234.00000  293.51636  25.4%   223 1075s
 873703 153148     cutoff   52       234.00000  293.39496  25.4%   223 1081s
 876988 153163  293.13025   55   34  234.00000  293.35714  25.4%   223 1085s
 882271 152687  263.67857   57   15  234.00000  293.14286  25.3%   223 1091s
 887919 152271     cutoff   60       234.00000  293.14286  25.3%   222 1096s
 892763 152050  277.17101   52   31  234.00000  293.14286  25.3%   222 1101s
 897359 151544  263.40000   55   62  234.00000  293.14286  25.3%   222 1106s
 901021 151115  291.71429   47  146  234.00000  293.13025  25.3%   222 1110s
 905812 150728  277.42857   54   14  234.00000  293.05714  25.2%   222 1115s
 911058 150371  292.71429   57   14  234.00000  292.92857  25.2%   222 1120s
 915846 149508  263.65399   51   29  234.00000  292.72689  25.1%   221 1126s
 921165 148946  292.28571   53   42  234.00000  292.71429  25.1%   221 1131s
 926345 148084  263.14286   63   17  234.00000  292.71429  25.1%   221 1136s
 932159 147064  278.22919   54   47  234.00000  292.65306  25.1%   220 1140s
 936533 146330     cutoff   55       234.00000  292.49370  25.0%   220 1145s
 942148 145351  263.57143   54   46  234.00000  292.28571  24.9%   220 1150s
 946815 144080     cutoff   53       234.00000  292.28571  24.9%   220 1155s
 953260 142549  263.57143   55   35  234.00000  292.05252  24.8%   219 1161s
 959073 140833 infeasible   51       234.00000  291.85714  24.7%   219 1165s
 964211 139484  276.38305   56   56  234.00000  291.66234  24.6%   218 1170s
 971268 137036 infeasible   55       234.00000  291.28571  24.5%   218 1176s
 976300 135491  275.55882   57   78  234.00000  290.78571  24.3%   217 1180s
 982637 133450  263.35714   55   13  234.00000  290.09244  24.0%   217 1186s
 986511 132431 infeasible   50       234.00000  289.28571  23.6%   217 1190s
 990811 131611  263.20168   52   22  234.00000  288.03782  23.1%   217 1195s
 994980 131149  262.28571   58   29  234.00000  286.45714  22.4%   217 1200s
 999598 130596 infeasible   56       234.00000  285.42857  22.0%   217 1205s
 1004160 130177     cutoff   56       234.00000  283.26471  21.1%   217 1210s
 1008911 129729  263.17311   52   26  234.00000  279.88235  19.6%   216 1215s
 1013940 129252  263.57143   59   24  234.00000  279.00000  19.2%   216 1220s
 1018876 128957 infeasible   50       234.00000  279.00000  19.2%   216 1225s
 1023784 128841     cutoff   65       234.00000  279.00000  19.2%   217 1230s
 1028868 128683  264.00000   50   22  234.00000  279.00000  19.2%   217 1235s
 1033309 128693     cutoff   56       234.00000  279.00000  19.2%   217 1241s
 1036251 128739  263.57143   53   98  234.00000  279.00000  19.2%   217 1245s
 1039672 128681  279.00000   50   54  234.00000  279.00000  19.2%   217 1250s
 1042058 128391     cutoff   56       234.00000  279.00000  19.2%   217 1257s
 1046136 128236 infeasible   53       234.00000  279.00000  19.2%   217 1261s
 1048958 128148  278.57143   52   66  234.00000  279.00000  19.2%   217 1266s
 1052913 127973  263.65714   58   29  234.00000  279.00000  19.2%   217 1270s
 1057856 127500  264.00000   55   35  234.00000  278.86134  19.2%   218 1276s
 1061560 127018 infeasible   55       234.00000  278.78571  19.1%   218 1280s
 1067140 126269  263.31429   56   22  234.00000  278.67857  19.1%   218 1286s
 1070985 125543 infeasible   59       234.00000  278.57143  19.0%   217 1290s
 1075707 124849 infeasible   54       234.00000  278.57143  19.0%   217 1295s
 1080519 123884     cutoff   59       234.00000  278.57143  19.0%   218 1301s
 1084013 123025 infeasible   52       234.00000  278.55882  19.0%   217 1305s
 1088620 122086  278.35714   57   27  234.00000  278.45714  19.0%   218 1311s
 1094437 120903     cutoff   60       234.00000  278.35714  19.0%   217 1316s
 1097140 120204  262.14286   56   14  234.00000  278.29097  18.9%   217 1320s
 1103280 118131     cutoff   59       234.00000  278.14286  18.9%   217 1325s
 1108814 116366  277.28571   54   23  234.00000  278.14286  18.9%   217 1330s
 1114399 114429  262.95536   52   35  234.00000  278.14286  18.9%   217 1335s
 1120183 112808     cutoff   51       234.00000  278.10504  18.8%   216 1340s
 1125908 110885 infeasible   55       234.00000  277.87311  18.7%   216 1346s
 1131592 108320 infeasible   51       234.00000  277.71429  18.7%   216 1350s
 1139462 105078  262.74490   55   62  234.00000  277.68908  18.7%   215 1356s
 1143647 103201 infeasible   63       234.00000  277.45714  18.6%   215 1360s
 1150522 99985  262.75000   53   83  234.00000  277.27311  18.5%   214 1366s
 1155740 96993 infeasible   58       234.00000  276.85714  18.3%   214 1370s
 1162963 93242 infeasible   61       234.00000  276.15546  18.0%   213 1376s
 1167801 90884 infeasible   55       234.00000  275.48319  17.7%   213 1380s
 1173596 88220     cutoff   55       234.00000  273.25055  16.8%   213 1386s
 1177363 86904 infeasible   57       234.00000  271.27941  15.9%   213 1390s
 1181694 85064  249.00000   55   30  234.00000  268.90336  14.9%   213 1395s
 1187792 83078  264.00000   58   23  234.00000  264.00000  12.8%   213 1401s
 1191754 81968 infeasible   55       234.00000  264.00000  12.8%   213 1406s
 1194890 81180     cutoff   52       234.00000  264.00000  12.8%   213 1410s
 1199155 79928     cutoff   53       234.00000  264.00000  12.8%   213 1415s
 1203456 78853 infeasible   55       234.00000  264.00000  12.8%   213 1421s
 1208045 77666 infeasible   59       234.00000  264.00000  12.8%   213 1426s
 1211235 76917     cutoff   56       234.00000  264.00000  12.8%   213 1430s
 1215030 75638  263.89286   54   35  234.00000  264.00000  12.8%   214 1437s
 1218488 74736 infeasible   54       234.00000  264.00000  12.8%   214 1441s
 1221515 73822  263.57143   61   27  234.00000  264.00000  12.8%   214 1445s
 1224878 72105  263.74286   54   14  234.00000  263.98001  12.8%   214 1450s
 1231136 68730 infeasible   57       234.00000  263.71008  12.7%   214 1456s
 1236677 65930     cutoff   58       234.00000  263.57143  12.6%   214 1460s
 1243933 61830 infeasible   58       234.00000  263.57143  12.6%   213 1466s
 1248514 58826 infeasible   52       234.00000  263.42017  12.6%   213 1471s
 1254241 53846  263.14286   56   20  234.00000  263.14286  12.5%   213 1477s
 1259971 48633 infeasible   54       234.00000  263.14286  12.5%   212 1481s
 1266540 44404 infeasible   63       234.00000  263.00000  12.4%   212 1485s
 1275790 35771  260.27251   49   16  234.00000  262.54286  12.2%   211 1490s
 1283891 29475 infeasible   57       234.00000  261.42857  11.7%   210 1495s
 1290555 24395     cutoff   57       234.00000  256.50000  9.62%   210 1500s
 1296464 17800  249.00000   57   16  234.00000  249.00000  6.41%   209 1506s
 1301640 13706 infeasible   52       234.00000  249.00000  6.41%   209 1510s
 1307596  9728     cutoff   57       234.00000  249.00000  6.41%   209 1515s
 1312472  5249 infeasible   55       234.00000  249.00000  6.41%   209 1520s
 1319337   716     cutoff   60       234.00000  249.00000  6.41%   209 1525s

Explored 1322676 nodes (276401317 simplex iterations) in 1527.73 seconds (4460.19 work units)
Thread count was 16 (of 16 available processors)

Solution count 10: 234 234 234 ... 84

Optimal solution found (tolerance 1.00e-04)
Best objective 2.340000000000e+02, best bound 2.340000000000e+02, gap 0.0000%

Wrote result file '/root/bgw/data/results/2026_03_24_12_25_55_set_big_5-7_big_5-7_s009_g002_max.sol'

