[2026-03-24T13:56:37.144Z] Pipeline "set_vm-4-t1_vm-4-t1_s003_g001" → 2026_03_24_13_56_37_set_vm-4-t1_vm-4-t1_s003_g001_max.sol
Set parameter Username
Set parameter LicenseID to value 2797659
Set parameter LogFile to value "gurobi.log"
Using license file /opt/gurobi/gurobi.lic
Academic license - for non-commercial use only - expires 2027-03-24

Gurobi Optimizer version 13.0.1 build v13.0.1rc0 (linux64 - "Ubuntu 24.04.4 LTS")
Copyright (c) 2026, Gurobi Optimization, LLC

Warning: Duplicate section found (read 'binary') - Is a variable name equal to an LP file format keyword?
Warning: Duplicate section found (read 'binary') - Is a variable name equal to an LP file format keyword?
Warning: Duplicate section found (read 'binary') - Is a variable name equal to an LP file format keyword?
Warning: Duplicate section found (read 'binary') - Is a variable name equal to an LP file format keyword?
Warning: Duplicate section found (read 'binary') - Is a variable name equal to an LP file format keyword?
Warning: Duplicate section found (read 'binary') - Is a variable name equal to an LP file format keyword?
Warning: Duplicate section found (read 'binary') - Is a variable name equal to an LP file format keyword?
Warning: Duplicate section found (read 'binary') - Is a variable name equal to an LP file format keyword?
Warning: Duplicate section found (read 'binary') - Is a variable name equal to an LP file format keyword?
Warning: Duplicate section found (read 'binary') - Is a variable name equal to an LP file format keyword?
Warning: Further warnings of this type will be omitted.
Read LP format model from file /root/bgw/data/uploads/2026_03_24_13_56_37_set_vm-4-t1_vm-4-t1_s003_g001_max.lp
Reading time = 0.01 seconds
: 11426 rows, 664 columns, 34854 nonzeros

Using Gurobi shared library /opt/gurobi1301/linux64/lib/libgurobi.so.13.0.1

CPU model: AMD EPYC-Genoa Processor, instruction set [SSE2|AVX|AVX2|AVX512]
Thread count: 16 physical cores, 16 logical processors, using up to 16 threads

Optimize a model with 11426 rows, 664 columns and 34854 nonzeros (Max)
Model fingerprint: 0x44d92688
Model has 21 linear objective coefficients
Variable types: 54 continuous, 610 integer (610 binary)
Coefficient statistics:
  Matrix range     [1e+00, 3e+01]
  Objective range  [1e+00, 1e+00]
  Bounds range     [1e+00, 1e+00]
  RHS range        [1e+00, 4e+01]

Found heuristic solution: objective 21.0000000
Presolve removed 477 rows and 114 columns
Presolve time: 0.04s
Presolved: 10949 rows, 550 columns, 33057 nonzeros
Variable types: 0 continuous, 550 integer (543 binary)

Root relaxation: objective 1.090000e+02, 408 iterations, 0.03 seconds (0.04 work units)

    Nodes    |    Current Node    |     Objective Bounds      |     Work
 Expl Unexpl |  Obj  Depth IntInf | Incumbent    BestBd   Gap | It/Node Time

     0     0  109.00000    0   41   21.00000  109.00000   419%     -    0s
H    0     0                      28.0000000  109.00000   289%     -    0s
H    0     0                      41.0000000  109.00000   166%     -    0s
H    0     0                      42.0000000  109.00000   160%     -    0s
H    0     0                      51.0000000  109.00000   114%     -    0s
H    0     0                      52.0000000  109.00000   110%     -    0s
H    0     0                      55.0000000  109.00000  98.2%     -    0s
H    0     0                      58.0000000  109.00000  87.9%     -    0s
     0     0  109.00000    0   39   58.00000  109.00000  87.9%     -    0s
     0     0  109.00000    0   37   58.00000  109.00000  87.9%     -    0s
     0     0  109.00000    0   24   58.00000  109.00000  87.9%     -    0s
     0     0  109.00000    0   24   58.00000  109.00000  87.9%     -    0s
     0     0  109.00000    0   24   58.00000  109.00000  87.9%     -    0s
     0     0  109.00000    0   26   58.00000  109.00000  87.9%     -    0s
     0     0  109.00000    0   26   58.00000  109.00000  87.9%     -    0s
     0     0  109.00000    0   26   58.00000  109.00000  87.9%     -    0s
     0     0  109.00000    0   26   58.00000  109.00000  87.9%     -    0s
     0     0  109.00000    0   26   58.00000  109.00000  87.9%     -    0s
     0     0  109.00000    0   24   58.00000  109.00000  87.9%     -    0s
     0     0  109.00000    0   26   58.00000  109.00000  87.9%     -    0s
     0     0  109.00000    0   24   58.00000  109.00000  87.9%     -    0s
     0     0  108.77419    0   26   58.00000  108.77419  87.5%     -    0s
     0     0  108.77419    0   25   58.00000  108.77419  87.5%     -    0s
     0     0  108.77419    0   25   58.00000  108.77419  87.5%     -    0s
     0     0  108.77419    0   25   58.00000  108.77419  87.5%     -    0s
     0     2  106.00000    0   25   58.00000  106.00000  82.8%     -    0s
  3638   686     cutoff   17        58.00000   86.77419  49.6%   151    5s
  7811   257 infeasible   16        58.00000   71.67742  23.6%   179   10s

Cutting planes:
  Cover: 73
  MIR: 1
  Inf proof: 91

Explored 8551 nodes (1558116 simplex iterations) in 10.75 seconds (25.43 work units)
Thread count was 16 (of 16 available processors)

Solution count 8: 58 55 52 ... 21

Optimal solution found (tolerance 1.00e-04)
Best objective 5.800000000000e+01, best bound 5.800000000000e+01, gap 0.0000%

Wrote result file '/root/bgw/data/results/2026_03_24_13_56_37_set_vm-4-t1_vm-4-t1_s003_g001_max.sol'

