[2026-03-23T16:03:56.058Z] Pipeline "set_exp_3_exp_3_n027_c004_g002" → 2026_03_23_16_03_55_set_exp_3_exp_3_n027_c004_g002_max.sol
Set parameter WLSAccessID
Set parameter WLSSecret
Set parameter LicenseID to value 2792458
Set parameter LogFile to value "gurobi.log"
Using license file /root/gurobi.lic
Academic license 2792458 - for non-commercial use only - registered to an___@studenti.unipg.it

Gurobi Optimizer version 13.0.1 build v13.0.1rc0 (linux64 - "Ubuntu 24.04.4 LTS")
Copyright (c) 2026, Gurobi Optimization, LLC

Warning: Duplicate section found (read 'binary') - Is a variable name equal to an LP file format keyword?
Warning: Duplicate section found (read 'binary') - Is a variable name equal to an LP file format keyword?
Warning: Duplicate section found (read 'binary') - Is a variable name equal to an LP file format keyword?
Warning: Duplicate section found (read 'binary') - Is a variable name equal to an LP file format keyword?
Warning: Duplicate section found (read 'binary') - Is a variable name equal to an LP file format keyword?
Warning: Duplicate section found (read 'binary') - Is a variable name equal to an LP file format keyword?
Warning: Duplicate section found (read 'binary') - Is a variable name equal to an LP file format keyword?
Warning: Duplicate section found (read 'binary') - Is a variable name equal to an LP file format keyword?
Warning: Duplicate section found (read 'binary') - Is a variable name equal to an LP file format keyword?
Warning: Duplicate section found (read 'binary') - Is a variable name equal to an LP file format keyword?
Warning: Further warnings of this type will be omitted.
Read LP format model from file /root/bgw/data/uploads/2026_03_23_16_03_55_set_exp_3_exp_3_n027_c004_g002_max.lp
Reading time = 0.01 seconds
: 6613 rows, 526 columns, 19770 nonzeros

Using Gurobi shared library /opt/gurobi1301/linux64/lib/libgurobi.so.13.0.1

CPU model: AMD EPYC-Genoa Processor, instruction set [SSE2|AVX|AVX2|AVX512]
Thread count: 16 physical cores, 16 logical processors, using up to 16 threads

Academic license 2792458 - for non-commercial use only - registered to an___@studenti.unipg.it
Optimize a model with 6613 rows, 526 columns and 19770 nonzeros (Max)
Model fingerprint: 0xb4f6473a
Model has 8 linear objective coefficients
Variable types: 35 continuous, 491 integer (491 binary)
Coefficient statistics:
  Matrix range     [1e+00, 3e+01]
  Objective range  [1e+00, 1e+00]
  Bounds range     [1e+00, 1e+00]
  RHS range        [1e+00, 3e+01]

Found heuristic solution: objective 8.0000000
Presolve removed 729 rows and 154 columns
Presolve time: 0.02s
Presolved: 5884 rows, 372 columns, 17844 nonzeros
Variable types: 0 continuous, 372 integer (364 binary)

Root relaxation: objective 3.500000e+01, 257 iterations, 0.02 seconds (0.02 work units)

    Nodes    |    Current Node    |     Objective Bounds      |     Work
 Expl Unexpl |  Obj  Depth IntInf | Incumbent    BestBd   Gap | It/Node Time

     0     0   35.00000    0   32    8.00000   35.00000   338%     -    0s
H    0     0                      19.0000000   35.00000  84.2%     -    0s
H    0     0                      21.0000000   35.00000  66.7%     -    0s
H    0     0                      22.0000000   35.00000  59.1%     -    0s
     0     0   35.00000    0   37   22.00000   35.00000  59.1%     -    0s
     0     0   35.00000    0   37   22.00000   35.00000  59.1%     -    0s
     0     0   35.00000    0   37   22.00000   35.00000  59.1%     -    0s
     0     0   35.00000    0   21   22.00000   35.00000  59.1%     -    0s
     0     0   35.00000    0   30   22.00000   35.00000  59.1%     -    0s
     0     0   35.00000    0   30   22.00000   35.00000  59.1%     -    0s
     0     0   35.00000    0   31   22.00000   35.00000  59.1%     -    0s
     0     0   35.00000    0   20   22.00000   35.00000  59.1%     -    0s
     0     0   35.00000    0   21   22.00000   35.00000  59.1%     -    0s
     0     0   35.00000    0   21   22.00000   35.00000  59.1%     -    0s
     0     0   35.00000    0   21   22.00000   35.00000  59.1%     -    0s
     0     0   35.00000    0   16   22.00000   35.00000  59.1%     -    0s
     0     0   35.00000    0   16   22.00000   35.00000  59.1%     -    0s
     0     0   35.00000    0   27   22.00000   35.00000  59.1%     -    0s
     0     0   35.00000    0   27   22.00000   35.00000  59.1%     -    0s
     0     0   34.00000    0   30   22.00000   34.00000  54.5%     -    0s
     0     0   34.00000    0   20   22.00000   34.00000  54.5%     -    0s
     0     0   34.00000    0   20   22.00000   34.00000  54.5%     -    0s
     0     0   34.00000    0   20   22.00000   34.00000  54.5%     -    0s
     0     2   34.00000    0   20   22.00000   34.00000  54.5%     -    0s

Cutting planes:
  Cover: 29
  Inf proof: 48

Explored 4079 nodes (502058 simplex iterations) in 4.86 seconds (6.91 work units)
Thread count was 16 (of 16 available processors)

Solution count 4: 22 21 19 8 

Optimal solution found (tolerance 1.00e-04)
Best objective 2.200000000000e+01, best bound 2.200000000000e+01, gap 0.0000%

Wrote result file '/root/bgw/data/results/2026_03_23_16_03_55_set_exp_3_exp_3_n027_c004_g002_max.sol'

