[2026-03-24T15:36:17.880Z] Pipeline "set_vm-4-t1_vm-4-t1_s017_g002" → 2026_03_24_15_36_17_set_vm-4-t1_vm-4-t1_s017_g002_max.sol
Set parameter Username
Set parameter LicenseID to value 2797659
Set parameter LogFile to value "gurobi.log"
Using license file /opt/gurobi/gurobi.lic
Academic license - for non-commercial use only - expires 2027-03-24

Gurobi Optimizer version 13.0.1 build v13.0.1rc0 (linux64 - "Ubuntu 24.04.4 LTS")
Copyright (c) 2026, Gurobi Optimization, LLC

Warning: Duplicate section found (read 'binary') - Is a variable name equal to an LP file format keyword?
Warning: Duplicate section found (read 'binary') - Is a variable name equal to an LP file format keyword?
Warning: Duplicate section found (read 'binary') - Is a variable name equal to an LP file format keyword?
Warning: Duplicate section found (read 'binary') - Is a variable name equal to an LP file format keyword?
Warning: Duplicate section found (read 'binary') - Is a variable name equal to an LP file format keyword?
Warning: Duplicate section found (read 'binary') - Is a variable name equal to an LP file format keyword?
Warning: Duplicate section found (read 'binary') - Is a variable name equal to an LP file format keyword?
Warning: Duplicate section found (read 'binary') - Is a variable name equal to an LP file format keyword?
Warning: Duplicate section found (read 'binary') - Is a variable name equal to an LP file format keyword?
Warning: Duplicate section found (read 'binary') - Is a variable name equal to an LP file format keyword?
Warning: Further warnings of this type will be omitted.
Read LP format model from file /root/bgw/data/uploads/2026_03_24_15_36_17_set_vm-4-t1_vm-4-t1_s017_g002_max.lp
Reading time = 0.03 seconds
: 32865 rows, 1217 columns, 100329 nonzeros

Using Gurobi shared library /opt/gurobi1301/linux64/lib/libgurobi.so.13.0.1

CPU model: AMD EPYC-Genoa Processor, instruction set [SSE2|AVX|AVX2|AVX512]
Thread count: 16 physical cores, 16 logical processors, using up to 16 threads

Optimize a model with 32865 rows, 1217 columns and 100329 nonzeros (Max)
Model fingerprint: 0xa919a076
Model has 16 linear objective coefficients
Variable types: 63 continuous, 1154 integer (1154 binary)
Coefficient statistics:
  Matrix range     [1e+00, 5e+01]
  Objective range  [1e+00, 1e+00]
  Bounds range     [1e+00, 1e+00]
  RHS range        [1e+00, 5e+01]

Found heuristic solution: objective 16.0000000
Presolve removed 410 rows and 121 columns
Presolve time: 0.14s
Presolved: 32455 rows, 1096 columns, 97585 nonzeros
Variable types: 0 continuous, 1096 integer (1091 binary)
Found heuristic solution: objective 23.0000000
Root relaxation presolved: 16240 rows, 17311 columns, 65155 nonzeros


Root relaxation: objective 8.600000e+01, 228 iterations, 0.09 seconds (0.10 work units)

    Nodes    |    Current Node    |     Objective Bounds      |     Work
 Expl Unexpl |  Obj  Depth IntInf | Incumbent    BestBd   Gap | It/Node Time

     0     0   86.00000    0   22   23.00000   86.00000   274%     -    0s
H    0     0                      44.0000000   86.00000  95.5%     -    0s
     0     0   86.00000    0   22   44.00000   86.00000  95.5%     -    0s
     0     0   86.00000    0   22   44.00000   86.00000  95.5%     -    0s
     0     0   86.00000    0   24   44.00000   86.00000  95.5%     -    0s
     0     0   86.00000    0   14   44.00000   86.00000  95.5%     -    0s
     0     0   85.84444    0   30   44.00000   85.84444  95.1%     -    0s
     0     0   85.84444    0   14   44.00000   85.84444  95.1%     -    0s
     0     0   79.00000    0   16   44.00000   79.00000  79.5%     -    0s
     0     0   79.00000    0   14   44.00000   79.00000  79.5%     -    0s
     0     0   79.00000    0   13   44.00000   79.00000  79.5%     -    1s
     0     0   79.00000    0   13   44.00000   79.00000  79.5%     -    1s
     0     0   79.00000    0   14   44.00000   79.00000  79.5%     -    1s
     0     0   79.00000    0   12   44.00000   79.00000  79.5%     -    1s
     0     0   79.00000    0   12   44.00000   79.00000  79.5%     -    1s
     0     0   79.00000    0   13   44.00000   79.00000  79.5%     -    1s
     0     0   79.00000    0   22   44.00000   79.00000  79.5%     -    1s
     0     0   79.00000    0   13   44.00000   79.00000  79.5%     -    1s
     0     0   79.00000    0   14   44.00000   79.00000  79.5%     -    1s
     0     0   79.00000    0   13   44.00000   79.00000  79.5%     -    1s
     0     0   79.00000    0   13   44.00000   79.00000  79.5%     -    1s
     0     0   79.00000    0   13   44.00000   79.00000  79.5%     -    1s
     0     0   79.00000    0   13   44.00000   79.00000  79.5%     -    1s
     0     2   79.00000    0   13   44.00000   79.00000  79.5%     -    1s
   619     7   51.00000    9   21   44.00000   57.89630  31.6%   204    5s

Cutting planes:
  Gomory: 1
  Cover: 2
  MIR: 11
  Inf proof: 7
  Zero half: 3

Explored 635 nodes (130175 simplex iterations) in 5.23 seconds (8.57 work units)
Thread count was 16 (of 16 available processors)

Solution count 3: 44 23 16 

Optimal solution found (tolerance 1.00e-04)
Best objective 4.400000000000e+01, best bound 4.400000000000e+01, gap 0.0000%

Wrote result file '/root/bgw/data/results/2026_03_24_15_36_17_set_vm-4-t1_vm-4-t1_s017_g002_max.sol'

