[2026-03-23T13:49:16.102Z] Pipeline "set_exp_2_exp_2_n032_c005_g005" → 2026_03_23_13_49_15_set_exp_2_exp_2_n032_c005_g005_max.sol
Set parameter WLSAccessID
Set parameter WLSSecret
Set parameter LicenseID to value 2792458
Set parameter LogFile to value "gurobi.log"
Using license file /root/gurobi.lic
Academic license 2792458 - for non-commercial use only - registered to an___@studenti.unipg.it

Gurobi Optimizer version 13.0.1 build v13.0.1rc0 (linux64 - "Ubuntu 24.04.4 LTS")
Copyright (c) 2026, Gurobi Optimization, LLC

Warning: Duplicate section found (read 'binary') - Is a variable name equal to an LP file format keyword?
Warning: Duplicate section found (read 'binary') - Is a variable name equal to an LP file format keyword?
Warning: Duplicate section found (read 'binary') - Is a variable name equal to an LP file format keyword?
Warning: Duplicate section found (read 'binary') - Is a variable name equal to an LP file format keyword?
Warning: Duplicate section found (read 'binary') - Is a variable name equal to an LP file format keyword?
Warning: Duplicate section found (read 'binary') - Is a variable name equal to an LP file format keyword?
Warning: Duplicate section found (read 'binary') - Is a variable name equal to an LP file format keyword?
Warning: Duplicate section found (read 'binary') - Is a variable name equal to an LP file format keyword?
Warning: Duplicate section found (read 'binary') - Is a variable name equal to an LP file format keyword?
Warning: Duplicate section found (read 'binary') - Is a variable name equal to an LP file format keyword?
Warning: Further warnings of this type will be omitted.
Read LP format model from file /root/bgw/data/uploads/2026_03_23_13_49_15_set_exp_2_exp_2_n032_c005_g005_max.lp
Reading time = 0.01 seconds
: 11185 rows, 773 columns, 33260 nonzeros

Using Gurobi shared library /opt/gurobi1301/linux64/lib/libgurobi.so.13.0.1

CPU model: AMD EPYC-Genoa Processor, instruction set [SSE2|AVX|AVX2|AVX512]
Thread count: 16 physical cores, 16 logical processors, using up to 16 threads

Academic license 2792458 - for non-commercial use only - registered to an___@studenti.unipg.it
Optimize a model with 11185 rows, 773 columns and 33260 nonzeros (Max)
Model fingerprint: 0xd93d3260
Model has 5 linear objective coefficients
Variable types: 37 continuous, 736 integer (736 binary)
Coefficient statistics:
  Matrix range     [1e+00, 3e+01]
  Objective range  [1e+00, 1e+00]
  Bounds range     [1e+00, 1e+00]
  RHS range        [1e+00, 3e+01]

Found heuristic solution: objective 5.0000000
Presolve removed 1226 rows and 252 columns
Presolve time: 0.04s
Presolved: 9959 rows, 521 columns, 30196 nonzeros
Variable types: 0 continuous, 521 integer (510 binary)
Found heuristic solution: objective 6.0000000

Root relaxation: objective 2.000000e+01, 492 iterations, 0.04 seconds (0.05 work units)

    Nodes    |    Current Node    |     Objective Bounds      |     Work
 Expl Unexpl |  Obj  Depth IntInf | Incumbent    BestBd   Gap | It/Node Time

     0     0   20.00000    0   42    6.00000   20.00000   233%     -    0s
H    0     0                      12.0000000   20.00000  66.7%     -    0s
H    0     0                      14.0000000   20.00000  42.9%     -    0s
     0     0   20.00000    0   43   14.00000   20.00000  42.9%     -    0s
     0     0   20.00000    0   38   14.00000   20.00000  42.9%     -    0s
     0     0   20.00000    0   37   14.00000   20.00000  42.9%     -    0s
     0     0   20.00000    0   39   14.00000   20.00000  42.9%     -    0s
     0     0   20.00000    0   37   14.00000   20.00000  42.9%     -    0s
     0     0   20.00000    0   37   14.00000   20.00000  42.9%     -    0s
     0     0   20.00000    0   38   14.00000   20.00000  42.9%     -    0s
     0     0   20.00000    0   38   14.00000   20.00000  42.9%     -    0s
     0     0   20.00000    0   38   14.00000   20.00000  42.9%     -    0s
     0     0   20.00000    0   38   14.00000   20.00000  42.9%     -    0s
     0     0   20.00000    0   33   14.00000   20.00000  42.9%     -    0s
     0     0   20.00000    0   33   14.00000   20.00000  42.9%     -    0s
     0     0   20.00000    0   35   14.00000   20.00000  42.9%     -    0s
     0     0   20.00000    0   36   14.00000   20.00000  42.9%     -    0s
     0     0   20.00000    0   35   14.00000   20.00000  42.9%     -    0s
     0     0   20.00000    0   37   14.00000   20.00000  42.9%     -    0s
     0     0   20.00000    0   40   14.00000   20.00000  42.9%     -    0s
     0     0   20.00000    0   34   14.00000   20.00000  42.9%     -    0s
     0     0   20.00000    0   34   14.00000   20.00000  42.9%     -    0s
     0     0   20.00000    0   34   14.00000   20.00000  42.9%     -    0s
     0     2   20.00000    0   34   14.00000   20.00000  42.9%     -    0s

Cutting planes:
  Gomory: 1
  Cover: 16
  MIR: 10
  StrongCG: 1
  Inf proof: 34
  Zero half: 8

Explored 2047 nodes (313460 simplex iterations) in 4.10 seconds (7.03 work units)
Thread count was 16 (of 16 available processors)

Solution count 4: 14 12 6 5 

Optimal solution found (tolerance 1.00e-04)
Best objective 1.400000000000e+01, best bound 1.400000000000e+01, gap 0.0000%

Wrote result file '/root/bgw/data/results/2026_03_23_13_49_15_set_exp_2_exp_2_n032_c005_g005_max.sol'

