[2026-03-23T16:00:49.033Z] Pipeline "set_exp_3_exp_3_n022_c005_g002" → 2026_03_23_16_00_48_set_exp_3_exp_3_n022_c005_g002_max.sol
Set parameter WLSAccessID
Set parameter WLSSecret
Set parameter LicenseID to value 2792458
Set parameter LogFile to value "gurobi.log"
Using license file /root/gurobi.lic
Academic license 2792458 - for non-commercial use only - registered to an___@studenti.unipg.it

Gurobi Optimizer version 13.0.1 build v13.0.1rc0 (linux64 - "Ubuntu 24.04.4 LTS")
Copyright (c) 2026, Gurobi Optimization, LLC

Warning: Duplicate section found (read 'binary') - Is a variable name equal to an LP file format keyword?
Warning: Duplicate section found (read 'binary') - Is a variable name equal to an LP file format keyword?
Warning: Duplicate section found (read 'binary') - Is a variable name equal to an LP file format keyword?
Warning: Duplicate section found (read 'binary') - Is a variable name equal to an LP file format keyword?
Warning: Duplicate section found (read 'binary') - Is a variable name equal to an LP file format keyword?
Warning: Duplicate section found (read 'binary') - Is a variable name equal to an LP file format keyword?
Warning: Duplicate section found (read 'binary') - Is a variable name equal to an LP file format keyword?
Warning: Duplicate section found (read 'binary') - Is a variable name equal to an LP file format keyword?
Warning: Duplicate section found (read 'binary') - Is a variable name equal to an LP file format keyword?
Warning: Duplicate section found (read 'binary') - Is a variable name equal to an LP file format keyword?
Warning: Further warnings of this type will be omitted.
Read LP format model from file /root/bgw/data/uploads/2026_03_23_16_00_48_set_exp_3_exp_3_n022_c005_g002_max.lp
Reading time = 0.01 seconds
: 3603 rows, 368 columns, 10736 nonzeros

Using Gurobi shared library /opt/gurobi1301/linux64/lib/libgurobi.so.13.0.1

CPU model: AMD EPYC-Genoa Processor, instruction set [SSE2|AVX|AVX2|AVX512]
Thread count: 16 physical cores, 16 logical processors, using up to 16 threads

Academic license 2792458 - for non-commercial use only - registered to an___@studenti.unipg.it
Optimize a model with 3603 rows, 368 columns and 10736 nonzeros (Max)
Model fingerprint: 0x10e58906
Model has 5 linear objective coefficients
Variable types: 27 continuous, 341 integer (341 binary)
Coefficient statistics:
  Matrix range     [1e+00, 2e+01]
  Objective range  [1e+00, 1e+00]
  Bounds range     [1e+00, 1e+00]
  RHS range        [1e+00, 2e+01]

Found heuristic solution: objective 5.0000000
Presolve removed 484 rows and 112 columns
Presolve time: 0.02s
Presolved: 3119 rows, 256 columns, 9566 nonzeros
Variable types: 0 continuous, 256 integer (245 binary)
Found heuristic solution: objective 9.0000000

Root relaxation: objective 2.000000e+01, 369 iterations, 0.03 seconds (0.02 work units)

    Nodes    |    Current Node    |     Objective Bounds      |     Work
 Expl Unexpl |  Obj  Depth IntInf | Incumbent    BestBd   Gap | It/Node Time

     0     0   20.00000    0   28    9.00000   20.00000   122%     -    0s
H    0     0                      14.0000000   20.00000  42.9%     -    0s
H    0     0                      15.0000000   20.00000  33.3%     -    0s
     0     0   20.00000    0   31   15.00000   20.00000  33.3%     -    0s
     0     0   20.00000    0   31   15.00000   20.00000  33.3%     -    0s
     0     0   20.00000    0   34   15.00000   20.00000  33.3%     -    0s
     0     0   20.00000    0   34   15.00000   20.00000  33.3%     -    0s
     0     0   20.00000    0   38   15.00000   20.00000  33.3%     -    0s
     0     0   20.00000    0   22   15.00000   20.00000  33.3%     -    0s
     0     0   20.00000    0   28   15.00000   20.00000  33.3%     -    0s
     0     0   20.00000    0   23   15.00000   20.00000  33.3%     -    0s
     0     0   20.00000    0   25   15.00000   20.00000  33.3%     -    0s
     0     0   20.00000    0   25   15.00000   20.00000  33.3%     -    0s
     0     0   19.80000    0   29   15.00000   19.80000  32.0%     -    0s
     0     0   19.80000    0   18   15.00000   19.80000  32.0%     -    0s
     0     0   19.45000    0   27   15.00000   19.45000  29.7%     -    0s
     0     0   19.45000    0   27   15.00000   19.45000  29.7%     -    0s
     0     0   19.45000    0   30   15.00000   19.45000  29.7%     -    0s
     0     0   19.45000    0   30   15.00000   19.45000  29.7%     -    0s
     0     0   19.45000    0   30   15.00000   19.45000  29.7%     -    0s
     0     0   19.45000    0   27   15.00000   19.45000  29.7%     -    0s
     0     2   19.00000    0   27   15.00000   19.00000  26.7%     -    0s

Cutting planes:
  Cover: 6
  Inf proof: 33

Explored 1601 nodes (142780 simplex iterations) in 1.79 seconds (2.01 work units)
Thread count was 16 (of 16 available processors)

Solution count 4: 15 14 9 5 

Optimal solution found (tolerance 1.00e-04)
Best objective 1.500000000000e+01, best bound 1.500000000000e+01, gap 0.0000%

Wrote result file '/root/bgw/data/results/2026_03_23_16_00_48_set_exp_3_exp_3_n022_c005_g002_max.sol'

