[2026-03-24T15:36:27.157Z] Pipeline "set_vm-3-t1_vm-3-t1_s027_g001" → 2026_03_24_15_36_27_set_vm-3-t1_vm-3-t1_s027_g001_max.sol
Set parameter Username
Set parameter LicenseID to value 2796068
Set parameter LogFile to value "gurobi.log"
Using license file /opt/gurobi/gurobi.lic
Academic license - for non-commercial use only - expires 2027-03-23

Gurobi Optimizer version 13.0.1 build v13.0.1rc0 (linux64 - "Ubuntu 24.04.4 LTS")
Copyright (c) 2026, Gurobi Optimization, LLC

Warning: Duplicate section found (read 'binary') - Is a variable name equal to an LP file format keyword?
Warning: Duplicate section found (read 'binary') - Is a variable name equal to an LP file format keyword?
Warning: Duplicate section found (read 'binary') - Is a variable name equal to an LP file format keyword?
Warning: Duplicate section found (read 'binary') - Is a variable name equal to an LP file format keyword?
Warning: Duplicate section found (read 'binary') - Is a variable name equal to an LP file format keyword?
Warning: Duplicate section found (read 'binary') - Is a variable name equal to an LP file format keyword?
Warning: Duplicate section found (read 'binary') - Is a variable name equal to an LP file format keyword?
Warning: Duplicate section found (read 'binary') - Is a variable name equal to an LP file format keyword?
Warning: Duplicate section found (read 'binary') - Is a variable name equal to an LP file format keyword?
Warning: Duplicate section found (read 'binary') - Is a variable name equal to an LP file format keyword?
Warning: Further warnings of this type will be omitted.
Read LP format model from file /root/bgw/data/uploads/2026_03_24_15_36_27_set_vm-3-t1_vm-3-t1_s027_g001_max.lp
Reading time = 0.01 seconds
: 16018 rows, 796 columns, 48938 nonzeros

Using Gurobi shared library /opt/gurobi1301/linux64/lib/libgurobi.so.13.0.1

CPU model: AMD EPYC-Genoa Processor, instruction set [SSE2|AVX|AVX2|AVX512]
Thread count: 16 physical cores, 16 logical processors, using up to 16 threads

Optimize a model with 16018 rows, 796 columns and 48938 nonzeros (Max)
Model fingerprint: 0xf342c488
Model has 21 linear objective coefficients
Variable types: 58 continuous, 738 integer (738 binary)
Coefficient statistics:
  Matrix range     [1e+00, 4e+01]
  Objective range  [1e+00, 1e+00]
  Bounds range     [1e+00, 1e+00]
  RHS range        [1e+00, 4e+01]

Found heuristic solution: objective 21.0000000
Presolve removed 441 rows and 108 columns
Presolve time: 0.05s
Presolved: 15577 rows, 688 columns, 46969 nonzeros
Variable types: 0 continuous, 688 integer (681 binary)
Found heuristic solution: objective 24.0000000

Root relaxation: objective 1.090000e+02, 710 iterations, 0.09 seconds (0.08 work units)

    Nodes    |    Current Node    |     Objective Bounds      |     Work
 Expl Unexpl |  Obj  Depth IntInf | Incumbent    BestBd   Gap | It/Node Time

     0     0  109.00000    0   27   24.00000  109.00000   354%     -    0s
H    0     0                      38.0000000  109.00000   187%     -    0s
H    0     0                      48.0000000  109.00000   127%     -    0s
H    0     0                      49.0000000  109.00000   122%     -    0s
H    0     0                      55.0000000  109.00000  98.2%     -    0s
H    0     0                      58.0000000  109.00000  87.9%     -    0s
     0     0  109.00000    0   29   58.00000  109.00000  87.9%     -    0s
     0     0  109.00000    0   28   58.00000  109.00000  87.9%     -    0s
     0     0  109.00000    0   26   58.00000  109.00000  87.9%     -    0s
     0     0  109.00000    0   26   58.00000  109.00000  87.9%     -    0s
     0     0  109.00000    0   17   58.00000  109.00000  87.9%     -    0s
     0     0  106.00000    0   26   58.00000  106.00000  82.8%     -    0s
     0     0  106.00000    0   26   58.00000  106.00000  82.8%     -    0s
     0     0  106.00000    0   18   58.00000  106.00000  82.8%     -    0s
     0     0  106.00000    0   16   58.00000  106.00000  82.8%     -    1s
     0     0  106.00000    0   19   58.00000  106.00000  82.8%     -    1s
     0     0  106.00000    0   26   58.00000  106.00000  82.8%     -    1s
     0     0  106.00000    0   17   58.00000  106.00000  82.8%     -    1s
     0     0  106.00000    0   24   58.00000  106.00000  82.8%     -    1s
     0     0  106.00000    0   15   58.00000  106.00000  82.8%     -    1s
     0     0  106.00000    0   15   58.00000  106.00000  82.8%     -    1s
     0     0  106.00000    0   24   58.00000  106.00000  82.8%     -    1s
     0     0  106.00000    0   24   58.00000  106.00000  82.8%     -    1s
     0     0  106.00000    0   16   58.00000  106.00000  82.8%     -    1s
     0     0  106.00000    0   16   58.00000  106.00000  82.8%     -    1s
     0     0  106.00000    0   16   58.00000  106.00000  82.8%     -    1s
     0     2  106.00000    0   16   58.00000  106.00000  82.8%     -    1s
  1356   243 infeasible   14        58.00000   87.29405  50.5%   168    5s

Cutting planes:
  Gomory: 3
  Cover: 12
  MIR: 9
  Inf proof: 37
  Zero half: 3

Explored 3256 nodes (648920 simplex iterations) in 9.80 seconds (19.26 work units)
Thread count was 16 (of 16 available processors)

Solution count 7: 58 55 49 ... 21

Optimal solution found (tolerance 1.00e-04)
Best objective 5.800000000000e+01, best bound 5.800000000000e+01, gap 0.0000%

Wrote result file '/root/bgw/data/results/2026_03_24_15_36_27_set_vm-3-t1_vm-3-t1_s027_g001_max.sol'

