[2026-03-23T15:58:53.524Z] Pipeline "set_exp_3_exp_3_n017_c004_g005" → 2026_03_23_15_58_53_set_exp_3_exp_3_n017_c004_g005_max.sol
Set parameter WLSAccessID
Set parameter WLSSecret
Set parameter LicenseID to value 2792458
Set parameter LogFile to value "gurobi.log"
Using license file /root/gurobi.lic
Academic license 2792458 - for non-commercial use only - registered to an___@studenti.unipg.it

Gurobi Optimizer version 13.0.1 build v13.0.1rc0 (linux64 - "Ubuntu 24.04.4 LTS")
Copyright (c) 2026, Gurobi Optimization, LLC

Warning: Duplicate section found (read 'binary') - Is a variable name equal to an LP file format keyword?
Warning: Duplicate section found (read 'binary') - Is a variable name equal to an LP file format keyword?
Warning: Duplicate section found (read 'binary') - Is a variable name equal to an LP file format keyword?
Warning: Duplicate section found (read 'binary') - Is a variable name equal to an LP file format keyword?
Warning: Duplicate section found (read 'binary') - Is a variable name equal to an LP file format keyword?
Warning: Duplicate section found (read 'binary') - Is a variable name equal to an LP file format keyword?
Warning: Duplicate section found (read 'binary') - Is a variable name equal to an LP file format keyword?
Warning: Duplicate section found (read 'binary') - Is a variable name equal to an LP file format keyword?
Warning: Duplicate section found (read 'binary') - Is a variable name equal to an LP file format keyword?
Warning: Duplicate section found (read 'binary') - Is a variable name equal to an LP file format keyword?
Warning: Further warnings of this type will be omitted.
Read LP format model from file /root/bgw/data/uploads/2026_03_23_15_58_53_set_exp_3_exp_3_n017_c004_g005_max.lp
Reading time = 0.01 seconds
: 1673 rows, 213 columns, 4969 nonzeros

Using Gurobi shared library /opt/gurobi1301/linux64/lib/libgurobi.so.13.0.1

CPU model: AMD EPYC-Genoa Processor, instruction set [SSE2|AVX|AVX2|AVX512]
Thread count: 16 physical cores, 16 logical processors, using up to 16 threads

Academic license 2792458 - for non-commercial use only - registered to an___@studenti.unipg.it
Optimize a model with 1673 rows, 213 columns and 4969 nonzeros (Max)
Model fingerprint: 0x1fdfeb6a
Model has 4 linear objective coefficients
Variable types: 21 continuous, 192 integer (192 binary)
Coefficient statistics:
  Matrix range     [1e+00, 2e+01]
  Objective range  [1e+00, 1e+00]
  Bounds range     [1e+00, 1e+00]
  RHS range        [1e+00, 2e+01]

Found heuristic solution: objective 4.0000000
Presolve removed 289 rows and 62 columns
Presolve time: 0.01s
Presolved: 1384 rows, 151 columns, 4236 nonzeros
Variable types: 0 continuous, 151 integer (145 binary)
Found heuristic solution: objective 5.0000000

Root relaxation: objective 1.600000e+01, 111 iterations, 0.01 seconds (0.00 work units)

    Nodes    |    Current Node    |     Objective Bounds      |     Work
 Expl Unexpl |  Obj  Depth IntInf | Incumbent    BestBd   Gap | It/Node Time

     0     0   16.00000    0   14    5.00000   16.00000   220%     -    0s
H    0     0                       6.0000000   16.00000   167%     -    0s
H    0     0                       8.0000000   16.00000   100%     -    0s
H    0     0                       9.0000000   16.00000  77.8%     -    0s
     0     0   16.00000    0   18    9.00000   16.00000  77.8%     -    0s
H    0     0                      10.0000000   16.00000  60.0%     -    0s
     0     0   16.00000    0   19   10.00000   16.00000  60.0%     -    0s
     0     0   16.00000    0   14   10.00000   16.00000  60.0%     -    0s
     0     0   16.00000    0   19   10.00000   16.00000  60.0%     -    0s
     0     0   16.00000    0   20   10.00000   16.00000  60.0%     -    0s
     0     0   16.00000    0   18   10.00000   16.00000  60.0%     -    0s
H    0     0                      11.0000000   16.00000  45.5%     -    0s
     0     0   15.93333    0   18   11.00000   15.93333  44.8%     -    0s
     0     0   15.76667    0   17   11.00000   15.76667  43.3%     -    0s
     0     0   15.76667    0   17   11.00000   15.76667  43.3%     -    0s
     0     0   15.00000    0   18   11.00000   15.00000  36.4%     -    0s
     0     0   15.00000    0   17   11.00000   15.00000  36.4%     -    0s
     0     0   15.00000    0   17   11.00000   15.00000  36.4%     -    0s
     0     0   15.00000    0   19   11.00000   15.00000  36.4%     -    0s
     0     0   15.00000    0   18   11.00000   15.00000  36.4%     -    0s
     0     0   15.00000    0   18   11.00000   15.00000  36.4%     -    0s
     0     0   15.00000    0   18   11.00000   15.00000  36.4%     -    0s
     0     0   15.00000    0   18   11.00000   15.00000  36.4%     -    0s
     0     2   15.00000    0   18   11.00000   15.00000  36.4%     -    0s

Cutting planes:
  Gomory: 3
  Cover: 2
  MIR: 9
  StrongCG: 1
  Inf proof: 1
  Zero half: 1

Explored 305 nodes (10255 simplex iterations) in 0.29 seconds (0.19 work units)
Thread count was 16 (of 16 available processors)

Solution count 7: 11 10 9 ... 4

Optimal solution found (tolerance 1.00e-04)
Best objective 1.100000000000e+01, best bound 1.100000000000e+01, gap 0.0000%

Wrote result file '/root/bgw/data/results/2026_03_23_15_58_53_set_exp_3_exp_3_n017_c004_g005_max.sol'

