[2026-03-24T00:39:33.816Z] Pipeline "set_big_5-7_big_5-7_s001_g003" → 2026_03_24_00_39_33_set_big_5-7_big_5-7_s001_g003_max.sol
Set parameter WLSAccessID
Set parameter WLSSecret
Set parameter LicenseID to value 2792458
Set parameter LogFile to value "gurobi.log"
Using license file /root/gurobi.lic
Academic license 2792458 - for non-commercial use only - registered to an___@studenti.unipg.it

Gurobi Optimizer version 13.0.1 build v13.0.1rc0 (linux64 - "Ubuntu 24.04.4 LTS")
Copyright (c) 2026, Gurobi Optimization, LLC

Warning: Duplicate section found (read 'binary') - Is a variable name equal to an LP file format keyword?
Warning: Duplicate section found (read 'binary') - Is a variable name equal to an LP file format keyword?
Warning: Duplicate section found (read 'binary') - Is a variable name equal to an LP file format keyword?
Warning: Duplicate section found (read 'binary') - Is a variable name equal to an LP file format keyword?
Warning: Duplicate section found (read 'binary') - Is a variable name equal to an LP file format keyword?
Warning: Duplicate section found (read 'binary') - Is a variable name equal to an LP file format keyword?
Warning: Duplicate section found (read 'binary') - Is a variable name equal to an LP file format keyword?
Warning: Duplicate section found (read 'binary') - Is a variable name equal to an LP file format keyword?
Warning: Duplicate section found (read 'binary') - Is a variable name equal to an LP file format keyword?
Warning: Duplicate section found (read 'binary') - Is a variable name equal to an LP file format keyword?
Warning: Further warnings of this type will be omitted.
Read LP format model from file /root/bgw/data/uploads/2026_03_24_00_39_33_set_big_5-7_big_5-7_s001_g003_max.lp
Reading time = 0.00 seconds
: 1494 rows, 283 columns, 4395 nonzeros

Using Gurobi shared library /opt/gurobi1301/linux64/lib/libgurobi.so.13.0.1

CPU model: AMD EPYC-Genoa Processor, instruction set [SSE2|AVX|AVX2|AVX512]
Thread count: 16 physical cores, 16 logical processors, using up to 16 threads

Academic license 2792458 - for non-commercial use only - registered to an___@studenti.unipg.it
Optimize a model with 1494 rows, 283 columns and 4395 nonzeros (Max)
Model fingerprint: 0x79f3efb2
Model has 129 linear objective coefficients
Variable types: 142 continuous, 141 integer (141 binary)
Coefficient statistics:
  Matrix range     [1e+00, 1e+01]
  Objective range  [1e+00, 1e+00]
  Bounds range     [1e+00, 1e+00]
  RHS range        [1e+00, 2e+01]

Found heuristic solution: objective 129.0000000
Presolve removed 855 rows and 167 columns
Presolve time: 0.01s
Presolved: 639 rows, 116 columns, 2007 nonzeros
Variable types: 0 continuous, 116 integer (107 binary)
Found heuristic solution: objective 266.0000000

Root relaxation: objective 9.500000e+02, 108 iterations, 0.01 seconds (0.00 work units)

    Nodes    |    Current Node    |     Objective Bounds      |     Work
 Expl Unexpl |  Obj  Depth IntInf | Incumbent    BestBd   Gap | It/Node Time

     0     0  950.00000    0   42  266.00000  950.00000   257%     -    0s
H    0     0                     300.0000000  950.00000   217%     -    0s
H    0     0                     333.0000000  950.00000   185%     -    0s
H    0     0                     335.0000000  950.00000   184%     -    0s
H    0     0                     341.0000000  950.00000   179%     -    0s
     0     0  950.00000    0   43  341.00000  950.00000   179%     -    0s
H    0     0                     348.0000000  950.00000   173%     -    0s
H    0     0                     356.0000000  950.00000   167%     -    0s
     0     0  950.00000    0   41  356.00000  950.00000   167%     -    0s
     0     0  950.00000    0   41  356.00000  950.00000   167%     -    0s
     0     0  950.00000    0   41  356.00000  950.00000   167%     -    0s
     0     0  950.00000    0   40  356.00000  950.00000   167%     -    0s
     0     0  950.00000    0   40  356.00000  950.00000   167%     -    0s
     0     0  950.00000    0   41  356.00000  950.00000   167%     -    0s
     0     0  950.00000    0   41  356.00000  950.00000   167%     -    0s
     0     0  950.00000    0   41  356.00000  950.00000   167%     -    0s
     0     0  950.00000    0   40  356.00000  950.00000   167%     -    0s
     0     0  950.00000    0   40  356.00000  950.00000   167%     -    0s
     0     0  947.00000    0   39  356.00000  947.00000   166%     -    0s
     0     0  947.00000    0   39  356.00000  947.00000   166%     -    0s
     0     0  947.00000    0   39  356.00000  947.00000   166%     -    0s
     0     0  947.00000    0   39  356.00000  947.00000   166%     -    0s
H    0     0                     362.0000000  947.00000   162%     -    0s
     0     2  947.00000    0   39  362.00000  947.00000   162%     -    0s
H   16    19                     364.0000000  919.00000   152%  34.2    0s
H   74   101                     367.0000000  919.00000   150%  38.2    0s

Cutting planes:
  Gomory: 3
  Inf proof: 3

Explored 81505 nodes (1530260 simplex iterations) in 4.52 seconds (5.56 work units)
Thread count was 16 (of 16 available processors)

Solution count 10: 367 364 362 ... 266

Optimal solution found (tolerance 1.00e-04)
Best objective 3.670000000000e+02, best bound 3.670000000000e+02, gap 0.0000%

Wrote result file '/root/bgw/data/results/2026_03_24_00_39_33_set_big_5-7_big_5-7_s001_g003_max.sol'

