[2026-03-24T00:39:32.564Z] Pipeline "set_prova_set_prova_set_s002_g004" → 2026_03_24_00_39_32_set_prova_set_prova_set_s002_g004_max.sol
Set parameter WLSAccessID
Set parameter WLSSecret
Set parameter LicenseID to value 2792458
Set parameter LogFile to value "gurobi.log"
Using license file /root/gurobi.lic
Academic license 2792458 - for non-commercial use only - registered to an___@studenti.unipg.it

Gurobi Optimizer version 13.0.1 build v13.0.1rc0 (linux64 - "Ubuntu 24.04.4 LTS")
Copyright (c) 2026, Gurobi Optimization, LLC

Warning: Duplicate section found (read 'binary') - Is a variable name equal to an LP file format keyword?
Warning: Duplicate section found (read 'binary') - Is a variable name equal to an LP file format keyword?
Warning: Duplicate section found (read 'binary') - Is a variable name equal to an LP file format keyword?
Warning: Duplicate section found (read 'binary') - Is a variable name equal to an LP file format keyword?
Warning: Duplicate section found (read 'binary') - Is a variable name equal to an LP file format keyword?
Warning: Duplicate section found (read 'binary') - Is a variable name equal to an LP file format keyword?
Warning: Duplicate section found (read 'binary') - Is a variable name equal to an LP file format keyword?
Warning: Duplicate section found (read 'binary') - Is a variable name equal to an LP file format keyword?
Warning: Duplicate section found (read 'binary') - Is a variable name equal to an LP file format keyword?
Warning: Duplicate section found (read 'binary') - Is a variable name equal to an LP file format keyword?
Warning: Further warnings of this type will be omitted.
Read LP format model from file /root/bgw/data/uploads/2026_03_24_00_39_32_set_prova_set_prova_set_s002_g004_max.lp
Reading time = 0.00 seconds
: 2609 rows, 278 columns, 7890 nonzeros

Using Gurobi shared library /opt/gurobi1301/linux64/lib/libgurobi.so.13.0.1

CPU model: AMD EPYC-Genoa Processor, instruction set [SSE2|AVX|AVX2|AVX512]
Thread count: 16 physical cores, 16 logical processors, using up to 16 threads

Academic license 2792458 - for non-commercial use only - registered to an___@studenti.unipg.it
Optimize a model with 2609 rows, 278 columns and 7890 nonzeros (Max)
Model fingerprint: 0x554195e8
Model has 13 linear objective coefficients
Variable types: 33 continuous, 245 integer (245 binary)
Coefficient statistics:
  Matrix range     [1e+00, 2e+01]
  Objective range  [1e+00, 1e+00]
  Bounds range     [1e+00, 1e+00]
  RHS range        [1e+00, 2e+01]

Found heuristic solution: objective 13.0000000
Presolve removed 282 rows and 59 columns
Presolve time: 0.01s
Presolved: 2327 rows, 219 columns, 7168 nonzeros
Variable types: 0 continuous, 219 integer (208 binary)
Found heuristic solution: objective 18.0000000

Root relaxation: objective 5.800000e+01, 325 iterations, 0.02 seconds (0.02 work units)

    Nodes    |    Current Node    |     Objective Bounds      |     Work
 Expl Unexpl |  Obj  Depth IntInf | Incumbent    BestBd   Gap | It/Node Time

     0     0   58.00000    0   32   18.00000   58.00000   222%     -    0s
H    0     0                      24.0000000   58.00000   142%     -    0s
H    0     0                      29.0000000   58.00000   100%     -    0s
H    0     0                      31.0000000   58.00000  87.1%     -    0s
     0     0   58.00000    0   37   31.00000   58.00000  87.1%     -    0s
H    0     0                      32.0000000   58.00000  81.2%     -    0s
H    0     0                      33.0000000   58.00000  75.8%     -    0s
     0     0   58.00000    0   38   33.00000   58.00000  75.8%     -    0s
     0     0   58.00000    0   32   33.00000   58.00000  75.8%     -    0s
H    0     0                      34.0000000   58.00000  70.6%     -    0s
     0     0   58.00000    0   30   34.00000   58.00000  70.6%     -    0s
     0     0   58.00000    0   30   34.00000   58.00000  70.6%     -    0s
H    0     0                      35.0000000   58.00000  65.7%     -    0s
     0     0   58.00000    0   38   35.00000   58.00000  65.7%     -    0s
     0     0   58.00000    0   36   35.00000   58.00000  65.7%     -    0s
H    0     0                      36.0000000   57.83333  60.6%     -    0s
     0     0   57.83333    0   31   36.00000   57.83333  60.6%     -    0s
     0     0   57.00000    0   37   36.00000   57.00000  58.3%     -    0s
     0     0   57.00000    0   37   36.00000   57.00000  58.3%     -    0s
     0     0   57.00000    0   37   36.00000   57.00000  58.3%     -    0s
     0     0   57.00000    0   35   36.00000   57.00000  58.3%     -    0s
     0     2   57.00000    0   29   36.00000   57.00000  58.3%     -    0s

Cutting planes:
  Gomory: 6
  Cover: 35
  MIR: 5
  Inf proof: 98
  Zero half: 1

Explored 9971 nodes (501245 simplex iterations) in 2.56 seconds (4.28 work units)
Thread count was 16 (of 16 available processors)

Solution count 10: 36 35 34 ... 13

Optimal solution found (tolerance 1.00e-04)
Best objective 3.600000000000e+01, best bound 3.600000000000e+01, gap 0.0000%

Wrote result file '/root/bgw/data/results/2026_03_24_00_39_32_set_prova_set_prova_set_s002_g004_max.sol'

