[2026-03-23T16:07:15.610Z] Pipeline "set_exp_3_exp_3_n030_c004_g002" → 2026_03_23_16_07_15_set_exp_3_exp_3_n030_c004_g002_max.sol
Set parameter WLSAccessID
Set parameter WLSSecret
Set parameter LicenseID to value 2792458
Set parameter LogFile to value "gurobi.log"
Using license file /root/gurobi.lic
Academic license 2792458 - for non-commercial use only - registered to an___@studenti.unipg.it

Gurobi Optimizer version 13.0.1 build v13.0.1rc0 (linux64 - "Ubuntu 24.04.4 LTS")
Copyright (c) 2026, Gurobi Optimization, LLC

Warning: Duplicate section found (read 'binary') - Is a variable name equal to an LP file format keyword?
Warning: Duplicate section found (read 'binary') - Is a variable name equal to an LP file format keyword?
Warning: Duplicate section found (read 'binary') - Is a variable name equal to an LP file format keyword?
Warning: Duplicate section found (read 'binary') - Is a variable name equal to an LP file format keyword?
Warning: Duplicate section found (read 'binary') - Is a variable name equal to an LP file format keyword?
Warning: Duplicate section found (read 'binary') - Is a variable name equal to an LP file format keyword?
Warning: Duplicate section found (read 'binary') - Is a variable name equal to an LP file format keyword?
Warning: Duplicate section found (read 'binary') - Is a variable name equal to an LP file format keyword?
Warning: Duplicate section found (read 'binary') - Is a variable name equal to an LP file format keyword?
Warning: Duplicate section found (read 'binary') - Is a variable name equal to an LP file format keyword?
Warning: Further warnings of this type will be omitted.
Read LP format model from file /root/bgw/data/uploads/2026_03_23_16_07_15_set_exp_3_exp_3_n030_c004_g002_max.lp
Reading time = 0.02 seconds
: 9114 rows, 659 columns, 27196 nonzeros

Using Gurobi shared library /opt/gurobi1301/linux64/lib/libgurobi.so.13.0.1

CPU model: AMD EPYC-Genoa Processor, instruction set [SSE2|AVX|AVX2|AVX512]
Thread count: 16 physical cores, 16 logical processors, using up to 16 threads

Academic license 2792458 - for non-commercial use only - registered to an___@studenti.unipg.it
Optimize a model with 9114 rows, 659 columns and 27196 nonzeros (Max)
Model fingerprint: 0x086d730b
Model has 4 linear objective coefficients
Variable types: 34 continuous, 625 integer (625 binary)
Coefficient statistics:
  Matrix range     [1e+00, 3e+01]
  Objective range  [1e+00, 1e+00]
  Bounds range     [1e+00, 1e+00]
  RHS range        [1e+00, 3e+01]

Found heuristic solution: objective 4.0000000
Presolve removed 967 rows and 207 columns
Presolve time: 0.04s
Presolved: 8147 rows, 452 columns, 24630 nonzeros
Variable types: 0 continuous, 452 integer (445 binary)

Root relaxation: objective 1.600000e+01, 362 iterations, 0.03 seconds (0.03 work units)

    Nodes    |    Current Node    |     Objective Bounds      |     Work
 Expl Unexpl |  Obj  Depth IntInf | Incumbent    BestBd   Gap | It/Node Time

     0     0   16.00000    0   29    4.00000   16.00000   300%     -    0s
H    0     0                      11.0000000   16.00000  45.5%     -    0s
H    0     0                      12.0000000   16.00000  33.3%     -    0s
     0     0   16.00000    0   34   12.00000   16.00000  33.3%     -    0s
     0     0   16.00000    0   34   12.00000   16.00000  33.3%     -    0s
     0     0   16.00000    0   30   12.00000   16.00000  33.3%     -    0s
     0     0   16.00000    0   22   12.00000   16.00000  33.3%     -    0s
     0     0   16.00000    0   22   12.00000   16.00000  33.3%     -    0s
     0     0   16.00000    0   25   12.00000   16.00000  33.3%     -    0s
     0     0   16.00000    0   11   12.00000   16.00000  33.3%     -    0s
     0     0   16.00000    0   24   12.00000   16.00000  33.3%     -    0s
     0     0   16.00000    0   26   12.00000   16.00000  33.3%     -    0s
     0     0   16.00000    0   11   12.00000   16.00000  33.3%     -    0s
     0     0   16.00000    0   22   12.00000   16.00000  33.3%     -    0s
     0     0   16.00000    0   11   12.00000   16.00000  33.3%     -    0s
     0     0   16.00000    0   21   12.00000   16.00000  33.3%     -    0s
     0     0   16.00000    0   14   12.00000   16.00000  33.3%     -    0s
     0     0   16.00000    0   11   12.00000   16.00000  33.3%     -    0s
     0     0   16.00000    0   21   12.00000   16.00000  33.3%     -    0s
     0     0   16.00000    0   11   12.00000   16.00000  33.3%     -    0s
     0     0   15.90476    0   24   12.00000   15.90476  32.5%     -    0s
     0     0   15.90476    0   24   12.00000   15.90476  32.5%     -    0s
     0     0   15.78571    0   24   12.00000   15.78571  31.5%     -    0s
     0     0   15.78571    0   11   12.00000   15.78571  31.5%     -    0s
     0     2   15.00000    0   11   12.00000   15.00000  25.0%     -    1s

Cutting planes:
  Cover: 7
  MIR: 1
  Inf proof: 7

Explored 330 nodes (42281 simplex iterations) in 1.57 seconds (1.87 work units)
Thread count was 16 (of 16 available processors)

Solution count 3: 12 11 4 

Optimal solution found (tolerance 1.00e-04)
Best objective 1.200000000000e+01, best bound 1.200000000000e+01, gap 0.0000%

Wrote result file '/root/bgw/data/results/2026_03_23_16_07_15_set_exp_3_exp_3_n030_c004_g002_max.sol'

