[2026-03-23T13:59:26.435Z] Pipeline "set_exp_2_exp_2_n035_c003_g003" → 2026_03_23_13_59_26_set_exp_2_exp_2_n035_c003_g003_max.sol
Set parameter WLSAccessID
Set parameter WLSSecret
Set parameter LicenseID to value 2792458
Set parameter LogFile to value "gurobi.log"
Using license file /root/gurobi.lic
Academic license 2792458 - for non-commercial use only - registered to an___@studenti.unipg.it

Gurobi Optimizer version 13.0.1 build v13.0.1rc0 (linux64 - "Ubuntu 24.04.4 LTS")
Copyright (c) 2026, Gurobi Optimization, LLC

Warning: Duplicate section found (read 'binary') - Is a variable name equal to an LP file format keyword?
Warning: Duplicate section found (read 'binary') - Is a variable name equal to an LP file format keyword?
Warning: Duplicate section found (read 'binary') - Is a variable name equal to an LP file format keyword?
Warning: Duplicate section found (read 'binary') - Is a variable name equal to an LP file format keyword?
Warning: Duplicate section found (read 'binary') - Is a variable name equal to an LP file format keyword?
Warning: Duplicate section found (read 'binary') - Is a variable name equal to an LP file format keyword?
Warning: Duplicate section found (read 'binary') - Is a variable name equal to an LP file format keyword?
Warning: Duplicate section found (read 'binary') - Is a variable name equal to an LP file format keyword?
Warning: Duplicate section found (read 'binary') - Is a variable name equal to an LP file format keyword?
Warning: Duplicate section found (read 'binary') - Is a variable name equal to an LP file format keyword?
Warning: Further warnings of this type will be omitted.
Read LP format model from file /root/bgw/data/uploads/2026_03_23_13_59_26_set_exp_2_exp_2_n035_c003_g003_max.lp
Reading time = 0.01 seconds
: 14820 rows, 953 columns, 43913 nonzeros

Using Gurobi shared library /opt/gurobi1301/linux64/lib/libgurobi.so.13.0.1

CPU model: AMD EPYC-Genoa Processor, instruction set [SSE2|AVX|AVX2|AVX512]
Thread count: 16 physical cores, 16 logical processors, using up to 16 threads

Academic license 2792458 - for non-commercial use only - registered to an___@studenti.unipg.it
Optimize a model with 14820 rows, 953 columns and 43913 nonzeros (Max)
Model fingerprint: 0x39cb89c0
Model has 11 linear objective coefficients
Variable types: 46 continuous, 907 integer (907 binary)
Coefficient statistics:
  Matrix range     [1e+00, 4e+01]
  Objective range  [1e+00, 1e+00]
  Bounds range     [1e+00, 1e+00]
  RHS range        [1e+00, 4e+01]

Found heuristic solution: objective 11.0000000
Presolve removed 1689 rows and 332 columns
Presolve time: 0.05s
Presolved: 13131 rows, 621 columns, 39745 nonzeros
Variable types: 0 continuous, 621 integer (610 binary)

Root relaxation: objective 5.000000e+01, 895 iterations, 0.08 seconds (0.11 work units)

    Nodes    |    Current Node    |     Objective Bounds      |     Work
 Expl Unexpl |  Obj  Depth IntInf | Incumbent    BestBd   Gap | It/Node Time

     0     0   50.00000    0   15   11.00000   50.00000   355%     -    0s
H    0     0                      31.0000000   50.00000  61.3%     -    0s
     0     0   50.00000    0   27   31.00000   50.00000  61.3%     -    0s
     0     0   50.00000    0   42   31.00000   50.00000  61.3%     -    0s
     0     0   50.00000    0   15   31.00000   50.00000  61.3%     -    0s
     0     0   50.00000    0   17   31.00000   50.00000  61.3%     -    0s
     0     0   50.00000    0   17   31.00000   50.00000  61.3%     -    0s
     0     0   50.00000    0   14   31.00000   50.00000  61.3%     -    0s
     0     0   50.00000    0   14   31.00000   50.00000  61.3%     -    0s
     0     0   50.00000    0   17   31.00000   50.00000  61.3%     -    0s
     0     0   50.00000    0   17   31.00000   50.00000  61.3%     -    0s
     0     0   50.00000    0   25   31.00000   50.00000  61.3%     -    0s
     0     0   50.00000    0   15   31.00000   50.00000  61.3%     -    0s
     0     0   50.00000    0   15   31.00000   50.00000  61.3%     -    0s
     0     0   50.00000    0   15   31.00000   50.00000  61.3%     -    0s
     0     2   50.00000    0   15   31.00000   50.00000  61.3%     -    0s
  2813   392   34.00000   12   26   31.00000   39.88235  28.7%   150    5s

Cutting planes:
  Cover: 20
  MIR: 11
  Inf proof: 64
  Zero half: 5

Explored 4719 nodes (647630 simplex iterations) in 6.66 seconds (14.50 work units)
Thread count was 16 (of 16 available processors)

Solution count 2: 31 11 

Optimal solution found (tolerance 1.00e-04)
Best objective 3.100000000000e+01, best bound 3.100000000000e+01, gap 0.0000%

Wrote result file '/root/bgw/data/results/2026_03_23_13_59_26_set_exp_2_exp_2_n035_c003_g003_max.sol'

