[2026-03-24T13:37:22.158Z] Pipeline "set_vm-3-t1_vm-3-t1_s009_g003" → 2026_03_24_13_37_22_set_vm-3-t1_vm-3-t1_s009_g003_max.sol
Set parameter Username
Set parameter LicenseID to value 2796068
Set parameter LogFile to value "gurobi.log"
Using license file /opt/gurobi/gurobi.lic
Academic license - for non-commercial use only - expires 2027-03-23

Gurobi Optimizer version 13.0.1 build v13.0.1rc0 (linux64 - "Ubuntu 24.04.4 LTS")
Copyright (c) 2026, Gurobi Optimization, LLC

Warning: Duplicate section found (read 'binary') - Is a variable name equal to an LP file format keyword?
Warning: Duplicate section found (read 'binary') - Is a variable name equal to an LP file format keyword?
Warning: Duplicate section found (read 'binary') - Is a variable name equal to an LP file format keyword?
Warning: Duplicate section found (read 'binary') - Is a variable name equal to an LP file format keyword?
Warning: Duplicate section found (read 'binary') - Is a variable name equal to an LP file format keyword?
Warning: Duplicate section found (read 'binary') - Is a variable name equal to an LP file format keyword?
Warning: Duplicate section found (read 'binary') - Is a variable name equal to an LP file format keyword?
Warning: Duplicate section found (read 'binary') - Is a variable name equal to an LP file format keyword?
Warning: Duplicate section found (read 'binary') - Is a variable name equal to an LP file format keyword?
Warning: Duplicate section found (read 'binary') - Is a variable name equal to an LP file format keyword?
Warning: Further warnings of this type will be omitted.
Read LP format model from file /root/bgw/data/uploads/2026_03_24_13_37_22_set_vm-3-t1_vm-3-t1_s009_g003_max.lp
Reading time = 0.00 seconds
: 2240 rows, 249 columns, 6769 nonzeros

Using Gurobi shared library /opt/gurobi1301/linux64/lib/libgurobi.so.13.0.1

CPU model: AMD EPYC-Genoa Processor, instruction set [SSE2|AVX|AVX2|AVX512]
Thread count: 16 physical cores, 16 logical processors, using up to 16 threads

Optimize a model with 2240 rows, 249 columns and 6769 nonzeros (Max)
Model fingerprint: 0xee887ed7
Model has 11 linear objective coefficients
Variable types: 30 continuous, 219 integer (219 binary)
Coefficient statistics:
  Matrix range     [1e+00, 2e+01]
  Objective range  [1e+00, 1e+00]
  Bounds range     [1e+00, 1e+00]
  RHS range        [1e+00, 2e+01]

Found heuristic solution: objective 11.0000000
Presolve removed 269 rows and 58 columns
Presolve time: 0.01s
Presolved: 1971 rows, 191 columns, 6025 nonzeros
Variable types: 0 continuous, 191 integer (184 binary)
Found heuristic solution: objective 18.0000000

Root relaxation: objective 5.000000e+01, 139 iterations, 0.00 seconds (0.01 work units)

    Nodes    |    Current Node    |     Objective Bounds      |     Work
 Expl Unexpl |  Obj  Depth IntInf | Incumbent    BestBd   Gap | It/Node Time

     0     0   50.00000    0   27   18.00000   50.00000   178%     -    0s
H    0     0                      20.0000000   50.00000   150%     -    0s
H    0     0                      24.0000000   50.00000   108%     -    0s
H    0     0                      26.0000000   50.00000  92.3%     -    0s
H    0     0                      30.0000000   50.00000  66.7%     -    0s
     0     0   50.00000    0   30   30.00000   50.00000  66.7%     -    0s
     0     0   50.00000    0   31   30.00000   50.00000  66.7%     -    0s
     0     0   50.00000    0   27   30.00000   50.00000  66.7%     -    0s
     0     0   50.00000    0   27   30.00000   50.00000  66.7%     -    0s
     0     0   50.00000    0   25   30.00000   50.00000  66.7%     -    0s
     0     0   49.82353    0   25   30.00000   49.82353  66.1%     -    0s
     0     0   49.82353    0   16   30.00000   49.82353  66.1%     -    0s
     0     0   48.00000    0   23   30.00000   48.00000  60.0%     -    0s
     0     0   48.00000    0   23   30.00000   48.00000  60.0%     -    0s
     0     0   47.00000    0   25   30.00000   47.00000  56.7%     -    0s
     0     0   47.00000    0   24   30.00000   47.00000  56.7%     -    0s
     0     0   47.00000    0   26   30.00000   47.00000  56.7%     -    0s
     0     0   47.00000    0   16   30.00000   47.00000  56.7%     -    0s
     0     0   46.82353    0   16   30.00000   46.82353  56.1%     -    0s
     0     0   46.82353    0   16   30.00000   46.82353  56.1%     -    0s
     0     2   46.82353    0   16   30.00000   46.82353  56.1%     -    0s

Cutting planes:
  Gomory: 2
  Cover: 13
  Inf proof: 38
  Zero half: 1
  Mod-K: 2

Explored 3381 nodes (160016 simplex iterations) in 0.79 seconds (1.33 work units)
Thread count was 16 (of 16 available processors)

Solution count 6: 30 26 24 ... 11

Optimal solution found (tolerance 1.00e-04)
Best objective 3.000000000000e+01, best bound 3.000000000000e+01, gap 0.0000%

Wrote result file '/root/bgw/data/results/2026_03_24_13_37_22_set_vm-3-t1_vm-3-t1_s009_g003_max.sol'

