[2026-03-23T16:08:17.039Z] Pipeline "set_exp_3_exp_3_n030_c005_g005" → 2026_03_23_16_08_16_set_exp_3_exp_3_n030_c005_g005_max.sol
Set parameter WLSAccessID
Set parameter WLSSecret
Set parameter LicenseID to value 2792458
Set parameter LogFile to value "gurobi.log"
Using license file /root/gurobi.lic
Academic license 2792458 - for non-commercial use only - registered to an___@studenti.unipg.it

Gurobi Optimizer version 13.0.1 build v13.0.1rc0 (linux64 - "Ubuntu 24.04.4 LTS")
Copyright (c) 2026, Gurobi Optimization, LLC

Warning: Duplicate section found (read 'binary') - Is a variable name equal to an LP file format keyword?
Warning: Duplicate section found (read 'binary') - Is a variable name equal to an LP file format keyword?
Warning: Duplicate section found (read 'binary') - Is a variable name equal to an LP file format keyword?
Warning: Duplicate section found (read 'binary') - Is a variable name equal to an LP file format keyword?
Warning: Duplicate section found (read 'binary') - Is a variable name equal to an LP file format keyword?
Warning: Duplicate section found (read 'binary') - Is a variable name equal to an LP file format keyword?
Warning: Duplicate section found (read 'binary') - Is a variable name equal to an LP file format keyword?
Warning: Duplicate section found (read 'binary') - Is a variable name equal to an LP file format keyword?
Warning: Duplicate section found (read 'binary') - Is a variable name equal to an LP file format keyword?
Warning: Duplicate section found (read 'binary') - Is a variable name equal to an LP file format keyword?
Warning: Further warnings of this type will be omitted.
Read LP format model from file /root/bgw/data/uploads/2026_03_23_16_08_16_set_exp_3_exp_3_n030_c005_g005_max.lp
Reading time = 0.02 seconds
: 9319 rows, 693 columns, 27608 nonzeros

Using Gurobi shared library /opt/gurobi1301/linux64/lib/libgurobi.so.13.0.1

CPU model: AMD EPYC-Genoa Processor, instruction set [SSE2|AVX|AVX2|AVX512]
Thread count: 16 physical cores, 16 logical processors, using up to 16 threads

Academic license 2792458 - for non-commercial use only - registered to an___@studenti.unipg.it
Optimize a model with 9319 rows, 693 columns and 27608 nonzeros (Max)
Model fingerprint: 0x1378d155
Model has 5 linear objective coefficients
Variable types: 35 continuous, 658 integer (658 binary)
Coefficient statistics:
  Matrix range     [1e+00, 3e+01]
  Objective range  [1e+00, 1e+00]
  Bounds range     [1e+00, 1e+00]
  RHS range        [1e+00, 3e+01]

Found heuristic solution: objective 5.0000000
Presolve removed 1156 rows and 230 columns
Presolve time: 0.04s
Presolved: 8163 rows, 463 columns, 24840 nonzeros
Variable types: 0 continuous, 463 integer (450 binary)
Found heuristic solution: objective 6.0000000

Root relaxation: objective 2.000000e+01, 358 iterations, 0.03 seconds (0.03 work units)

    Nodes    |    Current Node    |     Objective Bounds      |     Work
 Expl Unexpl |  Obj  Depth IntInf | Incumbent    BestBd   Gap | It/Node Time

     0     0   20.00000    0   31    6.00000   20.00000   233%     -    0s
H    0     0                      14.0000000   20.00000  42.9%     -    0s
H    0     0                      15.0000000   20.00000  33.3%     -    0s
     0     0   20.00000    0   44   15.00000   20.00000  33.3%     -    0s
     0     0   20.00000    0   38   15.00000   20.00000  33.3%     -    0s
     0     0   20.00000    0   32   15.00000   20.00000  33.3%     -    0s
     0     0   20.00000    0   31   15.00000   20.00000  33.3%     -    0s
     0     0   20.00000    0   31   15.00000   20.00000  33.3%     -    0s
     0     0   20.00000    0   31   15.00000   20.00000  33.3%     -    0s
     0     0   20.00000    0   32   15.00000   20.00000  33.3%     -    0s
     0     0   20.00000    0   37   15.00000   20.00000  33.3%     -    0s
     0     0   20.00000    0   32   15.00000   20.00000  33.3%     -    0s
     0     0   20.00000    0   32   15.00000   20.00000  33.3%     -    0s
     0     0   20.00000    0   30   15.00000   20.00000  33.3%     -    0s
     0     0   20.00000    0   30   15.00000   20.00000  33.3%     -    0s
     0     0   20.00000    0   31   15.00000   20.00000  33.3%     -    0s
     0     0   20.00000    0   31   15.00000   20.00000  33.3%     -    0s
     0     0   20.00000    0   31   15.00000   20.00000  33.3%     -    0s
     0     0   20.00000    0   31   15.00000   20.00000  33.3%     -    0s
     0     2   20.00000    0   31   15.00000   20.00000  33.3%     -    0s

Cutting planes:
  Cover: 7
  MIR: 10
  Inf proof: 19
  Zero half: 1

Explored 1391 nodes (267011 simplex iterations) in 3.79 seconds (6.03 work units)
Thread count was 16 (of 16 available processors)

Solution count 4: 15 14 6 5 

Optimal solution found (tolerance 1.00e-04)
Best objective 1.500000000000e+01, best bound 1.500000000000e+01, gap 0.0000%

Wrote result file '/root/bgw/data/results/2026_03_23_16_08_16_set_exp_3_exp_3_n030_c005_g005_max.sol'

