[2026-03-24T14:36:45.181Z] Pipeline "set_big_5-7_big_5-7_s011_g001" → 2026_03_24_14_36_45_set_big_5-7_big_5-7_s011_g001_max.sol
Set parameter WLSAccessID
Set parameter WLSSecret
Set parameter LicenseID to value 2792458
Set parameter LogFile to value "gurobi.log"
Using license file /root/gurobi.lic
Academic license 2792458 - for non-commercial use only - registered to an___@studenti.unipg.it

Gurobi Optimizer version 13.0.1 build v13.0.1rc0 (linux64 - "Ubuntu 24.04.4 LTS")
Copyright (c) 2026, Gurobi Optimization, LLC

Warning: Duplicate section found (read 'binary') - Is a variable name equal to an LP file format keyword?
Warning: Duplicate section found (read 'binary') - Is a variable name equal to an LP file format keyword?
Warning: Duplicate section found (read 'binary') - Is a variable name equal to an LP file format keyword?
Warning: Duplicate section found (read 'binary') - Is a variable name equal to an LP file format keyword?
Warning: Duplicate section found (read 'binary') - Is a variable name equal to an LP file format keyword?
Warning: Duplicate section found (read 'binary') - Is a variable name equal to an LP file format keyword?
Warning: Duplicate section found (read 'binary') - Is a variable name equal to an LP file format keyword?
Warning: Duplicate section found (read 'binary') - Is a variable name equal to an LP file format keyword?
Warning: Duplicate section found (read 'binary') - Is a variable name equal to an LP file format keyword?
Warning: Duplicate section found (read 'binary') - Is a variable name equal to an LP file format keyword?
Warning: Further warnings of this type will be omitted.
Read LP format model from file /root/bgw/data/uploads/2026_03_24_14_36_45_set_big_5-7_big_5-7_s011_g001_max.lp
Reading time = 0.00 seconds
: 4085 rows, 389 columns, 12382 nonzeros

Using Gurobi shared library /opt/gurobi1301/linux64/lib/libgurobi.so.13.0.1

CPU model: AMD EPYC-Genoa Processor, instruction set [SSE2|AVX|AVX2|AVX512]
Thread count: 16 physical cores, 16 logical processors, using up to 16 threads

Academic license 2792458 - for non-commercial use only - registered to an___@studenti.unipg.it
Optimize a model with 4085 rows, 389 columns and 12382 nonzeros (Max)
Model fingerprint: 0x379ee5f4
Model has 44 linear objective coefficients
Variable types: 67 continuous, 322 integer (322 binary)
Coefficient statistics:
  Matrix range     [1e+00, 2e+01]
  Objective range  [1e+00, 1e+00]
  Bounds range     [1e+00, 1e+00]
  RHS range        [1e+00, 3e+01]

Found heuristic solution: objective 44.0000000
Presolve removed 494 rows and 107 columns
Presolve time: 0.01s
Presolved: 3591 rows, 282 columns, 10953 nonzeros
Variable types: 0 continuous, 282 integer (273 binary)
Found heuristic solution: objective 61.0000000

Root relaxation: objective 2.750000e+02, 278 iterations, 0.01 seconds (0.02 work units)

    Nodes    |    Current Node    |     Objective Bounds      |     Work
 Expl Unexpl |  Obj  Depth IntInf | Incumbent    BestBd   Gap | It/Node Time

     0     0  275.00000    0   41   61.00000  275.00000   351%     -    0s
H    0     0                      75.0000000  275.00000   267%     -    0s
H    0     0                      77.0000000  275.00000   257%     -    0s
H    0     0                      92.0000000  275.00000   199%     -    0s
H    0     0                     104.0000000  275.00000   164%     -    0s
H    0     0                     119.0000000  275.00000   131%     -    0s
H    0     0                     120.0000000  275.00000   129%     -    0s
     0     0  275.00000    0   44  120.00000  275.00000   129%     -    0s
H    0     0                     121.0000000  275.00000   127%     -    0s
H    0     0                     122.0000000  275.00000   125%     -    0s
     0     0  275.00000    0   42  122.00000  275.00000   125%     -    0s
     0     0  275.00000    0   42  122.00000  275.00000   125%     -    0s
     0     0  275.00000    0   42  122.00000  275.00000   125%     -    0s
     0     0  275.00000    0   42  122.00000  275.00000   125%     -    0s
     0     0  275.00000    0   37  122.00000  275.00000   125%     -    0s
     0     0  275.00000    0   40  122.00000  275.00000   125%     -    0s
     0     0  275.00000    0   42  122.00000  275.00000   125%     -    0s
     0     0  275.00000    0   40  122.00000  275.00000   125%     -    0s
     0     0  275.00000    0   41  122.00000  275.00000   125%     -    0s
     0     0  275.00000    0   41  122.00000  275.00000   125%     -    0s
     0     0  274.28571    0   40  122.00000  274.28571   125%     -    0s
     0     0  274.28571    0   40  122.00000  274.28571   125%     -    0s
     0     0  274.28571    0   40  122.00000  274.28571   125%     -    0s
     0     0  274.28571    0   40  122.00000  274.28571   125%     -    0s
     0     2  274.00000    0   40  122.00000  274.00000   125%     -    0s
H 4634  1498                     123.0000000  245.44875   100%   122    3s
  6133  1311 infeasible   29       123.00000  212.12013  72.5%   117    5s

Cutting planes:
  Inf proof: 6

Explored 15734 nodes (1809367 simplex iterations) in 8.29 seconds (17.81 work units)
Thread count was 16 (of 16 available processors)

Solution count 10: 123 122 122 ... 92

Optimal solution found (tolerance 1.00e-04)
Best objective 1.230000000000e+02, best bound 1.230000000000e+02, gap 0.0000%

Wrote result file '/root/bgw/data/results/2026_03_24_14_36_45_set_big_5-7_big_5-7_s011_g001_max.sol'

