[2026-03-23T16:05:35.868Z] Pipeline "set_exp_3_exp_3_n029_c002_g003" → 2026_03_23_16_05_35_set_exp_3_exp_3_n029_c002_g003_max.sol
Set parameter WLSAccessID
Set parameter WLSSecret
Set parameter LicenseID to value 2792458
Set parameter LogFile to value "gurobi.log"
Using license file /root/gurobi.lic
Academic license 2792458 - for non-commercial use only - registered to an___@studenti.unipg.it

Gurobi Optimizer version 13.0.1 build v13.0.1rc0 (linux64 - "Ubuntu 24.04.4 LTS")
Copyright (c) 2026, Gurobi Optimization, LLC

Warning: Duplicate section found (read 'binary') - Is a variable name equal to an LP file format keyword?
Warning: Duplicate section found (read 'binary') - Is a variable name equal to an LP file format keyword?
Warning: Duplicate section found (read 'binary') - Is a variable name equal to an LP file format keyword?
Warning: Duplicate section found (read 'binary') - Is a variable name equal to an LP file format keyword?
Warning: Duplicate section found (read 'binary') - Is a variable name equal to an LP file format keyword?
Warning: Duplicate section found (read 'binary') - Is a variable name equal to an LP file format keyword?
Warning: Duplicate section found (read 'binary') - Is a variable name equal to an LP file format keyword?
Warning: Duplicate section found (read 'binary') - Is a variable name equal to an LP file format keyword?
Warning: Duplicate section found (read 'binary') - Is a variable name equal to an LP file format keyword?
Warning: Duplicate section found (read 'binary') - Is a variable name equal to an LP file format keyword?
Warning: Further warnings of this type will be omitted.
Read LP format model from file /root/bgw/data/uploads/2026_03_23_16_05_35_set_exp_3_exp_3_n029_c002_g003_max.lp
Reading time = 0.01 seconds
: 8531 rows, 651 columns, 25157 nonzeros

Using Gurobi shared library /opt/gurobi1301/linux64/lib/libgurobi.so.13.0.1

CPU model: AMD EPYC-Genoa Processor, instruction set [SSE2|AVX|AVX2|AVX512]
Thread count: 16 physical cores, 16 logical processors, using up to 16 threads

Academic license 2792458 - for non-commercial use only - registered to an___@studenti.unipg.it
Optimize a model with 8531 rows, 651 columns and 25157 nonzeros (Max)
Model fingerprint: 0x7ffae704
Model has 2 linear objective coefficients
Variable types: 31 continuous, 620 integer (620 binary)
Coefficient statistics:
  Matrix range     [1e+00, 3e+01]
  Objective range  [1e+00, 1e+00]
  Bounds range     [1e+00, 1e+00]
  RHS range        [1e+00, 3e+01]

Found heuristic solution: objective 2.0000000
Presolve removed 1209 rows and 236 columns
Presolve time: 0.04s
Presolved: 7322 rows, 415 columns, 22070 nonzeros
Variable types: 0 continuous, 415 integer (411 binary)
Found heuristic solution: objective 3.0000000

Root relaxation: objective 8.000000e+00, 53 iterations, 0.01 seconds (0.01 work units)

    Nodes    |    Current Node    |     Objective Bounds      |     Work
 Expl Unexpl |  Obj  Depth IntInf | Incumbent    BestBd   Gap | It/Node Time

     0     0    8.00000    0    7    3.00000    8.00000   167%     -    0s
H    0     0                       5.0000000    8.00000  60.0%     -    0s
H    0     0                       6.0000000    8.00000  33.3%     -    0s
     0     0    8.00000    0    9    6.00000    8.00000  33.3%     -    0s
     0     0    8.00000    0   10    6.00000    8.00000  33.3%     -    0s
     0     0    8.00000    0    5    6.00000    8.00000  33.3%     -    0s
     0     0    8.00000    0    7    6.00000    8.00000  33.3%     -    0s
     0     0    8.00000    0    9    6.00000    8.00000  33.3%     -    0s
     0     0    8.00000    0    8    6.00000    8.00000  33.3%     -    0s
     0     0    8.00000    0   10    6.00000    8.00000  33.3%     -    0s
     0     0    8.00000    0    5    6.00000    8.00000  33.3%     -    0s
     0     0    8.00000    0    8    6.00000    8.00000  33.3%     -    0s
     0     0    8.00000    0    8    6.00000    8.00000  33.3%     -    0s
     0     2    8.00000    0    8    6.00000    8.00000  33.3%     -    0s

Cutting planes:
  Cover: 1
  MIR: 4
  Inf proof: 1
  Zero half: 2

Explored 20 nodes (2149 simplex iterations) in 0.33 seconds (0.35 work units)
Thread count was 16 (of 16 available processors)

Solution count 4: 6 5 3 2 

Optimal solution found (tolerance 1.00e-04)
Best objective 6.000000000000e+00, best bound 6.000000000000e+00, gap 0.0000%

Wrote result file '/root/bgw/data/results/2026_03_23_16_05_35_set_exp_3_exp_3_n029_c002_g003_max.sol'

