[2026-03-24T00:33:33.930Z] Pipeline "set_set_set_s004_g001" → 2026_03_24_00_33_33_set_set_set_s004_g001_max.sol
Set parameter WLSAccessID
Set parameter WLSSecret
Set parameter LicenseID to value 2792458
Set parameter LogFile to value "gurobi.log"
Using license file /root/gurobi.lic
Academic license 2792458 - for non-commercial use only - registered to an___@studenti.unipg.it

Gurobi Optimizer version 13.0.1 build v13.0.1rc0 (linux64 - "Ubuntu 24.04.4 LTS")
Copyright (c) 2026, Gurobi Optimization, LLC

Warning: Duplicate section found (read 'binary') - Is a variable name equal to an LP file format keyword?
Warning: Duplicate section found (read 'binary') - Is a variable name equal to an LP file format keyword?
Warning: Duplicate section found (read 'binary') - Is a variable name equal to an LP file format keyword?
Warning: Duplicate section found (read 'binary') - Is a variable name equal to an LP file format keyword?
Warning: Duplicate section found (read 'binary') - Is a variable name equal to an LP file format keyword?
Warning: Duplicate section found (read 'binary') - Is a variable name equal to an LP file format keyword?
Warning: Duplicate section found (read 'binary') - Is a variable name equal to an LP file format keyword?
Warning: Duplicate section found (read 'binary') - Is a variable name equal to an LP file format keyword?
Warning: Duplicate section found (read 'binary') - Is a variable name equal to an LP file format keyword?
Warning: Duplicate section found (read 'binary') - Is a variable name equal to an LP file format keyword?
Warning: Further warnings of this type will be omitted.
Read LP format model from file /root/bgw/data/uploads/2026_03_24_00_33_33_set_set_set_s004_g001_max.lp
Reading time = 0.00 seconds
: 299 rows, 71 columns, 844 nonzeros

Using Gurobi shared library /opt/gurobi1301/linux64/lib/libgurobi.so.13.0.1

CPU model: AMD EPYC-Genoa Processor, instruction set [SSE2|AVX|AVX2|AVX512]
Thread count: 16 physical cores, 16 logical processors, using up to 16 threads

Academic license 2792458 - for non-commercial use only - registered to an___@studenti.unipg.it
Optimize a model with 299 rows, 71 columns and 844 nonzeros (Max)
Model fingerprint: 0x89f5dbe5
Model has 6 linear objective coefficients
Variable types: 15 continuous, 56 integer (56 binary)
Coefficient statistics:
  Matrix range     [1e+00, 1e+01]
  Objective range  [1e+00, 1e+00]
  Bounds range     [1e+00, 1e+00]
  RHS range        [1e+00, 1e+01]

Found heuristic solution: objective 6.0000000
Presolve removed 110 rows and 22 columns
Presolve time: 0.00s
Presolved: 189 rows, 49 columns, 597 nonzeros
Variable types: 0 continuous, 49 integer (44 binary)
Found heuristic solution: objective 9.0000000

Root relaxation: objective 2.700000e+01, 29 iterations, 0.00 seconds (0.00 work units)

    Nodes    |    Current Node    |     Objective Bounds      |     Work
 Expl Unexpl |  Obj  Depth IntInf | Incumbent    BestBd   Gap | It/Node Time

     0     0   27.00000    0   14    9.00000   27.00000   200%     -    0s
H    0     0                      13.0000000   27.00000   108%     -    0s
H    0     0                      15.0000000   27.00000  80.0%     -    0s
H    0     0                      16.0000000   27.00000  68.8%     -    0s
H    0     0                      17.0000000   27.00000  58.8%     -    0s
     0     0   27.00000    0   13   17.00000   27.00000  58.8%     -    0s
     0     0   27.00000    0   14   17.00000   27.00000  58.8%     -    0s
     0     0   27.00000    0   14   17.00000   27.00000  58.8%     -    0s
     0     0   26.57143    0   15   17.00000   26.57143  56.3%     -    0s
     0     0   26.00000    0   15   17.00000   26.00000  52.9%     -    0s
     0     0   26.00000    0   14   17.00000   26.00000  52.9%     -    0s
     0     0   25.00000    0   14   17.00000   25.00000  47.1%     -    0s
     0     0   25.00000    0   14   17.00000   25.00000  47.1%     -    0s
     0     0   24.57143    0   14   17.00000   24.57143  44.5%     -    0s
     0     0   24.57143    0   12   17.00000   24.57143  44.5%     -    0s
     0     0   24.00000    0    8   17.00000   24.00000  41.2%     -    0s
     0     0   24.00000    0   13   17.00000   24.00000  41.2%     -    0s
     0     0   24.00000    0   13   17.00000   24.00000  41.2%     -    0s
     0     0   23.42857    0   15   17.00000   23.42857  37.8%     -    0s
     0     0   23.42857    0   14   17.00000   23.42857  37.8%     -    0s
     0     0   23.00000    0   14   17.00000   23.00000  35.3%     -    0s
     0     0   23.00000    0   14   17.00000   23.00000  35.3%     -    0s
     0     2   23.00000    0   14   17.00000   23.00000  35.3%     -    0s

Cutting planes:
  Cover: 3
  MIR: 1
  Inf proof: 1
  Zero half: 1

Explored 270 nodes (2205 simplex iterations) in 0.08 seconds (0.03 work units)
Thread count was 16 (of 16 available processors)

Solution count 6: 17 16 15 ... 6

Optimal solution found (tolerance 1.00e-04)
Best objective 1.700000000000e+01, best bound 1.700000000000e+01, gap 0.0000%

Wrote result file '/root/bgw/data/results/2026_03_24_00_33_33_set_set_set_s004_g001_max.sol'

