[2026-03-23T15:58:35.780Z] Pipeline "set_exp_3_exp_3_n016_c004_g005" → 2026_03_23_15_58_35_set_exp_3_exp_3_n016_c004_g005_max.sol
Set parameter WLSAccessID
Set parameter WLSSecret
Set parameter LicenseID to value 2792458
Set parameter LogFile to value "gurobi.log"
Using license file /root/gurobi.lic
Academic license 2792458 - for non-commercial use only - registered to an___@studenti.unipg.it

Gurobi Optimizer version 13.0.1 build v13.0.1rc0 (linux64 - "Ubuntu 24.04.4 LTS")
Copyright (c) 2026, Gurobi Optimization, LLC

Warning: Duplicate section found (read 'binary') - Is a variable name equal to an LP file format keyword?
Warning: Duplicate section found (read 'binary') - Is a variable name equal to an LP file format keyword?
Warning: Duplicate section found (read 'binary') - Is a variable name equal to an LP file format keyword?
Warning: Duplicate section found (read 'binary') - Is a variable name equal to an LP file format keyword?
Warning: Duplicate section found (read 'binary') - Is a variable name equal to an LP file format keyword?
Warning: Duplicate section found (read 'binary') - Is a variable name equal to an LP file format keyword?
Warning: Duplicate section found (read 'binary') - Is a variable name equal to an LP file format keyword?
Warning: Duplicate section found (read 'binary') - Is a variable name equal to an LP file format keyword?
Warning: Duplicate section found (read 'binary') - Is a variable name equal to an LP file format keyword?
Warning: Duplicate section found (read 'binary') - Is a variable name equal to an LP file format keyword?
Warning: Further warnings of this type will be omitted.
Read LP format model from file /root/bgw/data/uploads/2026_03_23_15_58_35_set_exp_3_exp_3_n016_c004_g005_max.lp
Reading time = 0.00 seconds
: 1388 rows, 193 columns, 4128 nonzeros

Using Gurobi shared library /opt/gurobi1301/linux64/lib/libgurobi.so.13.0.1

CPU model: AMD EPYC-Genoa Processor, instruction set [SSE2|AVX|AVX2|AVX512]
Thread count: 16 physical cores, 16 logical processors, using up to 16 threads

Academic license 2792458 - for non-commercial use only - registered to an___@studenti.unipg.it
Optimize a model with 1388 rows, 193 columns and 4128 nonzeros (Max)
Model fingerprint: 0x61d32db4
Model has 4 linear objective coefficients
Variable types: 20 continuous, 173 integer (173 binary)
Coefficient statistics:
  Matrix range     [1e+00, 2e+01]
  Objective range  [1e+00, 1e+00]
  Bounds range     [1e+00, 1e+00]
  RHS range        [1e+00, 2e+01]

Found heuristic solution: objective 4.0000000
Presolve removed 238 rows and 54 columns
Presolve time: 0.01s
Presolved: 1150 rows, 139 columns, 3554 nonzeros
Variable types: 0 continuous, 139 integer (131 binary)
Found heuristic solution: objective 6.0000000

Root relaxation: objective 1.600000e+01, 133 iterations, 0.01 seconds (0.00 work units)

    Nodes    |    Current Node    |     Objective Bounds      |     Work
 Expl Unexpl |  Obj  Depth IntInf | Incumbent    BestBd   Gap | It/Node Time

     0     0   16.00000    0   35    6.00000   16.00000   167%     -    0s
H    0     0                       9.0000000   16.00000  77.8%     -    0s
H    0     0                      11.0000000   16.00000  45.5%     -    0s
     0     0   16.00000    0   34   11.00000   16.00000  45.5%     -    0s
     0     0   16.00000    0   25   11.00000   16.00000  45.5%     -    0s
     0     0   16.00000    0   25   11.00000   16.00000  45.5%     -    0s
     0     0   16.00000    0   31   11.00000   16.00000  45.5%     -    0s
     0     0   16.00000    0   30   11.00000   16.00000  45.5%     -    0s
     0     0   16.00000    0   30   11.00000   16.00000  45.5%     -    0s
     0     0   16.00000    0   30   11.00000   16.00000  45.5%     -    0s
     0     0   16.00000    0   33   11.00000   16.00000  45.5%     -    0s
     0     0   16.00000    0   24   11.00000   16.00000  45.5%     -    0s
     0     0   16.00000    0   32   11.00000   16.00000  45.5%     -    0s
     0     0   16.00000    0   29   11.00000   16.00000  45.5%     -    0s
     0     0   15.98214    0   33   11.00000   15.98214  45.3%     -    0s
     0     0   15.98214    0   21   11.00000   15.98214  45.3%     -    0s
     0     0   15.94286    0   29   11.00000   15.94286  44.9%     -    0s
     0     0   15.94286    0   22   11.00000   15.94286  44.9%     -    0s
     0     0   15.78571    0   22   11.00000   15.78571  43.5%     -    0s
     0     0   15.78571    0   22   11.00000   15.78571  43.5%     -    0s
     0     2   15.00000    0   22   11.00000   15.00000  36.4%     -    0s

Cutting planes:
  Cover: 2
  Inf proof: 7
  Zero half: 2

Explored 1379 nodes (53430 simplex iterations) in 0.64 seconds (0.54 work units)
Thread count was 16 (of 16 available processors)

Solution count 4: 11 9 6 4 

Optimal solution found (tolerance 1.00e-04)
Best objective 1.100000000000e+01, best bound 1.100000000000e+01, gap 0.0000%

Wrote result file '/root/bgw/data/results/2026_03_23_15_58_35_set_exp_3_exp_3_n016_c004_g005_max.sol'

