[2026-03-24T13:56:58.475Z] Pipeline "set_vm-4-t1_vm-4-t1_s004_g003" → 2026_03_24_13_56_58_set_vm-4-t1_vm-4-t1_s004_g003_max.sol
Set parameter Username
Set parameter LicenseID to value 2797659
Set parameter LogFile to value "gurobi.log"
Using license file /opt/gurobi/gurobi.lic
Academic license - for non-commercial use only - expires 2027-03-24

Gurobi Optimizer version 13.0.1 build v13.0.1rc0 (linux64 - "Ubuntu 24.04.4 LTS")
Copyright (c) 2026, Gurobi Optimization, LLC

Warning: Duplicate section found (read 'binary') - Is a variable name equal to an LP file format keyword?
Warning: Duplicate section found (read 'binary') - Is a variable name equal to an LP file format keyword?
Warning: Duplicate section found (read 'binary') - Is a variable name equal to an LP file format keyword?
Warning: Duplicate section found (read 'binary') - Is a variable name equal to an LP file format keyword?
Warning: Duplicate section found (read 'binary') - Is a variable name equal to an LP file format keyword?
Warning: Duplicate section found (read 'binary') - Is a variable name equal to an LP file format keyword?
Warning: Duplicate section found (read 'binary') - Is a variable name equal to an LP file format keyword?
Warning: Duplicate section found (read 'binary') - Is a variable name equal to an LP file format keyword?
Warning: Duplicate section found (read 'binary') - Is a variable name equal to an LP file format keyword?
Warning: Duplicate section found (read 'binary') - Is a variable name equal to an LP file format keyword?
Warning: Further warnings of this type will be omitted.
Read LP format model from file /root/bgw/data/uploads/2026_03_24_13_56_58_set_vm-4-t1_vm-4-t1_s004_g003_max.lp
Reading time = 0.01 seconds
: 12436 rows, 691 columns, 37997 nonzeros

Using Gurobi shared library /opt/gurobi1301/linux64/lib/libgurobi.so.13.0.1

CPU model: AMD EPYC-Genoa Processor, instruction set [SSE2|AVX|AVX2|AVX512]
Thread count: 16 physical cores, 16 logical processors, using up to 16 threads

Optimize a model with 12436 rows, 691 columns and 37997 nonzeros (Max)
Model fingerprint: 0x039cbad8
Model has 22 linear objective coefficients
Variable types: 56 continuous, 635 integer (635 binary)
Coefficient statistics:
  Matrix range     [1e+00, 4e+01]
  Objective range  [1e+00, 1e+00]
  Bounds range     [1e+00, 1e+00]
  RHS range        [1e+00, 4e+01]

Found heuristic solution: objective 22.0000000
Presolve removed 422 rows and 102 columns
Presolve time: 0.04s
Presolved: 12014 rows, 589 columns, 36352 nonzeros
Variable types: 0 continuous, 589 integer (579 binary)
Found heuristic solution: objective 29.0000000

Root relaxation: objective 1.130000e+02, 683 iterations, 0.05 seconds (0.07 work units)

    Nodes    |    Current Node    |     Objective Bounds      |     Work
 Expl Unexpl |  Obj  Depth IntInf | Incumbent    BestBd   Gap | It/Node Time

     0     0  113.00000    0   34   29.00000  113.00000   290%     -    0s
H    0     0                      47.0000000  113.00000   140%     -    0s
H    0     0                      58.0000000  113.00000  94.8%     -    0s
H    0     0                      60.0000000  113.00000  88.3%     -    0s
H    0     0                      61.0000000  113.00000  85.2%     -    0s
     0     0  113.00000    0   37   61.00000  113.00000  85.2%     -    0s
     0     0  113.00000    0   37   61.00000  113.00000  85.2%     -    0s
     0     0  113.00000    0   35   61.00000  113.00000  85.2%     -    0s
     0     0  113.00000    0   28   61.00000  113.00000  85.2%     -    0s
     0     0  113.00000    0   27   61.00000  113.00000  85.2%     -    0s
     0     0  113.00000    0   26   61.00000  113.00000  85.2%     -    0s
     0     0  113.00000    0   29   61.00000  113.00000  85.2%     -    0s
     0     0  113.00000    0   29   61.00000  113.00000  85.2%     -    0s
     0     0  113.00000    0   31   61.00000  113.00000  85.2%     -    0s
     0     0  113.00000    0   28   61.00000  113.00000  85.2%     -    0s
     0     0  113.00000    0   27   61.00000  113.00000  85.2%     -    0s
     0     0  113.00000    0   27   61.00000  113.00000  85.2%     -    0s
     0     0  113.00000    0   26   61.00000  113.00000  85.2%     -    0s
     0     0  113.00000    0   26   61.00000  113.00000  85.2%     -    0s
     0     0  113.00000    0   26   61.00000  113.00000  85.2%     -    0s
     0     0  113.00000    0   26   61.00000  113.00000  85.2%     -    0s
     0     2  113.00000    0   26   61.00000  113.00000  85.2%     -    0s
  3587  1335     cutoff   19        61.00000  103.00000  68.9%   138    5s
  5178  1484 infeasible   24        61.00000   91.12500  49.4%   147   10s
  8081   649   67.00000   25   38   61.00000   70.97059  16.3%   154   15s

Cutting planes:
  Cover: 2
  Inf proof: 16

Explored 9928 nodes (1525823 simplex iterations) in 17.40 seconds (41.04 work units)
Thread count was 16 (of 16 available processors)

Solution count 9: 61 61 61 ... 22

Optimal solution found (tolerance 1.00e-04)
Best objective 6.100000000000e+01, best bound 6.100000000000e+01, gap 0.0000%

Wrote result file '/root/bgw/data/results/2026_03_24_13_56_58_set_vm-4-t1_vm-4-t1_s004_g003_max.sol'

