[2026-03-23T16:32:05.058Z] Pipeline "set_ds_1_ds_1_s007_g001" → 2026_03_23_16_32_04_set_ds_1_ds_1_s007_g001_max.sol
Set parameter WLSAccessID
Set parameter WLSSecret
Set parameter LicenseID to value 2792458
Set parameter LogFile to value "gurobi.log"
Using license file /root/gurobi.lic
Academic license 2792458 - for non-commercial use only - registered to an___@studenti.unipg.it

Gurobi Optimizer version 13.0.1 build v13.0.1rc0 (linux64 - "Ubuntu 24.04.4 LTS")
Copyright (c) 2026, Gurobi Optimization, LLC

Warning: Duplicate section found (read 'binary') - Is a variable name equal to an LP file format keyword?
Warning: Duplicate section found (read 'binary') - Is a variable name equal to an LP file format keyword?
Warning: Duplicate section found (read 'binary') - Is a variable name equal to an LP file format keyword?
Warning: Duplicate section found (read 'binary') - Is a variable name equal to an LP file format keyword?
Warning: Duplicate section found (read 'binary') - Is a variable name equal to an LP file format keyword?
Warning: Duplicate section found (read 'binary') - Is a variable name equal to an LP file format keyword?
Warning: Duplicate section found (read 'binary') - Is a variable name equal to an LP file format keyword?
Warning: Duplicate section found (read 'binary') - Is a variable name equal to an LP file format keyword?
Warning: Duplicate section found (read 'binary') - Is a variable name equal to an LP file format keyword?
Warning: Duplicate section found (read 'binary') - Is a variable name equal to an LP file format keyword?
Warning: Further warnings of this type will be omitted.
Read LP format model from file /root/bgw/data/uploads/2026_03_23_16_32_04_set_ds_1_ds_1_s007_g001_max.lp
Reading time = 0.00 seconds
: 1617 rows, 205 columns, 4903 nonzeros

Using Gurobi shared library /opt/gurobi1301/linux64/lib/libgurobi.so.13.0.1

CPU model: AMD EPYC-Genoa Processor, instruction set [SSE2|AVX|AVX2|AVX512]
Thread count: 16 physical cores, 16 logical processors, using up to 16 threads

Academic license 2792458 - for non-commercial use only - registered to an___@studenti.unipg.it
Optimize a model with 1617 rows, 205 columns and 4903 nonzeros (Max)
Model fingerprint: 0xd2e113c6
Model has 16 linear objective coefficients
Variable types: 33 continuous, 172 integer (172 binary)
Coefficient statistics:
  Matrix range     [1e+00, 2e+01]
  Objective range  [1e+00, 1e+00]
  Bounds range     [1e+00, 1e+00]
  RHS range        [1e+00, 2e+01]

Found heuristic solution: objective 16.0000000
Presolve removed 232 rows and 54 columns
Presolve time: 0.01s
Presolved: 1385 rows, 151 columns, 4225 nonzeros
Variable types: 0 continuous, 151 integer (146 binary)

Root relaxation: objective 8.600000e+01, 87 iterations, 0.00 seconds (0.00 work units)

    Nodes    |    Current Node    |     Objective Bounds      |     Work
 Expl Unexpl |  Obj  Depth IntInf | Incumbent    BestBd   Gap | It/Node Time

     0     0   86.00000    0   13   16.00000   86.00000   438%     -    0s
H    0     0                      30.0000000   86.00000   187%     -    0s
H    0     0                      44.0000000   86.00000  95.5%     -    0s
     0     0   86.00000    0   16   44.00000   86.00000  95.5%     -    0s
     0     0   86.00000    0   15   44.00000   86.00000  95.5%     -    0s
     0     0   86.00000    0   14   44.00000   86.00000  95.5%     -    0s
     0     0   79.00000    0   14   44.00000   79.00000  79.5%     -    0s
     0     0   79.00000    0   14   44.00000   79.00000  79.5%     -    0s
     0     0   79.00000    0   15   44.00000   79.00000  79.5%     -    0s
     0     0   79.00000    0   15   44.00000   79.00000  79.5%     -    0s
     0     0   79.00000    0   15   44.00000   79.00000  79.5%     -    0s
     0     0   79.00000    0   15   44.00000   79.00000  79.5%     -    0s
     0     0   78.06667    0   16   44.00000   78.06667  77.4%     -    0s
     0     0   78.06667    0   16   44.00000   78.06667  77.4%     -    0s
     0     0   77.60000    0   16   44.00000   77.60000  76.4%     -    0s
     0     0   77.60000    0   16   44.00000   77.60000  76.4%     -    0s
     0     2   77.60000    0   16   44.00000   77.60000  76.4%     -    0s

Cutting planes:
  Gomory: 4
  Cover: 3
  MIR: 3
  Inf proof: 4
  Zero half: 7

Explored 592 nodes (13382 simplex iterations) in 0.32 seconds (0.20 work units)
Thread count was 16 (of 16 available processors)

Solution count 3: 44 30 16 

Optimal solution found (tolerance 1.00e-04)
Best objective 4.400000000000e+01, best bound 4.400000000000e+01, gap 0.0000%

Wrote result file '/root/bgw/data/results/2026_03_23_16_32_04_set_ds_1_ds_1_s007_g001_max.sol'

