[2026-03-24T16:32:13.201Z] Pipeline "set_vm-3-t2_vm-3-t2_s006_g002" → 2026_03_24_16_32_13_set_vm-3-t2_vm-3-t2_s006_g002_max.sol
Set parameter Username
Set parameter LicenseID to value 2796068
Set parameter LogFile to value "gurobi.log"
Using license file /opt/gurobi/gurobi.lic
Academic license - for non-commercial use only - expires 2027-03-23

Gurobi Optimizer version 13.0.1 build v13.0.1rc0 (linux64 - "Ubuntu 24.04.4 LTS")
Copyright (c) 2026, Gurobi Optimization, LLC

Warning: Duplicate section found (read 'binary') - Is a variable name equal to an LP file format keyword?
Warning: Duplicate section found (read 'binary') - Is a variable name equal to an LP file format keyword?
Warning: Duplicate section found (read 'binary') - Is a variable name equal to an LP file format keyword?
Warning: Duplicate section found (read 'binary') - Is a variable name equal to an LP file format keyword?
Warning: Duplicate section found (read 'binary') - Is a variable name equal to an LP file format keyword?
Warning: Duplicate section found (read 'binary') - Is a variable name equal to an LP file format keyword?
Warning: Duplicate section found (read 'binary') - Is a variable name equal to an LP file format keyword?
Warning: Duplicate section found (read 'binary') - Is a variable name equal to an LP file format keyword?
Warning: Duplicate section found (read 'binary') - Is a variable name equal to an LP file format keyword?
Warning: Duplicate section found (read 'binary') - Is a variable name equal to an LP file format keyword?
Warning: Further warnings of this type will be omitted.
Read LP format model from file /root/bgw/data/uploads/2026_03_24_16_32_13_set_vm-3-t2_vm-3-t2_s006_g002_max.lp
Reading time = 0.00 seconds
: 1397 rows, 190 columns, 4194 nonzeros

Using Gurobi shared library /opt/gurobi1301/linux64/lib/libgurobi.so.13.0.1

CPU model: AMD EPYC-Genoa Processor, instruction set [SSE2|AVX|AVX2|AVX512]
Thread count: 16 physical cores, 16 logical processors, using up to 16 threads

Optimize a model with 1397 rows, 190 columns and 4194 nonzeros (Max)
Model fingerprint: 0x85d9d8fa
Model has 17 linear objective coefficients
Variable types: 33 continuous, 157 integer (157 binary)
Coefficient statistics:
  Matrix range     [1e+00, 2e+01]
  Objective range  [1e+00, 1e+00]
  Bounds range     [1e+00, 1e+00]
  RHS range        [1e+00, 2e+01]

Found heuristic solution: objective 17.0000000
Presolve removed 247 rows and 52 columns
Presolve time: 0.00s
Presolved: 1150 rows, 138 columns, 3528 nonzeros
Variable types: 0 continuous, 138 integer (132 binary)
Found heuristic solution: objective 31.0000000

Root relaxation: objective 9.000000e+01, 60 iterations, 0.00 seconds (0.00 work units)

    Nodes    |    Current Node    |     Objective Bounds      |     Work
 Expl Unexpl |  Obj  Depth IntInf | Incumbent    BestBd   Gap | It/Node Time

     0     0   90.00000    0   18   31.00000   90.00000   190%     -    0s
H    0     0                      38.0000000   90.00000   137%     -    0s
H    0     0                      40.0000000   90.00000   125%     -    0s
H    0     0                      45.0000000   90.00000   100%     -    0s
     0     0   90.00000    0   13   45.00000   90.00000   100%     -    0s
H    0     0                      46.0000000   90.00000  95.7%     -    0s
H    0     0                      47.0000000   90.00000  91.5%     -    0s
     0     0   90.00000    0   19   47.00000   90.00000  91.5%     -    0s
     0     0   90.00000    0   19   47.00000   90.00000  91.5%     -    0s
     0     0   90.00000    0   13   47.00000   90.00000  91.5%     -    0s
     0     0   90.00000    0   12   47.00000   90.00000  91.5%     -    0s
     0     0   90.00000    0   12   47.00000   90.00000  91.5%     -    0s
     0     0   90.00000    0   19   47.00000   90.00000  91.5%     -    0s
     0     0   90.00000    0   19   47.00000   90.00000  91.5%     -    0s
     0     0   90.00000    0   19   47.00000   90.00000  91.5%     -    0s
     0     0   90.00000    0   19   47.00000   90.00000  91.5%     -    0s
     0     0   90.00000    0   17   47.00000   90.00000  91.5%     -    0s
     0     0   89.50000    0   19   47.00000   89.50000  90.4%     -    0s
     0     0   89.50000    0   19   47.00000   89.50000  90.4%     -    0s
     0     0   89.00000    0   19   47.00000   89.00000  89.4%     -    0s
     0     0   89.00000    0   17   47.00000   89.00000  89.4%     -    0s
     0     2   89.00000    0   17   47.00000   89.00000  89.4%     -    0s

Cutting planes:
  Cover: 41
  Inf proof: 37

Explored 3842 nodes (99110 simplex iterations) in 0.53 seconds (0.57 work units)
Thread count was 16 (of 16 available processors)

Solution count 7: 47 46 45 ... 17

Optimal solution found (tolerance 1.00e-04)
Best objective 4.700000000000e+01, best bound 4.700000000000e+01, gap 0.0000%

Wrote result file '/root/bgw/data/results/2026_03_24_16_32_13_set_vm-3-t2_vm-3-t2_s006_g002_max.sol'

