[2026-03-23T16:02:48.685Z] Pipeline "set_exp_3_exp_3_n025_c005_g003" → 2026_03_23_16_02_48_set_exp_3_exp_3_n025_c005_g003_max.sol
Set parameter WLSAccessID
Set parameter WLSSecret
Set parameter LicenseID to value 2792458
Set parameter LogFile to value "gurobi.log"
Using license file /root/gurobi.lic
Academic license 2792458 - for non-commercial use only - registered to an___@studenti.unipg.it

Gurobi Optimizer version 13.0.1 build v13.0.1rc0 (linux64 - "Ubuntu 24.04.4 LTS")
Copyright (c) 2026, Gurobi Optimization, LLC

Warning: Duplicate section found (read 'binary') - Is a variable name equal to an LP file format keyword?
Warning: Duplicate section found (read 'binary') - Is a variable name equal to an LP file format keyword?
Warning: Duplicate section found (read 'binary') - Is a variable name equal to an LP file format keyword?
Warning: Duplicate section found (read 'binary') - Is a variable name equal to an LP file format keyword?
Warning: Duplicate section found (read 'binary') - Is a variable name equal to an LP file format keyword?
Warning: Duplicate section found (read 'binary') - Is a variable name equal to an LP file format keyword?
Warning: Duplicate section found (read 'binary') - Is a variable name equal to an LP file format keyword?
Warning: Duplicate section found (read 'binary') - Is a variable name equal to an LP file format keyword?
Warning: Duplicate section found (read 'binary') - Is a variable name equal to an LP file format keyword?
Warning: Duplicate section found (read 'binary') - Is a variable name equal to an LP file format keyword?
Warning: Further warnings of this type will be omitted.
Read LP format model from file /root/bgw/data/uploads/2026_03_23_16_02_48_set_exp_3_exp_3_n025_c005_g003_max.lp
Reading time = 0.01 seconds
: 5110 rows, 439 columns, 15405 nonzeros

Using Gurobi shared library /opt/gurobi1301/linux64/lib/libgurobi.so.13.0.1

CPU model: AMD EPYC-Genoa Processor, instruction set [SSE2|AVX|AVX2|AVX512]
Thread count: 16 physical cores, 16 logical processors, using up to 16 threads

Academic license 2792458 - for non-commercial use only - registered to an___@studenti.unipg.it
Optimize a model with 5110 rows, 439 columns and 15405 nonzeros (Max)
Model fingerprint: 0xfbdb916d
Model has 5 linear objective coefficients
Variable types: 30 continuous, 409 integer (409 binary)
Coefficient statistics:
  Matrix range     [1e+00, 3e+01]
  Objective range  [1e+00, 1e+00]
  Bounds range     [1e+00, 1e+00]
  RHS range        [1e+00, 3e+01]

Found heuristic solution: objective 5.0000000
Presolve removed 474 rows and 116 columns
Presolve time: 0.03s
Presolved: 4636 rows, 323 columns, 14128 nonzeros
Variable types: 0 continuous, 323 integer (313 binary)
Found heuristic solution: objective 7.0000000

Root relaxation: objective 2.000000e+01, 437 iterations, 0.03 seconds (0.03 work units)

    Nodes    |    Current Node    |     Objective Bounds      |     Work
 Expl Unexpl |  Obj  Depth IntInf | Incumbent    BestBd   Gap | It/Node Time

     0     0   20.00000    0   35    7.00000   20.00000   186%     -    0s
H    0     0                      10.0000000   20.00000   100%     -    0s
H    0     0                      11.0000000   20.00000  81.8%     -    0s
H    0     0                      13.0000000   20.00000  53.8%     -    0s
     0     0   20.00000    0   35   13.00000   20.00000  53.8%     -    0s
H    0     0                      14.0000000   20.00000  42.9%     -    0s
     0     0   20.00000    0   34   14.00000   20.00000  42.9%     -    0s
     0     0   20.00000    0   25   14.00000   20.00000  42.9%     -    0s
     0     0   20.00000    0   27   14.00000   20.00000  42.9%     -    0s
     0     0   20.00000    0   25   14.00000   20.00000  42.9%     -    0s
     0     0   20.00000    0   25   14.00000   20.00000  42.9%     -    0s
     0     0   20.00000    0   25   14.00000   20.00000  42.9%     -    0s
     0     0   20.00000    0   24   14.00000   20.00000  42.9%     -    0s
     0     0   20.00000    0   23   14.00000   20.00000  42.9%     -    0s
     0     0   20.00000    0   24   14.00000   20.00000  42.9%     -    0s
     0     0   20.00000    0   24   14.00000   20.00000  42.9%     -    0s
     0     0   20.00000    0   32   14.00000   20.00000  42.9%     -    0s
     0     0   20.00000    0   24   14.00000   20.00000  42.9%     -    0s
     0     0   20.00000    0   24   14.00000   20.00000  42.9%     -    0s
     0     0   20.00000    0   23   14.00000   20.00000  42.9%     -    0s
     0     2   20.00000    0   23   14.00000   20.00000  42.9%     -    0s

Cutting planes:
  Cover: 5
  Inf proof: 44

Explored 2063 nodes (199959 simplex iterations) in 2.11 seconds (2.89 work units)
Thread count was 16 (of 16 available processors)

Solution count 6: 14 13 11 ... 5

Optimal solution found (tolerance 1.00e-04)
Best objective 1.400000000000e+01, best bound 1.400000000000e+01, gap 0.0000%

Wrote result file '/root/bgw/data/results/2026_03_23_16_02_48_set_exp_3_exp_3_n025_c005_g003_max.sol'

