[2026-03-24T00:36:49.379Z] Pipeline "set_set_set_s011_g001" → 2026_03_24_00_36_49_set_set_set_s011_g001_max.sol
Set parameter WLSAccessID
Set parameter WLSSecret
Set parameter LicenseID to value 2792458
Set parameter LogFile to value "gurobi.log"
Using license file /root/gurobi.lic
Academic license 2792458 - for non-commercial use only - registered to an___@studenti.unipg.it

Gurobi Optimizer version 13.0.1 build v13.0.1rc0 (linux64 - "Ubuntu 24.04.4 LTS")
Copyright (c) 2026, Gurobi Optimization, LLC

Warning: Duplicate section found (read 'binary') - Is a variable name equal to an LP file format keyword?
Warning: Duplicate section found (read 'binary') - Is a variable name equal to an LP file format keyword?
Warning: Duplicate section found (read 'binary') - Is a variable name equal to an LP file format keyword?
Warning: Duplicate section found (read 'binary') - Is a variable name equal to an LP file format keyword?
Warning: Duplicate section found (read 'binary') - Is a variable name equal to an LP file format keyword?
Warning: Duplicate section found (read 'binary') - Is a variable name equal to an LP file format keyword?
Warning: Duplicate section found (read 'binary') - Is a variable name equal to an LP file format keyword?
Warning: Duplicate section found (read 'binary') - Is a variable name equal to an LP file format keyword?
Warning: Duplicate section found (read 'binary') - Is a variable name equal to an LP file format keyword?
Warning: Duplicate section found (read 'binary') - Is a variable name equal to an LP file format keyword?
Warning: Further warnings of this type will be omitted.
Read LP format model from file /root/bgw/data/uploads/2026_03_24_00_36_49_set_set_set_s011_g001_max.lp
Reading time = 0.00 seconds
: 695 rows, 120 columns, 2109 nonzeros

Using Gurobi shared library /opt/gurobi1301/linux64/lib/libgurobi.so.13.0.1

CPU model: AMD EPYC-Genoa Processor, instruction set [SSE2|AVX|AVX2|AVX512]
Thread count: 16 physical cores, 16 logical processors, using up to 16 threads

Academic license 2792458 - for non-commercial use only - registered to an___@studenti.unipg.it
Optimize a model with 695 rows, 120 columns and 2109 nonzeros (Max)
Model fingerprint: 0x322dcae4
Model has 2 linear objective coefficients
Variable types: 15 continuous, 105 integer (105 binary)
Coefficient statistics:
  Matrix range     [1e+00, 1e+01]
  Objective range  [1e+00, 1e+00]
  Bounds range     [1e+00, 1e+00]
  RHS range        [1e+00, 2e+01]

Found heuristic solution: objective 2.0000000
Presolve removed 106 rows and 31 columns
Presolve time: 0.01s
Presolved: 589 rows, 89 columns, 1817 nonzeros
Variable types: 0 continuous, 89 integer (84 binary)
Found heuristic solution: objective 3.0000000

Root relaxation: objective 8.000000e+00, 25 iterations, 0.00 seconds (0.00 work units)

    Nodes    |    Current Node    |     Objective Bounds      |     Work
 Expl Unexpl |  Obj  Depth IntInf | Incumbent    BestBd   Gap | It/Node Time

     0     0    8.00000    0   12    3.00000    8.00000   167%     -    0s
H    0     0                       5.0000000    8.00000  60.0%     -    0s
H    0     0                       6.0000000    8.00000  33.3%     -    0s
     0     0    8.00000    0   13    6.00000    8.00000  33.3%     -    0s
     0     0    8.00000    0   13    6.00000    8.00000  33.3%     -    0s
     0     0    8.00000    0    7    6.00000    8.00000  33.3%     -    0s
     0     0    7.00000    0    9    6.00000    7.00000  16.7%     -    0s
     0     0    7.00000    0    7    6.00000    7.00000  16.7%     -    0s
     0     0    7.00000    0    7    6.00000    7.00000  16.7%     -    0s
     0     0    7.00000    0   12    6.00000    7.00000  16.7%     -    0s
     0     0    7.00000    0   12    6.00000    7.00000  16.7%     -    0s

Cutting planes:
  Lift-and-project: 2
  MIR: 2
  Zero half: 1
  Mod-K: 3

Explored 1 nodes (264 simplex iterations) in 0.08 seconds (0.03 work units)
Thread count was 16 (of 16 available processors)

Solution count 4: 6 5 3 2 

Optimal solution found (tolerance 1.00e-04)
Best objective 6.000000000000e+00, best bound 6.000000000000e+00, gap 0.0000%

Wrote result file '/root/bgw/data/results/2026_03_24_00_36_49_set_set_set_s011_g001_max.sol'

