[2026-03-23T13:37:16.709Z] Pipeline "set_exp_2_exp_2_n023_c007_g002" → 2026_03_23_13_37_16_set_exp_2_exp_2_n023_c007_g002_max.sol
Set parameter WLSAccessID
Set parameter WLSSecret
Set parameter LicenseID to value 2792458
Set parameter LogFile to value "gurobi.log"
Using license file /root/gurobi.lic
Academic license 2792458 - for non-commercial use only - registered to an___@studenti.unipg.it

Gurobi Optimizer version 13.0.1 build v13.0.1rc0 (linux64 - "Ubuntu 24.04.4 LTS")
Copyright (c) 2026, Gurobi Optimization, LLC

Warning: Duplicate section found (read 'binary') - Is a variable name equal to an LP file format keyword?
Warning: Duplicate section found (read 'binary') - Is a variable name equal to an LP file format keyword?
Warning: Duplicate section found (read 'binary') - Is a variable name equal to an LP file format keyword?
Warning: Duplicate section found (read 'binary') - Is a variable name equal to an LP file format keyword?
Warning: Duplicate section found (read 'binary') - Is a variable name equal to an LP file format keyword?
Warning: Duplicate section found (read 'binary') - Is a variable name equal to an LP file format keyword?
Warning: Duplicate section found (read 'binary') - Is a variable name equal to an LP file format keyword?
Warning: Duplicate section found (read 'binary') - Is a variable name equal to an LP file format keyword?
Warning: Duplicate section found (read 'binary') - Is a variable name equal to an LP file format keyword?
Warning: Duplicate section found (read 'binary') - Is a variable name equal to an LP file format keyword?
Warning: Further warnings of this type will be omitted.
Read LP format model from file /root/bgw/data/uploads/2026_03_23_13_37_16_set_exp_2_exp_2_n023_c007_g002_max.lp
Reading time = 0.00 seconds
: 4140 rows, 399 columns, 12319 nonzeros

Using Gurobi shared library /opt/gurobi1301/linux64/lib/libgurobi.so.13.0.1

CPU model: AMD EPYC-Genoa Processor, instruction set [SSE2|AVX|AVX2|AVX512]
Thread count: 16 physical cores, 16 logical processors, using up to 16 threads

Academic license 2792458 - for non-commercial use only - registered to an___@studenti.unipg.it
Optimize a model with 4140 rows, 399 columns and 12319 nonzeros (Max)
Model fingerprint: 0x83103a85
Model has 7 linear objective coefficients
Variable types: 30 continuous, 369 integer (369 binary)
Coefficient statistics:
  Matrix range     [1e+00, 2e+01]
  Objective range  [1e+00, 1e+00]
  Bounds range     [1e+00, 1e+00]
  RHS range        [1e+00, 3e+01]

Found heuristic solution: objective 7.0000000
Presolve removed 550 rows and 116 columns
Presolve time: 0.01s
Presolved: 3590 rows, 283 columns, 11010 nonzeros
Variable types: 0 continuous, 283 integer (271 binary)
Found heuristic solution: objective 10.0000000

Root relaxation: objective 2.800000e+01, 379 iterations, 0.02 seconds (0.02 work units)

    Nodes    |    Current Node    |     Objective Bounds      |     Work
 Expl Unexpl |  Obj  Depth IntInf | Incumbent    BestBd   Gap | It/Node Time

     0     0   28.00000    0   84   10.00000   28.00000   180%     -    0s
H    0     0                      12.0000000   28.00000   133%     -    0s
H    0     0                      13.0000000   28.00000   115%     -    0s
H    0     0                      15.0000000   28.00000  86.7%     -    0s
H    0     0                      16.0000000   28.00000  75.0%     -    0s
H    0     0                      17.0000000   28.00000  64.7%     -    0s
H    0     0                      18.0000000   28.00000  55.6%     -    0s
     0     0   28.00000    0   79   18.00000   28.00000  55.6%     -    0s
H    0     0                      19.0000000   28.00000  47.4%     -    0s
     0     0   28.00000    0   80   19.00000   28.00000  47.4%     -    0s
     0     0   28.00000    0   59   19.00000   28.00000  47.4%     -    0s
H    0     0                      20.0000000   28.00000  40.0%     -    0s
     0     0   28.00000    0   67   20.00000   28.00000  40.0%     -    0s
     0     0   28.00000    0   53   20.00000   28.00000  40.0%     -    0s
     0     0   28.00000    0   67   20.00000   28.00000  40.0%     -    0s
     0     0   28.00000    0   66   20.00000   28.00000  40.0%     -    0s
     0     0   28.00000    0   66   20.00000   28.00000  40.0%     -    0s
     0     0   28.00000    0   65   20.00000   28.00000  40.0%     -    0s
     0     0   28.00000    0   62   20.00000   28.00000  40.0%     -    0s
     0     0   28.00000    0   62   20.00000   28.00000  40.0%     -    0s
     0     0   28.00000    0   61   20.00000   28.00000  40.0%     -    0s
     0     0   28.00000    0   61   20.00000   28.00000  40.0%     -    0s
     0     0   28.00000    0   61   20.00000   28.00000  40.0%     -    0s
     0     0   28.00000    0   61   20.00000   28.00000  40.0%     -    0s
     0     0   28.00000    0   61   20.00000   28.00000  40.0%     -    0s
     0     0   28.00000    0   61   20.00000   28.00000  40.0%     -    0s
     0     0   28.00000    0   61   20.00000   28.00000  40.0%     -    0s
     0     2   28.00000    0   61   20.00000   28.00000  40.0%     -    0s
  5288  1616   23.84914   14   61   20.00000   26.55611  32.8%   121    5s
  8756  1373   21.95238   34   36   20.00000   25.00000  25.0%   118   10s
 18611   510     cutoff   30        20.00000   23.00000  15.0%   122   15s

Cutting planes:
  Inf proof: 3

Explored 20393 nodes (2493541 simplex iterations) in 15.72 seconds (28.49 work units)
Thread count was 16 (of 16 available processors)

Solution count 10: 20 20 20 ... 13

Optimal solution found (tolerance 1.00e-04)
Best objective 2.000000000000e+01, best bound 2.000000000000e+01, gap 0.0000%

Wrote result file '/root/bgw/data/results/2026_03_23_13_37_16_set_exp_2_exp_2_n023_c007_g002_max.sol'

