[2026-03-23T13:58:16.257Z] Pipeline "set_exp_2_exp_2_n035_c001_g001" → 2026_03_23_13_58_16_set_exp_2_exp_2_n035_c001_g001_max.sol
Set parameter WLSAccessID
Set parameter WLSSecret
Set parameter LicenseID to value 2792458
Set parameter LogFile to value "gurobi.log"
Using license file /root/gurobi.lic
Academic license 2792458 - for non-commercial use only - registered to an___@studenti.unipg.it

Gurobi Optimizer version 13.0.1 build v13.0.1rc0 (linux64 - "Ubuntu 24.04.4 LTS")
Copyright (c) 2026, Gurobi Optimization, LLC

Warning: Duplicate section found (read 'binary') - Is a variable name equal to an LP file format keyword?
Warning: Duplicate section found (read 'binary') - Is a variable name equal to an LP file format keyword?
Warning: Duplicate section found (read 'binary') - Is a variable name equal to an LP file format keyword?
Warning: Duplicate section found (read 'binary') - Is a variable name equal to an LP file format keyword?
Warning: Duplicate section found (read 'binary') - Is a variable name equal to an LP file format keyword?
Warning: Duplicate section found (read 'binary') - Is a variable name equal to an LP file format keyword?
Warning: Duplicate section found (read 'binary') - Is a variable name equal to an LP file format keyword?
Warning: Duplicate section found (read 'binary') - Is a variable name equal to an LP file format keyword?
Warning: Duplicate section found (read 'binary') - Is a variable name equal to an LP file format keyword?
Warning: Duplicate section found (read 'binary') - Is a variable name equal to an LP file format keyword?
Warning: Further warnings of this type will be omitted.
Read LP format model from file /root/bgw/data/uploads/2026_03_23_13_58_16_set_exp_2_exp_2_n035_c001_g001_max.lp
Reading time = 0.03 seconds
: 15482 rows, 1024 columns, 45276 nonzeros

Using Gurobi shared library /opt/gurobi1301/linux64/lib/libgurobi.so.13.0.1

CPU model: AMD EPYC-Genoa Processor, instruction set [SSE2|AVX|AVX2|AVX512]
Thread count: 16 physical cores, 16 logical processors, using up to 16 threads

Academic license 2792458 - for non-commercial use only - registered to an___@studenti.unipg.it
Optimize a model with 15482 rows, 1024 columns and 45276 nonzeros (Max)
Model fingerprint: 0x8c4bdead
Model has 21 linear objective coefficients
Variable types: 56 continuous, 968 integer (968 binary)
Coefficient statistics:
  Matrix range     [1e+00, 4e+01]
  Objective range  [1e+00, 1e+00]
  Bounds range     [1e+00, 1e+00]
  RHS range        [1e+00, 4e+01]

Found heuristic solution: objective 21.0000000
Presolve removed 2352 rows and 405 columns
Presolve time: 0.05s
Presolved: 13130 rows, 619 columns, 39646 nonzeros
Variable types: 0 continuous, 619 integer (611 binary)
Found heuristic solution: objective 24.0000000

Root relaxation: objective 1.090000e+02, 317 iterations, 0.03 seconds (0.03 work units)

    Nodes    |    Current Node    |     Objective Bounds      |     Work
 Expl Unexpl |  Obj  Depth IntInf | Incumbent    BestBd   Gap | It/Node Time

     0     0  109.00000    0   33   24.00000  109.00000   354%     -    0s
H    0     0                      58.0000000  109.00000  87.9%     -    0s
     0     0  109.00000    0   34   58.00000  109.00000  87.9%     -    0s
     0     0  109.00000    0   25   58.00000  109.00000  87.9%     -    0s
     0     0  109.00000    0   33   58.00000  109.00000  87.9%     -    0s
     0     0  109.00000    0   32   58.00000  109.00000  87.9%     -    0s
     0     0  109.00000    0   36   58.00000  109.00000  87.9%     -    0s
     0     0  109.00000    0   30   58.00000  109.00000  87.9%     -    0s
     0     0  109.00000    0   32   58.00000  109.00000  87.9%     -    0s
     0     0  109.00000    0   32   58.00000  109.00000  87.9%     -    0s
     0     0  109.00000    0   34   58.00000  109.00000  87.9%     -    0s
     0     0  109.00000    0   49   58.00000  109.00000  87.9%     -    0s
     0     0  109.00000    0   32   58.00000  109.00000  87.9%     -    0s
     0     0  108.72727    0   32   58.00000  108.72727  87.5%     -    0s
     0     0  108.72727    0   32   58.00000  108.72727  87.5%     -    0s
     0     0  108.54545    0   32   58.00000  108.54545  87.1%     -    1s
     0     0  108.54545    0   32   58.00000  108.54545  87.1%     -    1s
     0     2  106.00000    0   27   58.00000  106.00000  82.8%     -    1s
   706   342   70.33939   12  207   58.00000  106.00000  82.8%   238    5s
  2255   713   89.28718   10   39   58.00000   98.81558  70.4%   236   10s
  4441  1086   80.23117   11  190   58.00000   92.51515  59.5%   248   15s
  6532  1281   63.93939   17   36   58.00000   86.98421  50.0%   269   20s
  8584  1348   64.87960   16   62   58.00000   84.10101  45.0%   277   25s
 10820  1271   61.25852   18  142   58.00000   78.91667  36.1%   285   30s
 13017  1127     cutoff   13        58.00000   75.59596  30.3%   299   35s
 14513   863 infeasible   13        58.00000   73.41283  26.6%   308   40s
 16929    89 infeasible   15        58.00000   67.91176  17.1%   318   46s

Cutting planes:
  Cover: 100
  MIR: 3
  StrongCG: 1
  Inf proof: 154
  Zero half: 1

Explored 17676 nodes (5611684 simplex iterations) in 46.53 seconds (108.17 work units)
Thread count was 16 (of 16 available processors)

Solution count 3: 58 24 21 

Optimal solution found (tolerance 1.00e-04)
Best objective 5.800000000000e+01, best bound 5.800000000000e+01, gap 0.0000%

Wrote result file '/root/bgw/data/results/2026_03_23_13_58_16_set_exp_2_exp_2_n035_c001_g001_max.sol'

