[2026-03-23T16:05:00.342Z] Pipeline "set_exp_3_exp_3_n028_c005_g003" → 2026_03_23_16_05_00_set_exp_3_exp_3_n028_c005_g003_max.sol
Set parameter WLSAccessID
Set parameter WLSSecret
Set parameter LicenseID to value 2792458
Set parameter LogFile to value "gurobi.log"
Using license file /root/gurobi.lic
Academic license 2792458 - for non-commercial use only - registered to an___@studenti.unipg.it

Gurobi Optimizer version 13.0.1 build v13.0.1rc0 (linux64 - "Ubuntu 24.04.4 LTS")
Copyright (c) 2026, Gurobi Optimization, LLC

Warning: Duplicate section found (read 'binary') - Is a variable name equal to an LP file format keyword?
Warning: Duplicate section found (read 'binary') - Is a variable name equal to an LP file format keyword?
Warning: Duplicate section found (read 'binary') - Is a variable name equal to an LP file format keyword?
Warning: Duplicate section found (read 'binary') - Is a variable name equal to an LP file format keyword?
Warning: Duplicate section found (read 'binary') - Is a variable name equal to an LP file format keyword?
Warning: Duplicate section found (read 'binary') - Is a variable name equal to an LP file format keyword?
Warning: Duplicate section found (read 'binary') - Is a variable name equal to an LP file format keyword?
Warning: Duplicate section found (read 'binary') - Is a variable name equal to an LP file format keyword?
Warning: Duplicate section found (read 'binary') - Is a variable name equal to an LP file format keyword?
Warning: Duplicate section found (read 'binary') - Is a variable name equal to an LP file format keyword?
Warning: Further warnings of this type will be omitted.
Read LP format model from file /root/bgw/data/uploads/2026_03_23_16_05_00_set_exp_3_exp_3_n028_c005_g003_max.lp
Reading time = 0.01 seconds
: 7309 rows, 568 columns, 21908 nonzeros

Using Gurobi shared library /opt/gurobi1301/linux64/lib/libgurobi.so.13.0.1

CPU model: AMD EPYC-Genoa Processor, instruction set [SSE2|AVX|AVX2|AVX512]
Thread count: 16 physical cores, 16 logical processors, using up to 16 threads

Academic license 2792458 - for non-commercial use only - registered to an___@studenti.unipg.it
Optimize a model with 7309 rows, 568 columns and 21908 nonzeros (Max)
Model fingerprint: 0x36f6aa76
Model has 5 linear objective coefficients
Variable types: 33 continuous, 535 integer (535 binary)
Coefficient statistics:
  Matrix range     [1e+00, 3e+01]
  Objective range  [1e+00, 1e+00]
  Bounds range     [1e+00, 1e+00]
  RHS range        [1e+00, 3e+01]

Found heuristic solution: objective 5.0000000
Presolve removed 722 rows and 168 columns
Presolve time: 0.04s
Presolved: 6587 rows, 400 columns, 19986 nonzeros
Variable types: 0 continuous, 400 integer (391 binary)
Found heuristic solution: objective 6.0000000

Root relaxation: objective 2.000000e+01, 215 iterations, 0.02 seconds (0.02 work units)

    Nodes    |    Current Node    |     Objective Bounds      |     Work
 Expl Unexpl |  Obj  Depth IntInf | Incumbent    BestBd   Gap | It/Node Time

     0     0   20.00000    0   45    6.00000   20.00000   233%     -    0s
H    0     0                       9.0000000   20.00000   122%     -    0s
H    0     0                      12.0000000   20.00000  66.7%     -    0s
H    0     0                      13.0000000   20.00000  53.8%     -    0s
     0     0   20.00000    0   45   13.00000   20.00000  53.8%     -    0s
H    0     0                      14.0000000   20.00000  42.9%     -    0s
     0     0   20.00000    0   48   14.00000   20.00000  42.9%     -    0s
     0     0   20.00000    0   36   14.00000   20.00000  42.9%     -    0s
     0     0   20.00000    0   47   14.00000   20.00000  42.9%     -    0s
     0     0   20.00000    0   39   14.00000   20.00000  42.9%     -    0s
     0     0   20.00000    0   43   14.00000   20.00000  42.9%     -    0s
     0     0   20.00000    0   34   14.00000   20.00000  42.9%     -    0s
     0     0   20.00000    0   43   14.00000   20.00000  42.9%     -    0s
     0     0   20.00000    0   34   14.00000   20.00000  42.9%     -    0s
     0     0   20.00000    0   36   14.00000   20.00000  42.9%     -    0s
     0     0   20.00000    0   35   14.00000   20.00000  42.9%     -    0s
     0     0   20.00000    0   24   14.00000   20.00000  42.9%     -    0s
     0     0   20.00000    0   24   14.00000   20.00000  42.9%     -    0s
     0     0   20.00000    0   51   14.00000   20.00000  42.9%     -    0s
     0     0   20.00000    0   37   14.00000   20.00000  42.9%     -    0s
     0     0   20.00000    0   32   14.00000   20.00000  42.9%     -    0s
     0     0   20.00000    0   32   14.00000   20.00000  42.9%     -    0s
     0     0   20.00000    0   32   14.00000   20.00000  42.9%     -    0s
     0     2   20.00000    0   32   14.00000   20.00000  42.9%     -    0s
  2555   204   16.67565   13  168   14.00000   17.40385  24.3%   151    5s

Cutting planes:
  Cover: 37
  MIR: 1
  Inf proof: 43

Explored 3263 nodes (548196 simplex iterations) in 6.00 seconds (9.22 work units)
Thread count was 16 (of 16 available processors)

Solution count 6: 14 13 12 ... 5

Optimal solution found (tolerance 1.00e-04)
Best objective 1.400000000000e+01, best bound 1.400000000000e+01, gap 0.0000%

Wrote result file '/root/bgw/data/results/2026_03_23_16_05_00_set_exp_3_exp_3_n028_c005_g003_max.sol'

