[2026-03-24T00:33:37.481Z] Pipeline "set_set_set_s004_g005" → 2026_03_24_00_33_37_set_set_set_s004_g005_max.sol
Set parameter WLSAccessID
Set parameter WLSSecret
Set parameter LicenseID to value 2792458
Set parameter LogFile to value "gurobi.log"
Using license file /root/gurobi.lic
Academic license 2792458 - for non-commercial use only - registered to an___@studenti.unipg.it

Gurobi Optimizer version 13.0.1 build v13.0.1rc0 (linux64 - "Ubuntu 24.04.4 LTS")
Copyright (c) 2026, Gurobi Optimization, LLC

Warning: Duplicate section found (read 'binary') - Is a variable name equal to an LP file format keyword?
Warning: Duplicate section found (read 'binary') - Is a variable name equal to an LP file format keyword?
Warning: Duplicate section found (read 'binary') - Is a variable name equal to an LP file format keyword?
Warning: Duplicate section found (read 'binary') - Is a variable name equal to an LP file format keyword?
Warning: Duplicate section found (read 'binary') - Is a variable name equal to an LP file format keyword?
Warning: Duplicate section found (read 'binary') - Is a variable name equal to an LP file format keyword?
Warning: Duplicate section found (read 'binary') - Is a variable name equal to an LP file format keyword?
Warning: Duplicate section found (read 'binary') - Is a variable name equal to an LP file format keyword?
Warning: Duplicate section found (read 'binary') - Is a variable name equal to an LP file format keyword?
Warning: Duplicate section found (read 'binary') - Is a variable name equal to an LP file format keyword?
Warning: Further warnings of this type will be omitted.
Read LP format model from file /root/bgw/data/uploads/2026_03_24_00_33_37_set_set_set_s004_g005_max.lp
Reading time = 0.00 seconds
: 335 rows, 75 columns, 927 nonzeros

Using Gurobi shared library /opt/gurobi1301/linux64/lib/libgurobi.so.13.0.1

CPU model: AMD EPYC-Genoa Processor, instruction set [SSE2|AVX|AVX2|AVX512]
Thread count: 16 physical cores, 16 logical processors, using up to 16 threads

Academic license 2792458 - for non-commercial use only - registered to an___@studenti.unipg.it
Optimize a model with 335 rows, 75 columns and 927 nonzeros (Max)
Model fingerprint: 0xb24992ce
Model has 10 linear objective coefficients
Variable types: 19 continuous, 56 integer (56 binary)
Coefficient statistics:
  Matrix range     [1e+00, 1e+01]
  Objective range  [1e+00, 1e+00]
  Bounds range     [1e+00, 1e+00]
  RHS range        [1e+00, 1e+01]

Found heuristic solution: objective 10.0000000
Presolve removed 139 rows and 22 columns
Presolve time: 0.00s
Presolved: 196 rows, 53 columns, 624 nonzeros
Variable types: 0 continuous, 53 integer (47 binary)
Found heuristic solution: objective 17.0000000

Root relaxation: objective 4.600000e+01, 55 iterations, 0.00 seconds (0.00 work units)

    Nodes    |    Current Node    |     Objective Bounds      |     Work
 Expl Unexpl |  Obj  Depth IntInf | Incumbent    BestBd   Gap | It/Node Time

     0     0   46.00000    0   14   17.00000   46.00000   171%     -    0s
H    0     0                      18.0000000   46.00000   156%     -    0s
H    0     0                      21.0000000   46.00000   119%     -    0s
H    0     0                      22.0000000   46.00000   109%     -    0s
H    0     0                      25.0000000   46.00000  84.0%     -    0s
     0     0   46.00000    0   20   25.00000   46.00000  84.0%     -    0s
     0     0   46.00000    0   12   25.00000   46.00000  84.0%     -    0s
     0     0   46.00000    0   12   25.00000   46.00000  84.0%     -    0s
     0     0   46.00000    0   19   25.00000   46.00000  84.0%     -    0s
H    0     0                      26.0000000   46.00000  76.9%     -    0s
     0     0   46.00000    0   19   26.00000   46.00000  76.9%     -    0s
     0     0   46.00000    0   14   26.00000   46.00000  76.9%     -    0s
H    0     0                      27.0000000   45.14286  67.2%     -    0s
     0     0   45.14286    0   20   27.00000   45.14286  67.2%     -    0s
     0     0   45.14286    0   18   27.00000   45.14286  67.2%     -    0s
     0     0   45.00000    0   20   27.00000   45.00000  66.7%     -    0s
     0     0   45.00000    0   19   27.00000   45.00000  66.7%     -    0s
     0     0   45.00000    0   19   27.00000   45.00000  66.7%     -    0s
     0     0   44.57143    0   21   27.00000   44.57143  65.1%     -    0s
     0     0   44.57143    0   17   27.00000   44.57143  65.1%     -    0s
     0     0   44.00000    0   20   27.00000   44.00000  63.0%     -    0s
     0     0   44.00000    0   18   27.00000   44.00000  63.0%     -    0s
     0     0   43.85714    0   18   27.00000   43.85714  62.4%     -    0s
     0     0   43.85714    0   18   27.00000   43.85714  62.4%     -    0s
     0     2   43.00000    0   18   27.00000   43.00000  59.3%     -    0s
H    6     8                      28.0000000   43.00000  53.6%   8.2    0s

Cutting planes:
  Gomory: 10
  MIR: 2
  Inf proof: 2
  Zero half: 4

Explored 545 nodes (5075 simplex iterations) in 0.10 seconds (0.04 work units)
Thread count was 16 (of 16 available processors)

Solution count 9: 28 27 26 ... 10

Optimal solution found (tolerance 1.00e-04)
Best objective 2.800000000000e+01, best bound 2.800000000000e+01, gap 0.0000%

Wrote result file '/root/bgw/data/results/2026_03_24_00_33_37_set_set_set_s004_g005_max.sol'

