[2026-03-23T14:03:16.990Z] Pipeline "set_exp_2_exp_2_n035_c006_g002" → 2026_03_23_14_03_16_set_exp_2_exp_2_n035_c006_g002_max.sol
Set parameter WLSAccessID
Set parameter WLSSecret
Set parameter LicenseID to value 2792458
Set parameter LogFile to value "gurobi.log"
Using license file /root/gurobi.lic
Academic license 2792458 - for non-commercial use only - registered to an___@studenti.unipg.it

Gurobi Optimizer version 13.0.1 build v13.0.1rc0 (linux64 - "Ubuntu 24.04.4 LTS")
Copyright (c) 2026, Gurobi Optimization, LLC

Warning: Duplicate section found (read 'binary') - Is a variable name equal to an LP file format keyword?
Warning: Duplicate section found (read 'binary') - Is a variable name equal to an LP file format keyword?
Warning: Duplicate section found (read 'binary') - Is a variable name equal to an LP file format keyword?
Warning: Duplicate section found (read 'binary') - Is a variable name equal to an LP file format keyword?
Warning: Duplicate section found (read 'binary') - Is a variable name equal to an LP file format keyword?
Warning: Duplicate section found (read 'binary') - Is a variable name equal to an LP file format keyword?
Warning: Duplicate section found (read 'binary') - Is a variable name equal to an LP file format keyword?
Warning: Duplicate section found (read 'binary') - Is a variable name equal to an LP file format keyword?
Warning: Duplicate section found (read 'binary') - Is a variable name equal to an LP file format keyword?
Warning: Duplicate section found (read 'binary') - Is a variable name equal to an LP file format keyword?
Warning: Further warnings of this type will be omitted.
Read LP format model from file /root/bgw/data/uploads/2026_03_23_14_03_16_set_exp_2_exp_2_n035_c006_g002_max.lp
Reading time = 0.01 seconds
: 14111 rows, 843 columns, 42479 nonzeros

Using Gurobi shared library /opt/gurobi1301/linux64/lib/libgurobi.so.13.0.1

CPU model: AMD EPYC-Genoa Processor, instruction set [SSE2|AVX|AVX2|AVX512]
Thread count: 16 physical cores, 16 logical processors, using up to 16 threads

Academic license 2792458 - for non-commercial use only - registered to an___@studenti.unipg.it
Optimize a model with 14111 rows, 843 columns and 42479 nonzeros (Max)
Model fingerprint: 0x71ffef19
Model has 6 linear objective coefficients
Variable types: 41 continuous, 802 integer (802 binary)
Coefficient statistics:
  Matrix range     [1e+00, 4e+01]
  Objective range  [1e+00, 1e+00]
  Bounds range     [1e+00, 1e+00]
  RHS range        [1e+00, 4e+01]

Found heuristic solution: objective 6.0000000
Presolve removed 975 rows and 218 columns
Presolve time: 0.05s
Presolved: 13136 rows, 625 columns, 39856 nonzeros
Variable types: 0 continuous, 625 integer (611 binary)
Found heuristic solution: objective 7.0000000

Root relaxation: objective 2.400000e+01, 384 iterations, 0.03 seconds (0.04 work units)

    Nodes    |    Current Node    |     Objective Bounds      |     Work
 Expl Unexpl |  Obj  Depth IntInf | Incumbent    BestBd   Gap | It/Node Time

     0     0   24.00000    0   25    7.00000   24.00000   243%     -    0s
H    0     0                      16.0000000   24.00000  50.0%     -    0s
H    0     0                      17.0000000   24.00000  41.2%     -    0s
H    0     0                      18.0000000   24.00000  33.3%     -    0s
     0     0   24.00000    0   33   18.00000   24.00000  33.3%     -    0s
     0     0   24.00000    0   33   18.00000   24.00000  33.3%     -    0s
     0     0   24.00000    0   30   18.00000   24.00000  33.3%     -    0s
     0     0   24.00000    0   20   18.00000   24.00000  33.3%     -    0s
     0     0   24.00000    0   22   18.00000   24.00000  33.3%     -    0s
     0     0   24.00000    0   22   18.00000   24.00000  33.3%     -    0s
     0     0   24.00000    0   28   18.00000   24.00000  33.3%     -    0s
     0     0   24.00000    0   25   18.00000   24.00000  33.3%     -    0s
     0     0   24.00000    0   29   18.00000   24.00000  33.3%     -    0s
     0     0   24.00000    0   24   18.00000   24.00000  33.3%     -    0s
     0     0   24.00000    0   30   18.00000   24.00000  33.3%     -    0s
     0     0   24.00000    0   36   18.00000   24.00000  33.3%     -    0s
     0     0   24.00000    0   24   18.00000   24.00000  33.3%     -    0s
     0     0   24.00000    0   30   18.00000   24.00000  33.3%     -    0s
     0     0   24.00000    0   32   18.00000   24.00000  33.3%     -    0s
     0     0   24.00000    0   27   18.00000   24.00000  33.3%     -    0s
     0     0   24.00000    0   27   18.00000   24.00000  33.3%     -    0s
     0     0   24.00000    0   20   18.00000   24.00000  33.3%     -    0s
     0     2   24.00000    0   20   18.00000   24.00000  33.3%     -    0s
  1474   449   20.93939   12  125   18.00000   21.96970  22.1%   184    5s

Cutting planes:
  Cover: 11
  MIR: 6
  Inf proof: 60
  Zero half: 5
  Mod-K: 3

Explored 3214 nodes (518141 simplex iterations) in 6.89 seconds (14.59 work units)
Thread count was 16 (of 16 available processors)

Solution count 5: 18 17 16 ... 6

Optimal solution found (tolerance 1.00e-04)
Best objective 1.800000000000e+01, best bound 1.800000000000e+01, gap 0.0000%

Wrote result file '/root/bgw/data/results/2026_03_23_14_03_16_set_exp_2_exp_2_n035_c006_g002_max.sol'

