[2026-03-23T15:56:59.669Z] Pipeline "set_exp_3_exp_3_n006_c001_g002" → 2026_03_23_15_56_59_set_exp_3_exp_3_n006_c001_g002_max.sol
Set parameter WLSAccessID
Set parameter WLSSecret
Set parameter LicenseID to value 2792458
Set parameter LogFile to value "gurobi.log"
Using license file /root/gurobi.lic
Academic license 2792458 - for non-commercial use only - registered to an___@studenti.unipg.it

Gurobi Optimizer version 13.0.1 build v13.0.1rc0 (linux64 - "Ubuntu 24.04.4 LTS")
Copyright (c) 2026, Gurobi Optimization, LLC

Warning: Duplicate section found (read 'binary') - Is a variable name equal to an LP file format keyword?
Warning: Duplicate section found (read 'binary') - Is a variable name equal to an LP file format keyword?
Warning: Duplicate section found (read 'binary') - Is a variable name equal to an LP file format keyword?
Warning: Duplicate section found (read 'binary') - Is a variable name equal to an LP file format keyword?
Warning: Duplicate section found (read 'binary') - Is a variable name equal to an LP file format keyword?
Warning: Duplicate section found (read 'binary') - Is a variable name equal to an LP file format keyword?
Warning: Duplicate section found (read 'binary') - Is a variable name equal to an LP file format keyword?
Warning: Duplicate section found (read 'binary') - Is a variable name equal to an LP file format keyword?
Warning: Duplicate section found (read 'binary') - Is a variable name equal to an LP file format keyword?
Warning: Duplicate section found (read 'binary') - Is a variable name equal to an LP file format keyword?
Warning: Further warnings of this type will be omitted.
Read LP format model from file /root/bgw/data/uploads/2026_03_23_15_56_59_set_exp_3_exp_3_n006_c001_g002_max.lp
Reading time = 0.00 seconds
: 123 rows, 38 columns, 323 nonzeros

Using Gurobi shared library /opt/gurobi1301/linux64/lib/libgurobi.so.13.0.1

CPU model: AMD EPYC-Genoa Processor, instruction set [SSE2|AVX|AVX2|AVX512]
Thread count: 16 physical cores, 16 logical processors, using up to 16 threads

Academic license 2792458 - for non-commercial use only - registered to an___@studenti.unipg.it
Optimize a model with 123 rows, 38 columns and 323 nonzeros (Max)
Model fingerprint: 0x3471448d
Model has 5 linear objective coefficients
Variable types: 11 continuous, 27 integer (27 binary)
Coefficient statistics:
  Matrix range     [1e+00, 7e+00]
  Objective range  [1e+00, 1e+00]
  Bounds range     [1e+00, 1e+00]
  RHS range        [1e+00, 8e+00]

Found heuristic solution: objective 5.0000000
Presolve removed 67 rows and 13 columns
Presolve time: 0.00s
Presolved: 56 rows, 25 columns, 180 nonzeros
Variable types: 0 continuous, 25 integer (21 binary)
Found heuristic solution: objective 11.0000000

Root relaxation: objective 2.300000e+01, 16 iterations, 0.00 seconds (0.00 work units)

    Nodes    |    Current Node    |     Objective Bounds      |     Work
 Expl Unexpl |  Obj  Depth IntInf | Incumbent    BestBd   Gap | It/Node Time

     0     0   23.00000    0    5   11.00000   23.00000   109%     -    0s
H    0     0                      14.0000000   23.00000  64.3%     -    0s
     0     0   23.00000    0   10   14.00000   23.00000  64.3%     -    0s
     0     0   20.00000    0    9   14.00000   20.00000  42.9%     -    0s
     0     0   20.00000    0    5   14.00000   20.00000  42.9%     -    0s
     0     0   20.00000    0    4   14.00000   20.00000  42.9%     -    0s
     0     0   18.50000    0    9   14.00000   18.50000  32.1%     -    0s
     0     0   17.00000    0   11   14.00000   17.00000  21.4%     -    0s
     0     0   17.00000    0   11   14.00000   17.00000  21.4%     -    0s
     0     0   14.00000    0   12   14.00000   14.00000  0.00%     -    0s

Cutting planes:
  Gomory: 1
  Cover: 1
  MIR: 4

Explored 1 nodes (51 simplex iterations) in 0.03 seconds (0.00 work units)
Thread count was 16 (of 16 available processors)

Solution count 3: 14 11 5 

Optimal solution found (tolerance 1.00e-04)
Best objective 1.400000000000e+01, best bound 1.400000000000e+01, gap 0.0000%

Wrote result file '/root/bgw/data/results/2026_03_23_15_56_59_set_exp_3_exp_3_n006_c001_g002_max.sol'

