[2026-03-23T13:38:00.976Z] Pipeline "set_exp_2_exp_2_n026_c005_g003" → 2026_03_23_13_38_00_set_exp_2_exp_2_n026_c005_g003_max.sol
Set parameter WLSAccessID
Set parameter WLSSecret
Set parameter LicenseID to value 2792458
Set parameter LogFile to value "gurobi.log"
Using license file /root/gurobi.lic
Academic license 2792458 - for non-commercial use only - registered to an___@studenti.unipg.it

Gurobi Optimizer version 13.0.1 build v13.0.1rc0 (linux64 - "Ubuntu 24.04.4 LTS")
Copyright (c) 2026, Gurobi Optimization, LLC

Warning: Duplicate section found (read 'binary') - Is a variable name equal to an LP file format keyword?
Warning: Duplicate section found (read 'binary') - Is a variable name equal to an LP file format keyword?
Warning: Duplicate section found (read 'binary') - Is a variable name equal to an LP file format keyword?
Warning: Duplicate section found (read 'binary') - Is a variable name equal to an LP file format keyword?
Warning: Duplicate section found (read 'binary') - Is a variable name equal to an LP file format keyword?
Warning: Duplicate section found (read 'binary') - Is a variable name equal to an LP file format keyword?
Warning: Duplicate section found (read 'binary') - Is a variable name equal to an LP file format keyword?
Warning: Duplicate section found (read 'binary') - Is a variable name equal to an LP file format keyword?
Warning: Duplicate section found (read 'binary') - Is a variable name equal to an LP file format keyword?
Warning: Duplicate section found (read 'binary') - Is a variable name equal to an LP file format keyword?
Warning: Further warnings of this type will be omitted.
Read LP format model from file /root/bgw/data/uploads/2026_03_23_13_38_00_set_exp_2_exp_2_n026_c005_g003_max.lp
Reading time = 0.00 seconds
: 5823 rows, 484 columns, 17480 nonzeros

Using Gurobi shared library /opt/gurobi1301/linux64/lib/libgurobi.so.13.0.1

CPU model: AMD EPYC-Genoa Processor, instruction set [SSE2|AVX|AVX2|AVX512]
Thread count: 16 physical cores, 16 logical processors, using up to 16 threads

Academic license 2792458 - for non-commercial use only - registered to an___@studenti.unipg.it
Optimize a model with 5823 rows, 484 columns and 17480 nonzeros (Max)
Model fingerprint: 0x0e64237a
Model has 5 linear objective coefficients
Variable types: 31 continuous, 453 integer (453 binary)
Coefficient statistics:
  Matrix range     [1e+00, 3e+01]
  Objective range  [1e+00, 1e+00]
  Bounds range     [1e+00, 1e+00]
  RHS range        [1e+00, 3e+01]

Found heuristic solution: objective 5.0000000
Presolve removed 581 rows and 132 columns
Presolve time: 0.02s
Presolved: 5242 rows, 352 columns, 16002 nonzeros
Variable types: 0 continuous, 352 integer (340 binary)

Root relaxation: objective 2.000000e+01, 520 iterations, 0.03 seconds (0.04 work units)

    Nodes    |    Current Node    |     Objective Bounds      |     Work
 Expl Unexpl |  Obj  Depth IntInf | Incumbent    BestBd   Gap | It/Node Time

     0     0   20.00000    0   33    5.00000   20.00000   300%     -    0s
H    0     0                      14.0000000   20.00000  42.9%     -    0s
H    0     0                      15.0000000   20.00000  33.3%     -    0s
     0     0   20.00000    0   37   15.00000   20.00000  33.3%     -    0s
     0     0   20.00000    0   37   15.00000   20.00000  33.3%     -    0s
     0     0   20.00000    0   32   15.00000   20.00000  33.3%     -    0s
     0     0   20.00000    0   39   15.00000   20.00000  33.3%     -    0s
     0     0   20.00000    0   33   15.00000   20.00000  33.3%     -    0s
     0     0   20.00000    0   52   15.00000   20.00000  33.3%     -    0s
     0     0   20.00000    0   41   15.00000   20.00000  33.3%     -    0s
     0     0   20.00000    0   44   15.00000   20.00000  33.3%     -    0s
     0     0   20.00000    0   29   15.00000   20.00000  33.3%     -    0s
     0     0   20.00000    0   38   15.00000   20.00000  33.3%     -    0s
     0     0   20.00000    0   28   15.00000   20.00000  33.3%     -    0s
     0     0   20.00000    0   31   15.00000   20.00000  33.3%     -    0s
     0     0   20.00000    0   31   15.00000   20.00000  33.3%     -    0s
     0     0   20.00000    0   31   15.00000   20.00000  33.3%     -    0s
     0     0   20.00000    0   31   15.00000   20.00000  33.3%     -    0s
     0     2   20.00000    0   31   15.00000   20.00000  33.3%     -    0s

Cutting planes:
  Cover: 15
  MIR: 3
  StrongCG: 1
  Inf proof: 34
  Zero half: 6

Explored 2087 nodes (271022 simplex iterations) in 2.57 seconds (4.65 work units)
Thread count was 16 (of 16 available processors)

Solution count 3: 15 14 5 

Optimal solution found (tolerance 1.00e-04)
Best objective 1.500000000000e+01, best bound 1.500000000000e+01, gap 0.0000%

Wrote result file '/root/bgw/data/results/2026_03_23_13_38_00_set_exp_2_exp_2_n026_c005_g003_max.sol'

