[2026-03-23T13:49:29.167Z] Pipeline "set_exp_2_exp_2_n032_c006_g003" → 2026_03_23_13_49_29_set_exp_2_exp_2_n032_c006_g003_max.sol
Set parameter WLSAccessID
Set parameter WLSSecret
Set parameter LicenseID to value 2792458
Set parameter LogFile to value "gurobi.log"
Using license file /root/gurobi.lic
Academic license 2792458 - for non-commercial use only - registered to an___@studenti.unipg.it

Gurobi Optimizer version 13.0.1 build v13.0.1rc0 (linux64 - "Ubuntu 24.04.4 LTS")
Copyright (c) 2026, Gurobi Optimization, LLC

Warning: Duplicate section found (read 'binary') - Is a variable name equal to an LP file format keyword?
Warning: Duplicate section found (read 'binary') - Is a variable name equal to an LP file format keyword?
Warning: Duplicate section found (read 'binary') - Is a variable name equal to an LP file format keyword?
Warning: Duplicate section found (read 'binary') - Is a variable name equal to an LP file format keyword?
Warning: Duplicate section found (read 'binary') - Is a variable name equal to an LP file format keyword?
Warning: Duplicate section found (read 'binary') - Is a variable name equal to an LP file format keyword?
Warning: Duplicate section found (read 'binary') - Is a variable name equal to an LP file format keyword?
Warning: Duplicate section found (read 'binary') - Is a variable name equal to an LP file format keyword?
Warning: Duplicate section found (read 'binary') - Is a variable name equal to an LP file format keyword?
Warning: Duplicate section found (read 'binary') - Is a variable name equal to an LP file format keyword?
Warning: Further warnings of this type will be omitted.
Read LP format model from file /root/bgw/data/uploads/2026_03_23_13_49_29_set_exp_2_exp_2_n032_c006_g003_max.lp
Reading time = 0.01 seconds
: 11030 rows, 744 columns, 32952 nonzeros

Using Gurobi shared library /opt/gurobi1301/linux64/lib/libgurobi.so.13.0.1

CPU model: AMD EPYC-Genoa Processor, instruction set [SSE2|AVX|AVX2|AVX512]
Thread count: 16 physical cores, 16 logical processors, using up to 16 threads

Academic license 2792458 - for non-commercial use only - registered to an___@studenti.unipg.it
Optimize a model with 11030 rows, 744 columns and 32952 nonzeros (Max)
Model fingerprint: 0xd1db5725
Model has 6 linear objective coefficients
Variable types: 38 continuous, 706 integer (706 binary)
Coefficient statistics:
  Matrix range     [1e+00, 3e+01]
  Objective range  [1e+00, 1e+00]
  Bounds range     [1e+00, 1e+00]
  RHS range        [1e+00, 3e+01]

Found heuristic solution: objective 6.0000000
Presolve removed 1069 rows and 222 columns
Presolve time: 0.04s
Presolved: 9961 rows, 522 columns, 30202 nonzeros
Variable types: 0 continuous, 522 integer (511 binary)
Found heuristic solution: objective 8.0000000

Root relaxation: objective 2.400000e+01, 341 iterations, 0.02 seconds (0.03 work units)

    Nodes    |    Current Node    |     Objective Bounds      |     Work
 Expl Unexpl |  Obj  Depth IntInf | Incumbent    BestBd   Gap | It/Node Time

     0     0   24.00000    0   31    8.00000   24.00000   200%     -    0s
H    0     0                       9.0000000   24.00000   167%     -    0s
H    0     0                      15.0000000   24.00000  60.0%     -    0s
H    0     0                      16.0000000   24.00000  50.0%     -    0s
H    0     0                      17.0000000   24.00000  41.2%     -    0s
     0     0   24.00000    0   39   17.00000   24.00000  41.2%     -    0s
     0     0   24.00000    0   39   17.00000   24.00000  41.2%     -    0s
     0     0   24.00000    0   63   17.00000   24.00000  41.2%     -    0s
     0     0   24.00000    0   32   17.00000   24.00000  41.2%     -    0s
     0     0   24.00000    0   30   17.00000   24.00000  41.2%     -    0s
     0     0   24.00000    0   43   17.00000   24.00000  41.2%     -    0s
     0     0   24.00000    0   33   17.00000   24.00000  41.2%     -    0s
     0     0   24.00000    0   33   17.00000   24.00000  41.2%     -    0s
     0     0   24.00000    0   35   17.00000   24.00000  41.2%     -    0s
     0     0   24.00000    0   35   17.00000   24.00000  41.2%     -    0s
     0     0   24.00000    0   45   17.00000   24.00000  41.2%     -    0s
     0     0   24.00000    0   42   17.00000   24.00000  41.2%     -    0s
     0     0   24.00000    0   29   17.00000   24.00000  41.2%     -    0s
     0     0   24.00000    0   35   17.00000   24.00000  41.2%     -    0s
     0     0   24.00000    0   31   17.00000   24.00000  41.2%     -    0s
     0     0   24.00000    0   31   17.00000   24.00000  41.2%     -    0s
     0     0   24.00000    0   30   17.00000   24.00000  41.2%     -    0s
     0     2   24.00000    0   30   17.00000   24.00000  41.2%     -    0s
  1443   340     cutoff   15        17.00000   22.76667  33.9%   210    5s

Cutting planes:
  Cover: 21
  Inf proof: 36

Explored 3170 nodes (757665 simplex iterations) in 8.27 seconds (16.91 work units)
Thread count was 16 (of 16 available processors)

Solution count 6: 17 16 15 ... 6

Optimal solution found (tolerance 1.00e-04)
Best objective 1.700000000000e+01, best bound 1.700000000000e+01, gap 0.0000%

Wrote result file '/root/bgw/data/results/2026_03_23_13_49_29_set_exp_2_exp_2_n032_c006_g003_max.sol'

