[2026-03-23T16:02:10.844Z] Pipeline "set_exp_3_exp_3_n024_c005_g004" → 2026_03_23_16_02_10_set_exp_3_exp_3_n024_c005_g004_max.sol
Set parameter WLSAccessID
Set parameter WLSSecret
Set parameter LicenseID to value 2792458
Set parameter LogFile to value "gurobi.log"
Using license file /root/gurobi.lic
Academic license 2792458 - for non-commercial use only - registered to an___@studenti.unipg.it

Gurobi Optimizer version 13.0.1 build v13.0.1rc0 (linux64 - "Ubuntu 24.04.4 LTS")
Copyright (c) 2026, Gurobi Optimization, LLC

Warning: Duplicate section found (read 'binary') - Is a variable name equal to an LP file format keyword?
Warning: Duplicate section found (read 'binary') - Is a variable name equal to an LP file format keyword?
Warning: Duplicate section found (read 'binary') - Is a variable name equal to an LP file format keyword?
Warning: Duplicate section found (read 'binary') - Is a variable name equal to an LP file format keyword?
Warning: Duplicate section found (read 'binary') - Is a variable name equal to an LP file format keyword?
Warning: Duplicate section found (read 'binary') - Is a variable name equal to an LP file format keyword?
Warning: Duplicate section found (read 'binary') - Is a variable name equal to an LP file format keyword?
Warning: Duplicate section found (read 'binary') - Is a variable name equal to an LP file format keyword?
Warning: Duplicate section found (read 'binary') - Is a variable name equal to an LP file format keyword?
Warning: Duplicate section found (read 'binary') - Is a variable name equal to an LP file format keyword?
Warning: Further warnings of this type will be omitted.
Read LP format model from file /root/bgw/data/uploads/2026_03_23_16_02_10_set_exp_3_exp_3_n024_c005_g004_max.lp
Reading time = 0.01 seconds
: 4553 rows, 403 columns, 13692 nonzeros

Using Gurobi shared library /opt/gurobi1301/linux64/lib/libgurobi.so.13.0.1

CPU model: AMD EPYC-Genoa Processor, instruction set [SSE2|AVX|AVX2|AVX512]
Thread count: 16 physical cores, 16 logical processors, using up to 16 threads

Academic license 2792458 - for non-commercial use only - registered to an___@studenti.unipg.it
Optimize a model with 4553 rows, 403 columns and 13692 nonzeros (Max)
Model fingerprint: 0x11f8f878
Model has 5 linear objective coefficients
Variable types: 29 continuous, 374 integer (374 binary)
Coefficient statistics:
  Matrix range     [1e+00, 2e+01]
  Objective range  [1e+00, 1e+00]
  Bounds range     [1e+00, 1e+00]
  RHS range        [1e+00, 3e+01]

Found heuristic solution: objective 5.0000000
Presolve removed 469 rows and 104 columns
Presolve time: 0.03s
Presolved: 4084 rows, 299 columns, 12462 nonzeros
Variable types: 0 continuous, 299 integer (289 binary)

Root relaxation: objective 2.000000e+01, 199 iterations, 0.01 seconds (0.01 work units)

    Nodes    |    Current Node    |     Objective Bounds      |     Work
 Expl Unexpl |  Obj  Depth IntInf | Incumbent    BestBd   Gap | It/Node Time

     0     0   20.00000    0   22    5.00000   20.00000   300%     -    0s
H    0     0                      14.0000000   20.00000  42.9%     -    0s
H    0     0                      15.0000000   20.00000  33.3%     -    0s
     0     0   20.00000    0   26   15.00000   20.00000  33.3%     -    0s
     0     0   20.00000    0   25   15.00000   20.00000  33.3%     -    0s
     0     0   20.00000    0   30   15.00000   20.00000  33.3%     -    0s
     0     0   20.00000    0   19   15.00000   20.00000  33.3%     -    0s
     0     0   20.00000    0   23   15.00000   20.00000  33.3%     -    0s
     0     0   20.00000    0   21   15.00000   20.00000  33.3%     -    0s
     0     0   19.00000    0   20   15.00000   19.00000  26.7%     -    0s
     0     0   19.00000    0   23   15.00000   19.00000  26.7%     -    0s
     0     0   19.00000    0   21   15.00000   19.00000  26.7%     -    0s
     0     0   19.00000    0   26   15.00000   19.00000  26.7%     -    0s
     0     0   19.00000    0   19   15.00000   19.00000  26.7%     -    0s
     0     0   19.00000    0   24   15.00000   19.00000  26.7%     -    0s
     0     0   19.00000    0   24   15.00000   19.00000  26.7%     -    0s
     0     0   19.00000    0   24   15.00000   19.00000  26.7%     -    0s
     0     0   19.00000    0   25   15.00000   19.00000  26.7%     -    0s
     0     0   19.00000    0   25   15.00000   19.00000  26.7%     -    0s
     0     0   19.00000    0   25   15.00000   19.00000  26.7%     -    0s
     0     0   19.00000    0   25   15.00000   19.00000  26.7%     -    0s
     0     2   19.00000    0   25   15.00000   19.00000  26.7%     -    0s

Cutting planes:
  Gomory: 5
  Cover: 2
  MIR: 3
  StrongCG: 1
  Inf proof: 19
  Zero half: 3

Explored 1107 nodes (112370 simplex iterations) in 1.29 seconds (1.68 work units)
Thread count was 16 (of 16 available processors)

Solution count 3: 15 14 5 

Optimal solution found (tolerance 1.00e-04)
Best objective 1.500000000000e+01, best bound 1.500000000000e+01, gap 0.0000%

Wrote result file '/root/bgw/data/results/2026_03_23_16_02_10_set_exp_3_exp_3_n024_c005_g004_max.sol'

