[2026-03-23T16:04:41.819Z] Pipeline "set_exp_3_exp_3_n028_c004_g004" → 2026_03_23_16_04_41_set_exp_3_exp_3_n028_c004_g004_max.sol
Set parameter WLSAccessID
Set parameter WLSSecret
Set parameter LicenseID to value 2792458
Set parameter LogFile to value "gurobi.log"
Using license file /root/gurobi.lic
Academic license 2792458 - for non-commercial use only - registered to an___@studenti.unipg.it

Gurobi Optimizer version 13.0.1 build v13.0.1rc0 (linux64 - "Ubuntu 24.04.4 LTS")
Copyright (c) 2026, Gurobi Optimization, LLC

Warning: Duplicate section found (read 'binary') - Is a variable name equal to an LP file format keyword?
Warning: Duplicate section found (read 'binary') - Is a variable name equal to an LP file format keyword?
Warning: Duplicate section found (read 'binary') - Is a variable name equal to an LP file format keyword?
Warning: Duplicate section found (read 'binary') - Is a variable name equal to an LP file format keyword?
Warning: Duplicate section found (read 'binary') - Is a variable name equal to an LP file format keyword?
Warning: Duplicate section found (read 'binary') - Is a variable name equal to an LP file format keyword?
Warning: Duplicate section found (read 'binary') - Is a variable name equal to an LP file format keyword?
Warning: Duplicate section found (read 'binary') - Is a variable name equal to an LP file format keyword?
Warning: Duplicate section found (read 'binary') - Is a variable name equal to an LP file format keyword?
Warning: Duplicate section found (read 'binary') - Is a variable name equal to an LP file format keyword?
Warning: Further warnings of this type will be omitted.
Read LP format model from file /root/bgw/data/uploads/2026_03_23_16_04_41_set_exp_3_exp_3_n028_c004_g004_max.lp
Reading time = 0.01 seconds
: 7476 rows, 593 columns, 22240 nonzeros

Using Gurobi shared library /opt/gurobi1301/linux64/lib/libgurobi.so.13.0.1

CPU model: AMD EPYC-Genoa Processor, instruction set [SSE2|AVX|AVX2|AVX512]
Thread count: 16 physical cores, 16 logical processors, using up to 16 threads

Academic license 2792458 - for non-commercial use only - registered to an___@studenti.unipg.it
Optimize a model with 7476 rows, 593 columns and 22240 nonzeros (Max)
Model fingerprint: 0xe0aafbd7
Model has 4 linear objective coefficients
Variable types: 32 continuous, 561 integer (561 binary)
Coefficient statistics:
  Matrix range     [1e+00, 3e+01]
  Objective range  [1e+00, 1e+00]
  Bounds range     [1e+00, 1e+00]
  RHS range        [1e+00, 3e+01]

Found heuristic solution: objective 4.0000000
Presolve removed 892 rows and 194 columns
Presolve time: 0.04s
Presolved: 6584 rows, 399 columns, 20002 nonzeros
Variable types: 0 continuous, 399 integer (389 binary)
Found heuristic solution: objective 6.0000000

Root relaxation: objective 1.600000e+01, 152 iterations, 0.02 seconds (0.01 work units)

    Nodes    |    Current Node    |     Objective Bounds      |     Work
 Expl Unexpl |  Obj  Depth IntInf | Incumbent    BestBd   Gap | It/Node Time

     0     0   16.00000    0   28    6.00000   16.00000   167%     -    0s
H    0     0                      12.0000000   16.00000  33.3%     -    0s
     0     0   16.00000    0   26   12.00000   16.00000  33.3%     -    0s
     0     0   16.00000    0   29   12.00000   16.00000  33.3%     -    0s
     0     0   16.00000    0   26   12.00000   16.00000  33.3%     -    0s
     0     0   16.00000    0   17   12.00000   16.00000  33.3%     -    0s
     0     0   16.00000    0   19   12.00000   16.00000  33.3%     -    0s
     0     0   16.00000    0   17   12.00000   16.00000  33.3%     -    0s
     0     0   16.00000    0   15   12.00000   16.00000  33.3%     -    0s
     0     0   16.00000    0   15   12.00000   16.00000  33.3%     -    0s
     0     0   16.00000    0   22   12.00000   16.00000  33.3%     -    0s
     0     0   16.00000    0   15   12.00000   16.00000  33.3%     -    0s
     0     0   16.00000    0   19   12.00000   16.00000  33.3%     -    0s
     0     0   16.00000    0   21   12.00000   16.00000  33.3%     -    0s
     0     0   16.00000    0   17   12.00000   16.00000  33.3%     -    0s
     0     0   16.00000    0   18   12.00000   16.00000  33.3%     -    0s
     0     0   16.00000    0   12   12.00000   16.00000  33.3%     -    0s
     0     0   16.00000    0   12   12.00000   16.00000  33.3%     -    0s
     0     0   16.00000    0   24   12.00000   16.00000  33.3%     -    0s
     0     0   16.00000    0   17   12.00000   16.00000  33.3%     -    0s
     0     0   16.00000    0   17   12.00000   16.00000  33.3%     -    0s
     0     0   16.00000    0   21   12.00000   16.00000  33.3%     -    0s
     0     0   16.00000    0   21   12.00000   16.00000  33.3%     -    0s
     0     0   16.00000    0   21   12.00000   16.00000  33.3%     -    0s
     0     0   16.00000    0   21   12.00000   16.00000  33.3%     -    0s
     0     2   16.00000    0   21   12.00000   16.00000  33.3%     -    0s

Cutting planes:
  Lift-and-project: 1
  Cover: 10
  MIR: 7
  Inf proof: 27
  Zero half: 1
  Mod-K: 3

Explored 579 nodes (78201 simplex iterations) in 1.81 seconds (2.11 work units)
Thread count was 16 (of 16 available processors)

Solution count 3: 12 6 4 

Optimal solution found (tolerance 1.00e-04)
Best objective 1.200000000000e+01, best bound 1.200000000000e+01, gap 0.0000%

Wrote result file '/root/bgw/data/results/2026_03_23_16_04_41_set_exp_3_exp_3_n028_c004_g004_max.sol'

