[2026-03-24T00:33:18.599Z] Pipeline "set_set_set_s000_g007" → 2026_03_24_00_33_18_set_set_set_s000_g007_max.sol
Set parameter WLSAccessID
Set parameter WLSSecret
Set parameter LicenseID to value 2792458
Set parameter LogFile to value "gurobi.log"
Using license file /root/gurobi.lic
Academic license 2792458 - for non-commercial use only - registered to an___@studenti.unipg.it

Gurobi Optimizer version 13.0.1 build v13.0.1rc0 (linux64 - "Ubuntu 24.04.4 LTS")
Copyright (c) 2026, Gurobi Optimization, LLC

Warning: Duplicate section found (read 'binary') - Is a variable name equal to an LP file format keyword?
Warning: Duplicate section found (read 'binary') - Is a variable name equal to an LP file format keyword?
Warning: Duplicate section found (read 'binary') - Is a variable name equal to an LP file format keyword?
Warning: Duplicate section found (read 'binary') - Is a variable name equal to an LP file format keyword?
Warning: Duplicate section found (read 'binary') - Is a variable name equal to an LP file format keyword?
Warning: Duplicate section found (read 'binary') - Is a variable name equal to an LP file format keyword?
Warning: Duplicate section found (read 'binary') - Is a variable name equal to an LP file format keyword?
Warning: Duplicate section found (read 'binary') - Is a variable name equal to an LP file format keyword?
Warning: Duplicate section found (read 'binary') - Is a variable name equal to an LP file format keyword?
Warning: Duplicate section found (read 'binary') - Is a variable name equal to an LP file format keyword?
Warning: Further warnings of this type will be omitted.
Read LP format model from file /root/bgw/data/uploads/2026_03_24_00_33_18_set_set_set_s000_g007_max.lp
Reading time = 0.00 seconds
: 130 rows, 34 columns, 319 nonzeros

Using Gurobi shared library /opt/gurobi1301/linux64/lib/libgurobi.so.13.0.1

CPU model: AMD EPYC-Genoa Processor, instruction set [SSE2|AVX|AVX2|AVX512]
Thread count: 16 physical cores, 16 logical processors, using up to 16 threads

Academic license 2792458 - for non-commercial use only - registered to an___@studenti.unipg.it
Optimize a model with 130 rows, 34 columns and 319 nonzeros (Max)
Model fingerprint: 0x9804d64f
Model has 9 linear objective coefficients
Variable types: 14 continuous, 20 integer (20 binary)
Coefficient statistics:
  Matrix range     [1e+00, 6e+00]
  Objective range  [1e+00, 1e+00]
  Bounds range     [1e+00, 1e+00]
  RHS range        [1e+00, 7e+00]

Found heuristic solution: objective 9.0000000
Presolve removed 87 rows and 10 columns
Presolve time: 0.00s
Presolved: 43 rows, 24 columns, 139 nonzeros
Variable types: 0 continuous, 24 integer (19 binary)
Found heuristic solution: objective 20.0000000

Root relaxation: objective 4.200000e+01, 16 iterations, 0.00 seconds (0.00 work units)

    Nodes    |    Current Node    |     Objective Bounds      |     Work
 Expl Unexpl |  Obj  Depth IntInf | Incumbent    BestBd   Gap | It/Node Time

     0     0   42.00000    0   14   20.00000   42.00000   110%     -    0s
H    0     0                      22.0000000   42.00000  90.9%     -    0s
H    0     0                      23.0000000   42.00000  82.6%     -    0s
H    0     0                      25.0000000   40.33333  61.3%     -    0s
     0     0   39.00000    0   15   25.00000   39.00000  56.0%     -    0s
     0     0   37.00000    0   14   25.00000   37.00000  48.0%     -    0s
     0     0   37.00000    0   14   25.00000   37.00000  48.0%     -    0s
     0     0   34.00000    0    9   25.00000   34.00000  36.0%     -    0s
     0     0   33.33333    0    9   25.00000   33.33333  33.3%     -    0s
     0     0   33.00000    0   14   25.00000   33.00000  32.0%     -    0s
     0     0   33.00000    0   14   25.00000   33.00000  32.0%     -    0s
     0     0   30.33333    0   14   25.00000   30.33333  21.3%     -    0s
     0     0   30.33333    0    7   25.00000   30.33333  21.3%     -    0s
     0     0   29.16667    0   14   25.00000   29.16667  16.7%     -    0s
     0     0   28.00000    0   15   25.00000   28.00000  12.0%     -    0s
     0     0   28.00000    0   14   25.00000   28.00000  12.0%     -    0s
     0     0   27.00000    0   14   25.00000   27.00000  8.00%     -    0s
     0     0   26.00000    0   14   25.00000   26.00000  4.00%     -    0s
     0     0   26.00000    0    8   25.00000   26.00000  4.00%     -    0s
     0     0   25.00000    0   15   25.00000   25.00000  0.00%     -    0s

Cutting planes:
  Gomory: 6
  MIR: 1
  Mod-K: 1

Explored 1 nodes (169 simplex iterations) in 0.05 seconds (0.01 work units)
Thread count was 16 (of 16 available processors)

Solution count 5: 25 23 22 ... 9

Optimal solution found (tolerance 1.00e-04)
Best objective 2.500000000000e+01, best bound 2.500000000000e+01, gap 0.0000%

Wrote result file '/root/bgw/data/results/2026_03_24_00_33_18_set_set_set_s000_g007_max.sol'

