[2026-03-23T16:34:44.984Z] Pipeline "set_ds_1_ds_1_s008_g002" → 2026_03_23_16_34_44_set_ds_1_ds_1_s008_g002_max.sol
Set parameter WLSAccessID
Set parameter WLSSecret
Set parameter LicenseID to value 2792458
Set parameter LogFile to value "gurobi.log"
Using license file /root/gurobi.lic
Academic license 2792458 - for non-commercial use only - registered to an___@studenti.unipg.it

Gurobi Optimizer version 13.0.1 build v13.0.1rc0 (linux64 - "Ubuntu 24.04.4 LTS")
Copyright (c) 2026, Gurobi Optimization, LLC

Warning: Duplicate section found (read 'binary') - Is a variable name equal to an LP file format keyword?
Warning: Duplicate section found (read 'binary') - Is a variable name equal to an LP file format keyword?
Warning: Duplicate section found (read 'binary') - Is a variable name equal to an LP file format keyword?
Warning: Duplicate section found (read 'binary') - Is a variable name equal to an LP file format keyword?
Warning: Duplicate section found (read 'binary') - Is a variable name equal to an LP file format keyword?
Warning: Duplicate section found (read 'binary') - Is a variable name equal to an LP file format keyword?
Warning: Duplicate section found (read 'binary') - Is a variable name equal to an LP file format keyword?
Warning: Duplicate section found (read 'binary') - Is a variable name equal to an LP file format keyword?
Warning: Duplicate section found (read 'binary') - Is a variable name equal to an LP file format keyword?
Warning: Duplicate section found (read 'binary') - Is a variable name equal to an LP file format keyword?
Warning: Further warnings of this type will be omitted.
Read LP format model from file /root/bgw/data/uploads/2026_03_23_16_34_44_set_ds_1_ds_1_s008_g002_max.lp
Reading time = 0.00 seconds
: 2056 rows, 250 columns, 6101 nonzeros

Using Gurobi shared library /opt/gurobi1301/linux64/lib/libgurobi.so.13.0.1

CPU model: AMD EPYC-Genoa Processor, instruction set [SSE2|AVX|AVX2|AVX512]
Thread count: 16 physical cores, 16 logical processors, using up to 16 threads

Academic license 2792458 - for non-commercial use only - registered to an___@studenti.unipg.it
Optimize a model with 2056 rows, 250 columns and 6101 nonzeros (Max)
Model fingerprint: 0xc2c4686a
Model has 22 linear objective coefficients
Variable types: 40 continuous, 210 integer (210 binary)
Coefficient statistics:
  Matrix range     [1e+00, 2e+01]
  Objective range  [1e+00, 1e+00]
  Bounds range     [1e+00, 1e+00]
  RHS range        [1e+00, 2e+01]

Found heuristic solution: objective 22.0000000
Presolve removed 382 rows and 72 columns
Presolve time: 0.01s
Presolved: 1674 rows, 178 columns, 5142 nonzeros
Variable types: 0 continuous, 178 integer (170 binary)
Found heuristic solution: objective 39.0000000

Root relaxation: objective 1.130000e+02, 194 iterations, 0.01 seconds (0.01 work units)

    Nodes    |    Current Node    |     Objective Bounds      |     Work
 Expl Unexpl |  Obj  Depth IntInf | Incumbent    BestBd   Gap | It/Node Time

     0     0  113.00000    0   35   39.00000  113.00000   190%     -    0s
H    0     0                      40.0000000  113.00000   182%     -    0s
H    0     0                      50.0000000  113.00000   126%     -    0s
H    0     0                      57.0000000  113.00000  98.2%     -    0s
     0     0  113.00000    0   39   57.00000  113.00000  98.2%     -    0s
     0     0  113.00000    0   39   57.00000  113.00000  98.2%     -    0s
     0     0  113.00000    0   27   57.00000  113.00000  98.2%     -    0s
H    0     0                      58.0000000  113.00000  94.8%     -    0s
     0     0  113.00000    0   34   58.00000  113.00000  94.8%     -    0s
     0     0  113.00000    0   29   58.00000  113.00000  94.8%     -    0s
H    0     0                      61.0000000  111.96875  83.6%     -    0s
     0     0  111.95313    0   26   61.00000  111.95313  83.5%     -    0s
     0     0  111.95313    0   26   61.00000  111.95313  83.5%     -    0s
     0     0  110.00000    0   35   61.00000  110.00000  80.3%     -    0s
     0     0  110.00000    0   29   61.00000  110.00000  80.3%     -    0s
     0     0  108.87500    0   30   61.00000  108.87500  78.5%     -    0s
     0     0  108.87500    0   29   61.00000  108.87500  78.5%     -    0s
     0     0  108.00000    0   31   61.00000  108.00000  77.0%     -    0s
     0     0  108.00000    0   28   61.00000  108.00000  77.0%     -    0s
     0     0  107.96429    0   28   61.00000  107.96429  77.0%     -    0s
     0     0  107.96429    0   28   61.00000  107.96429  77.0%     -    0s
     0     2  107.96429    0   28   61.00000  107.96429  77.0%     -    0s

Cutting planes:
  Cover: 77
  Inf proof: 108

Explored 9699 nodes (567328 simplex iterations) in 2.59 seconds (3.37 work units)
Thread count was 16 (of 16 available processors)

Solution count 7: 61 58 57 ... 22

Optimal solution found (tolerance 1.00e-04)
Best objective 6.100000000000e+01, best bound 6.100000000000e+01, gap 0.0000%

Wrote result file '/root/bgw/data/results/2026_03_23_16_34_44_set_ds_1_ds_1_s008_g002_max.sol'

