[2026-03-24T14:28:28.523Z] Pipeline "set_vm-3-t1_vm-3-t1_s013_g003" → 2026_03_24_14_28_28_set_vm-3-t1_vm-3-t1_s013_g003_max.sol
Set parameter Username
Set parameter LicenseID to value 2796068
Set parameter LogFile to value "gurobi.log"
Using license file /opt/gurobi/gurobi.lic
Academic license - for non-commercial use only - expires 2027-03-23

Gurobi Optimizer version 13.0.1 build v13.0.1rc0 (linux64 - "Ubuntu 24.04.4 LTS")
Copyright (c) 2026, Gurobi Optimization, LLC

Warning: Duplicate section found (read 'binary') - Is a variable name equal to an LP file format keyword?
Warning: Duplicate section found (read 'binary') - Is a variable name equal to an LP file format keyword?
Warning: Duplicate section found (read 'binary') - Is a variable name equal to an LP file format keyword?
Warning: Duplicate section found (read 'binary') - Is a variable name equal to an LP file format keyword?
Warning: Duplicate section found (read 'binary') - Is a variable name equal to an LP file format keyword?
Warning: Duplicate section found (read 'binary') - Is a variable name equal to an LP file format keyword?
Warning: Duplicate section found (read 'binary') - Is a variable name equal to an LP file format keyword?
Warning: Duplicate section found (read 'binary') - Is a variable name equal to an LP file format keyword?
Warning: Duplicate section found (read 'binary') - Is a variable name equal to an LP file format keyword?
Warning: Duplicate section found (read 'binary') - Is a variable name equal to an LP file format keyword?
Warning: Further warnings of this type will be omitted.
Read LP format model from file /root/bgw/data/uploads/2026_03_24_14_28_28_set_vm-3-t1_vm-3-t1_s013_g003_max.lp
Reading time = 0.00 seconds
: 3831 rows, 333 columns, 11713 nonzeros

Using Gurobi shared library /opt/gurobi1301/linux64/lib/libgurobi.so.13.0.1

CPU model: AMD EPYC-Genoa Processor, instruction set [SSE2|AVX|AVX2|AVX512]
Thread count: 16 physical cores, 16 logical processors, using up to 16 threads

Optimize a model with 3831 rows, 333 columns and 11713 nonzeros (Max)
Model fingerprint: 0xd4303f03
Model has 10 linear objective coefficients
Variable types: 33 continuous, 300 integer (300 binary)
Coefficient statistics:
  Matrix range     [1e+00, 2e+01]
  Objective range  [1e+00, 1e+00]
  Bounds range     [1e+00, 1e+00]
  RHS range        [1e+00, 3e+01]

Found heuristic solution: objective 10.0000000
Presolve removed 261 rows and 63 columns
Presolve time: 0.01s
Presolved: 3570 rows, 270 columns, 10830 nonzeros
Variable types: 0 continuous, 270 integer (264 binary)

Root relaxation: objective 4.600000e+01, 133 iterations, 0.01 seconds (0.01 work units)

    Nodes    |    Current Node    |     Objective Bounds      |     Work
 Expl Unexpl |  Obj  Depth IntInf | Incumbent    BestBd   Gap | It/Node Time

     0     0   46.00000    0   17   10.00000   46.00000   360%     -    0s
H    0     0                      19.0000000   46.00000   142%     -    0s
H    0     0                      28.0000000   46.00000  64.3%     -    0s
     0     0   46.00000    0   22   28.00000   46.00000  64.3%     -    0s
     0     0   46.00000    0   18   28.00000   46.00000  64.3%     -    0s
     0     0   46.00000    0   17   28.00000   46.00000  64.3%     -    0s
     0     0   46.00000    0   18   28.00000   46.00000  64.3%     -    0s
     0     0   46.00000    0   18   28.00000   46.00000  64.3%     -    0s
     0     0   46.00000    0   18   28.00000   46.00000  64.3%     -    0s
     0     0   46.00000    0   17   28.00000   46.00000  64.3%     -    0s
     0     0   46.00000    0   19   28.00000   46.00000  64.3%     -    0s
     0     0   46.00000    0   18   28.00000   46.00000  64.3%     -    0s
     0     0   43.00000    0   20   28.00000   43.00000  53.6%     -    0s
     0     0   43.00000    0   19   28.00000   43.00000  53.6%     -    0s
     0     0   43.00000    0   14   28.00000   43.00000  53.6%     -    0s
     0     0   42.85714    0   19   28.00000   42.85714  53.1%     -    0s
     0     0   42.85714    0   19   28.00000   42.85714  53.1%     -    0s
     0     0   42.85714    0   17   28.00000   42.85714  53.1%     -    0s
     0     0   42.85714    0   17   28.00000   42.85714  53.1%     -    0s
     0     0   42.85714    0   15   28.00000   42.85714  53.1%     -    0s
     0     0   42.85714    0   15   28.00000   42.85714  53.1%     -    0s
     0     0   42.85714    0   15   28.00000   42.85714  53.1%     -    0s
     0     0   42.85714    0   15   28.00000   42.85714  53.1%     -    0s
     0     2   42.85714    0   14   28.00000   42.85714  53.1%     -    0s

Cutting planes:
  Gomory: 3
  Lift-and-project: 4
  MIR: 10
  StrongCG: 5
  Inf proof: 5
  Zero half: 2
  Mod-K: 6

Explored 687 nodes (43871 simplex iterations) in 0.53 seconds (0.73 work units)
Thread count was 16 (of 16 available processors)

Solution count 3: 28 19 10 

Optimal solution found (tolerance 1.00e-04)
Best objective 2.800000000000e+01, best bound 2.800000000000e+01, gap 0.0000%

Wrote result file '/root/bgw/data/results/2026_03_24_14_28_28_set_vm-3-t1_vm-3-t1_s013_g003_max.sol'

