[2026-03-23T13:55:35.008Z] Pipeline "set_exp_2_exp_2_n032_c008_g005" → 2026_03_23_13_55_34_set_exp_2_exp_2_n032_c008_g005_max.sol
Set parameter WLSAccessID
Set parameter WLSSecret
Set parameter LicenseID to value 2792458
Set parameter LogFile to value "gurobi.log"
Using license file /root/gurobi.lic
Academic license 2792458 - for non-commercial use only - registered to an___@studenti.unipg.it

Gurobi Optimizer version 13.0.1 build v13.0.1rc0 (linux64 - "Ubuntu 24.04.4 LTS")
Copyright (c) 2026, Gurobi Optimization, LLC

Warning: Duplicate section found (read 'binary') - Is a variable name equal to an LP file format keyword?
Warning: Duplicate section found (read 'binary') - Is a variable name equal to an LP file format keyword?
Warning: Duplicate section found (read 'binary') - Is a variable name equal to an LP file format keyword?
Warning: Duplicate section found (read 'binary') - Is a variable name equal to an LP file format keyword?
Warning: Duplicate section found (read 'binary') - Is a variable name equal to an LP file format keyword?
Warning: Duplicate section found (read 'binary') - Is a variable name equal to an LP file format keyword?
Warning: Duplicate section found (read 'binary') - Is a variable name equal to an LP file format keyword?
Warning: Duplicate section found (read 'binary') - Is a variable name equal to an LP file format keyword?
Warning: Duplicate section found (read 'binary') - Is a variable name equal to an LP file format keyword?
Warning: Duplicate section found (read 'binary') - Is a variable name equal to an LP file format keyword?
Warning: Further warnings of this type will be omitted.
Read LP format model from file /root/bgw/data/uploads/2026_03_23_13_55_34_set_exp_2_exp_2_n032_c008_g005_max.lp
Reading time = 0.01 seconds
: 11084 rows, 745 columns, 33064 nonzeros

Using Gurobi shared library /opt/gurobi1301/linux64/lib/libgurobi.so.13.0.1

CPU model: AMD EPYC-Genoa Processor, instruction set [SSE2|AVX|AVX2|AVX512]
Thread count: 16 physical cores, 16 logical processors, using up to 16 threads

Academic license 2792458 - for non-commercial use only - registered to an___@studenti.unipg.it
Optimize a model with 11084 rows, 745 columns and 33064 nonzeros (Max)
Model fingerprint: 0xbe487a16
Model has 8 linear objective coefficients
Variable types: 40 continuous, 705 integer (705 binary)
Coefficient statistics:
  Matrix range     [1e+00, 3e+01]
  Objective range  [1e+00, 1e+00]
  Bounds range     [1e+00, 1e+00]
  RHS range        [1e+00, 3e+01]

Found heuristic solution: objective 8.0000000
Presolve removed 1107 rows and 213 columns
Presolve time: 0.04s
Presolved: 9977 rows, 532 columns, 30366 nonzeros
Variable types: 0 continuous, 532 integer (517 binary)
Found heuristic solution: objective 9.0000000

Root relaxation: objective 3.200000e+01, 992 iterations, 0.08 seconds (0.11 work units)

    Nodes    |    Current Node    |     Objective Bounds      |     Work
 Expl Unexpl |  Obj  Depth IntInf | Incumbent    BestBd   Gap | It/Node Time

     0     0   32.00000    0   86    9.00000   32.00000   256%     -    0s
H    0     0                      13.0000000   32.00000   146%     -    0s
H    0     0                      16.0000000   32.00000   100%     -    0s
H    0     0                      19.0000000   32.00000  68.4%     -    0s
     0     0   32.00000    0   95   19.00000   32.00000  68.4%     -    0s
H    0     0                      20.0000000   32.00000  60.0%     -    0s
     0     0   32.00000    0   93   20.00000   32.00000  60.0%     -    0s
H    0     0                      21.0000000   32.00000  52.4%     -    0s
     0     0   32.00000    0   89   21.00000   32.00000  52.4%     -    0s
     0     0   32.00000    0   74   21.00000   32.00000  52.4%     -    0s
H    0     0                      22.0000000   32.00000  45.5%     -    0s
     0     0   32.00000    0   72   22.00000   32.00000  45.5%     -    0s
     0     0   32.00000    0   72   22.00000   32.00000  45.5%     -    0s
     0     0   32.00000    0   72   22.00000   32.00000  45.5%     -    0s
     0     0   32.00000    0   78   22.00000   32.00000  45.5%     -    0s
     0     0   32.00000    0   73   22.00000   32.00000  45.5%     -    1s
     0     0   32.00000    0   84   22.00000   32.00000  45.5%     -    1s
     0     0   32.00000    0   74   22.00000   32.00000  45.5%     -    1s
     0     0   32.00000    0   74   22.00000   32.00000  45.5%     -    1s
     0     0   32.00000    0   70   22.00000   32.00000  45.5%     -    1s
     0     0   32.00000    0   75   22.00000   32.00000  45.5%     -    1s
     0     0   32.00000    0   72   22.00000   32.00000  45.5%     -    1s
     0     0   32.00000    0   72   22.00000   32.00000  45.5%     -    1s
     0     0   32.00000    0   72   22.00000   32.00000  45.5%     -    1s
     0     2   32.00000    0   72   22.00000   32.00000  45.5%     -    1s
   686   445   26.87500   20   52   22.00000   32.00000  45.5%   303    5s
  2326  1032     cutoff   16        22.00000   31.86905  44.9%   289   10s
  3588  1491   29.89619   11   72   22.00000   31.00000  40.9%   321   17s
  3808  1596   27.00000   25   98   22.00000   31.00000  40.9%   315   20s
  5750  1651   26.95833   24  196   22.00000   29.98667  36.3%   278   25s
  8673  1438   24.96667   27   65   22.00000   27.95652  27.1%   255   30s
 12492  2120   23.00000   31  142   22.00000   26.96667  22.6%   245   35s
 15973  2324   24.83333   32   48   22.00000   26.00000  18.2%   243   40s
 20477  2613   23.86667   30   72   22.00000   26.00000  18.2%   240   46s
 21422  2791 infeasible   30        22.00000   26.00000  18.2%   240   50s
 24337  2775   23.00000   42   21   22.00000   26.00000  18.2%   236   55s
 28155  2629 infeasible   38        22.00000   26.00000  18.2%   236   60s
 31504  3325 infeasible   48        22.00000   26.00000  18.2%   235   65s
 35396  4338   25.95333   37  106   22.00000   26.00000  18.2%   237   70s
 37637  4587 infeasible   33        22.00000   26.00000  18.2%   238   75s
 41580  5079   26.00000   40   55   22.00000   26.00000  18.2%   239   80s
 46562  5682 infeasible   42        22.00000   26.00000  18.2%   238   85s
 50794  5799   24.89091   41   38   22.00000   26.00000  18.2%   237   91s
 56146  6418 infeasible   40        22.00000   26.00000  18.2%   237   96s
 60464  6709 infeasible   40        22.00000   26.00000  18.2%   237  101s
 61992  6692   24.98889   39   44   22.00000   26.00000  18.2%   238  110s
 67257  6244 infeasible   36        22.00000   26.00000  18.2%   236  115s
 72045  6119   23.00000   39   22   22.00000   26.00000  18.2%   236  121s
 77322  6088 infeasible   41        22.00000   26.00000  18.2%   235  126s
 82064  6032 infeasible   38        22.00000   26.00000  18.2%   236  130s
 86777  5740   24.96667   36   35   22.00000   25.96667  18.0%   236  135s
 91897  4760   24.00000   41   59   22.00000   25.92500  17.8%   234  140s
 96570  3965   24.00000   43   42   22.00000   25.00000  13.6%   235  145s
 101559  3505 infeasible   42        22.00000   25.00000  13.6%   235  150s
 106609  2656 infeasible   45        22.00000   25.00000  13.6%   234  155s
 111637   491   24.00000   39   38   22.00000   24.00000  9.09%   233  160s

Cutting planes:
  Flow cover: 2
  Zero half: 5

Explored 113807 nodes (26442284 simplex iterations) in 160.90 seconds (404.00 work units)
Thread count was 16 (of 16 available processors)

Solution count 10: 22 22 22 ... 19

Optimal solution found (tolerance 1.00e-04)
Best objective 2.200000000000e+01, best bound 2.200000000000e+01, gap 0.0000%

Wrote result file '/root/bgw/data/results/2026_03_23_13_55_34_set_exp_2_exp_2_n032_c008_g005_max.sol'

