[2026-03-23T13:35:46.579Z] Pipeline "set_exp_2_exp_2_n011_c003_g004" → 2026_03_23_13_35_46_set_exp_2_exp_2_n011_c003_g004_max.sol
Set parameter WLSAccessID
Set parameter WLSSecret
Set parameter LicenseID to value 2792458
Set parameter LogFile to value "gurobi.log"
Using license file /root/gurobi.lic
Academic license 2792458 - for non-commercial use only - registered to an___@studenti.unipg.it

Gurobi Optimizer version 13.0.1 build v13.0.1rc0 (linux64 - "Ubuntu 24.04.4 LTS")
Copyright (c) 2026, Gurobi Optimization, LLC

Warning: Duplicate section found (read 'binary') - Is a variable name equal to an LP file format keyword?
Warning: Duplicate section found (read 'binary') - Is a variable name equal to an LP file format keyword?
Warning: Duplicate section found (read 'binary') - Is a variable name equal to an LP file format keyword?
Warning: Duplicate section found (read 'binary') - Is a variable name equal to an LP file format keyword?
Warning: Duplicate section found (read 'binary') - Is a variable name equal to an LP file format keyword?
Warning: Duplicate section found (read 'binary') - Is a variable name equal to an LP file format keyword?
Warning: Duplicate section found (read 'binary') - Is a variable name equal to an LP file format keyword?
Warning: Duplicate section found (read 'binary') - Is a variable name equal to an LP file format keyword?
Warning: Duplicate section found (read 'binary') - Is a variable name equal to an LP file format keyword?
Warning: Duplicate section found (read 'binary') - Is a variable name equal to an LP file format keyword?
Warning: Further warnings of this type will be omitted.
Read LP format model from file /root/bgw/data/uploads/2026_03_23_13_35_46_set_exp_2_exp_2_n011_c003_g004_max.lp
Reading time = 0.00 seconds
: 500 rows, 102 columns, 1435 nonzeros

Using Gurobi shared library /opt/gurobi1301/linux64/lib/libgurobi.so.13.0.1

CPU model: AMD EPYC-Genoa Processor, instruction set [SSE2|AVX|AVX2|AVX512]
Thread count: 16 physical cores, 16 logical processors, using up to 16 threads

Academic license 2792458 - for non-commercial use only - registered to an___@studenti.unipg.it
Optimize a model with 500 rows, 102 columns and 1435 nonzeros (Max)
Model fingerprint: 0xdd65915e
Model has 3 linear objective coefficients
Variable types: 14 continuous, 88 integer (88 binary)
Coefficient statistics:
  Matrix range     [1e+00, 1e+01]
  Objective range  [1e+00, 1e+00]
  Bounds range     [1e+00, 1e+00]
  RHS range        [1e+00, 1e+01]

Found heuristic solution: objective 3.0000000
Presolve removed 148 rows and 33 columns
Presolve time: 0.00s
Presolved: 352 rows, 69 columns, 1104 nonzeros
Variable types: 0 continuous, 69 integer (63 binary)

Root relaxation: objective 1.200000e+01, 46 iterations, 0.00 seconds (0.00 work units)

    Nodes    |    Current Node    |     Objective Bounds      |     Work
 Expl Unexpl |  Obj  Depth IntInf | Incumbent    BestBd   Gap | It/Node Time

     0     0   12.00000    0   15    3.00000   12.00000   300%     -    0s
H    0     0                       8.0000000   12.00000  50.0%     -    0s
H    0     0                       9.0000000   12.00000  33.3%     -    0s
     0     0   12.00000    0   19    9.00000   12.00000  33.3%     -    0s
     0     0   12.00000    0    8    9.00000   12.00000  33.3%     -    0s
     0     0   12.00000    0   17    9.00000   12.00000  33.3%     -    0s
     0     0   12.00000    0   17    9.00000   12.00000  33.3%     -    0s
     0     0   12.00000    0   15    9.00000   12.00000  33.3%     -    0s
     0     0   12.00000    0    9    9.00000   12.00000  33.3%     -    0s
     0     0   12.00000    0   18    9.00000   12.00000  33.3%     -    0s
     0     0   12.00000    0   17    9.00000   12.00000  33.3%     -    0s
     0     0   11.88889    0   11    9.00000   11.88889  32.1%     -    0s
     0     0   11.88889    0   11    9.00000   11.88889  32.1%     -    0s
     0     0   11.66667    0   18    9.00000   11.66667  29.6%     -    0s
     0     0   11.66667    0    9    9.00000   11.66667  29.6%     -    0s
     0     0   11.00000    0    9    9.00000   11.00000  22.2%     -    0s
     0     2   11.00000    0    9    9.00000   11.00000  22.2%     -    0s

Cutting planes:
  Cover: 1
  MIR: 3
  Inf proof: 1
  Zero half: 4

Explored 181 nodes (3777 simplex iterations) in 0.08 seconds (0.04 work units)
Thread count was 16 (of 16 available processors)

Solution count 3: 9 8 3 

Optimal solution found (tolerance 1.00e-04)
Best objective 9.000000000000e+00, best bound 9.000000000000e+00, gap 0.0000%

Wrote result file '/root/bgw/data/results/2026_03_23_13_35_46_set_exp_2_exp_2_n011_c003_g004_max.sol'

