[2026-03-23T13:51:59.114Z] Pipeline "set_exp_2_exp_2_n032_c008_g001" → 2026_03_23_13_51_59_set_exp_2_exp_2_n032_c008_g001_max.sol
Set parameter WLSAccessID
Set parameter WLSSecret
Set parameter LicenseID to value 2792458
Set parameter LogFile to value "gurobi.log"
Using license file /root/gurobi.lic
Academic license 2792458 - for non-commercial use only - registered to an___@studenti.unipg.it

Gurobi Optimizer version 13.0.1 build v13.0.1rc0 (linux64 - "Ubuntu 24.04.4 LTS")
Copyright (c) 2026, Gurobi Optimization, LLC

Warning: Duplicate section found (read 'binary') - Is a variable name equal to an LP file format keyword?
Warning: Duplicate section found (read 'binary') - Is a variable name equal to an LP file format keyword?
Warning: Duplicate section found (read 'binary') - Is a variable name equal to an LP file format keyword?
Warning: Duplicate section found (read 'binary') - Is a variable name equal to an LP file format keyword?
Warning: Duplicate section found (read 'binary') - Is a variable name equal to an LP file format keyword?
Warning: Duplicate section found (read 'binary') - Is a variable name equal to an LP file format keyword?
Warning: Duplicate section found (read 'binary') - Is a variable name equal to an LP file format keyword?
Warning: Duplicate section found (read 'binary') - Is a variable name equal to an LP file format keyword?
Warning: Duplicate section found (read 'binary') - Is a variable name equal to an LP file format keyword?
Warning: Duplicate section found (read 'binary') - Is a variable name equal to an LP file format keyword?
Warning: Further warnings of this type will be omitted.
Read LP format model from file /root/bgw/data/uploads/2026_03_23_13_51_59_set_exp_2_exp_2_n032_c008_g001_max.lp
Reading time = 0.01 seconds
: 10868 rows, 733 columns, 32632 nonzeros

Using Gurobi shared library /opt/gurobi1301/linux64/lib/libgurobi.so.13.0.1

CPU model: AMD EPYC-Genoa Processor, instruction set [SSE2|AVX|AVX2|AVX512]
Thread count: 16 physical cores, 16 logical processors, using up to 16 threads

Academic license 2792458 - for non-commercial use only - registered to an___@studenti.unipg.it
Optimize a model with 10868 rows, 733 columns and 32632 nonzeros (Max)
Model fingerprint: 0xe941345f
Model has 8 linear objective coefficients
Variable types: 40 continuous, 693 integer (693 binary)
Coefficient statistics:
  Matrix range     [1e+00, 3e+01]
  Objective range  [1e+00, 1e+00]
  Bounds range     [1e+00, 1e+00]
  RHS range        [1e+00, 3e+01]

Found heuristic solution: objective 8.0000000
Presolve removed 887 rows and 198 columns
Presolve time: 0.03s
Presolved: 9981 rows, 535 columns, 30436 nonzeros
Variable types: 0 continuous, 535 integer (518 binary)

Root relaxation: objective 3.200000e+01, 933 iterations, 0.07 seconds (0.10 work units)

    Nodes    |    Current Node    |     Objective Bounds      |     Work
 Expl Unexpl |  Obj  Depth IntInf | Incumbent    BestBd   Gap | It/Node Time

     0     0   32.00000    0   61    8.00000   32.00000   300%     -    0s
H    0     0                      15.0000000   32.00000   113%     -    0s
H    0     0                      17.0000000   32.00000  88.2%     -    0s
H    0     0                      18.0000000   32.00000  77.8%     -    0s
H    0     0                      20.0000000   32.00000  60.0%     -    0s
     0     0   32.00000    0   65   20.00000   32.00000  60.0%     -    0s
H    0     0                      21.0000000   32.00000  52.4%     -    0s
H    0     0                      22.0000000   32.00000  45.5%     -    0s
H    0     0                      23.0000000   32.00000  39.1%     -    0s
     0     0   32.00000    0   71   23.00000   32.00000  39.1%     -    0s
     0     0   32.00000    0   58   23.00000   32.00000  39.1%     -    0s
     0     0   32.00000    0   52   23.00000   32.00000  39.1%     -    0s
     0     0   32.00000    0   52   23.00000   32.00000  39.1%     -    0s
     0     0   32.00000    0   50   23.00000   32.00000  39.1%     -    0s
     0     0   32.00000    0   59   23.00000   32.00000  39.1%     -    1s
     0     0   32.00000    0   48   23.00000   32.00000  39.1%     -    1s
     0     0   32.00000    0   54   23.00000   32.00000  39.1%     -    1s
     0     0   32.00000    0   54   23.00000   32.00000  39.1%     -    1s
     0     0   32.00000    0   54   23.00000   32.00000  39.1%     -    1s
     0     0   32.00000    0   57   23.00000   32.00000  39.1%     -    1s
     0     0   32.00000    0   49   23.00000   32.00000  39.1%     -    1s
     0     0   32.00000    0   48   23.00000   32.00000  39.1%     -    1s
     0     0   32.00000    0   59   23.00000   32.00000  39.1%     -    1s
     0     0   32.00000    0   37   23.00000   32.00000  39.1%     -    1s
     0     0   32.00000    0   50   23.00000   32.00000  39.1%     -    1s
     0     0   32.00000    0   51   23.00000   32.00000  39.1%     -    1s
     0     0   32.00000    0   42   23.00000   32.00000  39.1%     -    1s
     0     0   32.00000    0   42   23.00000   32.00000  39.1%     -    1s
     0     0   32.00000    0   36   23.00000   32.00000  39.1%     -    1s
     0     2   32.00000    0   36   23.00000   32.00000  39.1%     -    1s
   400   304   27.98667    9   78   23.00000   32.00000  39.1%   312    5s
  2629  1095 infeasible   20        23.00000   30.95000  34.6%   233   10s
  5757  1730   24.00000   15   60   23.00000   29.00000  26.1%   241   15s
  6397  1823   28.00000   15   36   23.00000   29.00000  26.1%   240   20s
  7144  1862   24.00000   19  190   23.00000   28.58693  24.3%   243   25s
  8679  1489   24.96667   24   26   23.00000   26.86182  16.8%   246   30s

Cutting planes:
  Cover: 3
  Inf proof: 20

Explored 10684 nodes (2676171 simplex iterations) in 34.64 seconds (68.56 work units)
Thread count was 16 (of 16 available processors)

Solution count 10: 23 23 23 ... 15

Optimal solution found (tolerance 1.00e-04)
Best objective 2.300000000000e+01, best bound 2.300000000000e+01, gap 0.0000%

Wrote result file '/root/bgw/data/results/2026_03_23_13_51_59_set_exp_2_exp_2_n032_c008_g001_max.sol'

