[2026-03-23T16:03:21.197Z] Pipeline "set_exp_3_exp_3_n026_c004_g005" → 2026_03_23_16_03_20_set_exp_3_exp_3_n026_c004_g005_max.sol
Set parameter WLSAccessID
Set parameter WLSSecret
Set parameter LicenseID to value 2792458
Set parameter LogFile to value "gurobi.log"
Using license file /root/gurobi.lic
Academic license 2792458 - for non-commercial use only - registered to an___@studenti.unipg.it

Gurobi Optimizer version 13.0.1 build v13.0.1rc0 (linux64 - "Ubuntu 24.04.4 LTS")
Copyright (c) 2026, Gurobi Optimization, LLC

Warning: Duplicate section found (read 'binary') - Is a variable name equal to an LP file format keyword?
Warning: Duplicate section found (read 'binary') - Is a variable name equal to an LP file format keyword?
Warning: Duplicate section found (read 'binary') - Is a variable name equal to an LP file format keyword?
Warning: Duplicate section found (read 'binary') - Is a variable name equal to an LP file format keyword?
Warning: Duplicate section found (read 'binary') - Is a variable name equal to an LP file format keyword?
Warning: Duplicate section found (read 'binary') - Is a variable name equal to an LP file format keyword?
Warning: Duplicate section found (read 'binary') - Is a variable name equal to an LP file format keyword?
Warning: Duplicate section found (read 'binary') - Is a variable name equal to an LP file format keyword?
Warning: Duplicate section found (read 'binary') - Is a variable name equal to an LP file format keyword?
Warning: Duplicate section found (read 'binary') - Is a variable name equal to an LP file format keyword?
Warning: Further warnings of this type will be omitted.
Read LP format model from file /root/bgw/data/uploads/2026_03_23_16_03_20_set_exp_3_exp_3_n026_c004_g005_max.lp
Reading time = 0.01 seconds
: 5998 rows, 492 columns, 17828 nonzeros

Using Gurobi shared library /opt/gurobi1301/linux64/lib/libgurobi.so.13.0.1

CPU model: AMD EPYC-Genoa Processor, instruction set [SSE2|AVX|AVX2|AVX512]
Thread count: 16 physical cores, 16 logical processors, using up to 16 threads

Academic license 2792458 - for non-commercial use only - registered to an___@studenti.unipg.it
Optimize a model with 5998 rows, 492 columns and 17828 nonzeros (Max)
Model fingerprint: 0x1ad89218
Model has 4 linear objective coefficients
Variable types: 30 continuous, 462 integer (462 binary)
Coefficient statistics:
  Matrix range     [1e+00, 3e+01]
  Objective range  [1e+00, 1e+00]
  Bounds range     [1e+00, 1e+00]
  RHS range        [1e+00, 3e+01]

Found heuristic solution: objective 4.0000000
Presolve removed 770 rows and 149 columns
Presolve time: 0.03s
Presolved: 5228 rows, 343 columns, 15868 nonzeros
Variable types: 0 continuous, 343 integer (335 binary)
Found heuristic solution: objective 5.0000000

Root relaxation: objective 1.600000e+01, 315 iterations, 0.03 seconds (0.02 work units)

    Nodes    |    Current Node    |     Objective Bounds      |     Work
 Expl Unexpl |  Obj  Depth IntInf | Incumbent    BestBd   Gap | It/Node Time

     0     0   16.00000    0   14    5.00000   16.00000   220%     -    0s
H    0     0                       9.0000000   16.00000  77.8%     -    0s
H    0     0                      12.0000000   16.00000  33.3%     -    0s
     0     0   16.00000    0   24   12.00000   16.00000  33.3%     -    0s
     0     0   16.00000    0   21   12.00000   16.00000  33.3%     -    0s
     0     0   16.00000    0   12   12.00000   16.00000  33.3%     -    0s
     0     0   16.00000    0   10   12.00000   16.00000  33.3%     -    0s
     0     0   16.00000    0   11   12.00000   16.00000  33.3%     -    0s
     0     0   16.00000    0   11   12.00000   16.00000  33.3%     -    0s
     0     0   15.00000    0   25   12.00000   15.00000  25.0%     -    0s
     0     0   15.00000    0   10   12.00000   15.00000  25.0%     -    0s
     0     0   15.00000    0   14   12.00000   15.00000  25.0%     -    0s
     0     0   15.00000    0   22   12.00000   15.00000  25.0%     -    0s
     0     0   15.00000    0   12   12.00000   15.00000  25.0%     -    0s
     0     0   15.00000    0   16   12.00000   15.00000  25.0%     -    0s
     0     0   15.00000    0   10   12.00000   15.00000  25.0%     -    0s
     0     0   14.98333    0   14   12.00000   14.98333  24.9%     -    0s
     0     0   14.98333    0   14   12.00000   14.98333  24.9%     -    0s
     0     0   14.91667    0   14   12.00000   14.91667  24.3%     -    0s
     0     0   14.91667    0   10   12.00000   14.91667  24.3%     -    0s
     0     0   14.00000    0   10   12.00000   14.00000  16.7%     -    0s
     0     0   14.00000    0   10   12.00000   14.00000  16.7%     -    0s
     0     2   14.00000    0   10   12.00000   14.00000  16.7%     -    0s

Cutting planes:
  Cover: 1
  MIR: 5
  Inf proof: 15
  Mod-K: 5

Explored 316 nodes (24847 simplex iterations) in 0.80 seconds (0.71 work units)
Thread count was 16 (of 16 available processors)

Solution count 4: 12 9 5 4 

Optimal solution found (tolerance 1.00e-04)
Best objective 1.200000000000e+01, best bound 1.200000000000e+01, gap 0.0000%

Wrote result file '/root/bgw/data/results/2026_03_23_16_03_20_set_exp_3_exp_3_n026_c004_g005_max.sol'

