[2026-03-24T00:43:42.438Z] Pipeline "set_prova_set_prova_set_s004_g003" → 2026_03_24_00_43_42_set_prova_set_prova_set_s004_g003_max.sol
Set parameter WLSAccessID
Set parameter WLSSecret
Set parameter LicenseID to value 2792458
Set parameter LogFile to value "gurobi.log"
Using license file /root/gurobi.lic
Academic license 2792458 - for non-commercial use only - registered to an___@studenti.unipg.it

Gurobi Optimizer version 13.0.1 build v13.0.1rc0 (linux64 - "Ubuntu 24.04.4 LTS")
Copyright (c) 2026, Gurobi Optimization, LLC

Warning: Duplicate section found (read 'binary') - Is a variable name equal to an LP file format keyword?
Warning: Duplicate section found (read 'binary') - Is a variable name equal to an LP file format keyword?
Warning: Duplicate section found (read 'binary') - Is a variable name equal to an LP file format keyword?
Warning: Duplicate section found (read 'binary') - Is a variable name equal to an LP file format keyword?
Warning: Duplicate section found (read 'binary') - Is a variable name equal to an LP file format keyword?
Warning: Duplicate section found (read 'binary') - Is a variable name equal to an LP file format keyword?
Warning: Duplicate section found (read 'binary') - Is a variable name equal to an LP file format keyword?
Warning: Duplicate section found (read 'binary') - Is a variable name equal to an LP file format keyword?
Warning: Duplicate section found (read 'binary') - Is a variable name equal to an LP file format keyword?
Warning: Duplicate section found (read 'binary') - Is a variable name equal to an LP file format keyword?
Warning: Further warnings of this type will be omitted.
Read LP format model from file /root/bgw/data/uploads/2026_03_24_00_43_42_set_prova_set_prova_set_s004_g003_max.lp
Reading time = 0.00 seconds
: 2895 rows, 283 columns, 8864 nonzeros

Using Gurobi shared library /opt/gurobi1301/linux64/lib/libgurobi.so.13.0.1

CPU model: AMD EPYC-Genoa Processor, instruction set [SSE2|AVX|AVX2|AVX512]
Thread count: 16 physical cores, 16 logical processors, using up to 16 threads

Academic license 2792458 - for non-commercial use only - registered to an___@studenti.unipg.it
Optimize a model with 2895 rows, 283 columns and 8864 nonzeros (Max)
Model fingerprint: 0x8332ada8
Model has 6 linear objective coefficients
Variable types: 27 continuous, 256 integer (256 binary)
Coefficient statistics:
  Matrix range     [1e+00, 2e+01]
  Objective range  [1e+00, 1e+00]
  Bounds range     [1e+00, 1e+00]
  RHS range        [1e+00, 2e+01]

Found heuristic solution: objective 6.0000000
Presolve removed 211 rows and 58 columns
Presolve time: 0.01s
Presolved: 2684 rows, 225 columns, 8160 nonzeros
Variable types: 0 continuous, 225 integer (219 binary)
Found heuristic solution: objective 9.0000000

Root relaxation: objective 2.700000e+01, 124 iterations, 0.01 seconds (0.01 work units)

    Nodes    |    Current Node    |     Objective Bounds      |     Work
 Expl Unexpl |  Obj  Depth IntInf | Incumbent    BestBd   Gap | It/Node Time

     0     0   27.00000    0   17    9.00000   27.00000   200%     -    0s
H    0     0                      16.0000000   27.00000  68.8%     -    0s
H    0     0                      17.0000000   27.00000  58.8%     -    0s
     0     0   27.00000    0   20   17.00000   27.00000  58.8%     -    0s
     0     0   27.00000    0   19   17.00000   27.00000  58.8%     -    0s
     0     0   27.00000    0   18   17.00000   27.00000  58.8%     -    0s
     0     0   27.00000    0   18   17.00000   27.00000  58.8%     -    0s
     0     0   27.00000    0   18   17.00000   27.00000  58.8%     -    0s
     0     0   27.00000    0   20   17.00000   27.00000  58.8%     -    0s
     0     0   27.00000    0   18   17.00000   27.00000  58.8%     -    0s
     0     0   26.92105    0   18   17.00000   26.92105  58.4%     -    0s
     0     0   26.89474    0   20   17.00000   26.89474  58.2%     -    0s
     0     0   26.89474    0   18   17.00000   26.89474  58.2%     -    0s
     0     0   26.00000    0   18   17.00000   26.00000  52.9%     -    0s
     0     0   26.00000    0   17   17.00000   26.00000  52.9%     -    0s
     0     0   26.00000    0   17   17.00000   26.00000  52.9%     -    0s
     0     0   26.00000    0   17   17.00000   26.00000  52.9%     -    0s
     0     0   26.00000    0   17   17.00000   26.00000  52.9%     -    0s
     0     2   26.00000    0   17   17.00000   26.00000  52.9%     -    0s

Cutting planes:
  Gomory: 14
  Lift-and-project: 3
  Cover: 3
  MIR: 5
  StrongCG: 1
  Inf proof: 15
  Zero half: 11

Explored 1075 nodes (37087 simplex iterations) in 0.48 seconds (0.58 work units)
Thread count was 16 (of 16 available processors)

Solution count 4: 17 16 9 6 

Optimal solution found (tolerance 1.00e-04)
Best objective 1.700000000000e+01, best bound 1.700000000000e+01, gap 0.0000%

Wrote result file '/root/bgw/data/results/2026_03_24_00_43_42_set_prova_set_prova_set_s004_g003_max.sol'

