[2026-03-23T16:02:40.230Z] Pipeline "set_exp_3_exp_3_n025_c004_g005" → 2026_03_23_16_02_40_set_exp_3_exp_3_n025_c004_g005_max.sol
Set parameter WLSAccessID
Set parameter WLSSecret
Set parameter LicenseID to value 2792458
Set parameter LogFile to value "gurobi.log"
Using license file /root/gurobi.lic
Academic license 2792458 - for non-commercial use only - registered to an___@studenti.unipg.it

Gurobi Optimizer version 13.0.1 build v13.0.1rc0 (linux64 - "Ubuntu 24.04.4 LTS")
Copyright (c) 2026, Gurobi Optimization, LLC

Warning: Duplicate section found (read 'binary') - Is a variable name equal to an LP file format keyword?
Warning: Duplicate section found (read 'binary') - Is a variable name equal to an LP file format keyword?
Warning: Duplicate section found (read 'binary') - Is a variable name equal to an LP file format keyword?
Warning: Duplicate section found (read 'binary') - Is a variable name equal to an LP file format keyword?
Warning: Duplicate section found (read 'binary') - Is a variable name equal to an LP file format keyword?
Warning: Duplicate section found (read 'binary') - Is a variable name equal to an LP file format keyword?
Warning: Duplicate section found (read 'binary') - Is a variable name equal to an LP file format keyword?
Warning: Duplicate section found (read 'binary') - Is a variable name equal to an LP file format keyword?
Warning: Duplicate section found (read 'binary') - Is a variable name equal to an LP file format keyword?
Warning: Duplicate section found (read 'binary') - Is a variable name equal to an LP file format keyword?
Warning: Further warnings of this type will be omitted.
Read LP format model from file /root/bgw/data/uploads/2026_03_23_16_02_40_set_exp_3_exp_3_n025_c004_g005_max.lp
Reading time = 0.01 seconds
: 5437 rows, 491 columns, 16068 nonzeros

Using Gurobi shared library /opt/gurobi1301/linux64/lib/libgurobi.so.13.0.1

CPU model: AMD EPYC-Genoa Processor, instruction set [SSE2|AVX|AVX2|AVX512]
Thread count: 16 physical cores, 16 logical processors, using up to 16 threads

Academic license 2792458 - for non-commercial use only - registered to an___@studenti.unipg.it
Optimize a model with 5437 rows, 491 columns and 16068 nonzeros (Max)
Model fingerprint: 0xe61f3481
Model has 8 linear objective coefficients
Variable types: 33 continuous, 458 integer (458 binary)
Coefficient statistics:
  Matrix range     [1e+00, 3e+01]
  Objective range  [1e+00, 1e+00]
  Bounds range     [1e+00, 1e+00]
  RHS range        [1e+00, 3e+01]

Found heuristic solution: objective 8.0000000
Presolve removed 799 rows and 167 columns
Presolve time: 0.03s
Presolved: 4638 rows, 324 columns, 14134 nonzeros
Variable types: 0 continuous, 324 integer (314 binary)
Found heuristic solution: objective 10.0000000

Root relaxation: objective 3.500000e+01, 348 iterations, 0.02 seconds (0.02 work units)

    Nodes    |    Current Node    |     Objective Bounds      |     Work
 Expl Unexpl |  Obj  Depth IntInf | Incumbent    BestBd   Gap | It/Node Time

     0     0   35.00000    0   44   10.00000   35.00000   250%     -    0s
H    0     0                      14.0000000   35.00000   150%     -    0s
H    0     0                      16.0000000   35.00000   119%     -    0s
H    0     0                      20.0000000   35.00000  75.0%     -    0s
H    0     0                      21.0000000   35.00000  66.7%     -    0s
     0     0   35.00000    0   45   21.00000   35.00000  66.7%     -    0s
H    0     0                      22.0000000   35.00000  59.1%     -    0s
     0     0   35.00000    0   45   22.00000   35.00000  59.1%     -    0s
     0     0   35.00000    0   45   22.00000   35.00000  59.1%     -    0s
     0     0   35.00000    0   30   22.00000   35.00000  59.1%     -    0s
     0     0   35.00000    0   31   22.00000   35.00000  59.1%     -    0s
     0     0   35.00000    0   31   22.00000   35.00000  59.1%     -    0s
     0     0   34.82609    0   32   22.00000   34.82609  58.3%     -    0s
     0     0   34.82609    0   24   22.00000   34.82609  58.3%     -    0s
     0     0   34.00000    0   29   22.00000   34.00000  54.5%     -    0s
     0     0   34.00000    0   29   22.00000   34.00000  54.5%     -    0s
     0     0   34.00000    0   29   22.00000   34.00000  54.5%     -    0s
     0     0   34.00000    0   29   22.00000   34.00000  54.5%     -    0s
     0     0   34.00000    0   29   22.00000   34.00000  54.5%     -    0s
     0     0   34.00000    0   38   22.00000   34.00000  54.5%     -    0s
     0     0   34.00000    0   21   22.00000   34.00000  54.5%     -    0s
     0     0   34.00000    0   29   22.00000   34.00000  54.5%     -    0s
     0     0   34.00000    0   33   22.00000   34.00000  54.5%     -    0s
     0     0   34.00000    0   31   22.00000   34.00000  54.5%     -    0s
     0     0   34.00000    0   32   22.00000   34.00000  54.5%     -    0s
     0     0   34.00000    0   28   22.00000   34.00000  54.5%     -    0s
     0     0   34.00000    0   28   22.00000   34.00000  54.5%     -    0s
     0     0   34.00000    0   28   22.00000   34.00000  54.5%     -    0s
     0     0   34.00000    0   28   22.00000   34.00000  54.5%     -    0s
     0     2   34.00000    0   28   22.00000   34.00000  54.5%     -    0s

Cutting planes:
  Cover: 11
  MIR: 14
  Inf proof: 30
  Zero half: 6

Explored 2366 nodes (215902 simplex iterations) in 1.95 seconds (3.03 work units)
Thread count was 16 (of 16 available processors)

Solution count 7: 22 21 20 ... 8

Optimal solution found (tolerance 1.00e-04)
Best objective 2.200000000000e+01, best bound 2.200000000000e+01, gap 0.0000%

Wrote result file '/root/bgw/data/results/2026_03_23_16_02_40_set_exp_3_exp_3_n025_c004_g005_max.sol'

