[2026-03-24T18:03:47.217Z] Pipeline "set_vm-4-t1_vm-4-t1_s027_g001" → 2026_03_24_18_03_47_set_vm-4-t1_vm-4-t1_s027_g001_max.sol
Set parameter Username
Set parameter LicenseID to value 2797659
Set parameter LogFile to value "gurobi.log"
Using license file /opt/gurobi/gurobi.lic
Academic license - for non-commercial use only - expires 2027-03-24

Gurobi Optimizer version 13.0.1 build v13.0.1rc0 (linux64 - "Ubuntu 24.04.4 LTS")
Copyright (c) 2026, Gurobi Optimization, LLC

Warning: Duplicate section found (read 'binary') - Is a variable name equal to an LP file format keyword?
Warning: Duplicate section found (read 'binary') - Is a variable name equal to an LP file format keyword?
Warning: Duplicate section found (read 'binary') - Is a variable name equal to an LP file format keyword?
Warning: Duplicate section found (read 'binary') - Is a variable name equal to an LP file format keyword?
Warning: Duplicate section found (read 'binary') - Is a variable name equal to an LP file format keyword?
Warning: Duplicate section found (read 'binary') - Is a variable name equal to an LP file format keyword?
Warning: Duplicate section found (read 'binary') - Is a variable name equal to an LP file format keyword?
Warning: Duplicate section found (read 'binary') - Is a variable name equal to an LP file format keyword?
Warning: Duplicate section found (read 'binary') - Is a variable name equal to an LP file format keyword?
Warning: Duplicate section found (read 'binary') - Is a variable name equal to an LP file format keyword?
Warning: Further warnings of this type will be omitted.
Read LP format model from file /root/bgw/data/uploads/2026_03_24_18_03_47_set_vm-4-t1_vm-4-t1_s027_g001_max.lp
Reading time = 0.07 seconds
: 59065 rows, 1763 columns, 179839 nonzeros

Using Gurobi shared library /opt/gurobi1301/linux64/lib/libgurobi.so.13.0.1

CPU model: AMD EPYC-Genoa Processor, instruction set [SSE2|AVX|AVX2|AVX512]
Thread count: 16 physical cores, 16 logical processors, using up to 16 threads

Optimize a model with 59065 rows, 1763 columns and 179839 nonzeros (Max)
Model fingerprint: 0x6b00b7cb
Model has 16 linear objective coefficients
Variable types: 73 continuous, 1690 integer (1690 binary)
Coefficient statistics:
  Matrix range     [1e+00, 6e+01]
  Objective range  [1e+00, 1e+00]
  Bounds range     [1e+00, 1e+00]
  RHS range        [1e+00, 6e+01]

Found heuristic solution: objective 16.0000000
Presolve removed 520 rows and 152 columns
Presolve time: 0.36s
Presolved: 58545 rows, 1611 columns, 175905 nonzeros
Variable types: 0 continuous, 1611 integer (1606 binary)
Root relaxation presolved: 1611 rows, 60156 columns, 177516 nonzeros


Root relaxation: objective 8.600000e+01, 930 iterations, 0.24 seconds (0.21 work units)

    Nodes    |    Current Node    |     Objective Bounds      |     Work
 Expl Unexpl |  Obj  Depth IntInf | Incumbent    BestBd   Gap | It/Node Time

     0     0   86.00000    0   49   16.00000   86.00000   438%     -    1s
H    0     0                      37.0000000   86.00000   132%     -    1s
H    0     0                      44.0000000   86.00000  95.5%     -    1s
     0     0   86.00000    0   50   44.00000   86.00000  95.5%     -    1s
     0     0   86.00000    0   50   44.00000   86.00000  95.5%     -    2s
     0     0   86.00000    0   44   44.00000   86.00000  95.5%     -    2s
     0     0   86.00000    0   14   44.00000   86.00000  95.5%     -    2s
     0     0   86.00000    0   14   44.00000   86.00000  95.5%     -    2s
     0     0   86.00000    0   14   44.00000   86.00000  95.5%     -    2s
     0     0   86.00000    0   14   44.00000   86.00000  95.5%     -    3s
     0     0   86.00000    0   14   44.00000   86.00000  95.5%     -    3s
     0     0   86.00000    0   14   44.00000   86.00000  95.5%     -    3s
     0     0   86.00000    0   13   44.00000   86.00000  95.5%     -    3s
     0     0   86.00000    0   14   44.00000   86.00000  95.5%     -    3s
     0     0   86.00000    0   14   44.00000   86.00000  95.5%     -    3s
     0     0   86.00000    0   15   44.00000   86.00000  95.5%     -    3s
     0     0   86.00000    0   14   44.00000   86.00000  95.5%     -    3s
     0     0   86.00000    0   14   44.00000   86.00000  95.5%     -    3s
     0     0   86.00000    0   14   44.00000   86.00000  95.5%     -    4s
     0     2   86.00000    0   14   44.00000   86.00000  95.5%     -    4s
    14    24   85.87273    4   28   44.00000   86.00000  95.5%   158    5s
   464   123   71.74545    7   31   44.00000   84.10548  91.1%   238   10s
   950   103 infeasible   13        44.00000   68.37273  55.4%   253   15s
  1476     0   51.00000    9  118   44.00000   57.87273  31.5%   264   20s

Cutting planes:
  Gomory: 3
  Lift-and-project: 1
  Cover: 13
  MIR: 6
  StrongCG: 1
  Inf proof: 17
  Zero half: 5
  Mod-K: 1

Explored 1493 nodes (402507 simplex iterations) in 20.27 seconds (31.49 work units)
Thread count was 16 (of 16 available processors)

Solution count 3: 44 37 16 

Optimal solution found (tolerance 1.00e-04)
Best objective 4.400000000000e+01, best bound 4.400000000000e+01, gap 0.0000%

Wrote result file '/root/bgw/data/results/2026_03_24_18_03_47_set_vm-4-t1_vm-4-t1_s027_g001_max.sol'

