[2026-03-24T20:24:28.904Z] Pipeline "set_vm-4-t1_vm-4-t1_s032_g002" → 2026_03_24_20_24_28_set_vm-4-t1_vm-4-t1_s032_g002_max.sol
Set parameter Username
Set parameter LicenseID to value 2797659
Set parameter LogFile to value "gurobi.log"
Using license file /opt/gurobi/gurobi.lic
Academic license - for non-commercial use only - expires 2027-03-24

Gurobi Optimizer version 13.0.1 build v13.0.1rc0 (linux64 - "Ubuntu 24.04.4 LTS")
Copyright (c) 2026, Gurobi Optimization, LLC

Warning: Duplicate section found (read 'binary') - Is a variable name equal to an LP file format keyword?
Warning: Duplicate section found (read 'binary') - Is a variable name equal to an LP file format keyword?
Warning: Duplicate section found (read 'binary') - Is a variable name equal to an LP file format keyword?
Warning: Duplicate section found (read 'binary') - Is a variable name equal to an LP file format keyword?
Warning: Duplicate section found (read 'binary') - Is a variable name equal to an LP file format keyword?
Warning: Duplicate section found (read 'binary') - Is a variable name equal to an LP file format keyword?
Warning: Duplicate section found (read 'binary') - Is a variable name equal to an LP file format keyword?
Warning: Duplicate section found (read 'binary') - Is a variable name equal to an LP file format keyword?
Warning: Duplicate section found (read 'binary') - Is a variable name equal to an LP file format keyword?
Warning: Duplicate section found (read 'binary') - Is a variable name equal to an LP file format keyword?
Warning: Further warnings of this type will be omitted.
Read LP format model from file /root/bgw/data/uploads/2026_03_24_20_24_28_set_vm-4-t1_vm-4-t1_s032_g002_max.lp
Reading time = 0.02 seconds
: 14638 rows, 742 columns, 44806 nonzeros

Using Gurobi shared library /opt/gurobi1301/linux64/lib/libgurobi.so.13.0.1

CPU model: AMD EPYC-Genoa Processor, instruction set [SSE2|AVX|AVX2|AVX512]
Thread count: 16 physical cores, 16 logical processors, using up to 16 threads

Optimize a model with 14638 rows, 742 columns and 44806 nonzeros (Max)
Model fingerprint: 0x1d38811e
Model has 10 linear objective coefficients
Variable types: 46 continuous, 696 integer (696 binary)
Coefficient statistics:
  Matrix range     [1e+00, 4e+01]
  Objective range  [1e+00, 1e+00]
  Bounds range     [1e+00, 1e+00]
  RHS range        [1e+00, 4e+01]

Found heuristic solution: objective 10.0000000
Presolve removed 327 rows and 93 columns
Presolve time: 0.08s
Presolved: 14311 rows, 649 columns, 43164 nonzeros
Variable types: 0 continuous, 649 integer (642 binary)

Root relaxation: objective 4.600000e+01, 187 iterations, 0.03 seconds (0.03 work units)

    Nodes    |    Current Node    |     Objective Bounds      |     Work
 Expl Unexpl |  Obj  Depth IntInf | Incumbent    BestBd   Gap | It/Node Time

     0     0   46.00000    0   17   10.00000   46.00000   360%     -    0s
H    0     0                      16.0000000   46.00000   188%     -    0s
H    0     0                      19.0000000   46.00000   142%     -    0s
H    0     0                      25.0000000   46.00000  84.0%     -    0s
H    0     0                      28.0000000   46.00000  64.3%     -    0s
     0     0   46.00000    0   20   28.00000   46.00000  64.3%     -    0s
     0     0   46.00000    0   20   28.00000   46.00000  64.3%     -    0s
     0     0   46.00000    0   26   28.00000   46.00000  64.3%     -    0s
     0     0   46.00000    0   24   28.00000   46.00000  64.3%     -    0s
     0     0   46.00000    0   24   28.00000   46.00000  64.3%     -    0s
     0     0   46.00000    0   24   28.00000   46.00000  64.3%     -    0s
     0     0   46.00000    0   24   28.00000   46.00000  64.3%     -    0s
     0     0   45.91176    0   18   28.00000   45.91176  64.0%     -    0s
     0     0   45.91176    0   18   28.00000   45.91176  64.0%     -    0s
     0     0   43.00000    0   25   28.00000   43.00000  53.6%     -    0s
     0     0   43.00000    0   18   28.00000   43.00000  53.6%     -    0s
     0     0   43.00000    0   27   28.00000   43.00000  53.6%     -    0s
     0     0   43.00000    0   31   28.00000   43.00000  53.6%     -    0s
     0     0   43.00000    0   17   28.00000   43.00000  53.6%     -    0s
     0     0   43.00000    0   17   28.00000   43.00000  53.6%     -    0s
     0     0   43.00000    0   16   28.00000   43.00000  53.6%     -    0s
     0     2   43.00000    0   16   28.00000   43.00000  53.6%     -    1s
   831   142 infeasible   13        28.00000   42.35714  51.3%   192    5s

Cutting planes:
  Cover: 18
  MIR: 1
  Inf proof: 34

Explored 1958 nodes (446621 simplex iterations) in 9.32 seconds (13.35 work units)
Thread count was 16 (of 16 available processors)

Solution count 5: 28 25 19 ... 10

Optimal solution found (tolerance 1.00e-04)
Best objective 2.800000000000e+01, best bound 2.800000000000e+01, gap 0.0000%

Wrote result file '/root/bgw/data/results/2026_03_24_20_24_28_set_vm-4-t1_vm-4-t1_s032_g002_max.sol'

