[2026-03-24T00:33:20.557Z] Pipeline "set_set_set_s001_g002" → 2026_03_24_00_33_20_set_set_set_s001_g002_max.sol
Set parameter WLSAccessID
Set parameter WLSSecret
Set parameter LicenseID to value 2792458
Set parameter LogFile to value "gurobi.log"
Using license file /root/gurobi.lic
Academic license 2792458 - for non-commercial use only - registered to an___@studenti.unipg.it

Gurobi Optimizer version 13.0.1 build v13.0.1rc0 (linux64 - "Ubuntu 24.04.4 LTS")
Copyright (c) 2026, Gurobi Optimization, LLC

Warning: Duplicate section found (read 'binary') - Is a variable name equal to an LP file format keyword?
Warning: Duplicate section found (read 'binary') - Is a variable name equal to an LP file format keyword?
Warning: Duplicate section found (read 'binary') - Is a variable name equal to an LP file format keyword?
Warning: Duplicate section found (read 'binary') - Is a variable name equal to an LP file format keyword?
Warning: Duplicate section found (read 'binary') - Is a variable name equal to an LP file format keyword?
Warning: Duplicate section found (read 'binary') - Is a variable name equal to an LP file format keyword?
Warning: Duplicate section found (read 'binary') - Is a variable name equal to an LP file format keyword?
Warning: Duplicate section found (read 'binary') - Is a variable name equal to an LP file format keyword?
Warning: Duplicate section found (read 'binary') - Is a variable name equal to an LP file format keyword?
Warning: Duplicate section found (read 'binary') - Is a variable name equal to an LP file format keyword?
Warning: Further warnings of this type will be omitted.
Read LP format model from file /root/bgw/data/uploads/2026_03_24_00_33_20_set_set_set_s001_g002_max.lp
Reading time = 0.00 seconds
: 161 rows, 43 columns, 403 nonzeros

Using Gurobi shared library /opt/gurobi1301/linux64/lib/libgurobi.so.13.0.1

CPU model: AMD EPYC-Genoa Processor, instruction set [SSE2|AVX|AVX2|AVX512]
Thread count: 16 physical cores, 16 logical processors, using up to 16 threads

Academic license 2792458 - for non-commercial use only - registered to an___@studenti.unipg.it
Optimize a model with 161 rows, 43 columns and 403 nonzeros (Max)
Model fingerprint: 0x30b9be90
Model has 7 linear objective coefficients
Variable types: 13 continuous, 30 integer (30 binary)
Coefficient statistics:
  Matrix range     [1e+00, 7e+00]
  Objective range  [1e+00, 1e+00]
  Bounds range     [1e+00, 1e+00]
  RHS range        [1e+00, 8e+00]

Found heuristic solution: objective 7.0000000
Presolve removed 95 rows and 12 columns
Presolve time: 0.00s
Presolved: 66 rows, 31 columns, 216 nonzeros
Variable types: 0 continuous, 31 integer (25 binary)
Found heuristic solution: objective 13.0000000

Root relaxation: objective 3.100000e+01, 23 iterations, 0.00 seconds (0.00 work units)

    Nodes    |    Current Node    |     Objective Bounds      |     Work
 Expl Unexpl |  Obj  Depth IntInf | Incumbent    BestBd   Gap | It/Node Time

     0     0   31.00000    0   14   13.00000   31.00000   138%     -    0s
H    0     0                      14.0000000   31.00000   121%     -    0s
H    0     0                      15.0000000   31.00000   107%     -    0s
H    0     0                      16.0000000   31.00000  93.8%     -    0s
H    0     0                      18.0000000   31.00000  72.2%     -    0s
     0     0   31.00000    0   17   18.00000   31.00000  72.2%     -    0s
H    0     0                      19.0000000   31.00000  63.2%     -    0s
     0     0   30.00000    0   19   19.00000   30.00000  57.9%     -    0s
     0     0   30.00000    0   14   19.00000   30.00000  57.9%     -    0s
     0     0   29.25000    0   20   19.00000   29.25000  53.9%     -    0s
     0     0   29.00000    0   21   19.00000   29.00000  52.6%     -    0s
     0     0   29.00000    0   14   19.00000   29.00000  52.6%     -    0s
     0     0   29.00000    0   20   19.00000   29.00000  52.6%     -    0s
     0     0   28.00000    0   19   19.00000   28.00000  47.4%     -    0s
     0     0   28.00000    0   18   19.00000   28.00000  47.4%     -    0s
     0     0   27.00000    0   17   19.00000   27.00000  42.1%     -    0s
     0     0   27.00000    0   17   19.00000   27.00000  42.1%     -    0s
     0     0   27.00000    0   17   19.00000   27.00000  42.1%     -    0s
     0     0   27.00000    0   17   19.00000   27.00000  42.1%     -    0s
     0     2   27.00000    0   17   19.00000   27.00000  42.1%     -    0s

Cutting planes:
  Gomory: 3
  Cover: 1
  MIR: 2
  Zero half: 4

Explored 468 nodes (1836 simplex iterations) in 0.09 seconds (0.02 work units)
Thread count was 16 (of 16 available processors)

Solution count 7: 19 18 16 ... 7

Optimal solution found (tolerance 1.00e-04)
Best objective 1.900000000000e+01, best bound 1.900000000000e+01, gap 0.0000%

Wrote result file '/root/bgw/data/results/2026_03_24_00_33_20_set_set_set_s001_g002_max.sol'

