[2026-03-24T14:27:45.103Z] Pipeline "set_vm-3-t1_vm-3-t1_s012_g002" → 2026_03_24_14_27_45_set_vm-3-t1_vm-3-t1_s012_g002_max.sol
Set parameter Username
Set parameter LicenseID to value 2796068
Set parameter LogFile to value "gurobi.log"
Using license file /opt/gurobi/gurobi.lic
Academic license - for non-commercial use only - expires 2027-03-23

Gurobi Optimizer version 13.0.1 build v13.0.1rc0 (linux64 - "Ubuntu 24.04.4 LTS")
Copyright (c) 2026, Gurobi Optimization, LLC

Warning: Duplicate section found (read 'binary') - Is a variable name equal to an LP file format keyword?
Warning: Duplicate section found (read 'binary') - Is a variable name equal to an LP file format keyword?
Warning: Duplicate section found (read 'binary') - Is a variable name equal to an LP file format keyword?
Warning: Duplicate section found (read 'binary') - Is a variable name equal to an LP file format keyword?
Warning: Duplicate section found (read 'binary') - Is a variable name equal to an LP file format keyword?
Warning: Duplicate section found (read 'binary') - Is a variable name equal to an LP file format keyword?
Warning: Duplicate section found (read 'binary') - Is a variable name equal to an LP file format keyword?
Warning: Duplicate section found (read 'binary') - Is a variable name equal to an LP file format keyword?
Warning: Duplicate section found (read 'binary') - Is a variable name equal to an LP file format keyword?
Warning: Duplicate section found (read 'binary') - Is a variable name equal to an LP file format keyword?
Warning: Further warnings of this type will be omitted.
Read LP format model from file /root/bgw/data/uploads/2026_03_24_14_27_45_set_vm-3-t1_vm-3-t1_s012_g002_max.lp
Reading time = 0.00 seconds
: 3575 rows, 342 columns, 10759 nonzeros

Using Gurobi shared library /opt/gurobi1301/linux64/lib/libgurobi.so.13.0.1

CPU model: AMD EPYC-Genoa Processor, instruction set [SSE2|AVX|AVX2|AVX512]
Thread count: 16 physical cores, 16 logical processors, using up to 16 threads

Optimize a model with 3575 rows, 342 columns and 10759 nonzeros (Max)
Model fingerprint: 0x9289817c
Model has 29 linear objective coefficients
Variable types: 51 continuous, 291 integer (291 binary)
Coefficient statistics:
  Matrix range     [1e+00, 2e+01]
  Objective range  [1e+00, 1e+00]
  Bounds range     [1e+00, 1e+00]
  RHS range        [1e+00, 2e+01]

Found heuristic solution: objective 29.0000000
Presolve removed 444 rows and 81 columns
Presolve time: 0.01s
Presolved: 3131 rows, 261 columns, 9564 nonzeros
Variable types: 0 continuous, 261 integer (252 binary)
Found heuristic solution: objective 32.0000000

Root relaxation: objective 1.470000e+02, 375 iterations, 0.02 seconds (0.02 work units)

    Nodes    |    Current Node    |     Objective Bounds      |     Work
 Expl Unexpl |  Obj  Depth IntInf | Incumbent    BestBd   Gap | It/Node Time

     0     0  147.00000    0   45   32.00000  147.00000   359%     -    0s
H    0     0                      42.0000000  147.00000   250%     -    0s
H    0     0                      57.0000000  147.00000   158%     -    0s
H    0     0                      59.0000000  147.00000   149%     -    0s
     0     0  147.00000    0   55   59.00000  147.00000   149%     -    0s
H    0     0                      62.0000000  147.00000   137%     -    0s
H    0     0                      63.0000000  147.00000   133%     -    0s
H    0     0                      66.0000000  147.00000   123%     -    0s
     0     0  147.00000    0   55   66.00000  147.00000   123%     -    0s
H    0     0                      70.0000000  147.00000   110%     -    0s
     0     0  147.00000    0   50   70.00000  147.00000   110%     -    0s
     0     0  147.00000    0   41   70.00000  147.00000   110%     -    0s
H    0     0                      73.0000000  147.00000   101%     -    0s
     0     0  147.00000    0   44   73.00000  147.00000   101%     -    0s
     0     0  147.00000    0   41   73.00000  147.00000   101%     -    0s
     0     0  147.00000    0   44   73.00000  147.00000   101%     -    0s
     0     0  146.85000    0   45   73.00000  146.85000   101%     -    0s
     0     0  146.85000    0   43   73.00000  146.85000   101%     -    0s
     0     0  144.00000    0   43   73.00000  144.00000  97.3%     -    0s
     0     0  144.00000    0   42   73.00000  144.00000  97.3%     -    0s
     0     0  144.00000    0   42   73.00000  144.00000  97.3%     -    0s
H    0     0                      75.0000000  144.00000  92.0%     -    0s
     0     0  144.00000    0   43   75.00000  144.00000  92.0%     -    0s
     0     0  143.85000    0   43   75.00000  143.85000  91.8%     -    0s
     0     0  143.85000    0   41   75.00000  143.85000  91.8%     -    0s
     0     0  141.00000    0   41   75.00000  141.00000  88.0%     -    0s
     0     0  141.00000    0   40   75.00000  141.00000  88.0%     -    0s
     0     2  141.00000    0   40   75.00000  141.00000  88.0%     -    0s
H   34    40                      76.0000000  141.00000  85.5%  76.3    0s
 13049  1760   77.76000   32   52   76.00000   97.92500  28.8%  65.5    5s

Explored 33064 nodes (2295660 simplex iterations) in 8.97 seconds (18.30 work units)
Thread count was 16 (of 16 available processors)

Solution count 10: 76 76 76 ... 62

Optimal solution found (tolerance 1.00e-04)
Best objective 7.600000000000e+01, best bound 7.600000000000e+01, gap 0.0000%

Wrote result file '/root/bgw/data/results/2026_03_24_14_27_45_set_vm-3-t1_vm-3-t1_s012_g002_max.sol'

