[2026-03-23T17:01:05.873Z] Pipeline "set_ds_1_ds_1_s009_g002" → 2026_03_23_17_01_05_set_ds_1_ds_1_s009_g002_max.sol
Set parameter WLSAccessID
Set parameter WLSSecret
Set parameter LicenseID to value 2792458
Set parameter LogFile to value "gurobi.log"
Using license file /root/gurobi.lic
Academic license 2792458 - for non-commercial use only - registered to an___@studenti.unipg.it

Gurobi Optimizer version 13.0.1 build v13.0.1rc0 (linux64 - "Ubuntu 24.04.4 LTS")
Copyright (c) 2026, Gurobi Optimization, LLC

Warning: Duplicate section found (read 'binary') - Is a variable name equal to an LP file format keyword?
Warning: Duplicate section found (read 'binary') - Is a variable name equal to an LP file format keyword?
Warning: Duplicate section found (read 'binary') - Is a variable name equal to an LP file format keyword?
Warning: Duplicate section found (read 'binary') - Is a variable name equal to an LP file format keyword?
Warning: Duplicate section found (read 'binary') - Is a variable name equal to an LP file format keyword?
Warning: Duplicate section found (read 'binary') - Is a variable name equal to an LP file format keyword?
Warning: Duplicate section found (read 'binary') - Is a variable name equal to an LP file format keyword?
Warning: Duplicate section found (read 'binary') - Is a variable name equal to an LP file format keyword?
Warning: Duplicate section found (read 'binary') - Is a variable name equal to an LP file format keyword?
Warning: Duplicate section found (read 'binary') - Is a variable name equal to an LP file format keyword?
Warning: Further warnings of this type will be omitted.
Read LP format model from file /root/bgw/data/uploads/2026_03_23_17_01_05_set_ds_1_ds_1_s009_g002_max.lp
Reading time = 0.00 seconds
: 2450 rows, 289 columns, 7226 nonzeros

Using Gurobi shared library /opt/gurobi1301/linux64/lib/libgurobi.so.13.0.1

CPU model: AMD EPYC-Genoa Processor, instruction set [SSE2|AVX|AVX2|AVX512]
Thread count: 16 physical cores, 16 logical processors, using up to 16 threads

Academic license 2792458 - for non-commercial use only - registered to an___@studenti.unipg.it
Optimize a model with 2450 rows, 289 columns and 7226 nonzeros (Max)
Model fingerprint: 0xc298a36c
Model has 25 linear objective coefficients
Variable types: 44 continuous, 245 integer (245 binary)
Coefficient statistics:
  Matrix range     [1e+00, 2e+01]
  Objective range  [1e+00, 1e+00]
  Bounds range     [1e+00, 1e+00]
  RHS range        [1e+00, 2e+01]

Found heuristic solution: objective 25.0000000
Presolve removed 441 rows and 75 columns
Presolve time: 0.01s
Presolved: 2009 rows, 214 columns, 6267 nonzeros
Variable types: 0 continuous, 214 integer (199 binary)

Root relaxation: objective 1.150000e+02, 440 iterations, 0.03 seconds (0.02 work units)

    Nodes    |    Current Node    |     Objective Bounds      |     Work
 Expl Unexpl |  Obj  Depth IntInf | Incumbent    BestBd   Gap | It/Node Time

     0     0  115.00000    0   88   25.00000  115.00000   360%     -    0s
H    0     0                      31.0000000  115.00000   271%     -    0s
H    0     0                      43.0000000  115.00000   167%     -    0s
H    0     0                      46.0000000  115.00000   150%     -    0s
     0     0  115.00000    0   84   46.00000  115.00000   150%     -    0s
H    0     0                      49.0000000  115.00000   135%     -    0s
H    0     0                      52.0000000  115.00000   121%     -    0s
     0     0  115.00000    0   85   52.00000  115.00000   121%     -    0s
     0     0  115.00000    0   66   52.00000  115.00000   121%     -    0s
H    0     0                      55.0000000  115.00000   109%     -    0s
     0     0  115.00000    0   72   55.00000  115.00000   109%     -    0s
     0     0  115.00000    0   66   55.00000  115.00000   109%     -    0s
H    0     0                      58.0000000  115.00000  98.3%     -    0s
     0     0  114.82353    0   69   58.00000  114.82353  98.0%     -    0s
     0     0  114.82353    0   66   58.00000  114.82353  98.0%     -    0s
     0     0  114.29412    0   70   58.00000  114.29412  97.1%     -    0s
     0     0  112.00000    0   69   58.00000  112.00000  93.1%     -    0s
     0     0  112.00000    0   66   58.00000  112.00000  93.1%     -    0s
H    0     0                      61.0000000  112.00000  83.6%     -    0s
     0     0  112.00000    0   70   61.00000  112.00000  83.6%     -    0s
     0     0  112.00000    0   66   61.00000  112.00000  83.6%     -    0s
     0     0  112.00000    0   64   61.00000  112.00000  83.6%     -    0s
     0     0  112.00000    0   69   61.00000  112.00000  83.6%     -    0s
     0     0  112.00000    0   62   61.00000  112.00000  83.6%     -    0s
     0     0  112.00000    0   62   61.00000  112.00000  83.6%     -    0s
     0     0  112.00000    0   62   61.00000  112.00000  83.6%     -    0s
     0     2  112.00000    0   62   61.00000  112.00000  83.6%     -    0s
H  500   392                      64.0000000  112.00000  75.0%  84.6    0s
 11531  3334 infeasible   28        64.00000   92.98972  45.3%  84.8    5s
 35036  9832   81.47059   26   33   64.00000   86.05882  34.5%  85.2   10s
 53940 13150   72.73529   33   42   64.00000   82.00000  28.1%  83.8   15s
 76793 16503 infeasible   34        64.00000   81.64706  27.6%  83.8   20s
 99266 17884   75.70000   32   87   64.00000   79.00000  23.4%  82.6   25s
 117691 19407   72.76471   29   44   64.00000   79.00000  23.4%  84.1   30s
 138578 20101   72.82353   30   49   64.00000   78.63102  22.9%  83.3   35s
 153258 19524 infeasible   39        64.00000   76.76471  19.9%  82.1   40s
 172566 19105   70.00000   31   31   64.00000   76.00000  18.8%  82.3   45s
 191678 18833 infeasible   35        64.00000   76.00000  18.8%  82.8   50s
 199947 18882   76.00000   35   60   64.00000   76.00000  18.8%  83.0   55s
 220252 21405   75.82353   48   54   64.00000   76.00000  18.8%  83.8   60s
 238243 22777   72.64706   48   71   64.00000   76.00000  18.8%  84.1   65s
 265579 26136     cutoff   46        64.00000   76.00000  18.8%  84.0   70s
 292223 34690   74.05882   45   99   64.00000   76.00000  18.8%  83.9   75s
 317263 42483 infeasible   49        64.00000   76.00000  18.8%  83.6   80s
 347926 48729   76.00000   44   32   64.00000   76.00000  18.8%  83.0   85s
 373416 55737   76.00000   44   37   64.00000   76.00000  18.8%  82.7   90s
 398016 58796 infeasible   46        64.00000   76.00000  18.8%  81.9   95s
 422357 60774   75.82353   43   43   64.00000   76.00000  18.8%  80.9  100s
 447641 65240   73.00000   47   44   64.00000   76.00000  18.8%  80.6  105s
 477881 66523   72.82353   48   55   64.00000   75.64706  18.2%  79.7  110s
 508767 63656   70.00000   53   49   64.00000   74.76471  16.8%  78.3  115s
 539650 61942   70.00000   47   41   64.00000   73.00000  14.1%  77.2  120s
 570065 61814   69.76471   47   37   64.00000   73.00000  14.1%  76.7  125s
 602132 58544 infeasible   51        64.00000   72.67059  13.5%  76.0  130s
 635637 48039     cutoff   52        64.00000   70.00000  9.38%  74.6  135s
 668013 38839 infeasible   51        64.00000   70.00000  9.38%  74.0  140s
 702126 27966   67.00000   48   46   64.00000   69.82353  9.10%  73.5  145s

Cutting planes:
  Inf proof: 2

Explored 736090 nodes (52913029 simplex iterations) in 148.20 seconds (263.33 work units)
Thread count was 16 (of 16 available processors)

Solution count 10: 64 61 58 ... 31

Optimal solution found (tolerance 1.00e-04)
Best objective 6.400000000000e+01, best bound 6.400000000000e+01, gap 0.0000%

Wrote result file '/root/bgw/data/results/2026_03_23_17_01_05_set_ds_1_ds_1_s009_g002_max.sol'

