[2026-03-24T13:36:53.966Z] Pipeline "set_vm-3-t1_vm-3-t1_s006_g002" → 2026_03_24_13_36_53_set_vm-3-t1_vm-3-t1_s006_g002_max.sol
Set parameter Username
Set parameter LicenseID to value 2796068
Set parameter LogFile to value "gurobi.log"
Using license file /opt/gurobi/gurobi.lic
Academic license - for non-commercial use only - expires 2027-03-23

Gurobi Optimizer version 13.0.1 build v13.0.1rc0 (linux64 - "Ubuntu 24.04.4 LTS")
Copyright (c) 2026, Gurobi Optimization, LLC

Warning: Duplicate section found (read 'binary') - Is a variable name equal to an LP file format keyword?
Warning: Duplicate section found (read 'binary') - Is a variable name equal to an LP file format keyword?
Warning: Duplicate section found (read 'binary') - Is a variable name equal to an LP file format keyword?
Warning: Duplicate section found (read 'binary') - Is a variable name equal to an LP file format keyword?
Warning: Duplicate section found (read 'binary') - Is a variable name equal to an LP file format keyword?
Warning: Duplicate section found (read 'binary') - Is a variable name equal to an LP file format keyword?
Warning: Duplicate section found (read 'binary') - Is a variable name equal to an LP file format keyword?
Warning: Duplicate section found (read 'binary') - Is a variable name equal to an LP file format keyword?
Warning: Duplicate section found (read 'binary') - Is a variable name equal to an LP file format keyword?
Warning: Duplicate section found (read 'binary') - Is a variable name equal to an LP file format keyword?
Warning: Further warnings of this type will be omitted.
Read LP format model from file /root/bgw/data/uploads/2026_03_24_13_36_53_set_vm-3-t1_vm-3-t1_s006_g002_max.lp
Reading time = 0.00 seconds
: 1375 rows, 184 columns, 4122 nonzeros

Using Gurobi shared library /opt/gurobi1301/linux64/lib/libgurobi.so.13.0.1

CPU model: AMD EPYC-Genoa Processor, instruction set [SSE2|AVX|AVX2|AVX512]
Thread count: 16 physical cores, 16 logical processors, using up to 16 threads

Optimize a model with 1375 rows, 184 columns and 4122 nonzeros (Max)
Model fingerprint: 0x47a1c8cf
Model has 11 linear objective coefficients
Variable types: 27 continuous, 157 integer (157 binary)
Coefficient statistics:
  Matrix range     [1e+00, 2e+01]
  Objective range  [1e+00, 1e+00]
  Bounds range     [1e+00, 1e+00]
  RHS range        [1e+00, 2e+01]

Found heuristic solution: objective 11.0000000
Presolve removed 222 rows and 44 columns
Presolve time: 0.00s
Presolved: 1153 rows, 140 columns, 3550 nonzeros
Variable types: 0 continuous, 140 integer (133 binary)
Found heuristic solution: objective 21.0000000

Root relaxation: objective 5.000000e+01, 83 iterations, 0.00 seconds (0.00 work units)

    Nodes    |    Current Node    |     Objective Bounds      |     Work
 Expl Unexpl |  Obj  Depth IntInf | Incumbent    BestBd   Gap | It/Node Time

     0     0   50.00000    0   16   21.00000   50.00000   138%     -    0s
H    0     0                      24.0000000   50.00000   108%     -    0s
H    0     0                      27.0000000   50.00000  85.2%     -    0s
     0     0   50.00000    0   27   27.00000   50.00000  85.2%     -    0s
H    0     0                      28.0000000   50.00000  78.6%     -    0s
H    0     0                      29.0000000   50.00000  72.4%     -    0s
     0     0   50.00000    0   27   29.00000   50.00000  72.4%     -    0s
     0     0   50.00000    0   26   29.00000   50.00000  72.4%     -    0s
     0     0   50.00000    0   26   29.00000   50.00000  72.4%     -    0s
     0     0   50.00000    0   26   29.00000   50.00000  72.4%     -    0s
H    0     0                      30.0000000   50.00000  66.7%     -    0s
     0     0   50.00000    0   26   30.00000   50.00000  66.7%     -    0s
     0     0   50.00000    0   26   30.00000   50.00000  66.7%     -    0s
     0     0   50.00000    0   26   30.00000   50.00000  66.7%     -    0s
     0     0   50.00000    0   24   30.00000   50.00000  66.7%     -    0s
     0     0   50.00000    0   18   30.00000   50.00000  66.7%     -    0s
     0     0   50.00000    0   24   30.00000   50.00000  66.7%     -    0s
     0     0   50.00000    0   24   30.00000   50.00000  66.7%     -    0s
     0     0   50.00000    0   24   30.00000   50.00000  66.7%     -    0s
     0     0   49.85714    0   24   30.00000   49.85714  66.2%     -    0s
     0     0   49.85714    0   16   30.00000   49.85714  66.2%     -    0s
     0     2   49.00000    0   16   30.00000   49.00000  63.3%     -    0s

Cutting planes:
  Cover: 18
  MIR: 5
  Inf proof: 15

Explored 2901 nodes (106830 simplex iterations) in 0.50 seconds (0.64 work units)
Thread count was 16 (of 16 available processors)

Solution count 7: 30 29 28 ... 11

Optimal solution found (tolerance 1.00e-04)
Best objective 3.000000000000e+01, best bound 3.000000000000e+01, gap 0.0000%

Wrote result file '/root/bgw/data/results/2026_03_24_13_36_53_set_vm-3-t1_vm-3-t1_s006_g002_max.sol'

