[2026-03-23T15:57:50.371Z] Pipeline "set_exp_3_exp_3_n013_c003_g005" → 2026_03_23_15_57_50_set_exp_3_exp_3_n013_c003_g005_max.sol
Set parameter WLSAccessID
Set parameter WLSSecret
Set parameter LicenseID to value 2792458
Set parameter LogFile to value "gurobi.log"
Using license file /root/gurobi.lic
Academic license 2792458 - for non-commercial use only - registered to an___@studenti.unipg.it

Gurobi Optimizer version 13.0.1 build v13.0.1rc0 (linux64 - "Ubuntu 24.04.4 LTS")
Copyright (c) 2026, Gurobi Optimization, LLC

Warning: Duplicate section found (read 'binary') - Is a variable name equal to an LP file format keyword?
Warning: Duplicate section found (read 'binary') - Is a variable name equal to an LP file format keyword?
Warning: Duplicate section found (read 'binary') - Is a variable name equal to an LP file format keyword?
Warning: Duplicate section found (read 'binary') - Is a variable name equal to an LP file format keyword?
Warning: Duplicate section found (read 'binary') - Is a variable name equal to an LP file format keyword?
Warning: Duplicate section found (read 'binary') - Is a variable name equal to an LP file format keyword?
Warning: Duplicate section found (read 'binary') - Is a variable name equal to an LP file format keyword?
Warning: Duplicate section found (read 'binary') - Is a variable name equal to an LP file format keyword?
Warning: Duplicate section found (read 'binary') - Is a variable name equal to an LP file format keyword?
Warning: Duplicate section found (read 'binary') - Is a variable name equal to an LP file format keyword?
Warning: Further warnings of this type will be omitted.
Read LP format model from file /root/bgw/data/uploads/2026_03_23_15_57_50_set_exp_3_exp_3_n013_c003_g005_max.lp
Reading time = 0.00 seconds
: 804 rows, 138 columns, 2329 nonzeros

Using Gurobi shared library /opt/gurobi1301/linux64/lib/libgurobi.so.13.0.1

CPU model: AMD EPYC-Genoa Processor, instruction set [SSE2|AVX|AVX2|AVX512]
Thread count: 16 physical cores, 16 logical processors, using up to 16 threads

Academic license 2792458 - for non-commercial use only - registered to an___@studenti.unipg.it
Optimize a model with 804 rows, 138 columns and 2329 nonzeros (Max)
Model fingerprint: 0x8cee578d
Model has 3 linear objective coefficients
Variable types: 16 continuous, 122 integer (122 binary)
Coefficient statistics:
  Matrix range     [1e+00, 1e+01]
  Objective range  [1e+00, 1e+00]
  Bounds range     [1e+00, 1e+00]
  RHS range        [1e+00, 2e+01]

Found heuristic solution: objective 3.0000000
Presolve removed 210 rows and 46 columns
Presolve time: 0.01s
Presolved: 594 rows, 92 columns, 1842 nonzeros
Variable types: 0 continuous, 92 integer (86 binary)
Found heuristic solution: objective 4.0000000

Root relaxation: objective 1.200000e+01, 76 iterations, 0.00 seconds (0.00 work units)

    Nodes    |    Current Node    |     Objective Bounds      |     Work
 Expl Unexpl |  Obj  Depth IntInf | Incumbent    BestBd   Gap | It/Node Time

     0     0   12.00000    0   17    4.00000   12.00000   200%     -    0s
H    0     0                       6.0000000   12.00000   100%     -    0s
H    0     0                       7.0000000   12.00000  71.4%     -    0s
     0     0   12.00000    0   19    7.00000   12.00000  71.4%     -    0s
H    0     0                       8.0000000   12.00000  50.0%     -    0s
     0     0   12.00000    0   19    8.00000   12.00000  50.0%     -    0s
     0     0   12.00000    0   19    8.00000   12.00000  50.0%     -    0s
     0     0   11.00000    0   19    8.00000   11.00000  37.5%     -    0s
     0     0   11.00000    0   19    8.00000   11.00000  37.5%     -    0s
     0     0   11.00000    0   17    8.00000   11.00000  37.5%     -    0s
     0     0   11.00000    0   19    8.00000   11.00000  37.5%     -    0s
     0     0   11.00000    0   19    8.00000   11.00000  37.5%     -    0s
     0     0   11.00000    0   17    8.00000   11.00000  37.5%     -    0s
     0     0   10.90909    0   18    8.00000   10.90909  36.4%     -    0s
     0     0   10.90909    0   18    8.00000   10.90909  36.4%     -    0s
     0     0   10.81818    0   18    8.00000   10.81818  35.2%     -    0s
     0     0   10.81818    0   18    8.00000   10.81818  35.2%     -    0s
     0     0   10.81818    0   18    8.00000   10.81818  35.2%     -    0s
     0     0   10.54545    0   18    8.00000   10.54545  31.8%     -    0s
     0     0   10.54545    0   18    8.00000   10.54545  31.8%     -    0s
     0     2   10.54545    0   18    8.00000   10.54545  31.8%     -    0s

Cutting planes:
  MIR: 1
  StrongCG: 1
  Inf proof: 2
  Zero half: 2

Explored 239 nodes (5509 simplex iterations) in 0.16 seconds (0.08 work units)
Thread count was 16 (of 16 available processors)

Solution count 5: 8 7 6 ... 3

Optimal solution found (tolerance 1.00e-04)
Best objective 8.000000000000e+00, best bound 8.000000000000e+00, gap 0.0000%

Wrote result file '/root/bgw/data/results/2026_03_23_15_57_50_set_exp_3_exp_3_n013_c003_g005_max.sol'

