[2026-03-23T13:43:34.919Z] Pipeline "set_exp_2_exp_2_n029_c007_g004" → 2026_03_23_13_43_34_set_exp_2_exp_2_n029_c007_g004_max.sol
Set parameter WLSAccessID
Set parameter WLSSecret
Set parameter LicenseID to value 2792458
Set parameter LogFile to value "gurobi.log"
Using license file /root/gurobi.lic
Academic license 2792458 - for non-commercial use only - registered to an___@studenti.unipg.it

Gurobi Optimizer version 13.0.1 build v13.0.1rc0 (linux64 - "Ubuntu 24.04.4 LTS")
Copyright (c) 2026, Gurobi Optimization, LLC

Warning: Duplicate section found (read 'binary') - Is a variable name equal to an LP file format keyword?
Warning: Duplicate section found (read 'binary') - Is a variable name equal to an LP file format keyword?
Warning: Duplicate section found (read 'binary') - Is a variable name equal to an LP file format keyword?
Warning: Duplicate section found (read 'binary') - Is a variable name equal to an LP file format keyword?
Warning: Duplicate section found (read 'binary') - Is a variable name equal to an LP file format keyword?
Warning: Duplicate section found (read 'binary') - Is a variable name equal to an LP file format keyword?
Warning: Duplicate section found (read 'binary') - Is a variable name equal to an LP file format keyword?
Warning: Duplicate section found (read 'binary') - Is a variable name equal to an LP file format keyword?
Warning: Duplicate section found (read 'binary') - Is a variable name equal to an LP file format keyword?
Warning: Duplicate section found (read 'binary') - Is a variable name equal to an LP file format keyword?
Warning: Further warnings of this type will be omitted.
Read LP format model from file /root/bgw/data/uploads/2026_03_23_13_43_34_set_exp_2_exp_2_n029_c007_g004_max.lp
Reading time = 0.01 seconds
: 8136 rows, 618 columns, 24377 nonzeros

Using Gurobi shared library /opt/gurobi1301/linux64/lib/libgurobi.so.13.0.1

CPU model: AMD EPYC-Genoa Processor, instruction set [SSE2|AVX|AVX2|AVX512]
Thread count: 16 physical cores, 16 logical processors, using up to 16 threads

Academic license 2792458 - for non-commercial use only - registered to an___@studenti.unipg.it
Optimize a model with 8136 rows, 618 columns and 24377 nonzeros (Max)
Model fingerprint: 0x5afee113
Model has 7 linear objective coefficients
Variable types: 36 continuous, 582 integer (582 binary)
Coefficient statistics:
  Matrix range     [1e+00, 3e+01]
  Objective range  [1e+00, 1e+00]
  Bounds range     [1e+00, 1e+00]
  RHS range        [1e+00, 3e+01]

Found heuristic solution: objective 7.0000000
Presolve removed 769 rows and 174 columns
Presolve time: 0.04s
Presolved: 7367 rows, 444 columns, 22543 nonzeros
Variable types: 0 continuous, 444 integer (427 binary)
Found heuristic solution: objective 8.0000000

Root relaxation: objective 2.800000e+01, 770 iterations, 0.08 seconds (0.09 work units)

    Nodes    |    Current Node    |     Objective Bounds      |     Work
 Expl Unexpl |  Obj  Depth IntInf | Incumbent    BestBd   Gap | It/Node Time

     0     0   28.00000    0   69    8.00000   28.00000   250%     -    0s
H    0     0                      16.0000000   28.00000  75.0%     -    0s
H    0     0                      18.0000000   28.00000  55.6%     -    0s
H    0     0                      19.0000000   28.00000  47.4%     -    0s
H    0     0                      20.0000000   28.00000  40.0%     -    0s
     0     0   28.00000    0   64   20.00000   28.00000  40.0%     -    0s
     0     0   28.00000    0   65   20.00000   28.00000  40.0%     -    0s
     0     0   28.00000    0   51   20.00000   28.00000  40.0%     -    0s
     0     0   28.00000    0   49   20.00000   28.00000  40.0%     -    0s
     0     0   28.00000    0   52   20.00000   28.00000  40.0%     -    0s
     0     0   28.00000    0   49   20.00000   28.00000  40.0%     -    0s
     0     0   28.00000    0   49   20.00000   28.00000  40.0%     -    0s
     0     0   28.00000    0   49   20.00000   28.00000  40.0%     -    0s
H    0     0                      21.0000000   28.00000  33.3%     -    0s
     0     0   28.00000    0   54   21.00000   28.00000  33.3%     -    0s
     0     0   28.00000    0   50   21.00000   28.00000  33.3%     -    0s
     0     0   28.00000    0   47   21.00000   28.00000  33.3%     -    0s
     0     0   28.00000    0   47   21.00000   28.00000  33.3%     -    0s
     0     0   28.00000    0   54   21.00000   28.00000  33.3%     -    1s
     0     0   28.00000    0   51   21.00000   28.00000  33.3%     -    1s
     0     0   28.00000    0   51   21.00000   28.00000  33.3%     -    1s
     0     0   28.00000    0   51   21.00000   28.00000  33.3%     -    1s
     0     2   28.00000    0   51   21.00000   28.00000  33.3%     -    1s
  1175   655   23.96296   20   63   21.00000   27.88889  32.8%   203    5s
  3961  1540   23.98148   12   59   21.00000   26.00000  23.8%   216   10s
  5759  1806   22.81481   27   56   21.00000   25.99405  23.8%   212   15s
  8547  1257     cutoff   30        21.00000   24.00000  14.3%   217   20s
 11611   568   22.50000   24   47   21.00000   23.00000  9.52%   231   25s

Cutting planes:
  Cover: 5
  Inf proof: 23

Explored 13562 nodes (3209233 simplex iterations) in 28.09 seconds (54.37 work units)
Thread count was 16 (of 16 available processors)

Solution count 10: 21 21 21 ... 7

Optimal solution found (tolerance 1.00e-04)
Best objective 2.100000000000e+01, best bound 2.100000000000e+01, gap 0.0000%

Wrote result file '/root/bgw/data/results/2026_03_23_13_43_34_set_exp_2_exp_2_n029_c007_g004_max.sol'

