[2026-03-23T15:57:08.854Z] Pipeline "set_exp_3_exp_3_n008_c001_g004" → 2026_03_23_15_57_08_set_exp_3_exp_3_n008_c001_g004_max.sol
Set parameter WLSAccessID
Set parameter WLSSecret
Set parameter LicenseID to value 2792458
Set parameter LogFile to value "gurobi.log"
Using license file /root/gurobi.lic
Academic license 2792458 - for non-commercial use only - registered to an___@studenti.unipg.it

Gurobi Optimizer version 13.0.1 build v13.0.1rc0 (linux64 - "Ubuntu 24.04.4 LTS")
Copyright (c) 2026, Gurobi Optimization, LLC

Warning: Duplicate section found (read 'binary') - Is a variable name equal to an LP file format keyword?
Warning: Duplicate section found (read 'binary') - Is a variable name equal to an LP file format keyword?
Warning: Duplicate section found (read 'binary') - Is a variable name equal to an LP file format keyword?
Warning: Duplicate section found (read 'binary') - Is a variable name equal to an LP file format keyword?
Warning: Duplicate section found (read 'binary') - Is a variable name equal to an LP file format keyword?
Warning: Duplicate section found (read 'binary') - Is a variable name equal to an LP file format keyword?
Warning: Duplicate section found (read 'binary') - Is a variable name equal to an LP file format keyword?
Warning: Duplicate section found (read 'binary') - Is a variable name equal to an LP file format keyword?
Warning: Duplicate section found (read 'binary') - Is a variable name equal to an LP file format keyword?
Warning: Duplicate section found (read 'binary') - Is a variable name equal to an LP file format keyword?
Warning: Further warnings of this type will be omitted.
Read LP format model from file /root/bgw/data/uploads/2026_03_23_15_57_08_set_exp_3_exp_3_n008_c001_g004_max.lp
Reading time = 0.00 seconds
: 201 rows, 53 columns, 564 nonzeros

Using Gurobi shared library /opt/gurobi1301/linux64/lib/libgurobi.so.13.0.1

CPU model: AMD EPYC-Genoa Processor, instruction set [SSE2|AVX|AVX2|AVX512]
Thread count: 16 physical cores, 16 logical processors, using up to 16 threads

Academic license 2792458 - for non-commercial use only - registered to an___@studenti.unipg.it
Optimize a model with 201 rows, 53 columns and 564 nonzeros (Max)
Model fingerprint: 0x0117bf3a
Model has 1 linear objective coefficients
Variable types: 9 continuous, 44 integer (44 binary)
Coefficient statistics:
  Matrix range     [1e+00, 9e+00]
  Objective range  [1e+00, 1e+00]
  Bounds range     [1e+00, 1e+00]
  RHS range        [1e+00, 1e+01]

Found heuristic solution: objective 1.0000000
Presolve removed 80 rows and 19 columns
Presolve time: 0.00s
Presolved: 121 rows, 34 columns, 378 nonzeros
Variable types: 0 continuous, 34 integer (31 binary)
Found heuristic solution: objective 2.0000000

Root relaxation: objective 4.000000e+00, 13 iterations, 0.00 seconds (0.00 work units)

    Nodes    |    Current Node    |     Objective Bounds      |     Work
 Expl Unexpl |  Obj  Depth IntInf | Incumbent    BestBd   Gap | It/Node Time

     0     0    4.00000    0    8    2.00000    4.00000   100%     -    0s
H    0     0                       3.0000000    4.00000  33.3%     -    0s
     0     0    4.00000    0    7    3.00000    4.00000  33.3%     -    0s

Cutting planes:
  Gomory: 5
  Cover: 1
  Zero half: 3

Explored 1 nodes (17 simplex iterations) in 0.02 seconds (0.00 work units)
Thread count was 16 (of 16 available processors)

Solution count 3: 3 2 1 

Optimal solution found (tolerance 1.00e-04)
Best objective 3.000000000000e+00, best bound 3.000000000000e+00, gap 0.0000%

Wrote result file '/root/bgw/data/results/2026_03_23_15_57_08_set_exp_3_exp_3_n008_c001_g004_max.sol'

