[2026-03-25T06:05:30.564Z] Pipeline "set_big_6-10_big_6-10_s003_g002" → 2026_03_25_06_05_30_set_big_6-10_big_6-10_s003_g002_max.sol
Set parameter WLSAccessID
Set parameter WLSSecret
Set parameter LicenseID to value 2792458
Set parameter LogFile to value "gurobi.log"
Using license file /root/gurobi.lic
Academic license 2792458 - for non-commercial use only - registered to an___@studenti.unipg.it

Gurobi Optimizer version 13.0.1 build v13.0.1rc0 (linux64 - "Ubuntu 24.04.4 LTS")
Copyright (c) 2026, Gurobi Optimization, LLC

Warning: Duplicate section found (read 'binary') - Is a variable name equal to an LP file format keyword?
Warning: Duplicate section found (read 'binary') - Is a variable name equal to an LP file format keyword?
Warning: Duplicate section found (read 'binary') - Is a variable name equal to an LP file format keyword?
Warning: Duplicate section found (read 'binary') - Is a variable name equal to an LP file format keyword?
Warning: Duplicate section found (read 'binary') - Is a variable name equal to an LP file format keyword?
Warning: Duplicate section found (read 'binary') - Is a variable name equal to an LP file format keyword?
Warning: Duplicate section found (read 'binary') - Is a variable name equal to an LP file format keyword?
Warning: Duplicate section found (read 'binary') - Is a variable name equal to an LP file format keyword?
Warning: Duplicate section found (read 'binary') - Is a variable name equal to an LP file format keyword?
Warning: Duplicate section found (read 'binary') - Is a variable name equal to an LP file format keyword?
Warning: Further warnings of this type will be omitted.
Read LP format model from file /root/bgw/data/uploads/2026_03_25_06_05_30_set_big_6-10_big_6-10_s003_g002_max.lp
Reading time = 0.00 seconds
: 2368 rows, 280 columns, 7182 nonzeros

Using Gurobi shared library /opt/gurobi1301/linux64/lib/libgurobi.so.13.0.1

CPU model: AMD EPYC-Genoa Processor, instruction set [SSE2|AVX|AVX2|AVX512]
Thread count: 16 physical cores, 16 logical processors, using up to 16 threads

Academic license 2792458 - for non-commercial use only - registered to an___@studenti.unipg.it
Optimize a model with 2368 rows, 280 columns and 7182 nonzeros (Max)
Model fingerprint: 0x458d330c
Model has 43 linear objective coefficients
Variable types: 62 continuous, 218 integer (218 binary)
Coefficient statistics:
  Matrix range     [1e+00, 2e+01]
  Objective range  [1e+00, 1e+00]
  Bounds range     [1e+00, 1e+00]
  RHS range        [1e+00, 2e+01]

Found heuristic solution: objective 43.0000000
Presolve removed 385 rows and 82 columns
Presolve time: 0.01s
Presolved: 1983 rows, 198 columns, 6093 nonzeros
Variable types: 0 continuous, 198 integer (189 binary)
Found heuristic solution: objective 88.0000000

Root relaxation: objective 2.710000e+02, 126 iterations, 0.00 seconds (0.00 work units)

    Nodes    |    Current Node    |     Objective Bounds      |     Work
 Expl Unexpl |  Obj  Depth IntInf | Incumbent    BestBd   Gap | It/Node Time

     0     0  271.00000    0   34   88.00000  271.00000   208%     -    0s
H    0     0                      90.0000000  271.00000   201%     -    0s
H    0     0                     120.0000000  271.00000   126%     -    0s
     0     0  271.00000    0   31  120.00000  271.00000   126%     -    0s
     0     0  271.00000    0   30  120.00000  271.00000   126%     -    0s
     0     0  271.00000    0   26  120.00000  271.00000   126%     -    0s
     0     0  271.00000    0   25  120.00000  271.00000   126%     -    0s
     0     0  271.00000    0   17  120.00000  271.00000   126%     -    0s
     0     0  271.00000    0   17  120.00000  271.00000   126%     -    0s
     0     0  271.00000    0   26  120.00000  271.00000   126%     -    0s
     0     0  271.00000    0   25  120.00000  271.00000   126%     -    0s
     0     0  271.00000    0   28  120.00000  271.00000   126%     -    0s
     0     0  271.00000    0   28  120.00000  271.00000   126%     -    0s
     0     0  271.00000    0   19  120.00000  271.00000   126%     -    0s
     0     0  271.00000    0   30  120.00000  271.00000   126%     -    0s
     0     0  270.00000    0   30  120.00000  270.00000   125%     -    0s
     0     0  270.00000    0   19  120.00000  270.00000   125%     -    0s
     0     0  269.00000    0   26  120.00000  269.00000   124%     -    0s
     0     0  269.00000    0   24  120.00000  269.00000   124%     -    0s
     0     0  269.00000    0   19  120.00000  269.00000   124%     -    0s
     0     0  269.00000    0   25  120.00000  269.00000   124%     -    0s
     0     0  269.00000    0   24  120.00000  269.00000   124%     -    0s
     0     0  269.00000    0   24  120.00000  269.00000   124%     -    0s
     0     0  269.00000    0   24  120.00000  269.00000   124%     -    0s
     0     0  269.00000    0   24  120.00000  269.00000   124%     -    0s
     0     2  269.00000    0   24  120.00000  269.00000   124%     -    0s

Cutting planes:
  Gomory: 1
  Cover: 54
  MIR: 4
  Inf proof: 102
  Zero half: 7

Explored 7485 nodes (248923 simplex iterations) in 1.47 seconds (1.94 work units)
Thread count was 16 (of 16 available processors)

Solution count 4: 120 90 88 43 

Optimal solution found (tolerance 1.00e-04)
Best objective 1.200000000000e+02, best bound 1.200000000000e+02, gap 0.0000%

Wrote result file '/root/bgw/data/results/2026_03_25_06_05_30_set_big_6-10_big_6-10_s003_g002_max.sol'

