[2026-03-23T13:36:32.475Z] Pipeline "set_exp_2_exp_2_n020_c006_g005" → 2026_03_23_13_36_32_set_exp_2_exp_2_n020_c006_g005_max.sol
Set parameter WLSAccessID
Set parameter WLSSecret
Set parameter LicenseID to value 2792458
Set parameter LogFile to value "gurobi.log"
Using license file /root/gurobi.lic
Academic license 2792458 - for non-commercial use only - registered to an___@studenti.unipg.it

Gurobi Optimizer version 13.0.1 build v13.0.1rc0 (linux64 - "Ubuntu 24.04.4 LTS")
Copyright (c) 2026, Gurobi Optimization, LLC

Warning: Duplicate section found (read 'binary') - Is a variable name equal to an LP file format keyword?
Warning: Duplicate section found (read 'binary') - Is a variable name equal to an LP file format keyword?
Warning: Duplicate section found (read 'binary') - Is a variable name equal to an LP file format keyword?
Warning: Duplicate section found (read 'binary') - Is a variable name equal to an LP file format keyword?
Warning: Duplicate section found (read 'binary') - Is a variable name equal to an LP file format keyword?
Warning: Duplicate section found (read 'binary') - Is a variable name equal to an LP file format keyword?
Warning: Duplicate section found (read 'binary') - Is a variable name equal to an LP file format keyword?
Warning: Duplicate section found (read 'binary') - Is a variable name equal to an LP file format keyword?
Warning: Duplicate section found (read 'binary') - Is a variable name equal to an LP file format keyword?
Warning: Duplicate section found (read 'binary') - Is a variable name equal to an LP file format keyword?
Warning: Further warnings of this type will be omitted.
Read LP format model from file /root/bgw/data/uploads/2026_03_23_13_36_32_set_exp_2_exp_2_n020_c006_g005_max.lp
Reading time = 0.00 seconds
: 2802 rows, 318 columns, 8256 nonzeros

Using Gurobi shared library /opt/gurobi1301/linux64/lib/libgurobi.so.13.0.1

CPU model: AMD EPYC-Genoa Processor, instruction set [SSE2|AVX|AVX2|AVX512]
Thread count: 16 physical cores, 16 logical processors, using up to 16 threads

Academic license 2792458 - for non-commercial use only - registered to an___@studenti.unipg.it
Optimize a model with 2802 rows, 318 columns and 8256 nonzeros (Max)
Model fingerprint: 0x9b676e62
Model has 6 linear objective coefficients
Variable types: 26 continuous, 292 integer (292 binary)
Coefficient statistics:
  Matrix range     [1e+00, 2e+01]
  Objective range  [1e+00, 1e+00]
  Bounds range     [1e+00, 1e+00]
  RHS range        [1e+00, 2e+01]

Found heuristic solution: objective 6.0000000
Presolve removed 476 rows and 99 columns
Presolve time: 0.01s
Presolved: 2326 rows, 219 columns, 7182 nonzeros
Variable types: 0 continuous, 219 integer (207 binary)
Found heuristic solution: objective 7.0000000

Root relaxation: objective 2.400000e+01, 257 iterations, 0.01 seconds (0.01 work units)

    Nodes    |    Current Node    |     Objective Bounds      |     Work
 Expl Unexpl |  Obj  Depth IntInf | Incumbent    BestBd   Gap | It/Node Time

     0     0   24.00000    0   70    7.00000   24.00000   243%     -    0s
H    0     0                      12.0000000   24.00000   100%     -    0s
H    0     0                      13.0000000   24.00000  84.6%     -    0s
H    0     0                      14.0000000   24.00000  71.4%     -    0s
     0     0   24.00000    0   70   14.00000   24.00000  71.4%     -    0s
H    0     0                      15.0000000   24.00000  60.0%     -    0s
H    0     0                      16.0000000   24.00000  50.0%     -    0s
     0     0   24.00000    0   71   16.00000   24.00000  50.0%     -    0s
     0     0   24.00000    0   71   16.00000   24.00000  50.0%     -    0s
     0     0   24.00000    0   71   16.00000   24.00000  50.0%     -    0s
     0     0   24.00000    0   71   16.00000   24.00000  50.0%     -    0s
     0     0   24.00000    0   67   16.00000   24.00000  50.0%     -    0s
     0     0   24.00000    0   67   16.00000   24.00000  50.0%     -    0s
     0     0   24.00000    0   67   16.00000   24.00000  50.0%     -    0s
     0     0   24.00000    0   70   16.00000   24.00000  50.0%     -    0s
     0     0   24.00000    0   70   16.00000   24.00000  50.0%     -    0s
     0     0   24.00000    0   69   16.00000   24.00000  50.0%     -    0s
     0     0   24.00000    0   69   16.00000   24.00000  50.0%     -    0s
     0     0   24.00000    0   69   16.00000   24.00000  50.0%     -    0s
     0     0   24.00000    0   69   16.00000   24.00000  50.0%     -    0s
     0     0   24.00000    0   69   16.00000   24.00000  50.0%     -    0s
     0     2   24.00000    0   69   16.00000   24.00000  50.0%     -    0s
  9863  1263 infeasible   24        16.00000   20.00000  25.0%  88.5    5s

Cutting planes:
  Cover: 1
  Inf proof: 9

Explored 18870 nodes (1639749 simplex iterations) in 7.26 seconds (11.90 work units)
Thread count was 16 (of 16 available processors)

Solution count 9: 16 16 15 ... 6

Optimal solution found (tolerance 1.00e-04)
Best objective 1.600000000000e+01, best bound 1.600000000000e+01, gap 0.0000%

Wrote result file '/root/bgw/data/results/2026_03_23_13_36_32_set_exp_2_exp_2_n020_c006_g005_max.sol'

