[2026-03-24T00:34:32.008Z] Pipeline "set_set_set_s009_g003" → 2026_03_24_00_34_31_set_set_set_s009_g003_max.sol
Set parameter WLSAccessID
Set parameter WLSSecret
Set parameter LicenseID to value 2792458
Set parameter LogFile to value "gurobi.log"
Using license file /root/gurobi.lic
Academic license 2792458 - for non-commercial use only - registered to an___@studenti.unipg.it

Gurobi Optimizer version 13.0.1 build v13.0.1rc0 (linux64 - "Ubuntu 24.04.4 LTS")
Copyright (c) 2026, Gurobi Optimization, LLC

Warning: Duplicate section found (read 'binary') - Is a variable name equal to an LP file format keyword?
Warning: Duplicate section found (read 'binary') - Is a variable name equal to an LP file format keyword?
Warning: Duplicate section found (read 'binary') - Is a variable name equal to an LP file format keyword?
Warning: Duplicate section found (read 'binary') - Is a variable name equal to an LP file format keyword?
Warning: Duplicate section found (read 'binary') - Is a variable name equal to an LP file format keyword?
Warning: Duplicate section found (read 'binary') - Is a variable name equal to an LP file format keyword?
Warning: Duplicate section found (read 'binary') - Is a variable name equal to an LP file format keyword?
Warning: Duplicate section found (read 'binary') - Is a variable name equal to an LP file format keyword?
Warning: Duplicate section found (read 'binary') - Is a variable name equal to an LP file format keyword?
Warning: Duplicate section found (read 'binary') - Is a variable name equal to an LP file format keyword?
Warning: Further warnings of this type will be omitted.
Read LP format model from file /root/bgw/data/uploads/2026_03_24_00_34_31_set_set_set_s009_g003_max.lp
Reading time = 0.00 seconds
: 1026 rows, 165 columns, 2967 nonzeros

Using Gurobi shared library /opt/gurobi1301/linux64/lib/libgurobi.so.13.0.1

CPU model: AMD EPYC-Genoa Processor, instruction set [SSE2|AVX|AVX2|AVX512]
Thread count: 16 physical cores, 16 logical processors, using up to 16 threads

Academic license 2792458 - for non-commercial use only - registered to an___@studenti.unipg.it
Optimize a model with 1026 rows, 165 columns and 2967 nonzeros (Max)
Model fingerprint: 0x41b36325
Model has 8 linear objective coefficients
Variable types: 22 continuous, 143 integer (143 binary)
Coefficient statistics:
  Matrix range     [1e+00, 2e+01]
  Objective range  [1e+00, 1e+00]
  Bounds range     [1e+00, 1e+00]
  RHS range        [1e+00, 2e+01]

Found heuristic solution: objective 8.0000000
Presolve removed 264 rows and 53 columns
Presolve time: 0.00s
Presolved: 762 rows, 112 columns, 2374 nonzeros
Variable types: 0 continuous, 112 integer (104 binary)
Found heuristic solution: objective 11.0000000

Root relaxation: objective 3.500000e+01, 143 iterations, 0.00 seconds (0.00 work units)

    Nodes    |    Current Node    |     Objective Bounds      |     Work
 Expl Unexpl |  Obj  Depth IntInf | Incumbent    BestBd   Gap | It/Node Time

     0     0   35.00000    0   30   11.00000   35.00000   218%     -    0s
H    0     0                      12.0000000   35.00000   192%     -    0s
H    0     0                      15.0000000   35.00000   133%     -    0s
H    0     0                      18.0000000   35.00000  94.4%     -    0s
H    0     0                      20.0000000   35.00000  75.0%     -    0s
     0     0   35.00000    0   30   20.00000   35.00000  75.0%     -    0s
     0     0   35.00000    0   30   20.00000   35.00000  75.0%     -    0s
H    0     0                      21.0000000   35.00000  66.7%     -    0s
H    0     0                      22.0000000   35.00000  59.1%     -    0s
     0     0   35.00000    0   30   22.00000   35.00000  59.1%     -    0s
     0     0   35.00000    0   30   22.00000   35.00000  59.1%     -    0s
     0     0   35.00000    0   30   22.00000   35.00000  59.1%     -    0s
     0     0   35.00000    0   37   22.00000   35.00000  59.1%     -    0s
     0     0   35.00000    0   29   22.00000   35.00000  59.1%     -    0s
     0     0   34.94444    0   32   22.00000   34.94444  58.8%     -    0s
     0     0   34.94444    0   29   22.00000   34.94444  58.8%     -    0s
     0     0   34.54167    0   30   22.00000   34.54167  57.0%     -    0s
     0     0   34.54167    0   29   22.00000   34.54167  57.0%     -    0s
     0     0   34.00000    0   28   22.00000   34.00000  54.5%     -    0s
     0     0   34.00000    0   28   22.00000   34.00000  54.5%     -    0s
     0     0   34.00000    0   28   22.00000   34.00000  54.5%     -    0s
     0     0   34.00000    0   28   22.00000   34.00000  54.5%     -    0s
     0     2   34.00000    0   28   22.00000   34.00000  54.5%     -    0s

Cutting planes:
  Cover: 5
  Inf proof: 10
  Zero half: 1

Explored 1930 nodes (58982 simplex iterations) in 0.37 seconds (0.35 work units)
Thread count was 16 (of 16 available processors)

Solution count 8: 22 21 20 ... 8

Optimal solution found (tolerance 1.00e-04)
Best objective 2.200000000000e+01, best bound 2.200000000000e+01, gap 0.0000%

Wrote result file '/root/bgw/data/results/2026_03_24_00_34_31_set_set_set_s009_g003_max.sol'

