[2026-03-24T15:10:58.834Z] Pipeline "set_vm-3-t1_vm-3-t1_s020_g003" → 2026_03_24_15_10_58_set_vm-3-t1_vm-3-t1_s020_g003_max.sol
Set parameter Username
Set parameter LicenseID to value 2796068
Set parameter LogFile to value "gurobi.log"
Using license file /opt/gurobi/gurobi.lic
Academic license - for non-commercial use only - expires 2027-03-23

Gurobi Optimizer version 13.0.1 build v13.0.1rc0 (linux64 - "Ubuntu 24.04.4 LTS")
Copyright (c) 2026, Gurobi Optimization, LLC

Warning: Duplicate section found (read 'binary') - Is a variable name equal to an LP file format keyword?
Warning: Duplicate section found (read 'binary') - Is a variable name equal to an LP file format keyword?
Warning: Duplicate section found (read 'binary') - Is a variable name equal to an LP file format keyword?
Warning: Duplicate section found (read 'binary') - Is a variable name equal to an LP file format keyword?
Warning: Duplicate section found (read 'binary') - Is a variable name equal to an LP file format keyword?
Warning: Duplicate section found (read 'binary') - Is a variable name equal to an LP file format keyword?
Warning: Duplicate section found (read 'binary') - Is a variable name equal to an LP file format keyword?
Warning: Duplicate section found (read 'binary') - Is a variable name equal to an LP file format keyword?
Warning: Duplicate section found (read 'binary') - Is a variable name equal to an LP file format keyword?
Warning: Duplicate section found (read 'binary') - Is a variable name equal to an LP file format keyword?
Warning: Further warnings of this type will be omitted.
Read LP format model from file /root/bgw/data/uploads/2026_03_24_15_10_58_set_vm-3-t1_vm-3-t1_s020_g003_max.lp
Reading time = 0.01 seconds
: 8571 rows, 560 columns, 26169 nonzeros

Using Gurobi shared library /opt/gurobi1301/linux64/lib/libgurobi.so.13.0.1

CPU model: AMD EPYC-Genoa Processor, instruction set [SSE2|AVX|AVX2|AVX512]
Thread count: 16 physical cores, 16 logical processors, using up to 16 threads

Optimize a model with 8571 rows, 560 columns and 26169 nonzeros (Max)
Model fingerprint: 0x762c1d95
Model has 21 linear objective coefficients
Variable types: 51 continuous, 509 integer (509 binary)
Coefficient statistics:
  Matrix range     [1e+00, 3e+01]
  Objective range  [1e+00, 1e+00]
  Bounds range     [1e+00, 1e+00]
  RHS range        [1e+00, 3e+01]

Found heuristic solution: objective 21.0000000
Presolve removed 411 rows and 101 columns
Presolve time: 0.04s
Presolved: 8160 rows, 459 columns, 24696 nonzeros
Variable types: 0 continuous, 459 integer (451 binary)
Found heuristic solution: objective 28.0000000

Root relaxation: objective 1.090000e+02, 462 iterations, 0.04 seconds (0.04 work units)

    Nodes    |    Current Node    |     Objective Bounds      |     Work
 Expl Unexpl |  Obj  Depth IntInf | Incumbent    BestBd   Gap | It/Node Time

     0     0  109.00000    0   36   28.00000  109.00000   289%     -    0s
H    0     0                      42.0000000  109.00000   160%     -    0s
H    0     0                      55.0000000  109.00000  98.2%     -    0s
H    0     0                      58.0000000  109.00000  87.9%     -    0s
     0     0  109.00000    0   38   58.00000  109.00000  87.9%     -    0s
     0     0  109.00000    0   38   58.00000  109.00000  87.9%     -    0s
     0     0  109.00000    0   34   58.00000  109.00000  87.9%     -    0s
     0     0  109.00000    0   32   58.00000  109.00000  87.9%     -    0s
     0     0  109.00000    0   32   58.00000  109.00000  87.9%     -    0s
     0     0  109.00000    0   32   58.00000  109.00000  87.9%     -    0s
     0     0  109.00000    0   31   58.00000  109.00000  87.9%     -    0s
     0     0  109.00000    0   29   58.00000  109.00000  87.9%     -    0s
     0     0  109.00000    0   29   58.00000  109.00000  87.9%     -    0s
     0     0  108.63095    0   28   58.00000  108.63095  87.3%     -    0s
     0     0  108.63095    0   27   58.00000  108.63095  87.3%     -    0s
     0     0  106.00000    0   35   58.00000  106.00000  82.8%     -    0s
     0     0  106.00000    0   27   58.00000  106.00000  82.8%     -    0s
     0     0  106.00000    0   34   58.00000  106.00000  82.8%     -    0s
     0     0  106.00000    0   33   58.00000  106.00000  82.8%     -    0s
     0     0  106.00000    0   33   58.00000  106.00000  82.8%     -    0s
     0     0  106.00000    0   33   58.00000  106.00000  82.8%     -    0s
     0     2  106.00000    0   32   58.00000  106.00000  82.8%     -    0s
  2489   899   71.75000   14    9   58.00000  100.43332  73.2%   180    5s
  5960  1513   76.80812   12   33   58.00000   90.69483  56.4%   206   10s
  8811   796   59.89286   26   21   58.00000   67.00000  15.5%   172   15s

Cutting planes:
  Inf proof: 8

Explored 9978 nodes (1640536 simplex iterations) in 16.33 seconds (30.99 work units)
Thread count was 16 (of 16 available processors)

Solution count 8: 58 58 58 ... 21

Optimal solution found (tolerance 1.00e-04)
Best objective 5.800000000000e+01, best bound 5.800000000000e+01, gap 0.0000%

Wrote result file '/root/bgw/data/results/2026_03_24_15_10_58_set_vm-3-t1_vm-3-t1_s020_g003_max.sol'

