[2026-03-24T00:35:17.419Z] Pipeline "set_set_set_s010_g003" → 2026_03_24_00_35_17_set_set_set_s010_g003_max.sol
Set parameter WLSAccessID
Set parameter WLSSecret
Set parameter LicenseID to value 2792458
Set parameter LogFile to value "gurobi.log"
Using license file /root/gurobi.lic
Academic license 2792458 - for non-commercial use only - registered to an___@studenti.unipg.it

Gurobi Optimizer version 13.0.1 build v13.0.1rc0 (linux64 - "Ubuntu 24.04.4 LTS")
Copyright (c) 2026, Gurobi Optimization, LLC

Warning: Duplicate section found (read 'binary') - Is a variable name equal to an LP file format keyword?
Warning: Duplicate section found (read 'binary') - Is a variable name equal to an LP file format keyword?
Warning: Duplicate section found (read 'binary') - Is a variable name equal to an LP file format keyword?
Warning: Duplicate section found (read 'binary') - Is a variable name equal to an LP file format keyword?
Warning: Duplicate section found (read 'binary') - Is a variable name equal to an LP file format keyword?
Warning: Duplicate section found (read 'binary') - Is a variable name equal to an LP file format keyword?
Warning: Duplicate section found (read 'binary') - Is a variable name equal to an LP file format keyword?
Warning: Duplicate section found (read 'binary') - Is a variable name equal to an LP file format keyword?
Warning: Duplicate section found (read 'binary') - Is a variable name equal to an LP file format keyword?
Warning: Duplicate section found (read 'binary') - Is a variable name equal to an LP file format keyword?
Warning: Further warnings of this type will be omitted.
Read LP format model from file /root/bgw/data/uploads/2026_03_24_00_35_17_set_set_set_s010_g003_max.lp
Reading time = 0.00 seconds
: 1335 rows, 205 columns, 3820 nonzeros

Using Gurobi shared library /opt/gurobi1301/linux64/lib/libgurobi.so.13.0.1

CPU model: AMD EPYC-Genoa Processor, instruction set [SSE2|AVX|AVX2|AVX512]
Thread count: 16 physical cores, 16 logical processors, using up to 16 threads

Academic license 2792458 - for non-commercial use only - registered to an___@studenti.unipg.it
Optimize a model with 1335 rows, 205 columns and 3820 nonzeros (Max)
Model fingerprint: 0xcaee552a
Model has 18 linear objective coefficients
Variable types: 33 continuous, 172 integer (172 binary)
Coefficient statistics:
  Matrix range     [1e+00, 2e+01]
  Objective range  [1e+00, 1e+00]
  Bounds range     [1e+00, 1e+00]
  RHS range        [1e+00, 2e+01]

Found heuristic solution: objective 18.0000000
Presolve removed 362 rows and 62 columns
Presolve time: 0.01s
Presolved: 973 rows, 143 columns, 3075 nonzeros
Variable types: 0 continuous, 143 integer (130 binary)
Found heuristic solution: objective 20.0000000

Root relaxation: objective 8.100000e+01, 222 iterations, 0.02 seconds (0.01 work units)

    Nodes    |    Current Node    |     Objective Bounds      |     Work
 Expl Unexpl |  Obj  Depth IntInf | Incumbent    BestBd   Gap | It/Node Time

     0     0   81.00000    0   99   20.00000   81.00000   305%     -    0s
H    0     0                      21.0000000   81.00000   286%     -    0s
H    0     0                      41.0000000   81.00000  97.6%     -    0s
H    0     0                      42.0000000   81.00000  92.9%     -    0s
     0     0   81.00000    0   99   42.00000   81.00000  92.9%     -    0s
     0     0   81.00000    0  100   42.00000   81.00000  92.9%     -    0s
H    0     0                      43.0000000   81.00000  88.4%     -    0s
     0     0   81.00000    0  100   43.00000   81.00000  88.4%     -    0s
     0     0   81.00000    0   84   43.00000   81.00000  88.4%     -    0s
     0     0   81.00000    0   85   43.00000   81.00000  88.4%     -    0s
     0     0   81.00000    0   70   43.00000   81.00000  88.4%     -    0s
     0     0   81.00000    0   86   43.00000   81.00000  88.4%     -    0s
     0     0   81.00000    0   71   43.00000   81.00000  88.4%     -    0s
     0     0   81.00000    0   87   43.00000   81.00000  88.4%     -    0s
     0     0   81.00000    0   85   43.00000   81.00000  88.4%     -    0s
     0     0   81.00000    0   85   43.00000   81.00000  88.4%     -    0s
     0     0   81.00000    0   82   43.00000   81.00000  88.4%     -    0s
     0     0   81.00000    0   88   43.00000   81.00000  88.4%     -    0s
     0     0   81.00000    0   82   43.00000   81.00000  88.4%     -    0s
     0     0   81.00000    0   82   43.00000   81.00000  88.4%     -    0s
     0     0   81.00000    0   82   43.00000   81.00000  88.4%     -    0s
     0     0   81.00000    0   82   43.00000   81.00000  88.4%     -    0s
     0     0   81.00000    0   82   43.00000   81.00000  88.4%     -    0s
H    0     0                      46.0000000   81.00000  76.1%     -    0s
H    0     0                      48.0000000   81.00000  68.8%     -    0s
H    0     0                      49.0000000   81.00000  65.3%     -    0s
     0     2   81.00000    0   82   49.00000   81.00000  65.3%     -    0s
H 7546  1878                      50.0000000   67.92308  35.8%  46.7    2s
 34286  6514   60.76923   27   59   50.00000   61.89744  23.8%  38.6    5s
 85072  5360 infeasible   35        50.00000   57.00000  14.0%  38.8   10s

Cutting planes:
  Cover: 1
  Inf proof: 2

Explored 104555 nodes (4048268 simplex iterations) in 11.59 seconds (21.27 work units)
Thread count was 16 (of 16 available processors)

Solution count 10: 50 49 48 ... 18

Optimal solution found (tolerance 1.00e-04)
Best objective 5.000000000000e+01, best bound 5.000000000000e+01, gap 0.0000%

Wrote result file '/root/bgw/data/results/2026_03_24_00_35_17_set_set_set_s010_g003_max.sol'

