[2026-03-23T14:00:53.439Z] Pipeline "set_exp_2_exp_2_n035_c005_g002" → 2026_03_23_14_00_53_set_exp_2_exp_2_n035_c005_g002_max.sol
Set parameter WLSAccessID
Set parameter WLSSecret
Set parameter LicenseID to value 2792458
Set parameter LogFile to value "gurobi.log"
Using license file /root/gurobi.lic
Academic license 2792458 - for non-commercial use only - registered to an___@studenti.unipg.it

Gurobi Optimizer version 13.0.1 build v13.0.1rc0 (linux64 - "Ubuntu 24.04.4 LTS")
Copyright (c) 2026, Gurobi Optimization, LLC

Warning: Duplicate section found (read 'binary') - Is a variable name equal to an LP file format keyword?
Warning: Duplicate section found (read 'binary') - Is a variable name equal to an LP file format keyword?
Warning: Duplicate section found (read 'binary') - Is a variable name equal to an LP file format keyword?
Warning: Duplicate section found (read 'binary') - Is a variable name equal to an LP file format keyword?
Warning: Duplicate section found (read 'binary') - Is a variable name equal to an LP file format keyword?
Warning: Duplicate section found (read 'binary') - Is a variable name equal to an LP file format keyword?
Warning: Duplicate section found (read 'binary') - Is a variable name equal to an LP file format keyword?
Warning: Duplicate section found (read 'binary') - Is a variable name equal to an LP file format keyword?
Warning: Duplicate section found (read 'binary') - Is a variable name equal to an LP file format keyword?
Warning: Duplicate section found (read 'binary') - Is a variable name equal to an LP file format keyword?
Warning: Further warnings of this type will be omitted.
Read LP format model from file /root/bgw/data/uploads/2026_03_23_14_00_53_set_exp_2_exp_2_n035_c005_g002_max.lp
Reading time = 0.01 seconds
: 14786 rows, 935 columns, 43849 nonzeros

Using Gurobi shared library /opt/gurobi1301/linux64/lib/libgurobi.so.13.0.1

CPU model: AMD EPYC-Genoa Processor, instruction set [SSE2|AVX|AVX2|AVX512]
Thread count: 16 physical cores, 16 logical processors, using up to 16 threads

Academic license 2792458 - for non-commercial use only - registered to an___@studenti.unipg.it
Optimize a model with 14786 rows, 935 columns and 43849 nonzeros (Max)
Model fingerprint: 0x424ff982
Model has 13 linear objective coefficients
Variable types: 48 continuous, 887 integer (887 binary)
Coefficient statistics:
  Matrix range     [1e+00, 4e+01]
  Objective range  [1e+00, 1e+00]
  Bounds range     [1e+00, 1e+00]
  RHS range        [1e+00, 4e+01]

Found heuristic solution: objective 13.0000000
Presolve removed 1642 rows and 306 columns
Presolve time: 0.05s
Presolved: 13144 rows, 629 columns, 39880 nonzeros
Variable types: 0 continuous, 629 integer (615 binary)

Root relaxation: objective 5.800000e+01, 794 iterations, 0.06 seconds (0.09 work units)

    Nodes    |    Current Node    |     Objective Bounds      |     Work
 Expl Unexpl |  Obj  Depth IntInf | Incumbent    BestBd   Gap | It/Node Time

     0     0   58.00000    0   68   13.00000   58.00000   346%     -    0s
H    0     0                      26.0000000   58.00000   123%     -    0s
H    0     0                      29.0000000   58.00000   100%     -    0s
H    0     0                      36.0000000   58.00000  61.1%     -    0s
H    0     0                      37.0000000   58.00000  56.8%     -    0s
     0     0   58.00000    0   68   37.00000   58.00000  56.8%     -    0s
     0     0   58.00000    0   68   37.00000   58.00000  56.8%     -    0s
     0     0   58.00000    0   64   37.00000   58.00000  56.8%     -    0s
     0     0   58.00000    0   34   37.00000   58.00000  56.8%     -    0s
     0     0   58.00000    0   42   37.00000   58.00000  56.8%     -    0s
     0     0   58.00000    0   42   37.00000   58.00000  56.8%     -    0s
     0     0   58.00000    0   42   37.00000   58.00000  56.8%     -    0s
     0     0   58.00000    0   54   37.00000   58.00000  56.8%     -    0s
     0     0   58.00000    0   40   37.00000   58.00000  56.8%     -    1s
     0     0   58.00000    0   40   37.00000   58.00000  56.8%     -    1s
     0     0   58.00000    0   34   37.00000   58.00000  56.8%     -    1s
     0     0   58.00000    0   47   37.00000   58.00000  56.8%     -    1s
     0     0   58.00000    0   39   37.00000   58.00000  56.8%     -    1s
     0     0   58.00000    0   47   37.00000   58.00000  56.8%     -    1s
     0     0   58.00000    0   40   37.00000   58.00000  56.8%     -    1s
     0     0   58.00000    0   40   37.00000   58.00000  56.8%     -    1s
     0     0   58.00000    0   40   37.00000   58.00000  56.8%     -    1s
     0     2   58.00000    0   40   37.00000   58.00000  56.8%     -    1s
   515   287 infeasible   18        37.00000   57.90909  56.5%   269    5s
  2197   582   43.57576   14   37   37.00000   52.88961  42.9%   257   10s
  4436   631   40.99209   12   59   37.00000   48.00000  29.7%   257   15s
  6397   263 infeasible   10        37.00000   44.00000  18.9%   268   20s

Cutting planes:
  Cover: 50
  MIR: 2
  StrongCG: 1
  Inf proof: 75
  Zero half: 2

Explored 7125 nodes (1936270 simplex iterations) in 21.96 seconds (45.52 work units)
Thread count was 16 (of 16 available processors)

Solution count 5: 37 36 29 ... 13

Optimal solution found (tolerance 1.00e-04)
Best objective 3.700000000000e+01, best bound 3.700000000000e+01, gap 0.0000%

Wrote result file '/root/bgw/data/results/2026_03_23_14_00_53_set_exp_2_exp_2_n035_c005_g002_max.sol'

