[2026-03-24T19:12:06.655Z] Pipeline "set_vm-4-t1_vm-4-t1_s028_g003" → 2026_03_24_19_12_06_set_vm-4-t1_vm-4-t1_s028_g003_max.sol
Set parameter Username
Set parameter LicenseID to value 2797659
Set parameter LogFile to value "gurobi.log"
Using license file /opt/gurobi/gurobi.lic
Academic license - for non-commercial use only - expires 2027-03-24

Gurobi Optimizer version 13.0.1 build v13.0.1rc0 (linux64 - "Ubuntu 24.04.4 LTS")
Copyright (c) 2026, Gurobi Optimization, LLC

Warning: Duplicate section found (read 'binary') - Is a variable name equal to an LP file format keyword?
Warning: Duplicate section found (read 'binary') - Is a variable name equal to an LP file format keyword?
Warning: Duplicate section found (read 'binary') - Is a variable name equal to an LP file format keyword?
Warning: Duplicate section found (read 'binary') - Is a variable name equal to an LP file format keyword?
Warning: Duplicate section found (read 'binary') - Is a variable name equal to an LP file format keyword?
Warning: Duplicate section found (read 'binary') - Is a variable name equal to an LP file format keyword?
Warning: Duplicate section found (read 'binary') - Is a variable name equal to an LP file format keyword?
Warning: Duplicate section found (read 'binary') - Is a variable name equal to an LP file format keyword?
Warning: Duplicate section found (read 'binary') - Is a variable name equal to an LP file format keyword?
Warning: Duplicate section found (read 'binary') - Is a variable name equal to an LP file format keyword?
Warning: Further warnings of this type will be omitted.
Read LP format model from file /root/bgw/data/uploads/2026_03_24_19_12_06_set_vm-4-t1_vm-4-t1_s028_g003_max.lp
Reading time = 0.07 seconds
: 62250 rows, 1823 columns, 189514 nonzeros

Using Gurobi shared library /opt/gurobi1301/linux64/lib/libgurobi.so.13.0.1

CPU model: AMD EPYC-Genoa Processor, instruction set [SSE2|AVX|AVX2|AVX512]
Thread count: 16 physical cores, 16 logical processors, using up to 16 threads

Optimize a model with 62250 rows, 1823 columns and 189514 nonzeros (Max)
Model fingerprint: 0x805e2359
Model has 16 linear objective coefficients
Variable types: 74 continuous, 1749 integer (1749 binary)
Coefficient statistics:
  Matrix range     [1e+00, 6e+01]
  Objective range  [1e+00, 1e+00]
  Bounds range     [1e+00, 1e+00]
  RHS range        [1e+00, 6e+01]

Found heuristic solution: objective 16.0000000
Presolve removed 513 rows and 155 columns
Presolve time: 0.32s
Presolved: 61737 rows, 1668 columns, 185486 nonzeros
Variable types: 0 continuous, 1668 integer (1663 binary)
Root relaxation presolved: 1668 rows, 63405 columns, 187154 nonzeros


Root relaxation: objective 8.600000e+01, 508 iterations, 0.19 seconds (0.18 work units)

    Nodes    |    Current Node    |     Objective Bounds      |     Work
 Expl Unexpl |  Obj  Depth IntInf | Incumbent    BestBd   Gap | It/Node Time

     0     0   86.00000    0   55   16.00000   86.00000   438%     -    0s
H    0     0                      30.0000000   86.00000   187%     -    0s
H    0     0                      44.0000000   86.00000  95.5%     -    0s
     0     0   86.00000    0   54   44.00000   86.00000  95.5%     -    1s
     0     0   86.00000    0   54   44.00000   86.00000  95.5%     -    1s
     0     0   86.00000    0   42   44.00000   86.00000  95.5%     -    1s
     0     0   86.00000    0   14   44.00000   86.00000  95.5%     -    1s
     0     0   79.00000    0   14   44.00000   79.00000  79.5%     -    2s
     0     0   79.00000    0   15   44.00000   79.00000  79.5%     -    2s
     0     0   79.00000    0   14   44.00000   79.00000  79.5%     -    2s
     0     0   79.00000    0   16   44.00000   79.00000  79.5%     -    2s
     0     0   79.00000    0   14   44.00000   79.00000  79.5%     -    2s
     0     0   79.00000    0   17   44.00000   79.00000  79.5%     -    2s
     0     0   79.00000    0   13   44.00000   79.00000  79.5%     -    2s
     0     0   79.00000    0   13   44.00000   79.00000  79.5%     -    3s
     0     0   79.00000    0   13   44.00000   79.00000  79.5%     -    3s
     0     0   79.00000    0   13   44.00000   79.00000  79.5%     -    3s
     0     0   79.00000    0   13   44.00000   79.00000  79.5%     -    3s
     0     0   79.00000    0   13   44.00000   79.00000  79.5%     -    3s
     0     0   79.00000    0   13   44.00000   79.00000  79.5%     -    3s
     0     0   79.00000    0   13   44.00000   79.00000  79.5%     -    3s
     0     2   79.00000    0   13   44.00000   79.00000  79.5%     -    4s
    14    21   78.87500    4  168   44.00000   79.00000  79.5%   402    5s
   242   103   64.37500   11   26   44.00000   79.00000  79.5%   337   10s
   508    94 infeasible   11        44.00000   78.75000  79.0%   342   15s
   801    38   58.00000   12   57   44.00000   70.12500  59.4%   330   20s

Cutting planes:
  Cover: 3
  MIR: 9
  Inf proof: 12
  Zero half: 3

Explored 972 nodes (336253 simplex iterations) in 22.52 seconds (33.41 work units)
Thread count was 16 (of 16 available processors)

Solution count 3: 44 30 16 

Optimal solution found (tolerance 1.00e-04)
Best objective 4.400000000000e+01, best bound 4.400000000000e+01, gap 0.0000%

Wrote result file '/root/bgw/data/results/2026_03_24_19_12_06_set_vm-4-t1_vm-4-t1_s028_g003_max.sol'

