[2026-03-24T16:14:09.600Z] Pipeline "set_vm-3-t1_vm-3-t1_s031_g001" → 2026_03_24_16_14_09_set_vm-3-t1_vm-3-t1_s031_g001_max.sol
Set parameter Username
Set parameter LicenseID to value 2796068
Set parameter LogFile to value "gurobi.log"
Using license file /opt/gurobi/gurobi.lic
Academic license - for non-commercial use only - expires 2027-03-23

Gurobi Optimizer version 13.0.1 build v13.0.1rc0 (linux64 - "Ubuntu 24.04.4 LTS")
Copyright (c) 2026, Gurobi Optimization, LLC

Warning: Duplicate section found (read 'binary') - Is a variable name equal to an LP file format keyword?
Warning: Duplicate section found (read 'binary') - Is a variable name equal to an LP file format keyword?
Warning: Duplicate section found (read 'binary') - Is a variable name equal to an LP file format keyword?
Warning: Duplicate section found (read 'binary') - Is a variable name equal to an LP file format keyword?
Warning: Duplicate section found (read 'binary') - Is a variable name equal to an LP file format keyword?
Warning: Duplicate section found (read 'binary') - Is a variable name equal to an LP file format keyword?
Warning: Duplicate section found (read 'binary') - Is a variable name equal to an LP file format keyword?
Warning: Duplicate section found (read 'binary') - Is a variable name equal to an LP file format keyword?
Warning: Duplicate section found (read 'binary') - Is a variable name equal to an LP file format keyword?
Warning: Duplicate section found (read 'binary') - Is a variable name equal to an LP file format keyword?
Warning: Further warnings of this type will be omitted.
Read LP format model from file /root/bgw/data/uploads/2026_03_24_16_14_09_set_vm-3-t1_vm-3-t1_s031_g001_max.lp
Reading time = 0.01 seconds
: 8348 rows, 513 columns, 25671 nonzeros

Using Gurobi shared library /opt/gurobi1301/linux64/lib/libgurobi.so.13.0.1

CPU model: AMD EPYC-Genoa Processor, instruction set [SSE2|AVX|AVX2|AVX512]
Thread count: 16 physical cores, 16 logical processors, using up to 16 threads

Optimize a model with 8348 rows, 513 columns and 25671 nonzeros (Max)
Model fingerprint: 0xaa5caf15
Model has 6 linear objective coefficients
Variable types: 36 continuous, 477 integer (477 binary)
Coefficient statistics:
  Matrix range     [1e+00, 3e+01]
  Objective range  [1e+00, 1e+00]
  Bounds range     [1e+00, 1e+00]
  RHS range        [1e+00, 3e+01]

Found heuristic solution: objective 6.0000000
Presolve removed 203 rows and 62 columns
Presolve time: 0.03s
Presolved: 8145 rows, 451 columns, 24624 nonzeros
Variable types: 0 continuous, 451 integer (444 binary)
Found heuristic solution: objective 9.0000000

Root relaxation: objective 2.700000e+01, 171 iterations, 0.01 seconds (0.02 work units)

    Nodes    |    Current Node    |     Objective Bounds      |     Work
 Expl Unexpl |  Obj  Depth IntInf | Incumbent    BestBd   Gap | It/Node Time

     0     0   27.00000    0   24    9.00000   27.00000   200%     -    0s
H    0     0                      17.0000000   27.00000  58.8%     -    0s
     0     0   27.00000    0   18   17.00000   27.00000  58.8%     -    0s
     0     0   27.00000    0   17   17.00000   27.00000  58.8%     -    0s
     0     0   27.00000    0    9   17.00000   27.00000  58.8%     -    0s
     0     0   27.00000    0    9   17.00000   27.00000  58.8%     -    0s
     0     0   27.00000    0    8   17.00000   27.00000  58.8%     -    0s
     0     0   27.00000    0   18   17.00000   27.00000  58.8%     -    0s
     0     0   27.00000    0   18   17.00000   27.00000  58.8%     -    0s
     0     0   27.00000    0   17   17.00000   27.00000  58.8%     -    0s
     0     0   27.00000    0   18   17.00000   27.00000  58.8%     -    0s
     0     0   27.00000    0   18   17.00000   27.00000  58.8%     -    0s
     0     0   27.00000    0   12   17.00000   27.00000  58.8%     -    0s
     0     0   27.00000    0   12   17.00000   27.00000  58.8%     -    0s
     0     0   27.00000    0   19   17.00000   27.00000  58.8%     -    0s
     0     0   27.00000    0   14   17.00000   27.00000  58.8%     -    0s
     0     0   27.00000    0   14   17.00000   27.00000  58.8%     -    0s
     0     0   27.00000    0   10   17.00000   27.00000  58.8%     -    0s
     0     0   27.00000    0   10   17.00000   27.00000  58.8%     -    0s
     0     0   27.00000    0   10   17.00000   27.00000  58.8%     -    0s
     0     2   27.00000    0   10   17.00000   27.00000  58.8%     -    0s

Cutting planes:
  Cover: 1
  MIR: 1
  Inf proof: 12
  Zero half: 3

Explored 203 nodes (17487 simplex iterations) in 0.92 seconds (1.02 work units)
Thread count was 16 (of 16 available processors)

Solution count 3: 17 9 6 

Optimal solution found (tolerance 1.00e-04)
Best objective 1.700000000000e+01, best bound 1.700000000000e+01, gap 0.0000%

Wrote result file '/root/bgw/data/results/2026_03_24_16_14_09_set_vm-3-t1_vm-3-t1_s031_g001_max.sol'

