[2026-03-24T00:34:33.841Z] Pipeline "set_set_set_s009_g005" → 2026_03_24_00_34_33_set_set_set_s009_g005_max.sol
Set parameter WLSAccessID
Set parameter WLSSecret
Set parameter LicenseID to value 2792458
Set parameter LogFile to value "gurobi.log"
Using license file /root/gurobi.lic
Academic license 2792458 - for non-commercial use only - registered to an___@studenti.unipg.it

Gurobi Optimizer version 13.0.1 build v13.0.1rc0 (linux64 - "Ubuntu 24.04.4 LTS")
Copyright (c) 2026, Gurobi Optimization, LLC

Warning: Duplicate section found (read 'binary') - Is a variable name equal to an LP file format keyword?
Warning: Duplicate section found (read 'binary') - Is a variable name equal to an LP file format keyword?
Warning: Duplicate section found (read 'binary') - Is a variable name equal to an LP file format keyword?
Warning: Duplicate section found (read 'binary') - Is a variable name equal to an LP file format keyword?
Warning: Duplicate section found (read 'binary') - Is a variable name equal to an LP file format keyword?
Warning: Duplicate section found (read 'binary') - Is a variable name equal to an LP file format keyword?
Warning: Duplicate section found (read 'binary') - Is a variable name equal to an LP file format keyword?
Warning: Duplicate section found (read 'binary') - Is a variable name equal to an LP file format keyword?
Warning: Duplicate section found (read 'binary') - Is a variable name equal to an LP file format keyword?
Warning: Duplicate section found (read 'binary') - Is a variable name equal to an LP file format keyword?
Warning: Further warnings of this type will be omitted.
Read LP format model from file /root/bgw/data/uploads/2026_03_24_00_34_33_set_set_set_s009_g005_max.lp
Reading time = 0.00 seconds
: 1203 rows, 191 columns, 3356 nonzeros

Using Gurobi shared library /opt/gurobi1301/linux64/lib/libgurobi.so.13.0.1

CPU model: AMD EPYC-Genoa Processor, instruction set [SSE2|AVX|AVX2|AVX512]
Thread count: 16 physical cores, 16 logical processors, using up to 16 threads

Academic license 2792458 - for non-commercial use only - registered to an___@studenti.unipg.it
Optimize a model with 1203 rows, 191 columns and 3356 nonzeros (Max)
Model fingerprint: 0xc8a48db9
Model has 21 linear objective coefficients
Variable types: 35 continuous, 156 integer (156 binary)
Coefficient statistics:
  Matrix range     [1e+00, 2e+01]
  Objective range  [1e+00, 1e+00]
  Bounds range     [1e+00, 1e+00]
  RHS range        [1e+00, 2e+01]

Found heuristic solution: objective 21.0000000
Presolve removed 416 rows and 65 columns
Presolve time: 0.01s
Presolved: 787 rows, 126 columns, 2482 nonzeros
Variable types: 0 continuous, 126 integer (115 binary)
Found heuristic solution: objective 34.0000000

Root relaxation: objective 9.600000e+01, 148 iterations, 0.01 seconds (0.00 work units)

    Nodes    |    Current Node    |     Objective Bounds      |     Work
 Expl Unexpl |  Obj  Depth IntInf | Incumbent    BestBd   Gap | It/Node Time

     0     0   96.00000    0   61   34.00000   96.00000   182%     -    0s
H    0     0                      37.0000000   96.00000   159%     -    0s
H    0     0                      42.0000000   96.00000   129%     -    0s
H    0     0                      45.0000000   96.00000   113%     -    0s
     0     0   96.00000    0   61   45.00000   96.00000   113%     -    0s
     0     0   96.00000    0   62   45.00000   96.00000   113%     -    0s
     0     0   96.00000    0   58   45.00000   96.00000   113%     -    0s
H    0     0                      46.0000000   96.00000   109%     -    0s
     0     0   96.00000    0   58   46.00000   96.00000   109%     -    0s
     0     0   96.00000    0   58   46.00000   96.00000   109%     -    0s
H    0     0                      48.0000000   96.00000   100%     -    0s
H    0     0                      49.0000000   96.00000  95.9%     -    0s
     0     0   96.00000    0   59   49.00000   96.00000  95.9%     -    0s
     0     0   96.00000    0   58   49.00000   96.00000  95.9%     -    0s
H    0     0                      51.0000000   96.00000  88.2%     -    0s
     0     0   96.00000    0   61   51.00000   96.00000  88.2%     -    0s
     0     0   96.00000    0   59   51.00000   96.00000  88.2%     -    0s
     0     0   96.00000    0   60   51.00000   96.00000  88.2%     -    0s
     0     0   96.00000    0   60   51.00000   96.00000  88.2%     -    0s
     0     0   96.00000    0   60   51.00000   96.00000  88.2%     -    0s
     0     0   96.00000    0   60   51.00000   96.00000  88.2%     -    0s
     0     2   96.00000    0   60   51.00000   96.00000  88.2%     -    0s
H    8    10                      52.0000000   95.75000  84.1%  69.4    0s
H  908   589                      53.0000000   93.00000  75.5%  41.6    0s
H 2114  1006                      54.0000000   90.29167  67.2%  38.6    0s
H 2885  1395                      55.0000000   89.31040  62.4%  39.2    0s
 55234  2603   56.33333   36   26   55.00000   62.50595  13.6%  32.3    5s

Cutting planes:
  Cover: 1
  Inf proof: 4

Explored 64028 nodes (2063277 simplex iterations) in 5.60 seconds (9.18 work units)
Thread count was 16 (of 16 available processors)

Solution count 10: 55 55 55 ... 48

Optimal solution found (tolerance 1.00e-04)
Best objective 5.500000000000e+01, best bound 5.500000000000e+01, gap 0.0000%

Wrote result file '/root/bgw/data/results/2026_03_24_00_34_33_set_set_set_s009_g005_max.sol'

