[2026-03-24T16:33:23.375Z] Pipeline "set_vm-3-t2_vm-3-t2_s030_g002" → 2026_03_24_16_33_23_set_vm-3-t2_vm-3-t2_s030_g002_max.sol
Set parameter Username
Set parameter LicenseID to value 2796068
Set parameter LogFile to value "gurobi.log"
Using license file /opt/gurobi/gurobi.lic
Academic license - for non-commercial use only - expires 2027-03-23

Gurobi Optimizer version 13.0.1 build v13.0.1rc0 (linux64 - "Ubuntu 24.04.4 LTS")
Copyright (c) 2026, Gurobi Optimization, LLC

Warning: Duplicate section found (read 'binary') - Is a variable name equal to an LP file format keyword?
Warning: Duplicate section found (read 'binary') - Is a variable name equal to an LP file format keyword?
Warning: Duplicate section found (read 'binary') - Is a variable name equal to an LP file format keyword?
Warning: Duplicate section found (read 'binary') - Is a variable name equal to an LP file format keyword?
Warning: Duplicate section found (read 'binary') - Is a variable name equal to an LP file format keyword?
Warning: Duplicate section found (read 'binary') - Is a variable name equal to an LP file format keyword?
Warning: Duplicate section found (read 'binary') - Is a variable name equal to an LP file format keyword?
Warning: Duplicate section found (read 'binary') - Is a variable name equal to an LP file format keyword?
Warning: Duplicate section found (read 'binary') - Is a variable name equal to an LP file format keyword?
Warning: Duplicate section found (read 'binary') - Is a variable name equal to an LP file format keyword?
Warning: Further warnings of this type will be omitted.
Read LP format model from file /root/bgw/data/uploads/2026_03_24_16_33_23_set_vm-3-t2_vm-3-t2_s030_g002_max.lp
Reading time = 0.01 seconds
: 20184 rows, 901 columns, 61713 nonzeros

Using Gurobi shared library /opt/gurobi1301/linux64/lib/libgurobi.so.13.0.1

CPU model: AMD EPYC-Genoa Processor, instruction set [SSE2|AVX|AVX2|AVX512]
Thread count: 16 physical cores, 16 logical processors, using up to 16 threads

Optimize a model with 20184 rows, 901 columns and 61713 nonzeros (Max)
Model fingerprint: 0x53b656a0
Model has 20 linear objective coefficients
Variable types: 60 continuous, 841 integer (841 binary)
Coefficient statistics:
  Matrix range     [1e+00, 4e+01]
  Objective range  [1e+00, 1e+00]
  Bounds range     [1e+00, 1e+00]
  RHS range        [1e+00, 4e+01]

Found heuristic solution: objective 20.0000000
Presolve removed 392 rows and 102 columns
Presolve time: 0.08s
Presolved: 19792 rows, 799 columns, 59598 nonzeros
Variable types: 0 continuous, 799 integer (793 binary)

Root relaxation: objective 1.050000e+02, 438 iterations, 0.05 seconds (0.06 work units)

    Nodes    |    Current Node    |     Objective Bounds      |     Work
 Expl Unexpl |  Obj  Depth IntInf | Incumbent    BestBd   Gap | It/Node Time

     0     0  105.00000    0   22   20.00000  105.00000   425%     -    0s
H    0     0                      42.0000000  105.00000   150%     -    0s
H    0     0                      46.0000000  105.00000   128%     -    0s
H    0     0                      49.0000000  105.00000   114%     -    0s
H    0     0                      55.0000000  105.00000  90.9%     -    0s
     0     0  105.00000    0   19   55.00000  105.00000  90.9%     -    0s
     0     0  105.00000    0   22   55.00000  105.00000  90.9%     -    0s
     0     0  105.00000    0   14   55.00000  105.00000  90.9%     -    0s
     0     0  105.00000    0   18   55.00000  105.00000  90.9%     -    0s
     0     0  105.00000    0   14   55.00000  105.00000  90.9%     -    0s
     0     0  105.00000    0   12   55.00000  105.00000  90.9%     -    0s
     0     0  105.00000    0   12   55.00000  105.00000  90.9%     -    0s
     0     0  105.00000    0   19   55.00000  105.00000  90.9%     -    0s
     0     0  105.00000    0   14   55.00000  105.00000  90.9%     -    0s
     0     0  105.00000    0   13   55.00000  105.00000  90.9%     -    0s
     0     0  105.00000    0   13   55.00000  105.00000  90.9%     -    0s
     0     0  103.89474    0   19   55.00000  103.89474  88.9%     -    0s
     0     0  102.00000    0   20   55.00000  102.00000  85.5%     -    0s
     0     0  102.00000    0   20   55.00000  102.00000  85.5%     -    0s
     0     0  101.81579    0   20   55.00000  101.81579  85.1%     -    0s
     0     0  101.81579    0   20   55.00000  101.81579  85.1%     -    0s
     0     0  101.63158    0   20   55.00000  101.63158  84.8%     -    0s
     0     0  101.63158    0   13   55.00000  101.63158  84.8%     -    0s
     0     2  101.63158    0   13   55.00000  101.63158  84.8%     -    0s
  1442   317   66.19079   13   13   55.00000   92.24342  67.7%   157    5s
  3650   232   64.42578   11   45   55.00000   74.00000  34.5%   168   10s

Cutting planes:
  Cover: 42
  MIR: 12
  StrongCG: 1
  Inf proof: 72
  Zero half: 7

Explored 4686 nodes (815906 simplex iterations) in 12.35 seconds (26.56 work units)
Thread count was 16 (of 16 available processors)

Solution count 5: 55 49 46 ... 20

Optimal solution found (tolerance 1.00e-04)
Best objective 5.500000000000e+01, best bound 5.500000000000e+01, gap 0.0000%

Wrote result file '/root/bgw/data/results/2026_03_24_16_33_23_set_vm-3-t2_vm-3-t2_s030_g002_max.sol'

