[2026-03-24T00:35:29.432Z] Pipeline "set_set_set_s010_g004" → 2026_03_24_00_35_29_set_set_set_s010_g004_max.sol
Set parameter WLSAccessID
Set parameter WLSSecret
Set parameter LicenseID to value 2792458
Set parameter LogFile to value "gurobi.log"
Using license file /root/gurobi.lic
Academic license 2792458 - for non-commercial use only - registered to an___@studenti.unipg.it

Gurobi Optimizer version 13.0.1 build v13.0.1rc0 (linux64 - "Ubuntu 24.04.4 LTS")
Copyright (c) 2026, Gurobi Optimization, LLC

Warning: Duplicate section found (read 'binary') - Is a variable name equal to an LP file format keyword?
Warning: Duplicate section found (read 'binary') - Is a variable name equal to an LP file format keyword?
Warning: Duplicate section found (read 'binary') - Is a variable name equal to an LP file format keyword?
Warning: Duplicate section found (read 'binary') - Is a variable name equal to an LP file format keyword?
Warning: Duplicate section found (read 'binary') - Is a variable name equal to an LP file format keyword?
Warning: Duplicate section found (read 'binary') - Is a variable name equal to an LP file format keyword?
Warning: Duplicate section found (read 'binary') - Is a variable name equal to an LP file format keyword?
Warning: Duplicate section found (read 'binary') - Is a variable name equal to an LP file format keyword?
Warning: Duplicate section found (read 'binary') - Is a variable name equal to an LP file format keyword?
Warning: Duplicate section found (read 'binary') - Is a variable name equal to an LP file format keyword?
Warning: Further warnings of this type will be omitted.
Read LP format model from file /root/bgw/data/uploads/2026_03_24_00_35_29_set_set_set_s010_g004_max.lp
Reading time = 0.00 seconds
: 1369 rows, 197 columns, 3906 nonzeros

Using Gurobi shared library /opt/gurobi1301/linux64/lib/libgurobi.so.13.0.1

CPU model: AMD EPYC-Genoa Processor, instruction set [SSE2|AVX|AVX2|AVX512]
Thread count: 16 physical cores, 16 logical processors, using up to 16 threads

Academic license 2792458 - for non-commercial use only - registered to an___@studenti.unipg.it
Optimize a model with 1369 rows, 197 columns and 3906 nonzeros (Max)
Model fingerprint: 0xd63175d0
Model has 24 linear objective coefficients
Variable types: 39 continuous, 158 integer (158 binary)
Coefficient statistics:
  Matrix range     [1e+00, 2e+01]
  Objective range  [1e+00, 1e+00]
  Bounds range     [1e+00, 1e+00]
  RHS range        [1e+00, 2e+01]

Found heuristic solution: objective 24.0000000
Presolve removed 400 rows and 57 columns
Presolve time: 0.01s
Presolved: 969 rows, 140 columns, 3039 nonzeros
Variable types: 0 continuous, 140 integer (129 binary)
Found heuristic solution: objective 33.0000000

Root relaxation: objective 1.110000e+02, 177 iterations, 0.01 seconds (0.01 work units)

    Nodes    |    Current Node    |     Objective Bounds      |     Work
 Expl Unexpl |  Obj  Depth IntInf | Incumbent    BestBd   Gap | It/Node Time

     0     0  111.00000    0   65   33.00000  111.00000   236%     -    0s
H    0     0                      44.0000000  111.00000   152%     -    0s
H    0     0                      48.0000000  111.00000   131%     -    0s
H    0     0                      50.0000000  111.00000   122%     -    0s
H    0     0                      51.0000000  111.00000   118%     -    0s
     0     0  111.00000    0   68   51.00000  111.00000   118%     -    0s
H    0     0                      52.0000000  111.00000   113%     -    0s
H    0     0                      53.0000000  111.00000   109%     -    0s
     0     0  111.00000    0   67   53.00000  111.00000   109%     -    0s
     0     0  111.00000    0   57   53.00000  111.00000   109%     -    0s
H    0     0                      55.0000000  111.00000   102%     -    0s
     0     0  111.00000    0   59   55.00000  111.00000   102%     -    0s
     0     0  111.00000    0   58   55.00000  111.00000   102%     -    0s
     0     0  111.00000    0   60   55.00000  111.00000   102%     -    0s
     0     0  111.00000    0   59   55.00000  111.00000   102%     -    0s
H    0     0                      57.0000000  111.00000  94.7%     -    0s
     0     0  111.00000    0   60   57.00000  111.00000  94.7%     -    0s
     0     0  111.00000    0   59   57.00000  111.00000  94.7%     -    0s
     0     0  111.00000    0   59   57.00000  111.00000  94.7%     -    0s
     0     0  111.00000    0   58   57.00000  111.00000  94.7%     -    0s
     0     0  111.00000    0   58   57.00000  111.00000  94.7%     -    0s
     0     0  111.00000    0   58   57.00000  111.00000  94.7%     -    0s
     0     0  111.00000    0   58   57.00000  111.00000  94.7%     -    0s
     0     0  111.00000    0   58   57.00000  111.00000  94.7%     -    0s
     0     0  111.00000    0   58   57.00000  111.00000  94.7%     -    0s
     0     0  111.00000    0   57   57.00000  111.00000  94.7%     -    0s
     0     2  111.00000    0   57   57.00000  111.00000  94.7%     -    0s
H   36    46                      59.0000000  111.00000  88.1%  98.2    0s
H  126   126                      61.0000000  111.00000  82.0%  70.4    0s
 47185  6578   65.45562   30   42   61.00000   73.30769  20.2%  38.6    5s

Cutting planes:
  Inf proof: 5

Explored 100605 nodes (3918942 simplex iterations) in 9.33 seconds (15.53 work units)
Thread count was 16 (of 16 available processors)

Solution count 10: 61 59 57 ... 48

Optimal solution found (tolerance 1.00e-04)
Best objective 6.100000000000e+01, best bound 6.100000000000e+01, gap 0.0000%

Wrote result file '/root/bgw/data/results/2026_03_24_00_35_29_set_set_set_s010_g004_max.sol'

