[2026-03-23T16:06:27.949Z] Pipeline "set_exp_3_exp_3_n029_c005_g004" → 2026_03_23_16_06_27_set_exp_3_exp_3_n029_c005_g004_max.sol
Set parameter WLSAccessID
Set parameter WLSSecret
Set parameter LicenseID to value 2792458
Set parameter LogFile to value "gurobi.log"
Using license file /root/gurobi.lic
Academic license 2792458 - for non-commercial use only - registered to an___@studenti.unipg.it

Gurobi Optimizer version 13.0.1 build v13.0.1rc0 (linux64 - "Ubuntu 24.04.4 LTS")
Copyright (c) 2026, Gurobi Optimization, LLC

Warning: Duplicate section found (read 'binary') - Is a variable name equal to an LP file format keyword?
Warning: Duplicate section found (read 'binary') - Is a variable name equal to an LP file format keyword?
Warning: Duplicate section found (read 'binary') - Is a variable name equal to an LP file format keyword?
Warning: Duplicate section found (read 'binary') - Is a variable name equal to an LP file format keyword?
Warning: Duplicate section found (read 'binary') - Is a variable name equal to an LP file format keyword?
Warning: Duplicate section found (read 'binary') - Is a variable name equal to an LP file format keyword?
Warning: Duplicate section found (read 'binary') - Is a variable name equal to an LP file format keyword?
Warning: Duplicate section found (read 'binary') - Is a variable name equal to an LP file format keyword?
Warning: Duplicate section found (read 'binary') - Is a variable name equal to an LP file format keyword?
Warning: Duplicate section found (read 'binary') - Is a variable name equal to an LP file format keyword?
Warning: Further warnings of this type will be omitted.
Read LP format model from file /root/bgw/data/uploads/2026_03_23_16_06_27_set_exp_3_exp_3_n029_c005_g004_max.lp
Reading time = 0.01 seconds
: 8002 rows, 581 columns, 24105 nonzeros

Using Gurobi shared library /opt/gurobi1301/linux64/lib/libgurobi.so.13.0.1

CPU model: AMD EPYC-Genoa Processor, instruction set [SSE2|AVX|AVX2|AVX512]
Thread count: 16 physical cores, 16 logical processors, using up to 16 threads

Academic license 2792458 - for non-commercial use only - registered to an___@studenti.unipg.it
Optimize a model with 8002 rows, 581 columns and 24105 nonzeros (Max)
Model fingerprint: 0x1b6977fd
Model has 5 linear objective coefficients
Variable types: 34 continuous, 547 integer (547 binary)
Coefficient statistics:
  Matrix range     [1e+00, 3e+01]
  Objective range  [1e+00, 1e+00]
  Bounds range     [1e+00, 1e+00]
  RHS range        [1e+00, 3e+01]

Found heuristic solution: objective 5.0000000
Presolve removed 658 rows and 152 columns
Presolve time: 0.03s
Presolved: 7344 rows, 429 columns, 22292 nonzeros
Variable types: 0 continuous, 429 integer (419 binary)

Root relaxation: objective 2.000000e+01, 461 iterations, 0.03 seconds (0.04 work units)

    Nodes    |    Current Node    |     Objective Bounds      |     Work
 Expl Unexpl |  Obj  Depth IntInf | Incumbent    BestBd   Gap | It/Node Time

     0     0   20.00000    0   32    5.00000   20.00000   300%     -    0s
H    0     0                      11.0000000   20.00000  81.8%     -    0s
H    0     0                      12.0000000   20.00000  66.7%     -    0s
H    0     0                      13.0000000   20.00000  53.8%     -    0s
     0     0   20.00000    0   35   13.00000   20.00000  53.8%     -    0s
H    0     0                      14.0000000   20.00000  42.9%     -    0s
     0     0   20.00000    0   31   14.00000   20.00000  42.9%     -    0s
     0     0   20.00000    0   27   14.00000   20.00000  42.9%     -    0s
     0     0   20.00000    0   41   14.00000   20.00000  42.9%     -    0s
     0     0   20.00000    0   22   14.00000   20.00000  42.9%     -    0s
     0     0   20.00000    0   28   14.00000   20.00000  42.9%     -    0s
     0     0   20.00000    0   27   14.00000   20.00000  42.9%     -    0s
     0     0   20.00000    0   26   14.00000   20.00000  42.9%     -    0s
     0     0   20.00000    0   26   14.00000   20.00000  42.9%     -    0s
     0     0   20.00000    0   40   14.00000   20.00000  42.9%     -    0s
     0     0   20.00000    0   28   14.00000   20.00000  42.9%     -    0s
     0     0   20.00000    0   28   14.00000   20.00000  42.9%     -    0s
     0     0   20.00000    0   27   14.00000   20.00000  42.9%     -    0s
     0     0   20.00000    0   26   14.00000   20.00000  42.9%     -    0s
     0     0   20.00000    0   34   14.00000   20.00000  42.9%     -    0s
     0     0   20.00000    0   27   14.00000   20.00000  42.9%     -    0s
     0     0   20.00000    0   27   14.00000   20.00000  42.9%     -    0s
     0     0   20.00000    0   26   14.00000   20.00000  42.9%     -    0s
     0     2   20.00000    0   26   14.00000   20.00000  42.9%     -    0s

Cutting planes:
  Cover: 5
  MIR: 3
  Inf proof: 15
  Zero half: 1

Explored 820 nodes (120813 simplex iterations) in 1.73 seconds (2.73 work units)
Thread count was 16 (of 16 available processors)

Solution count 5: 14 13 12 ... 5

Optimal solution found (tolerance 1.00e-04)
Best objective 1.400000000000e+01, best bound 1.400000000000e+01, gap 0.0000%

Wrote result file '/root/bgw/data/results/2026_03_23_16_06_27_set_exp_3_exp_3_n029_c005_g004_max.sol'

