[2026-03-24T15:44:01.996Z] Pipeline "set_vm-3-t1_vm-3-t1_s029_g001" → 2026_03_24_15_44_01_set_vm-3-t1_vm-3-t1_s029_g001_max.sol
Set parameter Username
Set parameter LicenseID to value 2796068
Set parameter LogFile to value "gurobi.log"
Using license file /opt/gurobi/gurobi.lic
Academic license - for non-commercial use only - expires 2027-03-23

Gurobi Optimizer version 13.0.1 build v13.0.1rc0 (linux64 - "Ubuntu 24.04.4 LTS")
Copyright (c) 2026, Gurobi Optimization, LLC

Warning: Duplicate section found (read 'binary') - Is a variable name equal to an LP file format keyword?
Warning: Duplicate section found (read 'binary') - Is a variable name equal to an LP file format keyword?
Warning: Duplicate section found (read 'binary') - Is a variable name equal to an LP file format keyword?
Warning: Duplicate section found (read 'binary') - Is a variable name equal to an LP file format keyword?
Warning: Duplicate section found (read 'binary') - Is a variable name equal to an LP file format keyword?
Warning: Duplicate section found (read 'binary') - Is a variable name equal to an LP file format keyword?
Warning: Duplicate section found (read 'binary') - Is a variable name equal to an LP file format keyword?
Warning: Duplicate section found (read 'binary') - Is a variable name equal to an LP file format keyword?
Warning: Duplicate section found (read 'binary') - Is a variable name equal to an LP file format keyword?
Warning: Duplicate section found (read 'binary') - Is a variable name equal to an LP file format keyword?
Warning: Further warnings of this type will be omitted.
Read LP format model from file /root/bgw/data/uploads/2026_03_24_15_44_01_set_vm-3-t1_vm-3-t1_s029_g001_max.lp
Reading time = 0.01 seconds
: 18862 rows, 893 columns, 57555 nonzeros

Using Gurobi shared library /opt/gurobi1301/linux64/lib/libgurobi.so.13.0.1

CPU model: AMD EPYC-Genoa Processor, instruction set [SSE2|AVX|AVX2|AVX512]
Thread count: 16 physical cores, 16 logical processors, using up to 16 threads

Optimize a model with 18862 rows, 893 columns and 57555 nonzeros (Max)
Model fingerprint: 0x19eef59e
Model has 33 linear objective coefficients
Variable types: 72 continuous, 821 integer (821 binary)
Coefficient statistics:
  Matrix range     [1e+00, 4e+01]
  Objective range  [1e+00, 1e+00]
  Bounds range     [1e+00, 1e+00]
  RHS range        [1e+00, 4e+01]

Found heuristic solution: objective 33.0000000
Presolve removed 533 rows and 122 columns
Presolve time: 0.06s
Presolved: 18329 rows, 771 columns, 55311 nonzeros
Variable types: 0 continuous, 771 integer (762 binary)
Found heuristic solution: objective 41.0000000

Root relaxation: objective 1.760000e+02, 825 iterations, 0.08 seconds (0.11 work units)

    Nodes    |    Current Node    |     Objective Bounds      |     Work
 Expl Unexpl |  Obj  Depth IntInf | Incumbent    BestBd   Gap | It/Node Time

     0     0  176.00000    0   45   41.00000  176.00000   329%     -    0s
H    0     0                      54.0000000  176.00000   226%     -    0s
H    0     0                      70.0000000  176.00000   151%     -    0s
H    0     0                      76.0000000  176.00000   132%     -    0s
H    0     0                      83.0000000  176.00000   112%     -    0s
H    0     0                      84.0000000  176.00000   110%     -    0s
H    0     0                      91.0000000  176.00000  93.4%     -    0s
     0     0  176.00000    0   45   91.00000  176.00000  93.4%     -    0s
     0     0  176.00000    0   30   91.00000  176.00000  93.4%     -    0s
     0     0  176.00000    0   30   91.00000  176.00000  93.4%     -    0s
     0     0  176.00000    0   40   91.00000  176.00000  93.4%     -    0s
     0     0  176.00000    0   41   91.00000  176.00000  93.4%     -    0s
     0     0  176.00000    0   41   91.00000  176.00000  93.4%     -    0s
     0     0  176.00000    0   41   91.00000  176.00000  93.4%     -    0s
     0     0  176.00000    0   63   91.00000  176.00000  93.4%     -    0s
     0     0  176.00000    0   31   91.00000  176.00000  93.4%     -    0s
     0     0  176.00000    0   40   91.00000  176.00000  93.4%     -    0s
     0     0  176.00000    0   32   91.00000  176.00000  93.4%     -    1s
     0     0  176.00000    0   41   91.00000  176.00000  93.4%     -    1s
     0     0  176.00000    0   31   91.00000  176.00000  93.4%     -    2s
     0     0  175.00000    0   40   91.00000  175.00000  92.3%     -    2s
     0     0  175.00000    0   31   91.00000  175.00000  92.3%     -    2s
     0     0  175.00000    0   31   91.00000  175.00000  92.3%     -    2s
     0     0  175.00000    0   31   91.00000  175.00000  92.3%     -    2s
     0     0  175.00000    0   31   91.00000  175.00000  92.3%     -    2s
     0     2  175.00000    0   31   91.00000  175.00000  92.3%     -    2s
   318   266  101.72973   21    9   91.00000  175.00000  92.3%   305    5s
  1537   845  134.00000   16   34   91.00000  175.00000  92.3%   270   10s
  2774  1401  118.52027   17   12   91.00000  168.40541  85.1%   307   15s
  3267  1592  132.24324   18   66   91.00000  167.40541  84.0%   339   20s
  3423  1690  154.82026   23  134   91.00000  167.40541  84.0%   343   25s
  3780  1760 infeasible   31        91.00000  167.40541  84.0%   359   30s
  4370  1735  152.77131   25  394   91.00000  167.40541  84.0%   359   35s
  4857  1770 infeasible   40        91.00000  166.14761  82.6%   362   40s
  5877  1800  104.62162   32   44   91.00000  160.03888  75.9%   356   45s
  7321  1850 infeasible   35        91.00000  153.10811  68.3%   361   50s
  8636  2029  126.71319   29  185   91.00000  147.90541  62.5%   359   55s
 10353  2500  111.00000   30  183   91.00000  146.51559  61.0%   357   60s
 11465  2879  131.18157   29  241   91.00000  145.00550  59.3%   361   66s
 13073  3181  132.13158   29  158   91.00000  140.70555  54.6%   355   70s
 14031  3543  118.58108   32   31   91.00000  139.86486  53.7%   354   75s
 15890  3858 infeasible   37        91.00000  139.35063  53.1%   350   81s
 17652  4349 infeasible   37        91.00000  137.98649  51.6%   352   86s
 18972  4786  132.99099   27   96   91.00000  134.00000  47.3%   354   90s
 20570  5017  126.70486   28   31   91.00000  133.81081  47.0%   353   98s
 20697  5099  133.81081   34   51   91.00000  133.81081  47.0%   352  100s
 21618  5275  133.81081   36  101   91.00000  133.81081  47.0%   347  105s
 23660  5548  133.81081   42   40   91.00000  133.81081  47.0%   335  110s
 25910  5661  110.79730   45   29   91.00000  133.81081  47.0%   325  115s
 28807  5781 infeasible   50        91.00000  133.81081  47.0%   311  120s
 31804  5884 infeasible   55        91.00000  133.81081  47.0%   303  125s
 35274  6003   96.97297   49   19   91.00000  133.81081  47.0%   296  130s
 37355  6578 infeasible   49        91.00000  133.81081  47.0%   291  135s
 40491  7584  103.43243   44   26   91.00000  133.81081  47.0%   286  140s
 44269  8856   95.92432   55   18   91.00000  133.81081  47.0%   280  145s
 47235  9920  108.48649   51   16   91.00000  133.81081  47.0%   276  150s
 49964 10718  117.81081   50   39   91.00000  133.81081  47.0%   273  155s
 53260 11909  133.81081   42   64   91.00000  133.81081  47.0%   272  161s
 56246 12739   97.95270   52   10   91.00000  133.81081  47.0%   268  165s
 59465 13549   97.00000   50   63   91.00000  133.81081  47.0%   265  170s
 62981 14408  129.92793   43   36   91.00000  133.81081  47.0%   261  194s
 64953 14830  118.98649   47   27   91.00000  133.81081  47.0%   259  196s
 67663 15623  132.84806   38  159   91.00000  133.81081  47.0%   259  201s
 70597 16298  104.79730   53    9   91.00000  133.81081  47.0%   259  206s
 73310 17105 infeasible   41        91.00000  133.81081  47.0%   260  213s
 74770 17555  124.30000   47   31   91.00000  133.81081  47.0%   261  215s
 77730 18400  102.99803   49  155   91.00000  133.81081  47.0%   262  221s
 80927 19094   96.14234   50   56   91.00000  133.81081  47.0%   262  228s
 82626 19691  126.30725   43  204   91.00000  133.81081  47.0%   262  231s
 86188 20395  129.79659   47   32   91.00000  133.81081  47.0%   261  237s
 87231 20570     cutoff   49        91.00000  133.81081  47.0%   261  241s
 87923 21173  131.79321   42  171   91.00000  133.81081  47.0%   261  246s
 92295 21808   96.00000   51   15   91.00000  133.81081  47.0%   260  253s
 93976 22104     cutoff   48        91.00000  133.81081  47.0%   261  256s
 97751 22751  133.10757   42   68   91.00000  133.81081  47.0%   260  263s
 99537 23244  126.06401   45  154   91.00000  133.81081  47.0%   260  266s
 102849 24189  127.00000   45   35   91.00000  133.81081  47.0%   260  272s
 104674 24568  112.31892   43   76   91.00000  133.81081  47.0%   260  275s
 108044 25248     cutoff   55        91.00000  133.56216  46.8%   259  281s
 111238 25821  111.24324   48   38   91.00000  133.13039  46.3%   259  287s
 114129 26593  112.70811   47  143   91.00000  132.97297  46.1%   260  293s
 115759 26895 infeasible   49        91.00000  132.93261  46.1%   260  296s
 117294 27189  103.81081   51   11   91.00000  132.81081  45.9%   261  300s
 120558 27698     cutoff   51        91.00000  132.67568  45.8%   261  306s
 122157 27973  131.17568   40  116   91.00000  132.57090  45.7%   261  310s
 125538 28508 infeasible   49        91.00000  132.34339  45.4%   261  317s
 127388 28731  118.20009   44   54   91.00000  132.17212  45.2%   260  320s
 130692 29503  110.63158   52   43   91.00000  132.00000  45.1%   261  326s
 132415 29786  124.59373   42  156   91.00000  131.97297  45.0%   261  330s
 135720 30276 infeasible   50        91.00000  131.75676  44.8%   260  336s
 137413 30507     cutoff   50        91.00000  131.67168  44.7%   260  340s
 140910 30867  117.60535   45   42   91.00000  131.40748  44.4%   260  348s
 141552 31028 infeasible   51        91.00000  131.38036  44.4%   260  351s
 143235 31263  102.81081   51   27   91.00000  131.23383  44.2%   259  355s
 146480 31674 infeasible   48        91.00000  130.87959  43.8%   259  362s
 148096 31914  110.78378   44  120   91.00000  130.71171  43.6%   259  365s
 151643 32099  125.10811   43  142   91.00000  130.22617  43.1%   258  371s
 154363 32386  110.97297   45  134   91.00000  129.67568  42.5%   259  377s
 155841 32653 infeasible   55        91.00000  129.21622  42.0%   259  380s
 159134 33275  102.24324   53    3   91.00000  127.11787  39.7%   258  387s
 160773 33609 infeasible   54        91.00000  127.00000  39.6%   258  390s
 164433 34125   97.69189   49   11   91.00000  126.81081  39.4%   257  396s
 166109 34184 infeasible   49        91.00000  126.64865  39.2%   257  400s
 168419 34457 infeasible   43        91.00000  126.43243  38.9%   257  407s
 169930 34604 infeasible   52        91.00000  126.30165  38.8%   257  411s
 173213 35048  125.43338   44  101   91.00000  126.00000  38.5%   257  417s
 174719 35335  104.76216   50   25   91.00000  126.00000  38.5%   257  420s
 177987 35802  102.65946   49   31   91.00000  125.97297  38.4%   257  427s
 179445 36103  118.75676   49    9   91.00000  125.95946  38.4%   257  430s
 182833 36655  111.25662   49   31   91.00000  125.93694  38.4%   257  437s
 184622 36859 infeasible   52        91.00000  125.86839  38.3%   257  440s
 187958 37192 infeasible   52        91.00000  125.77477  38.2%   257  447s
 189595 37320 infeasible   53        91.00000  125.70871  38.1%   256  451s
 192924 37581  124.58251   43  180   91.00000  125.58229  38.0%   256  457s
 194030 37727  117.34404   48   65   91.00000  125.56293  38.0%   256  460s
 197802 37890  118.36937   44   98   91.00000  125.38158  37.8%   256  467s
 199407 37971   97.32432   45  118   91.00000  125.35135  37.7%   256  470s
 201807 38088  111.31820   46  193   91.00000  125.22973  37.6%   256  477s
 203548 38346     cutoff   45        91.00000  125.08108  37.5%   256  481s
 207667 38937 infeasible   54        91.00000  125.00000  37.4%   256  487s
 209860 39213  108.43542   46  202   91.00000  125.00000  37.4%   255  490s
 213994 39760  100.27224   51    8   91.00000  125.00000  37.4%   254  497s
 217185 39964  117.39865   45   31   91.00000  124.99102  37.4%   253  502s
 219838 40198  110.00000   50   43   91.00000  124.87565  37.2%   253  507s
 221367 40434  117.42718   50   44   91.00000  124.82432  37.2%   253  510s
 224686 40663  103.00000   46   18   91.00000  124.78801  37.1%   253  515s
 227762 40846  102.54595   55   28   91.00000  124.67568  37.0%   252  521s
 231212 41076  117.91667   44  117   91.00000  124.58578  36.9%   252  526s
 234648 41172 infeasible   44        91.00000  124.43243  36.7%   251  532s
 237932 41120  103.37189   46  181   91.00000  124.31076  36.6%   251  537s
 239424 41158  123.51552   51  119   91.00000  124.19307  36.5%   251  540s
 242645 41559     cutoff   50        91.00000  124.00000  36.3%   251  546s
 245852 41737     cutoff   48        91.00000  123.86486  36.1%   251  552s
 247738 41808  104.82883   49   61   91.00000  123.81081  36.1%   250  555s
 251357 41926  116.41616   43  146   91.00000  123.62162  35.8%   250  561s
 254504 41846   95.07207   48   20   91.00000  123.34838  35.5%   249  567s
 255042 41776 infeasible   47        91.00000  123.32990  35.5%   249  570s
 257946 41764 infeasible   44        91.00000  122.96768  35.1%   249  576s
 261145 41792 infeasible   53        91.00000  122.45643  34.6%   249  582s
 262775 41844  111.79054   49   11   91.00000  121.90991  34.0%   249  585s
 266516 42109  119.87387   48   61   91.00000  120.94595  32.9%   249  590s
 269784 42240  105.94737   50   21   91.00000  120.00000  31.9%   248  595s
 272930 42376  103.86261   51   16   91.00000  119.90541  31.8%   248  600s
 276065 42378     cutoff   52        91.00000  119.64797  31.5%   248  605s
 279376 42292  111.07397   48   18   91.00000  119.41261  31.2%   248  610s
 282452 42279     cutoff   55        91.00000  119.07979  30.9%   248  616s
 285296 42495  112.00000   49   71   91.00000  119.00000  30.8%   248  621s
 288406 42602 infeasible   50        91.00000  118.97297  30.7%   248  627s
 290156 42648  118.29955   47  160   91.00000  118.96857  30.7%   248  630s
 293404 42734 infeasible   59        91.00000  118.94595  30.7%   248  636s
 296531 42755  103.82542   46   57   91.00000  118.87433  30.6%   249  643s
 298240 42770  104.04694   56   14   91.00000  118.82604  30.6%   249  646s
 301390 42736  104.69867   51   22   91.00000  118.72973  30.5%   249  651s
 304505 42668 infeasible   50        91.00000  118.61779  30.3%   249  657s
 306354 42658  110.62162   45   95   91.00000  118.56757  30.3%   249  660s
 308121 42619  111.26991   46  167   91.00000  118.51388  30.2%   249  667s
 309254 42540     cutoff   51        91.00000  118.50640  30.2%   249  670s
 312720 42353   97.44144   48   12   91.00000  118.37838  30.1%   249  676s
 316176 41968 infeasible   44        91.00000  118.22866  29.9%   249  682s
 318128 41902  118.00000   49   18   91.00000  118.14230  29.8%   249  685s
 322481 42025  103.00000   51   18   91.00000  118.00000  29.7%   248  691s
 323741 42104 infeasible   53        91.00000  118.00000  29.7%   248  695s
 328350 42185 infeasible   52        91.00000  118.00000  29.7%   247  701s
 332405 42323 infeasible   54        91.00000  118.00000  29.7%   247  706s
 335365 42371 infeasible   52        91.00000  118.00000  29.7%   247  711s
 337887 42444  103.97973   49   10   91.00000  117.97777  29.6%   247  716s
 340298 42478     cutoff   47        91.00000  117.94981  29.6%   247  722s
 342037 42426   95.85730   51    6   91.00000  117.89189  29.6%   247  725s
 345617 42429  110.81081   52   27   91.00000  117.81081  29.5%   247  730s
 348854 42278  110.79344   52   44   91.00000  117.73684  29.4%   247  736s
 353005 42134 infeasible   52        91.00000  117.62162  29.3%   246  741s
 356130 41998  102.93694   51   19   91.00000  117.57915  29.2%   246  747s
 359556 41672 infeasible   50        91.00000  117.48435  29.1%   246  752s
 361498 41632 infeasible   50        91.00000  117.42598  29.0%   246  755s
 362960 41280  110.30207   53  152   91.00000  117.41536  29.0%   246  761s
 366435 40854 infeasible   47        91.00000  117.24324  28.8%   245  767s
 367921 40658  103.00000   48   60   91.00000  117.18018  28.8%   246  770s
 371203 40554   95.90541   57    8   91.00000  117.02189  28.6%   245  776s
 375343 40828 infeasible   53        91.00000  117.00000  28.6%   245  781s
 378598 40913 infeasible   50        91.00000  117.00000  28.6%   245  786s
 381389 40684  103.69931   44   42   91.00000  116.90141  28.5%   245  791s
 384616 40445  109.74775   51   16   91.00000  116.79759  28.3%   244  795s
 388021 40239 infeasible   57        91.00000  116.63158  28.2%   244  800s
 391289 39970   95.62162   46   19   91.00000  116.59459  28.1%   243  805s
 394413 39611 infeasible   52        91.00000  116.44239  28.0%   243  810s
 397606 39089  105.78378   48   55   91.00000  116.25442  27.8%   243  816s
 400564 38625     cutoff   51        91.00000  116.02331  27.5%   243  821s
 403817 38263   94.49203   51  258   91.00000  115.70194  27.1%   243  826s
 406966 37958  102.56520   53  159   91.00000  115.21527  26.6%   243  831s
 410055 37897  103.00000   50   17   91.00000  114.54054  25.9%   242  837s
 413505 37850  103.76351   50   17   91.00000  113.84877  25.1%   242  842s
 415271 37846  102.81081   54   73   91.00000  113.41243  24.6%   242  845s
 418477 37681 infeasible   54        91.00000  113.00000  24.2%   242  850s
 421619 37432     cutoff   51        91.00000  112.78153  23.9%   242  855s
 424687 37100     cutoff   46        91.00000  112.54737  23.7%   242  861s
 427833 36716 infeasible   47        91.00000  112.21622  23.3%   242  867s
 430778 36466   98.27374   44  152   91.00000  112.00000  23.1%   242  872s
 432153 36296 infeasible   46        91.00000  111.97297  23.0%   242  875s
 435397 36002  104.20590   49   22   91.00000  111.91097  23.0%   242  881s
 438412 35761   96.77477   51    7   91.00000  111.78378  22.8%   242  887s
 440028 35549 infeasible   52        91.00000  111.74775  22.8%   242  891s
 442439 35132     cutoff   50        91.00000  111.67568  22.7%   242  897s
 444424 34859  104.51911   46   45   91.00000  111.58559  22.6%   242  900s
 448181 34194 infeasible   51        91.00000  111.43897  22.5%   242  906s
 451841 33508  101.90942   48  132   91.00000  111.19065  22.2%   242  912s
 453341 33284  102.20858   44  212   91.00000  111.08108  22.1%   242  915s
 457375 33037  110.97297   47   31   91.00000  111.00000  22.0%   242  920s
 462670 32574 infeasible   53        91.00000  111.00000  22.0%   241  927s
 463962 32439  110.50658   49   99   91.00000  110.97297  21.9%   242  930s
 467147 32101 infeasible   45        91.00000  110.87613  21.8%   242  935s
 470860 31766   96.20541   49   18   91.00000  110.81081  21.8%   241  940s
 473503 31446 infeasible   49        91.00000  110.78378  21.7%   241  945s
 476635 30846     cutoff   51        91.00000  110.68919  21.6%   241  951s
 480510 30196     cutoff   53        91.00000  110.61622  21.6%   241  956s
 483484 29483 infeasible   48        91.00000  110.50811  21.4%   241  961s
 487232 28725     cutoff   49        91.00000  110.38236  21.3%   241  966s
 490401 28045  103.62162   45   39   91.00000  110.21108  21.1%   241  971s
 493635 27667   95.62838   51   94   91.00000  110.00000  20.9%   241  975s
 496588 27464  102.81081   52   57   91.00000  110.00000  20.9%   240  981s
 500550 26951 infeasible   45        91.00000  109.97333  20.8%   240  986s
 503881 26530  109.25450   51   23   91.00000  109.85811  20.7%   240  990s
 507601 26028  103.08635   52  143   91.00000  109.80180  20.7%   240  995s
 510986 25294     cutoff   54        91.00000  109.63842  20.5%   239 1000s
 514632 24483     cutoff   51        91.00000  109.50545  20.3%   239 1005s
 519460 23445  102.43243   51    8   91.00000  109.18018  20.0%   239 1011s
 522391 22751  101.44197   47  143   91.00000  108.73969  19.5%   239 1016s
 525138 22303     cutoff   52        91.00000  108.09594  18.8%   239 1021s
 528268 21835 infeasible   55        91.00000  107.43243  18.1%   239 1026s
 531524 21513 infeasible   52        91.00000  106.89189  17.5%   239 1031s
 535368 21032   97.93243   48   22   91.00000  106.31081  16.8%   238 1036s
 538135 20545 infeasible   47        91.00000  105.97368  16.5%   238 1041s
 541209 19931   96.31892   51   24   91.00000  105.63158  16.1%   238 1047s
 544245 19270     cutoff   49        91.00000  105.00000  15.4%   239 1052s
 547390 18706  104.78788   52  104   91.00000  104.91892  15.3%   239 1057s
 548021 18215 infeasible   53        91.00000  104.90796  15.3%   239 1060s
 551929 16986 infeasible   48        91.00000  104.62162  15.0%   239 1066s
 553668 16640  104.00000   48   51   91.00000  104.20721  14.5%   239 1071s
 557051 15836 infeasible   49        91.00000  104.00000  14.3%   238 1077s
 560801 15032     cutoff   54        91.00000  104.00000  14.3%   238 1082s
 562306 14698  103.66095   52  115   91.00000  103.99099  14.3%   238 1085s
 565459 13681     cutoff   54        91.00000  103.90991  14.2%   238 1090s
 569336 12377 infeasible   49        91.00000  103.79934  14.1%   238 1096s
 572675 11085   96.63467   48  112   91.00000  103.39459  13.6%   238 1102s
 574680 10751 infeasible   52        91.00000  103.00000  13.2%   238 1105s
 580010  9465 infeasible   50        91.00000  103.00000  13.2%   238 1112s
 583815  8076   95.62162   54    2   91.00000  102.81081  13.0%   237 1116s
 587476  6452 infeasible   47        91.00000  102.32059  12.4%   237 1121s
 589792  5126   98.90934   51  162   91.00000  100.40541  10.3%   237 1126s
 592366  2792     cutoff   49        91.00000   97.97598  7.67%   237 1131s

Cutting planes:
  Cover: 4
  MIR: 2
  Flow cover: 47
  Inf proof: 20
  Zero half: 117
  RLT: 61

Explored 597535 nodes (141231395 simplex iterations) in 1134.13 seconds (2759.53 work units)
Thread count was 16 (of 16 available processors)

Solution count 10: 91 91 91 ... 76

Optimal solution found (tolerance 1.00e-04)
Best objective 9.100000000000e+01, best bound 9.100000000000e+01, gap 0.0000%

Wrote result file '/root/bgw/data/results/2026_03_24_15_44_01_set_vm-3-t1_vm-3-t1_s029_g001_max.sol'

