[2026-03-24T16:34:59.753Z] Pipeline "set_vm-3-t3_vm-3-t3_s007_g001" → 2026_03_24_16_34_59_set_vm-3-t3_vm-3-t3_s007_g001_max.sol
Set parameter Username
Set parameter LicenseID to value 2796068
Set parameter LogFile to value "gurobi.log"
Using license file /opt/gurobi/gurobi.lic
Academic license - for non-commercial use only - expires 2027-03-23

Gurobi Optimizer version 13.0.1 build v13.0.1rc0 (linux64 - "Ubuntu 24.04.4 LTS")
Copyright (c) 2026, Gurobi Optimization, LLC

Warning: Duplicate section found (read 'binary') - Is a variable name equal to an LP file format keyword?
Warning: Duplicate section found (read 'binary') - Is a variable name equal to an LP file format keyword?
Warning: Duplicate section found (read 'binary') - Is a variable name equal to an LP file format keyword?
Warning: Duplicate section found (read 'binary') - Is a variable name equal to an LP file format keyword?
Warning: Duplicate section found (read 'binary') - Is a variable name equal to an LP file format keyword?
Warning: Duplicate section found (read 'binary') - Is a variable name equal to an LP file format keyword?
Warning: Duplicate section found (read 'binary') - Is a variable name equal to an LP file format keyword?
Warning: Duplicate section found (read 'binary') - Is a variable name equal to an LP file format keyword?
Warning: Duplicate section found (read 'binary') - Is a variable name equal to an LP file format keyword?
Warning: Duplicate section found (read 'binary') - Is a variable name equal to an LP file format keyword?
Warning: Further warnings of this type will be omitted.
Read LP format model from file /root/bgw/data/uploads/2026_03_24_16_34_59_set_vm-3-t3_vm-3-t3_s007_g001_max.lp
Reading time = 0.00 seconds
: 2545 rows, 378 columns, 7460 nonzeros

Using Gurobi shared library /opt/gurobi1301/linux64/lib/libgurobi.so.13.0.1

CPU model: AMD EPYC-Genoa Processor, instruction set [SSE2|AVX|AVX2|AVX512]
Thread count: 16 physical cores, 16 logical processors, using up to 16 threads

Optimize a model with 2545 rows, 378 columns and 7460 nonzeros (Max)
Model fingerprint: 0x51313603
Model has 148 linear objective coefficients
Variable types: 165 continuous, 213 integer (213 binary)
Coefficient statistics:
  Matrix range     [1e+00, 2e+01]
  Objective range  [1e+00, 1e+00]
  Bounds range     [1e+00, 1e+00]
  RHS range        [1e+00, 2e+01]

Found heuristic solution: objective 148.0000000
Presolve removed 1095 rows and 191 columns
Presolve time: 0.01s
Presolved: 1450 rows, 187 columns, 4518 nonzeros
Variable types: 0 continuous, 187 integer (175 binary)
Found heuristic solution: objective 246.0000000

Root relaxation: objective 1.051000e+03, 307 iterations, 0.01 seconds (0.01 work units)

    Nodes    |    Current Node    |     Objective Bounds      |     Work
 Expl Unexpl |  Obj  Depth IntInf | Incumbent    BestBd   Gap | It/Node Time

     0     0 1051.00000    0   75  246.00000 1051.00000   327%     -    0s
H    0     0                     306.0000000 1051.00000   243%     -    0s
     0     0 1051.00000    0   76  306.00000 1051.00000   243%     -    0s
H    0     0                     321.0000000 1051.00000   227%     -    0s
     0     0 1051.00000    0   73  321.00000 1051.00000   227%     -    0s
     0     0 1051.00000    0   73  321.00000 1051.00000   227%     -    0s
H    0     0                     350.0000000 1051.00000   200%     -    0s
H    0     0                     352.0000000 1051.00000   199%     -    0s
H    0     0                     356.0000000 1051.00000   195%     -    0s
     0     0 1051.00000    0   61  356.00000 1051.00000   195%     -    0s
     0     0 1051.00000    0   61  356.00000 1051.00000   195%     -    0s
     0     0 1051.00000    0   74  356.00000 1051.00000   195%     -    0s
     0     0 1051.00000    0   74  356.00000 1051.00000   195%     -    0s
     0     0 1051.00000    0   74  356.00000 1051.00000   195%     -    0s
H    0     0                     366.0000000 1051.00000   187%     -    0s
     0     0 1051.00000    0   74  366.00000 1051.00000   187%     -    0s
     0     0 1051.00000    0   65  366.00000 1051.00000   187%     -    0s
H    0     0                     369.0000000 1051.00000   185%     -    0s
H    0     0                     370.0000000 1051.00000   184%     -    0s
     0     0 1051.00000    0   76  370.00000 1051.00000   184%     -    0s
     0     0 1051.00000    0   75  370.00000 1051.00000   184%     -    0s
H    0     0                     371.0000000 1051.00000   183%     -    0s
     0     0 1051.00000    0   78  371.00000 1051.00000   183%     -    0s
     0     0 1051.00000    0   72  371.00000 1051.00000   183%     -    0s
     0     0 1051.00000    0   72  371.00000 1051.00000   183%     -    0s
     0     0 1051.00000    0   70  371.00000 1051.00000   183%     -    0s
     0     2 1051.00000    0   70  371.00000 1051.00000   183%     -    0s
H    8    15                     401.0000000 1051.00000   162%  93.9    0s
H  125   127                     416.0000000 1051.00000   153%  76.4    0s
 32550 15597  531.88889   40   56  416.00000  856.16667   106%  42.6    5s
 79627 36026  433.08333   46   52  416.00000  788.86667  89.6%  39.0   10s
 143936 61119  571.29333   39   44  416.00000  743.71667  78.8%  37.9   15s
 209584 84507  539.51111   37   56  416.00000  716.22963  72.2%  37.0   20s
 274806 106884 infeasible   43       416.00000  696.68889  67.5%  36.6   25s
 338063 126405  594.67273   35   78  416.00000  681.15745  63.7%  36.1   30s
H386981 140890                     417.0000000  671.83810  61.1%  35.8   34s
 391553 142728  445.40000   47   68  417.00000  670.84912  60.9%  35.7   35s
 457291 160918  563.93333   38   69  417.00000  659.70000  58.2%  35.4   40s
 523591 178451  492.83333   40   39  417.00000  649.40338  55.7%  35.1   45s
 592013 195862  626.26667   37   68  417.00000  640.45432  53.6%  34.8   50s
 659988 212614 infeasible   42       417.00000  632.85926  51.8%  34.5   55s
 723200 227620  607.40000   34   67  417.00000  626.11515  50.1%  34.3   60s
 789239 242043  603.94486   38   66  417.00000  619.41333  48.5%  34.1   65s
 853808 256151  527.70476   39   89  417.00000  613.79781  47.2%  34.0   70s
 923325 270499 infeasible   49       417.00000  607.85000  45.8%  33.8   75s
 992890 284845 infeasible   40       417.00000  602.51667  44.5%  33.7   80s
 1066608 298563  431.75556   46   51  417.00000  597.04444  43.2%  33.6   85s
 1133623 312012  562.66111   38   88  417.00000  592.13333  42.0%  33.4   91s
 1198049 321517  521.92381   45   80  417.00000  588.78682  41.2%  33.3   95s
 1272242 334568  469.87619   46   85  417.00000  584.60000  40.2%  33.2  100s
 1334915 344174  553.46667   42   88  417.00000  580.85667  39.3%  33.0  105s
 1406445 354474  515.68667   43   52  417.00000  576.50370  38.3%  32.9  110s
 1480869 366346  419.45556   49   50  417.00000  572.77778  37.4%  32.8  115s
 1532798 373287  455.00000   41   62  417.00000  570.79000  36.9%  32.7  120s
 1606599 383171 infeasible   42       417.00000  567.48000  36.1%  32.6  125s
 1682439 391199 infeasible   48       417.00000  563.67706  35.2%  32.5  130s
 1747008 398692     cutoff   49       417.00000  560.36667  34.4%  32.4  135s
 1822686 408456 infeasible   51       417.00000  557.24000  33.6%  32.3  140s
 1892898 417040 infeasible   49       417.00000  554.66972  33.0%  32.3  145s
 1964797 425027  474.70095   43   46  417.00000  551.98333  32.4%  32.2  150s
 2033487 430853 infeasible   43       417.00000  549.24444  31.7%  32.1  155s
 2109340 437696 infeasible   43       417.00000  546.12500  31.0%  31.9  160s
 2177178 444719  432.37222   50   48  417.00000  543.73333  30.4%  31.9  165s
 2247935 451848  462.44444   49   50  417.00000  541.46667  29.8%  31.8  170s
 2312028 457735  437.34167   52   40  417.00000  539.71333  29.4%  31.8  175s
 2383661 463473  433.81667   44   37  417.00000  537.62667  28.9%  31.7  180s
 2457661 468768  443.56000   51   42  417.00000  535.41333  28.4%  31.6  185s
 2531660 472784  444.84568   46   56  417.00000  532.93846  27.8%  31.5  190s
 2606091 476720  492.08000   41   61  417.00000  530.37778  27.2%  31.4  195s
 2668424 480532  491.91111   40   70  417.00000  528.63333  26.8%  31.3  200s
 2742875 485418  494.93016   43   50  417.00000  526.70000  26.3%  31.3  205s
 2809416 489587     cutoff   43       417.00000  525.13333  25.9%  31.3  210s
 2884683 493978  467.60000   48   22  417.00000  523.47000  25.5%  31.2  215s
 2961881 497206  472.28889   42   53  417.00000  521.76111  25.1%  31.1  220s
 3041015 499662  472.85000   49   43  417.00000  519.86667  24.7%  31.0  225s
 3119169 501449 infeasible   44       417.00000  517.83333  24.2%  30.9  230s
 3193993 503470  484.06667   46   41  417.00000  515.80000  23.7%  30.8  235s
 3257594 505221  433.14286   48   51  417.00000  514.20000  23.3%  30.7  240s
 3331737 507597  465.41714   48   60  417.00000  512.53333  22.9%  30.7  245s
 3399173 509377  463.60000   45   49  417.00000  511.20000  22.6%  30.7  250s
 3471302 511099  463.87262   48   61  417.00000  509.86667  22.3%  30.6  255s
 3544043 512210  445.44444   50   40  417.00000  508.60000  22.0%  30.6  260s
 3621933 513515  475.41000   44   36  417.00000  507.27407  21.6%  30.5  265s
 3695824 514122  443.38333   46   56  417.00000  505.98933  21.3%  30.4  270s
 3776911 513815 infeasible   45       417.00000  504.40000  21.0%  30.3  275s
 3861668 512269  472.80000   44   44  417.00000  502.60000  20.5%  30.2  280s
 3944663 509696  491.76190   47   43  417.00000  500.59556  20.0%  30.1  285s
 4024532 507341  457.33333   47   46  417.00000  498.73333  19.6%  30.0  290s
 4095979 505600  468.15556   41   53  417.00000  497.32000  19.3%  30.0  295s
 4166926 504144  481.75809   40   56  417.00000  496.08000  19.0%  29.9  300s
 4229001 502868     cutoff   48       417.00000  495.11333  18.7%  29.9  305s
 4303154 500991 infeasible   40       417.00000  494.05763  18.5%  29.9  310s
 4378475 498817 infeasible   47       417.00000  493.00000  18.2%  29.9  315s
 4447726 496332  458.97667   44   62  417.00000  492.00952  18.0%  29.8  320s
 4521644 493361     cutoff   48       417.00000  490.97037  17.7%  29.7  325s
 4579031 490293  452.51111   45   39  417.00000  490.09143  17.5%  29.7  330s
 4659241 485107  433.69037   45   64  417.00000  488.76296  17.2%  29.6  335s
 4728358 480175  419.93333   49   29  417.00000  487.49524  16.9%  29.6  340s
 4805458 473856  419.80000   43   61  417.00000  485.92000  16.5%  29.5  345s
 4885459 467490  464.09246   44   70  417.00000  484.26667  16.1%  29.4  350s
 4961608 461295 infeasible   42       417.00000  482.79048  15.8%  29.4  355s
 5031124 455927  469.36508   47   64  417.00000  481.56667  15.5%  29.4  360s
 5097013 450998  479.47333   41   56  417.00000  480.55344  15.2%  29.4  365s
 5170745 445865 infeasible   46       417.00000  479.53333  15.0%  29.4  370s
 5245629 440416 infeasible   52       417.00000  478.59630  14.8%  29.4  375s
 5325992 434406     cutoff   44       417.00000  477.60667  14.5%  29.3  380s
 5401443 428249 infeasible   48       417.00000  476.68333  14.3%  29.3  385s
 5474371 421075 infeasible   45       417.00000  475.75000  14.1%  29.3  390s
 5543559 413389 infeasible   47       417.00000  474.76970  13.9%  29.3  395s
 5621419 403385  455.72571   45   56  417.00000  473.52930  13.6%  29.2  400s
 5700221 391628 infeasible   45       417.00000  472.10000  13.2%  29.1  405s
 5780715 378638  429.10000   52   37  417.00000  470.44762  12.8%  29.1  410s
 5858889 364653  426.26667   44   58  417.00000  468.66000  12.4%  29.1  415s
 5932092 352864  426.30667   48   62  417.00000  467.20000  12.0%  29.1  420s
 5992065 343148  428.24444   47   58  417.00000  466.11733  11.8%  29.1  425s
 6060246 332899  452.62857   47   45  417.00000  465.06667  11.5%  29.1  430s
 6128610 322419  435.63333   49   40  417.00000  464.10476  11.3%  29.1  435s
 6197294 311803  423.92143   47   46  417.00000  463.20000  11.1%  29.1  440s
 6262133 300516  419.23611   48   40  417.00000  462.36552  10.9%  29.1  445s
 6334734 287326  444.46667   47   29  417.00000  461.37778  10.6%  29.1  450s
 6406644 272832  428.91634   45   84  417.00000  460.32593  10.4%  29.1  455s
 6466507 258903 infeasible   46       417.00000  459.31250  10.1%  29.0  460s
 6538078 240399     cutoff   46       417.00000  457.83333  9.79%  29.0  465s
 6606980 221040 infeasible   48       417.00000  456.07333  9.37%  29.0  470s
 6659582 205742     cutoff   46       417.00000  454.57333  9.01%  29.0  475s
 6723684 187373  420.62222   55   36  417.00000  452.46667  8.51%  29.0  480s
 6778207 172541  444.63333   49   52  417.00000  450.97037  8.15%  29.0  485s
 6828714 158372  430.34815   47   38  417.00000  449.72698  7.85%  29.0  490s
 6886895 141436     cutoff   45       417.00000  448.33333  7.51%  29.1  495s
 6942439 123604 infeasible   49       417.00000  446.87692  7.16%  29.1  500s
 7000314 102053 infeasible   47       417.00000  444.80000  6.67%  29.1  505s
 7054697 79032 infeasible   51       417.00000  441.37143  5.84%  29.1  510s
 7102914 58174  422.93333   44   77  417.00000  436.66667  4.72%  29.2  515s
 7156200 30050 infeasible   50       417.00000  431.56667  3.49%  29.2  520s

Cutting planes:
  Inf proof: 1

Explored 7196356 nodes (209923238 simplex iterations) in 523.08 seconds (989.31 work units)
Thread count was 16 (of 16 available processors)

Solution count 10: 417 416 416 ... 356

Optimal solution found (tolerance 1.00e-04)
Best objective 4.170000000000e+02, best bound 4.170000000000e+02, gap 0.0000%

Wrote result file '/root/bgw/data/results/2026_03_24_16_34_59_set_vm-3-t3_vm-3-t3_s007_g001_max.sol'

