[2026-03-24T19:19:42.368Z] Pipeline "set_vm-4-t1_vm-4-t1_s029_g002" → 2026_03_24_19_19_42_set_vm-4-t1_vm-4-t1_s029_g002_max.sol
Set parameter Username
Set parameter LicenseID to value 2797659
Set parameter LogFile to value "gurobi.log"
Using license file /opt/gurobi/gurobi.lic
Academic license - for non-commercial use only - expires 2027-03-24

Gurobi Optimizer version 13.0.1 build v13.0.1rc0 (linux64 - "Ubuntu 24.04.4 LTS")
Copyright (c) 2026, Gurobi Optimization, LLC

Warning: Duplicate section found (read 'binary') - Is a variable name equal to an LP file format keyword?
Warning: Duplicate section found (read 'binary') - Is a variable name equal to an LP file format keyword?
Warning: Duplicate section found (read 'binary') - Is a variable name equal to an LP file format keyword?
Warning: Duplicate section found (read 'binary') - Is a variable name equal to an LP file format keyword?
Warning: Duplicate section found (read 'binary') - Is a variable name equal to an LP file format keyword?
Warning: Duplicate section found (read 'binary') - Is a variable name equal to an LP file format keyword?
Warning: Duplicate section found (read 'binary') - Is a variable name equal to an LP file format keyword?
Warning: Duplicate section found (read 'binary') - Is a variable name equal to an LP file format keyword?
Warning: Duplicate section found (read 'binary') - Is a variable name equal to an LP file format keyword?
Warning: Duplicate section found (read 'binary') - Is a variable name equal to an LP file format keyword?
Warning: Further warnings of this type will be omitted.
Read LP format model from file /root/bgw/data/uploads/2026_03_24_19_19_42_set_vm-4-t1_vm-4-t1_s029_g002_max.lp
Reading time = 0.07 seconds
: 65841 rows, 1945 columns, 200171 nonzeros

Using Gurobi shared library /opt/gurobi1301/linux64/lib/libgurobi.so.13.0.1

CPU model: AMD EPYC-Genoa Processor, instruction set [SSE2|AVX|AVX2|AVX512]
Thread count: 16 physical cores, 16 logical processors, using up to 16 threads

Optimize a model with 65841 rows, 1945 columns and 200171 nonzeros (Max)
Model fingerprint: 0x6eaf5418
Model has 32 linear objective coefficients
Variable types: 91 continuous, 1854 integer (1854 binary)
Coefficient statistics:
  Matrix range     [1e+00, 6e+01]
  Objective range  [1e+00, 1e+00]
  Bounds range     [1e+00, 1e+00]
  RHS range        [1e+00, 6e+01]

Found heuristic solution: objective 32.0000000
Presolve removed 774 rows and 205 columns
Presolve time: 0.28s
Presolved: 65067 rows, 1740 columns, 195705 nonzeros
Variable types: 0 continuous, 1740 integer (1731 binary)
Found heuristic solution: objective 46.0000000
Root relaxation presolved: 1740 rows, 66807 columns, 197445 nonzeros


Root relaxation: objective 1.720000e+02, 2197 iterations, 0.40 seconds (0.61 work units)

    Nodes    |    Current Node    |     Objective Bounds      |     Work
 Expl Unexpl |  Obj  Depth IntInf | Incumbent    BestBd   Gap | It/Node Time

     0     0  172.00000    0  130   46.00000  172.00000   274%     -    2s
H    0     0                      53.0000000  172.00000   225%     -    2s
H    0     0                      67.0000000  172.00000   157%     -    2s
H    0     0                      81.0000000  172.00000   112%     -    2s
H    0     0                      88.0000000  172.00000  95.5%     -    2s
     0     0  172.00000    0  115   88.00000  172.00000  95.5%     -    4s
     0     0  172.00000    0  107   88.00000  172.00000  95.5%     -    4s
     0     0  172.00000    0  109   88.00000  172.00000  95.5%     -    4s
     0     0  172.00000    0   44   88.00000  172.00000  95.5%     -    5s
     0     0  172.00000    0   43   88.00000  172.00000  95.5%     -    5s
     0     0  172.00000    0   33   88.00000  172.00000  95.5%     -    6s
     0     0  172.00000    0   58   88.00000  172.00000  95.5%     -    7s
     0     0  172.00000    0   33   88.00000  172.00000  95.5%     -    8s
     0     0  172.00000    0   33   88.00000  172.00000  95.5%     -    8s
     0     0  172.00000    0   55   88.00000  172.00000  95.5%     -    8s
     0     0  172.00000    0   31   88.00000  172.00000  95.5%     -    9s
     0     0  172.00000    0   40   88.00000  172.00000  95.5%     -    9s
     0     0  172.00000    0   41   88.00000  172.00000  95.5%     -    9s
     0     0  172.00000    0   31   88.00000  172.00000  95.5%     -    9s
     0     0  172.00000    0   41   88.00000  172.00000  95.5%     -    9s
     0     0  172.00000    0   47   88.00000  172.00000  95.5%     -    9s
     0     0  172.00000    0   47   88.00000  172.00000  95.5%     -   10s
     0     0  172.00000    0   44   88.00000  172.00000  95.5%     -   11s
     0     0  172.00000    0   43   88.00000  172.00000  95.5%     -   11s
     0     0  172.00000    0   43   88.00000  172.00000  95.5%     -   11s
     0     0  172.00000    0   43   88.00000  172.00000  95.5%     -   11s
     0     0  172.00000    0   41   88.00000  172.00000  95.5%     -   11s
     0     2  172.00000    0   41   88.00000  172.00000  95.5%     -   12s
    27    37  157.69298    5   45   88.00000  172.00000  95.5%   415   17s
    80    88  150.75439    7   31   88.00000  171.87719  95.3%   794   21s
   169   155  137.00000   13   21   88.00000  171.87719  95.3%   676   28s
   222   200  137.00000   16   63   88.00000  171.87719  95.3%   674   33s
   247   210  137.00000   19   41   88.00000  171.87719  95.3%   721   35s
   295   255  136.87719   22   45   88.00000  171.87719  95.3%   754   40s
   385   291  129.75439   16  118   88.00000  171.87719  95.3%   761   45s
   464   326  122.26316   18    8   88.00000  171.75439  95.2%   725   54s
   492   344  121.94386   18   14   88.00000  171.75439  95.2%   747   58s
   599   383  115.26316   20    4   88.00000  171.75439  95.2%   678   62s
   695   429 infeasible   21        88.00000  171.75439  95.2%   647   65s
   796   460   95.00000   22    8   88.00000  171.75439  95.2%   622   71s
   874   494 infeasible   23        88.00000  171.38596  94.8%   612   75s
   987   538  136.50877   12   48   88.00000  171.01754  94.3%   632   80s
  1104   594  108.63158   20   34   88.00000  164.86511  87.3%   641   87s
  1189   623   95.00000   22   32   88.00000  164.63158  87.1%   634   92s
  1295   660 infeasible    8        88.00000  164.63158  87.1%   623   96s
  1397   675  163.34588    6  410   88.00000  164.63158  87.1%   623  103s
  1462   714  150.00606    8  393   88.00000  164.63158  87.1%   649  114s
  1548   740  148.91713   10  399   88.00000  164.63158  87.1%   676  123s
  1629   765 infeasible   11        88.00000  164.63158  87.1%   694  131s
  1696   809 infeasible   12        88.00000  164.49267  86.9%   718  137s
  1787   843 infeasible   14        88.00000  164.26951  86.7%   731  142s
  1876   867  122.51301   14  244   88.00000  164.14868  86.5%   750  147s
  1987   900  108.87719   16   51   88.00000  164.14868  86.5%   757  151s
  2142   971     cutoff   19        88.00000  161.72515  83.8%   796  159s
  2273  1010  106.97836   18   25   88.00000  161.72515  83.8%   803  166s
  2364  1052  100.66872   19   24   88.00000  161.72515  83.8%   822  172s
  2492  1090  115.34395   14  158   88.00000  157.75439  79.3%   832  177s
  2641  1138 infeasible   19        88.00000  157.46784  78.9%   834  184s
  2745  1179  129.36337   14  281   88.00000  157.46784  78.9%   852  187s
  2890  1213  119.28509   17   49   88.00000  157.36140  78.8%   852  193s
  3024  1257  108.64407   18  369   88.00000  157.36140  78.8%   863  203s
  3194  1299 infeasible   15        88.00000  156.90723  78.3%   866  207s
  3317  1374  101.39239   18  356   88.00000  156.90723  78.3%   868  213s
  3559  1426  122.14035   14   90   88.00000  156.90723  78.3%   852  218s
  3692  1475  121.03509   16    7   88.00000  156.08421  77.4%   864  222s
  3906  1554 infeasible   24        88.00000  150.87719  71.5%   861  232s
  4089  1556  100.15789   26   65   88.00000  150.75439  71.3%   865  235s
  4093  1559  121.40351   20   46   88.00000  150.75439  71.3%   864  243s
  4094  1560  142.56132   11   46   88.00000  150.75439  71.3%   864  245s
  4097  1565  150.75439   17   42   88.00000  150.75439  71.3%   867  251s
  4107  1576  150.75439   19   45   88.00000  150.75439  71.3%   871  261s
  4119  1582  144.00000   20   44   88.00000  150.75439  71.3%   873  265s
  4135  1603  143.63158   21   94   88.00000  150.75439  71.3%   878  274s
  4165  1610  136.75439   22   93   88.00000  150.75439  71.3%   883  282s
  4192  1619  129.93860   24   55   88.00000  150.75439  71.3%   892  292s
  4220  1628 infeasible   24        88.00000  150.75439  71.3%   906  304s
  4248  1637  129.57895   25   48   88.00000  150.75439  71.3%   919  313s
  4271  1643  122.82807   26   45   88.00000  150.75439  71.3%   931  322s
  4298  1643  122.82807   27   47   88.00000  150.75439  71.3%   934  333s
  4316  1646  122.32456   28   27   88.00000  150.75439  71.3%   934  338s
  4335  1643  122.57018   28   32   88.00000  150.75439  71.3%   939  341s
  4355  1648  122.20468   29   20   88.00000  150.75439  71.3%   940  346s
  4375  1658  121.57895   29   19   88.00000  150.75439  71.3%   944  352s
  4401  1666  115.36842   30   72   88.00000  150.75439  71.3%   947  361s
  4434  1668  122.07018   30   18   88.00000  150.75439  71.3%   952  366s
  4470  1667  114.89474   31   11   88.00000  150.75439  71.3%   957  376s
  4502  1683  115.01754   31   11   88.00000  150.75439  71.3%   967  382s
  4553  1673  108.21053   32   16   88.00000  150.75439  71.3%   968  394s
  4588  1683 infeasible   32        88.00000  150.75439  71.3%   973  400s
  4640  1683 infeasible   33        88.00000  150.75439  71.3%   975  411s
  4696  1683  108.71345   30   29   88.00000  150.75439  71.3%   978  420s
  4767  1669  108.38596   32  152   88.00000  150.75439  71.3%   980  429s
  4831  1673 infeasible   22        88.00000  150.75439  71.3%   984  442s
  4900  1689  115.75439   30   19   88.00000  150.75439  71.3%   988  454s
  4980  1665  102.00000   32   17   88.00000  150.75439  71.3%   986  465s
  5034  1676 infeasible   26        88.00000  150.75439  71.3%   996  477s
  5103  1660  108.87719   31   86   88.00000  150.75439  71.3%  1002  488s
  5122  1655 infeasible   32        88.00000  150.75439  71.3%  1010  494s
  5148  1655  101.75439   33    2   88.00000  150.75439  71.3%  1010  499s
  5166  1667     cutoff   34        88.00000  150.75439  71.3%  1010  510s
  5238  1656  108.38596   33   47   88.00000  150.75439  71.3%  1009  522s
  5302  1648 infeasible   34        88.00000  150.75439  71.3%  1022  535s
  5373  1668  129.50877   28   77   88.00000  150.75439  71.3%  1027  548s
  5466  1676 infeasible   37        88.00000  150.75439  71.3%  1036  562s
  5566  1674 infeasible   37        88.00000  150.75439  71.3%  1050  578s
  5668  1679 infeasible   35        88.00000  150.63158  71.2%  1059  590s
  5778  1651  129.63158   26   35   88.00000  150.63158  71.2%  1069  604s
  5838  1660  115.85673   28   96   88.00000  150.63158  71.2%  1077  619s
  5940  1655   95.00000   36   31   88.00000  150.63158  71.2%  1087  637s
  6102  1625 infeasible   36        88.00000  150.50877  71.0%  1090  653s
  6182  1623  122.69458   30  220   88.00000  150.50877  71.0%  1103  669s
  6299  1587  108.50877   34    3   88.00000  150.50877  71.0%  1114  684s
  6339  1603 infeasible   37        88.00000  150.03660  70.5%  1120  701s
  6442  1596  122.63158   28   49   88.00000  150.01754  70.5%  1134  717s
  6565  1590 infeasible   26        88.00000  149.90983  70.4%  1145  733s
  6698  1568  101.91813   32   70   88.00000  149.90983  70.4%  1157  748s
  6826  1560 infeasible   36        88.00000  149.36158  69.7%  1175  768s
  6980  1557  101.87719   34   74   88.00000  148.88147  69.2%  1185  786s
  7133  1540 infeasible   26        88.00000  148.87898  69.2%  1197  809s
  7314  1498  115.80351   29  129   88.00000  143.50877  63.1%  1208  831s
  7466  1446   95.00000   36  121   88.00000  143.50877  63.1%  1226  847s
  7497  1479 infeasible   37        88.00000  143.50877  63.1%  1233  867s
  7640  1466  136.87931   26  129   88.00000  143.50877  63.1%  1235  890s
  7814  1412  130.00000   29   26   88.00000  143.50877  63.1%  1247  914s
  7922  1396  115.65205   35   18   88.00000  143.18129  62.7%  1250  945s
  8138  1363 infeasible   30        88.00000  142.77101  62.2%  1260  971s
  8338  1340  108.63158   32  185   88.00000  137.00000  55.7%  1274  998s
  8542  1297 infeasible   32        88.00000  137.00000  55.7%  1292 1028s
  8703  1306  128.59376   29  113   88.00000  137.00000  55.7%  1316 1053s
  8910  1325  129.22661   28  367   88.00000  136.87719  55.5%  1336 1078s
  9163  1366  115.75439   26  102   88.00000  136.75439  55.4%  1348 1106s
  9446  1428 infeasible   31        88.00000  136.63158  55.3%  1356 1136s
  9762  1428 infeasible   35        88.00000  136.50877  55.1%  1364 1170s
  9974  1475  122.80351   29   30   88.00000  136.50877  55.1%  1365 1208s
 10361  1515  109.00000   29   82   88.00000  136.10003  54.7%  1369 1252s
 10751  1541 infeasible   30        88.00000  135.82105  54.3%  1375 1289s
 11039  1584  122.26316   28   40   88.00000  135.61629  54.1%  1392 1325s
 11349  1632     cutoff   34        88.00000  130.00000  47.7%  1408 1364s
 11737  1671 infeasible   30        88.00000  129.87826  47.6%  1417 1404s
 12126  1713  108.75439   31   30   88.00000  129.83626  47.5%  1427 1443s
 12511  1746  101.63158   35   21   88.00000  129.63158  47.3%  1441 1488s
 12845  1770 infeasible   27        88.00000  129.52305  47.2%  1458 1533s
 13115  1746 infeasible   34        88.00000  129.50877  47.2%  1459 1574s
 13592  1715  115.50877   29  347   88.00000  129.38596  47.0%  1464 1622s
 14146  1747  102.00000   34   57   88.00000  128.89474  46.5%  1467 1667s
 14615  1776     cutoff   34        88.00000  126.83536  44.1%  1480 1711s
 15076  1788 infeasible   32        88.00000  123.00000  39.8%  1496 1763s
 15595  1830 infeasible   35        88.00000  122.87931  39.6%  1510 1822s
 16204  1792  100.40351   37    4   88.00000  122.75439  39.5%  1516 1878s
 16759  1725  115.60702   30   52   88.00000  122.63158  39.4%  1527 1943s
 17541  1639 infeasible   34        88.00000  122.53333  39.2%  1522 2001s
 18234  1550  102.00000   31  177   88.00000  122.14943  38.8%  1524 2066s
 18960  1532  109.00000   30   18   88.00000  119.43860  35.7%  1528 2123s
 19423  1489   95.00000   34    9   88.00000  116.00000  31.8%  1552 2186s
 19998  1427  108.87719   36   20   88.00000  116.00000  31.8%  1568 2254s
 20233  1427     cutoff   32        88.00000  116.00000  31.8%  1574 2255s
 20658  1341 infeasible   32        88.00000  115.87719  31.7%  1583 2320s
 21292  1109  101.75439   35   38   88.00000  115.75439  31.5%  1602 2393s
 22332   980  108.83626   35   20   88.00000  115.54971  31.3%  1592 2469s
 23089   857 infeasible   30        88.00000  110.65789  25.7%  1604 2542s
 23696   685  101.65205   34   14   88.00000  109.00000  23.9%  1627 2629s
 24540   380 infeasible   34        88.00000  108.87719  23.7%  1638 2710s
 25378    57  101.83626   34    7   88.00000  108.52105  23.3%  1646 2802s
 26066     0  101.63158   33   19   88.00000  101.95906  15.9%  1659 2818s

Cutting planes:
  Cover: 1
  Inf proof: 6

Explored 26160 nodes (43370658 simplex iterations) in 2818.71 seconds (5055.46 work units)
Thread count was 16 (of 16 available processors)

Solution count 9: 88 88 88 ... 32

Optimal solution found (tolerance 1.00e-04)
Best objective 8.800000000000e+01, best bound 8.800000000000e+01, gap 0.0000%

Wrote result file '/root/bgw/data/results/2026_03_24_19_19_42_set_vm-4-t1_vm-4-t1_s029_g002_max.sol'

