[2026-03-23T13:37:06.374Z] Pipeline "set_exp_2_exp_2_n023_c006_g002" → 2026_03_23_13_37_06_set_exp_2_exp_2_n023_c006_g002_max.sol
Set parameter WLSAccessID
Set parameter WLSSecret
Set parameter LicenseID to value 2792458
Set parameter LogFile to value "gurobi.log"
Using license file /root/gurobi.lic
Academic license 2792458 - for non-commercial use only - registered to an___@studenti.unipg.it

Gurobi Optimizer version 13.0.1 build v13.0.1rc0 (linux64 - "Ubuntu 24.04.4 LTS")
Copyright (c) 2026, Gurobi Optimization, LLC

Warning: Duplicate section found (read 'binary') - Is a variable name equal to an LP file format keyword?
Warning: Duplicate section found (read 'binary') - Is a variable name equal to an LP file format keyword?
Warning: Duplicate section found (read 'binary') - Is a variable name equal to an LP file format keyword?
Warning: Duplicate section found (read 'binary') - Is a variable name equal to an LP file format keyword?
Warning: Duplicate section found (read 'binary') - Is a variable name equal to an LP file format keyword?
Warning: Duplicate section found (read 'binary') - Is a variable name equal to an LP file format keyword?
Warning: Duplicate section found (read 'binary') - Is a variable name equal to an LP file format keyword?
Warning: Duplicate section found (read 'binary') - Is a variable name equal to an LP file format keyword?
Warning: Duplicate section found (read 'binary') - Is a variable name equal to an LP file format keyword?
Warning: Duplicate section found (read 'binary') - Is a variable name equal to an LP file format keyword?
Warning: Further warnings of this type will be omitted.
Read LP format model from file /root/bgw/data/uploads/2026_03_23_13_37_06_set_exp_2_exp_2_n023_c006_g002_max.lp
Reading time = 0.00 seconds
: 4055 rows, 384 columns, 12147 nonzeros

Using Gurobi shared library /opt/gurobi1301/linux64/lib/libgurobi.so.13.0.1

CPU model: AMD EPYC-Genoa Processor, instruction set [SSE2|AVX|AVX2|AVX512]
Thread count: 16 physical cores, 16 logical processors, using up to 16 threads

Academic license 2792458 - for non-commercial use only - registered to an___@studenti.unipg.it
Optimize a model with 4055 rows, 384 columns and 12147 nonzeros (Max)
Model fingerprint: 0x6d1e175c
Model has 6 linear objective coefficients
Variable types: 29 continuous, 355 integer (355 binary)
Coefficient statistics:
  Matrix range     [1e+00, 2e+01]
  Objective range  [1e+00, 1e+00]
  Bounds range     [1e+00, 1e+00]
  RHS range        [1e+00, 3e+01]

Found heuristic solution: objective 6.0000000
Presolve removed 472 rows and 105 columns
Presolve time: 0.01s
Presolved: 3583 rows, 279 columns, 10969 nonzeros
Variable types: 0 continuous, 279 integer (268 binary)

Root relaxation: objective 2.400000e+01, 301 iterations, 0.02 seconds (0.02 work units)

    Nodes    |    Current Node    |     Objective Bounds      |     Work
 Expl Unexpl |  Obj  Depth IntInf | Incumbent    BestBd   Gap | It/Node Time

     0     0   24.00000    0   34    6.00000   24.00000   300%     -    0s
H    0     0                      16.0000000   24.00000  50.0%     -    0s
H    0     0                      17.0000000   24.00000  41.2%     -    0s
H    0     0                      18.0000000   24.00000  33.3%     -    0s
     0     0   24.00000    0   33   18.00000   24.00000  33.3%     -    0s
     0     0   24.00000    0   31   18.00000   24.00000  33.3%     -    0s
     0     0   24.00000    0   33   18.00000   24.00000  33.3%     -    0s
     0     0   24.00000    0   16   18.00000   24.00000  33.3%     -    0s
     0     0   24.00000    0   28   18.00000   24.00000  33.3%     -    0s
     0     0   24.00000    0   25   18.00000   24.00000  33.3%     -    0s
     0     0   24.00000    0   20   18.00000   24.00000  33.3%     -    0s
     0     0   24.00000    0   16   18.00000   24.00000  33.3%     -    0s
     0     0   24.00000    0   28   18.00000   24.00000  33.3%     -    0s
     0     0   24.00000    0   33   18.00000   24.00000  33.3%     -    0s
     0     0   24.00000    0   16   18.00000   24.00000  33.3%     -    0s
     0     0   24.00000    0   21   18.00000   24.00000  33.3%     -    0s
     0     0   24.00000    0   22   18.00000   24.00000  33.3%     -    0s
     0     0   24.00000    0   22   18.00000   24.00000  33.3%     -    0s
     0     0   24.00000    0   25   18.00000   24.00000  33.3%     -    0s
     0     0   24.00000    0   23   18.00000   24.00000  33.3%     -    0s
     0     0   24.00000    0   23   18.00000   24.00000  33.3%     -    0s
     0     0   24.00000    0   16   18.00000   24.00000  33.3%     -    0s
     0     2   24.00000    0   16   18.00000   24.00000  33.3%     -    0s

Cutting planes:
  Cover: 11
  MIR: 9
  StrongCG: 1
  Inf proof: 48
  Zero half: 3

Explored 1934 nodes (167023 simplex iterations) in 1.36 seconds (2.24 work units)
Thread count was 16 (of 16 available processors)

Solution count 4: 18 17 16 6 

Optimal solution found (tolerance 1.00e-04)
Best objective 1.800000000000e+01, best bound 1.800000000000e+01, gap 0.0000%

Wrote result file '/root/bgw/data/results/2026_03_23_13_37_06_set_exp_2_exp_2_n023_c006_g002_max.sol'

