[2026-03-24T03:35:30.672Z] Pipeline "set_big_5_8_big_5_8_s001_g002" → 2026_03_24_03_35_30_set_big_5_8_big_5_8_s001_g002_max.sol
Set parameter WLSAccessID
Set parameter WLSSecret
Set parameter LicenseID to value 2792458
Set parameter LogFile to value "gurobi.log"
Using license file /root/gurobi.lic
Academic license 2792458 - for non-commercial use only - registered to an___@studenti.unipg.it

Gurobi Optimizer version 13.0.1 build v13.0.1rc0 (linux64 - "Ubuntu 24.04.4 LTS")
Copyright (c) 2026, Gurobi Optimization, LLC

Warning: Duplicate section found (read 'binary') - Is a variable name equal to an LP file format keyword?
Warning: Duplicate section found (read 'binary') - Is a variable name equal to an LP file format keyword?
Warning: Duplicate section found (read 'binary') - Is a variable name equal to an LP file format keyword?
Warning: Duplicate section found (read 'binary') - Is a variable name equal to an LP file format keyword?
Warning: Duplicate section found (read 'binary') - Is a variable name equal to an LP file format keyword?
Warning: Duplicate section found (read 'binary') - Is a variable name equal to an LP file format keyword?
Warning: Duplicate section found (read 'binary') - Is a variable name equal to an LP file format keyword?
Warning: Duplicate section found (read 'binary') - Is a variable name equal to an LP file format keyword?
Warning: Duplicate section found (read 'binary') - Is a variable name equal to an LP file format keyword?
Warning: Duplicate section found (read 'binary') - Is a variable name equal to an LP file format keyword?
Warning: Further warnings of this type will be omitted.
Read LP format model from file /root/bgw/data/uploads/2026_03_24_03_35_30_set_big_5_8_big_5_8_s001_g002_max.lp
Reading time = 0.00 seconds
: 4004 rows, 426 columns, 11898 nonzeros

Using Gurobi shared library /opt/gurobi1301/linux64/lib/libgurobi.so.13.0.1

CPU model: AMD EPYC-Genoa Processor, instruction set [SSE2|AVX|AVX2|AVX512]
Thread count: 16 physical cores, 16 logical processors, using up to 16 threads

Academic license 2792458 - for non-commercial use only - registered to an___@studenti.unipg.it
Optimize a model with 4004 rows, 426 columns and 11898 nonzeros (Max)
Model fingerprint: 0x33ed2008
Model has 86 linear objective coefficients
Variable types: 108 continuous, 318 integer (318 binary)
Coefficient statistics:
  Matrix range     [1e+00, 2e+01]
  Objective range  [1e+00, 1e+00]
  Bounds range     [1e+00, 1e+00]
  RHS range        [1e+00, 2e+01]

Found heuristic solution: objective 86.0000000
Presolve removed 846 rows and 150 columns
Presolve time: 0.01s
Presolved: 3158 rows, 276 columns, 9702 nonzeros
Variable types: 0 continuous, 276 integer (264 binary)
Found heuristic solution: objective 118.0000000

Root relaxation: objective 5.420000e+02, 532 iterations, 0.03 seconds (0.04 work units)

    Nodes    |    Current Node    |     Objective Bounds      |     Work
 Expl Unexpl |  Obj  Depth IntInf | Incumbent    BestBd   Gap | It/Node Time

     0     0  542.00000    0   80  118.00000  542.00000   359%     -    0s
H    0     0                     131.0000000  542.00000   314%     -    0s
H    0     0                     191.0000000  542.00000   184%     -    0s
H    0     0                     206.0000000  542.00000   163%     -    0s
     0     0  542.00000    0   79  206.00000  542.00000   163%     -    0s
H    0     0                     221.0000000  542.00000   145%     -    0s
     0     0  542.00000    0   75  221.00000  542.00000   145%     -    0s
     0     0  542.00000    0   74  221.00000  542.00000   145%     -    0s
     0     0  542.00000    0   72  221.00000  542.00000   145%     -    0s
     0     0  542.00000    0   72  221.00000  542.00000   145%     -    0s
     0     0  542.00000    0   73  221.00000  542.00000   145%     -    0s
     0     0  542.00000    0   73  221.00000  542.00000   145%     -    0s
H    0     0                     222.0000000  542.00000   144%     -    0s
     0     0  542.00000    0   73  222.00000  542.00000   144%     -    0s
     0     0  542.00000    0   72  222.00000  542.00000   144%     -    0s
     0     0  542.00000    0   72  222.00000  542.00000   144%     -    0s
     0     0  542.00000    0   72  222.00000  542.00000   144%     -    0s
     0     0  542.00000    0   72  222.00000  542.00000   144%     -    0s
     0     0  542.00000    0   72  222.00000  542.00000   144%     -    0s
     0     2  542.00000    0   72  222.00000  542.00000   144%     -    0s
H  151   126                     223.0000000  541.25000   143%  99.5    0s
H  608   490                     224.0000000  540.50000   141%  93.3    1s
H 1845  1173                     238.0000000  538.25000   126%  82.3    2s
  4112  2121  405.23333   23   80  238.00000  524.37500   120%  88.6    5s
 20580  8052  297.05000   32  100  238.00000  440.35000  85.0%  76.6   10s
 40829 15904 infeasible   49       238.00000  417.25000  75.3%  77.6   15s
 52213 19574  358.60000   31   90  238.00000  405.15000  70.2%  76.5   20s
 68488 24976  282.25000   37  115  238.00000  398.67500  67.5%  75.3   25s
 89234 31657  328.60000   39   48  238.00000  389.02273  63.5%  76.4   30s
 110051 38076  255.86250   39   40  238.00000  382.10000  60.5%  75.5   35s
 128902 43994  330.21667   38   57  238.00000  375.40000  57.7%  76.6   40s
 150696 50354 infeasible   38       238.00000  372.25000  56.4%  76.4   45s
 171957 56449  314.67500   38   56  238.00000  367.75000  54.5%  75.8   50s
 192057 61527  358.72500   32   74  238.00000  360.96667  51.7%  75.9   55s
 209066 66730 infeasible   46       238.00000  360.07097  51.3%  77.0   60s
 226524 71386 infeasible   41       238.00000  358.70000  50.7%  77.0   65s
 244335 76180 infeasible   41       238.00000  357.50000  50.2%  77.0   70s
 266302 81148  321.82500   31   80  238.00000  355.25000  49.3%  76.7   75s
 287854 86234 infeasible   41       238.00000  351.86667  47.8%  76.3   80s
 304053 89543  314.15000   36   39  238.00000  346.01000  45.4%  76.1   85s
 323061 94829 infeasible   40       238.00000  345.31250  45.1%  76.9   90s
 341845 99711  254.25000   45   89  238.00000  344.43333  44.7%  77.3   95s
 360273 104192  284.50000   37   53  238.00000  343.75000  44.4%  77.4  100s
 378157 108076  325.25000   32  101  238.00000  343.25000  44.2%  77.5  105s
 400030 112517 infeasible   38       238.00000  342.22500  43.8%  77.3  110s
 422861 116922 infeasible   35       238.00000  340.90000  43.2%  77.1  115s
 443061 120665  322.75714   33   83  238.00000  339.25000  42.5%  77.0  120s
 463964 124198  267.95000   41   46  238.00000  336.88571  41.5%  76.8  125s
 484252 127410  284.95000   38   74  238.00000  331.25000  39.2%  76.8  130s
 502894 131597 infeasible   42       238.00000  330.46667  38.9%  77.3  135s
 515834 134783  255.10000   47   48  238.00000  330.10000  38.7%  77.6  140s
 533729 138457  271.00000   42   43  238.00000  329.50000  38.4%  77.9  145s
 551795 142131 infeasible   40       238.00000  329.38333  38.4%  78.4  150s
 570055 146005 infeasible   42       238.00000  329.07143  38.3%  78.7  155s
 588450 149355  270.20000   40   52  238.00000  328.70000  38.1%  78.8  160s
 605079 152230     cutoff   42       238.00000  328.36818  38.0%  78.9  165s
 625809 155473  285.20000   37   89  238.00000  327.79167  37.7%  79.0  170s
 646117 158459 infeasible   43       238.00000  327.06667  37.4%  79.0  175s
 668768 161332  263.07500   41   90  238.00000  326.22778  37.1%  78.8  180s
 683251 163150 infeasible   42       238.00000  325.51500  36.8%  78.8  185s
 704802 165758 infeasible   41       238.00000  324.32500  36.3%  78.7  190s
 726051 168496  250.55000   39  121  238.00000  323.00000  35.7%  78.6  195s
 749891 170807  269.07222   43   60  238.00000  320.50000  34.7%  78.3  200s
 769928 173007  255.92500   44   36  238.00000  317.00000  33.2%  78.4  205s
 786511 175790  314.27500   33   59  238.00000  316.00000  32.8%  78.7  210s
 801655 178420  281.50000   43   54  238.00000  315.75000  32.7%  79.2  215s
 817489 181424  239.80000   43   82  238.00000  315.40000  32.5%  79.5  220s
 830863 183712  240.94286   41   50  238.00000  315.25000  32.5%  79.8  225s
 845417 185945  254.52500   41   86  238.00000  315.15000  32.4%  80.2  230s
 861744 188253  267.70000   37   46  238.00000  314.96667  32.3%  80.6  235s
 877776 191026  289.30000   40   48  238.00000  314.75000  32.2%  80.8  240s
 890250 192917  283.75000   41   64  238.00000  314.50000  32.1%  81.0  245s
 904736 194576  284.03929   39   59  238.00000  314.41250  32.1%  81.3  250s
 920915 196726  267.96667   40   41  238.00000  314.25000  32.0%  81.6  255s
 938407 199347  298.28333   38   55  238.00000  314.10000  32.0%  81.8  260s
 955384 201672  251.20000   41   47  238.00000  313.80714  31.9%  81.9  265s
 973876 203780  270.10000   40   53  238.00000  313.56250  31.7%  81.9  270s
 991490 205588  267.68333   45   52  238.00000  313.25000  31.6%  82.0  275s
 1011522 207685  267.57953   42   68  238.00000  312.93333  31.5%  82.0  280s
 1030497 209477 infeasible   40       238.00000  312.55000  31.3%  81.9  285s
 1049636 210635  241.20000   41   44  238.00000  312.15000  31.2%  81.8  290s
 1068014 211798  269.05000   42   46  238.00000  311.75000  31.0%  81.8  295s
 1083451 212382 infeasible   39       238.00000  311.40000  30.8%  81.7  300s
 1103614 213295 infeasible   39       238.00000  310.75000  30.6%  81.6  305s
 1118281 213823 infeasible   43       238.00000  310.30714  30.4%  81.5  310s
 1138402 214683 infeasible   49       238.00000  309.62500  30.1%  81.3  315s
 1158757 215402  293.75000   37  132  238.00000  308.80000  29.7%  81.2  320s
 1177774 215862 infeasible   40       238.00000  307.83958  29.3%  81.1  325s
 1196447 216270  255.11111   43   54  238.00000  306.65000  28.8%  81.0  330s
 1218270 215889 infeasible   36       238.00000  304.25000  27.8%  80.8  335s
 1234864 217261  240.48500   44   33  238.00000  302.02500  26.9%  81.0  340s
 1249278 218884  253.30000   42   46  238.00000  301.97500  26.9%  81.2  345s
 1262782 220432  298.25000   45   54  238.00000  301.27500  26.6%  81.5  350s
 1274910 221568 infeasible   41       238.00000  301.00000  26.5%  81.6  355s
 1288790 222805  255.19000   38  132  238.00000  301.00000  26.5%  82.1  360s
 1302213 223699  253.96000   41   58  238.00000  300.95000  26.4%  82.4  365s
 1315935 224842  282.55000   39   54  238.00000  300.90000  26.4%  82.7  370s
 1331277 226022 infeasible   41       238.00000  300.85000  26.4%  82.9  375s
 1345665 227186  254.13864   38   70  238.00000  300.68333  26.3%  83.1  380s
 1360836 228567     cutoff   40       238.00000  300.47143  26.2%  83.3  385s
 1376541 229811  271.00000   42   79  238.00000  300.25000  26.2%  83.5  390s
 1387522 230477  300.15000   39   63  238.00000  300.20000  26.1%  83.7  395s
 1402650 231403 infeasible   40       238.00000  300.10000  26.1%  84.0  400s
 1415650 232190 infeasible   41       238.00000  300.00000  26.1%  84.1  405s
 1429386 233388  260.95000   39   86  238.00000  299.90000  26.0%  84.4  410s
 1444626 234645     cutoff   41       238.00000  299.81667  26.0%  84.5  415s
 1460906 235608  298.77200   38   55  238.00000  299.70000  25.9%  84.6  420s
 1475013 236383 infeasible   43       238.00000  299.50000  25.8%  84.8  425s
 1491447 237296 infeasible   35       238.00000  299.40000  25.8%  84.9  430s
 1506917 238276 infeasible   45       238.00000  299.27500  25.7%  84.9  435s
 1523278 239305  268.21852   41   48  238.00000  299.13333  25.7%  85.0  440s
 1539924 240112  240.79167   43   66  238.00000  298.97222  25.6%  85.0  445s
 1556473 240788  284.08000   37   73  238.00000  298.75000  25.5%  85.0  450s
 1569497 240943  252.52500   44   40  238.00000  298.65000  25.5%  85.1  455s
 1585956 241180  264.43333   37   98  238.00000  298.48333  25.4%  85.2  460s
 1598853 241610  254.29857   46   60  238.00000  298.35000  25.4%  85.2  465s
 1611275 242093 infeasible   43       238.00000  298.22500  25.3%  85.1  470s
 1629772 241980 infeasible   41       238.00000  297.95000  25.2%  85.1  475s
 1646175 241592 infeasible   38       238.00000  297.76111  25.1%  85.2  480s
 1662664 241348  283.80625   39  105  238.00000  297.55000  25.0%  85.1  485s
 1679796 241074     cutoff   41       238.00000  297.25000  24.9%  85.1  490s
 1696476 240268 infeasible   41       238.00000  297.00000  24.8%  85.0  495s
 1714913 239380  248.80000   40   64  238.00000  296.70000  24.7%  85.0  500s
 1733361 238649  269.75556   41   52  238.00000  296.37500  24.5%  84.9  505s
 1751798 237607 infeasible   44       238.00000  295.99750  24.4%  84.8  510s
 1770169 236434  280.82143   37   75  238.00000  295.50000  24.2%  84.7  515s
 1790542 234945 infeasible   40       238.00000  294.95000  23.9%  84.6  520s
 1804282 233749     cutoff   37       238.00000  294.59667  23.8%  84.5  525s
 1824298 231984     cutoff   37       238.00000  293.87500  23.5%  84.4  530s
 1845660 229793  275.85000   42  126  238.00000  292.91667  23.1%  84.2  535s
 1865482 227641  254.93333   43   90  238.00000  291.83000  22.6%  84.1  540s
 1884474 225466  266.71154   38   65  238.00000  290.32500  22.0%  84.0  545s
 1901364 224762  268.74722   39   47  238.00000  288.80000  21.3%  84.0  550s
 1915920 225092  254.83750   43   43  238.00000  287.75000  20.9%  84.1  555s
 1933622 225052  285.95000   36   72  238.00000  287.00000  20.6%  84.3  560s
 1946356 225653 infeasible   43       238.00000  286.75000  20.5%  84.5  565s
 1963473 225842 infeasible   44       238.00000  286.10714  20.2%  84.6  570s
 1977311 225537  266.95833   41   65  238.00000  286.00000  20.2%  84.7  575s
 1992108 225448 infeasible   50       238.00000  285.97500  20.2%  84.9  580s
 2003121 224717  285.89000   43   77  238.00000  285.95000  20.1%  85.1  585s
 2018332 224269 infeasible   35       238.00000  285.90000  20.1%  85.2  590s
 2031677 223830 infeasible   36       238.00000  285.85000  20.1%  85.4  595s
 2048135 223715     cutoff   38       238.00000  285.70000  20.0%  85.4  600s
 2062367 223348     cutoff   40       238.00000  285.45000  19.9%  85.5  605s
 2075615 223176  240.96071   39   70  238.00000  285.25000  19.9%  85.6  610s
 2090037 222715  252.77000   42   54  238.00000  285.17500  19.8%  85.8  615s
 2105397 222196  254.67833   41   75  238.00000  285.05000  19.8%  85.8  620s
 2121191 221689     cutoff   38       238.00000  284.95000  19.7%  85.9  625s
 2136234 221234     cutoff   37       238.00000  284.88333  19.7%  86.0  630s
 2139696 221000  268.55000   42  114  238.00000  284.88333  19.7%  86.0  635s
 2157044 220493  254.05000   42   90  238.00000  284.80000  19.7%  86.0  640s
 2175368 219844 infeasible   37       238.00000  284.70500  19.6%  86.0  645s
 2190321 219354 infeasible   41       238.00000  284.55000  19.6%  86.0  650s
 2207451 218723  239.54583   41   43  238.00000  284.45000  19.5%  86.1  655s
 2222081 218208 infeasible   42       238.00000  284.37500  19.5%  86.1  660s
 2239286 217565  267.07000   40   42  238.00000  284.25000  19.4%  86.2  665s
 2255528 217009  281.55476   41   49  238.00000  284.14000  19.4%  86.2  670s
 2272945 216008 infeasible   46       238.00000  284.00000  19.3%  86.2  675s
 2290673 214851     cutoff   38       238.00000  283.78571  19.2%  86.2  680s
 2306729 213381  268.49889   43   87  238.00000  283.70000  19.2%  86.2  685s
 2323569 211462 infeasible   45       238.00000  283.55000  19.1%  86.2  690s
 2340025 210212     cutoff   44       238.00000  283.41667  19.1%  86.2  695s
 2359179 208809 infeasible   44       238.00000  283.27500  19.0%  86.1  700s
 2377401 207214 infeasible   44       238.00000  283.07833  18.9%  86.1  705s
 2395777 204748 infeasible   42       238.00000  282.90000  18.9%  86.0  710s
 2407459 202905 infeasible   47       238.00000  282.75000  18.8%  86.0  715s
 2425320 200484 infeasible   45       238.00000  282.54400  18.7%  86.0  720s
 2443917 197977  252.15000   41   87  238.00000  282.25000  18.6%  85.9  725s
 2462290 195278 infeasible   38       238.00000  281.96481  18.5%  85.8  730s
 2478893 192197 infeasible   43       238.00000  281.70000  18.4%  85.7  735s
 2498805 188715 infeasible   44       238.00000  281.28500  18.2%  85.6  740s
 2517064 185019 infeasible   41       238.00000  280.78000  18.0%  85.6  745s
 2537119 180612 infeasible   36       238.00000  280.15357  17.7%  85.5  750s
 2555716 176413     cutoff   40       238.00000  279.46750  17.4%  85.4  755s
 2574855 172275 infeasible   45       238.00000  278.50936  17.0%  85.3  760s
 2592689 168946  245.85000   37   47  238.00000  277.45000  16.6%  85.2  765s
 2610455 166415 infeasible   45       238.00000  276.15000  16.0%  85.2  770s
 2627768 163884 infeasible   41       238.00000  274.47500  15.3%  85.2  775s
 2641414 162633 infeasible   43       238.00000  273.10000  14.7%  85.3  780s
 2653726 161868  254.15000   44   37  238.00000  272.10000  14.3%  85.4  785s
 2668670 160854     cutoff   45       238.00000  271.64000  14.1%  85.6  790s
 2682661 159790 infeasible   39       238.00000  271.17500  13.9%  85.6  795s
 2694869 158137     cutoff   41       238.00000  271.00000  13.9%  85.8  800s
 2710975 155488  269.55000   37   74  238.00000  270.90000  13.8%  85.9  805s
 2728498 153173  268.81667   39   62  238.00000  270.70000  13.7%  85.9  810s
 2744476 151426  269.41667   37   42  238.00000  270.41667  13.6%  85.9  815s
 2758712 150008  269.70000   43   56  238.00000  270.25000  13.6%  86.0  820s
 2773445 148343  269.15000   36   41  238.00000  270.15000  13.5%  86.1  825s
 2789747 146290 infeasible   43       238.00000  270.00000  13.4%  86.2  830s
 2806616 143410 infeasible   40       238.00000  269.88333  13.4%  86.3  835s
 2823486 140367  254.68000   40   73  238.00000  269.77222  13.3%  86.3  840s
 2838329 137617  264.90000   41   38  238.00000  269.62500  13.3%  86.3  845s
 2849710 135769  240.25000   44   67  238.00000  269.50000  13.2%  86.4  850s
 2863696 133554  239.65556   46   51  238.00000  269.40000  13.2%  86.4  855s
 2880307 130900  252.65000   41   57  238.00000  269.26250  13.1%  86.4  860s
 2894992 128347  254.79000   44   70  238.00000  269.14286  13.1%  86.5  865s
 2910721 125542     cutoff   54       238.00000  268.96667  13.0%  86.5  870s
 2926617 122668     cutoff   37       238.00000  268.75000  12.9%  86.5  875s
 2942382 119320 infeasible   39       238.00000  268.51667  12.8%  86.5  880s
 2960189 115286     cutoff   43       238.00000  268.30000  12.7%  86.5  885s
 2977556 110757 infeasible   43       238.00000  267.91600  12.6%  86.5  890s
 2996711 105515 infeasible   39       238.00000  267.41250  12.4%  86.4  895s
 3011593 101019  239.78571   45   76  238.00000  266.75000  12.1%  86.4  900s
 3019346 97865     cutoff   43       238.00000  266.25000  11.9%  86.3  905s
 3038602 91536  239.40000   43   65  238.00000  264.35000  11.1%  86.3  910s
 3053082 87995  253.35000   45   41  238.00000  262.60000  10.3%  86.4  915s
 3064646 85872 infeasible   41       238.00000  261.75000  10.0%  86.6  920s
 3077735 83150     cutoff   41       238.00000  259.75000  9.14%  86.8  925s
 3089976 81047 infeasible   45       238.00000  257.97000  8.39%  87.0  930s
 3101426 79159  256.81250   40   33  238.00000  257.00000  7.98%  87.1  935s
 3110600 77791  254.33333   37   62  238.00000  256.85000  7.92%  87.3  940s
 3124690 74841     cutoff   45       238.00000  256.10000  7.61%  87.4  945s
 3137259 71463  239.91667   43   64  238.00000  255.95119  7.54%  87.5  950s
 3150780 67117     cutoff   46       238.00000  255.83000  7.49%  87.7  955s
 3165238 63279  255.31429   44   64  238.00000  255.38000  7.30%  87.7  960s
 3180745 58824 infeasible   43       238.00000  255.15000  7.21%  87.8  965s
 3194799 54508     cutoff   45       238.00000  254.95000  7.12%  87.8  970s
 3207868 49726 infeasible   44       238.00000  254.85000  7.08%  87.9  975s
 3222995 43759 infeasible   45       238.00000  254.60000  6.97%  88.1  980s
 3237661 38108     cutoff   45       238.00000  254.18333  6.80%  88.1  985s
 3256103 27357     cutoff   43       238.00000  252.87143  6.25%  88.0  990s
 3270374 17114 infeasible   40       238.00000  245.46714  3.14%  88.0  995s
 3276151 12805 infeasible   45       238.00000  242.00000  1.68%  88.2 1000s

Cutting planes:
  Inf proof: 2

Explored 3294362 nodes (290512582 simplex iterations) in 1004.58 seconds (1991.66 work units)
Thread count was 16 (of 16 available processors)

Solution count 10: 238 238 238 ... 191

Optimal solution found (tolerance 1.00e-04)
Best objective 2.380000000000e+02, best bound 2.380000000000e+02, gap 0.0000%

Wrote result file '/root/bgw/data/results/2026_03_24_03_35_30_set_big_5_8_big_5_8_s001_g002_max.sol'

