[2026-03-24T13:37:14.371Z] Pipeline "set_vm-3-t1_vm-3-t1_s008_g002" → 2026_03_24_13_37_14_set_vm-3-t1_vm-3-t1_s008_g002_max.sol
Set parameter Username
Set parameter LicenseID to value 2796068
Set parameter LogFile to value "gurobi.log"
Using license file /opt/gurobi/gurobi.lic
Academic license - for non-commercial use only - expires 2027-03-23

Gurobi Optimizer version 13.0.1 build v13.0.1rc0 (linux64 - "Ubuntu 24.04.4 LTS")
Copyright (c) 2026, Gurobi Optimization, LLC

Warning: Duplicate section found (read 'binary') - Is a variable name equal to an LP file format keyword?
Warning: Duplicate section found (read 'binary') - Is a variable name equal to an LP file format keyword?
Warning: Duplicate section found (read 'binary') - Is a variable name equal to an LP file format keyword?
Warning: Duplicate section found (read 'binary') - Is a variable name equal to an LP file format keyword?
Warning: Duplicate section found (read 'binary') - Is a variable name equal to an LP file format keyword?
Warning: Duplicate section found (read 'binary') - Is a variable name equal to an LP file format keyword?
Warning: Duplicate section found (read 'binary') - Is a variable name equal to an LP file format keyword?
Warning: Duplicate section found (read 'binary') - Is a variable name equal to an LP file format keyword?
Warning: Duplicate section found (read 'binary') - Is a variable name equal to an LP file format keyword?
Warning: Duplicate section found (read 'binary') - Is a variable name equal to an LP file format keyword?
Warning: Further warnings of this type will be omitted.
Read LP format model from file /root/bgw/data/uploads/2026_03_24_13_37_14_set_vm-3-t1_vm-3-t1_s008_g002_max.lp
Reading time = 0.00 seconds
: 1900 rows, 229 columns, 5746 nonzeros

Using Gurobi shared library /opt/gurobi1301/linux64/lib/libgurobi.so.13.0.1

CPU model: AMD EPYC-Genoa Processor, instruction set [SSE2|AVX|AVX2|AVX512]
Thread count: 16 physical cores, 16 logical processors, using up to 16 threads

Optimize a model with 1900 rows, 229 columns and 5746 nonzeros (Max)
Model fingerprint: 0x94bd663e
Model has 10 linear objective coefficients
Variable types: 28 continuous, 201 integer (201 binary)
Coefficient statistics:
  Matrix range     [1e+00, 2e+01]
  Objective range  [1e+00, 1e+00]
  Bounds range     [1e+00, 1e+00]
  RHS range        [1e+00, 2e+01]

Found heuristic solution: objective 10.0000000
Presolve removed 237 rows and 57 columns
Presolve time: 0.01s
Presolved: 1663 rows, 172 columns, 5094 nonzeros
Variable types: 0 continuous, 172 integer (165 binary)
Found heuristic solution: objective 16.0000000

Root relaxation: objective 4.600000e+01, 120 iterations, 0.00 seconds (0.00 work units)

    Nodes    |    Current Node    |     Objective Bounds      |     Work
 Expl Unexpl |  Obj  Depth IntInf | Incumbent    BestBd   Gap | It/Node Time

     0     0   46.00000    0   27   16.00000   46.00000   188%     -    0s
H    0     0                      25.0000000   46.00000  84.0%     -    0s
H    0     0                      28.0000000   46.00000  64.3%     -    0s
     0     0   46.00000    0   30   28.00000   46.00000  64.3%     -    0s
     0     0   46.00000    0   30   28.00000   46.00000  64.3%     -    0s
     0     0   46.00000    0   29   28.00000   46.00000  64.3%     -    0s
     0     0   46.00000    0   25   28.00000   46.00000  64.3%     -    0s
     0     0   46.00000    0   18   28.00000   46.00000  64.3%     -    0s
     0     0   46.00000    0   18   28.00000   46.00000  64.3%     -    0s
     0     0   46.00000    0   25   28.00000   46.00000  64.3%     -    0s
     0     0   46.00000    0   25   28.00000   46.00000  64.3%     -    0s
     0     0   46.00000    0   18   28.00000   46.00000  64.3%     -    0s
     0     0   43.00000    0   27   28.00000   43.00000  53.6%     -    0s
     0     0   43.00000    0   18   28.00000   43.00000  53.6%     -    0s
     0     0   43.00000    0   26   28.00000   43.00000  53.6%     -    0s
     0     0   43.00000    0   24   28.00000   43.00000  53.6%     -    0s
     0     0   43.00000    0   24   28.00000   43.00000  53.6%     -    0s
     0     0   43.00000    0   24   28.00000   43.00000  53.6%     -    0s
     0     0   43.00000    0   24   28.00000   43.00000  53.6%     -    0s
     0     0   43.00000    0   17   28.00000   43.00000  53.6%     -    0s
     0     2   43.00000    0   17   28.00000   43.00000  53.6%     -    0s

Cutting planes:
  Cover: 11
  MIR: 1
  Inf proof: 17
  Zero half: 2

Explored 1715 nodes (62334 simplex iterations) in 0.50 seconds (0.66 work units)
Thread count was 16 (of 16 available processors)

Solution count 4: 28 25 16 10 

Optimal solution found (tolerance 1.00e-04)
Best objective 2.800000000000e+01, best bound 2.800000000000e+01, gap 0.0000%

Wrote result file '/root/bgw/data/results/2026_03_24_13_37_14_set_vm-3-t1_vm-3-t1_s008_g002_max.sol'

