[2026-03-24T13:36:51.365Z] Pipeline "set_vm-3-t1_vm-3-t1_s006_g001" → 2026_03_24_13_36_51_set_vm-3-t1_vm-3-t1_s006_g001_max.sol
Set parameter Username
Set parameter LicenseID to value 2796068
Set parameter LogFile to value "gurobi.log"
Using license file /opt/gurobi/gurobi.lic
Academic license - for non-commercial use only - expires 2027-03-23

Gurobi Optimizer version 13.0.1 build v13.0.1rc0 (linux64 - "Ubuntu 24.04.4 LTS")
Copyright (c) 2026, Gurobi Optimization, LLC

Warning: Duplicate section found (read 'binary') - Is a variable name equal to an LP file format keyword?
Warning: Duplicate section found (read 'binary') - Is a variable name equal to an LP file format keyword?
Warning: Duplicate section found (read 'binary') - Is a variable name equal to an LP file format keyword?
Warning: Duplicate section found (read 'binary') - Is a variable name equal to an LP file format keyword?
Warning: Duplicate section found (read 'binary') - Is a variable name equal to an LP file format keyword?
Warning: Duplicate section found (read 'binary') - Is a variable name equal to an LP file format keyword?
Warning: Duplicate section found (read 'binary') - Is a variable name equal to an LP file format keyword?
Warning: Duplicate section found (read 'binary') - Is a variable name equal to an LP file format keyword?
Warning: Duplicate section found (read 'binary') - Is a variable name equal to an LP file format keyword?
Warning: Duplicate section found (read 'binary') - Is a variable name equal to an LP file format keyword?
Warning: Further warnings of this type will be omitted.
Read LP format model from file /root/bgw/data/uploads/2026_03_24_13_36_51_set_vm-3-t1_vm-3-t1_s006_g001_max.lp
Reading time = 0.00 seconds
: 1572 rows, 219 columns, 4596 nonzeros

Using Gurobi shared library /opt/gurobi1301/linux64/lib/libgurobi.so.13.0.1

CPU model: AMD EPYC-Genoa Processor, instruction set [SSE2|AVX|AVX2|AVX512]
Thread count: 16 physical cores, 16 logical processors, using up to 16 threads

Optimize a model with 1572 rows, 219 columns and 4596 nonzeros (Max)
Model fingerprint: 0xb8805a83
Model has 32 linear objective coefficients
Variable types: 48 continuous, 171 integer (171 binary)
Coefficient statistics:
  Matrix range     [1e+00, 2e+01]
  Objective range  [1e+00, 1e+00]
  Bounds range     [1e+00, 1e+00]
  RHS range        [1e+00, 2e+01]

Found heuristic solution: objective 32.0000000
Presolve removed 406 rows and 72 columns
Presolve time: 0.00s
Presolved: 1166 rows, 147 columns, 3602 nonzeros
Variable types: 0 continuous, 147 integer (139 binary)
Found heuristic solution: objective 53.0000000

Root relaxation: objective 1.720000e+02, 195 iterations, 0.01 seconds (0.01 work units)

    Nodes    |    Current Node    |     Objective Bounds      |     Work
 Expl Unexpl |  Obj  Depth IntInf | Incumbent    BestBd   Gap | It/Node Time

     0     0  172.00000    0   36   53.00000  172.00000   225%     -    0s
H    0     0                      60.0000000  172.00000   187%     -    0s
H    0     0                      67.0000000  172.00000   157%     -    0s
H    0     0                      74.0000000  172.00000   132%     -    0s
     0     0  172.00000    0   37   74.00000  172.00000   132%     -    0s
H    0     0                      81.0000000  172.00000   112%     -    0s
     0     0  172.00000    0   37   81.00000  172.00000   112%     -    0s
     0     0  172.00000    0   37   81.00000  172.00000   112%     -    0s
     0     0  172.00000    0   32   81.00000  172.00000   112%     -    0s
     0     0  172.00000    0   34   81.00000  172.00000   112%     -    0s
     0     0  172.00000    0   34   81.00000  172.00000   112%     -    0s
     0     0  172.00000    0   32   81.00000  172.00000   112%     -    0s
     0     0  172.00000    0   33   81.00000  172.00000   112%     -    0s
     0     0  172.00000    0   35   81.00000  172.00000   112%     -    0s
     0     0  172.00000    0   33   81.00000  172.00000   112%     -    0s
     0     0  165.00000    0   33   81.00000  165.00000   104%     -    0s
     0     0  165.00000    0   32   81.00000  165.00000   104%     -    0s
     0     0  165.00000    0   34   81.00000  165.00000   104%     -    0s
     0     0  165.00000    0   32   81.00000  165.00000   104%     -    0s
     0     0  165.00000    0   32   81.00000  165.00000   104%     -    0s
     0     0  165.00000    0   34   81.00000  165.00000   104%     -    0s
     0     0  165.00000    0   32   81.00000  165.00000   104%     -    0s
     0     0  165.00000    0   32   81.00000  165.00000   104%     -    0s
     0     0  165.00000    0   31   81.00000  165.00000   104%     -    0s
     0     2  165.00000    0   31   81.00000  165.00000   104%     -    0s
H  424   234                      88.0000000  165.00000  87.5%  29.0    0s

Cutting planes:
  Cover: 1
  Inf proof: 4

Explored 24750 nodes (816361 simplex iterations) in 2.57 seconds (4.19 work units)
Thread count was 16 (of 16 available processors)

Solution count 10: 88 88 88 ... 32

Optimal solution found (tolerance 1.00e-04)
Best objective 8.800000000000e+01, best bound 8.800000000000e+01, gap 0.0000%

Wrote result file '/root/bgw/data/results/2026_03_24_13_36_51_set_vm-3-t1_vm-3-t1_s006_g001_max.sol'

