[2026-03-24T13:36:51.090Z] Pipeline "set_vm-3-t1_vm-3-t1_s005_g003" → 2026_03_24_13_36_51_set_vm-3-t1_vm-3-t1_s005_g003_max.sol
Set parameter Username
Set parameter LicenseID to value 2796068
Set parameter LogFile to value "gurobi.log"
Using license file /opt/gurobi/gurobi.lic
Academic license - for non-commercial use only - expires 2027-03-23

Gurobi Optimizer version 13.0.1 build v13.0.1rc0 (linux64 - "Ubuntu 24.04.4 LTS")
Copyright (c) 2026, Gurobi Optimization, LLC

Warning: Duplicate section found (read 'binary') - Is a variable name equal to an LP file format keyword?
Warning: Duplicate section found (read 'binary') - Is a variable name equal to an LP file format keyword?
Warning: Duplicate section found (read 'binary') - Is a variable name equal to an LP file format keyword?
Warning: Duplicate section found (read 'binary') - Is a variable name equal to an LP file format keyword?
Warning: Duplicate section found (read 'binary') - Is a variable name equal to an LP file format keyword?
Warning: Duplicate section found (read 'binary') - Is a variable name equal to an LP file format keyword?
Warning: Duplicate section found (read 'binary') - Is a variable name equal to an LP file format keyword?
Warning: Duplicate section found (read 'binary') - Is a variable name equal to an LP file format keyword?
Warning: Duplicate section found (read 'binary') - Is a variable name equal to an LP file format keyword?
Warning: Duplicate section found (read 'binary') - Is a variable name equal to an LP file format keyword?
Warning: Further warnings of this type will be omitted.
Read LP format model from file /root/bgw/data/uploads/2026_03_24_13_36_51_set_vm-3-t1_vm-3-t1_s005_g003_max.lp
Reading time = 0.00 seconds
: 1127 rows, 161 columns, 3385 nonzeros

Using Gurobi shared library /opt/gurobi1301/linux64/lib/libgurobi.so.13.0.1

CPU model: AMD EPYC-Genoa Processor, instruction set [SSE2|AVX|AVX2|AVX512]
Thread count: 16 physical cores, 16 logical processors, using up to 16 threads

Optimize a model with 1127 rows, 161 columns and 3385 nonzeros (Max)
Model fingerprint: 0xab0534b0
Model has 10 linear objective coefficients
Variable types: 25 continuous, 136 integer (136 binary)
Coefficient statistics:
  Matrix range     [1e+00, 2e+01]
  Objective range  [1e+00, 1e+00]
  Bounds range     [1e+00, 1e+00]
  RHS range        [1e+00, 2e+01]

Found heuristic solution: objective 10.0000000
Presolve removed 189 rows and 39 columns
Presolve time: 0.00s
Presolved: 938 rows, 122 columns, 2886 nonzeros
Variable types: 0 continuous, 122 integer (116 binary)
Found heuristic solution: objective 16.0000000

Root relaxation: objective 4.600000e+01, 128 iterations, 0.00 seconds (0.00 work units)

    Nodes    |    Current Node    |     Objective Bounds      |     Work
 Expl Unexpl |  Obj  Depth IntInf | Incumbent    BestBd   Gap | It/Node Time

     0     0   46.00000    0   14   16.00000   46.00000   188%     -    0s
H    0     0                      19.0000000   46.00000   142%     -    0s
H    0     0                      22.0000000   46.00000   109%     -    0s
H    0     0                      25.0000000   46.00000  84.0%     -    0s
H    0     0                      28.0000000   46.00000  64.3%     -    0s
     0     0   46.00000    0   20   28.00000   46.00000  64.3%     -    0s
     0     0   46.00000    0   15   28.00000   46.00000  64.3%     -    0s
     0     0   46.00000    0   15   28.00000   46.00000  64.3%     -    0s
     0     0   46.00000    0   15   28.00000   46.00000  64.3%     -    0s
     0     0   46.00000    0   17   28.00000   46.00000  64.3%     -    0s
     0     0   46.00000    0   17   28.00000   46.00000  64.3%     -    0s
     0     0   46.00000    0   12   28.00000   46.00000  64.3%     -    0s
     0     0   46.00000    0   12   28.00000   46.00000  64.3%     -    0s
     0     0   46.00000    0   17   28.00000   46.00000  64.3%     -    0s
     0     0   46.00000    0   14   28.00000   46.00000  64.3%     -    0s
     0     0   45.30769    0   19   28.00000   45.30769  61.8%     -    0s
     0     0   45.30769    0   14   28.00000   45.30769  61.8%     -    0s
     0     0   43.00000    0   20   28.00000   43.00000  53.6%     -    0s
     0     0   43.00000    0   14   28.00000   43.00000  53.6%     -    0s
     0     0   42.76923    0   14   28.00000   42.76923  52.7%     -    0s
     0     0   42.76923    0   14   28.00000   42.76923  52.7%     -    0s
     0     2   42.76923    0   14   28.00000   42.76923  52.7%     -    0s

Cutting planes:
  Cover: 1

Explored 691 nodes (14401 simplex iterations) in 0.25 seconds (0.23 work units)
Thread count was 16 (of 16 available processors)

Solution count 6: 28 25 22 ... 10

Optimal solution found (tolerance 1.00e-04)
Best objective 2.800000000000e+01, best bound 2.800000000000e+01, gap 0.0000%

Wrote result file '/root/bgw/data/results/2026_03_24_13_36_51_set_vm-3-t1_vm-3-t1_s005_g003_max.sol'

