[2026-03-24T00:34:44.770Z] Pipeline "set_set_set_s009_g009" → 2026_03_24_00_34_44_set_set_set_s009_g009_max.sol
Set parameter WLSAccessID
Set parameter WLSSecret
Set parameter LicenseID to value 2792458
Set parameter LogFile to value "gurobi.log"
Using license file /root/gurobi.lic
Academic license 2792458 - for non-commercial use only - registered to an___@studenti.unipg.it

Gurobi Optimizer version 13.0.1 build v13.0.1rc0 (linux64 - "Ubuntu 24.04.4 LTS")
Copyright (c) 2026, Gurobi Optimization, LLC

Warning: Duplicate section found (read 'binary') - Is a variable name equal to an LP file format keyword?
Warning: Duplicate section found (read 'binary') - Is a variable name equal to an LP file format keyword?
Warning: Duplicate section found (read 'binary') - Is a variable name equal to an LP file format keyword?
Warning: Duplicate section found (read 'binary') - Is a variable name equal to an LP file format keyword?
Warning: Duplicate section found (read 'binary') - Is a variable name equal to an LP file format keyword?
Warning: Duplicate section found (read 'binary') - Is a variable name equal to an LP file format keyword?
Warning: Duplicate section found (read 'binary') - Is a variable name equal to an LP file format keyword?
Warning: Duplicate section found (read 'binary') - Is a variable name equal to an LP file format keyword?
Warning: Duplicate section found (read 'binary') - Is a variable name equal to an LP file format keyword?
Warning: Duplicate section found (read 'binary') - Is a variable name equal to an LP file format keyword?
Warning: Further warnings of this type will be omitted.
Read LP format model from file /root/bgw/data/uploads/2026_03_24_00_34_44_set_set_set_s009_g009_max.lp
Reading time = 0.00 seconds
: 1311 rows, 202 columns, 3594 nonzeros

Using Gurobi shared library /opt/gurobi1301/linux64/lib/libgurobi.so.13.0.1

CPU model: AMD EPYC-Genoa Processor, instruction set [SSE2|AVX|AVX2|AVX512]
Thread count: 16 physical cores, 16 logical processors, using up to 16 threads

Academic license 2792458 - for non-commercial use only - registered to an___@studenti.unipg.it
Optimize a model with 1311 rows, 202 columns and 3594 nonzeros (Max)
Model fingerprint: 0xf77c332c
Model has 29 linear objective coefficients
Variable types: 43 continuous, 159 integer (159 binary)
Coefficient statistics:
  Matrix range     [1e+00, 2e+01]
  Objective range  [1e+00, 1e+00]
  Bounds range     [1e+00, 1e+00]
  RHS range        [1e+00, 2e+01]

Found heuristic solution: objective 29.0000000
Presolve removed 518 rows and 73 columns
Presolve time: 0.00s
Presolved: 793 rows, 129 columns, 2500 nonzeros
Variable types: 0 continuous, 129 integer (118 binary)
Found heuristic solution: objective 43.0000000

Root relaxation: objective 1.340000e+02, 158 iterations, 0.01 seconds (0.00 work units)

    Nodes    |    Current Node    |     Objective Bounds      |     Work
 Expl Unexpl |  Obj  Depth IntInf | Incumbent    BestBd   Gap | It/Node Time

     0     0  134.00000    0   67   43.00000  134.00000   212%     -    0s
H    0     0                      45.0000000  134.00000   198%     -    0s
H    0     0                      46.0000000  134.00000   191%     -    0s
H    0     0                      60.0000000  134.00000   123%     -    0s
     0     0  134.00000    0   68   60.00000  134.00000   123%     -    0s
     0     0  134.00000    0   68   60.00000  134.00000   123%     -    0s
     0     0  134.00000    0   63   60.00000  134.00000   123%     -    0s
H    0     0                      61.0000000  134.00000   120%     -    0s
H    0     0                      64.0000000  134.00000   109%     -    0s
     0     0  134.00000    0   64   64.00000  134.00000   109%     -    0s
     0     0  134.00000    0   63   64.00000  134.00000   109%     -    0s
     0     0  134.00000    0   62   64.00000  134.00000   109%     -    0s
     0     0  134.00000    0   62   64.00000  134.00000   109%     -    0s
H    0     0                      65.0000000  134.00000   106%     -    0s
     0     0  134.00000    0   62   65.00000  134.00000   106%     -    0s
     0     0  134.00000    0   65   65.00000  134.00000   106%     -    0s
     0     0  134.00000    0   62   65.00000  134.00000   106%     -    0s
H    0     0                      66.0000000  134.00000   103%     -    0s
     0     0  134.00000    0   62   66.00000  134.00000   103%     -    0s
     0     0  134.00000    0   59   66.00000  134.00000   103%     -    0s
     0     0  133.83333    0   62   66.00000  133.83333   103%     -    0s
     0     0  133.83333    0   62   66.00000  133.83333   103%     -    0s
     0     0  133.50000    0   62   66.00000  133.50000   102%     -    0s
     0     0  133.50000    0   62   66.00000  133.50000   102%     -    0s
     0     2  133.00000    0   61   66.00000  133.00000   102%     -    0s
H   15    24                      67.0000000  133.00000  98.5%  64.7    0s
H  283   237                      68.0000000  133.00000  95.6%  39.2    0s
H  531   378                      70.0000000  133.00000  90.0%  36.9    0s
H 1645   945                      71.0000000  132.33333  86.4%  31.1    0s
 61751 14439   85.66667   36   43   71.00000   94.60000  33.2%  31.1    5s
 155296 22001     cutoff   43        71.00000   85.25000  20.1%  30.5   10s
 249384 15982 infeasible   37        71.00000   80.00000  12.7%  30.9   15s

Cutting planes:
  Inf proof: 2

Explored 305220 nodes (9572598 simplex iterations) in 18.90 seconds (32.01 work units)
Thread count was 16 (of 16 available processors)

Solution count 10: 71 70 68 ... 46

Optimal solution found (tolerance 1.00e-04)
Best objective 7.100000000000e+01, best bound 7.100000000000e+01, gap 0.0000%

Wrote result file '/root/bgw/data/results/2026_03_24_00_34_44_set_set_set_s009_g009_max.sol'

