[2026-03-23T13:35:45.434Z] Pipeline "set_exp_2_exp_2_n011_c003_g001" → 2026_03_23_13_35_45_set_exp_2_exp_2_n011_c003_g001_max.sol
Set parameter WLSAccessID
Set parameter WLSSecret
Set parameter LicenseID to value 2792458
Set parameter LogFile to value "gurobi.log"
Using license file /root/gurobi.lic
Academic license 2792458 - for non-commercial use only - registered to an___@studenti.unipg.it

Gurobi Optimizer version 13.0.1 build v13.0.1rc0 (linux64 - "Ubuntu 24.04.4 LTS")
Copyright (c) 2026, Gurobi Optimization, LLC

Warning: Duplicate section found (read 'binary') - Is a variable name equal to an LP file format keyword?
Warning: Duplicate section found (read 'binary') - Is a variable name equal to an LP file format keyword?
Warning: Duplicate section found (read 'binary') - Is a variable name equal to an LP file format keyword?
Warning: Duplicate section found (read 'binary') - Is a variable name equal to an LP file format keyword?
Warning: Duplicate section found (read 'binary') - Is a variable name equal to an LP file format keyword?
Warning: Duplicate section found (read 'binary') - Is a variable name equal to an LP file format keyword?
Warning: Duplicate section found (read 'binary') - Is a variable name equal to an LP file format keyword?
Warning: Duplicate section found (read 'binary') - Is a variable name equal to an LP file format keyword?
Warning: Duplicate section found (read 'binary') - Is a variable name equal to an LP file format keyword?
Warning: Duplicate section found (read 'binary') - Is a variable name equal to an LP file format keyword?
Warning: Further warnings of this type will be omitted.
Read LP format model from file /root/bgw/data/uploads/2026_03_23_13_35_45_set_exp_2_exp_2_n011_c003_g001_max.lp
Reading time = 0.00 seconds
: 484 rows, 102 columns, 1403 nonzeros

Using Gurobi shared library /opt/gurobi1301/linux64/lib/libgurobi.so.13.0.1

CPU model: AMD EPYC-Genoa Processor, instruction set [SSE2|AVX|AVX2|AVX512]
Thread count: 16 physical cores, 16 logical processors, using up to 16 threads

Academic license 2792458 - for non-commercial use only - registered to an___@studenti.unipg.it
Optimize a model with 484 rows, 102 columns and 1403 nonzeros (Max)
Model fingerprint: 0x578b71ec
Model has 3 linear objective coefficients
Variable types: 14 continuous, 88 integer (88 binary)
Coefficient statistics:
  Matrix range     [1e+00, 1e+01]
  Objective range  [1e+00, 1e+00]
  Bounds range     [1e+00, 1e+00]
  RHS range        [1e+00, 1e+01]

Found heuristic solution: objective 3.0000000
Presolve removed 129 rows and 31 columns
Presolve time: 0.00s
Presolved: 355 rows, 71 columns, 1121 nonzeros
Variable types: 0 continuous, 71 integer (64 binary)
Found heuristic solution: objective 4.0000000

Root relaxation: objective 1.200000e+01, 71 iterations, 0.00 seconds (0.00 work units)

    Nodes    |    Current Node    |     Objective Bounds      |     Work
 Expl Unexpl |  Obj  Depth IntInf | Incumbent    BestBd   Gap | It/Node Time

     0     0   12.00000    0   21    4.00000   12.00000   200%     -    0s
H    0     0                       6.0000000   12.00000   100%     -    0s
H    0     0                       8.0000000   12.00000  50.0%     -    0s
H    0     0                       9.0000000   12.00000  33.3%     -    0s
     0     0   12.00000    0   22    9.00000   12.00000  33.3%     -    0s
     0     0   12.00000    0   22    9.00000   12.00000  33.3%     -    0s
     0     0   12.00000    0   22    9.00000   12.00000  33.3%     -    0s
     0     0   12.00000    0   21    9.00000   12.00000  33.3%     -    0s
     0     0   12.00000    0   21    9.00000   12.00000  33.3%     -    0s
     0     0   11.95556    0   21    9.00000   11.95556  32.8%     -    0s
     0     0   11.88889    0   21    9.00000   11.88889  32.1%     -    0s
     0     0   11.88889    0   21    9.00000   11.88889  32.1%     -    0s
     0     0   11.88889    0   23    9.00000   11.88889  32.1%     -    0s
     0     0   11.44444    0   23    9.00000   11.44444  27.2%     -    0s
     0     0   11.44444    0   22    9.00000   11.44444  27.2%     -    0s
     0     0   11.00000    0   25    9.00000   11.00000  22.2%     -    0s
     0     0   11.00000    0   25    9.00000   11.00000  22.2%     -    0s
     0     0   11.00000    0   22    9.00000   11.00000  22.2%     -    0s
     0     0   11.00000    0   22    9.00000   11.00000  22.2%     -    0s
     0     0   11.00000    0   22    9.00000   11.00000  22.2%     -    0s
     0     2   11.00000    0   21    9.00000   11.00000  22.2%     -    0s

Cutting planes:
  Gomory: 3
  Lift-and-project: 1
  Cover: 2
  MIR: 1
  StrongCG: 1
  Inf proof: 1

Explored 298 nodes (6217 simplex iterations) in 0.16 seconds (0.08 work units)
Thread count was 16 (of 16 available processors)

Solution count 5: 9 8 6 ... 3

Optimal solution found (tolerance 1.00e-04)
Best objective 9.000000000000e+00, best bound 9.000000000000e+00, gap 0.0000%

Wrote result file '/root/bgw/data/results/2026_03_23_13_35_45_set_exp_2_exp_2_n011_c003_g001_max.sol'

