[2026-03-24T00:33:18.237Z] Pipeline "set_set_set_s000_g006" → 2026_03_24_00_33_18_set_set_set_s000_g006_max.sol
Set parameter WLSAccessID
Set parameter WLSSecret
Set parameter LicenseID to value 2792458
Set parameter LogFile to value "gurobi.log"
Using license file /root/gurobi.lic
Academic license 2792458 - for non-commercial use only - registered to an___@studenti.unipg.it

Gurobi Optimizer version 13.0.1 build v13.0.1rc0 (linux64 - "Ubuntu 24.04.4 LTS")
Copyright (c) 2026, Gurobi Optimization, LLC

Warning: Duplicate section found (read 'binary') - Is a variable name equal to an LP file format keyword?
Warning: Duplicate section found (read 'binary') - Is a variable name equal to an LP file format keyword?
Warning: Duplicate section found (read 'binary') - Is a variable name equal to an LP file format keyword?
Warning: Duplicate section found (read 'binary') - Is a variable name equal to an LP file format keyword?
Warning: Duplicate section found (read 'binary') - Is a variable name equal to an LP file format keyword?
Warning: Duplicate section found (read 'binary') - Is a variable name equal to an LP file format keyword?
Warning: Duplicate section found (read 'binary') - Is a variable name equal to an LP file format keyword?
Warning: Duplicate section found (read 'binary') - Is a variable name equal to an LP file format keyword?
Warning: Duplicate section found (read 'binary') - Is a variable name equal to an LP file format keyword?
Warning: Duplicate section found (read 'binary') - Is a variable name equal to an LP file format keyword?
Warning: Further warnings of this type will be omitted.
Read LP format model from file /root/bgw/data/uploads/2026_03_24_00_33_18_set_set_set_s000_g006_max.lp
Reading time = 0.00 seconds
: 130 rows, 34 columns, 319 nonzeros

Using Gurobi shared library /opt/gurobi1301/linux64/lib/libgurobi.so.13.0.1

CPU model: AMD EPYC-Genoa Processor, instruction set [SSE2|AVX|AVX2|AVX512]
Thread count: 16 physical cores, 16 logical processors, using up to 16 threads

Academic license 2792458 - for non-commercial use only - registered to an___@studenti.unipg.it
Optimize a model with 130 rows, 34 columns and 319 nonzeros (Max)
Model fingerprint: 0xbe2e4916
Model has 9 linear objective coefficients
Variable types: 14 continuous, 20 integer (20 binary)
Coefficient statistics:
  Matrix range     [1e+00, 6e+00]
  Objective range  [1e+00, 1e+00]
  Bounds range     [1e+00, 1e+00]
  RHS range        [1e+00, 7e+00]

Found heuristic solution: objective 9.0000000
Presolve removed 87 rows and 10 columns
Presolve time: 0.00s
Presolved: 43 rows, 24 columns, 139 nonzeros
Variable types: 0 continuous, 24 integer (19 binary)
Found heuristic solution: objective 23.0000000

Root relaxation: objective 4.200000e+01, 17 iterations, 0.00 seconds (0.00 work units)

    Nodes    |    Current Node    |     Objective Bounds      |     Work
 Expl Unexpl |  Obj  Depth IntInf | Incumbent    BestBd   Gap | It/Node Time

     0     0   42.00000    0    8   23.00000   42.00000  82.6%     -    0s
H    0     0                      25.0000000   42.00000  68.0%     -    0s
     0     0   42.00000    0   14   25.00000   42.00000  68.0%     -    0s
     0     0   39.00000    0   13   25.00000   39.00000  56.0%     -    0s
     0     0   39.00000    0    9   25.00000   39.00000  56.0%     -    0s
     0     0   35.46667    0    7   25.00000   35.46667  41.9%     -    0s
     0     0   34.77778    0   15   25.00000   34.77778  39.1%     -    0s
     0     0   34.77778    0   14   25.00000   34.77778  39.1%     -    0s
     0     0   33.00000    0   14   25.00000   33.00000  32.0%     -    0s
     0     0   33.00000    0   14   25.00000   33.00000  32.0%     -    0s
     0     0   33.00000    0    7   25.00000   33.00000  32.0%     -    0s
     0     0   31.33333    0    9   25.00000   31.33333  25.3%     -    0s
     0     0   31.00000    0   14   25.00000   31.00000  24.0%     -    0s
     0     0   31.00000    0   14   25.00000   31.00000  24.0%     -    0s
     0     0   31.00000    0   14   25.00000   31.00000  24.0%     -    0s
     0     0   31.00000    0   14   25.00000   31.00000  24.0%     -    0s
     0     2   31.00000    0    8   25.00000   31.00000  24.0%     -    0s

Cutting planes:
  Gomory: 9
  Cover: 2
  MIR: 5
  Zero half: 3

Explored 361 nodes (1203 simplex iterations) in 0.06 seconds (0.01 work units)
Thread count was 16 (of 16 available processors)

Solution count 3: 25 23 9 

Optimal solution found (tolerance 1.00e-04)
Best objective 2.500000000000e+01, best bound 2.500000000000e+01, gap 0.0000%

Wrote result file '/root/bgw/data/results/2026_03_24_00_33_18_set_set_set_s000_g006_max.sol'

