[2026-03-24T15:25:02.419Z] Pipeline "set_vm-3-t1_vm-3-t1_s024_g002" → 2026_03_24_15_25_02_set_vm-3-t1_vm-3-t1_s024_g002_max.sol
Set parameter Username
Set parameter LicenseID to value 2796068
Set parameter LogFile to value "gurobi.log"
Using license file /opt/gurobi/gurobi.lic
Academic license - for non-commercial use only - expires 2027-03-23

Gurobi Optimizer version 13.0.1 build v13.0.1rc0 (linux64 - "Ubuntu 24.04.4 LTS")
Copyright (c) 2026, Gurobi Optimization, LLC

Warning: Duplicate section found (read 'binary') - Is a variable name equal to an LP file format keyword?
Warning: Duplicate section found (read 'binary') - Is a variable name equal to an LP file format keyword?
Warning: Duplicate section found (read 'binary') - Is a variable name equal to an LP file format keyword?
Warning: Duplicate section found (read 'binary') - Is a variable name equal to an LP file format keyword?
Warning: Duplicate section found (read 'binary') - Is a variable name equal to an LP file format keyword?
Warning: Duplicate section found (read 'binary') - Is a variable name equal to an LP file format keyword?
Warning: Duplicate section found (read 'binary') - Is a variable name equal to an LP file format keyword?
Warning: Duplicate section found (read 'binary') - Is a variable name equal to an LP file format keyword?
Warning: Duplicate section found (read 'binary') - Is a variable name equal to an LP file format keyword?
Warning: Duplicate section found (read 'binary') - Is a variable name equal to an LP file format keyword?
Warning: Further warnings of this type will be omitted.
Read LP format model from file /root/bgw/data/uploads/2026_03_24_15_25_02_set_vm-3-t1_vm-3-t1_s024_g002_max.lp
Reading time = 0.01 seconds
: 12582 rows, 712 columns, 38328 nonzeros

Using Gurobi shared library /opt/gurobi1301/linux64/lib/libgurobi.so.13.0.1

CPU model: AMD EPYC-Genoa Processor, instruction set [SSE2|AVX|AVX2|AVX512]
Thread count: 16 physical cores, 16 logical processors, using up to 16 threads

Optimize a model with 12582 rows, 712 columns and 38328 nonzeros (Max)
Model fingerprint: 0xa3eabd6e
Model has 32 linear objective coefficients
Variable types: 66 continuous, 646 integer (646 binary)
Coefficient statistics:
  Matrix range     [1e+00, 4e+01]
  Objective range  [1e+00, 1e+00]
  Bounds range     [1e+00, 1e+00]
  RHS range        [1e+00, 4e+01]

Found heuristic solution: objective 32.0000000
Presolve removed 568 rows and 124 columns
Presolve time: 0.05s
Presolved: 12014 rows, 588 columns, 36290 nonzeros
Variable types: 0 continuous, 588 integer (580 binary)
Found heuristic solution: objective 39.0000000

Root relaxation: objective 1.720000e+02, 355 iterations, 0.03 seconds (0.04 work units)

    Nodes    |    Current Node    |     Objective Bounds      |     Work
 Expl Unexpl |  Obj  Depth IntInf | Incumbent    BestBd   Gap | It/Node Time

     0     0  172.00000    0   41   39.00000  172.00000   341%     -    0s
H    0     0                      53.0000000  172.00000   225%     -    0s
H    0     0                      67.0000000  172.00000   157%     -    0s
H    0     0                      74.0000000  172.00000   132%     -    0s
H    0     0                      81.0000000  172.00000   112%     -    0s
     0     0  172.00000    0   39   81.00000  172.00000   112%     -    0s
     0     0  172.00000    0   39   81.00000  172.00000   112%     -    0s
H    0     0                      88.0000000  172.00000  95.5%     -    0s
     0     0  172.00000    0   40   88.00000  172.00000  95.5%     -    0s
     0     0  172.00000    0   27   88.00000  172.00000  95.5%     -    0s
     0     0  172.00000    0   36   88.00000  172.00000  95.5%     -    0s
     0     0  172.00000    0   33   88.00000  172.00000  95.5%     -    0s
     0     0  172.00000    0   37   88.00000  172.00000  95.5%     -    0s
     0     0  172.00000    0   30   88.00000  172.00000  95.5%     -    0s
     0     0  165.00000    0   38   88.00000  165.00000  87.5%     -    0s
     0     0  165.00000    0   32   88.00000  165.00000  87.5%     -    0s
     0     0  165.00000    0   45   88.00000  165.00000  87.5%     -    0s
     0     0  165.00000    0   35   88.00000  165.00000  87.5%     -    0s
     0     0  165.00000    0   34   88.00000  165.00000  87.5%     -    1s
     0     0  165.00000    0   32   88.00000  165.00000  87.5%     -    1s
     0     0  165.00000    0   32   88.00000  165.00000  87.5%     -    1s
     0     0  165.00000    0   27   88.00000  165.00000  87.5%     -    1s
     0     2  165.00000    0   27   88.00000  165.00000  87.5%     -    1s
  1771   684  102.00000   15   84   88.00000  159.23958  81.0%   180    5s
  4062  1251     cutoff   17        88.00000  147.82813  68.0%   217   10s
  6125  1549  138.45833   13  142   88.00000  138.45833  57.3%   230   15s
  7230  1593  129.16875   23   64   88.00000  138.45833  57.3%   234   20s
  9407  1394 infeasible   31        88.00000  138.45833  57.3%   228   25s
 12521  1417     cutoff   29        88.00000  136.34375  54.9%   225   30s
 15701  1751  116.00000   21   29   88.00000  129.47964  47.1%   223   35s
 19630  1948  107.67984   29  182   88.00000  123.00000  39.8%   220   40s
 24552  1659  102.00000   33   21   88.00000  116.00000  31.8%   218   45s
 28133  1114  101.87500   29   17   88.00000  115.34375  31.1%   218   50s
 32895     0 infeasible   27        88.00000  102.00000  15.9%   220   55s

Cutting planes:
  Inf proof: 11

Explored 33462 nodes (7384969 simplex iterations) in 55.75 seconds (141.18 work units)
Thread count was 16 (of 16 available processors)

Solution count 10: 88 88 88 ... 32

Optimal solution found (tolerance 1.00e-04)
Best objective 8.800000000000e+01, best bound 8.800000000000e+01, gap 0.0000%

Wrote result file '/root/bgw/data/results/2026_03_24_15_25_02_set_vm-3-t1_vm-3-t1_s024_g002_max.sol'

