[2026-03-23T15:59:49.495Z] Pipeline "set_exp_3_exp_3_n020_c002_g005" → 2026_03_23_15_59_49_set_exp_3_exp_3_n020_c002_g005_max.sol
Set parameter WLSAccessID
Set parameter WLSSecret
Set parameter LicenseID to value 2792458
Set parameter LogFile to value "gurobi.log"
Using license file /root/gurobi.lic
Academic license 2792458 - for non-commercial use only - registered to an___@studenti.unipg.it

Gurobi Optimizer version 13.0.1 build v13.0.1rc0 (linux64 - "Ubuntu 24.04.4 LTS")
Copyright (c) 2026, Gurobi Optimization, LLC

Warning: Duplicate section found (read 'binary') - Is a variable name equal to an LP file format keyword?
Warning: Duplicate section found (read 'binary') - Is a variable name equal to an LP file format keyword?
Warning: Duplicate section found (read 'binary') - Is a variable name equal to an LP file format keyword?
Warning: Duplicate section found (read 'binary') - Is a variable name equal to an LP file format keyword?
Warning: Duplicate section found (read 'binary') - Is a variable name equal to an LP file format keyword?
Warning: Duplicate section found (read 'binary') - Is a variable name equal to an LP file format keyword?
Warning: Duplicate section found (read 'binary') - Is a variable name equal to an LP file format keyword?
Warning: Duplicate section found (read 'binary') - Is a variable name equal to an LP file format keyword?
Warning: Duplicate section found (read 'binary') - Is a variable name equal to an LP file format keyword?
Warning: Duplicate section found (read 'binary') - Is a variable name equal to an LP file format keyword?
Warning: Further warnings of this type will be omitted.
Read LP format model from file /root/bgw/data/uploads/2026_03_23_15_59_49_set_exp_3_exp_3_n020_c002_g005_max.lp
Reading time = 0.01 seconds
: 2706 rows, 297 columns, 8067 nonzeros

Using Gurobi shared library /opt/gurobi1301/linux64/lib/libgurobi.so.13.0.1

CPU model: AMD EPYC-Genoa Processor, instruction set [SSE2|AVX|AVX2|AVX512]
Thread count: 16 physical cores, 16 logical processors, using up to 16 threads

Academic license 2792458 - for non-commercial use only - registered to an___@studenti.unipg.it
Optimize a model with 2706 rows, 297 columns and 8067 nonzeros (Max)
Model fingerprint: 0x6d1bbc6e
Model has 6 linear objective coefficients
Variable types: 26 continuous, 271 integer (271 binary)
Coefficient statistics:
  Matrix range     [1e+00, 2e+01]
  Objective range  [1e+00, 1e+00]
  Bounds range     [1e+00, 1e+00]
  RHS range        [1e+00, 2e+01]

Found heuristic solution: objective 6.0000000
Presolve removed 405 rows and 94 columns
Presolve time: 0.02s
Presolved: 2301 rows, 203 columns, 6988 nonzeros
Variable types: 0 continuous, 203 integer (198 binary)

Root relaxation: objective 2.700000e+01, 56 iterations, 0.01 seconds (0.00 work units)

    Nodes    |    Current Node    |     Objective Bounds      |     Work
 Expl Unexpl |  Obj  Depth IntInf | Incumbent    BestBd   Gap | It/Node Time

     0     0   27.00000    0   14    6.00000   27.00000   350%     -    0s
H    0     0                      15.0000000   27.00000  80.0%     -    0s
H    0     0                      16.0000000   27.00000  68.8%     -    0s
     0     0   27.00000    0   15   16.00000   27.00000  68.8%     -    0s
H    0     0                      17.0000000   27.00000  58.8%     -    0s
     0     0   27.00000    0   16   17.00000   27.00000  58.8%     -    0s
     0     0   27.00000    0   14   17.00000   27.00000  58.8%     -    0s
     0     0   27.00000    0   13   17.00000   27.00000  58.8%     -    0s
     0     0   24.00000    0   14   17.00000   24.00000  41.2%     -    0s
     0     0   24.00000    0   12   17.00000   24.00000  41.2%     -    0s
     0     0   24.00000    0   13   17.00000   24.00000  41.2%     -    0s
     0     0   24.00000    0   12   17.00000   24.00000  41.2%     -    0s
     0     0   23.33333    0   14   17.00000   23.33333  37.3%     -    0s
     0     0   23.33333    0   14   17.00000   23.33333  37.3%     -    0s
     0     0   23.00000    0   13   17.00000   23.00000  35.3%     -    0s
     0     0   23.00000    0   13   17.00000   23.00000  35.3%     -    0s
     0     0   22.66667    0   15   17.00000   22.66667  33.3%     -    0s
     0     0   22.66667    0    8   17.00000   22.66667  33.3%     -    0s
     0     0   22.00000    0   13   17.00000   22.00000  29.4%     -    0s
     0     0   22.00000    0   12   17.00000   22.00000  29.4%     -    0s
     0     0   22.00000    0   12   17.00000   22.00000  29.4%     -    0s
     0     0   22.00000    0   12   17.00000   22.00000  29.4%     -    0s
     0     2   22.00000    0   12   17.00000   22.00000  29.4%     -    0s

Cutting planes:
  Cover: 3
  Inf proof: 2
  Zero half: 1

Explored 271 nodes (9278 simplex iterations) in 0.34 seconds (0.27 work units)
Thread count was 16 (of 16 available processors)

Solution count 4: 17 16 15 6 

Optimal solution found (tolerance 1.00e-04)
Best objective 1.700000000000e+01, best bound 1.700000000000e+01, gap 0.0000%

Wrote result file '/root/bgw/data/results/2026_03_23_15_59_49_set_exp_3_exp_3_n020_c002_g005_max.sol'

