[2026-03-24T13:37:17.961Z] Pipeline "set_vm-3-t1_vm-3-t1_s009_g001" → 2026_03_24_13_37_17_set_vm-3-t1_vm-3-t1_s009_g001_max.sol
Set parameter Username
Set parameter LicenseID to value 2796068
Set parameter LogFile to value "gurobi.log"
Using license file /opt/gurobi/gurobi.lic
Academic license - for non-commercial use only - expires 2027-03-23

Gurobi Optimizer version 13.0.1 build v13.0.1rc0 (linux64 - "Ubuntu 24.04.4 LTS")
Copyright (c) 2026, Gurobi Optimization, LLC

Warning: Duplicate section found (read 'binary') - Is a variable name equal to an LP file format keyword?
Warning: Duplicate section found (read 'binary') - Is a variable name equal to an LP file format keyword?
Warning: Duplicate section found (read 'binary') - Is a variable name equal to an LP file format keyword?
Warning: Duplicate section found (read 'binary') - Is a variable name equal to an LP file format keyword?
Warning: Duplicate section found (read 'binary') - Is a variable name equal to an LP file format keyword?
Warning: Duplicate section found (read 'binary') - Is a variable name equal to an LP file format keyword?
Warning: Duplicate section found (read 'binary') - Is a variable name equal to an LP file format keyword?
Warning: Duplicate section found (read 'binary') - Is a variable name equal to an LP file format keyword?
Warning: Duplicate section found (read 'binary') - Is a variable name equal to an LP file format keyword?
Warning: Duplicate section found (read 'binary') - Is a variable name equal to an LP file format keyword?
Warning: Further warnings of this type will be omitted.
Read LP format model from file /root/bgw/data/uploads/2026_03_24_13_37_17_set_vm-3-t1_vm-3-t1_s009_g001_max.lp
Reading time = 0.00 seconds
: 2328 rows, 263 columns, 6988 nonzeros

Using Gurobi shared library /opt/gurobi1301/linux64/lib/libgurobi.so.13.0.1

CPU model: AMD EPYC-Genoa Processor, instruction set [SSE2|AVX|AVX2|AVX512]
Thread count: 16 physical cores, 16 logical processors, using up to 16 threads

Optimize a model with 2328 rows, 263 columns and 6988 nonzeros (Max)
Model fingerprint: 0xe0dcfc5e
Model has 23 linear objective coefficients
Variable types: 42 continuous, 221 integer (221 binary)
Coefficient statistics:
  Matrix range     [1e+00, 2e+01]
  Objective range  [1e+00, 1e+00]
  Bounds range     [1e+00, 1e+00]
  RHS range        [1e+00, 2e+01]

Found heuristic solution: objective 23.0000000
Presolve removed 343 rows and 64 columns
Presolve time: 0.01s
Presolved: 1985 rows, 199 columns, 6099 nonzeros
Variable types: 0 continuous, 199 integer (190 binary)
Found heuristic solution: objective 30.0000000

Root relaxation: objective 1.170000e+02, 260 iterations, 0.01 seconds (0.01 work units)

    Nodes    |    Current Node    |     Objective Bounds      |     Work
 Expl Unexpl |  Obj  Depth IntInf | Incumbent    BestBd   Gap | It/Node Time

     0     0  117.00000    0   32   30.00000  117.00000   290%     -    0s
H    0     0                      48.0000000  117.00000   144%     -    0s
H    0     0                      52.0000000  117.00000   125%     -    0s
     0     0  117.00000    0   52   52.00000  117.00000   125%     -    0s
H    0     0                      53.0000000  117.00000   121%     -    0s
H    0     0                      54.0000000  117.00000   117%     -    0s
     0     0  117.00000    0   47   54.00000  117.00000   117%     -    0s
     0     0  117.00000    0   40   54.00000  117.00000   117%     -    0s
     0     0  117.00000    0   44   54.00000  117.00000   117%     -    0s
     0     0  117.00000    0   42   54.00000  117.00000   117%     -    0s
H    0     0                      58.0000000  117.00000   102%     -    0s
     0     0  117.00000    0   42   58.00000  117.00000   102%     -    0s
     0     0  117.00000    0   42   58.00000  117.00000   102%     -    0s
H    0     0                      61.0000000  117.00000  91.8%     -    0s
     0     0  116.64706    0   44   61.00000  116.64706  91.2%     -    0s
     0     0  116.64706    0   31   61.00000  116.64706  91.2%     -    0s
     0     0  116.00000    0   42   61.00000  116.00000  90.2%     -    0s
     0     0  116.00000    0   42   61.00000  116.00000  90.2%     -    0s
     0     0  116.00000    0   42   61.00000  116.00000  90.2%     -    0s
     0     0  116.00000    0   42   61.00000  116.00000  90.2%     -    0s
H    0     0                      62.0000000  116.00000  87.1%     -    0s
     0     2  116.00000    0   41   62.00000  116.00000  87.1%     -    0s
H  571   394                      63.0000000  116.00000  84.1%  66.3    0s

Cutting planes:
  Inf proof: 5

Explored 18403 nodes (1091826 simplex iterations) in 4.03 seconds (7.78 work units)
Thread count was 16 (of 16 available processors)

Solution count 10: 63 63 63 ... 52

Optimal solution found (tolerance 1.00e-04)
Best objective 6.300000000000e+01, best bound 6.300000000000e+01, gap 0.0000%

Wrote result file '/root/bgw/data/results/2026_03_24_13_37_17_set_vm-3-t1_vm-3-t1_s009_g001_max.sol'

