[2026-03-24T00:34:24.489Z] Pipeline "set_set_set_s008_g008" → 2026_03_24_00_34_24_set_set_set_s008_g008_max.sol
Set parameter WLSAccessID
Set parameter WLSSecret
Set parameter LicenseID to value 2792458
Set parameter LogFile to value "gurobi.log"
Using license file /root/gurobi.lic
Academic license 2792458 - for non-commercial use only - registered to an___@studenti.unipg.it

Gurobi Optimizer version 13.0.1 build v13.0.1rc0 (linux64 - "Ubuntu 24.04.4 LTS")
Copyright (c) 2026, Gurobi Optimization, LLC

Warning: Duplicate section found (read 'binary') - Is a variable name equal to an LP file format keyword?
Warning: Duplicate section found (read 'binary') - Is a variable name equal to an LP file format keyword?
Warning: Duplicate section found (read 'binary') - Is a variable name equal to an LP file format keyword?
Warning: Duplicate section found (read 'binary') - Is a variable name equal to an LP file format keyword?
Warning: Duplicate section found (read 'binary') - Is a variable name equal to an LP file format keyword?
Warning: Duplicate section found (read 'binary') - Is a variable name equal to an LP file format keyword?
Warning: Duplicate section found (read 'binary') - Is a variable name equal to an LP file format keyword?
Warning: Duplicate section found (read 'binary') - Is a variable name equal to an LP file format keyword?
Warning: Duplicate section found (read 'binary') - Is a variable name equal to an LP file format keyword?
Warning: Duplicate section found (read 'binary') - Is a variable name equal to an LP file format keyword?
Warning: Further warnings of this type will be omitted.
Read LP format model from file /root/bgw/data/uploads/2026_03_24_00_34_24_set_set_set_s008_g008_max.lp
Reading time = 0.00 seconds
: 997 rows, 166 columns, 2761 nonzeros

Using Gurobi shared library /opt/gurobi1301/linux64/lib/libgurobi.so.13.0.1

CPU model: AMD EPYC-Genoa Processor, instruction set [SSE2|AVX|AVX2|AVX512]
Thread count: 16 physical cores, 16 logical processors, using up to 16 threads

Academic license 2792458 - for non-commercial use only - registered to an___@studenti.unipg.it
Optimize a model with 997 rows, 166 columns and 2761 nonzeros (Max)
Model fingerprint: 0x49ba37e7
Model has 20 linear objective coefficients
Variable types: 33 continuous, 133 integer (133 binary)
Coefficient statistics:
  Matrix range     [1e+00, 1e+01]
  Objective range  [1e+00, 1e+00]
  Bounds range     [1e+00, 1e+00]
  RHS range        [1e+00, 2e+01]

Found heuristic solution: objective 20.0000000
Presolve removed 370 rows and 55 columns
Presolve time: 0.00s
Presolved: 627 rows, 111 columns, 1991 nonzeros
Variable types: 0 continuous, 111 integer (100 binary)
Found heuristic solution: objective 27.0000000

Root relaxation: objective 9.200000e+01, 123 iterations, 0.00 seconds (0.00 work units)

    Nodes    |    Current Node    |     Objective Bounds      |     Work
 Expl Unexpl |  Obj  Depth IntInf | Incumbent    BestBd   Gap | It/Node Time

     0     0   92.00000    0   61   27.00000   92.00000   241%     -    0s
H    0     0                      41.0000000   92.00000   124%     -    0s
H    0     0                      42.0000000   92.00000   119%     -    0s
     0     0   92.00000    0   65   42.00000   92.00000   119%     -    0s
     0     0   92.00000    0   63   42.00000   92.00000   119%     -    0s
     0     0   92.00000    0   63   42.00000   92.00000   119%     -    0s
H    0     0                      43.0000000   92.00000   114%     -    0s
     0     0   92.00000    0   63   43.00000   92.00000   114%     -    0s
     0     0   92.00000    0   63   43.00000   92.00000   114%     -    0s
     0     0   92.00000    0   61   43.00000   92.00000   114%     -    0s
H    0     0                      45.0000000   92.00000   104%     -    0s
     0     0   92.00000    0   63   45.00000   92.00000   104%     -    0s
     0     0   92.00000    0   55   45.00000   92.00000   104%     -    0s
H    0     0                      46.0000000   92.00000   100%     -    0s
     0     0   92.00000    0   63   46.00000   92.00000   100%     -    0s
     0     0   92.00000    0   63   46.00000   92.00000   100%     -    0s
H    0     0                      50.0000000   92.00000  84.0%     -    0s
     0     0   92.00000    0   63   50.00000   92.00000  84.0%     -    0s
     0     0   92.00000    0   63   50.00000   92.00000  84.0%     -    0s
     0     0   92.00000    0   61   50.00000   92.00000  84.0%     -    0s
     0     0   92.00000    0   61   50.00000   92.00000  84.0%     -    0s
     0     0   92.00000    0   61   50.00000   92.00000  84.0%     -    0s
     0     2   92.00000    0   61   50.00000   92.00000  84.0%     -    0s
H   18    26                      51.0000000   92.00000  80.4%  58.1    0s
H   46   104                      52.0000000   92.00000  76.9%  47.0    0s

Cutting planes:
  Cover: 2
  Inf proof: 3

Explored 26905 nodes (665588 simplex iterations) in 2.54 seconds (3.48 work units)
Thread count was 16 (of 16 available processors)

Solution count 10: 52 51 50 ... 20

Optimal solution found (tolerance 1.00e-04)
Best objective 5.200000000000e+01, best bound 5.200000000000e+01, gap 0.0000%

Wrote result file '/root/bgw/data/results/2026_03_24_00_34_24_set_set_set_s008_g008_max.sol'

