[2026-03-24T13:08:51.962Z] Pipeline "set_big_5_8_big_5_8_s004_g005" → 2026_03_24_13_08_51_set_big_5_8_big_5_8_s004_g005_max.sol
Set parameter WLSAccessID
Set parameter WLSSecret
Set parameter LicenseID to value 2792458
Set parameter LogFile to value "gurobi.log"
Using license file /root/gurobi.lic
Academic license 2792458 - for non-commercial use only - registered to an___@studenti.unipg.it

Gurobi Optimizer version 13.0.1 build v13.0.1rc0 (linux64 - "Ubuntu 24.04.4 LTS")
Copyright (c) 2026, Gurobi Optimization, LLC

Warning: Duplicate section found (read 'binary') - Is a variable name equal to an LP file format keyword?
Warning: Duplicate section found (read 'binary') - Is a variable name equal to an LP file format keyword?
Warning: Duplicate section found (read 'binary') - Is a variable name equal to an LP file format keyword?
Warning: Duplicate section found (read 'binary') - Is a variable name equal to an LP file format keyword?
Warning: Duplicate section found (read 'binary') - Is a variable name equal to an LP file format keyword?
Warning: Duplicate section found (read 'binary') - Is a variable name equal to an LP file format keyword?
Warning: Duplicate section found (read 'binary') - Is a variable name equal to an LP file format keyword?
Warning: Duplicate section found (read 'binary') - Is a variable name equal to an LP file format keyword?
Warning: Duplicate section found (read 'binary') - Is a variable name equal to an LP file format keyword?
Warning: Duplicate section found (read 'binary') - Is a variable name equal to an LP file format keyword?
Warning: Further warnings of this type will be omitted.
Read LP format model from file /root/bgw/data/uploads/2026_03_24_13_08_51_set_big_5_8_big_5_8_s004_g005_max.lp
Reading time = 0.01 seconds
: 7477 rows, 587 columns, 22602 nonzeros

Using Gurobi shared library /opt/gurobi1301/linux64/lib/libgurobi.so.13.0.1

CPU model: AMD EPYC-Genoa Processor, instruction set [SSE2|AVX|AVX2|AVX512]
Thread count: 16 physical cores, 16 logical processors, using up to 16 threads

Academic license 2792458 - for non-commercial use only - registered to an___@studenti.unipg.it
Optimize a model with 7477 rows, 587 columns and 22602 nonzeros (Max)
Model fingerprint: 0xdc827e06
Model has 85 linear objective coefficients
Variable types: 113 continuous, 474 integer (474 binary)
Coefficient statistics:
  Matrix range     [1e+00, 3e+01]
  Objective range  [1e+00, 1e+00]
  Bounds range     [1e+00, 1e+00]
  RHS range        [1e+00, 3e+01]

Found heuristic solution: objective 85.0000000
Presolve removed 849 rows and 165 columns
Presolve time: 0.02s
Presolved: 6628 rows, 422 columns, 20184 nonzeros
Variable types: 0 continuous, 422 integer (410 binary)
Found heuristic solution: objective 115.0000000

Root relaxation: objective 5.380000e+02, 406 iterations, 0.03 seconds (0.04 work units)

    Nodes    |    Current Node    |     Objective Bounds      |     Work
 Expl Unexpl |  Obj  Depth IntInf | Incumbent    BestBd   Gap | It/Node Time

     0     0  538.00000    0   90  115.00000  538.00000   368%     -    0s
H    0     0                     130.0000000  538.00000   314%     -    0s
H    0     0                     176.0000000  538.00000   206%     -    0s
H    0     0                     191.0000000  538.00000   182%     -    0s
     0     0  538.00000    0   92  191.00000  538.00000   182%     -    0s
H    0     0                     206.0000000  538.00000   161%     -    0s
     0     0  538.00000    0   88  206.00000  538.00000   161%     -    0s
     0     0  538.00000    0   70  206.00000  538.00000   161%     -    0s
H    0     0                     220.0000000  538.00000   145%     -    0s
H    0     0                     221.0000000  538.00000   143%     -    0s
     0     0  538.00000    0   68  221.00000  538.00000   143%     -    0s
     0     0  538.00000    0   68  221.00000  538.00000   143%     -    0s
     0     0  538.00000    0   68  221.00000  538.00000   143%     -    0s
     0     0  538.00000    0   68  221.00000  538.00000   143%     -    0s
H    0     0                     222.0000000  538.00000   142%     -    0s
     0     0  538.00000    0   67  222.00000  538.00000   142%     -    0s
     0     0  538.00000    0   67  222.00000  538.00000   142%     -    0s
     0     0  538.00000    0   69  222.00000  538.00000   142%     -    0s
     0     0  538.00000    0   69  222.00000  538.00000   142%     -    0s
     0     0  538.00000    0   73  222.00000  538.00000   142%     -    0s
     0     0  538.00000    0   72  222.00000  538.00000   142%     -    0s
     0     0  538.00000    0   72  222.00000  538.00000   142%     -    0s
     0     0  538.00000    0   72  222.00000  538.00000   142%     -    0s
     0     2  538.00000    0   72  222.00000  538.00000   142%     -    0s
H   19    30                     236.0000000  538.00000   128%   262    0s
H   30    30                     237.0000000  538.00000   127%   260    0s
  2937  1701  498.80769   11  108  237.00000  522.42308   120%   140    5s
  4698  2150  283.00000   38   67  237.00000  510.69231   115%   150   10s
 10588  3660  412.68407   27  215  237.00000  457.80769  93.2%   158   15s
 14734  5495  353.15670   32  163  237.00000  441.73134  86.4%   163   20s
 20759  7611  426.61493   33   70  237.00000  426.61493  80.0%   162   25s
 24163  8393  417.53846   43   75  237.00000  426.61493  80.0%   163   30s
 30065  9304  252.21795   61   24  237.00000  426.61493  80.0%   164   35s
 37157 10678 infeasible   40       237.00000  426.61493  80.0%   167   40s
 44828 12200  295.69231   53   51  237.00000  426.61493  80.0%   169   45s
 52701 16088  341.23077   49   41  237.00000  426.61493  80.0%   170   50s
 59498 19370  292.20769   56   67  237.00000  426.61493  80.0%   171   55s
 62887 20926  296.34615   53  122  237.00000  426.61493  80.0%   170   61s
 67289 22801  326.56130   48   67  237.00000  426.61493  80.0%   170   65s
 76223 26939  266.15385   56   68  237.00000  426.61493  80.0%   172   70s
 82522 29891 infeasible   58       237.00000  426.61493  80.0%   173   75s
 91099 33493  312.82692   54   52  237.00000  417.13462  76.0%   172   80s
 98812 37026 infeasible   58       237.00000  415.84615  75.5%   173   85s
 106795 40719  296.55769   53   91  237.00000  414.55128  74.9%   174   90s
 114502 44034  369.44872   46   92  237.00000  412.80769  74.2%   175   96s
 121206 46963  251.91667   56   47  237.00000  411.07692  73.5%   175  100s
 129811 50361  351.94231   43   93  237.00000  402.30769  69.8%   175  105s
 136488 53580  340.28462   49  103  237.00000  401.48077  69.4%   176  110s
 144662 57384  280.34615   58   49  237.00000  400.64103  69.0%   177  115s
 152847 60928  296.98104   54   96  237.00000  399.61813  68.6%   178  120s
 159077 63630  291.23077   58   79  237.00000  398.83462  68.3%   178  125s
 167038 66657  250.84615   58   39  237.00000  397.61538  67.8%   179  130s
 175071 69861  298.00000   50   46  237.00000  396.07692  67.1%   178  135s
 183063 72622  357.52000   47   71  237.00000  387.88055  63.7%   178  140s
 188418 75103  282.58791   53   53  237.00000  387.25000  63.4%   179  145s
 194721 78034  252.86923   59   78  237.00000  386.75275  63.2%   180  150s
 202539 81498  251.84615   56   40  237.00000  386.07692  62.9%   181  155s
 209361 84346 infeasible   49       237.00000  385.69231  62.7%   181  160s
 217615 87555  298.00000   51   77  237.00000  384.92308  62.4%   182  165s
 225521 90773     cutoff   59       237.00000  384.25442  62.1%   182  171s
 232143 93411  351.67269   49   73  237.00000  383.63462  61.9%   182  175s
 240541 96108  238.00000   62   51  237.00000  382.73077  61.5%   182  180s
 247672 98504  251.99038   58   74  237.00000  381.56923  61.0%   182  185s
 256440 100666  313.00000   52   73  237.00000  378.60440  59.7%   181  190s
 263642 104023  267.07692   56   69  237.00000  372.73077  57.3%   181  195s
 268604 106290  249.84615   63   57  237.00000  372.34615  57.1%   182  200s
 276795 109980  252.71154   54   59  237.00000  371.76667  56.9%   182  206s
 283551 112725  265.64231   56   46  237.00000  371.33077  56.7%   183  210s
 291595 115923 infeasible   57       237.00000  370.98077  56.5%   183  216s
 298031 118798  283.00000   54   41  237.00000  370.69231  56.4%   184  221s
 304513 121147  252.76625   56   56  237.00000  370.31731  56.3%   184  225s
 311516 123750  266.00641   61   39  237.00000  370.00321  56.1%   184  230s
 317026 125900  309.97761   50  141  237.00000  369.63736  56.0%   185  235s
 324219 128298  251.97802   57   58  237.00000  369.28846  55.8%   185  240s
 332793 131177  251.42308   55   28  237.00000  368.79487  55.6%   184  245s
 341017 133808  339.35577   51   63  237.00000  368.31394  55.4%   184  250s
 348648 136140  265.73077   55   48  237.00000  367.36264  55.0%   184  255s
 354869 137977  296.19231   54  113  237.00000  366.71538  54.7%   184  260s
 363191 139854  250.11538   57   47  237.00000  365.08042  54.0%   183  265s
 371549 141648  247.20769   58   27  237.00000  360.41259  52.1%   183  270s
 378247 144768  266.17308   56   83  237.00000  357.80769  51.0%   183  275s
 384918 147663  265.82308   59   41  237.00000  357.40000  50.8%   184  280s
 392563 150893     cutoff   60       237.00000  356.90385  50.6%   184  285s
 399514 153550  312.88462   51   56  237.00000  356.73932  50.5%   184  290s
 407835 156956     cutoff   62       237.00000  356.26923  50.3%   185  295s
 414162 158966     cutoff   58       237.00000  356.12193  50.3%   185  300s
 420734 161457     cutoff   55       237.00000  355.82692  50.1%   185  305s
 429513 164226  281.80000   54   45  237.00000  355.61538  50.0%   185  310s
 437015 166664  281.42308   54   44  237.00000  355.26923  49.9%   185  315s
 445728 168972     cutoff   52       237.00000  355.09135  49.8%   185  320s
 451070 171040     cutoff   55       237.00000  354.85000  49.7%   185  325s
 459471 173152     cutoff   59       237.00000  354.53846  49.6%   185  330s
 464131 174849  266.19841   58   49  237.00000  354.34615  49.5%   185  335s
 472506 177228  266.84615   56   46  237.00000  353.96154  49.4%   185  340s
 479019 178968  265.31538   55   64  237.00000  353.67336  49.2%   185  345s
 488083 181112  320.47479   52   72  237.00000  353.09615  49.0%   185  350s
 496026 183029  310.11813   50   92  237.00000  352.60000  48.8%   184  355s
 504609 184873  251.66667   55   93  237.00000  351.74615  48.4%   184  360s
 512968 186588  246.63462   59  116  237.00000  350.59392  47.9%   184  365s
 521421 188139  265.51880   56   66  237.00000  348.66923  47.1%   183  371s
 528896 189771  342.42308   48   95  237.00000  344.96154  45.6%   183  376s
 535387 192318  298.00000   50   37  237.00000  343.00000  44.7%   184  380s
 541957 194785  310.35897   49   53  237.00000  342.42543  44.5%   184  385s
 548595 197355  279.50000   60   68  237.00000  342.40000  44.5%   184  390s
 555471 199815  266.81731   57   77  237.00000  342.03846  44.3%   184  395s
 563794 202586  282.38462   51   51  237.00000  341.84615  44.2%   184  400s
 571162 204929  296.99808   55   45  237.00000  341.61538  44.1%   184  405s
 571479 207333  280.78632   57   43  237.00000  341.61538  44.1%   185  410s
 584596 210027  250.69231   54   23  237.00000  341.26923  44.0%   185  415s
 591799 212025  249.47436   60   47  237.00000  341.20769  44.0%   185  420s
 598292 214161  280.73077   53   58  237.00000  341.03846  43.9%   185  425s
 604727 216368     cutoff   56       237.00000  340.85256  43.8%   186  430s
 611511 218526  280.26923   54   84  237.00000  340.69231  43.8%   186  436s
 619940 220646  251.84615   56   50  237.00000  340.62871  43.7%   186  440s
 626840 222535     cutoff   52       237.00000  340.46154  43.7%   186  445s
 633558 224446  266.82308   54   67  237.00000  340.26923  43.6%   186  450s
 642158 226757  282.65897   53  134  237.00000  340.11538  43.5%   186  455s
 648501 228255  296.14560   53   98  237.00000  339.95385  43.4%   186  460s
 656552 230062     cutoff   58       237.00000  339.65385  43.3%   186  465s
 662740 231395  253.00000   56   37  237.00000  339.53846  43.3%   186  470s
 671241 233055 infeasible   48       237.00000  339.28462  43.2%   186  476s
 676615 234454  293.45769   53   89  237.00000  339.09467  43.1%   185  480s
 684839 235887  281.88462   54   52  237.00000  338.86923  43.0%   185  485s
 692167 237371  249.91923   58  134  237.00000  338.51923  42.8%   185  491s
 699081 238682  308.91154   49   63  237.00000  338.26923  42.7%   185  495s
 707650 240109  252.42308   58   82  237.00000  337.76923  42.5%   185  500s
 716040 241523  252.42308   58   86  237.00000  337.23077  42.3%   185  505s
 724871 242922  306.78777   49  105  237.00000  336.59103  42.0%   184  510s
 733447 243853  251.82212   55   41  237.00000  335.73077  41.7%   184  515s
 741525 245001     cutoff   60       237.00000  334.46154  41.1%   184  520s
 751537 246080  280.03571   55   68  237.00000  332.06154  40.1%   183  525s
 759031 247880  264.98077   56   37  237.00000  328.96154  38.8%   183  530s
 767010 250428  265.77692   55   43  237.00000  328.00000  38.4%   183  535s
 774438 252676  308.67308   53   78  237.00000  327.75641  38.3%   184  540s
 783027 255767     cutoff   52       237.00000  327.42308  38.2%   184  545s
 789144 257621  296.25481   58   82  237.00000  327.28671  38.1%   184  550s
 794821 259399  251.84615   56   90  237.00000  327.13462  38.0%   184  555s
 803197 261987  309.24615   56   36  237.00000  326.88462  37.9%   184  560s
 810100 264143  251.26923   55   54  237.00000  326.84615  37.9%   184  565s
 818642 266330     cutoff   61       237.00000  326.80769  37.9%   184  570s
 822903 267530     cutoff   58       237.00000  326.69712  37.8%   184  575s
 829216 269244  250.65385   52   75  237.00000  326.53846  37.8%   185  580s
 837355 271484  279.53846   55   90  237.00000  326.36538  37.7%   185  585s
 844633 273217  252.61538   57   39  237.00000  326.26923  37.7%   185  590s
 853032 275197  249.53846   54   41  237.00000  326.24615  37.7%   185  595s
 857067 276182  266.46667   61   50  237.00000  326.18132  37.6%   185  600s
 865404 278078 infeasible   57       237.00000  325.96439  37.5%   185  605s
 872111 279544  252.56731   52   77  237.00000  325.84478  37.5%   185  610s
 879782 281247  267.96154   54   53  237.00000  325.69231  37.4%   185  616s
 887179 282562     cutoff   61       237.00000  325.66923  37.4%   185  620s
 894948 284116  305.30769   53   53  237.00000  325.50000  37.3%   185  626s
 902018 285289  267.00000   54   36  237.00000  325.36813  37.3%   185  631s
 908872 286650  294.59231   52   55  237.00000  325.25481  37.2%   185  635s
 917600 288154  281.84615   52   71  237.00000  325.11538  37.2%   185  641s
 923265 289185     cutoff   56       237.00000  325.02051  37.1%   185  645s
 931134 290460  250.69231   52   47  237.00000  324.81538  37.1%   185  650s
 939236 291609  296.57692   54   54  237.00000  324.60934  37.0%   185  656s
 946448 292599  238.00000   57   41  237.00000  324.53692  36.9%   185  660s
 954541 293639  264.06250   54   89  237.00000  324.26766  36.8%   185  665s
 962530 294406  252.09158   54  127  237.00000  324.01603  36.7%   185  670s
 967327 295044     cutoff   57       237.00000  323.96154  36.7%   184  675s
 976036 296000     cutoff   61       237.00000  323.59615  36.5%   184  680s
 984687 296794  251.47436   56   51  237.00000  323.34615  36.4%   184  685s
 992215 297444  266.42308   58   56  237.00000  322.96154  36.3%   184  690s
 1000845 298131     cutoff   63       237.00000  322.61943  36.1%   184  695s
 1008987 298656 infeasible   52       237.00000  322.20769  36.0%   184  700s
 1017350 299201  265.98954   49   58  237.00000  321.65385  35.7%   183  705s
 1027600 299757 infeasible   56       237.00000  320.89773  35.4%   183  710s
 1035711 300121  279.48077   55   34  237.00000  319.98269  35.0%   183  715s
 1040470 300335  266.38462   61  135  237.00000  319.73846  34.9%   183  720s
 1048984 300878  238.00000   58   36  237.00000  317.93846  34.2%   182  725s
 1058352 301951     cutoff   61       237.00000  315.34615  33.1%   182  730s
 1064765 303423  250.70513   54   49  237.00000  314.04286  32.5%   182  735s
 1071707 305225  252.80769   55   24  237.00000  313.00000  32.1%   183  740s
 1079873 307497     cutoff   62       237.00000  313.00000  32.1%   183  745s
 1086167 309104  266.84615   54   42  237.00000  312.84615  32.0%   183  750s
 1092838 310685  281.45000   54   53  237.00000  312.65385  31.9%   183  755s
 1100458 312604  267.13462   52   41  237.00000  312.42308  31.8%   183  760s
 1107584 314336  281.84615   57  120  237.00000  312.42308  31.8%   183  765s
 1114950 316020  253.00000   59   51  237.00000  312.30769  31.8%   183  770s
 1121148 317479 infeasible   52       237.00000  312.15385  31.7%   183  775s
 1127583 318979     cutoff   54       237.00000  312.05769  31.7%   183  780s
 1134402 320390  251.87500   55   71  237.00000  311.96154  31.6%   184  785s
 1143540 321982  294.37912   54   47  237.00000  311.84615  31.6%   184  790s
 1151695 323601  265.65527   56  119  237.00000  311.84615  31.6%   184  795s
 1159605 324896  252.12821   56   71  237.00000  311.73077  31.5%   184  800s
 1165962 326131  252.84066   55   43  237.00000  311.61178  31.5%   184  805s
 1171526 326956  282.38462   53   93  237.00000  311.52564  31.4%   184  810s
 1177066 328214  311.26923   47   42  237.00000  311.42308  31.4%   184  815s
 1183999 329335     cutoff   57       237.00000  311.32609  31.4%   184  820s
 1194301 330868  238.00000   58   30  237.00000  311.26923  31.3%   184  825s
 1201322 331787  265.69231   53   44  237.00000  311.22564  31.3%   184  830s
 1208988 332672  267.00000   57   89  237.00000  311.07692  31.3%   184  835s
 1217036 333616     cutoff   57       237.00000  310.92308  31.2%   184  840s
 1224016 334585     cutoff   57       237.00000  310.83654  31.2%   184  845s
 1232039 335406  268.00000   57   40  237.00000  310.69231  31.1%   184  850s
 1240738 336264  295.80769   52   53  237.00000  310.68077  31.1%   183  855s
 1247837 337010  251.38462   57   62  237.00000  310.55385  31.0%   184  860s
 1255521 337626  238.00000   55   82  237.00000  310.41667  31.0%   184  866s
 1262036 338122  265.80199   55   83  237.00000  310.30769  30.9%   184  870s
 1270330 338899  279.33187   49  181  237.00000  310.19780  30.9%   183  875s
 1277679 339261 infeasible   53       237.00000  310.11538  30.9%   183  880s
 1283551 339466  253.00000   54   35  237.00000  310.06593  30.8%   183  885s
 1291638 339983  308.61827   52   96  237.00000  309.88462  30.8%   183  890s
 1297974 340272  290.07692   55  111  237.00000  309.74038  30.7%   183  895s
 1306537 340574  288.94391   51  130  237.00000  309.57692  30.6%   183  900s
 1314454 340764  265.12493   56   59  237.00000  309.50000  30.6%   183  905s
 1322441 340956 infeasible   58       237.00000  309.28846  30.5%   183  910s
 1330884 341171  264.96154   52   75  237.00000  309.09231  30.4%   183  916s
 1337966 341301  238.00000   53   46  237.00000  308.96154  30.4%   183  920s
 1344978 341319 infeasible   54       237.00000  308.76923  30.3%   183  925s
 1353061 341324     cutoff   56       237.00000  308.54359  30.2%   183  930s
 1361839 341103 infeasible   57       237.00000  308.33333  30.1%   182  935s
 1370971 340913     cutoff   53       237.00000  307.97363  29.9%   182  940s
 1379419 340676     cutoff   52       237.00000  307.72929  29.8%   182  945s
 1387580 340391  295.61923   53   49  237.00000  307.34615  29.7%   182  950s
 1391713 340174  251.26923   54  130  237.00000  307.19231  29.6%   182  955s
 1401352 339648 infeasible   54       237.00000  306.61538  29.4%   182  960s
 1406938 339506  249.89904   56   56  237.00000  306.25962  29.2%   181  965s
 1415300 338848     cutoff   56       237.00000  305.65385  29.0%   181  970s
 1424316 338405  247.97436   54  114  237.00000  304.75962  28.6%   181  975s
 1434374 337881  273.91346   52   57  237.00000  303.38462  28.0%   181  980s
 1441328 337800  251.76923   58   27  237.00000  302.03846  27.4%   181  985s
 1449363 338301 infeasible   58       237.00000  300.16667  26.7%   181  990s
 1456546 339209     cutoff   57       237.00000  298.77692  26.1%   181  995s
 1465114 340730     cutoff   61       237.00000  298.00000  25.7%   181 1000s
 1473687 342488  267.42308   54   49  237.00000  298.00000  25.7%   181 1005s
 1481503 344190  250.45192   52   62  237.00000  298.00000  25.7%   181 1010s
 1487586 345005  266.44852   56   66  237.00000  297.85947  25.7%   181 1015s
 1496168 346352     cutoff   57       237.00000  297.65385  25.6%   181 1021s
 1502689 347275  252.50962   57   61  237.00000  297.48077  25.5%   181 1025s
 1510849 348463  281.26923   57   42  237.00000  297.42308  25.5%   181 1030s
 1517651 349339  282.42308   52   68  237.00000  297.41026  25.5%   181 1035s
 1525502 350309  280.69231   52   53  237.00000  297.23077  25.4%   181 1040s
 1533423 351238 infeasible   63       237.00000  297.10839  25.4%   181 1045s
 1540043 352062 infeasible   56       237.00000  297.00000  25.3%   181 1050s
 1546320 352735  252.00000   59   67  237.00000  296.95000  25.3%   181 1055s
 1555678 353331  251.77778   53   68  237.00000  296.84615  25.3%   181 1060s
 1564509 353973  265.11538   51   48  237.00000  296.84615  25.3%   181 1065s
 1572639 354360 infeasible   57       237.00000  296.73077  25.2%   181 1070s
 1579180 354848 infeasible   58       237.00000  296.65385  25.2%   181 1075s
 1586327 355396     cutoff   58       237.00000  296.55769  25.1%   181 1081s
 1592935 355770  252.33077   52   63  237.00000  296.46154  25.1%   181 1085s
 1599741 356273  251.67033   58   65  237.00000  296.39744  25.1%   181 1090s
 1607975 356583     cutoff   53       237.00000  296.26923  25.0%   181 1095s
 1617258 356886  253.00000   51  120  237.00000  296.26923  25.0%   181 1100s
 1625316 357016     cutoff   56       237.00000  296.21571  25.0%   181 1105s
 1631868 357115  280.53846   51   60  237.00000  296.11538  24.9%   181 1110s
 1639556 357218  250.26923   51   76  237.00000  296.00000  24.9%   181 1115s
 1647696 357210  265.47692   55  126  237.00000  295.88462  24.8%   181 1120s
 1656339 357271 infeasible   55       237.00000  295.80769  24.8%   181 1125s
 1663010 357131 infeasible   53       237.00000  295.71538  24.8%   181 1130s
 1672478 356833  279.53846   54   58  237.00000  295.69231  24.8%   181 1135s
 1678187 356684  281.02404   55   69  237.00000  295.62821  24.7%   181 1140s
 1686190 356554 infeasible   57       237.00000  295.51603  24.7%   181 1146s
 1692794 356350     cutoff   58       237.00000  295.41827  24.6%   181 1150s
 1701344 356102 infeasible   56       237.00000  295.30000  24.6%   181 1155s
 1708160 355761  266.34615   58   35  237.00000  295.21978  24.6%   181 1160s
 1717220 355086     cutoff   53       237.00000  295.11538  24.5%   180 1165s
 1725513 354560 infeasible   54       237.00000  295.05271  24.5%   180 1170s
 1733348 354033 infeasible   54       237.00000  294.92308  24.4%   180 1175s
 1741525 353530     cutoff   57       237.00000  294.78205  24.4%   180 1180s
 1749633 352806  265.57692   54  139  237.00000  294.63407  24.3%   180 1185s
 1758630 351906  250.68269   59   94  237.00000  294.53846  24.3%   180 1190s
 1766155 351208  252.00000   56   72  237.00000  294.39423  24.2%   180 1195s
 1774201 350490  277.31716   55   70  237.00000  294.20427  24.1%   180 1200s
 1782114 349568  251.55769   55   47  237.00000  294.03114  24.1%   180 1205s
 1791407 348777 infeasible   57       237.00000  293.88462  24.0%   180 1210s
 1792823 348547  251.15385   56   90  237.00000  293.86538  24.0%   180 1215s
 1801920 347340  253.00000   55   62  237.00000  293.59737  23.9%   179 1220s
 1811128 346089  251.26923   58   40  237.00000  293.38462  23.8%   179 1225s
 1819875 344807 infeasible   58       237.00000  293.11538  23.7%   179 1230s
 1828468 343485 infeasible   59       237.00000  292.80769  23.5%   179 1235s
 1838373 342123     cutoff   58       237.00000  292.47115  23.4%   179 1240s
 1846607 340735  278.25750   54   77  237.00000  292.19231  23.3%   178 1245s
 1856622 339080     cutoff   56       237.00000  291.65962  23.1%   178 1250s
 1866603 337451 infeasible   54       237.00000  291.07692  22.8%   178 1255s
 1876500 336001  251.71795   52   82  237.00000  290.44066  22.5%   178 1260s
 1884579 334942 infeasible   58       237.00000  289.63462  22.2%   178 1265s
 1893970 333499  272.81227   54   66  237.00000  288.70659  21.8%   178 1270s
 1901905 332485  266.26923   55  121  237.00000  287.42308  21.3%   177 1275s
 1911329 331791  281.57692   57   70  237.00000  285.63736  20.5%   177 1280s
 1918674 331743     cutoff   55       237.00000  284.30769  20.0%   177 1285s
 1923676 331751  251.26923   60   72  237.00000  283.64904  19.7%   177 1290s
 1933852 332222  268.00000   56   44  237.00000  283.00000  19.4%   177 1295s
 1942200 333000  266.84615   52   53  237.00000  283.00000  19.4%   177 1300s
 1950331 333804  267.23077   54   51  237.00000  283.00000  19.4%   177 1305s
 1958255 333950     cutoff   61       237.00000  282.96978  19.4%   177 1310s
 1966115 334252  250.65385   57   73  237.00000  282.76923  19.3%   177 1315s
 1972978 334602  267.65385   58   62  237.00000  282.61538  19.2%   177 1320s
 1981122 334793  251.86274   58   79  237.00000  282.46154  19.2%   177 1325s
 1990030 335039  238.00000   58  100  237.00000  282.42308  19.2%   177 1330s
 1997913 335108     cutoff   54       237.00000  282.40513  19.2%   177 1335s
 2005110 335053     cutoff   58       237.00000  282.26923  19.1%   177 1340s
 2012889 335085  263.57692   51   86  237.00000  282.15385  19.1%   178 1346s
 2018587 335011  267.10256   54  101  237.00000  282.08974  19.0%   177 1350s
 2025434 334821  266.23077   59   27  237.00000  282.00000  19.0%   177 1355s
 2033542 334560 infeasible   59       237.00000  281.90769  18.9%   178 1360s
 2043107 333860  248.96154   58   29  237.00000  281.84615  18.9%   177 1365s
 2051479 333420  251.07692   55   53  237.00000  281.84615  18.9%   177 1370s
 2059853 332798  265.72308   55   57  237.00000  281.80769  18.9%   177 1375s
 2066060 332335  251.26923   56   71  237.00000  281.73077  18.9%   177 1380s
 2073924 331877  252.30769   55  134  237.00000  281.65385  18.8%   177 1385s
 2080508 331263  266.73077   51   70  237.00000  281.57692  18.8%   177 1390s
 2089371 330696  251.05687   61   69  237.00000  281.48077  18.8%   177 1395s
 2097731 330153  252.30769   51   32  237.00000  281.40000  18.7%   177 1400s
 2104063 329532  265.26923   57  117  237.00000  281.31259  18.7%   177 1405s
 2116031 327957  266.84615   55   56  237.00000  281.26923  18.7%   177 1410s
 2123802 327194 infeasible   54       237.00000  281.24359  18.7%   177 1415s
 2130467 326194 infeasible   57       237.00000  281.16923  18.6%   177 1420s
 2138564 325168     cutoff   56       237.00000  281.07692  18.6%   177 1425s
 2146407 324032     cutoff   56       237.00000  280.99010  18.6%   177 1430s
 2154711 322785 infeasible   52       237.00000  280.87179  18.5%   177 1435s
 2163165 321661     cutoff   59       237.00000  280.80769  18.5%   177 1441s
 2169631 320496     cutoff   54       237.00000  280.73077  18.5%   177 1445s
 2181075 318329 infeasible   55       237.00000  280.68650  18.4%   176 1450s
 2188530 316906  266.72253   56   46  237.00000  280.60096  18.4%   176 1455s
 2196398 315572  278.55769   56  100  237.00000  280.50000  18.4%   176 1460s
 2204354 314131  265.65385   58   71  237.00000  280.36923  18.3%   176 1465s
 2212213 312685 infeasible   57       237.00000  280.26923  18.3%   176 1470s
 2219979 311129 infeasible   54       237.00000  280.16667  18.2%   176 1475s
 2229867 308990 infeasible   57       237.00000  280.10462  18.2%   176 1480s
 2234514 308317  264.45962   56   49  237.00000  280.03297  18.2%   176 1485s
 2239801 306782 infeasible   56       237.00000  279.92308  18.1%   176 1490s
 2248401 304919 infeasible   60       237.00000  279.76154  18.0%   176 1495s
 2257336 302776 infeasible   57       237.00000  279.59615  18.0%   176 1500s
 2267998 300311 infeasible   55       237.00000  279.43665  17.9%   175 1505s
 2277538 298185     cutoff   61       237.00000  279.19231  17.8%   175 1510s
 2285679 295861  249.30769   53  110  237.00000  278.96154  17.7%   175 1515s
 2294330 293728 infeasible   57       237.00000  278.76923  17.6%   175 1520s
 2301992 291562 infeasible   62       237.00000  278.51603  17.5%   175 1525s
 2311340 289293     cutoff   60       237.00000  278.13736  17.4%   175 1530s
 2321638 286267 infeasible   53       237.00000  277.67692  17.2%   174 1535s
 2331220 283793  251.34615   60   69  237.00000  277.07343  16.9%   174 1540s
 2339590 281738     cutoff   59       237.00000  276.47004  16.7%   174 1545s
 2349370 279388 infeasible   56       237.00000  275.50000  16.2%   174 1550s
 2358667 277670  266.73077   53  110  237.00000  274.50000  15.8%   174 1555s
 2366469 276099  238.00000   59   31  237.00000  273.33846  15.3%   174 1560s
 2375982 274642  238.00000   55   76  237.00000  271.53077  14.6%   174 1565s
 2383614 273578 infeasible   57       237.00000  270.00000  13.9%   174 1570s
 2391300 272574 infeasible   54       237.00000  268.90000  13.5%   174 1575s
 2398028 271869 infeasible   58       237.00000  268.19231  13.2%   174 1580s
 2407058 271240     cutoff   60       237.00000  268.00000  13.1%   174 1585s
 2416341 270578  266.26923   55   41  237.00000  268.00000  13.1%   174 1591s
 2421524 270308  251.84615   59   34  237.00000  268.00000  13.1%   174 1595s
 2427519 270011  252.96154   60   46  237.00000  268.00000  13.1%   174 1600s
 2436001 268817 infeasible   58       237.00000  267.90385  13.0%   174 1605s
 2442423 267994  266.01538   55  129  237.00000  267.76496  13.0%   174 1610s
 2450972 267067     cutoff   60       237.00000  267.61538  12.9%   174 1615s
 2459029 265813  253.00000   49   72  237.00000  267.47115  12.9%   174 1620s
 2466518 264831  251.26923   56   18  237.00000  267.42308  12.8%   174 1625s
 2476402 263433     cutoff   57       237.00000  267.42308  12.8%   174 1631s
 2482566 262334  267.10000   52   49  237.00000  267.38462  12.8%   174 1635s
 2490452 260754     cutoff   60       237.00000  267.23077  12.8%   174 1640s
 2497070 259463  252.13462   56   47  237.00000  267.14583  12.7%   174 1645s
 2507516 257414 infeasible   59       237.00000  267.01099  12.7%   174 1650s
 2515868 255617 infeasible   56       237.00000  266.96154  12.6%   174 1655s
 2520262 254225  251.42308   60   49  237.00000  266.87965  12.6%   174 1660s
 2532669 250794 infeasible   54       237.00000  266.84615  12.6%   174 1665s
 2541352 248682 infeasible   56       237.00000  266.84615  12.6%   173 1670s
 2550511 245959 infeasible   55       237.00000  266.76923  12.6%   173 1675s
 2558199 243596 infeasible   56       237.00000  266.65385  12.5%   173 1680s
 2566316 241377 infeasible   59       237.00000  266.57275  12.5%   173 1685s
 2574267 239067     cutoff   60       237.00000  266.46154  12.4%   173 1690s
 2582259 236772     cutoff   59       237.00000  266.39231  12.4%   173 1695s
 2591144 233333 infeasible   56       237.00000  266.26923  12.3%   173 1700s
 2600849 230393  263.34615   58   45  237.00000  266.26923  12.3%   173 1705s
 2609740 227213     cutoff   58       237.00000  266.14303  12.3%   173 1710s
 2617851 224357  249.53846   58   46  237.00000  266.00000  12.2%   173 1715s
 2628532 220275  249.25385   60   60  237.00000  265.84615  12.2%   172 1720s
 2638625 217267     cutoff   57       237.00000  265.72308  12.1%   172 1725s
 2645405 213895  249.00000   60   64  237.00000  265.69231  12.1%   172 1730s
 2653778 210504 infeasible   59       237.00000  265.55769  12.0%   172 1735s
 2663250 206428  264.69231   58   42  237.00000  265.31880  11.9%   172 1740s
 2672749 202275 infeasible   51       237.00000  265.11538  11.9%   172 1745s
 2682193 198195  248.87788   51   65  237.00000  264.90192  11.8%   172 1750s
 2690456 194033 infeasible   56       237.00000  264.58750  11.6%   171 1755s
 2700748 189601 infeasible   55       237.00000  264.15385  11.5%   171 1760s
 2711350 184232 infeasible   59       237.00000  263.50549  11.2%   171 1765s
 2721153 179898     cutoff   60       237.00000  262.67308  10.8%   171 1770s
 2730176 175299  250.59231   57   45  237.00000  261.36538  10.3%   171 1775s
 2737890 172390 infeasible   59       237.00000  260.00000  9.70%   171 1780s
 2744843 169393 infeasible   57       237.00000  258.67735  9.15%   171 1785s
 2752852 166231  252.42308   54   43  237.00000  256.19231  8.10%   171 1790s
 2758936 163845     cutoff   55       237.00000  254.50000  7.38%   171 1795s
 2767585 160725     cutoff   58       237.00000  253.07692  6.78%   171 1800s
 2776059 158245  252.42308   57   29  237.00000  253.00000  6.75%   171 1805s
 2785593 155766  252.40000   57   42  237.00000  253.00000  6.75%   171 1810s
 2790136 154511 infeasible   61       237.00000  253.00000  6.75%   171 1815s
 2798294 152510  252.71154   56   46  237.00000  253.00000  6.75%   171 1821s
 2804921 150808 infeasible   57       237.00000  253.00000  6.75%   171 1825s
 2811323 147478 infeasible   56       237.00000  252.90385  6.71%   171 1830s
 2818641 143997     cutoff   61       237.00000  252.71154  6.63%   171 1835s
 2827180 139115     cutoff   55       237.00000  252.47802  6.53%   171 1840s
 2836022 134471 infeasible   55       237.00000  252.42308  6.51%   171 1845s
 2846569 129107 infeasible   55       237.00000  252.40385  6.50%   171 1850s
 2854853 124342     cutoff   57       237.00000  252.23077  6.43%   171 1855s
 2865259 117949  252.00000   58   55  237.00000  252.00000  6.33%   171 1860s
 2873337 111756     cutoff   57       237.00000  251.86538  6.27%   171 1865s
 2887421 102124 infeasible   55       237.00000  251.80769  6.25%   170 1870s
 2897232 95185 infeasible   59       237.00000  251.56154  6.14%   170 1875s
 2906632 88242     cutoff   52       237.00000  251.42308  6.09%   170 1880s
 2923272 75605 infeasible   60       237.00000  251.06034  5.93%   169 1885s
 2938589 63207     cutoff   53       237.00000  250.59231  5.74%   169 1890s
 2953999 49941     cutoff   53       237.00000  249.57692  5.31%   168 1895s
 2968330 37527 infeasible   58       237.00000  247.15385  4.28%   168 1900s
 2981656 25156     cutoff   60       237.00000  240.59615  1.52%   168 1905s
 2992920 14544 infeasible   54       237.00000  238.00000  0.42%   167 1910s
 3004462  6737 infeasible   57       237.00000  238.00000  0.42%   167 1915s
 3014781   357     cutoff   55       237.00000  238.00000  0.42%   167 1920s

Cutting planes:
  Inf proof: 2
  Zero half: 3

Explored 3016422 nodes (504132307 simplex iterations) in 1920.59 seconds (5220.81 work units)
Thread count was 16 (of 16 available processors)

Solution count 10: 237 237 237 ... 191

Optimal solution found (tolerance 1.00e-04)
Best objective 2.370000000000e+02, best bound 2.370000000000e+02, gap 0.0000%

Wrote result file '/root/bgw/data/results/2026_03_24_13_08_51_set_big_5_8_big_5_8_s004_g005_max.sol'

