[2026-03-23T13:59:51.271Z] Pipeline "set_exp_2_exp_2_n035_c004_g004" → 2026_03_23_13_59_51_set_exp_2_exp_2_n035_c004_g004_max.sol
Set parameter WLSAccessID
Set parameter WLSSecret
Set parameter LicenseID to value 2792458
Set parameter LogFile to value "gurobi.log"
Using license file /root/gurobi.lic
Academic license 2792458 - for non-commercial use only - registered to an___@studenti.unipg.it

Gurobi Optimizer version 13.0.1 build v13.0.1rc0 (linux64 - "Ubuntu 24.04.4 LTS")
Copyright (c) 2026, Gurobi Optimization, LLC

Warning: Duplicate section found (read 'binary') - Is a variable name equal to an LP file format keyword?
Warning: Duplicate section found (read 'binary') - Is a variable name equal to an LP file format keyword?
Warning: Duplicate section found (read 'binary') - Is a variable name equal to an LP file format keyword?
Warning: Duplicate section found (read 'binary') - Is a variable name equal to an LP file format keyword?
Warning: Duplicate section found (read 'binary') - Is a variable name equal to an LP file format keyword?
Warning: Duplicate section found (read 'binary') - Is a variable name equal to an LP file format keyword?
Warning: Duplicate section found (read 'binary') - Is a variable name equal to an LP file format keyword?
Warning: Duplicate section found (read 'binary') - Is a variable name equal to an LP file format keyword?
Warning: Duplicate section found (read 'binary') - Is a variable name equal to an LP file format keyword?
Warning: Duplicate section found (read 'binary') - Is a variable name equal to an LP file format keyword?
Warning: Further warnings of this type will be omitted.
Read LP format model from file /root/bgw/data/uploads/2026_03_23_13_59_51_set_exp_2_exp_2_n035_c004_g004_max.lp
Reading time = 0.01 seconds
: 14229 rows, 859 columns, 42711 nonzeros

Using Gurobi shared library /opt/gurobi1301/linux64/lib/libgurobi.so.13.0.1

CPU model: AMD EPYC-Genoa Processor, instruction set [SSE2|AVX|AVX2|AVX512]
Thread count: 16 physical cores, 16 logical processors, using up to 16 threads

Academic license 2792458 - for non-commercial use only - registered to an___@studenti.unipg.it
Optimize a model with 14229 rows, 859 columns and 42711 nonzeros (Max)
Model fingerprint: 0x489344b6
Model has 4 linear objective coefficients
Variable types: 39 continuous, 820 integer (820 binary)
Coefficient statistics:
  Matrix range     [1e+00, 4e+01]
  Objective range  [1e+00, 1e+00]
  Bounds range     [1e+00, 1e+00]
  RHS range        [1e+00, 4e+01]

Found heuristic solution: objective 4.0000000
Presolve removed 1107 rows and 243 columns
Presolve time: 0.05s
Presolved: 13122 rows, 616 columns, 39686 nonzeros
Variable types: 0 continuous, 616 integer (606 binary)

Root relaxation: objective 1.600000e+01, 455 iterations, 0.04 seconds (0.05 work units)

    Nodes    |    Current Node    |     Objective Bounds      |     Work
 Expl Unexpl |  Obj  Depth IntInf | Incumbent    BestBd   Gap | It/Node Time

     0     0   16.00000    0   15    4.00000   16.00000   300%     -    0s
H    0     0                      11.0000000   16.00000  45.5%     -    0s
H    0     0                      12.0000000   16.00000  33.3%     -    0s
     0     0   16.00000    0   20   12.00000   16.00000  33.3%     -    0s
     0     0   16.00000    0   21   12.00000   16.00000  33.3%     -    0s
     0     0   16.00000    0   18   12.00000   16.00000  33.3%     -    0s
     0     0   15.00000    0   19   12.00000   15.00000  25.0%     -    0s
     0     0   15.00000    0   20   12.00000   15.00000  25.0%     -    0s
     0     0   15.00000    0   17   12.00000   15.00000  25.0%     -    0s
     0     0   15.00000    0   19   12.00000   15.00000  25.0%     -    0s
     0     0   15.00000    0   17   12.00000   15.00000  25.0%     -    0s
     0     0   15.00000    0   17   12.00000   15.00000  25.0%     -    0s
     0     0   15.00000    0   25   12.00000   15.00000  25.0%     -    0s
     0     0   15.00000    0   25   12.00000   15.00000  25.0%     -    0s
     0     0   14.00000    0   23   12.00000   14.00000  16.7%     -    0s
     0     0   14.00000    0   17   12.00000   14.00000  16.7%     -    0s
     0     0   14.00000    0   17   12.00000   14.00000  16.7%     -    0s
     0     0   14.00000    0   17   12.00000   14.00000  16.7%     -    0s
     0     2   14.00000    0   17   12.00000   14.00000  16.7%     -    0s

Cutting planes:
  Gomory: 1
  Cover: 3
  Inf proof: 16
  Zero half: 1
  Mod-K: 1

Explored 373 nodes (30976 simplex iterations) in 1.00 seconds (1.43 work units)
Thread count was 16 (of 16 available processors)

Solution count 3: 12 11 4 

Optimal solution found (tolerance 1.00e-04)
Best objective 1.200000000000e+01, best bound 1.200000000000e+01, gap 0.0000%

Wrote result file '/root/bgw/data/results/2026_03_23_13_59_51_set_exp_2_exp_2_n035_c004_g004_max.sol'

