[2026-03-23T16:03:37.884Z] Pipeline "set_exp_3_exp_3_n027_c001_g003" → 2026_03_23_16_03_37_set_exp_3_exp_3_n027_c001_g003_max.sol
Set parameter WLSAccessID
Set parameter WLSSecret
Set parameter LicenseID to value 2792458
Set parameter LogFile to value "gurobi.log"
Using license file /root/gurobi.lic
Academic license 2792458 - for non-commercial use only - registered to an___@studenti.unipg.it

Gurobi Optimizer version 13.0.1 build v13.0.1rc0 (linux64 - "Ubuntu 24.04.4 LTS")
Copyright (c) 2026, Gurobi Optimization, LLC

Warning: Duplicate section found (read 'binary') - Is a variable name equal to an LP file format keyword?
Warning: Duplicate section found (read 'binary') - Is a variable name equal to an LP file format keyword?
Warning: Duplicate section found (read 'binary') - Is a variable name equal to an LP file format keyword?
Warning: Duplicate section found (read 'binary') - Is a variable name equal to an LP file format keyword?
Warning: Duplicate section found (read 'binary') - Is a variable name equal to an LP file format keyword?
Warning: Duplicate section found (read 'binary') - Is a variable name equal to an LP file format keyword?
Warning: Duplicate section found (read 'binary') - Is a variable name equal to an LP file format keyword?
Warning: Duplicate section found (read 'binary') - Is a variable name equal to an LP file format keyword?
Warning: Duplicate section found (read 'binary') - Is a variable name equal to an LP file format keyword?
Warning: Duplicate section found (read 'binary') - Is a variable name equal to an LP file format keyword?
Warning: Further warnings of this type will be omitted.
Read LP format model from file /root/bgw/data/uploads/2026_03_23_16_03_37_set_exp_3_exp_3_n027_c001_g003_max.lp
Reading time = 0.01 seconds
: 7223 rows, 604 columns, 20997 nonzeros

Using Gurobi shared library /opt/gurobi1301/linux64/lib/libgurobi.so.13.0.1

CPU model: AMD EPYC-Genoa Processor, instruction set [SSE2|AVX|AVX2|AVX512]
Thread count: 16 physical cores, 16 logical processors, using up to 16 threads

Academic license 2792458 - for non-commercial use only - registered to an___@studenti.unipg.it
Optimize a model with 7223 rows, 604 columns and 20997 nonzeros (Max)
Model fingerprint: 0x987d1b9b
Model has 10 linear objective coefficients
Variable types: 37 continuous, 567 integer (567 binary)
Coefficient statistics:
  Matrix range     [1e+00, 3e+01]
  Objective range  [1e+00, 1e+00]
  Bounds range     [1e+00, 1e+00]
  RHS range        [1e+00, 3e+01]

Found heuristic solution: objective 10.0000000
Presolve removed 1341 rows and 233 columns
Presolve time: 0.02s
Presolved: 5882 rows, 371 columns, 17838 nonzeros
Variable types: 0 continuous, 371 integer (363 binary)
Found heuristic solution: objective 13.0000000

Root relaxation: objective 4.600000e+01, 121 iterations, 0.01 seconds (0.01 work units)

    Nodes    |    Current Node    |     Objective Bounds      |     Work
 Expl Unexpl |  Obj  Depth IntInf | Incumbent    BestBd   Gap | It/Node Time

     0     0   46.00000    0   14   13.00000   46.00000   254%     -    0s
H    0     0                      28.0000000   46.00000  64.3%     -    0s
     0     0   46.00000    0    9   28.00000   46.00000  64.3%     -    0s
     0     0   46.00000    0   14   28.00000   46.00000  64.3%     -    0s
     0     0   46.00000    0    9   28.00000   46.00000  64.3%     -    0s
     0     0   46.00000    0   14   28.00000   46.00000  64.3%     -    0s
     0     0   46.00000    0   14   28.00000   46.00000  64.3%     -    0s
     0     0   46.00000    0   15   28.00000   46.00000  64.3%     -    0s
     0     0   45.88000    0   18   28.00000   45.88000  63.9%     -    0s
     0     0   45.88000    0   14   28.00000   45.88000  63.9%     -    0s
     0     0   43.00000    0   13   28.00000   43.00000  53.6%     -    0s
     0     0   43.00000    0   15   28.00000   43.00000  53.6%     -    0s
     0     0   43.00000    0   14   28.00000   43.00000  53.6%     -    0s
     0     0   43.00000    0   19   28.00000   43.00000  53.6%     -    0s
     0     0   43.00000    0    9   28.00000   43.00000  53.6%     -    0s
     0     0   43.00000    0    9   28.00000   43.00000  53.6%     -    0s
     0     2   43.00000    0    9   28.00000   43.00000  53.6%     -    0s

Cutting planes:
  Gomory: 9
  Lift-and-project: 2
  Cover: 3
  MIR: 10
  Inf proof: 35
  Zero half: 10
  Mod-K: 4

Explored 2068 nodes (192636 simplex iterations) in 1.91 seconds (2.68 work units)
Thread count was 16 (of 16 available processors)

Solution count 3: 28 13 10 

Optimal solution found (tolerance 1.00e-04)
Best objective 2.800000000000e+01, best bound 2.800000000000e+01, gap 0.0000%

Wrote result file '/root/bgw/data/results/2026_03_23_16_03_37_set_exp_3_exp_3_n027_c001_g003_max.sol'

