[2026-03-23T13:52:34.130Z] Pipeline "set_exp_2_exp_2_n032_c008_g002" → 2026_03_23_13_52_33_set_exp_2_exp_2_n032_c008_g002_max.sol
Set parameter WLSAccessID
Set parameter WLSSecret
Set parameter LicenseID to value 2792458
Set parameter LogFile to value "gurobi.log"
Using license file /root/gurobi.lic
Academic license 2792458 - for non-commercial use only - registered to an___@studenti.unipg.it

Gurobi Optimizer version 13.0.1 build v13.0.1rc0 (linux64 - "Ubuntu 24.04.4 LTS")
Copyright (c) 2026, Gurobi Optimization, LLC

Warning: Duplicate section found (read 'binary') - Is a variable name equal to an LP file format keyword?
Warning: Duplicate section found (read 'binary') - Is a variable name equal to an LP file format keyword?
Warning: Duplicate section found (read 'binary') - Is a variable name equal to an LP file format keyword?
Warning: Duplicate section found (read 'binary') - Is a variable name equal to an LP file format keyword?
Warning: Duplicate section found (read 'binary') - Is a variable name equal to an LP file format keyword?
Warning: Duplicate section found (read 'binary') - Is a variable name equal to an LP file format keyword?
Warning: Duplicate section found (read 'binary') - Is a variable name equal to an LP file format keyword?
Warning: Duplicate section found (read 'binary') - Is a variable name equal to an LP file format keyword?
Warning: Duplicate section found (read 'binary') - Is a variable name equal to an LP file format keyword?
Warning: Duplicate section found (read 'binary') - Is a variable name equal to an LP file format keyword?
Warning: Further warnings of this type will be omitted.
Read LP format model from file /root/bgw/data/uploads/2026_03_23_13_52_33_set_exp_2_exp_2_n032_c008_g002_max.lp
Reading time = 0.01 seconds
: 10840 rows, 724 columns, 32576 nonzeros

Using Gurobi shared library /opt/gurobi1301/linux64/lib/libgurobi.so.13.0.1

CPU model: AMD EPYC-Genoa Processor, instruction set [SSE2|AVX|AVX2|AVX512]
Thread count: 16 physical cores, 16 logical processors, using up to 16 threads

Academic license 2792458 - for non-commercial use only - registered to an___@studenti.unipg.it
Optimize a model with 10840 rows, 724 columns and 32576 nonzeros (Max)
Model fingerprint: 0x22c1ac27
Model has 8 linear objective coefficients
Variable types: 40 continuous, 684 integer (684 binary)
Coefficient statistics:
  Matrix range     [1e+00, 3e+01]
  Objective range  [1e+00, 1e+00]
  Bounds range     [1e+00, 1e+00]
  RHS range        [1e+00, 3e+01]

Found heuristic solution: objective 8.0000000
Presolve removed 859 rows and 189 columns
Presolve time: 0.04s
Presolved: 9981 rows, 535 columns, 30436 nonzeros
Variable types: 0 continuous, 535 integer (518 binary)
Found heuristic solution: objective 10.0000000

Root relaxation: objective 3.200000e+01, 1070 iterations, 0.10 seconds (0.13 work units)

    Nodes    |    Current Node    |     Objective Bounds      |     Work
 Expl Unexpl |  Obj  Depth IntInf | Incumbent    BestBd   Gap | It/Node Time

     0     0   32.00000    0   61   10.00000   32.00000   220%     -    0s
H    0     0                      19.0000000   32.00000  68.4%     -    0s
H    0     0                      21.0000000   32.00000  52.4%     -    0s
H    0     0                      22.0000000   32.00000  45.5%     -    0s
H    0     0                      23.0000000   32.00000  39.1%     -    0s
H    0     0                      24.0000000   32.00000  33.3%     -    0s
     0     0   32.00000    0   66   24.00000   32.00000  33.3%     -    0s
     0     0   32.00000    0   66   24.00000   32.00000  33.3%     -    0s
     0     0   32.00000    0   69   24.00000   32.00000  33.3%     -    0s
     0     0   32.00000    0   49   24.00000   32.00000  33.3%     -    0s
     0     0   32.00000    0   74   24.00000   32.00000  33.3%     -    0s
     0     0   32.00000    0   50   24.00000   32.00000  33.3%     -    0s
     0     0   32.00000    0   54   24.00000   32.00000  33.3%     -    0s
     0     0   32.00000    0   59   24.00000   32.00000  33.3%     -    0s
     0     0   32.00000    0   53   24.00000   32.00000  33.3%     -    0s
     0     0   32.00000    0   56   24.00000   32.00000  33.3%     -    0s
     0     0   32.00000    0   51   24.00000   32.00000  33.3%     -    1s
     0     0   32.00000    0   59   24.00000   32.00000  33.3%     -    1s
     0     0   32.00000    0   55   24.00000   32.00000  33.3%     -    1s
     0     0   32.00000    0   52   24.00000   32.00000  33.3%     -    1s
     0     0   32.00000    0   48   24.00000   32.00000  33.3%     -    1s
     0     0   32.00000    0   48   24.00000   32.00000  33.3%     -    1s
     0     0   32.00000    0   48   24.00000   32.00000  33.3%     -    1s
     0     2   32.00000    0   48   24.00000   32.00000  33.3%     -    1s
   536   376   28.94444   17   57   24.00000   32.00000  33.3%   308    5s
  2071   892   27.99444   13   65   24.00000   31.00000  29.2%   295   10s
  3205  1232   27.90316   13  216   24.00000   30.75934  28.2%   323   15s
  4207  1584   27.00000   24  114   24.00000   30.74374  28.1%   338   20s
  5452  1540 infeasible   22        24.00000   30.74374  28.1%   323   25s
  7240  1360   26.98387   23   85   24.00000   29.94737  24.8%   321   30s
  8957  1284 infeasible   26        24.00000   29.00000  20.8%   324   35s
 10793  1356   27.00000   26   71   24.00000   28.45054  18.5%   333   40s
 12667  1397 infeasible   26        24.00000   28.00000  16.7%   338   45s
 14041  1173   25.92500   26   63   24.00000   27.93333  16.4%   339   50s
 15742   914 infeasible   25        24.00000   27.00000  12.5%   347   55s
 18023     0     cutoff   32        24.00000   26.00000  8.33%   349   60s

Cutting planes:
  Cover: 2
  Inf proof: 13

Explored 18343 nodes (6353613 simplex iterations) in 60.28 seconds (125.17 work units)
Thread count was 16 (of 16 available processors)

Solution count 10: 24 24 24 ... 8

Optimal solution found (tolerance 1.00e-04)
Best objective 2.400000000000e+01, best bound 2.400000000000e+01, gap 0.0000%

Wrote result file '/root/bgw/data/results/2026_03_23_13_52_33_set_exp_2_exp_2_n032_c008_g002_max.sol'

