[2026-03-24T00:33:55.380Z] Pipeline "set_set_set_s006_g010" → 2026_03_24_00_33_55_set_set_set_s006_g010_max.sol
Set parameter WLSAccessID
Set parameter WLSSecret
Set parameter LicenseID to value 2792458
Set parameter LogFile to value "gurobi.log"
Using license file /root/gurobi.lic
Academic license 2792458 - for non-commercial use only - registered to an___@studenti.unipg.it

Gurobi Optimizer version 13.0.1 build v13.0.1rc0 (linux64 - "Ubuntu 24.04.4 LTS")
Copyright (c) 2026, Gurobi Optimization, LLC

Warning: Duplicate section found (read 'binary') - Is a variable name equal to an LP file format keyword?
Warning: Duplicate section found (read 'binary') - Is a variable name equal to an LP file format keyword?
Warning: Duplicate section found (read 'binary') - Is a variable name equal to an LP file format keyword?
Warning: Duplicate section found (read 'binary') - Is a variable name equal to an LP file format keyword?
Warning: Duplicate section found (read 'binary') - Is a variable name equal to an LP file format keyword?
Warning: Duplicate section found (read 'binary') - Is a variable name equal to an LP file format keyword?
Warning: Duplicate section found (read 'binary') - Is a variable name equal to an LP file format keyword?
Warning: Duplicate section found (read 'binary') - Is a variable name equal to an LP file format keyword?
Warning: Duplicate section found (read 'binary') - Is a variable name equal to an LP file format keyword?
Warning: Duplicate section found (read 'binary') - Is a variable name equal to an LP file format keyword?
Warning: Further warnings of this type will be omitted.
Read LP format model from file /root/bgw/data/uploads/2026_03_24_00_33_55_set_set_set_s006_g010_max.lp
Reading time = 0.00 seconds
: 630 rows, 126 columns, 1721 nonzeros

Using Gurobi shared library /opt/gurobi1301/linux64/lib/libgurobi.so.13.0.1

CPU model: AMD EPYC-Genoa Processor, instruction set [SSE2|AVX|AVX2|AVX512]
Thread count: 16 physical cores, 16 logical processors, using up to 16 threads

Academic license 2792458 - for non-commercial use only - registered to an___@studenti.unipg.it
Optimize a model with 630 rows, 126 columns and 1721 nonzeros (Max)
Model fingerprint: 0x434b2f6c
Model has 13 linear objective coefficients
Variable types: 24 continuous, 102 integer (102 binary)
Coefficient statistics:
  Matrix range     [1e+00, 1e+01]
  Objective range  [1e+00, 1e+00]
  Bounds range     [1e+00, 1e+00]
  RHS range        [1e+00, 1e+01]

Found heuristic solution: objective 13.0000000
Presolve removed 254 rows and 43 columns
Presolve time: 0.00s
Presolved: 376 rows, 83 columns, 1208 nonzeros
Variable types: 0 continuous, 83 integer (73 binary)
Found heuristic solution: objective 23.0000000

Root relaxation: objective 5.800000e+01, 122 iterations, 0.00 seconds (0.00 work units)

    Nodes    |    Current Node    |     Objective Bounds      |     Work
 Expl Unexpl |  Obj  Depth IntInf | Incumbent    BestBd   Gap | It/Node Time

     0     0   58.00000    0   50   23.00000   58.00000   152%     -    0s
H    0     0                      25.0000000   58.00000   132%     -    0s
H    0     0                      26.0000000   58.00000   123%     -    0s
H    0     0                      29.0000000   58.00000   100%     -    0s
     0     0   58.00000    0   55   29.00000   58.00000   100%     -    0s
     0     0   58.00000    0   53   29.00000   58.00000   100%     -    0s
     0     0   58.00000    0   52   29.00000   58.00000   100%     -    0s
H    0     0                      30.0000000   58.00000  93.3%     -    0s
     0     0   58.00000    0   50   30.00000   58.00000  93.3%     -    0s
     0     0   58.00000    0   50   30.00000   58.00000  93.3%     -    0s
H    0     0                      31.0000000   58.00000  87.1%     -    0s
     0     0   58.00000    0   48   31.00000   58.00000  87.1%     -    0s
     0     0   58.00000    0   48   31.00000   58.00000  87.1%     -    0s
H    0     0                      32.0000000   58.00000  81.2%     -    0s
     0     0   58.00000    0   53   32.00000   58.00000  81.2%     -    0s
     0     0   58.00000    0   51   32.00000   58.00000  81.2%     -    0s
     0     0   58.00000    0   50   32.00000   58.00000  81.2%     -    0s
     0     0   58.00000    0   50   32.00000   58.00000  81.2%     -    0s
     0     0   58.00000    0   50   32.00000   58.00000  81.2%     -    0s
     0     0   58.00000    0   50   32.00000   58.00000  81.2%     -    0s
     0     2   58.00000    0   50   32.00000   58.00000  81.2%     -    0s
H  387   322                      34.0000000   58.00000  70.6%  25.8    0s

Cutting planes:
  Gomory: 1
  Cover: 1
  Inf proof: 8

Explored 10953 nodes (196074 simplex iterations) in 1.06 seconds (1.16 work units)
Thread count was 16 (of 16 available processors)

Solution count 9: 34 32 31 ... 13

Optimal solution found (tolerance 1.00e-04)
Best objective 3.400000000000e+01, best bound 3.400000000000e+01, gap 0.0000%

Wrote result file '/root/bgw/data/results/2026_03_24_00_33_55_set_set_set_s006_g010_max.sol'

