[2026-03-23T16:00:47.714Z] Pipeline "set_exp_3_exp_3_n022_c005_g001" → 2026_03_23_16_00_47_set_exp_3_exp_3_n022_c005_g001_max.sol
Set parameter WLSAccessID
Set parameter WLSSecret
Set parameter LicenseID to value 2792458
Set parameter LogFile to value "gurobi.log"
Using license file /root/gurobi.lic
Academic license 2792458 - for non-commercial use only - registered to an___@studenti.unipg.it

Gurobi Optimizer version 13.0.1 build v13.0.1rc0 (linux64 - "Ubuntu 24.04.4 LTS")
Copyright (c) 2026, Gurobi Optimization, LLC

Warning: Duplicate section found (read 'binary') - Is a variable name equal to an LP file format keyword?
Warning: Duplicate section found (read 'binary') - Is a variable name equal to an LP file format keyword?
Warning: Duplicate section found (read 'binary') - Is a variable name equal to an LP file format keyword?
Warning: Duplicate section found (read 'binary') - Is a variable name equal to an LP file format keyword?
Warning: Duplicate section found (read 'binary') - Is a variable name equal to an LP file format keyword?
Warning: Duplicate section found (read 'binary') - Is a variable name equal to an LP file format keyword?
Warning: Duplicate section found (read 'binary') - Is a variable name equal to an LP file format keyword?
Warning: Duplicate section found (read 'binary') - Is a variable name equal to an LP file format keyword?
Warning: Duplicate section found (read 'binary') - Is a variable name equal to an LP file format keyword?
Warning: Duplicate section found (read 'binary') - Is a variable name equal to an LP file format keyword?
Warning: Further warnings of this type will be omitted.
Read LP format model from file /root/bgw/data/uploads/2026_03_23_16_00_47_set_exp_3_exp_3_n022_c005_g001_max.lp
Reading time = 0.01 seconds
: 3447 rows, 332 columns, 10424 nonzeros

Using Gurobi shared library /opt/gurobi1301/linux64/lib/libgurobi.so.13.0.1

CPU model: AMD EPYC-Genoa Processor, instruction set [SSE2|AVX|AVX2|AVX512]
Thread count: 16 physical cores, 16 logical processors, using up to 16 threads

Academic license 2792458 - for non-commercial use only - registered to an___@studenti.unipg.it
Optimize a model with 3447 rows, 332 columns and 10424 nonzeros (Max)
Model fingerprint: 0xfd991874
Model has 5 linear objective coefficients
Variable types: 27 continuous, 305 integer (305 binary)
Coefficient statistics:
  Matrix range     [1e+00, 2e+01]
  Objective range  [1e+00, 1e+00]
  Bounds range     [1e+00, 1e+00]
  RHS range        [1e+00, 2e+01]

Found heuristic solution: objective 5.0000000
Presolve removed 327 rows and 75 columns
Presolve time: 0.02s
Presolved: 3120 rows, 257 columns, 9588 nonzeros
Variable types: 0 continuous, 257 integer (245 binary)
Found heuristic solution: objective 6.0000000

Root relaxation: objective 2.000000e+01, 207 iterations, 0.01 seconds (0.01 work units)

    Nodes    |    Current Node    |     Objective Bounds      |     Work
 Expl Unexpl |  Obj  Depth IntInf | Incumbent    BestBd   Gap | It/Node Time

     0     0   20.00000    0   32    6.00000   20.00000   233%     -    0s
H    0     0                      14.0000000   20.00000  42.9%     -    0s
H    0     0                      15.0000000   20.00000  33.3%     -    0s
     0     0   20.00000    0   39   15.00000   20.00000  33.3%     -    0s
     0     0   20.00000    0   39   15.00000   20.00000  33.3%     -    0s
     0     0   20.00000    0   38   15.00000   20.00000  33.3%     -    0s
     0     0   20.00000    0   25   15.00000   20.00000  33.3%     -    0s
     0     0   20.00000    0   16   15.00000   20.00000  33.3%     -    0s
     0     0   20.00000    0   16   15.00000   20.00000  33.3%     -    0s
     0     0   20.00000    0   29   15.00000   20.00000  33.3%     -    0s
     0     0   20.00000    0   29   15.00000   20.00000  33.3%     -    0s
     0     0   20.00000    0   29   15.00000   20.00000  33.3%     -    0s
     0     0   20.00000    0   26   15.00000   20.00000  33.3%     -    0s
     0     0   20.00000    0   26   15.00000   20.00000  33.3%     -    0s
     0     0   20.00000    0   26   15.00000   20.00000  33.3%     -    0s
     0     0   20.00000    0   25   15.00000   20.00000  33.3%     -    0s
     0     0   20.00000    0   26   15.00000   20.00000  33.3%     -    0s
     0     0   20.00000    0   26   15.00000   20.00000  33.3%     -    0s
     0     0   20.00000    0   29   15.00000   20.00000  33.3%     -    0s
     0     0   20.00000    0   19   15.00000   20.00000  33.3%     -    0s
     0     0   20.00000    0   19   15.00000   20.00000  33.3%     -    0s
     0     0   20.00000    0   19   15.00000   20.00000  33.3%     -    0s
     0     2   20.00000    0   19   15.00000   20.00000  33.3%     -    0s

Cutting planes:
  Cover: 3
  Inf proof: 15

Explored 821 nodes (52873 simplex iterations) in 0.88 seconds (0.92 work units)
Thread count was 16 (of 16 available processors)

Solution count 4: 15 14 6 5 

Optimal solution found (tolerance 1.00e-04)
Best objective 1.500000000000e+01, best bound 1.500000000000e+01, gap 0.0000%

Wrote result file '/root/bgw/data/results/2026_03_23_16_00_47_set_exp_3_exp_3_n022_c005_g001_max.sol'

