[2026-03-23T15:59:58.790Z] Pipeline "set_exp_3_exp_3_n020_c005_g001" → 2026_03_23_15_59_58_set_exp_3_exp_3_n020_c005_g001_max.sol
Set parameter WLSAccessID
Set parameter WLSSecret
Set parameter LicenseID to value 2792458
Set parameter LogFile to value "gurobi.log"
Using license file /root/gurobi.lic
Academic license 2792458 - for non-commercial use only - registered to an___@studenti.unipg.it

Gurobi Optimizer version 13.0.1 build v13.0.1rc0 (linux64 - "Ubuntu 24.04.4 LTS")
Copyright (c) 2026, Gurobi Optimization, LLC

Warning: Duplicate section found (read 'binary') - Is a variable name equal to an LP file format keyword?
Warning: Duplicate section found (read 'binary') - Is a variable name equal to an LP file format keyword?
Warning: Duplicate section found (read 'binary') - Is a variable name equal to an LP file format keyword?
Warning: Duplicate section found (read 'binary') - Is a variable name equal to an LP file format keyword?
Warning: Duplicate section found (read 'binary') - Is a variable name equal to an LP file format keyword?
Warning: Duplicate section found (read 'binary') - Is a variable name equal to an LP file format keyword?
Warning: Duplicate section found (read 'binary') - Is a variable name equal to an LP file format keyword?
Warning: Duplicate section found (read 'binary') - Is a variable name equal to an LP file format keyword?
Warning: Duplicate section found (read 'binary') - Is a variable name equal to an LP file format keyword?
Warning: Duplicate section found (read 'binary') - Is a variable name equal to an LP file format keyword?
Warning: Further warnings of this type will be omitted.
Read LP format model from file /root/bgw/data/uploads/2026_03_23_15_59_58_set_exp_3_exp_3_n020_c005_g001_max.lp
Reading time = 0.01 seconds
: 2665 rows, 288 columns, 7980 nonzeros

Using Gurobi shared library /opt/gurobi1301/linux64/lib/libgurobi.so.13.0.1

CPU model: AMD EPYC-Genoa Processor, instruction set [SSE2|AVX|AVX2|AVX512]
Thread count: 16 physical cores, 16 logical processors, using up to 16 threads

Academic license 2792458 - for non-commercial use only - registered to an___@studenti.unipg.it
Optimize a model with 2665 rows, 288 columns and 7980 nonzeros (Max)
Model fingerprint: 0x8c40c138
Model has 5 linear objective coefficients
Variable types: 25 continuous, 263 integer (263 binary)
Coefficient statistics:
  Matrix range     [1e+00, 2e+01]
  Objective range  [1e+00, 1e+00]
  Bounds range     [1e+00, 1e+00]
  RHS range        [1e+00, 2e+01]

Found heuristic solution: objective 5.0000000
Presolve removed 349 rows and 75 columns
Presolve time: 0.02s
Presolved: 2316 rows, 213 columns, 7118 nonzeros
Variable types: 0 continuous, 213 integer (203 binary)
Found heuristic solution: objective 6.0000000

Root relaxation: objective 2.000000e+01, 194 iterations, 0.01 seconds (0.01 work units)

    Nodes    |    Current Node    |     Objective Bounds      |     Work
 Expl Unexpl |  Obj  Depth IntInf | Incumbent    BestBd   Gap | It/Node Time

     0     0   20.00000    0   33    6.00000   20.00000   233%     -    0s
H    0     0                      13.0000000   20.00000  53.8%     -    0s
H    0     0                      14.0000000   20.00000  42.9%     -    0s
     0     0   20.00000    0   31   14.00000   20.00000  42.9%     -    0s
     0     0   20.00000    0   24   14.00000   20.00000  42.9%     -    0s
     0     0   20.00000    0   24   14.00000   20.00000  42.9%     -    0s
     0     0   20.00000    0   27   14.00000   20.00000  42.9%     -    0s
     0     0   20.00000    0   29   14.00000   20.00000  42.9%     -    0s
     0     0   20.00000    0   25   14.00000   20.00000  42.9%     -    0s
     0     0   20.00000    0   24   14.00000   20.00000  42.9%     -    0s
     0     0   20.00000    0   24   14.00000   20.00000  42.9%     -    0s
     0     0   20.00000    0   29   14.00000   20.00000  42.9%     -    0s
     0     0   20.00000    0   24   14.00000   20.00000  42.9%     -    0s
     0     0   20.00000    0   24   14.00000   20.00000  42.9%     -    0s
     0     0   20.00000    0   24   14.00000   20.00000  42.9%     -    0s
     0     0   20.00000    0   23   14.00000   20.00000  42.9%     -    0s
     0     0   20.00000    0   23   14.00000   20.00000  42.9%     -    0s
     0     0   20.00000    0   23   14.00000   20.00000  42.9%     -    0s
     0     0   20.00000    0   23   14.00000   20.00000  42.9%     -    0s
     0     2   20.00000    0   23   14.00000   20.00000  42.9%     -    0s

Cutting planes:
  Cover: 8
  MIR: 5
  StrongCG: 1
  Inf proof: 24
  Mod-K: 4

Explored 1917 nodes (102860 simplex iterations) in 0.93 seconds (1.03 work units)
Thread count was 16 (of 16 available processors)

Solution count 4: 14 13 6 5 

Optimal solution found (tolerance 1.00e-04)
Best objective 1.400000000000e+01, best bound 1.400000000000e+01, gap 0.0000%

Wrote result file '/root/bgw/data/results/2026_03_23_15_59_58_set_exp_3_exp_3_n020_c005_g001_max.sol'

