[2026-03-24T00:36:41.637Z] Pipeline "set_set_set_s010_g009" → 2026_03_24_00_36_41_set_set_set_s010_g009_max.sol
Set parameter WLSAccessID
Set parameter WLSSecret
Set parameter LicenseID to value 2792458
Set parameter LogFile to value "gurobi.log"
Using license file /root/gurobi.lic
Academic license 2792458 - for non-commercial use only - registered to an___@studenti.unipg.it

Gurobi Optimizer version 13.0.1 build v13.0.1rc0 (linux64 - "Ubuntu 24.04.4 LTS")
Copyright (c) 2026, Gurobi Optimization, LLC

Warning: Duplicate section found (read 'binary') - Is a variable name equal to an LP file format keyword?
Warning: Duplicate section found (read 'binary') - Is a variable name equal to an LP file format keyword?
Warning: Duplicate section found (read 'binary') - Is a variable name equal to an LP file format keyword?
Warning: Duplicate section found (read 'binary') - Is a variable name equal to an LP file format keyword?
Warning: Duplicate section found (read 'binary') - Is a variable name equal to an LP file format keyword?
Warning: Duplicate section found (read 'binary') - Is a variable name equal to an LP file format keyword?
Warning: Duplicate section found (read 'binary') - Is a variable name equal to an LP file format keyword?
Warning: Duplicate section found (read 'binary') - Is a variable name equal to an LP file format keyword?
Warning: Duplicate section found (read 'binary') - Is a variable name equal to an LP file format keyword?
Warning: Duplicate section found (read 'binary') - Is a variable name equal to an LP file format keyword?
Warning: Further warnings of this type will be omitted.
Read LP format model from file /root/bgw/data/uploads/2026_03_24_00_36_41_set_set_set_s010_g009_max.lp
Reading time = 0.00 seconds
: 1274 rows, 190 columns, 3696 nonzeros

Using Gurobi shared library /opt/gurobi1301/linux64/lib/libgurobi.so.13.0.1

CPU model: AMD EPYC-Genoa Processor, instruction set [SSE2|AVX|AVX2|AVX512]
Thread count: 16 physical cores, 16 logical processors, using up to 16 threads

Academic license 2792458 - for non-commercial use only - registered to an___@studenti.unipg.it
Optimize a model with 1274 rows, 190 columns and 3696 nonzeros (Max)
Model fingerprint: 0xd58fcc7e
Model has 17 linear objective coefficients
Variable types: 32 continuous, 158 integer (158 binary)
Coefficient statistics:
  Matrix range     [1e+00, 2e+01]
  Objective range  [1e+00, 1e+00]
  Bounds range     [1e+00, 1e+00]
  RHS range        [1e+00, 2e+01]

Found heuristic solution: objective 17.0000000
Presolve removed 314 rows and 55 columns
Presolve time: 0.01s
Presolved: 960 rows, 135 columns, 3000 nonzeros
Variable types: 0 continuous, 135 integer (125 binary)
Found heuristic solution: objective 20.0000000

Root relaxation: objective 7.700000e+01, 145 iterations, 0.01 seconds (0.00 work units)

    Nodes    |    Current Node    |     Objective Bounds      |     Work
 Expl Unexpl |  Obj  Depth IntInf | Incumbent    BestBd   Gap | It/Node Time

     0     0   77.00000    0   51   20.00000   77.00000   285%     -    0s
H    0     0                      27.0000000   77.00000   185%     -    0s
H    0     0                      29.0000000   77.00000   166%     -    0s
H    0     0                      30.0000000   77.00000   157%     -    0s
H    0     0                      31.0000000   77.00000   148%     -    0s
H    0     0                      34.0000000   77.00000   126%     -    0s
H    0     0                      36.0000000   77.00000   114%     -    0s
     0     0   77.00000    0   50   36.00000   77.00000   114%     -    0s
H    0     0                      38.0000000   77.00000   103%     -    0s
     0     0   77.00000    0   50   38.00000   77.00000   103%     -    0s
     0     0   77.00000    0   50   38.00000   77.00000   103%     -    0s
H    0     0                      40.0000000   77.00000  92.5%     -    0s
     0     0   77.00000    0   40   40.00000   77.00000  92.5%     -    0s
     0     0   77.00000    0   40   40.00000   77.00000  92.5%     -    0s
     0     0   77.00000    0   50   40.00000   77.00000  92.5%     -    0s
     0     0   77.00000    0   50   40.00000   77.00000  92.5%     -    0s
     0     0   77.00000    0   50   40.00000   77.00000  92.5%     -    0s
     0     0   77.00000    0   46   40.00000   77.00000  92.5%     -    0s
     0     0   77.00000    0   50   40.00000   77.00000  92.5%     -    0s
     0     0   77.00000    0   50   40.00000   77.00000  92.5%     -    0s
     0     0   76.00000    0   44   40.00000   76.00000  90.0%     -    0s
     0     0   76.00000    0   44   40.00000   76.00000  90.0%     -    0s
     0     0   75.61538    0   44   40.00000   75.61538  89.0%     -    0s
     0     0   75.61538    0   41   40.00000   75.61538  89.0%     -    0s
     0     2   75.61538    0   40   40.00000   75.61538  89.0%     -    0s
H   15    28                      42.0000000   75.61538  80.0%  61.2    0s
H  866   483                      43.0000000   75.61538  75.8%  42.1    0s

Cutting planes:
  Inf proof: 3

Explored 44284 nodes (1458984 simplex iterations) in 4.85 seconds (6.64 work units)
Thread count was 16 (of 16 available processors)

Solution count 10: 43 43 43 ... 31

Optimal solution found (tolerance 1.00e-04)
Best objective 4.300000000000e+01, best bound 4.300000000000e+01, gap 0.0000%

Wrote result file '/root/bgw/data/results/2026_03_24_00_36_41_set_set_set_s010_g009_max.sol'

