[2026-03-23T16:03:51.886Z] Pipeline "set_exp_3_exp_3_n027_c003_g004" → 2026_03_23_16_03_51_set_exp_3_exp_3_n027_c003_g004_max.sol
Set parameter WLSAccessID
Set parameter WLSSecret
Set parameter LicenseID to value 2792458
Set parameter LogFile to value "gurobi.log"
Using license file /root/gurobi.lic
Academic license 2792458 - for non-commercial use only - registered to an___@studenti.unipg.it

Gurobi Optimizer version 13.0.1 build v13.0.1rc0 (linux64 - "Ubuntu 24.04.4 LTS")
Copyright (c) 2026, Gurobi Optimization, LLC

Warning: Duplicate section found (read 'binary') - Is a variable name equal to an LP file format keyword?
Warning: Duplicate section found (read 'binary') - Is a variable name equal to an LP file format keyword?
Warning: Duplicate section found (read 'binary') - Is a variable name equal to an LP file format keyword?
Warning: Duplicate section found (read 'binary') - Is a variable name equal to an LP file format keyword?
Warning: Duplicate section found (read 'binary') - Is a variable name equal to an LP file format keyword?
Warning: Duplicate section found (read 'binary') - Is a variable name equal to an LP file format keyword?
Warning: Duplicate section found (read 'binary') - Is a variable name equal to an LP file format keyword?
Warning: Duplicate section found (read 'binary') - Is a variable name equal to an LP file format keyword?
Warning: Duplicate section found (read 'binary') - Is a variable name equal to an LP file format keyword?
Warning: Duplicate section found (read 'binary') - Is a variable name equal to an LP file format keyword?
Warning: Further warnings of this type will be omitted.
Read LP format model from file /root/bgw/data/uploads/2026_03_23_16_03_51_set_exp_3_exp_3_n027_c003_g004_max.lp
Reading time = 0.01 seconds
: 6692 rows, 531 columns, 19915 nonzeros

Using Gurobi shared library /opt/gurobi1301/linux64/lib/libgurobi.so.13.0.1

CPU model: AMD EPYC-Genoa Processor, instruction set [SSE2|AVX|AVX2|AVX512]
Thread count: 16 physical cores, 16 logical processors, using up to 16 threads

Academic license 2792458 - for non-commercial use only - registered to an___@studenti.unipg.it
Optimize a model with 6692 rows, 531 columns and 19915 nonzeros (Max)
Model fingerprint: 0x317b6bcf
Model has 3 linear objective coefficients
Variable types: 30 continuous, 501 integer (501 binary)
Coefficient statistics:
  Matrix range     [1e+00, 3e+01]
  Objective range  [1e+00, 1e+00]
  Bounds range     [1e+00, 1e+00]
  RHS range        [1e+00, 3e+01]

Found heuristic solution: objective 3.0000000
Presolve removed 815 rows and 162 columns
Presolve time: 0.02s
Presolved: 5877 rows, 369 columns, 17847 nonzeros
Variable types: 0 continuous, 369 integer (360 binary)

Root relaxation: objective 1.200000e+01, 130 iterations, 0.01 seconds (0.01 work units)

    Nodes    |    Current Node    |     Objective Bounds      |     Work
 Expl Unexpl |  Obj  Depth IntInf | Incumbent    BestBd   Gap | It/Node Time

     0     0   12.00000    0   15    3.00000   12.00000   300%     -    0s
H    0     0                       9.0000000   12.00000  33.3%     -    0s
     0     0   12.00000    0   16    9.00000   12.00000  33.3%     -    0s
     0     0   12.00000    0   18    9.00000   12.00000  33.3%     -    0s
     0     0   12.00000    0   18    9.00000   12.00000  33.3%     -    0s
     0     0   12.00000    0   25    9.00000   12.00000  33.3%     -    0s
     0     0   12.00000    0   14    9.00000   12.00000  33.3%     -    0s
     0     0   12.00000    0   18    9.00000   12.00000  33.3%     -    0s
     0     0   12.00000    0   18    9.00000   12.00000  33.3%     -    0s
     0     0   11.00000    0   18    9.00000   11.00000  22.2%     -    0s
     0     0   11.00000    0   16    9.00000   11.00000  22.2%     -    0s
     0     0   11.00000    0   18    9.00000   11.00000  22.2%     -    0s
     0     0   11.00000    0   16    9.00000   11.00000  22.2%     -    0s
     0     0   11.00000    0   15    9.00000   11.00000  22.2%     -    0s
     0     0   11.00000    0   15    9.00000   11.00000  22.2%     -    0s
     0     0   11.00000    0   15    9.00000   11.00000  22.2%     -    0s
     0     2   11.00000    0   15    9.00000   11.00000  22.2%     -    0s

Cutting planes:
  Gomory: 2
  Cover: 7
  MIR: 8
  Inf proof: 12
  Zero half: 9

Explored 280 nodes (19289 simplex iterations) in 0.59 seconds (0.54 work units)
Thread count was 16 (of 16 available processors)

Solution count 2: 9 3 

Optimal solution found (tolerance 1.00e-04)
Best objective 9.000000000000e+00, best bound 9.000000000000e+00, gap 0.0000%

Wrote result file '/root/bgw/data/results/2026_03_23_16_03_51_set_exp_3_exp_3_n027_c003_g004_max.sol'

