[2026-03-23T13:59:11.085Z] Pipeline "set_exp_2_exp_2_n035_c002_g001" → 2026_03_23_13_59_10_set_exp_2_exp_2_n035_c002_g001_max.sol
Set parameter WLSAccessID
Set parameter WLSSecret
Set parameter LicenseID to value 2792458
Set parameter LogFile to value "gurobi.log"
Using license file /root/gurobi.lic
Academic license 2792458 - for non-commercial use only - registered to an___@studenti.unipg.it

Gurobi Optimizer version 13.0.1 build v13.0.1rc0 (linux64 - "Ubuntu 24.04.4 LTS")
Copyright (c) 2026, Gurobi Optimization, LLC

Warning: Duplicate section found (read 'binary') - Is a variable name equal to an LP file format keyword?
Warning: Duplicate section found (read 'binary') - Is a variable name equal to an LP file format keyword?
Warning: Duplicate section found (read 'binary') - Is a variable name equal to an LP file format keyword?
Warning: Duplicate section found (read 'binary') - Is a variable name equal to an LP file format keyword?
Warning: Duplicate section found (read 'binary') - Is a variable name equal to an LP file format keyword?
Warning: Duplicate section found (read 'binary') - Is a variable name equal to an LP file format keyword?
Warning: Duplicate section found (read 'binary') - Is a variable name equal to an LP file format keyword?
Warning: Duplicate section found (read 'binary') - Is a variable name equal to an LP file format keyword?
Warning: Duplicate section found (read 'binary') - Is a variable name equal to an LP file format keyword?
Warning: Duplicate section found (read 'binary') - Is a variable name equal to an LP file format keyword?
Warning: Further warnings of this type will be omitted.
Read LP format model from file /root/bgw/data/uploads/2026_03_23_13_59_10_set_exp_2_exp_2_n035_c002_g001_max.lp
Reading time = 0.01 seconds
: 14419 rows, 896 columns, 43098 nonzeros

Using Gurobi shared library /opt/gurobi1301/linux64/lib/libgurobi.so.13.0.1

CPU model: AMD EPYC-Genoa Processor, instruction set [SSE2|AVX|AVX2|AVX512]
Thread count: 16 physical cores, 16 logical processors, using up to 16 threads

Academic license 2792458 - for non-commercial use only - registered to an___@studenti.unipg.it
Optimize a model with 14419 rows, 896 columns and 43098 nonzeros (Max)
Model fingerprint: 0x2b2b3fc3
Model has 6 linear objective coefficients
Variable types: 41 continuous, 855 integer (855 binary)
Coefficient statistics:
  Matrix range     [1e+00, 4e+01]
  Objective range  [1e+00, 1e+00]
  Bounds range     [1e+00, 1e+00]
  RHS range        [1e+00, 4e+01]

Found heuristic solution: objective 6.0000000
Presolve removed 1308 rows and 288 columns
Presolve time: 0.05s
Presolved: 13111 rows, 608 columns, 39493 nonzeros
Variable types: 0 continuous, 608 integer (603 binary)

Root relaxation: objective 2.700000e+01, 252 iterations, 0.02 seconds (0.03 work units)

    Nodes    |    Current Node    |     Objective Bounds      |     Work
 Expl Unexpl |  Obj  Depth IntInf | Incumbent    BestBd   Gap | It/Node Time

     0     0   27.00000    0   14    6.00000   27.00000   350%     -    0s
H    0     0                      16.0000000   27.00000  68.8%     -    0s
H    0     0                      17.0000000   27.00000  58.8%     -    0s
     0     0   27.00000    0   15   17.00000   27.00000  58.8%     -    0s
     0     0   27.00000    0   20   17.00000   27.00000  58.8%     -    0s
     0     0   27.00000    0    9   17.00000   27.00000  58.8%     -    0s
     0     0   24.00000    0   13   17.00000   24.00000  41.2%     -    0s
     0     0   24.00000    0   13   17.00000   24.00000  41.2%     -    0s
     0     0   24.00000    0   13   17.00000   24.00000  41.2%     -    0s
     0     0   24.00000    0   12   17.00000   24.00000  41.2%     -    0s
     0     0   24.00000    0    8   17.00000   24.00000  41.2%     -    0s
     0     0   24.00000    0   13   17.00000   24.00000  41.2%     -    0s
     0     0   24.00000    0   17   17.00000   24.00000  41.2%     -    0s
     0     0   24.00000    0   12   17.00000   24.00000  41.2%     -    0s
     0     0   24.00000    0   13   17.00000   24.00000  41.2%     -    0s
     0     0   24.00000    0    8   17.00000   24.00000  41.2%     -    0s
     0     0   24.00000    0   13   17.00000   24.00000  41.2%     -    0s
     0     0   24.00000    0   14   17.00000   24.00000  41.2%     -    0s
     0     0   24.00000    0   14   17.00000   24.00000  41.2%     -    0s
     0     0   24.00000    0   14   17.00000   24.00000  41.2%     -    0s
     0     0   24.00000    0   14   17.00000   24.00000  41.2%     -    0s
     0     0   24.00000    0   14   17.00000   24.00000  41.2%     -    0s
     0     0   24.00000    0   14   17.00000   24.00000  41.2%     -    0s
     0     0   24.00000    0   14   17.00000   24.00000  41.2%     -    0s
     0     2   24.00000    0   14   17.00000   24.00000  41.2%     -    0s

Cutting planes:
  Cover: 1
  MIR: 11
  Inf proof: 4
  Zero half: 3

Explored 345 nodes (35302 simplex iterations) in 1.20 seconds (1.88 work units)
Thread count was 16 (of 16 available processors)

Solution count 3: 17 16 6 

Optimal solution found (tolerance 1.00e-04)
Best objective 1.700000000000e+01, best bound 1.700000000000e+01, gap 0.0000%

Wrote result file '/root/bgw/data/results/2026_03_23_13_59_10_set_exp_2_exp_2_n035_c002_g001_max.sol'

