[2026-03-24T13:36:37.894Z] Pipeline "set_vm-3-t1_vm-3-t1_s000_g002" → 2026_03_24_13_36_37_set_vm-3-t1_vm-3-t1_s000_g002_max.sol
Set parameter Username
Set parameter LicenseID to value 2796068
Set parameter LogFile to value "gurobi.log"
Using license file /opt/gurobi/gurobi.lic
Academic license - for non-commercial use only - expires 2027-03-23

Gurobi Optimizer version 13.0.1 build v13.0.1rc0 (linux64 - "Ubuntu 24.04.4 LTS")
Copyright (c) 2026, Gurobi Optimization, LLC

Warning: Duplicate section found (read 'binary') - Is a variable name equal to an LP file format keyword?
Warning: Duplicate section found (read 'binary') - Is a variable name equal to an LP file format keyword?
Warning: Duplicate section found (read 'binary') - Is a variable name equal to an LP file format keyword?
Warning: Duplicate section found (read 'binary') - Is a variable name equal to an LP file format keyword?
Warning: Duplicate section found (read 'binary') - Is a variable name equal to an LP file format keyword?
Warning: Duplicate section found (read 'binary') - Is a variable name equal to an LP file format keyword?
Warning: Duplicate section found (read 'binary') - Is a variable name equal to an LP file format keyword?
Warning: Duplicate section found (read 'binary') - Is a variable name equal to an LP file format keyword?
Warning: Duplicate section found (read 'binary') - Is a variable name equal to an LP file format keyword?
Warning: Duplicate section found (read 'binary') - Is a variable name equal to an LP file format keyword?
Warning: Further warnings of this type will be omitted.
Read LP format model from file /root/bgw/data/uploads/2026_03_24_13_36_37_set_vm-3-t1_vm-3-t1_s000_g002_max.lp
Reading time = 0.00 seconds
: 618 rows, 128 columns, 1664 nonzeros

Using Gurobi shared library /opt/gurobi1301/linux64/lib/libgurobi.so.13.0.1

CPU model: AMD EPYC-Genoa Processor, instruction set [SSE2|AVX|AVX2|AVX512]
Thread count: 16 physical cores, 16 logical processors, using up to 16 threads

Optimize a model with 618 rows, 128 columns and 1664 nonzeros (Max)
Model fingerprint: 0x3cfc9d14
Model has 32 linear objective coefficients
Variable types: 42 continuous, 86 integer (86 binary)
Coefficient statistics:
  Matrix range     [1e+00, 1e+01]
  Objective range  [1e+00, 1e+00]
  Bounds range     [1e+00, 1e+00]
  RHS range        [1e+00, 1e+01]

Found heuristic solution: objective 32.0000000
Presolve removed 329 rows and 54 columns
Presolve time: 0.00s
Presolved: 289 rows, 74 columns, 930 nonzeros
Variable types: 0 continuous, 74 integer (65 binary)
Found heuristic solution: objective 67.0000000

Root relaxation: objective 1.720000e+02, 84 iterations, 0.00 seconds (0.00 work units)

    Nodes    |    Current Node    |     Objective Bounds      |     Work
 Expl Unexpl |  Obj  Depth IntInf | Incumbent    BestBd   Gap | It/Node Time

     0     0  172.00000    0   42   67.00000  172.00000   157%     -    0s
H    0     0                      70.0000000  172.00000   146%     -    0s
H    0     0                      78.0000000  172.00000   121%     -    0s
     0     0  172.00000    0   43   78.00000  172.00000   121%     -    0s
     0     0  172.00000    0   43   78.00000  172.00000   121%     -    0s
H    0     0                      85.0000000  172.00000   102%     -    0s
     0     0  172.00000    0   42   85.00000  172.00000   102%     -    0s
     0     0  172.00000    0   34   85.00000  172.00000   102%     -    0s
     0     0  172.00000    0   35   85.00000  172.00000   102%     -    0s
     0     0  171.62500    0   45   85.00000  171.62500   102%     -    0s
     0     0  171.62500    0   31   85.00000  171.62500   102%     -    0s
     0     0  169.00000    0   44   85.00000  169.00000  98.8%     -    0s
     0     0  169.00000    0   41   85.00000  169.00000  98.8%     -    0s
     0     0  169.00000    0   41   85.00000  169.00000  98.8%     -    0s
     0     0  169.00000    0   41   85.00000  169.00000  98.8%     -    0s
     0     0  169.00000    0   40   85.00000  169.00000  98.8%     -    0s
     0     0  169.00000    0   40   85.00000  169.00000  98.8%     -    0s
     0     0  169.00000    0   40   85.00000  169.00000  98.8%     -    0s
     0     0  169.00000    0   40   85.00000  169.00000  98.8%     -    0s
     0     2  169.00000    0   40   85.00000  169.00000  98.8%     -    0s

Explored 27427 nodes (234505 simplex iterations) in 0.94 seconds (0.97 work units)
Thread count was 16 (of 16 available processors)

Solution count 5: 85 78 70 ... 32

Optimal solution found (tolerance 1.00e-04)
Best objective 8.500000000000e+01, best bound 8.500000000000e+01, gap 0.0000%

Wrote result file '/root/bgw/data/results/2026_03_24_13_36_37_set_vm-3-t1_vm-3-t1_s000_g002_max.sol'

