[2026-03-24T14:04:12.199Z] Pipeline "set_vm-4-t1_vm-4-t1_s012_g002" → 2026_03_24_14_04_12_set_vm-4-t1_vm-4-t1_s012_g002_max.sol
Set parameter Username
Set parameter LicenseID to value 2797659
Set parameter LogFile to value "gurobi.log"
Using license file /opt/gurobi/gurobi.lic
Academic license - for non-commercial use only - expires 2027-03-24

Gurobi Optimizer version 13.0.1 build v13.0.1rc0 (linux64 - "Ubuntu 24.04.4 LTS")
Copyright (c) 2026, Gurobi Optimization, LLC

Warning: Duplicate section found (read 'binary') - Is a variable name equal to an LP file format keyword?
Warning: Duplicate section found (read 'binary') - Is a variable name equal to an LP file format keyword?
Warning: Duplicate section found (read 'binary') - Is a variable name equal to an LP file format keyword?
Warning: Duplicate section found (read 'binary') - Is a variable name equal to an LP file format keyword?
Warning: Duplicate section found (read 'binary') - Is a variable name equal to an LP file format keyword?
Warning: Duplicate section found (read 'binary') - Is a variable name equal to an LP file format keyword?
Warning: Duplicate section found (read 'binary') - Is a variable name equal to an LP file format keyword?
Warning: Duplicate section found (read 'binary') - Is a variable name equal to an LP file format keyword?
Warning: Duplicate section found (read 'binary') - Is a variable name equal to an LP file format keyword?
Warning: Duplicate section found (read 'binary') - Is a variable name equal to an LP file format keyword?
Warning: Further warnings of this type will be omitted.
Read LP format model from file /root/bgw/data/uploads/2026_03_24_14_04_12_set_vm-4-t1_vm-4-t1_s012_g002_max.lp
Reading time = 0.02 seconds
: 23275 rows, 969 columns, 71203 nonzeros

Using Gurobi shared library /opt/gurobi1301/linux64/lib/libgurobi.so.13.0.1

CPU model: AMD EPYC-Genoa Processor, instruction set [SSE2|AVX|AVX2|AVX512]
Thread count: 16 physical cores, 16 logical processors, using up to 16 threads

Optimize a model with 23275 rows, 969 columns and 71203 nonzeros (Max)
Model fingerprint: 0xc5229496
Model has 5 linear objective coefficients
Variable types: 47 continuous, 922 integer (922 binary)
Coefficient statistics:
  Matrix range     [1e+00, 4e+01]
  Objective range  [1e+00, 1e+00]
  Bounds range     [1e+00, 1e+00]
  RHS range        [1e+00, 4e+01]

Found heuristic solution: objective 5.0000000
Presolve removed 299 rows and 98 columns
Presolve time: 0.07s
Presolved: 22976 rows, 871 columns, 69084 nonzeros
Variable types: 0 continuous, 871 integer (867 binary)
Root relaxation presolved: 11496 rows, 12351 columns, 46124 nonzeros


Root relaxation: objective 2.300000e+01, 241 iterations, 0.05 seconds (0.07 work units)

    Nodes    |    Current Node    |     Objective Bounds      |     Work
 Expl Unexpl |  Obj  Depth IntInf | Incumbent    BestBd   Gap | It/Node Time

     0     0   23.00000    0    5    5.00000   23.00000   360%     -    0s
H    0     0                      14.0000000   23.00000  64.3%     -    0s
     0     0   23.00000    0    9   14.00000   23.00000  64.3%     -    0s
     0     0   23.00000    0    9   14.00000   23.00000  64.3%     -    0s
     0     0   23.00000    0   10   14.00000   23.00000  64.3%     -    0s
     0     0   23.00000    0    9   14.00000   23.00000  64.3%     -    0s
     0     0   22.92500    0    4   14.00000   22.92500  63.8%     -    0s
     0     0   20.00000    0   17   14.00000   20.00000  42.9%     -    0s
     0     0   20.00000    0   15   14.00000   20.00000  42.9%     -    0s
     0     0   20.00000    0    6   14.00000   20.00000  42.9%     -    0s
     0     0   20.00000    0    4   14.00000   20.00000  42.9%     -    0s
     0     0   20.00000    0    7   14.00000   20.00000  42.9%     -    0s
     0     0   20.00000    0    4   14.00000   20.00000  42.9%     -    0s
     0     0   20.00000    0    4   14.00000   20.00000  42.9%     -    0s
     0     2   20.00000    0    4   14.00000   20.00000  42.9%     -    0s

Cutting planes:
  Gomory: 2
  MIR: 3
  Zero half: 3
  Mod-K: 1

Explored 44 nodes (10208 simplex iterations) in 0.98 seconds (1.49 work units)
Thread count was 16 (of 16 available processors)

Solution count 2: 14 5 

Optimal solution found (tolerance 1.00e-04)
Best objective 1.400000000000e+01, best bound 1.400000000000e+01, gap 0.0000%

Wrote result file '/root/bgw/data/results/2026_03_24_14_04_12_set_vm-4-t1_vm-4-t1_s012_g002_max.sol'

