[2026-03-23T13:59:40.585Z] Pipeline "set_exp_2_exp_2_n035_c004_g002" → 2026_03_23_13_59_40_set_exp_2_exp_2_n035_c004_g002_max.sol
Set parameter WLSAccessID
Set parameter WLSSecret
Set parameter LicenseID to value 2792458
Set parameter LogFile to value "gurobi.log"
Using license file /root/gurobi.lic
Academic license 2792458 - for non-commercial use only - registered to an___@studenti.unipg.it

Gurobi Optimizer version 13.0.1 build v13.0.1rc0 (linux64 - "Ubuntu 24.04.4 LTS")
Copyright (c) 2026, Gurobi Optimization, LLC

Warning: Duplicate section found (read 'binary') - Is a variable name equal to an LP file format keyword?
Warning: Duplicate section found (read 'binary') - Is a variable name equal to an LP file format keyword?
Warning: Duplicate section found (read 'binary') - Is a variable name equal to an LP file format keyword?
Warning: Duplicate section found (read 'binary') - Is a variable name equal to an LP file format keyword?
Warning: Duplicate section found (read 'binary') - Is a variable name equal to an LP file format keyword?
Warning: Duplicate section found (read 'binary') - Is a variable name equal to an LP file format keyword?
Warning: Duplicate section found (read 'binary') - Is a variable name equal to an LP file format keyword?
Warning: Duplicate section found (read 'binary') - Is a variable name equal to an LP file format keyword?
Warning: Duplicate section found (read 'binary') - Is a variable name equal to an LP file format keyword?
Warning: Duplicate section found (read 'binary') - Is a variable name equal to an LP file format keyword?
Warning: Further warnings of this type will be omitted.
Read LP format model from file /root/bgw/data/uploads/2026_03_23_13_59_40_set_exp_2_exp_2_n035_c004_g002_max.lp
Reading time = 0.01 seconds
: 14977 rows, 941 columns, 44218 nonzeros

Using Gurobi shared library /opt/gurobi1301/linux64/lib/libgurobi.so.13.0.1

CPU model: AMD EPYC-Genoa Processor, instruction set [SSE2|AVX|AVX2|AVX512]
Thread count: 16 physical cores, 16 logical processors, using up to 16 threads

Academic license 2792458 - for non-commercial use only - registered to an___@studenti.unipg.it
Optimize a model with 14977 rows, 941 columns and 44218 nonzeros (Max)
Model fingerprint: 0xea7c991a
Model has 8 linear objective coefficients
Variable types: 43 continuous, 898 integer (898 binary)
Coefficient statistics:
  Matrix range     [1e+00, 4e+01]
  Objective range  [1e+00, 1e+00]
  Bounds range     [1e+00, 1e+00]
  RHS range        [1e+00, 4e+01]

Found heuristic solution: objective 8.0000000
Presolve removed 1852 rows and 324 columns
Presolve time: 0.05s
Presolved: 13125 rows, 617 columns, 39663 nonzeros
Variable types: 0 continuous, 617 integer (608 binary)

Root relaxation: objective 3.500000e+01, 384 iterations, 0.03 seconds (0.04 work units)

    Nodes    |    Current Node    |     Objective Bounds      |     Work
 Expl Unexpl |  Obj  Depth IntInf | Incumbent    BestBd   Gap | It/Node Time

     0     0   35.00000    0   23    8.00000   35.00000   338%     -    0s
H    0     0                      18.0000000   35.00000  94.4%     -    0s
H    0     0                      21.0000000   35.00000  66.7%     -    0s
H    0     0                      22.0000000   35.00000  59.1%     -    0s
H    0     0                      23.0000000   35.00000  52.2%     -    0s
     0     0   35.00000    0   26   23.00000   35.00000  52.2%     -    0s
     0     0   35.00000    0   26   23.00000   35.00000  52.2%     -    0s
     0     0   35.00000    0   27   23.00000   35.00000  52.2%     -    0s
     0     0   35.00000    0   23   23.00000   35.00000  52.2%     -    0s
     0     0   35.00000    0   22   23.00000   35.00000  52.2%     -    0s
     0     0   35.00000    0   22   23.00000   35.00000  52.2%     -    0s
     0     0   35.00000    0   22   23.00000   35.00000  52.2%     -    0s
     0     0   35.00000    0   21   23.00000   35.00000  52.2%     -    0s
     0     0   35.00000    0   21   23.00000   35.00000  52.2%     -    0s
     0     0   35.00000    0   23   23.00000   35.00000  52.2%     -    0s
     0     0   35.00000    0   22   23.00000   35.00000  52.2%     -    0s
     0     0   35.00000    0   22   23.00000   35.00000  52.2%     -    0s
     0     0   35.00000    0   22   23.00000   35.00000  52.2%     -    0s
     0     0   35.00000    0   25   23.00000   35.00000  52.2%     -    0s
     0     0   35.00000    0   24   23.00000   35.00000  52.2%     -    0s
     0     0   35.00000    0   24   23.00000   35.00000  52.2%     -    0s
     0     0   35.00000    0   24   23.00000   35.00000  52.2%     -    0s
     0     2   35.00000    0   22   23.00000   35.00000  52.2%     -    0s
  1538    31   27.73232   15   44   23.00000   27.92208  21.4%   235    5s

Cutting planes:
  Gomory: 1
  Cover: 11
  MIR: 5
  Inf proof: 19

Explored 1695 nodes (390338 simplex iterations) in 5.29 seconds (10.58 work units)
Thread count was 16 (of 16 available processors)

Solution count 5: 23 22 21 ... 8

Optimal solution found (tolerance 1.00e-04)
Best objective 2.300000000000e+01, best bound 2.300000000000e+01, gap 0.0000%

Wrote result file '/root/bgw/data/results/2026_03_23_13_59_40_set_exp_2_exp_2_n035_c004_g002_max.sol'

